[0.017s] Invoking command in '/home/parallels/CLionProjects/Homeworks/robotics_v1/build/urscript_common': AMENT_PREFIX_PATH=/home/parallels/CLionProjects/Homeworks/robotics_v1/install/urscript_interfaces:${AMENT_PREFIX_PATH} CMAKE_PREFIX_PATH=/home/parallels/CLionProjects/Homeworks/robotics_v1/install/utils:/home/parallels/CLionProjects/Homeworks/robotics_v1/install/urscript_interfaces:/home/parallels/CLionProjects/Homeworks/robotics_v1/install/cmake_helpers:/opt/ros/foxy LD_LIBRARY_PATH=/home/parallels/CLionProjects/Homeworks/robotics_v1/install/urscript_interfaces/lib:${LD_LIBRARY_PATH} PKG_CONFIG_PATH=/home/parallels/CLionProjects/Homeworks/robotics_v1/install/utils/lib/aarch64-linux-gnu/pkgconfig:/home/parallels/CLionProjects/Homeworks/robotics_v1/install/utils/lib/pkgconfig:/home/parallels/CLionProjects/Homeworks/robotics_v1/install/cmake_helpers/lib/aarch64-linux-gnu/pkgconfig:/home/parallels/CLionProjects/Homeworks/robotics_v1/install/cmake_helpers/lib/pkgconfig PYTHONPATH=/home/parallels/CLionProjects/Homeworks/robotics_v1/install/urscript_interfaces/lib/python3.8/site-packages:${PYTHONPATH} /usr/bin/cmake /home/parallels/CLionProjects/Homeworks/robotics_v1/src/ur_dev/urscript/urscript_common -DCMAKE_EXPORT_COMPILE_COMMANDS=ON -DCMAKE_INSTALL_PREFIX=/home/parallels/CLionProjects/Homeworks/robotics_v1/install/urscript_common
[0.028s] -- Found cmake_helpers: 1.0.0 (/home/parallels/CLionProjects/Homeworks/robotics_v1/install/cmake_helpers/share/cmake_helpers/cmake)
[0.030s] -- Found urscript_interfaces: 1.0.0 (/home/parallels/CLionProjects/Homeworks/robotics_v1/install/urscript_interfaces/share/urscript_interfaces/cmake)
[0.045s] -- Using PYTHON_EXECUTABLE: /usr/bin/python3
[0.138s] -- Override CMake install command with custom implementation using symlinks instead of copying resources
[0.167s] -- Using all available rosidl_typesupport_c: rosidl_typesupport_fastrtps_c;rosidl_typesupport_introspection_c
[0.167s] -- Found rosidl_adapter: 1.2.1 (/opt/ros/foxy/share/rosidl_adapter/cmake)
[0.261s] -- Using all available rosidl_typesupport_cpp: rosidl_typesupport_fastrtps_cpp;rosidl_typesupport_introspection_cpp
[0.316s] -- Configuring done
[0.321s] -- Generating done
[0.322s] -- Build files have been written to: /home/parallels/CLionProjects/Homeworks/robotics_v1/build/urscript_common
[0.327s] Invoked command in '/home/parallels/CLionProjects/Homeworks/robotics_v1/build/urscript_common' returned '0': AMENT_PREFIX_PATH=/home/parallels/CLionProjects/Homeworks/robotics_v1/install/urscript_interfaces:${AMENT_PREFIX_PATH} CMAKE_PREFIX_PATH=/home/parallels/CLionProjects/Homeworks/robotics_v1/install/utils:/home/parallels/CLionProjects/Homeworks/robotics_v1/install/urscript_interfaces:/home/parallels/CLionProjects/Homeworks/robotics_v1/install/cmake_helpers:/opt/ros/foxy LD_LIBRARY_PATH=/home/parallels/CLionProjects/Homeworks/robotics_v1/install/urscript_interfaces/lib:${LD_LIBRARY_PATH} PKG_CONFIG_PATH=/home/parallels/CLionProjects/Homeworks/robotics_v1/install/utils/lib/aarch64-linux-gnu/pkgconfig:/home/parallels/CLionProjects/Homeworks/robotics_v1/install/utils/lib/pkgconfig:/home/parallels/CLionProjects/Homeworks/robotics_v1/install/cmake_helpers/lib/aarch64-linux-gnu/pkgconfig:/home/parallels/CLionProjects/Homeworks/robotics_v1/install/cmake_helpers/lib/pkgconfig PYTHONPATH=/home/parallels/CLionProjects/Homeworks/robotics_v1/install/urscript_interfaces/lib/python3.8/site-packages:${PYTHONPATH} /usr/bin/cmake /home/parallels/CLionProjects/Homeworks/robotics_v1/src/ur_dev/urscript/urscript_common -DCMAKE_EXPORT_COMPILE_COMMANDS=ON -DCMAKE_INSTALL_PREFIX=/home/parallels/CLionProjects/Homeworks/robotics_v1/install/urscript_common
[0.328s] Invoking command in '/home/parallels/CLionProjects/Homeworks/robotics_v1/build/urscript_common': AMENT_PREFIX_PATH=/home/parallels/CLionProjects/Homeworks/robotics_v1/install/urscript_interfaces:${AMENT_PREFIX_PATH} CMAKE_PREFIX_PATH=/home/parallels/CLionProjects/Homeworks/robotics_v1/install/utils:/home/parallels/CLionProjects/Homeworks/robotics_v1/install/urscript_interfaces:/home/parallels/CLionProjects/Homeworks/robotics_v1/install/cmake_helpers:/opt/ros/foxy LD_LIBRARY_PATH=/home/parallels/CLionProjects/Homeworks/robotics_v1/install/urscript_interfaces/lib:${LD_LIBRARY_PATH} PKG_CONFIG_PATH=/home/parallels/CLionProjects/Homeworks/robotics_v1/install/utils/lib/aarch64-linux-gnu/pkgconfig:/home/parallels/CLionProjects/Homeworks/robotics_v1/install/utils/lib/pkgconfig:/home/parallels/CLionProjects/Homeworks/robotics_v1/install/cmake_helpers/lib/aarch64-linux-gnu/pkgconfig:/home/parallels/CLionProjects/Homeworks/robotics_v1/install/cmake_helpers/lib/pkgconfig PYTHONPATH=/home/parallels/CLionProjects/Homeworks/robotics_v1/install/urscript_interfaces/lib/python3.8/site-packages:${PYTHONPATH} /usr/bin/cmake --build /home/parallels/CLionProjects/Homeworks/robotics_v1/build/urscript_common -- -j4 -l4
[0.373s] [100%] Built target urscript_common
[0.392s] Invoked command in '/home/parallels/CLionProjects/Homeworks/robotics_v1/build/urscript_common' returned '0': AMENT_PREFIX_PATH=/home/parallels/CLionProjects/Homeworks/robotics_v1/install/urscript_interfaces:${AMENT_PREFIX_PATH} CMAKE_PREFIX_PATH=/home/parallels/CLionProjects/Homeworks/robotics_v1/install/utils:/home/parallels/CLionProjects/Homeworks/robotics_v1/install/urscript_interfaces:/home/parallels/CLionProjects/Homeworks/robotics_v1/install/cmake_helpers:/opt/ros/foxy LD_LIBRARY_PATH=/home/parallels/CLionProjects/Homeworks/robotics_v1/install/urscript_interfaces/lib:${LD_LIBRARY_PATH} PKG_CONFIG_PATH=/home/parallels/CLionProjects/Homeworks/robotics_v1/install/utils/lib/aarch64-linux-gnu/pkgconfig:/home/parallels/CLionProjects/Homeworks/robotics_v1/install/utils/lib/pkgconfig:/home/parallels/CLionProjects/Homeworks/robotics_v1/install/cmake_helpers/lib/aarch64-linux-gnu/pkgconfig:/home/parallels/CLionProjects/Homeworks/robotics_v1/install/cmake_helpers/lib/pkgconfig PYTHONPATH=/home/parallels/CLionProjects/Homeworks/robotics_v1/install/urscript_interfaces/lib/python3.8/site-packages:${PYTHONPATH} /usr/bin/cmake --build /home/parallels/CLionProjects/Homeworks/robotics_v1/build/urscript_common -- -j4 -l4
[0.426s] Invoking command in '/home/parallels/CLionProjects/Homeworks/robotics_v1/build/urscript_common': AMENT_PREFIX_PATH=/home/parallels/CLionProjects/Homeworks/robotics_v1/install/urscript_interfaces:${AMENT_PREFIX_PATH} CMAKE_PREFIX_PATH=/home/parallels/CLionProjects/Homeworks/robotics_v1/install/utils:/home/parallels/CLionProjects/Homeworks/robotics_v1/install/urscript_interfaces:/home/parallels/CLionProjects/Homeworks/robotics_v1/install/cmake_helpers:/opt/ros/foxy LD_LIBRARY_PATH=/home/parallels/CLionProjects/Homeworks/robotics_v1/install/urscript_interfaces/lib:${LD_LIBRARY_PATH} PKG_CONFIG_PATH=/home/parallels/CLionProjects/Homeworks/robotics_v1/install/utils/lib/aarch64-linux-gnu/pkgconfig:/home/parallels/CLionProjects/Homeworks/robotics_v1/install/utils/lib/pkgconfig:/home/parallels/CLionProjects/Homeworks/robotics_v1/install/cmake_helpers/lib/aarch64-linux-gnu/pkgconfig:/home/parallels/CLionProjects/Homeworks/robotics_v1/install/cmake_helpers/lib/pkgconfig PYTHONPATH=/home/parallels/CLionProjects/Homeworks/robotics_v1/install/urscript_interfaces/lib/python3.8/site-packages:${PYTHONPATH} /usr/bin/cmake --install /home/parallels/CLionProjects/Homeworks/robotics_v1/build/urscript_common
[0.433s] -- Install configuration: "RelWithDebInfo"
[0.434s] -- Execute custom install script
[0.434s] -- Up-to-date symlink: /home/parallels/CLionProjects/Homeworks/robotics_v1/install/urscript_common/share/urscript_common/package.xml
[0.434s] -- Up-to-date symlink: /home/parallels/CLionProjects/Homeworks/robotics_v1/install/urscript_common/lib/urscript_common/liburscript_common.a
[0.434s] -- Symlinking: /home/parallels/CLionProjects/Homeworks/robotics_v1/install/urscript_common/share/ament_index/resource_index/packages/urscript_common
[0.443s] -- Up-to-date symlink: /home/parallels/CLionProjects/Homeworks/robotics_v1/install/urscript_common/share/urscript_common/hook/ament_prefix_path.dsv
[0.444s] -- Up-to-date symlink: /home/parallels/CLionProjects/Homeworks/robotics_v1/install/urscript_common/share/urscript_common/hook/ros_package_path.dsv
[0.444s] -- Up-to-date symlink: /home/parallels/CLionProjects/Homeworks/robotics_v1/install/urscript_common/share/ament_index/resource_index/package_run_dependencies/urscript_common
[0.445s] -- Up-to-date symlink: /home/parallels/CLionProjects/Homeworks/robotics_v1/install/urscript_common/share/ament_index/resource_index/parent_prefix_path/urscript_common
[0.447s] -- Up-to-date symlink: /home/parallels/CLionProjects/Homeworks/robotics_v1/install/urscript_common/share/urscript_common/environment/ament_prefix_path.sh
[0.448s] -- Up-to-date symlink: /home/parallels/CLionProjects/Homeworks/robotics_v1/install/urscript_common/share/urscript_common/environment/ament_prefix_path.dsv
[0.448s] -- Up-to-date symlink: /home/parallels/CLionProjects/Homeworks/robotics_v1/install/urscript_common/share/urscript_common/environment/path.sh
[0.448s] -- Up-to-date symlink: /home/parallels/CLionProjects/Homeworks/robotics_v1/install/urscript_common/share/urscript_common/environment/path.dsv
[0.448s] -- Up-to-date symlink: /home/parallels/CLionProjects/Homeworks/robotics_v1/install/urscript_common/share/urscript_common/local_setup.bash
[0.448s] -- Up-to-date symlink: /home/parallels/CLionProjects/Homeworks/robotics_v1/install/urscript_common/share/urscript_common/local_setup.sh
[0.448s] -- Up-to-date symlink: /home/parallels/CLionProjects/Homeworks/robotics_v1/install/urscript_common/share/urscript_common/local_setup.zsh
[0.448s] -- Up-to-date symlink: /home/parallels/CLionProjects/Homeworks/robotics_v1/install/urscript_common/share/urscript_common/local_setup.dsv
[0.448s] -- Symlinking: /home/parallels/CLionProjects/Homeworks/robotics_v1/install/urscript_common/share/urscript_common/package.dsv
[0.464s] -- Symlinking: /home/parallels/CLionProjects/Homeworks/robotics_v1/install/urscript_common/share/ament_index/resource_index/packages/urscript_common
[0.472s] -- Up-to-date symlink: /home/parallels/CLionProjects/Homeworks/robotics_v1/install/urscript_common/share/urscript_common/cmake/urscript_commonConfig.cmake
[0.472s] -- Up-to-date symlink: /home/parallels/CLionProjects/Homeworks/robotics_v1/install/urscript_common/share/urscript_common/cmake/urscript_commonConfig-version.cmake
[0.472s] -- Up-to-date symlink: /home/parallels/CLionProjects/Homeworks/robotics_v1/install/urscript_common/share/urscript_common/package.xml
[0.472s] -- Up-to-date symlink: /home/parallels/CLionProjects/Homeworks/robotics_v1/install/urscript_common/include/urscript_common/defines/UrScriptTopics.h
[0.472s] -- Up-to-date symlink: /home/parallels/CLionProjects/Homeworks/robotics_v1/install/urscript_common/include/urscript_common/message_helpers/UrScriptMessageHelpers.h
[0.472s] -- Up-to-date symlink: /home/parallels/CLionProjects/Homeworks/robotics_v1/install/urscript_common/lib/cmake/urscript_common/urscript_commonConfig.cmake
[0.472s] -- Up-to-date: /home/parallels/CLionProjects/Homeworks/robotics_v1/install/urscript_common/lib/liburscript_common.a
[0.473s] -- Up-to-date: /home/parallels/CLionProjects/Homeworks/robotics_v1/install/urscript_common/lib/cmake/urscript_common/urscript_commonTargets.cmake
[0.473s] -- Installing: /home/parallels/CLionProjects/Homeworks/robotics_v1/install/urscript_common/lib/cmake/urscript_common/urscript_commonTargets-relwithdebinfo.cmake
[0.476s] Invoked command in '/home/parallels/CLionProjects/Homeworks/robotics_v1/build/urscript_common' returned '0': AMENT_PREFIX_PATH=/home/parallels/CLionProjects/Homeworks/robotics_v1/install/urscript_interfaces:${AMENT_PREFIX_PATH} CMAKE_PREFIX_PATH=/home/parallels/CLionProjects/Homeworks/robotics_v1/install/utils:/home/parallels/CLionProjects/Homeworks/robotics_v1/install/urscript_interfaces:/home/parallels/CLionProjects/Homeworks/robotics_v1/install/cmake_helpers:/opt/ros/foxy LD_LIBRARY_PATH=/home/parallels/CLionProjects/Homeworks/robotics_v1/install/urscript_interfaces/lib:${LD_LIBRARY_PATH} PKG_CONFIG_PATH=/home/parallels/CLionProjects/Homeworks/robotics_v1/install/utils/lib/aarch64-linux-gnu/pkgconfig:/home/parallels/CLionProjects/Homeworks/robotics_v1/install/utils/lib/pkgconfig:/home/parallels/CLionProjects/Homeworks/robotics_v1/install/cmake_helpers/lib/aarch64-linux-gnu/pkgconfig:/home/parallels/CLionProjects/Homeworks/robotics_v1/install/cmake_helpers/lib/pkgconfig PYTHONPATH=/home/parallels/CLionProjects/Homeworks/robotics_v1/install/urscript_interfaces/lib/python3.8/site-packages:${PYTHONPATH} /usr/bin/cmake --install /home/parallels/CLionProjects/Homeworks/robotics_v1/build/urscript_common
