[0.023s] Invoking command in '/home/parallels/CLionProjects/Homeworks/robotics_v1/build/ur_dashboard_msgs': CMAKE_PREFIX_PATH=${CMAKE_PREFIX_PATH}:/opt/ros/foxy /usr/bin/cmake /home/parallels/CLionProjects/Homeworks/robotics_v1/src/ur_driver/Universal_Robots_ROS2_Driver/ur_dashboard_msgs -DCMAKE_BUILD_TYPE=RelWithDebInfo -DAMENT_CMAKE_SYMLINK_INSTALL=1 -DCMAKE_INSTALL_PREFIX=/home/parallels/CLionProjects/Homeworks/robotics_v1/install/ur_dashboard_msgs
[0.037s] -- Found ament_cmake: 0.9.9 (/opt/ros/foxy/share/ament_cmake/cmake)
[0.052s] -- Found PythonInterp: /usr/bin/python3 (found suitable version "3.8.10", minimum required is "3") 
[0.052s] -- Using PYTHON_EXECUTABLE: /usr/bin/python3
[0.150s] -- Override CMake install command with custom implementation using symlinks instead of copying resources
[0.164s] -- Found rosidl_default_generators: 1.0.1 (/opt/ros/foxy/share/rosidl_default_generators/cmake)
[0.174s] -- Using all available rosidl_typesupport_c: rosidl_typesupport_fastrtps_c;rosidl_typesupport_introspection_c
[0.174s] -- Found rosidl_adapter: 1.2.1 (/opt/ros/foxy/share/rosidl_adapter/cmake)
[0.295s] -- Using all available rosidl_typesupport_cpp: rosidl_typesupport_fastrtps_cpp;rosidl_typesupport_introspection_cpp
[0.319s] -- Found action_msgs: 1.0.0 (/opt/ros/foxy/share/action_msgs/cmake)
[0.377s] -- Found PythonInterp: /usr/bin/python3 (found version "3.8.10") 
[0.600s] -- Found ament_cmake_ros: 0.9.2 (/opt/ros/foxy/share/ament_cmake_ros/cmake)
[0.783s] -- Using all available rosidl_typesupport_c: rosidl_typesupport_fastrtps_c;rosidl_typesupport_introspection_c
[0.808s] -- Using all available rosidl_typesupport_cpp: rosidl_typesupport_fastrtps_cpp;rosidl_typesupport_introspection_cpp
[0.830s] -- Found PythonInterp: /usr/bin/python3 (found suitable version "3.8.10", minimum required is "3.5") 
[0.830s] -- Found python_cmake_module: 0.8.1 (/opt/ros/foxy/share/python_cmake_module/cmake)
[0.849s] -- Using PYTHON_EXECUTABLE: /usr/bin/python3
[0.849s] -- Using PYTHON_INCLUDE_DIRS: /usr/include/python3.8
[0.849s] -- Using PYTHON_LIBRARIES: /usr/lib/aarch64-linux-gnu/libpython3.8.so
[0.905s] -- Configuring done
[0.983s] -- Generating done
[0.988s] -- Build files have been written to: /home/parallels/CLionProjects/Homeworks/robotics_v1/build/ur_dashboard_msgs
[1.004s] Invoked command in '/home/parallels/CLionProjects/Homeworks/robotics_v1/build/ur_dashboard_msgs' returned '0': CMAKE_PREFIX_PATH=${CMAKE_PREFIX_PATH}:/opt/ros/foxy /usr/bin/cmake /home/parallels/CLionProjects/Homeworks/robotics_v1/src/ur_driver/Universal_Robots_ROS2_Driver/ur_dashboard_msgs -DCMAKE_BUILD_TYPE=RelWithDebInfo -DAMENT_CMAKE_SYMLINK_INSTALL=1 -DCMAKE_INSTALL_PREFIX=/home/parallels/CLionProjects/Homeworks/robotics_v1/install/ur_dashboard_msgs
[1.004s] Invoking command in '/home/parallels/CLionProjects/Homeworks/robotics_v1/build/ur_dashboard_msgs': CMAKE_PREFIX_PATH=${CMAKE_PREFIX_PATH}:/opt/ros/foxy /usr/bin/cmake --build /home/parallels/CLionProjects/Homeworks/robotics_v1/build/ur_dashboard_msgs -- -j4 -l4
[1.077s] [  0%] Built target ur_dashboard_msgs__cpp
[1.116s] [ 12%] Built target ur_dashboard_msgs__rosidl_generator_c
[1.139s] [ 24%] Built target ur_dashboard_msgs__rosidl_typesupport_introspection_cpp
[1.145s] [ 36%] Built target ur_dashboard_msgs__rosidl_typesupport_cpp
[1.168s] [ 48%] Built target ur_dashboard_msgs__rosidl_typesupport_fastrtps_cpp
[1.174s] [ 60%] Built target ur_dashboard_msgs__rosidl_typesupport_introspection_c
[1.192s] [ 72%] Built target ur_dashboard_msgs__rosidl_typesupport_c
[1.209s] [ 84%] Built target ur_dashboard_msgs__rosidl_typesupport_fastrtps_c
[1.228s] [ 84%] Built target ur_dashboard_msgs
[1.252s] [ 85%] Built target ur_dashboard_msgs__py
[1.306s] [ 96%] Built target ur_dashboard_msgs__python
[1.354s] [ 97%] Built target ur_dashboard_msgs__rosidl_typesupport_c__pyext
[1.370s] [ 99%] Built target ur_dashboard_msgs__rosidl_typesupport_introspection_c__pyext
[1.385s] [100%] Built target ur_dashboard_msgs__rosidl_typesupport_fastrtps_c__pyext
[1.400s] Invoked command in '/home/parallels/CLionProjects/Homeworks/robotics_v1/build/ur_dashboard_msgs' returned '0': CMAKE_PREFIX_PATH=${CMAKE_PREFIX_PATH}:/opt/ros/foxy /usr/bin/cmake --build /home/parallels/CLionProjects/Homeworks/robotics_v1/build/ur_dashboard_msgs -- -j4 -l4
[2.014s] Invoking command in '/home/parallels/CLionProjects/Homeworks/robotics_v1/build/ur_dashboard_msgs': CMAKE_PREFIX_PATH=${CMAKE_PREFIX_PATH}:/opt/ros/foxy /usr/bin/cmake --install /home/parallels/CLionProjects/Homeworks/robotics_v1/build/ur_dashboard_msgs
[2.028s] -- Install configuration: "RelWithDebInfo"
[2.028s] -- Execute custom install script
[2.028s] -- Up-to-date symlink: /home/parallels/CLionProjects/Homeworks/robotics_v1/install/ur_dashboard_msgs/share/ament_index/resource_index/rosidl_interfaces/ur_dashboard_msgs
[2.028s] -- Up-to-date symlink: /home/parallels/CLionProjects/Homeworks/robotics_v1/install/ur_dashboard_msgs/include/ur_dashboard_msgs/action/detail/set_mode__functions.h
[2.028s] -- Up-to-date symlink: /home/parallels/CLionProjects/Homeworks/robotics_v1/install/ur_dashboard_msgs/include/ur_dashboard_msgs/action/detail/set_mode__struct.h
[2.028s] -- Up-to-date symlink: /home/parallels/CLionProjects/Homeworks/robotics_v1/install/ur_dashboard_msgs/include/ur_dashboard_msgs/action/detail/set_mode__type_support.h
[2.029s] -- Up-to-date symlink: /home/parallels/CLionProjects/Homeworks/robotics_v1/install/ur_dashboard_msgs/include/ur_dashboard_msgs/action/set_mode.h
[2.029s] -- Up-to-date symlink: /home/parallels/CLionProjects/Homeworks/robotics_v1/install/ur_dashboard_msgs/include/ur_dashboard_msgs/msg/detail/program_state__functions.h
[2.029s] -- Up-to-date symlink: /home/parallels/CLionProjects/Homeworks/robotics_v1/install/ur_dashboard_msgs/include/ur_dashboard_msgs/msg/detail/program_state__struct.h
[2.029s] -- Up-to-date symlink: /home/parallels/CLionProjects/Homeworks/robotics_v1/install/ur_dashboard_msgs/include/ur_dashboard_msgs/msg/detail/program_state__type_support.h
[2.029s] -- Up-to-date symlink: /home/parallels/CLionProjects/Homeworks/robotics_v1/install/ur_dashboard_msgs/include/ur_dashboard_msgs/msg/detail/robot_mode__functions.h
[2.029s] -- Up-to-date symlink: /home/parallels/CLionProjects/Homeworks/robotics_v1/install/ur_dashboard_msgs/include/ur_dashboard_msgs/msg/detail/robot_mode__struct.h
[2.029s] -- Up-to-date symlink: /home/parallels/CLionProjects/Homeworks/robotics_v1/install/ur_dashboard_msgs/include/ur_dashboard_msgs/msg/detail/robot_mode__type_support.h
[2.029s] -- Up-to-date symlink: /home/parallels/CLionProjects/Homeworks/robotics_v1/install/ur_dashboard_msgs/include/ur_dashboard_msgs/msg/detail/safety_mode__functions.h
[2.029s] -- Up-to-date symlink: /home/parallels/CLionProjects/Homeworks/robotics_v1/install/ur_dashboard_msgs/include/ur_dashboard_msgs/msg/detail/safety_mode__struct.h
[2.029s] -- Up-to-date symlink: /home/parallels/CLionProjects/Homeworks/robotics_v1/install/ur_dashboard_msgs/include/ur_dashboard_msgs/msg/detail/safety_mode__type_support.h
[2.029s] -- Up-to-date symlink: /home/parallels/CLionProjects/Homeworks/robotics_v1/install/ur_dashboard_msgs/include/ur_dashboard_msgs/msg/program_state.h
[2.029s] -- Up-to-date symlink: /home/parallels/CLionProjects/Homeworks/robotics_v1/install/ur_dashboard_msgs/include/ur_dashboard_msgs/msg/robot_mode.h
[2.029s] -- Up-to-date symlink: /home/parallels/CLionProjects/Homeworks/robotics_v1/install/ur_dashboard_msgs/include/ur_dashboard_msgs/msg/rosidl_generator_c__visibility_control.h
[2.029s] -- Up-to-date symlink: /home/parallels/CLionProjects/Homeworks/robotics_v1/install/ur_dashboard_msgs/include/ur_dashboard_msgs/msg/safety_mode.h
[2.029s] -- Up-to-date symlink: /home/parallels/CLionProjects/Homeworks/robotics_v1/install/ur_dashboard_msgs/include/ur_dashboard_msgs/srv/add_to_log.h
[2.029s] -- Up-to-date symlink: /home/parallels/CLionProjects/Homeworks/robotics_v1/install/ur_dashboard_msgs/include/ur_dashboard_msgs/srv/detail/add_to_log__functions.h
[2.029s] -- Up-to-date symlink: /home/parallels/CLionProjects/Homeworks/robotics_v1/install/ur_dashboard_msgs/include/ur_dashboard_msgs/srv/detail/add_to_log__struct.h
[2.029s] -- Up-to-date symlink: /home/parallels/CLionProjects/Homeworks/robotics_v1/install/ur_dashboard_msgs/include/ur_dashboard_msgs/srv/detail/add_to_log__type_support.h
[2.029s] -- Up-to-date symlink: /home/parallels/CLionProjects/Homeworks/robotics_v1/install/ur_dashboard_msgs/include/ur_dashboard_msgs/srv/detail/get_loaded_program__functions.h
[2.029s] -- Up-to-date symlink: /home/parallels/CLionProjects/Homeworks/robotics_v1/install/ur_dashboard_msgs/include/ur_dashboard_msgs/srv/detail/get_loaded_program__struct.h
[2.029s] -- Up-to-date symlink: /home/parallels/CLionProjects/Homeworks/robotics_v1/install/ur_dashboard_msgs/include/ur_dashboard_msgs/srv/detail/get_loaded_program__type_support.h
[2.029s] -- Up-to-date symlink: /home/parallels/CLionProjects/Homeworks/robotics_v1/install/ur_dashboard_msgs/include/ur_dashboard_msgs/srv/detail/get_program_state__functions.h
[2.029s] -- Up-to-date symlink: /home/parallels/CLionProjects/Homeworks/robotics_v1/install/ur_dashboard_msgs/include/ur_dashboard_msgs/srv/detail/get_program_state__struct.h
[2.029s] -- Up-to-date symlink: /home/parallels/CLionProjects/Homeworks/robotics_v1/install/ur_dashboard_msgs/include/ur_dashboard_msgs/srv/detail/get_program_state__type_support.h
[2.029s] -- Up-to-date symlink: /home/parallels/CLionProjects/Homeworks/robotics_v1/install/ur_dashboard_msgs/include/ur_dashboard_msgs/srv/detail/get_robot_mode__functions.h
[2.029s] -- Up-to-date symlink: /home/parallels/CLionProjects/Homeworks/robotics_v1/install/ur_dashboard_msgs/include/ur_dashboard_msgs/srv/detail/get_robot_mode__struct.h
[2.029s] -- Up-to-date symlink: /home/parallels/CLionProjects/Homeworks/robotics_v1/install/ur_dashboard_msgs/include/ur_dashboard_msgs/srv/detail/get_robot_mode__type_support.h
[2.029s] -- Up-to-date symlink: /home/parallels/CLionProjects/Homeworks/robotics_v1/install/ur_dashboard_msgs/include/ur_dashboard_msgs/srv/detail/get_safety_mode__functions.h
[2.033s] -- Up-to-date symlink: /home/parallels/CLionProjects/Homeworks/robotics_v1/install/ur_dashboard_msgs/include/ur_dashboard_msgs/srv/detail/get_safety_mode__struct.h
[2.033s] -- Up-to-date symlink: /home/parallels/CLionProjects/Homeworks/robotics_v1/install/ur_dashboard_msgs/include/ur_dashboard_msgs/srv/detail/get_safety_mode__type_support.h
[2.033s] -- Up-to-date symlink: /home/parallels/CLionProjects/Homeworks/robotics_v1/install/ur_dashboard_msgs/include/ur_dashboard_msgs/srv/detail/is_program_running__functions.h
[2.033s] -- Up-to-date symlink: /home/parallels/CLionProjects/Homeworks/robotics_v1/install/ur_dashboard_msgs/include/ur_dashboard_msgs/srv/detail/is_program_running__struct.h
[2.033s] -- Up-to-date symlink: /home/parallels/CLionProjects/Homeworks/robotics_v1/install/ur_dashboard_msgs/include/ur_dashboard_msgs/srv/detail/is_program_running__type_support.h
[2.034s] -- Up-to-date symlink: /home/parallels/CLionProjects/Homeworks/robotics_v1/install/ur_dashboard_msgs/include/ur_dashboard_msgs/srv/detail/is_program_saved__functions.h
[2.034s] -- Up-to-date symlink: /home/parallels/CLionProjects/Homeworks/robotics_v1/install/ur_dashboard_msgs/include/ur_dashboard_msgs/srv/detail/is_program_saved__struct.h
[2.034s] -- Up-to-date symlink: /home/parallels/CLionProjects/Homeworks/robotics_v1/install/ur_dashboard_msgs/include/ur_dashboard_msgs/srv/detail/is_program_saved__type_support.h
[2.034s] -- Up-to-date symlink: /home/parallels/CLionProjects/Homeworks/robotics_v1/install/ur_dashboard_msgs/include/ur_dashboard_msgs/srv/detail/load__functions.h
[2.034s] -- Up-to-date symlink: /home/parallels/CLionProjects/Homeworks/robotics_v1/install/ur_dashboard_msgs/include/ur_dashboard_msgs/srv/detail/load__struct.h
[2.034s] -- Up-to-date symlink: /home/parallels/CLionProjects/Homeworks/robotics_v1/install/ur_dashboard_msgs/include/ur_dashboard_msgs/srv/detail/load__type_support.h
[2.035s] -- Up-to-date symlink: /home/parallels/CLionProjects/Homeworks/robotics_v1/install/ur_dashboard_msgs/include/ur_dashboard_msgs/srv/detail/popup__functions.h
[2.035s] -- Up-to-date symlink: /home/parallels/CLionProjects/Homeworks/robotics_v1/install/ur_dashboard_msgs/include/ur_dashboard_msgs/srv/detail/popup__struct.h
[2.035s] -- Up-to-date symlink: /home/parallels/CLionProjects/Homeworks/robotics_v1/install/ur_dashboard_msgs/include/ur_dashboard_msgs/srv/detail/popup__type_support.h
[2.035s] -- Up-to-date symlink: /home/parallels/CLionProjects/Homeworks/robotics_v1/install/ur_dashboard_msgs/include/ur_dashboard_msgs/srv/detail/raw_request__functions.h
[2.035s] -- Up-to-date symlink: /home/parallels/CLionProjects/Homeworks/robotics_v1/install/ur_dashboard_msgs/include/ur_dashboard_msgs/srv/detail/raw_request__struct.h
[2.035s] -- Up-to-date symlink: /home/parallels/CLionProjects/Homeworks/robotics_v1/install/ur_dashboard_msgs/include/ur_dashboard_msgs/srv/detail/raw_request__type_support.h
[2.036s] -- Up-to-date symlink: /home/parallels/CLionProjects/Homeworks/robotics_v1/install/ur_dashboard_msgs/include/ur_dashboard_msgs/srv/get_loaded_program.h
[2.036s] -- Up-to-date symlink: /home/parallels/CLionProjects/Homeworks/robotics_v1/install/ur_dashboard_msgs/include/ur_dashboard_msgs/srv/get_program_state.h
[2.036s] -- Up-to-date symlink: /home/parallels/CLionProjects/Homeworks/robotics_v1/install/ur_dashboard_msgs/include/ur_dashboard_msgs/srv/get_robot_mode.h
[2.036s] -- Up-to-date symlink: /home/parallels/CLionProjects/Homeworks/robotics_v1/install/ur_dashboard_msgs/include/ur_dashboard_msgs/srv/get_safety_mode.h
[2.036s] -- Up-to-date symlink: /home/parallels/CLionProjects/Homeworks/robotics_v1/install/ur_dashboard_msgs/include/ur_dashboard_msgs/srv/is_program_running.h
[2.037s] -- Up-to-date symlink: /home/parallels/CLionProjects/Homeworks/robotics_v1/install/ur_dashboard_msgs/include/ur_dashboard_msgs/srv/is_program_saved.h
[2.037s] -- Up-to-date symlink: /home/parallels/CLionProjects/Homeworks/robotics_v1/install/ur_dashboard_msgs/include/ur_dashboard_msgs/srv/load.h
[2.037s] -- Up-to-date symlink: /home/parallels/CLionProjects/Homeworks/robotics_v1/install/ur_dashboard_msgs/include/ur_dashboard_msgs/srv/popup.h
[2.037s] -- Up-to-date symlink: /home/parallels/CLionProjects/Homeworks/robotics_v1/install/ur_dashboard_msgs/include/ur_dashboard_msgs/srv/raw_request.h
[2.037s] -- Up-to-date symlink: /home/parallels/CLionProjects/Homeworks/robotics_v1/install/ur_dashboard_msgs/share/ur_dashboard_msgs/environment/library_path.sh
[2.037s] -- Up-to-date symlink: /home/parallels/CLionProjects/Homeworks/robotics_v1/install/ur_dashboard_msgs/share/ur_dashboard_msgs/environment/library_path.dsv
[2.038s] -- Up-to-date symlink: /home/parallels/CLionProjects/Homeworks/robotics_v1/install/ur_dashboard_msgs/include/ur_dashboard_msgs/action/detail/set_mode__rosidl_typesupport_fastrtps_c.h
[2.038s] -- Up-to-date symlink: /home/parallels/CLionProjects/Homeworks/robotics_v1/install/ur_dashboard_msgs/include/ur_dashboard_msgs/msg/detail/program_state__rosidl_typesupport_fastrtps_c.h
[2.038s] -- Up-to-date symlink: /home/parallels/CLionProjects/Homeworks/robotics_v1/install/ur_dashboard_msgs/include/ur_dashboard_msgs/msg/detail/robot_mode__rosidl_typesupport_fastrtps_c.h
[2.039s] -- Up-to-date symlink: /home/parallels/CLionProjects/Homeworks/robotics_v1/install/ur_dashboard_msgs/include/ur_dashboard_msgs/msg/detail/safety_mode__rosidl_typesupport_fastrtps_c.h
[2.039s] -- Up-to-date symlink: /home/parallels/CLionProjects/Homeworks/robotics_v1/install/ur_dashboard_msgs/include/ur_dashboard_msgs/msg/rosidl_typesupport_fastrtps_c__visibility_control.h
[2.042s] -- Up-to-date symlink: /home/parallels/CLionProjects/Homeworks/robotics_v1/install/ur_dashboard_msgs/include/ur_dashboard_msgs/srv/detail/add_to_log__rosidl_typesupport_fastrtps_c.h
[2.042s] -- Up-to-date symlink: /home/parallels/CLionProjects/Homeworks/robotics_v1/install/ur_dashboard_msgs/include/ur_dashboard_msgs/srv/detail/get_loaded_program__rosidl_typesupport_fastrtps_c.h
[2.042s] -- Up-to-date symlink: /home/parallels/CLionProjects/Homeworks/robotics_v1/install/ur_dashboard_msgs/include/ur_dashboard_msgs/srv/detail/get_program_state__rosidl_typesupport_fastrtps_c.h
[2.042s] -- Up-to-date symlink: /home/parallels/CLionProjects/Homeworks/robotics_v1/install/ur_dashboard_msgs/include/ur_dashboard_msgs/srv/detail/get_robot_mode__rosidl_typesupport_fastrtps_c.h
[2.042s] -- Up-to-date symlink: /home/parallels/CLionProjects/Homeworks/robotics_v1/install/ur_dashboard_msgs/include/ur_dashboard_msgs/srv/detail/get_safety_mode__rosidl_typesupport_fastrtps_c.h
[2.042s] -- Up-to-date symlink: /home/parallels/CLionProjects/Homeworks/robotics_v1/install/ur_dashboard_msgs/include/ur_dashboard_msgs/srv/detail/is_program_running__rosidl_typesupport_fastrtps_c.h
[2.042s] -- Up-to-date symlink: /home/parallels/CLionProjects/Homeworks/robotics_v1/install/ur_dashboard_msgs/include/ur_dashboard_msgs/srv/detail/is_program_saved__rosidl_typesupport_fastrtps_c.h
[2.042s] -- Up-to-date symlink: /home/parallels/CLionProjects/Homeworks/robotics_v1/install/ur_dashboard_msgs/include/ur_dashboard_msgs/srv/detail/load__rosidl_typesupport_fastrtps_c.h
[2.042s] -- Up-to-date symlink: /home/parallels/CLionProjects/Homeworks/robotics_v1/install/ur_dashboard_msgs/include/ur_dashboard_msgs/srv/detail/popup__rosidl_typesupport_fastrtps_c.h
[2.042s] -- Up-to-date symlink: /home/parallels/CLionProjects/Homeworks/robotics_v1/install/ur_dashboard_msgs/include/ur_dashboard_msgs/srv/detail/raw_request__rosidl_typesupport_fastrtps_c.h
[2.043s] -- Up-to-date symlink: /home/parallels/CLionProjects/Homeworks/robotics_v1/install/ur_dashboard_msgs/lib/libur_dashboard_msgs__rosidl_typesupport_fastrtps_c.so
[2.043s] -- Up-to-date symlink: /home/parallels/CLionProjects/Homeworks/robotics_v1/install/ur_dashboard_msgs/include/ur_dashboard_msgs/action/detail/set_mode__rosidl_typesupport_fastrtps_cpp.hpp
[2.043s] -- Up-to-date symlink: /home/parallels/CLionProjects/Homeworks/robotics_v1/install/ur_dashboard_msgs/include/ur_dashboard_msgs/msg/detail/program_state__rosidl_typesupport_fastrtps_cpp.hpp
[2.043s] -- Up-to-date symlink: /home/parallels/CLionProjects/Homeworks/robotics_v1/install/ur_dashboard_msgs/include/ur_dashboard_msgs/msg/detail/robot_mode__rosidl_typesupport_fastrtps_cpp.hpp
[2.043s] -- Up-to-date symlink: /home/parallels/CLionProjects/Homeworks/robotics_v1/install/ur_dashboard_msgs/include/ur_dashboard_msgs/msg/detail/safety_mode__rosidl_typesupport_fastrtps_cpp.hpp
[2.043s] -- Up-to-date symlink: /home/parallels/CLionProjects/Homeworks/robotics_v1/install/ur_dashboard_msgs/include/ur_dashboard_msgs/msg/rosidl_typesupport_fastrtps_cpp__visibility_control.h
[2.043s] -- Up-to-date symlink: /home/parallels/CLionProjects/Homeworks/robotics_v1/install/ur_dashboard_msgs/include/ur_dashboard_msgs/srv/detail/add_to_log__rosidl_typesupport_fastrtps_cpp.hpp
[2.043s] -- Up-to-date symlink: /home/parallels/CLionProjects/Homeworks/robotics_v1/install/ur_dashboard_msgs/include/ur_dashboard_msgs/srv/detail/get_loaded_program__rosidl_typesupport_fastrtps_cpp.hpp
[2.044s] -- Up-to-date symlink: /home/parallels/CLionProjects/Homeworks/robotics_v1/install/ur_dashboard_msgs/include/ur_dashboard_msgs/srv/detail/get_program_state__rosidl_typesupport_fastrtps_cpp.hpp
[2.044s] -- Up-to-date symlink: /home/parallels/CLionProjects/Homeworks/robotics_v1/install/ur_dashboard_msgs/include/ur_dashboard_msgs/srv/detail/get_robot_mode__rosidl_typesupport_fastrtps_cpp.hpp
[2.044s] -- Up-to-date symlink: /home/parallels/CLionProjects/Homeworks/robotics_v1/install/ur_dashboard_msgs/include/ur_dashboard_msgs/srv/detail/get_safety_mode__rosidl_typesupport_fastrtps_cpp.hpp
[2.044s] -- Up-to-date symlink: /home/parallels/CLionProjects/Homeworks/robotics_v1/install/ur_dashboard_msgs/include/ur_dashboard_msgs/srv/detail/is_program_running__rosidl_typesupport_fastrtps_cpp.hpp
[2.044s] -- Up-to-date symlink: /home/parallels/CLionProjects/Homeworks/robotics_v1/install/ur_dashboard_msgs/include/ur_dashboard_msgs/srv/detail/is_program_saved__rosidl_typesupport_fastrtps_cpp.hpp
[2.044s] -- Up-to-date symlink: /home/parallels/CLionProjects/Homeworks/robotics_v1/install/ur_dashboard_msgs/include/ur_dashboard_msgs/srv/detail/load__rosidl_typesupport_fastrtps_cpp.hpp
[2.044s] -- Up-to-date symlink: /home/parallels/CLionProjects/Homeworks/robotics_v1/install/ur_dashboard_msgs/include/ur_dashboard_msgs/srv/detail/popup__rosidl_typesupport_fastrtps_cpp.hpp
[2.044s] -- Up-to-date symlink: /home/parallels/CLionProjects/Homeworks/robotics_v1/install/ur_dashboard_msgs/include/ur_dashboard_msgs/srv/detail/raw_request__rosidl_typesupport_fastrtps_cpp.hpp
[2.044s] -- Up-to-date symlink: /home/parallels/CLionProjects/Homeworks/robotics_v1/install/ur_dashboard_msgs/lib/libur_dashboard_msgs__rosidl_typesupport_fastrtps_cpp.so
[2.046s] -- Up-to-date symlink: /home/parallels/CLionProjects/Homeworks/robotics_v1/install/ur_dashboard_msgs/include/ur_dashboard_msgs/action/detail/set_mode__rosidl_typesupport_introspection_c.h
[2.046s] -- Up-to-date symlink: /home/parallels/CLionProjects/Homeworks/robotics_v1/install/ur_dashboard_msgs/include/ur_dashboard_msgs/msg/detail/program_state__rosidl_typesupport_introspection_c.h
[2.046s] -- Up-to-date symlink: /home/parallels/CLionProjects/Homeworks/robotics_v1/install/ur_dashboard_msgs/include/ur_dashboard_msgs/msg/detail/robot_mode__rosidl_typesupport_introspection_c.h
[2.046s] -- Up-to-date symlink: /home/parallels/CLionProjects/Homeworks/robotics_v1/install/ur_dashboard_msgs/include/ur_dashboard_msgs/msg/detail/safety_mode__rosidl_typesupport_introspection_c.h
[2.046s] -- Up-to-date symlink: /home/parallels/CLionProjects/Homeworks/robotics_v1/install/ur_dashboard_msgs/include/ur_dashboard_msgs/msg/rosidl_typesupport_introspection_c__visibility_control.h
[2.047s] -- Up-to-date symlink: /home/parallels/CLionProjects/Homeworks/robotics_v1/install/ur_dashboard_msgs/include/ur_dashboard_msgs/srv/detail/add_to_log__rosidl_typesupport_introspection_c.h
[2.047s] -- Up-to-date symlink: /home/parallels/CLionProjects/Homeworks/robotics_v1/install/ur_dashboard_msgs/include/ur_dashboard_msgs/srv/detail/get_loaded_program__rosidl_typesupport_introspection_c.h
[2.047s] -- Up-to-date symlink: /home/parallels/CLionProjects/Homeworks/robotics_v1/install/ur_dashboard_msgs/include/ur_dashboard_msgs/srv/detail/get_program_state__rosidl_typesupport_introspection_c.h
[2.047s] -- Up-to-date symlink: /home/parallels/CLionProjects/Homeworks/robotics_v1/install/ur_dashboard_msgs/include/ur_dashboard_msgs/srv/detail/get_robot_mode__rosidl_typesupport_introspection_c.h
[2.047s] -- Up-to-date symlink: /home/parallels/CLionProjects/Homeworks/robotics_v1/install/ur_dashboard_msgs/include/ur_dashboard_msgs/srv/detail/get_safety_mode__rosidl_typesupport_introspection_c.h
[2.047s] -- Up-to-date symlink: /home/parallels/CLionProjects/Homeworks/robotics_v1/install/ur_dashboard_msgs/include/ur_dashboard_msgs/srv/detail/is_program_running__rosidl_typesupport_introspection_c.h
[2.047s] -- Up-to-date symlink: /home/parallels/CLionProjects/Homeworks/robotics_v1/install/ur_dashboard_msgs/include/ur_dashboard_msgs/srv/detail/is_program_saved__rosidl_typesupport_introspection_c.h
[2.047s] -- Up-to-date symlink: /home/parallels/CLionProjects/Homeworks/robotics_v1/install/ur_dashboard_msgs/include/ur_dashboard_msgs/srv/detail/load__rosidl_typesupport_introspection_c.h
[2.048s] -- Up-to-date symlink: /home/parallels/CLionProjects/Homeworks/robotics_v1/install/ur_dashboard_msgs/include/ur_dashboard_msgs/srv/detail/popup__rosidl_typesupport_introspection_c.h
[2.048s] -- Up-to-date symlink: /home/parallels/CLionProjects/Homeworks/robotics_v1/install/ur_dashboard_msgs/include/ur_dashboard_msgs/srv/detail/raw_request__rosidl_typesupport_introspection_c.h
[2.048s] -- Up-to-date symlink: /home/parallels/CLionProjects/Homeworks/robotics_v1/install/ur_dashboard_msgs/include/ur_dashboard_msgs/action/detail/set_mode__builder.hpp
[2.048s] -- Up-to-date symlink: /home/parallels/CLionProjects/Homeworks/robotics_v1/install/ur_dashboard_msgs/include/ur_dashboard_msgs/action/detail/set_mode__struct.hpp
[2.048s] -- Up-to-date symlink: /home/parallels/CLionProjects/Homeworks/robotics_v1/install/ur_dashboard_msgs/include/ur_dashboard_msgs/action/detail/set_mode__traits.hpp
[2.048s] -- Up-to-date symlink: /home/parallels/CLionProjects/Homeworks/robotics_v1/install/ur_dashboard_msgs/include/ur_dashboard_msgs/action/set_mode.hpp
[2.048s] -- Up-to-date symlink: /home/parallels/CLionProjects/Homeworks/robotics_v1/install/ur_dashboard_msgs/include/ur_dashboard_msgs/msg/detail/program_state__builder.hpp
[2.048s] -- Up-to-date symlink: /home/parallels/CLionProjects/Homeworks/robotics_v1/install/ur_dashboard_msgs/include/ur_dashboard_msgs/msg/detail/program_state__struct.hpp
[2.048s] -- Up-to-date symlink: /home/parallels/CLionProjects/Homeworks/robotics_v1/install/ur_dashboard_msgs/include/ur_dashboard_msgs/msg/detail/program_state__traits.hpp
[2.048s] -- Up-to-date symlink: /home/parallels/CLionProjects/Homeworks/robotics_v1/install/ur_dashboard_msgs/include/ur_dashboard_msgs/msg/detail/robot_mode__builder.hpp
[2.048s] -- Up-to-date symlink: /home/parallels/CLionProjects/Homeworks/robotics_v1/install/ur_dashboard_msgs/include/ur_dashboard_msgs/msg/detail/robot_mode__struct.hpp
[2.048s] -- Up-to-date symlink: /home/parallels/CLionProjects/Homeworks/robotics_v1/install/ur_dashboard_msgs/include/ur_dashboard_msgs/msg/detail/robot_mode__traits.hpp
[2.048s] -- Up-to-date symlink: /home/parallels/CLionProjects/Homeworks/robotics_v1/install/ur_dashboard_msgs/include/ur_dashboard_msgs/msg/detail/safety_mode__builder.hpp
[2.048s] -- Up-to-date symlink: /home/parallels/CLionProjects/Homeworks/robotics_v1/install/ur_dashboard_msgs/include/ur_dashboard_msgs/msg/detail/safety_mode__struct.hpp
[2.048s] -- Up-to-date symlink: /home/parallels/CLionProjects/Homeworks/robotics_v1/install/ur_dashboard_msgs/include/ur_dashboard_msgs/msg/detail/safety_mode__traits.hpp
[2.048s] -- Up-to-date symlink: /home/parallels/CLionProjects/Homeworks/robotics_v1/install/ur_dashboard_msgs/include/ur_dashboard_msgs/msg/program_state.hpp
[2.048s] -- Up-to-date symlink: /home/parallels/CLionProjects/Homeworks/robotics_v1/install/ur_dashboard_msgs/include/ur_dashboard_msgs/msg/robot_mode.hpp
[2.048s] -- Up-to-date symlink: /home/parallels/CLionProjects/Homeworks/robotics_v1/install/ur_dashboard_msgs/include/ur_dashboard_msgs/msg/safety_mode.hpp
[2.049s] -- Up-to-date symlink: /home/parallels/CLionProjects/Homeworks/robotics_v1/install/ur_dashboard_msgs/include/ur_dashboard_msgs/srv/add_to_log.hpp
[2.049s] -- Up-to-date symlink: /home/parallels/CLionProjects/Homeworks/robotics_v1/install/ur_dashboard_msgs/include/ur_dashboard_msgs/srv/detail/add_to_log__builder.hpp
[2.049s] -- Up-to-date symlink: /home/parallels/CLionProjects/Homeworks/robotics_v1/install/ur_dashboard_msgs/include/ur_dashboard_msgs/srv/detail/add_to_log__struct.hpp
[2.049s] -- Up-to-date symlink: /home/parallels/CLionProjects/Homeworks/robotics_v1/install/ur_dashboard_msgs/include/ur_dashboard_msgs/srv/detail/add_to_log__traits.hpp
[2.049s] -- Up-to-date symlink: /home/parallels/CLionProjects/Homeworks/robotics_v1/install/ur_dashboard_msgs/include/ur_dashboard_msgs/srv/detail/get_loaded_program__builder.hpp
[2.049s] -- Up-to-date symlink: /home/parallels/CLionProjects/Homeworks/robotics_v1/install/ur_dashboard_msgs/include/ur_dashboard_msgs/srv/detail/get_loaded_program__struct.hpp
[2.049s] -- Up-to-date symlink: /home/parallels/CLionProjects/Homeworks/robotics_v1/install/ur_dashboard_msgs/include/ur_dashboard_msgs/srv/detail/get_loaded_program__traits.hpp
[2.049s] -- Up-to-date symlink: /home/parallels/CLionProjects/Homeworks/robotics_v1/install/ur_dashboard_msgs/include/ur_dashboard_msgs/srv/detail/get_program_state__builder.hpp
[2.049s] -- Up-to-date symlink: /home/parallels/CLionProjects/Homeworks/robotics_v1/install/ur_dashboard_msgs/include/ur_dashboard_msgs/srv/detail/get_program_state__struct.hpp
[2.049s] -- Up-to-date symlink: /home/parallels/CLionProjects/Homeworks/robotics_v1/install/ur_dashboard_msgs/include/ur_dashboard_msgs/srv/detail/get_program_state__traits.hpp
[2.049s] -- Up-to-date symlink: /home/parallels/CLionProjects/Homeworks/robotics_v1/install/ur_dashboard_msgs/include/ur_dashboard_msgs/srv/detail/get_robot_mode__builder.hpp
[2.049s] -- Up-to-date symlink: /home/parallels/CLionProjects/Homeworks/robotics_v1/install/ur_dashboard_msgs/include/ur_dashboard_msgs/srv/detail/get_robot_mode__struct.hpp
[2.049s] -- Up-to-date symlink: /home/parallels/CLionProjects/Homeworks/robotics_v1/install/ur_dashboard_msgs/include/ur_dashboard_msgs/srv/detail/get_robot_mode__traits.hpp
[2.049s] -- Up-to-date symlink: /home/parallels/CLionProjects/Homeworks/robotics_v1/install/ur_dashboard_msgs/include/ur_dashboard_msgs/srv/detail/get_safety_mode__builder.hpp
[2.049s] -- Up-to-date symlink: /home/parallels/CLionProjects/Homeworks/robotics_v1/install/ur_dashboard_msgs/include/ur_dashboard_msgs/srv/detail/get_safety_mode__struct.hpp
[2.049s] -- Up-to-date symlink: /home/parallels/CLionProjects/Homeworks/robotics_v1/install/ur_dashboard_msgs/include/ur_dashboard_msgs/srv/detail/get_safety_mode__traits.hpp
[2.049s] -- Up-to-date symlink: /home/parallels/CLionProjects/Homeworks/robotics_v1/install/ur_dashboard_msgs/include/ur_dashboard_msgs/srv/detail/is_program_running__builder.hpp
[2.049s] -- Up-to-date symlink: /home/parallels/CLionProjects/Homeworks/robotics_v1/install/ur_dashboard_msgs/include/ur_dashboard_msgs/srv/detail/is_program_running__struct.hpp
[2.049s] -- Up-to-date symlink: /home/parallels/CLionProjects/Homeworks/robotics_v1/install/ur_dashboard_msgs/include/ur_dashboard_msgs/srv/detail/is_program_running__traits.hpp
[2.049s] -- Up-to-date symlink: /home/parallels/CLionProjects/Homeworks/robotics_v1/install/ur_dashboard_msgs/include/ur_dashboard_msgs/srv/detail/is_program_saved__builder.hpp
[2.049s] -- Up-to-date symlink: /home/parallels/CLionProjects/Homeworks/robotics_v1/install/ur_dashboard_msgs/include/ur_dashboard_msgs/srv/detail/is_program_saved__struct.hpp
[2.050s] -- Up-to-date symlink: /home/parallels/CLionProjects/Homeworks/robotics_v1/install/ur_dashboard_msgs/include/ur_dashboard_msgs/srv/detail/is_program_saved__traits.hpp
[2.050s] -- Up-to-date symlink: /home/parallels/CLionProjects/Homeworks/robotics_v1/install/ur_dashboard_msgs/include/ur_dashboard_msgs/srv/detail/load__builder.hpp
[2.050s] -- Up-to-date symlink: /home/parallels/CLionProjects/Homeworks/robotics_v1/install/ur_dashboard_msgs/include/ur_dashboard_msgs/srv/detail/load__struct.hpp
[2.050s] -- Up-to-date symlink: /home/parallels/CLionProjects/Homeworks/robotics_v1/install/ur_dashboard_msgs/include/ur_dashboard_msgs/srv/detail/load__traits.hpp
[2.050s] -- Up-to-date symlink: /home/parallels/CLionProjects/Homeworks/robotics_v1/install/ur_dashboard_msgs/include/ur_dashboard_msgs/srv/detail/popup__builder.hpp
[2.050s] -- Up-to-date symlink: /home/parallels/CLionProjects/Homeworks/robotics_v1/install/ur_dashboard_msgs/include/ur_dashboard_msgs/srv/detail/popup__struct.hpp
[2.050s] -- Up-to-date symlink: /home/parallels/CLionProjects/Homeworks/robotics_v1/install/ur_dashboard_msgs/include/ur_dashboard_msgs/srv/detail/popup__traits.hpp
[2.050s] -- Up-to-date symlink: /home/parallels/CLionProjects/Homeworks/robotics_v1/install/ur_dashboard_msgs/include/ur_dashboard_msgs/srv/detail/raw_request__builder.hpp
[2.050s] -- Up-to-date symlink: /home/parallels/CLionProjects/Homeworks/robotics_v1/install/ur_dashboard_msgs/include/ur_dashboard_msgs/srv/detail/raw_request__struct.hpp
[2.050s] -- Up-to-date symlink: /home/parallels/CLionProjects/Homeworks/robotics_v1/install/ur_dashboard_msgs/include/ur_dashboard_msgs/srv/detail/raw_request__traits.hpp
[2.050s] -- Up-to-date symlink: /home/parallels/CLionProjects/Homeworks/robotics_v1/install/ur_dashboard_msgs/include/ur_dashboard_msgs/srv/get_loaded_program.hpp
[2.050s] -- Up-to-date symlink: /home/parallels/CLionProjects/Homeworks/robotics_v1/install/ur_dashboard_msgs/include/ur_dashboard_msgs/srv/get_program_state.hpp
[2.050s] -- Up-to-date symlink: /home/parallels/CLionProjects/Homeworks/robotics_v1/install/ur_dashboard_msgs/include/ur_dashboard_msgs/srv/get_robot_mode.hpp
[2.050s] -- Up-to-date symlink: /home/parallels/CLionProjects/Homeworks/robotics_v1/install/ur_dashboard_msgs/include/ur_dashboard_msgs/srv/get_safety_mode.hpp
[2.051s] -- Up-to-date symlink: /home/parallels/CLionProjects/Homeworks/robotics_v1/install/ur_dashboard_msgs/include/ur_dashboard_msgs/srv/is_program_running.hpp
[2.054s] -- Up-to-date symlink: /home/parallels/CLionProjects/Homeworks/robotics_v1/install/ur_dashboard_msgs/include/ur_dashboard_msgs/srv/is_program_saved.hpp
[2.054s] -- Up-to-date symlink: /home/parallels/CLionProjects/Homeworks/robotics_v1/install/ur_dashboard_msgs/include/ur_dashboard_msgs/srv/load.hpp
[2.054s] -- Up-to-date symlink: /home/parallels/CLionProjects/Homeworks/robotics_v1/install/ur_dashboard_msgs/include/ur_dashboard_msgs/srv/popup.hpp
[2.054s] -- Up-to-date symlink: /home/parallels/CLionProjects/Homeworks/robotics_v1/install/ur_dashboard_msgs/include/ur_dashboard_msgs/srv/raw_request.hpp
[2.054s] -- Up-to-date symlink: /home/parallels/CLionProjects/Homeworks/robotics_v1/install/ur_dashboard_msgs/include/ur_dashboard_msgs/action/detail/set_mode__rosidl_typesupport_introspection_cpp.hpp
[2.054s] -- Up-to-date symlink: /home/parallels/CLionProjects/Homeworks/robotics_v1/install/ur_dashboard_msgs/include/ur_dashboard_msgs/msg/detail/program_state__rosidl_typesupport_introspection_cpp.hpp
[2.054s] -- Up-to-date symlink: /home/parallels/CLionProjects/Homeworks/robotics_v1/install/ur_dashboard_msgs/include/ur_dashboard_msgs/msg/detail/robot_mode__rosidl_typesupport_introspection_cpp.hpp
[2.054s] -- Up-to-date symlink: /home/parallels/CLionProjects/Homeworks/robotics_v1/install/ur_dashboard_msgs/include/ur_dashboard_msgs/msg/detail/safety_mode__rosidl_typesupport_introspection_cpp.hpp
[2.054s] -- Up-to-date symlink: /home/parallels/CLionProjects/Homeworks/robotics_v1/install/ur_dashboard_msgs/include/ur_dashboard_msgs/srv/detail/add_to_log__rosidl_typesupport_introspection_cpp.hpp
[2.054s] -- Up-to-date symlink: /home/parallels/CLionProjects/Homeworks/robotics_v1/install/ur_dashboard_msgs/include/ur_dashboard_msgs/srv/detail/get_loaded_program__rosidl_typesupport_introspection_cpp.hpp
[2.054s] -- Up-to-date symlink: /home/parallels/CLionProjects/Homeworks/robotics_v1/install/ur_dashboard_msgs/include/ur_dashboard_msgs/srv/detail/get_program_state__rosidl_typesupport_introspection_cpp.hpp
[2.054s] -- Up-to-date symlink: /home/parallels/CLionProjects/Homeworks/robotics_v1/install/ur_dashboard_msgs/include/ur_dashboard_msgs/srv/detail/get_robot_mode__rosidl_typesupport_introspection_cpp.hpp
[2.054s] -- Up-to-date symlink: /home/parallels/CLionProjects/Homeworks/robotics_v1/install/ur_dashboard_msgs/include/ur_dashboard_msgs/srv/detail/get_safety_mode__rosidl_typesupport_introspection_cpp.hpp
[2.055s] -- Up-to-date symlink: /home/parallels/CLionProjects/Homeworks/robotics_v1/install/ur_dashboard_msgs/include/ur_dashboard_msgs/srv/detail/is_program_running__rosidl_typesupport_introspection_cpp.hpp
[2.055s] -- Up-to-date symlink: /home/parallels/CLionProjects/Homeworks/robotics_v1/install/ur_dashboard_msgs/include/ur_dashboard_msgs/srv/detail/is_program_saved__rosidl_typesupport_introspection_cpp.hpp
[2.055s] -- Up-to-date symlink: /home/parallels/CLionProjects/Homeworks/robotics_v1/install/ur_dashboard_msgs/include/ur_dashboard_msgs/srv/detail/load__rosidl_typesupport_introspection_cpp.hpp
[2.055s] -- Up-to-date symlink: /home/parallels/CLionProjects/Homeworks/robotics_v1/install/ur_dashboard_msgs/include/ur_dashboard_msgs/srv/detail/popup__rosidl_typesupport_introspection_cpp.hpp
[2.055s] -- Up-to-date symlink: /home/parallels/CLionProjects/Homeworks/robotics_v1/install/ur_dashboard_msgs/include/ur_dashboard_msgs/srv/detail/raw_request__rosidl_typesupport_introspection_cpp.hpp
[2.055s] -- Up-to-date symlink: /home/parallels/CLionProjects/Homeworks/robotics_v1/install/ur_dashboard_msgs/share/ur_dashboard_msgs/environment/pythonpath.sh
[2.060s] -- Up-to-date symlink: /home/parallels/CLionProjects/Homeworks/robotics_v1/install/ur_dashboard_msgs/share/ur_dashboard_msgs/environment/pythonpath.dsv
[2.060s] -- Up-to-date symlink: /home/parallels/CLionProjects/Homeworks/robotics_v1/install/ur_dashboard_msgs/lib/python3.8/site-packages/ur_dashboard_msgs/__init__.py
[2.061s] -- Up-to-date symlink: /home/parallels/CLionProjects/Homeworks/robotics_v1/install/ur_dashboard_msgs/lib/python3.8/site-packages/ur_dashboard_msgs/msg/__init__.py
[2.061s] -- Up-to-date symlink: /home/parallels/CLionProjects/Homeworks/robotics_v1/install/ur_dashboard_msgs/lib/python3.8/site-packages/ur_dashboard_msgs/msg/_program_state.py
[2.061s] -- Up-to-date symlink: /home/parallels/CLionProjects/Homeworks/robotics_v1/install/ur_dashboard_msgs/lib/python3.8/site-packages/ur_dashboard_msgs/msg/_robot_mode.py
[2.061s] -- Up-to-date symlink: /home/parallels/CLionProjects/Homeworks/robotics_v1/install/ur_dashboard_msgs/lib/python3.8/site-packages/ur_dashboard_msgs/msg/_safety_mode.py
[2.061s] -- Up-to-date symlink: /home/parallels/CLionProjects/Homeworks/robotics_v1/install/ur_dashboard_msgs/lib/python3.8/site-packages/ur_dashboard_msgs/srv/__init__.py
[2.061s] -- Up-to-date symlink: /home/parallels/CLionProjects/Homeworks/robotics_v1/install/ur_dashboard_msgs/lib/python3.8/site-packages/ur_dashboard_msgs/srv/_add_to_log.py
[2.061s] -- Up-to-date symlink: /home/parallels/CLionProjects/Homeworks/robotics_v1/install/ur_dashboard_msgs/lib/python3.8/site-packages/ur_dashboard_msgs/srv/_get_loaded_program.py
[2.061s] -- Up-to-date symlink: /home/parallels/CLionProjects/Homeworks/robotics_v1/install/ur_dashboard_msgs/lib/python3.8/site-packages/ur_dashboard_msgs/srv/_get_program_state.py
[2.062s] -- Up-to-date symlink: /home/parallels/CLionProjects/Homeworks/robotics_v1/install/ur_dashboard_msgs/lib/python3.8/site-packages/ur_dashboard_msgs/srv/_get_robot_mode.py
[2.062s] -- Up-to-date symlink: /home/parallels/CLionProjects/Homeworks/robotics_v1/install/ur_dashboard_msgs/lib/python3.8/site-packages/ur_dashboard_msgs/srv/_get_safety_mode.py
[2.062s] -- Up-to-date symlink: /home/parallels/CLionProjects/Homeworks/robotics_v1/install/ur_dashboard_msgs/lib/python3.8/site-packages/ur_dashboard_msgs/srv/_is_program_running.py
[2.062s] -- Up-to-date symlink: /home/parallels/CLionProjects/Homeworks/robotics_v1/install/ur_dashboard_msgs/lib/python3.8/site-packages/ur_dashboard_msgs/srv/_is_program_saved.py
[2.062s] -- Up-to-date symlink: /home/parallels/CLionProjects/Homeworks/robotics_v1/install/ur_dashboard_msgs/lib/python3.8/site-packages/ur_dashboard_msgs/srv/_load.py
[2.063s] -- Up-to-date symlink: /home/parallels/CLionProjects/Homeworks/robotics_v1/install/ur_dashboard_msgs/lib/python3.8/site-packages/ur_dashboard_msgs/srv/_popup.py
[2.063s] -- Up-to-date symlink: /home/parallels/CLionProjects/Homeworks/robotics_v1/install/ur_dashboard_msgs/lib/python3.8/site-packages/ur_dashboard_msgs/srv/_raw_request.py
[2.063s] -- Up-to-date symlink: /home/parallels/CLionProjects/Homeworks/robotics_v1/install/ur_dashboard_msgs/lib/python3.8/site-packages/ur_dashboard_msgs/action/__init__.py
[2.063s] -- Up-to-date symlink: /home/parallels/CLionProjects/Homeworks/robotics_v1/install/ur_dashboard_msgs/lib/python3.8/site-packages/ur_dashboard_msgs/action/_set_mode.py
[2.063s] -- Up-to-date symlink: /home/parallels/CLionProjects/Homeworks/robotics_v1/install/ur_dashboard_msgs/lib/python3.8/site-packages/ur_dashboard_msgs/ur_dashboard_msgs_s__rosidl_typesupport_fastrtps_c.cpython-38-aarch64-linux-gnu.so
[2.063s] -- Up-to-date symlink: /home/parallels/CLionProjects/Homeworks/robotics_v1/install/ur_dashboard_msgs/lib/python3.8/site-packages/ur_dashboard_msgs/ur_dashboard_msgs_s__rosidl_typesupport_introspection_c.cpython-38-aarch64-linux-gnu.so
[2.063s] -- Up-to-date symlink: /home/parallels/CLionProjects/Homeworks/robotics_v1/install/ur_dashboard_msgs/lib/python3.8/site-packages/ur_dashboard_msgs/ur_dashboard_msgs_s__rosidl_typesupport_c.cpython-38-aarch64-linux-gnu.so
[2.063s] -- Up-to-date symlink: /home/parallels/CLionProjects/Homeworks/robotics_v1/install/ur_dashboard_msgs/lib/libur_dashboard_msgs__python.so
[2.064s] -- Up-to-date symlink: /home/parallels/CLionProjects/Homeworks/robotics_v1/install/ur_dashboard_msgs/share/ur_dashboard_msgs/msg/ProgramState.idl
[2.064s] -- Up-to-date symlink: /home/parallels/CLionProjects/Homeworks/robotics_v1/install/ur_dashboard_msgs/share/ur_dashboard_msgs/msg/RobotMode.idl
[2.064s] -- Up-to-date symlink: /home/parallels/CLionProjects/Homeworks/robotics_v1/install/ur_dashboard_msgs/share/ur_dashboard_msgs/msg/SafetyMode.idl
[2.071s] -- Up-to-date symlink: /home/parallels/CLionProjects/Homeworks/robotics_v1/install/ur_dashboard_msgs/share/ur_dashboard_msgs/srv/AddToLog.idl
[2.071s] -- Up-to-date symlink: /home/parallels/CLionProjects/Homeworks/robotics_v1/install/ur_dashboard_msgs/share/ur_dashboard_msgs/srv/GetLoadedProgram.idl
[2.071s] -- Up-to-date symlink: /home/parallels/CLionProjects/Homeworks/robotics_v1/install/ur_dashboard_msgs/share/ur_dashboard_msgs/srv/GetProgramState.idl
[2.071s] -- Up-to-date symlink: /home/parallels/CLionProjects/Homeworks/robotics_v1/install/ur_dashboard_msgs/share/ur_dashboard_msgs/srv/GetRobotMode.idl
[2.071s] -- Up-to-date symlink: /home/parallels/CLionProjects/Homeworks/robotics_v1/install/ur_dashboard_msgs/share/ur_dashboard_msgs/srv/GetSafetyMode.idl
[2.071s] -- Up-to-date symlink: /home/parallels/CLionProjects/Homeworks/robotics_v1/install/ur_dashboard_msgs/share/ur_dashboard_msgs/srv/IsProgramRunning.idl
[2.071s] -- Up-to-date symlink: /home/parallels/CLionProjects/Homeworks/robotics_v1/install/ur_dashboard_msgs/share/ur_dashboard_msgs/srv/IsProgramSaved.idl
[2.071s] -- Up-to-date symlink: /home/parallels/CLionProjects/Homeworks/robotics_v1/install/ur_dashboard_msgs/share/ur_dashboard_msgs/srv/Load.idl
[2.071s] -- Up-to-date symlink: /home/parallels/CLionProjects/Homeworks/robotics_v1/install/ur_dashboard_msgs/share/ur_dashboard_msgs/srv/Popup.idl
[2.071s] -- Up-to-date symlink: /home/parallels/CLionProjects/Homeworks/robotics_v1/install/ur_dashboard_msgs/share/ur_dashboard_msgs/srv/RawRequest.idl
[2.071s] -- Up-to-date symlink: /home/parallels/CLionProjects/Homeworks/robotics_v1/install/ur_dashboard_msgs/share/ur_dashboard_msgs/action/SetMode.idl
[2.071s] -- Up-to-date symlink: /home/parallels/CLionProjects/Homeworks/robotics_v1/install/ur_dashboard_msgs/share/ur_dashboard_msgs/msg/ProgramState.msg
[2.071s] -- Up-to-date symlink: /home/parallels/CLionProjects/Homeworks/robotics_v1/install/ur_dashboard_msgs/share/ur_dashboard_msgs/msg/RobotMode.msg
[2.071s] -- Up-to-date symlink: /home/parallels/CLionProjects/Homeworks/robotics_v1/install/ur_dashboard_msgs/share/ur_dashboard_msgs/msg/SafetyMode.msg
[2.071s] -- Up-to-date symlink: /home/parallels/CLionProjects/Homeworks/robotics_v1/install/ur_dashboard_msgs/share/ur_dashboard_msgs/srv/AddToLog.srv
[2.071s] -- Up-to-date symlink: /home/parallels/CLionProjects/Homeworks/robotics_v1/install/ur_dashboard_msgs/share/ur_dashboard_msgs/srv/AddToLog_Request.msg
[2.072s] -- Up-to-date symlink: /home/parallels/CLionProjects/Homeworks/robotics_v1/install/ur_dashboard_msgs/share/ur_dashboard_msgs/srv/AddToLog_Response.msg
[2.072s] -- Up-to-date symlink: /home/parallels/CLionProjects/Homeworks/robotics_v1/install/ur_dashboard_msgs/share/ur_dashboard_msgs/srv/GetLoadedProgram.srv
[2.072s] -- Up-to-date symlink: /home/parallels/CLionProjects/Homeworks/robotics_v1/install/ur_dashboard_msgs/share/ur_dashboard_msgs/srv/GetLoadedProgram_Request.msg
[2.072s] -- Up-to-date symlink: /home/parallels/CLionProjects/Homeworks/robotics_v1/install/ur_dashboard_msgs/share/ur_dashboard_msgs/srv/GetLoadedProgram_Response.msg
[2.072s] -- Up-to-date symlink: /home/parallels/CLionProjects/Homeworks/robotics_v1/install/ur_dashboard_msgs/share/ur_dashboard_msgs/srv/GetProgramState.srv
[2.072s] -- Up-to-date symlink: /home/parallels/CLionProjects/Homeworks/robotics_v1/install/ur_dashboard_msgs/share/ur_dashboard_msgs/srv/GetProgramState_Request.msg
[2.072s] -- Up-to-date symlink: /home/parallels/CLionProjects/Homeworks/robotics_v1/install/ur_dashboard_msgs/share/ur_dashboard_msgs/srv/GetProgramState_Response.msg
[2.072s] -- Up-to-date symlink: /home/parallels/CLionProjects/Homeworks/robotics_v1/install/ur_dashboard_msgs/share/ur_dashboard_msgs/srv/GetRobotMode.srv
[2.072s] -- Up-to-date symlink: /home/parallels/CLionProjects/Homeworks/robotics_v1/install/ur_dashboard_msgs/share/ur_dashboard_msgs/srv/GetRobotMode_Request.msg
[2.072s] -- Up-to-date symlink: /home/parallels/CLionProjects/Homeworks/robotics_v1/install/ur_dashboard_msgs/share/ur_dashboard_msgs/srv/GetRobotMode_Response.msg
[2.072s] -- Up-to-date symlink: /home/parallels/CLionProjects/Homeworks/robotics_v1/install/ur_dashboard_msgs/share/ur_dashboard_msgs/srv/GetSafetyMode.srv
[2.072s] -- Up-to-date symlink: /home/parallels/CLionProjects/Homeworks/robotics_v1/install/ur_dashboard_msgs/share/ur_dashboard_msgs/srv/GetSafetyMode_Request.msg
[2.073s] -- Up-to-date symlink: /home/parallels/CLionProjects/Homeworks/robotics_v1/install/ur_dashboard_msgs/share/ur_dashboard_msgs/srv/GetSafetyMode_Response.msg
[2.073s] -- Up-to-date symlink: /home/parallels/CLionProjects/Homeworks/robotics_v1/install/ur_dashboard_msgs/share/ur_dashboard_msgs/srv/IsProgramRunning.srv
[2.073s] -- Up-to-date symlink: /home/parallels/CLionProjects/Homeworks/robotics_v1/install/ur_dashboard_msgs/share/ur_dashboard_msgs/srv/IsProgramRunning_Request.msg
[2.073s] -- Up-to-date symlink: /home/parallels/CLionProjects/Homeworks/robotics_v1/install/ur_dashboard_msgs/share/ur_dashboard_msgs/srv/IsProgramRunning_Response.msg
[2.073s] -- Up-to-date symlink: /home/parallels/CLionProjects/Homeworks/robotics_v1/install/ur_dashboard_msgs/share/ur_dashboard_msgs/srv/IsProgramSaved.srv
[2.073s] -- Up-to-date symlink: /home/parallels/CLionProjects/Homeworks/robotics_v1/install/ur_dashboard_msgs/share/ur_dashboard_msgs/srv/IsProgramSaved_Request.msg
[2.073s] -- Up-to-date symlink: /home/parallels/CLionProjects/Homeworks/robotics_v1/install/ur_dashboard_msgs/share/ur_dashboard_msgs/srv/IsProgramSaved_Response.msg
[2.073s] -- Up-to-date symlink: /home/parallels/CLionProjects/Homeworks/robotics_v1/install/ur_dashboard_msgs/share/ur_dashboard_msgs/srv/Load.srv
[2.073s] -- Up-to-date symlink: /home/parallels/CLionProjects/Homeworks/robotics_v1/install/ur_dashboard_msgs/share/ur_dashboard_msgs/srv/Load_Request.msg
[2.073s] -- Up-to-date symlink: /home/parallels/CLionProjects/Homeworks/robotics_v1/install/ur_dashboard_msgs/share/ur_dashboard_msgs/srv/Load_Response.msg
[2.073s] -- Up-to-date symlink: /home/parallels/CLionProjects/Homeworks/robotics_v1/install/ur_dashboard_msgs/share/ur_dashboard_msgs/srv/Popup.srv
[2.073s] -- Up-to-date symlink: /home/parallels/CLionProjects/Homeworks/robotics_v1/install/ur_dashboard_msgs/share/ur_dashboard_msgs/srv/Popup_Request.msg
[2.073s] -- Up-to-date symlink: /home/parallels/CLionProjects/Homeworks/robotics_v1/install/ur_dashboard_msgs/share/ur_dashboard_msgs/srv/Popup_Response.msg
[2.073s] -- Up-to-date symlink: /home/parallels/CLionProjects/Homeworks/robotics_v1/install/ur_dashboard_msgs/share/ur_dashboard_msgs/srv/RawRequest.srv
[2.073s] -- Up-to-date symlink: /home/parallels/CLionProjects/Homeworks/robotics_v1/install/ur_dashboard_msgs/share/ur_dashboard_msgs/srv/RawRequest_Request.msg
[2.073s] -- Up-to-date symlink: /home/parallels/CLionProjects/Homeworks/robotics_v1/install/ur_dashboard_msgs/share/ur_dashboard_msgs/srv/RawRequest_Response.msg
[2.073s] -- Up-to-date symlink: /home/parallels/CLionProjects/Homeworks/robotics_v1/install/ur_dashboard_msgs/share/ur_dashboard_msgs/action/SetMode.action
[2.073s] -- Up-to-date symlink: /home/parallels/CLionProjects/Homeworks/robotics_v1/install/ur_dashboard_msgs/share/ament_index/resource_index/package_run_dependencies/ur_dashboard_msgs
[2.073s] -- Up-to-date symlink: /home/parallels/CLionProjects/Homeworks/robotics_v1/install/ur_dashboard_msgs/share/ament_index/resource_index/parent_prefix_path/ur_dashboard_msgs
[2.074s] -- Up-to-date symlink: /home/parallels/CLionProjects/Homeworks/robotics_v1/install/ur_dashboard_msgs/share/ur_dashboard_msgs/environment/ament_prefix_path.sh
[2.074s] -- Up-to-date symlink: /home/parallels/CLionProjects/Homeworks/robotics_v1/install/ur_dashboard_msgs/share/ur_dashboard_msgs/environment/ament_prefix_path.dsv
[2.074s] -- Up-to-date symlink: /home/parallels/CLionProjects/Homeworks/robotics_v1/install/ur_dashboard_msgs/share/ur_dashboard_msgs/environment/path.sh
[2.074s] -- Up-to-date symlink: /home/parallels/CLionProjects/Homeworks/robotics_v1/install/ur_dashboard_msgs/share/ur_dashboard_msgs/environment/path.dsv
[2.074s] -- Up-to-date symlink: /home/parallels/CLionProjects/Homeworks/robotics_v1/install/ur_dashboard_msgs/share/ur_dashboard_msgs/local_setup.bash
[2.074s] -- Up-to-date symlink: /home/parallels/CLionProjects/Homeworks/robotics_v1/install/ur_dashboard_msgs/share/ur_dashboard_msgs/local_setup.sh
[2.074s] -- Up-to-date symlink: /home/parallels/CLionProjects/Homeworks/robotics_v1/install/ur_dashboard_msgs/share/ur_dashboard_msgs/local_setup.zsh
[2.074s] -- Up-to-date symlink: /home/parallels/CLionProjects/Homeworks/robotics_v1/install/ur_dashboard_msgs/share/ur_dashboard_msgs/local_setup.dsv
[2.074s] -- Symlinking: /home/parallels/CLionProjects/Homeworks/robotics_v1/install/ur_dashboard_msgs/share/ur_dashboard_msgs/package.dsv
[2.077s] -- Up-to-date symlink: /home/parallels/CLionProjects/Homeworks/robotics_v1/install/ur_dashboard_msgs/share/ament_index/resource_index/packages/ur_dashboard_msgs
[2.077s] -- Up-to-date symlink: /home/parallels/CLionProjects/Homeworks/robotics_v1/install/ur_dashboard_msgs/share/ur_dashboard_msgs/cmake/rosidl_cmake-extras.cmake
[2.077s] -- Up-to-date symlink: /home/parallels/CLionProjects/Homeworks/robotics_v1/install/ur_dashboard_msgs/share/ur_dashboard_msgs/cmake/ament_cmake_export_dependencies-extras.cmake
[2.077s] -- Up-to-date symlink: /home/parallels/CLionProjects/Homeworks/robotics_v1/install/ur_dashboard_msgs/share/ur_dashboard_msgs/cmake/ament_cmake_export_libraries-extras.cmake
[2.078s] -- Up-to-date symlink: /home/parallels/CLionProjects/Homeworks/robotics_v1/install/ur_dashboard_msgs/share/ur_dashboard_msgs/cmake/ament_cmake_export_targets-extras.cmake
[2.078s] -- Up-to-date symlink: /home/parallels/CLionProjects/Homeworks/robotics_v1/install/ur_dashboard_msgs/share/ur_dashboard_msgs/cmake/ament_cmake_export_include_directories-extras.cmake
[2.078s] -- Up-to-date symlink: /home/parallels/CLionProjects/Homeworks/robotics_v1/install/ur_dashboard_msgs/share/ur_dashboard_msgs/cmake/rosidl_cmake_export_typesupport_libraries-extras.cmake
[2.078s] -- Up-to-date symlink: /home/parallels/CLionProjects/Homeworks/robotics_v1/install/ur_dashboard_msgs/share/ur_dashboard_msgs/cmake/rosidl_cmake_export_typesupport_targets-extras.cmake
[2.078s] -- Up-to-date symlink: /home/parallels/CLionProjects/Homeworks/robotics_v1/install/ur_dashboard_msgs/share/ur_dashboard_msgs/cmake/ur_dashboard_msgsConfig.cmake
[2.079s] -- Up-to-date symlink: /home/parallels/CLionProjects/Homeworks/robotics_v1/install/ur_dashboard_msgs/share/ur_dashboard_msgs/cmake/ur_dashboard_msgsConfig-version.cmake
[2.079s] -- Up-to-date symlink: /home/parallels/CLionProjects/Homeworks/robotics_v1/install/ur_dashboard_msgs/share/ur_dashboard_msgs/package.xml
[2.079s] -- Up-to-date: /home/parallels/CLionProjects/Homeworks/robotics_v1/install/ur_dashboard_msgs/lib/libur_dashboard_msgs__rosidl_generator_c.so
[2.079s] -- Up-to-date: /home/parallels/CLionProjects/Homeworks/robotics_v1/install/ur_dashboard_msgs/lib/libur_dashboard_msgs__rosidl_typesupport_introspection_c.so
[2.079s] -- Up-to-date: /home/parallels/CLionProjects/Homeworks/robotics_v1/install/ur_dashboard_msgs/lib/libur_dashboard_msgs__rosidl_typesupport_c.so
[2.079s] -- Up-to-date: /home/parallels/CLionProjects/Homeworks/robotics_v1/install/ur_dashboard_msgs/lib/libur_dashboard_msgs__rosidl_typesupport_introspection_cpp.so
[2.080s] -- Up-to-date: /home/parallels/CLionProjects/Homeworks/robotics_v1/install/ur_dashboard_msgs/lib/libur_dashboard_msgs__rosidl_typesupport_cpp.so
[2.099s] Compiling '/home/parallels/CLionProjects/Homeworks/robotics_v1/install/ur_dashboard_msgs/lib/python3.8/site-packages/ur_dashboard_msgs/__init__.py'...
[2.102s] -- Up-to-date: /home/parallels/CLionProjects/Homeworks/robotics_v1/install/ur_dashboard_msgs/share/ur_dashboard_msgs/cmake/ur_dashboard_msgs__rosidl_generator_cExport.cmake
[2.103s] -- Installing: /home/parallels/CLionProjects/Homeworks/robotics_v1/install/ur_dashboard_msgs/share/ur_dashboard_msgs/cmake/ur_dashboard_msgs__rosidl_generator_cExport-relwithdebinfo.cmake
[2.103s] -- Up-to-date: /home/parallels/CLionProjects/Homeworks/robotics_v1/install/ur_dashboard_msgs/share/ur_dashboard_msgs/cmake/ur_dashboard_msgs__rosidl_typesupport_introspection_cExport.cmake
[2.103s] -- Installing: /home/parallels/CLionProjects/Homeworks/robotics_v1/install/ur_dashboard_msgs/share/ur_dashboard_msgs/cmake/ur_dashboard_msgs__rosidl_typesupport_introspection_cExport-relwithdebinfo.cmake
[2.103s] -- Up-to-date: /home/parallels/CLionProjects/Homeworks/robotics_v1/install/ur_dashboard_msgs/share/ur_dashboard_msgs/cmake/ur_dashboard_msgs__rosidl_typesupport_cExport.cmake
[2.103s] -- Installing: /home/parallels/CLionProjects/Homeworks/robotics_v1/install/ur_dashboard_msgs/share/ur_dashboard_msgs/cmake/ur_dashboard_msgs__rosidl_typesupport_cExport-relwithdebinfo.cmake
[2.103s] -- Up-to-date: /home/parallels/CLionProjects/Homeworks/robotics_v1/install/ur_dashboard_msgs/share/ur_dashboard_msgs/cmake/ur_dashboard_msgs__rosidl_generator_cppExport.cmake
[2.104s] -- Up-to-date: /home/parallels/CLionProjects/Homeworks/robotics_v1/install/ur_dashboard_msgs/share/ur_dashboard_msgs/cmake/ur_dashboard_msgs__rosidl_typesupport_introspection_cppExport.cmake
[2.104s] -- Installing: /home/parallels/CLionProjects/Homeworks/robotics_v1/install/ur_dashboard_msgs/share/ur_dashboard_msgs/cmake/ur_dashboard_msgs__rosidl_typesupport_introspection_cppExport-relwithdebinfo.cmake
[2.104s] -- Up-to-date: /home/parallels/CLionProjects/Homeworks/robotics_v1/install/ur_dashboard_msgs/share/ur_dashboard_msgs/cmake/ur_dashboard_msgs__rosidl_typesupport_cppExport.cmake
[2.104s] -- Installing: /home/parallels/CLionProjects/Homeworks/robotics_v1/install/ur_dashboard_msgs/share/ur_dashboard_msgs/cmake/ur_dashboard_msgs__rosidl_typesupport_cppExport-relwithdebinfo.cmake
[2.106s] Invoked command in '/home/parallels/CLionProjects/Homeworks/robotics_v1/build/ur_dashboard_msgs' returned '0': CMAKE_PREFIX_PATH=${CMAKE_PREFIX_PATH}:/opt/ros/foxy /usr/bin/cmake --install /home/parallels/CLionProjects/Homeworks/robotics_v1/build/ur_dashboard_msgs
