[0.014s] Invoking command in '/home/parallels/CLionProjects/Homeworks/robotics_v1/build/game_engine': CMAKE_PREFIX_PATH=/home/parallels/CLionProjects/Homeworks/robotics_v1/install/manager_utils:/home/parallels/CLionProjects/Homeworks/robotics_v1/install/sdl_utils:/home/parallels/CLionProjects/Homeworks/robotics_v1/install/resource_utils:/home/parallels/CLionProjects/Homeworks/robotics_v1/install/utils:/home/parallels/CLionProjects/Homeworks/robotics_v1/install/cmake_helpers:/opt/ros/foxy PKG_CONFIG_PATH=/home/parallels/CLionProjects/Homeworks/robotics_v1/install/manager_utils/lib/aarch64-linux-gnu/pkgconfig:/home/parallels/CLionProjects/Homeworks/robotics_v1/install/manager_utils/lib/pkgconfig:/home/parallels/CLionProjects/Homeworks/robotics_v1/install/sdl_utils/lib/aarch64-linux-gnu/pkgconfig:/home/parallels/CLionProjects/Homeworks/robotics_v1/install/sdl_utils/lib/pkgconfig:/home/parallels/CLionProjects/Homeworks/robotics_v1/install/resource_utils/lib/aarch64-linux-gnu/pkgconfig:/home/parallels/CLionProjects/Homeworks/robotics_v1/install/resource_utils/lib/pkgconfig:/home/parallels/CLionProjects/Homeworks/robotics_v1/install/utils/lib/aarch64-linux-gnu/pkgconfig:/home/parallels/CLionProjects/Homeworks/robotics_v1/install/utils/lib/pkgconfig:/home/parallels/CLionProjects/Homeworks/robotics_v1/install/cmake_helpers/lib/aarch64-linux-gnu/pkgconfig:/home/parallels/CLionProjects/Homeworks/robotics_v1/install/cmake_helpers/lib/pkgconfig /usr/bin/cmake --build /home/parallels/CLionProjects/Homeworks/robotics_v1/build/game_engine -- -j4 -l4
[0.069s] [100%] Built target game_engine
[0.098s] Invoked command in '/home/parallels/CLionProjects/Homeworks/robotics_v1/build/game_engine' returned '0': CMAKE_PREFIX_PATH=/home/parallels/CLionProjects/Homeworks/robotics_v1/install/manager_utils:/home/parallels/CLionProjects/Homeworks/robotics_v1/install/sdl_utils:/home/parallels/CLionProjects/Homeworks/robotics_v1/install/resource_utils:/home/parallels/CLionProjects/Homeworks/robotics_v1/install/utils:/home/parallels/CLionProjects/Homeworks/robotics_v1/install/cmake_helpers:/opt/ros/foxy PKG_CONFIG_PATH=/home/parallels/CLionProjects/Homeworks/robotics_v1/install/manager_utils/lib/aarch64-linux-gnu/pkgconfig:/home/parallels/CLionProjects/Homeworks/robotics_v1/install/manager_utils/lib/pkgconfig:/home/parallels/CLionProjects/Homeworks/robotics_v1/install/sdl_utils/lib/aarch64-linux-gnu/pkgconfig:/home/parallels/CLionProjects/Homeworks/robotics_v1/install/sdl_utils/lib/pkgconfig:/home/parallels/CLionProjects/Homeworks/robotics_v1/install/resource_utils/lib/aarch64-linux-gnu/pkgconfig:/home/parallels/CLionProjects/Homeworks/robotics_v1/install/resource_utils/lib/pkgconfig:/home/parallels/CLionProjects/Homeworks/robotics_v1/install/utils/lib/aarch64-linux-gnu/pkgconfig:/home/parallels/CLionProjects/Homeworks/robotics_v1/install/utils/lib/pkgconfig:/home/parallels/CLionProjects/Homeworks/robotics_v1/install/cmake_helpers/lib/aarch64-linux-gnu/pkgconfig:/home/parallels/CLionProjects/Homeworks/robotics_v1/install/cmake_helpers/lib/pkgconfig /usr/bin/cmake --build /home/parallels/CLionProjects/Homeworks/robotics_v1/build/game_engine -- -j4 -l4
[0.143s] Invoking command in '/home/parallels/CLionProjects/Homeworks/robotics_v1/build/game_engine': CMAKE_PREFIX_PATH=/home/parallels/CLionProjects/Homeworks/robotics_v1/install/manager_utils:/home/parallels/CLionProjects/Homeworks/robotics_v1/install/sdl_utils:/home/parallels/CLionProjects/Homeworks/robotics_v1/install/resource_utils:/home/parallels/CLionProjects/Homeworks/robotics_v1/install/utils:/home/parallels/CLionProjects/Homeworks/robotics_v1/install/cmake_helpers:/opt/ros/foxy PKG_CONFIG_PATH=/home/parallels/CLionProjects/Homeworks/robotics_v1/install/manager_utils/lib/aarch64-linux-gnu/pkgconfig:/home/parallels/CLionProjects/Homeworks/robotics_v1/install/manager_utils/lib/pkgconfig:/home/parallels/CLionProjects/Homeworks/robotics_v1/install/sdl_utils/lib/aarch64-linux-gnu/pkgconfig:/home/parallels/CLionProjects/Homeworks/robotics_v1/install/sdl_utils/lib/pkgconfig:/home/parallels/CLionProjects/Homeworks/robotics_v1/install/resource_utils/lib/aarch64-linux-gnu/pkgconfig:/home/parallels/CLionProjects/Homeworks/robotics_v1/install/resource_utils/lib/pkgconfig:/home/parallels/CLionProjects/Homeworks/robotics_v1/install/utils/lib/aarch64-linux-gnu/pkgconfig:/home/parallels/CLionProjects/Homeworks/robotics_v1/install/utils/lib/pkgconfig:/home/parallels/CLionProjects/Homeworks/robotics_v1/install/cmake_helpers/lib/aarch64-linux-gnu/pkgconfig:/home/parallels/CLionProjects/Homeworks/robotics_v1/install/cmake_helpers/lib/pkgconfig /usr/bin/cmake --install /home/parallels/CLionProjects/Homeworks/robotics_v1/build/game_engine
[0.152s] -- Install configuration: "RelWithDebInfo"
[0.153s] -- Up-to-date: /home/parallels/CLionProjects/Homeworks/robotics_v1/install/game_engine/share/game_engine/package.xml
[0.153s] -- Up-to-date: /home/parallels/CLionProjects/Homeworks/robotics_v1/install/game_engine/lib/game_engine/libgame_engine.a
[0.153s] -- Installing: /home/parallels/CLionProjects/Homeworks/robotics_v1/install/game_engine/share/ament_index/resource_index/packages/game_engine
[0.153s] -- Up-to-date: /home/parallels/CLionProjects/Homeworks/robotics_v1/install/game_engine/share/game_engine/hook/ament_prefix_path.dsv
[0.153s] -- Up-to-date: /home/parallels/CLionProjects/Homeworks/robotics_v1/install/game_engine/share/game_engine/hook/ros_package_path.dsv
[0.153s] -- Up-to-date: /home/parallels/CLionProjects/Homeworks/robotics_v1/install/game_engine/share/ament_index/resource_index/package_run_dependencies/game_engine
[0.153s] -- Up-to-date: /home/parallels/CLionProjects/Homeworks/robotics_v1/install/game_engine/share/ament_index/resource_index/parent_prefix_path/game_engine
[0.153s] -- Up-to-date: /home/parallels/CLionProjects/Homeworks/robotics_v1/install/game_engine/share/game_engine/environment/ament_prefix_path.sh
[0.153s] -- Up-to-date: /home/parallels/CLionProjects/Homeworks/robotics_v1/install/game_engine/share/game_engine/environment/ament_prefix_path.dsv
[0.153s] -- Up-to-date: /home/parallels/CLionProjects/Homeworks/robotics_v1/install/game_engine/share/game_engine/environment/path.sh
[0.153s] -- Up-to-date: /home/parallels/CLionProjects/Homeworks/robotics_v1/install/game_engine/share/game_engine/environment/path.dsv
[0.153s] -- Up-to-date: /home/parallels/CLionProjects/Homeworks/robotics_v1/install/game_engine/share/game_engine/local_setup.bash
[0.153s] -- Up-to-date: /home/parallels/CLionProjects/Homeworks/robotics_v1/install/game_engine/share/game_engine/local_setup.sh
[0.153s] -- Up-to-date: /home/parallels/CLionProjects/Homeworks/robotics_v1/install/game_engine/share/game_engine/local_setup.zsh
[0.153s] -- Up-to-date: /home/parallels/CLionProjects/Homeworks/robotics_v1/install/game_engine/share/game_engine/local_setup.dsv
[0.153s] -- Up-to-date: /home/parallels/CLionProjects/Homeworks/robotics_v1/install/game_engine/share/game_engine/package.dsv
[0.153s] -- Installing: /home/parallels/CLionProjects/Homeworks/robotics_v1/install/game_engine/share/ament_index/resource_index/packages/game_engine
[0.154s] -- Up-to-date: /home/parallels/CLionProjects/Homeworks/robotics_v1/install/game_engine/share/game_engine/cmake/game_engineConfig.cmake
[0.154s] -- Up-to-date: /home/parallels/CLionProjects/Homeworks/robotics_v1/install/game_engine/share/game_engine/cmake/game_engineConfig-version.cmake
[0.154s] -- Up-to-date: /home/parallels/CLionProjects/Homeworks/robotics_v1/install/game_engine/share/game_engine/package.xml
[0.154s] -- Up-to-date: /home/parallels/CLionProjects/Homeworks/robotics_v1/install/game_engine/lib/libgame_engine.a
[0.154s] -- Up-to-date: /home/parallels/CLionProjects/Homeworks/robotics_v1/install/game_engine/include
[0.154s] -- Up-to-date: /home/parallels/CLionProjects/Homeworks/robotics_v1/install/game_engine/include/game_engine
[0.154s] -- Up-to-date: /home/parallels/CLionProjects/Homeworks/robotics_v1/install/game_engine/include/game_engine/engine
[0.154s] -- Up-to-date: /home/parallels/CLionProjects/Homeworks/robotics_v1/install/game_engine/include/game_engine/engine/Engine.h
[0.154s] -- Up-to-date: /home/parallels/CLionProjects/Homeworks/robotics_v1/install/game_engine/include/game_engine/engine/config
[0.154s] -- Up-to-date: /home/parallels/CLionProjects/Homeworks/robotics_v1/install/game_engine/include/game_engine/engine/config/EngineConfig.h
[0.154s] -- Up-to-date: /home/parallels/CLionProjects/Homeworks/robotics_v1/install/game_engine/include/game_engine/event_handler
[0.154s] -- Up-to-date: /home/parallels/CLionProjects/Homeworks/robotics_v1/install/game_engine/include/game_engine/event_handler/ActionEventHandler.h
[0.154s] -- Up-to-date: /home/parallels/CLionProjects/Homeworks/robotics_v1/install/game_engine/include/game_engine/Application.h
[0.154s] -- Up-to-date: /home/parallels/CLionProjects/Homeworks/robotics_v1/install/game_engine/include/game_engine/defines
[0.154s] -- Up-to-date: /home/parallels/CLionProjects/Homeworks/robotics_v1/install/game_engine/include/game_engine/defines/ActionEventDefines.h
[0.154s] -- Up-to-date: /home/parallels/CLionProjects/Homeworks/robotics_v1/install/game_engine/include/game_engine/defines/DependencyDefines.h
[0.154s] -- Up-to-date: /home/parallels/CLionProjects/Homeworks/robotics_v1/install/game_engine/include/game_engine/utils
[0.154s] -- Up-to-date: /home/parallels/CLionProjects/Homeworks/robotics_v1/install/game_engine/include/game_engine/utils/DebugConsole.h
[0.154s] -- Up-to-date: /home/parallels/CLionProjects/Homeworks/robotics_v1/install/game_engine/include/game_engine/utils/config
[0.154s] -- Up-to-date: /home/parallels/CLionProjects/Homeworks/robotics_v1/install/game_engine/include/game_engine/utils/config/DebugConsoleConfig.h
[0.154s] -- Up-to-date: /home/parallels/CLionProjects/Homeworks/robotics_v1/install/game_engine/include/game_engine/Game.h
[0.154s] -- Up-to-date: /home/parallels/CLionProjects/Homeworks/robotics_v1/install/game_engine/include/game_engine/config
[0.154s] -- Up-to-date: /home/parallels/CLionProjects/Homeworks/robotics_v1/install/game_engine/include/game_engine/config/ApplicationConfig.h
[0.154s] -- Up-to-date: /home/parallels/CLionProjects/Homeworks/robotics_v1/install/game_engine/include/game_engine/communicator
[0.154s] -- Up-to-date: /home/parallels/CLionProjects/Homeworks/robotics_v1/install/game_engine/include/game_engine/communicator/NullCommunicator.h
[0.155s] -- Up-to-date: /home/parallels/CLionProjects/Homeworks/robotics_v1/install/game_engine/include/game_engine/communicator/Communicator.h
[0.155s] -- Up-to-date: /home/parallels/CLionProjects/Homeworks/robotics_v1/install/game_engine/lib/cmake/game_engine/game_engineTargets.cmake
[0.155s] -- Up-to-date: /home/parallels/CLionProjects/Homeworks/robotics_v1/install/game_engine/lib/cmake/game_engine/game_engineTargets-relwithdebinfo.cmake
[0.155s] -- Up-to-date: /home/parallels/CLionProjects/Homeworks/robotics_v1/install/game_engine/lib/cmake/game_engine/game_engineConfig.cmake
[0.173s] Invoked command in '/home/parallels/CLionProjects/Homeworks/robotics_v1/build/game_engine' returned '0': CMAKE_PREFIX_PATH=/home/parallels/CLionProjects/Homeworks/robotics_v1/install/manager_utils:/home/parallels/CLionProjects/Homeworks/robotics_v1/install/sdl_utils:/home/parallels/CLionProjects/Homeworks/robotics_v1/install/resource_utils:/home/parallels/CLionProjects/Homeworks/robotics_v1/install/utils:/home/parallels/CLionProjects/Homeworks/robotics_v1/install/cmake_helpers:/opt/ros/foxy PKG_CONFIG_PATH=/home/parallels/CLionProjects/Homeworks/robotics_v1/install/manager_utils/lib/aarch64-linux-gnu/pkgconfig:/home/parallels/CLionProjects/Homeworks/robotics_v1/install/manager_utils/lib/pkgconfig:/home/parallels/CLionProjects/Homeworks/robotics_v1/install/sdl_utils/lib/aarch64-linux-gnu/pkgconfig:/home/parallels/CLionProjects/Homeworks/robotics_v1/install/sdl_utils/lib/pkgconfig:/home/parallels/CLionProjects/Homeworks/robotics_v1/install/resource_utils/lib/aarch64-linux-gnu/pkgconfig:/home/parallels/CLionProjects/Homeworks/robotics_v1/install/resource_utils/lib/pkgconfig:/home/parallels/CLionProjects/Homeworks/robotics_v1/install/utils/lib/aarch64-linux-gnu/pkgconfig:/home/parallels/CLionProjects/Homeworks/robotics_v1/install/utils/lib/pkgconfig:/home/parallels/CLionProjects/Homeworks/robotics_v1/install/cmake_helpers/lib/aarch64-linux-gnu/pkgconfig:/home/parallels/CLionProjects/Homeworks/robotics_v1/install/cmake_helpers/lib/pkgconfig /usr/bin/cmake --install /home/parallels/CLionProjects/Homeworks/robotics_v1/build/game_engine
