[0.032s] Invoking command in '/home/parallels/CLionProjects/Homeworks/robotics_v1/build/urscript_interfaces': CMAKE_PREFIX_PATH=${CMAKE_PREFIX_PATH}:/opt/ros/foxy /usr/bin/cmake /home/parallels/CLionProjects/Homeworks/robotics_v1/src/ur_dev/urscript/urscript_interfaces -DCMAKE_BUILD_TYPE=RelWithDebInfo -DAMENT_CMAKE_SYMLINK_INSTALL=1 -DCMAKE_INSTALL_PREFIX=/home/parallels/CLionProjects/Homeworks/robotics_v1/install/urscript_interfaces
[0.055s] -- Found ament_cmake: 0.9.9 (/opt/ros/foxy/share/ament_cmake/cmake)
[0.069s] -- Found PythonInterp: /usr/bin/python3 (found suitable version "3.8.10", minimum required is "3") 
[0.069s] -- Using PYTHON_EXECUTABLE: /usr/bin/python3
[0.169s] -- Override CMake install command with custom implementation using symlinks instead of copying resources
[0.173s] -- Found rosidl_default_generators: 1.0.1 (/opt/ros/foxy/share/rosidl_default_generators/cmake)
[0.177s] -- Using all available rosidl_typesupport_c: rosidl_typesupport_fastrtps_c;rosidl_typesupport_introspection_c
[0.179s] -- Found rosidl_adapter: 1.2.1 (/opt/ros/foxy/share/rosidl_adapter/cmake)
[0.291s] -- Using all available rosidl_typesupport_cpp: rosidl_typesupport_fastrtps_cpp;rosidl_typesupport_introspection_cpp
[0.325s] -- Found PythonInterp: /usr/bin/python3 (found version "3.8.10") 
[0.425s] -- Found ament_cmake_ros: 0.9.2 (/opt/ros/foxy/share/ament_cmake_ros/cmake)
[0.599s] -- Using all available rosidl_typesupport_c: rosidl_typesupport_fastrtps_c;rosidl_typesupport_introspection_c
[0.610s] -- Using all available rosidl_typesupport_cpp: rosidl_typesupport_fastrtps_cpp;rosidl_typesupport_introspection_cpp
[0.636s] -- Found PythonInterp: /usr/bin/python3 (found suitable version "3.8.10", minimum required is "3.5") 
[0.637s] -- Found python_cmake_module: 0.8.1 (/opt/ros/foxy/share/python_cmake_module/cmake)
[0.670s] -- Using PYTHON_EXECUTABLE: /usr/bin/python3
[0.670s] -- Using PYTHON_INCLUDE_DIRS: /usr/include/python3.8
[0.670s] -- Using PYTHON_LIBRARIES: /usr/lib/aarch64-linux-gnu/libpython3.8.so
[0.704s] -- Configuring done
[0.735s] -- Generating done
[0.738s] -- Build files have been written to: /home/parallels/CLionProjects/Homeworks/robotics_v1/build/urscript_interfaces
[0.744s] Invoked command in '/home/parallels/CLionProjects/Homeworks/robotics_v1/build/urscript_interfaces' returned '0': CMAKE_PREFIX_PATH=${CMAKE_PREFIX_PATH}:/opt/ros/foxy /usr/bin/cmake /home/parallels/CLionProjects/Homeworks/robotics_v1/src/ur_dev/urscript/urscript_interfaces -DCMAKE_BUILD_TYPE=RelWithDebInfo -DAMENT_CMAKE_SYMLINK_INSTALL=1 -DCMAKE_INSTALL_PREFIX=/home/parallels/CLionProjects/Homeworks/robotics_v1/install/urscript_interfaces
[0.744s] Invoking command in '/home/parallels/CLionProjects/Homeworks/robotics_v1/build/urscript_interfaces': CMAKE_PREFIX_PATH=${CMAKE_PREFIX_PATH}:/opt/ros/foxy /usr/bin/cmake --build /home/parallels/CLionProjects/Homeworks/robotics_v1/build/urscript_interfaces -- -j4 -l4
[0.802s] [  3%] Built target urscript_interfaces__cpp
[0.825s] [ 12%] Built target urscript_interfaces__rosidl_generator_c
[0.846s] [ 22%] Built target urscript_interfaces__rosidl_typesupport_cpp
[0.863s] [ 32%] Built target urscript_interfaces__rosidl_typesupport_fastrtps_cpp
[0.891s] [ 41%] Built target urscript_interfaces__rosidl_typesupport_introspection_cpp
[0.908s] [ 51%] Built target urscript_interfaces__rosidl_typesupport_c
[0.911s] [ 61%] Built target urscript_interfaces__rosidl_typesupport_introspection_c
[0.917s] [ 70%] Built target urscript_interfaces__rosidl_typesupport_fastrtps_c
[0.949s] [ 70%] Built target urscript_interfaces
[0.976s] [ 74%] Built target urscript_interfaces__py
[1.012s] [ 80%] Built target urscript_interfaces__python
[1.047s] [ 87%] Built target urscript_interfaces__rosidl_typesupport_introspection_c__pyext
[1.057s] [ 93%] Built target urscript_interfaces__rosidl_typesupport_fastrtps_c__pyext
[1.067s] [100%] Built target urscript_interfaces__rosidl_typesupport_c__pyext
[1.085s] Invoked command in '/home/parallels/CLionProjects/Homeworks/robotics_v1/build/urscript_interfaces' returned '0': CMAKE_PREFIX_PATH=${CMAKE_PREFIX_PATH}:/opt/ros/foxy /usr/bin/cmake --build /home/parallels/CLionProjects/Homeworks/robotics_v1/build/urscript_interfaces -- -j4 -l4
[1.252s] Invoking command in '/home/parallels/CLionProjects/Homeworks/robotics_v1/build/urscript_interfaces': CMAKE_PREFIX_PATH=${CMAKE_PREFIX_PATH}:/opt/ros/foxy /usr/bin/cmake --install /home/parallels/CLionProjects/Homeworks/robotics_v1/build/urscript_interfaces
[1.267s] -- Install configuration: "RelWithDebInfo"
[1.268s] -- Execute custom install script
[1.268s] -- Up-to-date symlink: /home/parallels/CLionProjects/Homeworks/robotics_v1/install/urscript_interfaces/share/ament_index/resource_index/rosidl_interfaces/urscript_interfaces
[1.268s] -- Up-to-date symlink: /home/parallels/CLionProjects/Homeworks/robotics_v1/install/urscript_interfaces/include/urscript_interfaces/msg/rosidl_generator_c__visibility_control.h
[1.268s] -- Up-to-date symlink: /home/parallels/CLionProjects/Homeworks/robotics_v1/install/urscript_interfaces/include/urscript_interfaces/srv/detail/ur_script__functions.h
[1.268s] -- Up-to-date symlink: /home/parallels/CLionProjects/Homeworks/robotics_v1/install/urscript_interfaces/include/urscript_interfaces/srv/detail/ur_script__struct.h
[1.268s] -- Up-to-date symlink: /home/parallels/CLionProjects/Homeworks/robotics_v1/install/urscript_interfaces/include/urscript_interfaces/srv/detail/ur_script__type_support.h
[1.268s] -- Up-to-date symlink: /home/parallels/CLionProjects/Homeworks/robotics_v1/install/urscript_interfaces/include/urscript_interfaces/srv/ur_script.h
[1.268s] -- Up-to-date symlink: /home/parallels/CLionProjects/Homeworks/robotics_v1/install/urscript_interfaces/share/urscript_interfaces/environment/library_path.sh
[1.268s] -- Up-to-date symlink: /home/parallels/CLionProjects/Homeworks/robotics_v1/install/urscript_interfaces/share/urscript_interfaces/environment/library_path.dsv
[1.268s] -- Up-to-date symlink: /home/parallels/CLionProjects/Homeworks/robotics_v1/install/urscript_interfaces/include/urscript_interfaces/msg/rosidl_typesupport_fastrtps_c__visibility_control.h
[1.268s] -- Up-to-date symlink: /home/parallels/CLionProjects/Homeworks/robotics_v1/install/urscript_interfaces/include/urscript_interfaces/srv/detail/ur_script__rosidl_typesupport_fastrtps_c.h
[1.269s] -- Up-to-date symlink: /home/parallels/CLionProjects/Homeworks/robotics_v1/install/urscript_interfaces/lib/liburscript_interfaces__rosidl_typesupport_fastrtps_c.so
[1.269s] -- Up-to-date symlink: /home/parallels/CLionProjects/Homeworks/robotics_v1/install/urscript_interfaces/include/urscript_interfaces/msg/rosidl_typesupport_fastrtps_cpp__visibility_control.h
[1.269s] -- Up-to-date symlink: /home/parallels/CLionProjects/Homeworks/robotics_v1/install/urscript_interfaces/include/urscript_interfaces/srv/detail/ur_script__rosidl_typesupport_fastrtps_cpp.hpp
[1.270s] -- Up-to-date symlink: /home/parallels/CLionProjects/Homeworks/robotics_v1/install/urscript_interfaces/lib/liburscript_interfaces__rosidl_typesupport_fastrtps_cpp.so
[1.270s] -- Up-to-date symlink: /home/parallels/CLionProjects/Homeworks/robotics_v1/install/urscript_interfaces/include/urscript_interfaces/msg/rosidl_typesupport_introspection_c__visibility_control.h
[1.272s] -- Up-to-date symlink: /home/parallels/CLionProjects/Homeworks/robotics_v1/install/urscript_interfaces/include/urscript_interfaces/srv/detail/ur_script__rosidl_typesupport_introspection_c.h
[1.272s] -- Up-to-date symlink: /home/parallels/CLionProjects/Homeworks/robotics_v1/install/urscript_interfaces/include/urscript_interfaces/srv/detail/ur_script__builder.hpp
[1.272s] -- Up-to-date symlink: /home/parallels/CLionProjects/Homeworks/robotics_v1/install/urscript_interfaces/include/urscript_interfaces/srv/detail/ur_script__struct.hpp
[1.272s] -- Up-to-date symlink: /home/parallels/CLionProjects/Homeworks/robotics_v1/install/urscript_interfaces/include/urscript_interfaces/srv/detail/ur_script__traits.hpp
[1.272s] -- Up-to-date symlink: /home/parallels/CLionProjects/Homeworks/robotics_v1/install/urscript_interfaces/include/urscript_interfaces/srv/ur_script.hpp
[1.272s] -- Up-to-date symlink: /home/parallels/CLionProjects/Homeworks/robotics_v1/install/urscript_interfaces/include/urscript_interfaces/srv/detail/ur_script__rosidl_typesupport_introspection_cpp.hpp
[1.272s] -- Up-to-date symlink: /home/parallels/CLionProjects/Homeworks/robotics_v1/install/urscript_interfaces/share/urscript_interfaces/environment/pythonpath.sh
[1.272s] -- Up-to-date symlink: /home/parallels/CLionProjects/Homeworks/robotics_v1/install/urscript_interfaces/share/urscript_interfaces/environment/pythonpath.dsv
[1.272s] -- Up-to-date symlink: /home/parallels/CLionProjects/Homeworks/robotics_v1/install/urscript_interfaces/lib/python3.8/site-packages/urscript_interfaces/__init__.py
[1.273s] -- Up-to-date symlink: /home/parallels/CLionProjects/Homeworks/robotics_v1/install/urscript_interfaces/lib/python3.8/site-packages/urscript_interfaces/srv/__init__.py
[1.273s] -- Up-to-date symlink: /home/parallels/CLionProjects/Homeworks/robotics_v1/install/urscript_interfaces/lib/python3.8/site-packages/urscript_interfaces/srv/_ur_script.py
[1.273s] -- Up-to-date symlink: /home/parallels/CLionProjects/Homeworks/robotics_v1/install/urscript_interfaces/lib/python3.8/site-packages/urscript_interfaces/urscript_interfaces_s__rosidl_typesupport_fastrtps_c.cpython-38-aarch64-linux-gnu.so
[1.273s] -- Up-to-date symlink: /home/parallels/CLionProjects/Homeworks/robotics_v1/install/urscript_interfaces/lib/python3.8/site-packages/urscript_interfaces/urscript_interfaces_s__rosidl_typesupport_introspection_c.cpython-38-aarch64-linux-gnu.so
[1.273s] -- Up-to-date symlink: /home/parallels/CLionProjects/Homeworks/robotics_v1/install/urscript_interfaces/lib/python3.8/site-packages/urscript_interfaces/urscript_interfaces_s__rosidl_typesupport_c.cpython-38-aarch64-linux-gnu.so
[1.273s] -- Up-to-date symlink: /home/parallels/CLionProjects/Homeworks/robotics_v1/install/urscript_interfaces/lib/liburscript_interfaces__python.so
[1.274s] -- Up-to-date symlink: /home/parallels/CLionProjects/Homeworks/robotics_v1/install/urscript_interfaces/share/urscript_interfaces/srv/UrScript.idl
[1.274s] -- Up-to-date symlink: /home/parallels/CLionProjects/Homeworks/robotics_v1/install/urscript_interfaces/share/urscript_interfaces/srv/UrScript.srv
[1.274s] -- Up-to-date symlink: /home/parallels/CLionProjects/Homeworks/robotics_v1/install/urscript_interfaces/share/urscript_interfaces/srv/UrScript_Request.msg
[1.274s] -- Up-to-date symlink: /home/parallels/CLionProjects/Homeworks/robotics_v1/install/urscript_interfaces/share/urscript_interfaces/srv/UrScript_Response.msg
[1.274s] -- Up-to-date symlink: /home/parallels/CLionProjects/Homeworks/robotics_v1/install/urscript_interfaces/share/ament_index/resource_index/package_run_dependencies/urscript_interfaces
[1.275s] -- Up-to-date symlink: /home/parallels/CLionProjects/Homeworks/robotics_v1/install/urscript_interfaces/share/ament_index/resource_index/parent_prefix_path/urscript_interfaces
[1.275s] -- Up-to-date symlink: /home/parallels/CLionProjects/Homeworks/robotics_v1/install/urscript_interfaces/share/urscript_interfaces/environment/ament_prefix_path.sh
[1.275s] -- Up-to-date symlink: /home/parallels/CLionProjects/Homeworks/robotics_v1/install/urscript_interfaces/share/urscript_interfaces/environment/ament_prefix_path.dsv
[1.275s] -- Up-to-date symlink: /home/parallels/CLionProjects/Homeworks/robotics_v1/install/urscript_interfaces/share/urscript_interfaces/environment/path.sh
[1.275s] -- Up-to-date symlink: /home/parallels/CLionProjects/Homeworks/robotics_v1/install/urscript_interfaces/share/urscript_interfaces/environment/path.dsv
[1.276s] -- Up-to-date symlink: /home/parallels/CLionProjects/Homeworks/robotics_v1/install/urscript_interfaces/share/urscript_interfaces/local_setup.bash
[1.276s] -- Up-to-date symlink: /home/parallels/CLionProjects/Homeworks/robotics_v1/install/urscript_interfaces/share/urscript_interfaces/local_setup.sh
[1.276s] -- Up-to-date symlink: /home/parallels/CLionProjects/Homeworks/robotics_v1/install/urscript_interfaces/share/urscript_interfaces/local_setup.zsh
[1.277s] -- Up-to-date symlink: /home/parallels/CLionProjects/Homeworks/robotics_v1/install/urscript_interfaces/share/urscript_interfaces/local_setup.dsv
[1.277s] -- Symlinking: /home/parallels/CLionProjects/Homeworks/robotics_v1/install/urscript_interfaces/share/urscript_interfaces/package.dsv
[1.296s] -- Up-to-date symlink: /home/parallels/CLionProjects/Homeworks/robotics_v1/install/urscript_interfaces/share/ament_index/resource_index/packages/urscript_interfaces
[1.296s] -- Up-to-date symlink: /home/parallels/CLionProjects/Homeworks/robotics_v1/install/urscript_interfaces/share/urscript_interfaces/cmake/rosidl_cmake-extras.cmake
[1.296s] -- Up-to-date symlink: /home/parallels/CLionProjects/Homeworks/robotics_v1/install/urscript_interfaces/share/urscript_interfaces/cmake/ament_cmake_export_dependencies-extras.cmake
[1.296s] -- Up-to-date symlink: /home/parallels/CLionProjects/Homeworks/robotics_v1/install/urscript_interfaces/share/urscript_interfaces/cmake/ament_cmake_export_libraries-extras.cmake
[1.296s] -- Up-to-date symlink: /home/parallels/CLionProjects/Homeworks/robotics_v1/install/urscript_interfaces/share/urscript_interfaces/cmake/ament_cmake_export_targets-extras.cmake
[1.297s] -- Up-to-date symlink: /home/parallels/CLionProjects/Homeworks/robotics_v1/install/urscript_interfaces/share/urscript_interfaces/cmake/ament_cmake_export_include_directories-extras.cmake
[1.298s] -- Up-to-date symlink: /home/parallels/CLionProjects/Homeworks/robotics_v1/install/urscript_interfaces/share/urscript_interfaces/cmake/rosidl_cmake_export_typesupport_libraries-extras.cmake
[1.298s] -- Up-to-date symlink: /home/parallels/CLionProjects/Homeworks/robotics_v1/install/urscript_interfaces/share/urscript_interfaces/cmake/rosidl_cmake_export_typesupport_targets-extras.cmake
[1.298s] -- Up-to-date symlink: /home/parallels/CLionProjects/Homeworks/robotics_v1/install/urscript_interfaces/share/urscript_interfaces/cmake/urscript_interfacesConfig.cmake
[1.298s] -- Up-to-date symlink: /home/parallels/CLionProjects/Homeworks/robotics_v1/install/urscript_interfaces/share/urscript_interfaces/cmake/urscript_interfacesConfig-version.cmake
[1.298s] -- Up-to-date symlink: /home/parallels/CLionProjects/Homeworks/robotics_v1/install/urscript_interfaces/share/urscript_interfaces/package.xml
[1.298s] -- Up-to-date: /home/parallels/CLionProjects/Homeworks/robotics_v1/install/urscript_interfaces/lib/liburscript_interfaces__rosidl_generator_c.so
[1.298s] -- Up-to-date: /home/parallels/CLionProjects/Homeworks/robotics_v1/install/urscript_interfaces/lib/liburscript_interfaces__rosidl_typesupport_introspection_c.so
[1.298s] -- Up-to-date: /home/parallels/CLionProjects/Homeworks/robotics_v1/install/urscript_interfaces/lib/liburscript_interfaces__rosidl_typesupport_c.so
[1.298s] -- Up-to-date: /home/parallels/CLionProjects/Homeworks/robotics_v1/install/urscript_interfaces/lib/liburscript_interfaces__rosidl_typesupport_introspection_cpp.so
[1.299s] -- Up-to-date: /home/parallels/CLionProjects/Homeworks/robotics_v1/install/urscript_interfaces/lib/liburscript_interfaces__rosidl_typesupport_cpp.so
[1.326s] Compiling '/home/parallels/CLionProjects/Homeworks/robotics_v1/install/urscript_interfaces/lib/python3.8/site-packages/urscript_interfaces/__init__.py'...
[1.330s] -- Up-to-date: /home/parallels/CLionProjects/Homeworks/robotics_v1/install/urscript_interfaces/share/urscript_interfaces/cmake/urscript_interfaces__rosidl_generator_cExport.cmake
[1.330s] -- Installing: /home/parallels/CLionProjects/Homeworks/robotics_v1/install/urscript_interfaces/share/urscript_interfaces/cmake/urscript_interfaces__rosidl_generator_cExport-relwithdebinfo.cmake
[1.330s] -- Up-to-date: /home/parallels/CLionProjects/Homeworks/robotics_v1/install/urscript_interfaces/share/urscript_interfaces/cmake/urscript_interfaces__rosidl_typesupport_introspection_cExport.cmake
[1.330s] -- Installing: /home/parallels/CLionProjects/Homeworks/robotics_v1/install/urscript_interfaces/share/urscript_interfaces/cmake/urscript_interfaces__rosidl_typesupport_introspection_cExport-relwithdebinfo.cmake
[1.330s] -- Up-to-date: /home/parallels/CLionProjects/Homeworks/robotics_v1/install/urscript_interfaces/share/urscript_interfaces/cmake/urscript_interfaces__rosidl_typesupport_cExport.cmake
[1.330s] -- Installing: /home/parallels/CLionProjects/Homeworks/robotics_v1/install/urscript_interfaces/share/urscript_interfaces/cmake/urscript_interfaces__rosidl_typesupport_cExport-relwithdebinfo.cmake
[1.330s] -- Up-to-date: /home/parallels/CLionProjects/Homeworks/robotics_v1/install/urscript_interfaces/share/urscript_interfaces/cmake/urscript_interfaces__rosidl_generator_cppExport.cmake
[1.330s] -- Up-to-date: /home/parallels/CLionProjects/Homeworks/robotics_v1/install/urscript_interfaces/share/urscript_interfaces/cmake/urscript_interfaces__rosidl_typesupport_introspection_cppExport.cmake
[1.330s] -- Installing: /home/parallels/CLionProjects/Homeworks/robotics_v1/install/urscript_interfaces/share/urscript_interfaces/cmake/urscript_interfaces__rosidl_typesupport_introspection_cppExport-relwithdebinfo.cmake
[1.330s] -- Up-to-date: /home/parallels/CLionProjects/Homeworks/robotics_v1/install/urscript_interfaces/share/urscript_interfaces/cmake/urscript_interfaces__rosidl_typesupport_cppExport.cmake
[1.330s] -- Installing: /home/parallels/CLionProjects/Homeworks/robotics_v1/install/urscript_interfaces/share/urscript_interfaces/cmake/urscript_interfaces__rosidl_typesupport_cppExport-relwithdebinfo.cmake
[1.344s] Invoked command in '/home/parallels/CLionProjects/Homeworks/robotics_v1/build/urscript_interfaces' returned '0': CMAKE_PREFIX_PATH=${CMAKE_PREFIX_PATH}:/opt/ros/foxy /usr/bin/cmake --install /home/parallels/CLionProjects/Homeworks/robotics_v1/build/urscript_interfaces
