[0.016s] Invoking command in '/home/parallels/CLionProjects/Homeworks/robotics_v1/build/ur_robot_driver': AMENT_PREFIX_PATH=/home/parallels/CLionProjects/Homeworks/robotics_v1/install/ur_controllers:/home/parallels/CLionProjects/Homeworks/robotics_v1/install/ur_description:/home/parallels/CLionProjects/Homeworks/robotics_v1/install/ur_dashboard_msgs:/home/parallels/CLionProjects/Homeworks/robotics_v1/install/ur_bringup:${AMENT_PREFIX_PATH} CMAKE_PREFIX_PATH=/home/parallels/CLionProjects/Homeworks/robotics_v1/install/ur_controllers:/home/parallels/CLionProjects/Homeworks/robotics_v1/install/ur_description:/home/parallels/CLionProjects/Homeworks/robotics_v1/install/ur_dashboard_msgs:/home/parallels/CLionProjects/Homeworks/robotics_v1/install/ur_client_library:/home/parallels/CLionProjects/Homeworks/robotics_v1/install/ur_bringup:/opt/ros/foxy LD_LIBRARY_PATH=/home/parallels/CLionProjects/Homeworks/robotics_v1/install/ur_controllers/lib:/home/parallels/CLionProjects/Homeworks/robotics_v1/install/ur_dashboard_msgs/lib:/home/parallels/CLionProjects/Homeworks/robotics_v1/install/ur_client_library/lib:${LD_LIBRARY_PATH} PKG_CONFIG_PATH=/home/parallels/CLionProjects/Homeworks/robotics_v1/install/ur_client_library/lib/aarch64-linux-gnu/pkgconfig:/home/parallels/CLionProjects/Homeworks/robotics_v1/install/ur_client_library/lib/pkgconfig PYTHONPATH=/home/parallels/CLionProjects/Homeworks/robotics_v1/install/ur_dashboard_msgs/lib/python3.8/site-packages:${PYTHONPATH} /usr/bin/cmake /home/parallels/CLionProjects/Homeworks/robotics_v1/src/ur_driver/Universal_Robots_ROS2_Driver/ur_robot_driver -DCMAKE_EXPORT_COMPILE_COMMANDS=ON -DCMAKE_INSTALL_PREFIX=/home/parallels/CLionProjects/Homeworks/robotics_v1/install/ur_robot_driver
[0.028s] -- Found ament_cmake: 0.9.9 (/opt/ros/foxy/share/ament_cmake/cmake)
[0.043s] -- Found PythonInterp: /usr/bin/python3 (found suitable version "3.8.10", minimum required is "3") 
[0.043s] -- Using PYTHON_EXECUTABLE: /usr/bin/python3
[0.129s] -- Override CMake install command with custom implementation using symlinks instead of copying resources
[0.133s] -- Found hardware_interface: 0.10.1 (/opt/ros/foxy/share/hardware_interface/cmake)
[0.149s] -- Using all available rosidl_typesupport_c: rosidl_typesupport_fastrtps_c;rosidl_typesupport_introspection_c
[0.152s] -- Found rosidl_adapter: 1.2.1 (/opt/ros/foxy/share/rosidl_adapter/cmake)
[0.236s] -- Using all available rosidl_typesupport_cpp: rosidl_typesupport_fastrtps_cpp;rosidl_typesupport_introspection_cpp
[0.589s] -- Found rclcpp: 2.4.1 (/opt/ros/foxy/share/rclcpp/cmake)
[0.613s] -- Found rmw_implementation_cmake: 1.0.3 (/opt/ros/foxy/share/rmw_implementation_cmake/cmake)
[0.614s] -- Using RMW implementation 'rmw_fastrtps_cpp' as default
[0.707s] -- Found std_srvs: 2.0.5 (/opt/ros/foxy/share/std_srvs/cmake)
[0.714s] -- Found ur_dashboard_msgs: 0.0.0 (/home/parallels/CLionProjects/Homeworks/robotics_v1/install/ur_dashboard_msgs/share/ur_dashboard_msgs/cmake)
[0.820s] -- Found ur_controllers: 0.0.0 (/home/parallels/CLionProjects/Homeworks/robotics_v1/install/ur_controllers/share/ur_controllers/cmake)
[1.390s] -- Found ur_description: 0.0.0 (/home/parallels/CLionProjects/Homeworks/robotics_v1/install/ur_description/share/ur_description/cmake)
[1.390s] -- Found ur_bringup: 0.0.0 (/home/parallels/CLionProjects/Homeworks/robotics_v1/install/ur_bringup/share/ur_bringup/cmake)
[1.392s] -- Found launch_testing_ament_cmake: 0.10.8 (/opt/ros/foxy/share/launch_testing_ament_cmake/cmake)
[1.392s] -- Found python_cmake_module: 0.8.1 (/opt/ros/foxy/share/python_cmake_module/cmake)
[1.405s] -- Found PythonInterp: /usr/bin/python3 (found suitable version "3.8.10", minimum required is "3.5") 
[1.406s] -- Using PYTHON_EXECUTABLE: /usr/bin/python3
[1.406s] -- Using PYTHON_INCLUDE_DIRS: /usr/include/python3.8
[1.407s] -- Using PYTHON_LIBRARIES: /usr/lib/aarch64-linux-gnu/libpython3.8.so
[1.409s] -- Configuring done
[1.438s] -- Generating done
[1.440s] -- Build files have been written to: /home/parallels/CLionProjects/Homeworks/robotics_v1/build/ur_robot_driver
[1.445s] Invoked command in '/home/parallels/CLionProjects/Homeworks/robotics_v1/build/ur_robot_driver' returned '0': AMENT_PREFIX_PATH=/home/parallels/CLionProjects/Homeworks/robotics_v1/install/ur_controllers:/home/parallels/CLionProjects/Homeworks/robotics_v1/install/ur_description:/home/parallels/CLionProjects/Homeworks/robotics_v1/install/ur_dashboard_msgs:/home/parallels/CLionProjects/Homeworks/robotics_v1/install/ur_bringup:${AMENT_PREFIX_PATH} CMAKE_PREFIX_PATH=/home/parallels/CLionProjects/Homeworks/robotics_v1/install/ur_controllers:/home/parallels/CLionProjects/Homeworks/robotics_v1/install/ur_description:/home/parallels/CLionProjects/Homeworks/robotics_v1/install/ur_dashboard_msgs:/home/parallels/CLionProjects/Homeworks/robotics_v1/install/ur_client_library:/home/parallels/CLionProjects/Homeworks/robotics_v1/install/ur_bringup:/opt/ros/foxy LD_LIBRARY_PATH=/home/parallels/CLionProjects/Homeworks/robotics_v1/install/ur_controllers/lib:/home/parallels/CLionProjects/Homeworks/robotics_v1/install/ur_dashboard_msgs/lib:/home/parallels/CLionProjects/Homeworks/robotics_v1/install/ur_client_library/lib:${LD_LIBRARY_PATH} PKG_CONFIG_PATH=/home/parallels/CLionProjects/Homeworks/robotics_v1/install/ur_client_library/lib/aarch64-linux-gnu/pkgconfig:/home/parallels/CLionProjects/Homeworks/robotics_v1/install/ur_client_library/lib/pkgconfig PYTHONPATH=/home/parallels/CLionProjects/Homeworks/robotics_v1/install/ur_dashboard_msgs/lib/python3.8/site-packages:${PYTHONPATH} /usr/bin/cmake /home/parallels/CLionProjects/Homeworks/robotics_v1/src/ur_driver/Universal_Robots_ROS2_Driver/ur_robot_driver -DCMAKE_EXPORT_COMPILE_COMMANDS=ON -DCMAKE_INSTALL_PREFIX=/home/parallels/CLionProjects/Homeworks/robotics_v1/install/ur_robot_driver
[1.446s] Invoking command in '/home/parallels/CLionProjects/Homeworks/robotics_v1/build/ur_robot_driver': AMENT_PREFIX_PATH=/home/parallels/CLionProjects/Homeworks/robotics_v1/install/ur_controllers:/home/parallels/CLionProjects/Homeworks/robotics_v1/install/ur_description:/home/parallels/CLionProjects/Homeworks/robotics_v1/install/ur_dashboard_msgs:/home/parallels/CLionProjects/Homeworks/robotics_v1/install/ur_bringup:${AMENT_PREFIX_PATH} CMAKE_PREFIX_PATH=/home/parallels/CLionProjects/Homeworks/robotics_v1/install/ur_controllers:/home/parallels/CLionProjects/Homeworks/robotics_v1/install/ur_description:/home/parallels/CLionProjects/Homeworks/robotics_v1/install/ur_dashboard_msgs:/home/parallels/CLionProjects/Homeworks/robotics_v1/install/ur_client_library:/home/parallels/CLionProjects/Homeworks/robotics_v1/install/ur_bringup:/opt/ros/foxy LD_LIBRARY_PATH=/home/parallels/CLionProjects/Homeworks/robotics_v1/install/ur_controllers/lib:/home/parallels/CLionProjects/Homeworks/robotics_v1/install/ur_dashboard_msgs/lib:/home/parallels/CLionProjects/Homeworks/robotics_v1/install/ur_client_library/lib:${LD_LIBRARY_PATH} PKG_CONFIG_PATH=/home/parallels/CLionProjects/Homeworks/robotics_v1/install/ur_client_library/lib/aarch64-linux-gnu/pkgconfig:/home/parallels/CLionProjects/Homeworks/robotics_v1/install/ur_client_library/lib/pkgconfig PYTHONPATH=/home/parallels/CLionProjects/Homeworks/robotics_v1/install/ur_dashboard_msgs/lib/python3.8/site-packages:${PYTHONPATH} /usr/bin/cmake --build /home/parallels/CLionProjects/Homeworks/robotics_v1/build/ur_robot_driver -- -j4 -l4
[1.515s] [ 50%] Built target dashboard_client
[1.532s] [100%] Built target ur_robot_driver_plugin
[1.540s] Invoked command in '/home/parallels/CLionProjects/Homeworks/robotics_v1/build/ur_robot_driver' returned '0': AMENT_PREFIX_PATH=/home/parallels/CLionProjects/Homeworks/robotics_v1/install/ur_controllers:/home/parallels/CLionProjects/Homeworks/robotics_v1/install/ur_description:/home/parallels/CLionProjects/Homeworks/robotics_v1/install/ur_dashboard_msgs:/home/parallels/CLionProjects/Homeworks/robotics_v1/install/ur_bringup:${AMENT_PREFIX_PATH} CMAKE_PREFIX_PATH=/home/parallels/CLionProjects/Homeworks/robotics_v1/install/ur_controllers:/home/parallels/CLionProjects/Homeworks/robotics_v1/install/ur_description:/home/parallels/CLionProjects/Homeworks/robotics_v1/install/ur_dashboard_msgs:/home/parallels/CLionProjects/Homeworks/robotics_v1/install/ur_client_library:/home/parallels/CLionProjects/Homeworks/robotics_v1/install/ur_bringup:/opt/ros/foxy LD_LIBRARY_PATH=/home/parallels/CLionProjects/Homeworks/robotics_v1/install/ur_controllers/lib:/home/parallels/CLionProjects/Homeworks/robotics_v1/install/ur_dashboard_msgs/lib:/home/parallels/CLionProjects/Homeworks/robotics_v1/install/ur_client_library/lib:${LD_LIBRARY_PATH} PKG_CONFIG_PATH=/home/parallels/CLionProjects/Homeworks/robotics_v1/install/ur_client_library/lib/aarch64-linux-gnu/pkgconfig:/home/parallels/CLionProjects/Homeworks/robotics_v1/install/ur_client_library/lib/pkgconfig PYTHONPATH=/home/parallels/CLionProjects/Homeworks/robotics_v1/install/ur_dashboard_msgs/lib/python3.8/site-packages:${PYTHONPATH} /usr/bin/cmake --build /home/parallels/CLionProjects/Homeworks/robotics_v1/build/ur_robot_driver -- -j4 -l4
[1.566s] Invoking command in '/home/parallels/CLionProjects/Homeworks/robotics_v1/build/ur_robot_driver': AMENT_PREFIX_PATH=/home/parallels/CLionProjects/Homeworks/robotics_v1/install/ur_controllers:/home/parallels/CLionProjects/Homeworks/robotics_v1/install/ur_description:/home/parallels/CLionProjects/Homeworks/robotics_v1/install/ur_dashboard_msgs:/home/parallels/CLionProjects/Homeworks/robotics_v1/install/ur_bringup:${AMENT_PREFIX_PATH} CMAKE_PREFIX_PATH=/home/parallels/CLionProjects/Homeworks/robotics_v1/install/ur_controllers:/home/parallels/CLionProjects/Homeworks/robotics_v1/install/ur_description:/home/parallels/CLionProjects/Homeworks/robotics_v1/install/ur_dashboard_msgs:/home/parallels/CLionProjects/Homeworks/robotics_v1/install/ur_client_library:/home/parallels/CLionProjects/Homeworks/robotics_v1/install/ur_bringup:/opt/ros/foxy LD_LIBRARY_PATH=/home/parallels/CLionProjects/Homeworks/robotics_v1/install/ur_controllers/lib:/home/parallels/CLionProjects/Homeworks/robotics_v1/install/ur_dashboard_msgs/lib:/home/parallels/CLionProjects/Homeworks/robotics_v1/install/ur_client_library/lib:${LD_LIBRARY_PATH} PKG_CONFIG_PATH=/home/parallels/CLionProjects/Homeworks/robotics_v1/install/ur_client_library/lib/aarch64-linux-gnu/pkgconfig:/home/parallels/CLionProjects/Homeworks/robotics_v1/install/ur_client_library/lib/pkgconfig PYTHONPATH=/home/parallels/CLionProjects/Homeworks/robotics_v1/install/ur_dashboard_msgs/lib/python3.8/site-packages:${PYTHONPATH} /usr/bin/cmake --install /home/parallels/CLionProjects/Homeworks/robotics_v1/build/ur_robot_driver
[1.575s] -- Install configuration: "RelWithDebInfo"
[1.575s] -- Execute custom install script
[1.575s] -- Up-to-date symlink: /home/parallels/CLionProjects/Homeworks/robotics_v1/install/ur_robot_driver/share/ur_robot_driver//hardware_interface_plugin.xml
[1.575s] -- Up-to-date symlink: /home/parallels/CLionProjects/Homeworks/robotics_v1/install/ur_robot_driver/lib/ur_robot_driver/dashboard_client
[1.576s] -- Up-to-date symlink: /home/parallels/CLionProjects/Homeworks/robotics_v1/install/ur_robot_driver/lib/libur_robot_driver_plugin.so
[1.576s] -- Up-to-date symlink: /home/parallels/CLionProjects/Homeworks/robotics_v1/install/ur_robot_driver/include/ur_robot_driver/dashboard_client_ros.hpp
[1.576s] -- Up-to-date symlink: /home/parallels/CLionProjects/Homeworks/robotics_v1/install/ur_robot_driver/include/ur_robot_driver/hardware_interface.hpp
[1.576s] -- Up-to-date symlink: /home/parallels/CLionProjects/Homeworks/robotics_v1/install/ur_robot_driver/include/ur_robot_driver/urcl_log_handler.hpp
[1.577s] -- Up-to-date symlink: /home/parallels/CLionProjects/Homeworks/robotics_v1/install/ur_robot_driver/share/ur_robot_driver/environment/library_path.sh
[1.577s] -- Up-to-date symlink: /home/parallels/CLionProjects/Homeworks/robotics_v1/install/ur_robot_driver/share/ur_robot_driver/environment/library_path.dsv
[1.577s] -- Up-to-date symlink: /home/parallels/CLionProjects/Homeworks/robotics_v1/install/ur_robot_driver/bin/tool_communication
[1.578s] -- Up-to-date symlink: /home/parallels/CLionProjects/Homeworks/robotics_v1/install/ur_robot_driver/share/ur_robot_driver/resources/Dockerfile
[1.578s] -- Up-to-date symlink: /home/parallels/CLionProjects/Homeworks/robotics_v1/install/ur_robot_driver/share/ur_robot_driver/resources/externalcontrol-1.0.5.urcap
[1.578s] -- Up-to-date symlink: /home/parallels/CLionProjects/Homeworks/robotics_v1/install/ur_robot_driver/share/ur_robot_driver/resources/ros_control.urscript
[1.578s] -- Up-to-date symlink: /home/parallels/CLionProjects/Homeworks/robotics_v1/install/ur_robot_driver/share/ur_robot_driver/resources/rs485-1.0.urcap
[1.578s] -- Up-to-date symlink: /home/parallels/CLionProjects/Homeworks/robotics_v1/install/ur_robot_driver/share/ur_robot_driver/resources/rtde_input_recipe.txt
[1.578s] -- Up-to-date symlink: /home/parallels/CLionProjects/Homeworks/robotics_v1/install/ur_robot_driver/share/ur_robot_driver/resources/rtde_output_recipe.txt
[1.579s] -- Up-to-date symlink: /home/parallels/CLionProjects/Homeworks/robotics_v1/install/ur_robot_driver/share/ur_robot_driver/resources/ursim_driver/README.md
[1.579s] -- Up-to-date symlink: /home/parallels/CLionProjects/Homeworks/robotics_v1/install/ur_robot_driver/share/ur_robot_driver/resources/ursim_driver/build_and_run_docker_ursim_with_driver.sh
[1.579s] -- Up-to-date symlink: /home/parallels/CLionProjects/Homeworks/robotics_v1/install/ur_robot_driver/share/ur_robot_driver/resources/ursim_driver/docker-compose.yml
[1.580s] -- Up-to-date symlink: /home/parallels/CLionProjects/Homeworks/robotics_v1/install/ur_robot_driver/share/ur_robot_driver/resources/ursim_driver/driver/Dockerfile
[1.580s] -- Up-to-date symlink: /home/parallels/CLionProjects/Homeworks/robotics_v1/install/ur_robot_driver/share/ur_robot_driver/resources/ursim_driver/driver/entrypoint.sh
[1.580s] -- Up-to-date symlink: /home/parallels/CLionProjects/Homeworks/robotics_v1/install/ur_robot_driver/share/ur_robot_driver/resources/ursim_driver/driver/wait_dashboard_server.sh
[1.580s] -- Up-to-date symlink: /home/parallels/CLionProjects/Homeworks/robotics_v1/install/ur_robot_driver/share/ur_robot_driver/resources/ursim_driver/resources/add_urcap.png
[1.580s] -- Up-to-date symlink: /home/parallels/CLionProjects/Homeworks/robotics_v1/install/ur_robot_driver/share/ur_robot_driver/resources/ursim_driver/resources/added_external_ctrl.png
[1.580s] -- Up-to-date symlink: /home/parallels/CLionProjects/Homeworks/robotics_v1/install/ur_robot_driver/share/ur_robot_driver/resources/ursim_driver/resources/added_urcap.png
[1.581s] -- Up-to-date symlink: /home/parallels/CLionProjects/Homeworks/robotics_v1/install/ur_robot_driver/share/ur_robot_driver/resources/ursim_driver/resources/move_tab.png
[1.581s] -- Up-to-date symlink: /home/parallels/CLionProjects/Homeworks/robotics_v1/install/ur_robot_driver/share/ur_robot_driver/resources/ursim_driver/resources/powered_on.png
[1.581s] -- Up-to-date symlink: /home/parallels/CLionProjects/Homeworks/robotics_v1/install/ur_robot_driver/share/ur_robot_driver/resources/ursim_driver/resources/poweron_proc.png
[1.581s] -- Up-to-date symlink: /home/parallels/CLionProjects/Homeworks/robotics_v1/install/ur_robot_driver/share/ur_robot_driver/resources/ursim_driver/resources/running_external_ctrl.png
[1.581s] -- Up-to-date symlink: /home/parallels/CLionProjects/Homeworks/robotics_v1/install/ur_robot_driver/share/ur_robot_driver/resources/ursim_driver/resources/rviz.png
[1.581s] -- Up-to-date symlink: /home/parallels/CLionProjects/Homeworks/robotics_v1/install/ur_robot_driver/share/ur_robot_driver/resources/ursim_driver/resources/settings.png
[1.582s] -- Up-to-date symlink: /home/parallels/CLionProjects/Homeworks/robotics_v1/install/ur_robot_driver/share/ur_robot_driver/resources/ursim_driver/resources/terminal.png
[1.582s] -- Up-to-date symlink: /home/parallels/CLionProjects/Homeworks/robotics_v1/install/ur_robot_driver/share/ur_robot_driver/resources/ursim_driver/resources/urcap_menu.png
[1.582s] -- Up-to-date symlink: /home/parallels/CLionProjects/Homeworks/robotics_v1/install/ur_robot_driver/share/ur_robot_driver/resources/ursim_driver/resources/vncviewer_list.png
[1.582s] -- Up-to-date symlink: /home/parallels/CLionProjects/Homeworks/robotics_v1/install/ur_robot_driver/share/ur_robot_driver/resources/ursim_driver/ursim/aux/.vol/urcap_ros_control.installation
[1.582s] -- Up-to-date symlink: /home/parallels/CLionProjects/Homeworks/robotics_v1/install/ur_robot_driver/share/ur_robot_driver/resources/ursim_driver/ursim/aux/.vol/urcap_ros_control.script
[1.582s] -- Up-to-date symlink: /home/parallels/CLionProjects/Homeworks/robotics_v1/install/ur_robot_driver/share/ur_robot_driver/resources/ursim_driver/ursim/aux/.vol/urcap_ros_control.txt
[1.583s] -- Up-to-date symlink: /home/parallels/CLionProjects/Homeworks/robotics_v1/install/ur_robot_driver/share/ur_robot_driver/resources/ursim_driver/ursim/aux/.vol/urcap_ros_control.urp
[1.583s] -- Up-to-date symlink: /home/parallels/CLionProjects/Homeworks/robotics_v1/install/ur_robot_driver/share/ur_robot_driver/resources/ursim_driver/ursim/aux/.vol/urcap_ros_control.variables
[1.583s] -- Up-to-date symlink: /home/parallels/CLionProjects/Homeworks/robotics_v1/install/ur_robot_driver/share/ur_robot_driver/resources/ursim_driver/ursim/aux/externalcontrol-1.0.5.urcap
[1.583s] -- Up-to-date symlink: /home/parallels/CLionProjects/Homeworks/robotics_v1/install/ur_robot_driver/share/ur_robot_driver/resources/ursim_driver/ursim/aux/ros_control.urscript
[1.583s] -- Up-to-date symlink: /home/parallels/CLionProjects/Homeworks/robotics_v1/install/ur_robot_driver/share/ur_robot_driver/resources/ursim_driver/ursim/aux/rs485-1.0.urcap
[1.583s] -- Up-to-date symlink: /home/parallels/CLionProjects/Homeworks/robotics_v1/install/ur_robot_driver/share/ur_robot_driver/resources/ursim_driver/ursim/g3/Dockerfile
[1.583s] -- Up-to-date symlink: /home/parallels/CLionProjects/Homeworks/robotics_v1/install/ur_robot_driver/share/ur_robot_driver/resources/ursim_driver/ursim/g3/entrypoint.sh
[1.583s] -- Up-to-date symlink: /home/parallels/CLionProjects/Homeworks/robotics_v1/install/ur_robot_driver/share/ur_robot_driver/resources/ursim_driver/ursim/g5/Dockerfile
[1.584s] -- Up-to-date symlink: /home/parallels/CLionProjects/Homeworks/robotics_v1/install/ur_robot_driver/share/ur_robot_driver/resources/ursim_driver/ursim/g5/entrypoint.sh
[1.584s] -- Up-to-date symlink: /home/parallels/CLionProjects/Homeworks/robotics_v1/install/ur_robot_driver/include/ur_robot_driver/dashboard_client_ros.hpp
[1.584s] -- Up-to-date symlink: /home/parallels/CLionProjects/Homeworks/robotics_v1/install/ur_robot_driver/include/ur_robot_driver/hardware_interface.hpp
[1.584s] -- Up-to-date symlink: /home/parallels/CLionProjects/Homeworks/robotics_v1/install/ur_robot_driver/include/ur_robot_driver/urcl_log_handler.hpp
[1.584s] -- Up-to-date symlink: /home/parallels/CLionProjects/Homeworks/robotics_v1/install/ur_robot_driver/share/ament_index/resource_index/package_run_dependencies/ur_robot_driver
[1.584s] -- Up-to-date symlink: /home/parallels/CLionProjects/Homeworks/robotics_v1/install/ur_robot_driver/share/ament_index/resource_index/parent_prefix_path/ur_robot_driver
[1.585s] -- Up-to-date symlink: /home/parallels/CLionProjects/Homeworks/robotics_v1/install/ur_robot_driver/share/ur_robot_driver/environment/ament_prefix_path.sh
[1.585s] -- Up-to-date symlink: /home/parallels/CLionProjects/Homeworks/robotics_v1/install/ur_robot_driver/share/ur_robot_driver/environment/ament_prefix_path.dsv
[1.585s] -- Up-to-date symlink: /home/parallels/CLionProjects/Homeworks/robotics_v1/install/ur_robot_driver/share/ur_robot_driver/environment/path.sh
[1.585s] -- Up-to-date symlink: /home/parallels/CLionProjects/Homeworks/robotics_v1/install/ur_robot_driver/share/ur_robot_driver/environment/path.dsv
[1.586s] -- Up-to-date symlink: /home/parallels/CLionProjects/Homeworks/robotics_v1/install/ur_robot_driver/share/ur_robot_driver/local_setup.bash
[1.586s] -- Up-to-date symlink: /home/parallels/CLionProjects/Homeworks/robotics_v1/install/ur_robot_driver/share/ur_robot_driver/local_setup.sh
[1.586s] -- Up-to-date symlink: /home/parallels/CLionProjects/Homeworks/robotics_v1/install/ur_robot_driver/share/ur_robot_driver/local_setup.zsh
[1.586s] -- Up-to-date symlink: /home/parallels/CLionProjects/Homeworks/robotics_v1/install/ur_robot_driver/share/ur_robot_driver/local_setup.dsv
[1.586s] -- Symlinking: /home/parallels/CLionProjects/Homeworks/robotics_v1/install/ur_robot_driver/share/ur_robot_driver/package.dsv
[1.594s] -- Up-to-date symlink: /home/parallels/CLionProjects/Homeworks/robotics_v1/install/ur_robot_driver/share/ament_index/resource_index/packages/ur_robot_driver
[1.594s] -- Up-to-date symlink: /home/parallels/CLionProjects/Homeworks/robotics_v1/install/ur_robot_driver/share/ament_index/resource_index/hardware_interface__pluginlib__plugin/ur_robot_driver
[1.594s] -- Up-to-date symlink: /home/parallels/CLionProjects/Homeworks/robotics_v1/install/ur_robot_driver/share/ur_robot_driver/cmake/ament_cmake_export_include_directories-extras.cmake
[1.594s] -- Up-to-date symlink: /home/parallels/CLionProjects/Homeworks/robotics_v1/install/ur_robot_driver/share/ur_robot_driver/cmake/ament_cmake_export_libraries-extras.cmake
[1.595s] -- Up-to-date symlink: /home/parallels/CLionProjects/Homeworks/robotics_v1/install/ur_robot_driver/share/ur_robot_driver/cmake/ament_cmake_export_dependencies-extras.cmake
[1.595s] -- Up-to-date symlink: /home/parallels/CLionProjects/Homeworks/robotics_v1/install/ur_robot_driver/share/ur_robot_driver/cmake/ur_robot_driverConfig.cmake
[1.595s] -- Up-to-date symlink: /home/parallels/CLionProjects/Homeworks/robotics_v1/install/ur_robot_driver/share/ur_robot_driver/cmake/ur_robot_driverConfig-version.cmake
[1.595s] -- Up-to-date symlink: /home/parallels/CLionProjects/Homeworks/robotics_v1/install/ur_robot_driver/share/ur_robot_driver/package.xml
[1.606s] Invoked command in '/home/parallels/CLionProjects/Homeworks/robotics_v1/build/ur_robot_driver' returned '0': AMENT_PREFIX_PATH=/home/parallels/CLionProjects/Homeworks/robotics_v1/install/ur_controllers:/home/parallels/CLionProjects/Homeworks/robotics_v1/install/ur_description:/home/parallels/CLionProjects/Homeworks/robotics_v1/install/ur_dashboard_msgs:/home/parallels/CLionProjects/Homeworks/robotics_v1/install/ur_bringup:${AMENT_PREFIX_PATH} CMAKE_PREFIX_PATH=/home/parallels/CLionProjects/Homeworks/robotics_v1/install/ur_controllers:/home/parallels/CLionProjects/Homeworks/robotics_v1/install/ur_description:/home/parallels/CLionProjects/Homeworks/robotics_v1/install/ur_dashboard_msgs:/home/parallels/CLionProjects/Homeworks/robotics_v1/install/ur_client_library:/home/parallels/CLionProjects/Homeworks/robotics_v1/install/ur_bringup:/opt/ros/foxy LD_LIBRARY_PATH=/home/parallels/CLionProjects/Homeworks/robotics_v1/install/ur_controllers/lib:/home/parallels/CLionProjects/Homeworks/robotics_v1/install/ur_dashboard_msgs/lib:/home/parallels/CLionProjects/Homeworks/robotics_v1/install/ur_client_library/lib:${LD_LIBRARY_PATH} PKG_CONFIG_PATH=/home/parallels/CLionProjects/Homeworks/robotics_v1/install/ur_client_library/lib/aarch64-linux-gnu/pkgconfig:/home/parallels/CLionProjects/Homeworks/robotics_v1/install/ur_client_library/lib/pkgconfig PYTHONPATH=/home/parallels/CLionProjects/Homeworks/robotics_v1/install/ur_dashboard_msgs/lib/python3.8/site-packages:${PYTHONPATH} /usr/bin/cmake --install /home/parallels/CLionProjects/Homeworks/robotics_v1/build/ur_robot_driver
