[  2%] Built target robo_collector_interfaces__cpp
[ 12%] Built target robo_collector_interfaces__rosidl_generator_c
[ 23%] Built target robo_collector_interfaces__rosidl_typesupport_introspection_cpp
[ 33%] Built target robo_collector_interfaces__rosidl_typesupport_cpp
[ 43%] Built target robo_collector_interfaces__rosidl_typesupport_fastrtps_cpp
[ 53%] Built target robo_collector_interfaces__rosidl_typesupport_introspection_c
[ 64%] Built target robo_collector_interfaces__rosidl_typesupport_c
[ 74%] Built target robo_collector_interfaces__rosidl_typesupport_fastrtps_c
[ 74%] Built target robo_collector_interfaces
[ 76%] Built target robo_collector_interfaces__py
[ 84%] Built target robo_collector_interfaces__python
[ 89%] Built target robo_collector_interfaces__rosidl_typesupport_c__pyext
[ 94%] Built target robo_collector_interfaces__rosidl_typesupport_fastrtps_c__pyext
[100%] Built target robo_collector_interfaces__rosidl_typesupport_introspection_c__pyext
-- Install configuration: "RelWithDebInfo"
-- Execute custom install script
-- Up-to-date symlink: /home/parallels/CLionProjects/Homeworks/robotics_v1/install/robo_collector_interfaces/share/ament_index/resource_index/rosidl_interfaces/robo_collector_interfaces
-- Up-to-date symlink: /home/parallels/CLionProjects/Homeworks/robotics_v1/install/robo_collector_interfaces/include/robo_collector_interfaces/msg/detail/robot_move_type__functions.h
-- Up-to-date symlink: /home/parallels/CLionProjects/Homeworks/robotics_v1/install/robo_collector_interfaces/include/robo_collector_interfaces/msg/detail/robot_move_type__struct.h
-- Up-to-date symlink: /home/parallels/CLionProjects/Homeworks/robotics_v1/install/robo_collector_interfaces/include/robo_collector_interfaces/msg/detail/robot_move_type__type_support.h
-- Up-to-date symlink: /home/parallels/CLionProjects/Homeworks/robotics_v1/install/robo_collector_interfaces/include/robo_collector_interfaces/msg/detail/user_authenticate__functions.h
-- Up-to-date symlink: /home/parallels/CLionProjects/Homeworks/robotics_v1/install/robo_collector_interfaces/include/robo_collector_interfaces/msg/detail/user_authenticate__struct.h
-- Up-to-date symlink: /home/parallels/CLionProjects/Homeworks/robotics_v1/install/robo_collector_interfaces/include/robo_collector_interfaces/msg/detail/user_authenticate__type_support.h
-- Up-to-date symlink: /home/parallels/CLionProjects/Homeworks/robotics_v1/install/robo_collector_interfaces/include/robo_collector_interfaces/msg/robot_move_type.h
-- Up-to-date symlink: /home/parallels/CLionProjects/Homeworks/robotics_v1/install/robo_collector_interfaces/include/robo_collector_interfaces/msg/rosidl_generator_c__visibility_control.h
-- Up-to-date symlink: /home/parallels/CLionProjects/Homeworks/robotics_v1/install/robo_collector_interfaces/include/robo_collector_interfaces/msg/user_authenticate.h
-- Up-to-date symlink: /home/parallels/CLionProjects/Homeworks/robotics_v1/install/robo_collector_interfaces/share/robo_collector_interfaces/environment/library_path.sh
-- Up-to-date symlink: /home/parallels/CLionProjects/Homeworks/robotics_v1/install/robo_collector_interfaces/share/robo_collector_interfaces/environment/library_path.dsv
-- Up-to-date symlink: /home/parallels/CLionProjects/Homeworks/robotics_v1/install/robo_collector_interfaces/include/robo_collector_interfaces/msg/detail/robot_move_type__rosidl_typesupport_fastrtps_c.h
-- Up-to-date symlink: /home/parallels/CLionProjects/Homeworks/robotics_v1/install/robo_collector_interfaces/include/robo_collector_interfaces/msg/detail/user_authenticate__rosidl_typesupport_fastrtps_c.h
-- Up-to-date symlink: /home/parallels/CLionProjects/Homeworks/robotics_v1/install/robo_collector_interfaces/include/robo_collector_interfaces/msg/rosidl_typesupport_fastrtps_c__visibility_control.h
-- Up-to-date symlink: /home/parallels/CLionProjects/Homeworks/robotics_v1/install/robo_collector_interfaces/lib/librobo_collector_interfaces__rosidl_typesupport_fastrtps_c.so
-- Up-to-date symlink: /home/parallels/CLionProjects/Homeworks/robotics_v1/install/robo_collector_interfaces/include/robo_collector_interfaces/msg/detail/robot_move_type__rosidl_typesupport_fastrtps_cpp.hpp
-- Up-to-date symlink: /home/parallels/CLionProjects/Homeworks/robotics_v1/install/robo_collector_interfaces/include/robo_collector_interfaces/msg/detail/user_authenticate__rosidl_typesupport_fastrtps_cpp.hpp
-- Up-to-date symlink: /home/parallels/CLionProjects/Homeworks/robotics_v1/install/robo_collector_interfaces/include/robo_collector_interfaces/msg/rosidl_typesupport_fastrtps_cpp__visibility_control.h
-- Up-to-date symlink: /home/parallels/CLionProjects/Homeworks/robotics_v1/install/robo_collector_interfaces/lib/librobo_collector_interfaces__rosidl_typesupport_fastrtps_cpp.so
-- Up-to-date symlink: /home/parallels/CLionProjects/Homeworks/robotics_v1/install/robo_collector_interfaces/include/robo_collector_interfaces/msg/detail/robot_move_type__rosidl_typesupport_introspection_c.h
-- Up-to-date symlink: /home/parallels/CLionProjects/Homeworks/robotics_v1/install/robo_collector_interfaces/include/robo_collector_interfaces/msg/detail/user_authenticate__rosidl_typesupport_introspection_c.h
-- Up-to-date symlink: /home/parallels/CLionProjects/Homeworks/robotics_v1/install/robo_collector_interfaces/include/robo_collector_interfaces/msg/rosidl_typesupport_introspection_c__visibility_control.h
-- Up-to-date symlink: /home/parallels/CLionProjects/Homeworks/robotics_v1/install/robo_collector_interfaces/include/robo_collector_interfaces/msg/detail/robot_move_type__builder.hpp
-- Up-to-date symlink: /home/parallels/CLionProjects/Homeworks/robotics_v1/install/robo_collector_interfaces/include/robo_collector_interfaces/msg/detail/robot_move_type__struct.hpp
-- Up-to-date symlink: /home/parallels/CLionProjects/Homeworks/robotics_v1/install/robo_collector_interfaces/include/robo_collector_interfaces/msg/detail/robot_move_type__traits.hpp
-- Up-to-date symlink: /home/parallels/CLionProjects/Homeworks/robotics_v1/install/robo_collector_interfaces/include/robo_collector_interfaces/msg/detail/user_authenticate__builder.hpp
-- Up-to-date symlink: /home/parallels/CLionProjects/Homeworks/robotics_v1/install/robo_collector_interfaces/include/robo_collector_interfaces/msg/detail/user_authenticate__struct.hpp
-- Up-to-date symlink: /home/parallels/CLionProjects/Homeworks/robotics_v1/install/robo_collector_interfaces/include/robo_collector_interfaces/msg/detail/user_authenticate__traits.hpp
-- Up-to-date symlink: /home/parallels/CLionProjects/Homeworks/robotics_v1/install/robo_collector_interfaces/include/robo_collector_interfaces/msg/robot_move_type.hpp
-- Up-to-date symlink: /home/parallels/CLionProjects/Homeworks/robotics_v1/install/robo_collector_interfaces/include/robo_collector_interfaces/msg/user_authenticate.hpp
-- Up-to-date symlink: /home/parallels/CLionProjects/Homeworks/robotics_v1/install/robo_collector_interfaces/include/robo_collector_interfaces/msg/detail/robot_move_type__rosidl_typesupport_introspection_cpp.hpp
-- Up-to-date symlink: /home/parallels/CLionProjects/Homeworks/robotics_v1/install/robo_collector_interfaces/include/robo_collector_interfaces/msg/detail/user_authenticate__rosidl_typesupport_introspection_cpp.hpp
-- Up-to-date symlink: /home/parallels/CLionProjects/Homeworks/robotics_v1/install/robo_collector_interfaces/share/robo_collector_interfaces/environment/pythonpath.sh
-- Up-to-date symlink: /home/parallels/CLionProjects/Homeworks/robotics_v1/install/robo_collector_interfaces/share/robo_collector_interfaces/environment/pythonpath.dsv
-- Up-to-date symlink: /home/parallels/CLionProjects/Homeworks/robotics_v1/install/robo_collector_interfaces/lib/python3.8/site-packages/robo_collector_interfaces/__init__.py
-- Up-to-date symlink: /home/parallels/CLionProjects/Homeworks/robotics_v1/install/robo_collector_interfaces/lib/python3.8/site-packages/robo_collector_interfaces/msg/__init__.py
-- Up-to-date symlink: /home/parallels/CLionProjects/Homeworks/robotics_v1/install/robo_collector_interfaces/lib/python3.8/site-packages/robo_collector_interfaces/msg/_robot_move_type.py
-- Up-to-date symlink: /home/parallels/CLionProjects/Homeworks/robotics_v1/install/robo_collector_interfaces/lib/python3.8/site-packages/robo_collector_interfaces/msg/_user_authenticate.py
-- Up-to-date symlink: /home/parallels/CLionProjects/Homeworks/robotics_v1/install/robo_collector_interfaces/lib/python3.8/site-packages/robo_collector_interfaces/robo_collector_interfaces_s__rosidl_typesupport_fastrtps_c.cpython-38-aarch64-linux-gnu.so
-- Up-to-date symlink: /home/parallels/CLionProjects/Homeworks/robotics_v1/install/robo_collector_interfaces/lib/python3.8/site-packages/robo_collector_interfaces/robo_collector_interfaces_s__rosidl_typesupport_introspection_c.cpython-38-aarch64-linux-gnu.so
-- Up-to-date symlink: /home/parallels/CLionProjects/Homeworks/robotics_v1/install/robo_collector_interfaces/lib/python3.8/site-packages/robo_collector_interfaces/robo_collector_interfaces_s__rosidl_typesupport_c.cpython-38-aarch64-linux-gnu.so
-- Up-to-date symlink: /home/parallels/CLionProjects/Homeworks/robotics_v1/install/robo_collector_interfaces/lib/librobo_collector_interfaces__python.so
-- Up-to-date symlink: /home/parallels/CLionProjects/Homeworks/robotics_v1/install/robo_collector_interfaces/share/robo_collector_interfaces/msg/RobotMoveType.idl
-- Up-to-date symlink: /home/parallels/CLionProjects/Homeworks/robotics_v1/install/robo_collector_interfaces/share/robo_collector_interfaces/msg/UserAuthenticate.idl
-- Up-to-date symlink: /home/parallels/CLionProjects/Homeworks/robotics_v1/install/robo_collector_interfaces/share/robo_collector_interfaces/msg/RobotMoveType.msg
-- Up-to-date symlink: /home/parallels/CLionProjects/Homeworks/robotics_v1/install/robo_collector_interfaces/share/robo_collector_interfaces/msg/UserAuthenticate.msg
-- Up-to-date symlink: /home/parallels/CLionProjects/Homeworks/robotics_v1/install/robo_collector_interfaces/share/ament_index/resource_index/package_run_dependencies/robo_collector_interfaces
-- Up-to-date symlink: /home/parallels/CLionProjects/Homeworks/robotics_v1/install/robo_collector_interfaces/share/ament_index/resource_index/parent_prefix_path/robo_collector_interfaces
-- Up-to-date symlink: /home/parallels/CLionProjects/Homeworks/robotics_v1/install/robo_collector_interfaces/share/robo_collector_interfaces/environment/ament_prefix_path.sh
-- Up-to-date symlink: /home/parallels/CLionProjects/Homeworks/robotics_v1/install/robo_collector_interfaces/share/robo_collector_interfaces/environment/ament_prefix_path.dsv
-- Up-to-date symlink: /home/parallels/CLionProjects/Homeworks/robotics_v1/install/robo_collector_interfaces/share/robo_collector_interfaces/environment/path.sh
-- Up-to-date symlink: /home/parallels/CLionProjects/Homeworks/robotics_v1/install/robo_collector_interfaces/share/robo_collector_interfaces/environment/path.dsv
-- Up-to-date symlink: /home/parallels/CLionProjects/Homeworks/robotics_v1/install/robo_collector_interfaces/share/robo_collector_interfaces/local_setup.bash
-- Up-to-date symlink: /home/parallels/CLionProjects/Homeworks/robotics_v1/install/robo_collector_interfaces/share/robo_collector_interfaces/local_setup.sh
-- Up-to-date symlink: /home/parallels/CLionProjects/Homeworks/robotics_v1/install/robo_collector_interfaces/share/robo_collector_interfaces/local_setup.zsh
-- Up-to-date symlink: /home/parallels/CLionProjects/Homeworks/robotics_v1/install/robo_collector_interfaces/share/robo_collector_interfaces/local_setup.dsv
-- Symlinking: /home/parallels/CLionProjects/Homeworks/robotics_v1/install/robo_collector_interfaces/share/robo_collector_interfaces/package.dsv
-- Up-to-date symlink: /home/parallels/CLionProjects/Homeworks/robotics_v1/install/robo_collector_interfaces/share/ament_index/resource_index/packages/robo_collector_interfaces
-- Up-to-date symlink: /home/parallels/CLionProjects/Homeworks/robotics_v1/install/robo_collector_interfaces/share/robo_collector_interfaces/cmake/rosidl_cmake-extras.cmake
-- Up-to-date symlink: /home/parallels/CLionProjects/Homeworks/robotics_v1/install/robo_collector_interfaces/share/robo_collector_interfaces/cmake/ament_cmake_export_dependencies-extras.cmake
-- Up-to-date symlink: /home/parallels/CLionProjects/Homeworks/robotics_v1/install/robo_collector_interfaces/share/robo_collector_interfaces/cmake/ament_cmake_export_libraries-extras.cmake
-- Up-to-date symlink: /home/parallels/CLionProjects/Homeworks/robotics_v1/install/robo_collector_interfaces/share/robo_collector_interfaces/cmake/ament_cmake_export_targets-extras.cmake
-- Up-to-date symlink: /home/parallels/CLionProjects/Homeworks/robotics_v1/install/robo_collector_interfaces/share/robo_collector_interfaces/cmake/ament_cmake_export_include_directories-extras.cmake
-- Up-to-date symlink: /home/parallels/CLionProjects/Homeworks/robotics_v1/install/robo_collector_interfaces/share/robo_collector_interfaces/cmake/rosidl_cmake_export_typesupport_libraries-extras.cmake
-- Up-to-date symlink: /home/parallels/CLionProjects/Homeworks/robotics_v1/install/robo_collector_interfaces/share/robo_collector_interfaces/cmake/rosidl_cmake_export_typesupport_targets-extras.cmake
-- Up-to-date symlink: /home/parallels/CLionProjects/Homeworks/robotics_v1/install/robo_collector_interfaces/share/robo_collector_interfaces/cmake/robo_collector_interfacesConfig.cmake
-- Up-to-date symlink: /home/parallels/CLionProjects/Homeworks/robotics_v1/install/robo_collector_interfaces/share/robo_collector_interfaces/cmake/robo_collector_interfacesConfig-version.cmake
-- Up-to-date symlink: /home/parallels/CLionProjects/Homeworks/robotics_v1/install/robo_collector_interfaces/share/robo_collector_interfaces/package.xml
-- Up-to-date: /home/parallels/CLionProjects/Homeworks/robotics_v1/install/robo_collector_interfaces/lib/librobo_collector_interfaces__rosidl_generator_c.so
-- Up-to-date: /home/parallels/CLionProjects/Homeworks/robotics_v1/install/robo_collector_interfaces/lib/librobo_collector_interfaces__rosidl_typesupport_introspection_c.so
-- Up-to-date: /home/parallels/CLionProjects/Homeworks/robotics_v1/install/robo_collector_interfaces/lib/librobo_collector_interfaces__rosidl_typesupport_c.so
-- Up-to-date: /home/parallels/CLionProjects/Homeworks/robotics_v1/install/robo_collector_interfaces/lib/librobo_collector_interfaces__rosidl_typesupport_introspection_cpp.so
-- Up-to-date: /home/parallels/CLionProjects/Homeworks/robotics_v1/install/robo_collector_interfaces/lib/librobo_collector_interfaces__rosidl_typesupport_cpp.so
-- Up-to-date: /home/parallels/CLionProjects/Homeworks/robotics_v1/install/robo_collector_interfaces/share/robo_collector_interfaces/cmake/robo_collector_interfaces__rosidl_generator_cExport.cmake
-- Up-to-date: /home/parallels/CLionProjects/Homeworks/robotics_v1/install/robo_collector_interfaces/share/robo_collector_interfaces/cmake/robo_collector_interfaces__rosidl_generator_cExport-relwithdebinfo.cmake
-- Up-to-date: /home/parallels/CLionProjects/Homeworks/robotics_v1/install/robo_collector_interfaces/share/robo_collector_interfaces/cmake/robo_collector_interfaces__rosidl_typesupport_introspection_cExport.cmake
-- Up-to-date: /home/parallels/CLionProjects/Homeworks/robotics_v1/install/robo_collector_interfaces/share/robo_collector_interfaces/cmake/robo_collector_interfaces__rosidl_typesupport_introspection_cExport-relwithdebinfo.cmake
-- Up-to-date: /home/parallels/CLionProjects/Homeworks/robotics_v1/install/robo_collector_interfaces/share/robo_collector_interfaces/cmake/robo_collector_interfaces__rosidl_typesupport_cExport.cmake
-- Up-to-date: /home/parallels/CLionProjects/Homeworks/robotics_v1/install/robo_collector_interfaces/share/robo_collector_interfaces/cmake/robo_collector_interfaces__rosidl_typesupport_cExport-relwithdebinfo.cmake
-- Up-to-date: /home/parallels/CLionProjects/Homeworks/robotics_v1/install/robo_collector_interfaces/share/robo_collector_interfaces/cmake/robo_collector_interfaces__rosidl_generator_cppExport.cmake
-- Up-to-date: /home/parallels/CLionProjects/Homeworks/robotics_v1/install/robo_collector_interfaces/share/robo_collector_interfaces/cmake/robo_collector_interfaces__rosidl_typesupport_introspection_cppExport.cmake
-- Up-to-date: /home/parallels/CLionProjects/Homeworks/robotics_v1/install/robo_collector_interfaces/share/robo_collector_interfaces/cmake/robo_collector_interfaces__rosidl_typesupport_introspection_cppExport-relwithdebinfo.cmake
-- Up-to-date: /home/parallels/CLionProjects/Homeworks/robotics_v1/install/robo_collector_interfaces/share/robo_collector_interfaces/cmake/robo_collector_interfaces__rosidl_typesupport_cppExport.cmake
-- Up-to-date: /home/parallels/CLionProjects/Homeworks/robotics_v1/install/robo_collector_interfaces/share/robo_collector_interfaces/cmake/robo_collector_interfaces__rosidl_typesupport_cppExport-relwithdebinfo.cmake
