[0.008s] Invoking command in '/home/parallels/CLionProjects/Homeworks/robotics_v1/build/resource_builder': CMAKE_PREFIX_PATH=/home/parallels/CLionProjects/Homeworks/robotics_v1/install/resource_utils:/home/parallels/CLionProjects/Homeworks/robotics_v1/install/utils:/home/parallels/CLionProjects/Homeworks/robotics_v1/install/cmake_helpers:/opt/ros/foxy PKG_CONFIG_PATH=/home/parallels/CLionProjects/Homeworks/robotics_v1/install/resource_utils/lib/aarch64-linux-gnu/pkgconfig:/home/parallels/CLionProjects/Homeworks/robotics_v1/install/resource_utils/lib/pkgconfig:/home/parallels/CLionProjects/Homeworks/robotics_v1/install/utils/lib/aarch64-linux-gnu/pkgconfig:/home/parallels/CLionProjects/Homeworks/robotics_v1/install/utils/lib/pkgconfig:/home/parallels/CLionProjects/Homeworks/robotics_v1/install/cmake_helpers/lib/aarch64-linux-gnu/pkgconfig:/home/parallels/CLionProjects/Homeworks/robotics_v1/install/cmake_helpers/lib/pkgconfig /usr/bin/cmake /home/parallels/CLionProjects/Homeworks/robotics_v1/src/tools/resource_builder -DCMAKE_BUILD_TYPE=Debug -DCMAKE_CXX_COMPILER=/usr/bin/clang++ -DCMAKE_INSTALL_PREFIX=/home/parallels/CLionProjects/Homeworks/robotics_v1/install/resource_builder
[0.079s] -- The CXX compiler identification is Clang 10.0.0
[0.083s] -- Check for working CXX compiler: /usr/bin/clang++
[0.164s] -- Check for working CXX compiler: /usr/bin/clang++ -- works
[0.164s] -- Detecting CXX compiler ABI info
[0.246s] -- Detecting CXX compiler ABI info - done
[0.252s] -- Detecting CXX compile features
[0.252s] -- Detecting CXX compile features - done
[0.253s] -- Found cmake_helpers: 1.0.0 (/home/parallels/CLionProjects/Homeworks/robotics_v1/install/cmake_helpers/share/cmake_helpers/cmake)
[0.254s] -- Looking for C++ include pthread.h
[0.340s] -- Looking for C++ include pthread.h - found
[0.341s] -- Performing Test CMAKE_HAVE_LIBC_PTHREAD
[0.427s] -- Performing Test CMAKE_HAVE_LIBC_PTHREAD - Failed
[0.427s] -- Looking for pthread_create in pthreads
[0.495s] -- Looking for pthread_create in pthreads - not found
[0.495s] -- Looking for pthread_create in pthread
[0.576s] -- Looking for pthread_create in pthread - found
[0.576s] -- Found Threads: TRUE  
[0.579s] -- Found ament_cmake: 0.9.9 (/opt/ros/foxy/share/ament_cmake/cmake)
[0.593s] -- Found PythonInterp: /usr/bin/python3 (found suitable version "3.8.10", minimum required is "3") 
[0.593s] -- Using PYTHON_EXECUTABLE: /usr/bin/python3
[0.717s] -- Configuring done
[0.720s] -- Generating done
[0.720s] -- Build files have been written to: /home/parallels/CLionProjects/Homeworks/robotics_v1/build/resource_builder
[0.724s] Invoked command in '/home/parallels/CLionProjects/Homeworks/robotics_v1/build/resource_builder' returned '0': CMAKE_PREFIX_PATH=/home/parallels/CLionProjects/Homeworks/robotics_v1/install/resource_utils:/home/parallels/CLionProjects/Homeworks/robotics_v1/install/utils:/home/parallels/CLionProjects/Homeworks/robotics_v1/install/cmake_helpers:/opt/ros/foxy PKG_CONFIG_PATH=/home/parallels/CLionProjects/Homeworks/robotics_v1/install/resource_utils/lib/aarch64-linux-gnu/pkgconfig:/home/parallels/CLionProjects/Homeworks/robotics_v1/install/resource_utils/lib/pkgconfig:/home/parallels/CLionProjects/Homeworks/robotics_v1/install/utils/lib/aarch64-linux-gnu/pkgconfig:/home/parallels/CLionProjects/Homeworks/robotics_v1/install/utils/lib/pkgconfig:/home/parallels/CLionProjects/Homeworks/robotics_v1/install/cmake_helpers/lib/aarch64-linux-gnu/pkgconfig:/home/parallels/CLionProjects/Homeworks/robotics_v1/install/cmake_helpers/lib/pkgconfig /usr/bin/cmake /home/parallels/CLionProjects/Homeworks/robotics_v1/src/tools/resource_builder -DCMAKE_BUILD_TYPE=Debug -DCMAKE_CXX_COMPILER=/usr/bin/clang++ -DCMAKE_INSTALL_PREFIX=/home/parallels/CLionProjects/Homeworks/robotics_v1/install/resource_builder
[0.724s] Invoking command in '/home/parallels/CLionProjects/Homeworks/robotics_v1/build/resource_builder': CMAKE_PREFIX_PATH=/home/parallels/CLionProjects/Homeworks/robotics_v1/install/resource_utils:/home/parallels/CLionProjects/Homeworks/robotics_v1/install/utils:/home/parallels/CLionProjects/Homeworks/robotics_v1/install/cmake_helpers:/opt/ros/foxy PKG_CONFIG_PATH=/home/parallels/CLionProjects/Homeworks/robotics_v1/install/resource_utils/lib/aarch64-linux-gnu/pkgconfig:/home/parallels/CLionProjects/Homeworks/robotics_v1/install/resource_utils/lib/pkgconfig:/home/parallels/CLionProjects/Homeworks/robotics_v1/install/utils/lib/aarch64-linux-gnu/pkgconfig:/home/parallels/CLionProjects/Homeworks/robotics_v1/install/utils/lib/pkgconfig:/home/parallels/CLionProjects/Homeworks/robotics_v1/install/cmake_helpers/lib/aarch64-linux-gnu/pkgconfig:/home/parallels/CLionProjects/Homeworks/robotics_v1/install/cmake_helpers/lib/pkgconfig /usr/bin/cmake --build /home/parallels/CLionProjects/Homeworks/robotics_v1/build/resource_builder -- -j4 -l4
[0.755s] [35m[1mScanning dependencies of target resource_builder[0m
[0.764s] [ 33%] [32mBuilding CXX object CMakeFiles/resource_builder.dir/src/FileParser.cpp.o[0m
[0.764s] [ 33%] [32mBuilding CXX object CMakeFiles/resource_builder.dir/src/FileBuilder.cpp.o[0m
[0.765s] [ 50%] [32mBuilding CXX object CMakeFiles/resource_builder.dir/src/main.cpp.o[0m
[0.765s] [ 66%] [32mBuilding CXX object CMakeFiles/resource_builder.dir/src/ResourceParser.cpp.o[0m
[1.019s] [ 83%] [32mBuilding CXX object CMakeFiles/resource_builder.dir/src/SyntaxChecker.cpp.o[0m
[1.153s] [100%] [32m[1mLinking CXX executable resource_builder[0m
[1.227s] [100%] Built target resource_builder
[1.236s] Invoked command in '/home/parallels/CLionProjects/Homeworks/robotics_v1/build/resource_builder' returned '0': CMAKE_PREFIX_PATH=/home/parallels/CLionProjects/Homeworks/robotics_v1/install/resource_utils:/home/parallels/CLionProjects/Homeworks/robotics_v1/install/utils:/home/parallels/CLionProjects/Homeworks/robotics_v1/install/cmake_helpers:/opt/ros/foxy PKG_CONFIG_PATH=/home/parallels/CLionProjects/Homeworks/robotics_v1/install/resource_utils/lib/aarch64-linux-gnu/pkgconfig:/home/parallels/CLionProjects/Homeworks/robotics_v1/install/resource_utils/lib/pkgconfig:/home/parallels/CLionProjects/Homeworks/robotics_v1/install/utils/lib/aarch64-linux-gnu/pkgconfig:/home/parallels/CLionProjects/Homeworks/robotics_v1/install/utils/lib/pkgconfig:/home/parallels/CLionProjects/Homeworks/robotics_v1/install/cmake_helpers/lib/aarch64-linux-gnu/pkgconfig:/home/parallels/CLionProjects/Homeworks/robotics_v1/install/cmake_helpers/lib/pkgconfig /usr/bin/cmake --build /home/parallels/CLionProjects/Homeworks/robotics_v1/build/resource_builder -- -j4 -l4
[1.262s] Invoking command in '/home/parallels/CLionProjects/Homeworks/robotics_v1/build/resource_builder': CMAKE_PREFIX_PATH=/home/parallels/CLionProjects/Homeworks/robotics_v1/install/resource_utils:/home/parallels/CLionProjects/Homeworks/robotics_v1/install/utils:/home/parallels/CLionProjects/Homeworks/robotics_v1/install/cmake_helpers:/opt/ros/foxy PKG_CONFIG_PATH=/home/parallels/CLionProjects/Homeworks/robotics_v1/install/resource_utils/lib/aarch64-linux-gnu/pkgconfig:/home/parallels/CLionProjects/Homeworks/robotics_v1/install/resource_utils/lib/pkgconfig:/home/parallels/CLionProjects/Homeworks/robotics_v1/install/utils/lib/aarch64-linux-gnu/pkgconfig:/home/parallels/CLionProjects/Homeworks/robotics_v1/install/utils/lib/pkgconfig:/home/parallels/CLionProjects/Homeworks/robotics_v1/install/cmake_helpers/lib/aarch64-linux-gnu/pkgconfig:/home/parallels/CLionProjects/Homeworks/robotics_v1/install/cmake_helpers/lib/pkgconfig /usr/bin/cmake --install /home/parallels/CLionProjects/Homeworks/robotics_v1/build/resource_builder
[1.268s] -- Install configuration: "Debug"
[1.268s] -- Installing: /home/parallels/CLionProjects/Homeworks/robotics_v1/install/resource_builder/share/resource_builder/package.xml
[1.268s] -- Installing: /home/parallels/CLionProjects/Homeworks/robotics_v1/install/resource_builder/lib/resource_builder/resource_builder
[1.269s] -- Installing: /home/parallels/CLionProjects/Homeworks/robotics_v1/install/resource_builder/share/ament_index/resource_index/packages/resource_builder
[1.269s] -- Installing: /home/parallels/CLionProjects/Homeworks/robotics_v1/install/resource_builder/share/resource_builder/hook/ament_prefix_path.dsv
[1.269s] -- Installing: /home/parallels/CLionProjects/Homeworks/robotics_v1/install/resource_builder/share/resource_builder/hook/ros_package_path.dsv
[1.269s] -- Installing: /home/parallels/CLionProjects/Homeworks/robotics_v1/install/resource_builder/share/ament_index/resource_index/package_run_dependencies/resource_builder
[1.269s] -- Installing: /home/parallels/CLionProjects/Homeworks/robotics_v1/install/resource_builder/share/ament_index/resource_index/parent_prefix_path/resource_builder
[1.269s] -- Installing: /home/parallels/CLionProjects/Homeworks/robotics_v1/install/resource_builder/share/resource_builder/environment/ament_prefix_path.sh
[1.269s] -- Installing: /home/parallels/CLionProjects/Homeworks/robotics_v1/install/resource_builder/share/resource_builder/environment/ament_prefix_path.dsv
[1.269s] -- Installing: /home/parallels/CLionProjects/Homeworks/robotics_v1/install/resource_builder/share/resource_builder/environment/path.sh
[1.270s] -- Installing: /home/parallels/CLionProjects/Homeworks/robotics_v1/install/resource_builder/share/resource_builder/environment/path.dsv
[1.270s] -- Installing: /home/parallels/CLionProjects/Homeworks/robotics_v1/install/resource_builder/share/resource_builder/local_setup.bash
[1.270s] -- Installing: /home/parallels/CLionProjects/Homeworks/robotics_v1/install/resource_builder/share/resource_builder/local_setup.sh
[1.270s] -- Installing: /home/parallels/CLionProjects/Homeworks/robotics_v1/install/resource_builder/share/resource_builder/local_setup.zsh
[1.270s] -- Installing: /home/parallels/CLionProjects/Homeworks/robotics_v1/install/resource_builder/share/resource_builder/local_setup.dsv
[1.270s] -- Installing: /home/parallels/CLionProjects/Homeworks/robotics_v1/install/resource_builder/share/resource_builder/package.dsv
[1.270s] -- Up-to-date: /home/parallels/CLionProjects/Homeworks/robotics_v1/install/resource_builder/share/ament_index/resource_index/packages/resource_builder
[1.270s] -- Installing: /home/parallels/CLionProjects/Homeworks/robotics_v1/install/resource_builder/share/resource_builder/cmake/resource_builderConfig.cmake
[1.270s] -- Installing: /home/parallels/CLionProjects/Homeworks/robotics_v1/install/resource_builder/share/resource_builder/cmake/resource_builderConfig-version.cmake
[1.270s] -- Up-to-date: /home/parallels/CLionProjects/Homeworks/robotics_v1/install/resource_builder/share/resource_builder/package.xml
[1.270s] -- Installing: /home/parallels/CLionProjects/Homeworks/robotics_v1/install/resource_builder/bin/resource_builder
[1.271s] -- Installing: /home/parallels/CLionProjects/Homeworks/robotics_v1/install/resource_builder/include
[1.271s] -- Installing: /home/parallels/CLionProjects/Homeworks/robotics_v1/install/resource_builder/include/resource_builder
[1.271s] -- Installing: /home/parallels/CLionProjects/Homeworks/robotics_v1/install/resource_builder/include/resource_builder/FileBuilder.h
[1.271s] -- Installing: /home/parallels/CLionProjects/Homeworks/robotics_v1/install/resource_builder/include/resource_builder/FileParser.h
[1.271s] -- Installing: /home/parallels/CLionProjects/Homeworks/robotics_v1/install/resource_builder/include/resource_builder/SyntaxChecker.h
[1.271s] -- Installing: /home/parallels/CLionProjects/Homeworks/robotics_v1/install/resource_builder/include/resource_builder/ResourceParser.h
[1.271s] -- Installing: /home/parallels/CLionProjects/Homeworks/robotics_v1/install/resource_builder/lib/cmake/resource_builder/resource_builderTargets.cmake
[1.271s] -- Installing: /home/parallels/CLionProjects/Homeworks/robotics_v1/install/resource_builder/lib/cmake/resource_builder/resource_builderTargets-debug.cmake
[1.271s] -- Installing: /home/parallels/CLionProjects/Homeworks/robotics_v1/install/resource_builder/lib/cmake/resource_builder/resource_builderConfig.cmake
[1.273s] Invoked command in '/home/parallels/CLionProjects/Homeworks/robotics_v1/build/resource_builder' returned '0': CMAKE_PREFIX_PATH=/home/parallels/CLionProjects/Homeworks/robotics_v1/install/resource_utils:/home/parallels/CLionProjects/Homeworks/robotics_v1/install/utils:/home/parallels/CLionProjects/Homeworks/robotics_v1/install/cmake_helpers:/opt/ros/foxy PKG_CONFIG_PATH=/home/parallels/CLionProjects/Homeworks/robotics_v1/install/resource_utils/lib/aarch64-linux-gnu/pkgconfig:/home/parallels/CLionProjects/Homeworks/robotics_v1/install/resource_utils/lib/pkgconfig:/home/parallels/CLionProjects/Homeworks/robotics_v1/install/utils/lib/aarch64-linux-gnu/pkgconfig:/home/parallels/CLionProjects/Homeworks/robotics_v1/install/utils/lib/pkgconfig:/home/parallels/CLionProjects/Homeworks/robotics_v1/install/cmake_helpers/lib/aarch64-linux-gnu/pkgconfig:/home/parallels/CLionProjects/Homeworks/robotics_v1/install/cmake_helpers/lib/pkgconfig /usr/bin/cmake --install /home/parallels/CLionProjects/Homeworks/robotics_v1/build/resource_builder
