[0.010s] Invoking command in '/home/parallels/CLionProjects/Homeworks/robotics_v1/build/game_engine': CMAKE_PREFIX_PATH=/home/parallels/CLionProjects/Homeworks/robotics_v1/install/manager_utils:/home/parallels/CLionProjects/Homeworks/robotics_v1/install/sdl_utils:/home/parallels/CLionProjects/Homeworks/robotics_v1/install/resource_utils:/home/parallels/CLionProjects/Homeworks/robotics_v1/install/utils:/home/parallels/CLionProjects/Homeworks/robotics_v1/install/cmake_helpers:/opt/ros/foxy PKG_CONFIG_PATH=/home/parallels/CLionProjects/Homeworks/robotics_v1/install/manager_utils/lib/aarch64-linux-gnu/pkgconfig:/home/parallels/CLionProjects/Homeworks/robotics_v1/install/manager_utils/lib/pkgconfig:/home/parallels/CLionProjects/Homeworks/robotics_v1/install/sdl_utils/lib/aarch64-linux-gnu/pkgconfig:/home/parallels/CLionProjects/Homeworks/robotics_v1/install/sdl_utils/lib/pkgconfig:/home/parallels/CLionProjects/Homeworks/robotics_v1/install/resource_utils/lib/aarch64-linux-gnu/pkgconfig:/home/parallels/CLionProjects/Homeworks/robotics_v1/install/resource_utils/lib/pkgconfig:/home/parallels/CLionProjects/Homeworks/robotics_v1/install/utils/lib/aarch64-linux-gnu/pkgconfig:/home/parallels/CLionProjects/Homeworks/robotics_v1/install/utils/lib/pkgconfig:/home/parallels/CLionProjects/Homeworks/robotics_v1/install/cmake_helpers/lib/aarch64-linux-gnu/pkgconfig:/home/parallels/CLionProjects/Homeworks/robotics_v1/install/cmake_helpers/lib/pkgconfig /usr/bin/cmake /home/parallels/CLionProjects/Homeworks/robotics_v1/src/lib/game_engine -DCMAKE_EXPORT_COMPILE_COMMANDS=ON -DCMAKE_INSTALL_PREFIX=/home/parallels/CLionProjects/Homeworks/robotics_v1/install/game_engine
[0.024s] -- Found cmake_helpers: 1.0.0 (/home/parallels/CLionProjects/Homeworks/robotics_v1/install/cmake_helpers/share/cmake_helpers/cmake)
[0.028s] -- Found ament_cmake: 0.9.9 (/opt/ros/foxy/share/ament_cmake/cmake)
[0.044s] -- Using PYTHON_EXECUTABLE: /usr/bin/python3
[0.185s] -- Configuring done
[0.189s] -- Generating done
[0.189s] -- Build files have been written to: /home/parallels/CLionProjects/Homeworks/robotics_v1/build/game_engine
[0.192s] Invoked command in '/home/parallels/CLionProjects/Homeworks/robotics_v1/build/game_engine' returned '0': CMAKE_PREFIX_PATH=/home/parallels/CLionProjects/Homeworks/robotics_v1/install/manager_utils:/home/parallels/CLionProjects/Homeworks/robotics_v1/install/sdl_utils:/home/parallels/CLionProjects/Homeworks/robotics_v1/install/resource_utils:/home/parallels/CLionProjects/Homeworks/robotics_v1/install/utils:/home/parallels/CLionProjects/Homeworks/robotics_v1/install/cmake_helpers:/opt/ros/foxy PKG_CONFIG_PATH=/home/parallels/CLionProjects/Homeworks/robotics_v1/install/manager_utils/lib/aarch64-linux-gnu/pkgconfig:/home/parallels/CLionProjects/Homeworks/robotics_v1/install/manager_utils/lib/pkgconfig:/home/parallels/CLionProjects/Homeworks/robotics_v1/install/sdl_utils/lib/aarch64-linux-gnu/pkgconfig:/home/parallels/CLionProjects/Homeworks/robotics_v1/install/sdl_utils/lib/pkgconfig:/home/parallels/CLionProjects/Homeworks/robotics_v1/install/resource_utils/lib/aarch64-linux-gnu/pkgconfig:/home/parallels/CLionProjects/Homeworks/robotics_v1/install/resource_utils/lib/pkgconfig:/home/parallels/CLionProjects/Homeworks/robotics_v1/install/utils/lib/aarch64-linux-gnu/pkgconfig:/home/parallels/CLionProjects/Homeworks/robotics_v1/install/utils/lib/pkgconfig:/home/parallels/CLionProjects/Homeworks/robotics_v1/install/cmake_helpers/lib/aarch64-linux-gnu/pkgconfig:/home/parallels/CLionProjects/Homeworks/robotics_v1/install/cmake_helpers/lib/pkgconfig /usr/bin/cmake /home/parallels/CLionProjects/Homeworks/robotics_v1/src/lib/game_engine -DCMAKE_EXPORT_COMPILE_COMMANDS=ON -DCMAKE_INSTALL_PREFIX=/home/parallels/CLionProjects/Homeworks/robotics_v1/install/game_engine
[0.194s] Invoking command in '/home/parallels/CLionProjects/Homeworks/robotics_v1/build/game_engine': CMAKE_PREFIX_PATH=/home/parallels/CLionProjects/Homeworks/robotics_v1/install/manager_utils:/home/parallels/CLionProjects/Homeworks/robotics_v1/install/sdl_utils:/home/parallels/CLionProjects/Homeworks/robotics_v1/install/resource_utils:/home/parallels/CLionProjects/Homeworks/robotics_v1/install/utils:/home/parallels/CLionProjects/Homeworks/robotics_v1/install/cmake_helpers:/opt/ros/foxy PKG_CONFIG_PATH=/home/parallels/CLionProjects/Homeworks/robotics_v1/install/manager_utils/lib/aarch64-linux-gnu/pkgconfig:/home/parallels/CLionProjects/Homeworks/robotics_v1/install/manager_utils/lib/pkgconfig:/home/parallels/CLionProjects/Homeworks/robotics_v1/install/sdl_utils/lib/aarch64-linux-gnu/pkgconfig:/home/parallels/CLionProjects/Homeworks/robotics_v1/install/sdl_utils/lib/pkgconfig:/home/parallels/CLionProjects/Homeworks/robotics_v1/install/resource_utils/lib/aarch64-linux-gnu/pkgconfig:/home/parallels/CLionProjects/Homeworks/robotics_v1/install/resource_utils/lib/pkgconfig:/home/parallels/CLionProjects/Homeworks/robotics_v1/install/utils/lib/aarch64-linux-gnu/pkgconfig:/home/parallels/CLionProjects/Homeworks/robotics_v1/install/utils/lib/pkgconfig:/home/parallels/CLionProjects/Homeworks/robotics_v1/install/cmake_helpers/lib/aarch64-linux-gnu/pkgconfig:/home/parallels/CLionProjects/Homeworks/robotics_v1/install/cmake_helpers/lib/pkgconfig /usr/bin/cmake --build /home/parallels/CLionProjects/Homeworks/robotics_v1/build/game_engine -- -j4 -l4
[0.236s] [100%] Built target game_engine
[0.247s] Invoked command in '/home/parallels/CLionProjects/Homeworks/robotics_v1/build/game_engine' returned '0': CMAKE_PREFIX_PATH=/home/parallels/CLionProjects/Homeworks/robotics_v1/install/manager_utils:/home/parallels/CLionProjects/Homeworks/robotics_v1/install/sdl_utils:/home/parallels/CLionProjects/Homeworks/robotics_v1/install/resource_utils:/home/parallels/CLionProjects/Homeworks/robotics_v1/install/utils:/home/parallels/CLionProjects/Homeworks/robotics_v1/install/cmake_helpers:/opt/ros/foxy PKG_CONFIG_PATH=/home/parallels/CLionProjects/Homeworks/robotics_v1/install/manager_utils/lib/aarch64-linux-gnu/pkgconfig:/home/parallels/CLionProjects/Homeworks/robotics_v1/install/manager_utils/lib/pkgconfig:/home/parallels/CLionProjects/Homeworks/robotics_v1/install/sdl_utils/lib/aarch64-linux-gnu/pkgconfig:/home/parallels/CLionProjects/Homeworks/robotics_v1/install/sdl_utils/lib/pkgconfig:/home/parallels/CLionProjects/Homeworks/robotics_v1/install/resource_utils/lib/aarch64-linux-gnu/pkgconfig:/home/parallels/CLionProjects/Homeworks/robotics_v1/install/resource_utils/lib/pkgconfig:/home/parallels/CLionProjects/Homeworks/robotics_v1/install/utils/lib/aarch64-linux-gnu/pkgconfig:/home/parallels/CLionProjects/Homeworks/robotics_v1/install/utils/lib/pkgconfig:/home/parallels/CLionProjects/Homeworks/robotics_v1/install/cmake_helpers/lib/aarch64-linux-gnu/pkgconfig:/home/parallels/CLionProjects/Homeworks/robotics_v1/install/cmake_helpers/lib/pkgconfig /usr/bin/cmake --build /home/parallels/CLionProjects/Homeworks/robotics_v1/build/game_engine -- -j4 -l4
[0.279s] Invoking command in '/home/parallels/CLionProjects/Homeworks/robotics_v1/build/game_engine': CMAKE_PREFIX_PATH=/home/parallels/CLionProjects/Homeworks/robotics_v1/install/manager_utils:/home/parallels/CLionProjects/Homeworks/robotics_v1/install/sdl_utils:/home/parallels/CLionProjects/Homeworks/robotics_v1/install/resource_utils:/home/parallels/CLionProjects/Homeworks/robotics_v1/install/utils:/home/parallels/CLionProjects/Homeworks/robotics_v1/install/cmake_helpers:/opt/ros/foxy PKG_CONFIG_PATH=/home/parallels/CLionProjects/Homeworks/robotics_v1/install/manager_utils/lib/aarch64-linux-gnu/pkgconfig:/home/parallels/CLionProjects/Homeworks/robotics_v1/install/manager_utils/lib/pkgconfig:/home/parallels/CLionProjects/Homeworks/robotics_v1/install/sdl_utils/lib/aarch64-linux-gnu/pkgconfig:/home/parallels/CLionProjects/Homeworks/robotics_v1/install/sdl_utils/lib/pkgconfig:/home/parallels/CLionProjects/Homeworks/robotics_v1/install/resource_utils/lib/aarch64-linux-gnu/pkgconfig:/home/parallels/CLionProjects/Homeworks/robotics_v1/install/resource_utils/lib/pkgconfig:/home/parallels/CLionProjects/Homeworks/robotics_v1/install/utils/lib/aarch64-linux-gnu/pkgconfig:/home/parallels/CLionProjects/Homeworks/robotics_v1/install/utils/lib/pkgconfig:/home/parallels/CLionProjects/Homeworks/robotics_v1/install/cmake_helpers/lib/aarch64-linux-gnu/pkgconfig:/home/parallels/CLionProjects/Homeworks/robotics_v1/install/cmake_helpers/lib/pkgconfig /usr/bin/cmake --install /home/parallels/CLionProjects/Homeworks/robotics_v1/build/game_engine
[0.288s] -- Install configuration: "RelWithDebInfo"
[0.288s] -- Up-to-date: /home/parallels/CLionProjects/Homeworks/robotics_v1/install/game_engine/share/game_engine/package.xml
[0.288s] -- Up-to-date: /home/parallels/CLionProjects/Homeworks/robotics_v1/install/game_engine/lib/game_engine/libgame_engine.a
[0.288s] -- Installing: /home/parallels/CLionProjects/Homeworks/robotics_v1/install/game_engine/share/ament_index/resource_index/packages/game_engine
[0.288s] -- Installing: /home/parallels/CLionProjects/Homeworks/robotics_v1/install/game_engine/share/game_engine/hook/ament_prefix_path.dsv
[0.288s] -- Installing: /home/parallels/CLionProjects/Homeworks/robotics_v1/install/game_engine/share/game_engine/hook/ros_package_path.dsv
[0.288s] -- Up-to-date: /home/parallels/CLionProjects/Homeworks/robotics_v1/install/game_engine/share/ament_index/resource_index/package_run_dependencies/game_engine
[0.288s] -- Installing: /home/parallels/CLionProjects/Homeworks/robotics_v1/install/game_engine/share/ament_index/resource_index/parent_prefix_path/game_engine
[0.288s] -- Up-to-date: /home/parallels/CLionProjects/Homeworks/robotics_v1/install/game_engine/share/game_engine/environment/ament_prefix_path.sh
[0.288s] -- Installing: /home/parallels/CLionProjects/Homeworks/robotics_v1/install/game_engine/share/game_engine/environment/ament_prefix_path.dsv
[0.288s] -- Up-to-date: /home/parallels/CLionProjects/Homeworks/robotics_v1/install/game_engine/share/game_engine/environment/path.sh
[0.288s] -- Installing: /home/parallels/CLionProjects/Homeworks/robotics_v1/install/game_engine/share/game_engine/environment/path.dsv
[0.288s] -- Up-to-date: /home/parallels/CLionProjects/Homeworks/robotics_v1/install/game_engine/share/game_engine/local_setup.bash
[0.289s] -- Up-to-date: /home/parallels/CLionProjects/Homeworks/robotics_v1/install/game_engine/share/game_engine/local_setup.sh
[0.289s] -- Up-to-date: /home/parallels/CLionProjects/Homeworks/robotics_v1/install/game_engine/share/game_engine/local_setup.zsh
[0.289s] -- Installing: /home/parallels/CLionProjects/Homeworks/robotics_v1/install/game_engine/share/game_engine/local_setup.dsv
[0.289s] -- Installing: /home/parallels/CLionProjects/Homeworks/robotics_v1/install/game_engine/share/game_engine/package.dsv
[0.289s] -- Installing: /home/parallels/CLionProjects/Homeworks/robotics_v1/install/game_engine/share/ament_index/resource_index/packages/game_engine
[0.289s] -- Up-to-date: /home/parallels/CLionProjects/Homeworks/robotics_v1/install/game_engine/share/game_engine/cmake/game_engineConfig.cmake
[0.289s] -- Up-to-date: /home/parallels/CLionProjects/Homeworks/robotics_v1/install/game_engine/share/game_engine/cmake/game_engineConfig-version.cmake
[0.289s] -- Up-to-date: /home/parallels/CLionProjects/Homeworks/robotics_v1/install/game_engine/share/game_engine/package.xml
[0.289s] -- Up-to-date: /home/parallels/CLionProjects/Homeworks/robotics_v1/install/game_engine/lib/libgame_engine.a
[0.289s] -- Up-to-date: /home/parallels/CLionProjects/Homeworks/robotics_v1/install/game_engine/include
[0.289s] -- Up-to-date: /home/parallels/CLionProjects/Homeworks/robotics_v1/install/game_engine/include/game_engine
[0.289s] -- Up-to-date: /home/parallels/CLionProjects/Homeworks/robotics_v1/install/game_engine/include/game_engine/engine
[0.289s] -- Up-to-date: /home/parallels/CLionProjects/Homeworks/robotics_v1/install/game_engine/include/game_engine/engine/Engine.h
[0.289s] -- Up-to-date: /home/parallels/CLionProjects/Homeworks/robotics_v1/install/game_engine/include/game_engine/engine/config
[0.289s] -- Up-to-date: /home/parallels/CLionProjects/Homeworks/robotics_v1/install/game_engine/include/game_engine/engine/config/EngineConfig.h
[0.289s] -- Up-to-date: /home/parallels/CLionProjects/Homeworks/robotics_v1/install/game_engine/include/game_engine/event_handler
[0.289s] -- Up-to-date: /home/parallels/CLionProjects/Homeworks/robotics_v1/install/game_engine/include/game_engine/event_handler/ActionEventHandler.h
[0.289s] -- Up-to-date: /home/parallels/CLionProjects/Homeworks/robotics_v1/install/game_engine/include/game_engine/Application.h
[0.289s] -- Up-to-date: /home/parallels/CLionProjects/Homeworks/robotics_v1/install/game_engine/include/game_engine/defines
[0.289s] -- Up-to-date: /home/parallels/CLionProjects/Homeworks/robotics_v1/install/game_engine/include/game_engine/defines/ActionEventDefines.h
[0.289s] -- Up-to-date: /home/parallels/CLionProjects/Homeworks/robotics_v1/install/game_engine/include/game_engine/defines/DependencyDefines.h
[0.289s] -- Up-to-date: /home/parallels/CLionProjects/Homeworks/robotics_v1/install/game_engine/include/game_engine/utils
[0.290s] -- Up-to-date: /home/parallels/CLionProjects/Homeworks/robotics_v1/install/game_engine/include/game_engine/utils/DebugConsole.h
[0.290s] -- Up-to-date: /home/parallels/CLionProjects/Homeworks/robotics_v1/install/game_engine/include/game_engine/utils/config
[0.290s] -- Up-to-date: /home/parallels/CLionProjects/Homeworks/robotics_v1/install/game_engine/include/game_engine/utils/config/DebugConsoleConfig.h
[0.290s] -- Up-to-date: /home/parallels/CLionProjects/Homeworks/robotics_v1/install/game_engine/include/game_engine/Game.h
[0.290s] -- Up-to-date: /home/parallels/CLionProjects/Homeworks/robotics_v1/install/game_engine/include/game_engine/config
[0.290s] -- Up-to-date: /home/parallels/CLionProjects/Homeworks/robotics_v1/install/game_engine/include/game_engine/config/ApplicationConfig.h
[0.290s] -- Up-to-date: /home/parallels/CLionProjects/Homeworks/robotics_v1/install/game_engine/include/game_engine/communicator
[0.290s] -- Up-to-date: /home/parallels/CLionProjects/Homeworks/robotics_v1/install/game_engine/include/game_engine/communicator/NullCommunicator.h
[0.290s] -- Up-to-date: /home/parallels/CLionProjects/Homeworks/robotics_v1/install/game_engine/include/game_engine/communicator/Communicator.h
[0.290s] -- Up-to-date: /home/parallels/CLionProjects/Homeworks/robotics_v1/install/game_engine/lib/cmake/game_engine/game_engineTargets.cmake
[0.290s] -- Installing: /home/parallels/CLionProjects/Homeworks/robotics_v1/install/game_engine/lib/cmake/game_engine/game_engineTargets-relwithdebinfo.cmake
[0.290s] -- Up-to-date: /home/parallels/CLionProjects/Homeworks/robotics_v1/install/game_engine/lib/cmake/game_engine/game_engineConfig.cmake
[0.291s] Invoked command in '/home/parallels/CLionProjects/Homeworks/robotics_v1/build/game_engine' returned '0': CMAKE_PREFIX_PATH=/home/parallels/CLionProjects/Homeworks/robotics_v1/install/manager_utils:/home/parallels/CLionProjects/Homeworks/robotics_v1/install/sdl_utils:/home/parallels/CLionProjects/Homeworks/robotics_v1/install/resource_utils:/home/parallels/CLionProjects/Homeworks/robotics_v1/install/utils:/home/parallels/CLionProjects/Homeworks/robotics_v1/install/cmake_helpers:/opt/ros/foxy PKG_CONFIG_PATH=/home/parallels/CLionProjects/Homeworks/robotics_v1/install/manager_utils/lib/aarch64-linux-gnu/pkgconfig:/home/parallels/CLionProjects/Homeworks/robotics_v1/install/manager_utils/lib/pkgconfig:/home/parallels/CLionProjects/Homeworks/robotics_v1/install/sdl_utils/lib/aarch64-linux-gnu/pkgconfig:/home/parallels/CLionProjects/Homeworks/robotics_v1/install/sdl_utils/lib/pkgconfig:/home/parallels/CLionProjects/Homeworks/robotics_v1/install/resource_utils/lib/aarch64-linux-gnu/pkgconfig:/home/parallels/CLionProjects/Homeworks/robotics_v1/install/resource_utils/lib/pkgconfig:/home/parallels/CLionProjects/Homeworks/robotics_v1/install/utils/lib/aarch64-linux-gnu/pkgconfig:/home/parallels/CLionProjects/Homeworks/robotics_v1/install/utils/lib/pkgconfig:/home/parallels/CLionProjects/Homeworks/robotics_v1/install/cmake_helpers/lib/aarch64-linux-gnu/pkgconfig:/home/parallels/CLionProjects/Homeworks/robotics_v1/install/cmake_helpers/lib/pkgconfig /usr/bin/cmake --install /home/parallels/CLionProjects/Homeworks/robotics_v1/build/game_engine
