[0.007s] Invoking command in '/home/parallels/CLionProjects/Homeworks/robotics_v1/build/resource_utils': CMAKE_PREFIX_PATH=/home/parallels/CLionProjects/Homeworks/robotics_v1/install/utils:/home/parallels/CLionProjects/Homeworks/robotics_v1/install/cmake_helpers:/opt/ros/foxy PKG_CONFIG_PATH=/home/parallels/CLionProjects/Homeworks/robotics_v1/install/utils/lib/aarch64-linux-gnu/pkgconfig:/home/parallels/CLionProjects/Homeworks/robotics_v1/install/utils/lib/pkgconfig:/home/parallels/CLionProjects/Homeworks/robotics_v1/install/cmake_helpers/lib/aarch64-linux-gnu/pkgconfig:/home/parallels/CLionProjects/Homeworks/robotics_v1/install/cmake_helpers/lib/pkgconfig /usr/bin/cmake /home/parallels/CLionProjects/Homeworks/robotics_v1/src/lib/resource_utils -DCMAKE_BUILD_TYPE=Debug -DCMAKE_CXX_COMPILER=/usr/bin/clang++ -DCMAKE_INSTALL_PREFIX=/home/parallels/CLionProjects/Homeworks/robotics_v1/install/resource_utils
[0.081s] -- The CXX compiler identification is Clang 10.0.0
[0.085s] -- Check for working CXX compiler: /usr/bin/clang++
[0.166s] -- Check for working CXX compiler: /usr/bin/clang++ -- works
[0.166s] -- Detecting CXX compiler ABI info
[0.251s] -- Detecting CXX compiler ABI info - done
[0.258s] -- Detecting CXX compile features
[0.258s] -- Detecting CXX compile features - done
[0.259s] -- Found cmake_helpers: 1.0.0 (/home/parallels/CLionProjects/Homeworks/robotics_v1/install/cmake_helpers/share/cmake_helpers/cmake)
[0.261s] -- Looking for C++ include pthread.h
[0.346s] -- Looking for C++ include pthread.h - found
[0.346s] -- Performing Test CMAKE_HAVE_LIBC_PTHREAD
[0.433s] -- Performing Test CMAKE_HAVE_LIBC_PTHREAD - Failed
[0.433s] -- Looking for pthread_create in pthreads
[0.501s] -- Looking for pthread_create in pthreads - not found
[0.501s] -- Looking for pthread_create in pthread
[0.583s] -- Looking for pthread_create in pthread - found
[0.583s] -- Found Threads: TRUE  
[0.585s] -- Found ament_cmake: 0.9.9 (/opt/ros/foxy/share/ament_cmake/cmake)
[0.599s] -- Found PythonInterp: /usr/bin/python3 (found suitable version "3.8.10", minimum required is "3") 
[0.599s] -- Using PYTHON_EXECUTABLE: /usr/bin/python3
[0.722s] -- Configuring done
[0.724s] -- Generating done
[0.725s] -- Build files have been written to: /home/parallels/CLionProjects/Homeworks/robotics_v1/build/resource_utils
[0.727s] Invoked command in '/home/parallels/CLionProjects/Homeworks/robotics_v1/build/resource_utils' returned '0': CMAKE_PREFIX_PATH=/home/parallels/CLionProjects/Homeworks/robotics_v1/install/utils:/home/parallels/CLionProjects/Homeworks/robotics_v1/install/cmake_helpers:/opt/ros/foxy PKG_CONFIG_PATH=/home/parallels/CLionProjects/Homeworks/robotics_v1/install/utils/lib/aarch64-linux-gnu/pkgconfig:/home/parallels/CLionProjects/Homeworks/robotics_v1/install/utils/lib/pkgconfig:/home/parallels/CLionProjects/Homeworks/robotics_v1/install/cmake_helpers/lib/aarch64-linux-gnu/pkgconfig:/home/parallels/CLionProjects/Homeworks/robotics_v1/install/cmake_helpers/lib/pkgconfig /usr/bin/cmake /home/parallels/CLionProjects/Homeworks/robotics_v1/src/lib/resource_utils -DCMAKE_BUILD_TYPE=Debug -DCMAKE_CXX_COMPILER=/usr/bin/clang++ -DCMAKE_INSTALL_PREFIX=/home/parallels/CLionProjects/Homeworks/robotics_v1/install/resource_utils
[0.729s] Invoking command in '/home/parallels/CLionProjects/Homeworks/robotics_v1/build/resource_utils': CMAKE_PREFIX_PATH=/home/parallels/CLionProjects/Homeworks/robotics_v1/install/utils:/home/parallels/CLionProjects/Homeworks/robotics_v1/install/cmake_helpers:/opt/ros/foxy PKG_CONFIG_PATH=/home/parallels/CLionProjects/Homeworks/robotics_v1/install/utils/lib/aarch64-linux-gnu/pkgconfig:/home/parallels/CLionProjects/Homeworks/robotics_v1/install/utils/lib/pkgconfig:/home/parallels/CLionProjects/Homeworks/robotics_v1/install/cmake_helpers/lib/aarch64-linux-gnu/pkgconfig:/home/parallels/CLionProjects/Homeworks/robotics_v1/install/cmake_helpers/lib/pkgconfig /usr/bin/cmake --build /home/parallels/CLionProjects/Homeworks/robotics_v1/build/resource_utils -- -j4 -l4
[0.757s] [35m[1mScanning dependencies of target resource_utils[0m
[0.766s] [ 22%] [32mBuilding CXX object CMakeFiles/resource_utils.dir/src/defines/SoundDefines.cpp.o[0m
[0.766s] [ 22%] [32mBuilding CXX object CMakeFiles/resource_utils.dir/src/common/ResourceFileHeader.cpp.o[0m
[0.767s] [ 33%] [32mBuilding CXX object CMakeFiles/resource_utils.dir/src/resource_loader/ResourceLoader.cpp.o[0m
[0.767s] [ 44%] [32mBuilding CXX object CMakeFiles/resource_utils.dir/src/structs/CombinedStructs.cpp.o[0m
[0.797s] [ 55%] [32mBuilding CXX object CMakeFiles/resource_utils.dir/src/structs/DataHeader.cpp.o[0m
[0.896s] [ 66%] [32mBuilding CXX object CMakeFiles/resource_utils.dir/src/structs/ResourceData.cpp.o[0m
[0.917s] [ 77%] [32mBuilding CXX object CMakeFiles/resource_utils.dir/src/structs/FontData.cpp.o[0m
[0.918s] [ 88%] [32mBuilding CXX object CMakeFiles/resource_utils.dir/src/structs/SoundData.cpp.o[0m
[1.040s] [100%] [32m[1mLinking CXX static library libresource_utils.a[0m
[1.066s] [100%] Built target resource_utils
[1.075s] Invoked command in '/home/parallels/CLionProjects/Homeworks/robotics_v1/build/resource_utils' returned '0': CMAKE_PREFIX_PATH=/home/parallels/CLionProjects/Homeworks/robotics_v1/install/utils:/home/parallels/CLionProjects/Homeworks/robotics_v1/install/cmake_helpers:/opt/ros/foxy PKG_CONFIG_PATH=/home/parallels/CLionProjects/Homeworks/robotics_v1/install/utils/lib/aarch64-linux-gnu/pkgconfig:/home/parallels/CLionProjects/Homeworks/robotics_v1/install/utils/lib/pkgconfig:/home/parallels/CLionProjects/Homeworks/robotics_v1/install/cmake_helpers/lib/aarch64-linux-gnu/pkgconfig:/home/parallels/CLionProjects/Homeworks/robotics_v1/install/cmake_helpers/lib/pkgconfig /usr/bin/cmake --build /home/parallels/CLionProjects/Homeworks/robotics_v1/build/resource_utils -- -j4 -l4
[1.106s] Invoking command in '/home/parallels/CLionProjects/Homeworks/robotics_v1/build/resource_utils': CMAKE_PREFIX_PATH=/home/parallels/CLionProjects/Homeworks/robotics_v1/install/utils:/home/parallels/CLionProjects/Homeworks/robotics_v1/install/cmake_helpers:/opt/ros/foxy PKG_CONFIG_PATH=/home/parallels/CLionProjects/Homeworks/robotics_v1/install/utils/lib/aarch64-linux-gnu/pkgconfig:/home/parallels/CLionProjects/Homeworks/robotics_v1/install/utils/lib/pkgconfig:/home/parallels/CLionProjects/Homeworks/robotics_v1/install/cmake_helpers/lib/aarch64-linux-gnu/pkgconfig:/home/parallels/CLionProjects/Homeworks/robotics_v1/install/cmake_helpers/lib/pkgconfig /usr/bin/cmake --install /home/parallels/CLionProjects/Homeworks/robotics_v1/build/resource_utils
[1.112s] -- Install configuration: "Debug"
[1.112s] -- Installing: /home/parallels/CLionProjects/Homeworks/robotics_v1/install/resource_utils/share/resource_utils/package.xml
[1.113s] -- Installing: /home/parallels/CLionProjects/Homeworks/robotics_v1/install/resource_utils/lib/resource_utils/libresource_utils.a
[1.113s] -- Installing: /home/parallels/CLionProjects/Homeworks/robotics_v1/install/resource_utils/share/ament_index/resource_index/packages/resource_utils
[1.113s] -- Installing: /home/parallels/CLionProjects/Homeworks/robotics_v1/install/resource_utils/share/resource_utils/hook/ament_prefix_path.dsv
[1.113s] -- Installing: /home/parallels/CLionProjects/Homeworks/robotics_v1/install/resource_utils/share/resource_utils/hook/ros_package_path.dsv
[1.114s] -- Installing: /home/parallels/CLionProjects/Homeworks/robotics_v1/install/resource_utils/share/ament_index/resource_index/package_run_dependencies/resource_utils
[1.114s] -- Installing: /home/parallels/CLionProjects/Homeworks/robotics_v1/install/resource_utils/share/ament_index/resource_index/parent_prefix_path/resource_utils
[1.114s] -- Installing: /home/parallels/CLionProjects/Homeworks/robotics_v1/install/resource_utils/share/resource_utils/environment/ament_prefix_path.sh
[1.114s] -- Installing: /home/parallels/CLionProjects/Homeworks/robotics_v1/install/resource_utils/share/resource_utils/environment/ament_prefix_path.dsv
[1.114s] -- Installing: /home/parallels/CLionProjects/Homeworks/robotics_v1/install/resource_utils/share/resource_utils/environment/path.sh
[1.114s] -- Installing: /home/parallels/CLionProjects/Homeworks/robotics_v1/install/resource_utils/share/resource_utils/environment/path.dsv
[1.114s] -- Installing: /home/parallels/CLionProjects/Homeworks/robotics_v1/install/resource_utils/share/resource_utils/local_setup.bash
[1.114s] -- Installing: /home/parallels/CLionProjects/Homeworks/robotics_v1/install/resource_utils/share/resource_utils/local_setup.sh
[1.114s] -- Installing: /home/parallels/CLionProjects/Homeworks/robotics_v1/install/resource_utils/share/resource_utils/local_setup.zsh
[1.114s] -- Installing: /home/parallels/CLionProjects/Homeworks/robotics_v1/install/resource_utils/share/resource_utils/local_setup.dsv
[1.114s] -- Installing: /home/parallels/CLionProjects/Homeworks/robotics_v1/install/resource_utils/share/resource_utils/package.dsv
[1.114s] -- Up-to-date: /home/parallels/CLionProjects/Homeworks/robotics_v1/install/resource_utils/share/ament_index/resource_index/packages/resource_utils
[1.115s] -- Installing: /home/parallels/CLionProjects/Homeworks/robotics_v1/install/resource_utils/share/resource_utils/cmake/resource_utilsConfig.cmake
[1.115s] -- Installing: /home/parallels/CLionProjects/Homeworks/robotics_v1/install/resource_utils/share/resource_utils/cmake/resource_utilsConfig-version.cmake
[1.115s] -- Up-to-date: /home/parallels/CLionProjects/Homeworks/robotics_v1/install/resource_utils/share/resource_utils/package.xml
[1.115s] -- Installing: /home/parallels/CLionProjects/Homeworks/robotics_v1/install/resource_utils/lib/libresource_utils.a
[1.115s] -- Installing: /home/parallels/CLionProjects/Homeworks/robotics_v1/install/resource_utils/include
[1.116s] -- Installing: /home/parallels/CLionProjects/Homeworks/robotics_v1/install/resource_utils/include/resource_utils
[1.116s] -- Installing: /home/parallels/CLionProjects/Homeworks/robotics_v1/install/resource_utils/include/resource_utils/structs
[1.116s] -- Installing: /home/parallels/CLionProjects/Homeworks/robotics_v1/install/resource_utils/include/resource_utils/structs/SoundData.h
[1.116s] -- Installing: /home/parallels/CLionProjects/Homeworks/robotics_v1/install/resource_utils/include/resource_utils/structs/FontData.h
[1.116s] -- Installing: /home/parallels/CLionProjects/Homeworks/robotics_v1/install/resource_utils/include/resource_utils/structs/DataHeader.h
[1.116s] -- Installing: /home/parallels/CLionProjects/Homeworks/robotics_v1/install/resource_utils/include/resource_utils/structs/CombinedStructs.h
[1.116s] -- Installing: /home/parallels/CLionProjects/Homeworks/robotics_v1/install/resource_utils/include/resource_utils/structs/ResourceData.h
[1.116s] -- Installing: /home/parallels/CLionProjects/Homeworks/robotics_v1/install/resource_utils/include/resource_utils/common
[1.116s] -- Installing: /home/parallels/CLionProjects/Homeworks/robotics_v1/install/resource_utils/include/resource_utils/common/ResourceFileHeader.h
[1.116s] -- Installing: /home/parallels/CLionProjects/Homeworks/robotics_v1/install/resource_utils/include/resource_utils/resource_loader
[1.116s] -- Installing: /home/parallels/CLionProjects/Homeworks/robotics_v1/install/resource_utils/include/resource_utils/resource_loader/ResourceLoader.h
[1.116s] -- Installing: /home/parallels/CLionProjects/Homeworks/robotics_v1/install/resource_utils/include/resource_utils/defines
[1.116s] -- Installing: /home/parallels/CLionProjects/Homeworks/robotics_v1/install/resource_utils/include/resource_utils/defines/ResourceDefines.h
[1.116s] -- Installing: /home/parallels/CLionProjects/Homeworks/robotics_v1/install/resource_utils/include/resource_utils/defines/SoundDefines.h
[1.116s] -- Installing: /home/parallels/CLionProjects/Homeworks/robotics_v1/install/resource_utils/lib/cmake/resource_utils/resource_utilsTargets.cmake
[1.117s] -- Installing: /home/parallels/CLionProjects/Homeworks/robotics_v1/install/resource_utils/lib/cmake/resource_utils/resource_utilsTargets-debug.cmake
[1.117s] -- Installing: /home/parallels/CLionProjects/Homeworks/robotics_v1/install/resource_utils/lib/cmake/resource_utils/resource_utilsConfig.cmake
[1.118s] Invoked command in '/home/parallels/CLionProjects/Homeworks/robotics_v1/build/resource_utils' returned '0': CMAKE_PREFIX_PATH=/home/parallels/CLionProjects/Homeworks/robotics_v1/install/utils:/home/parallels/CLionProjects/Homeworks/robotics_v1/install/cmake_helpers:/opt/ros/foxy PKG_CONFIG_PATH=/home/parallels/CLionProjects/Homeworks/robotics_v1/install/utils/lib/aarch64-linux-gnu/pkgconfig:/home/parallels/CLionProjects/Homeworks/robotics_v1/install/utils/lib/pkgconfig:/home/parallels/CLionProjects/Homeworks/robotics_v1/install/cmake_helpers/lib/aarch64-linux-gnu/pkgconfig:/home/parallels/CLionProjects/Homeworks/robotics_v1/install/cmake_helpers/lib/pkgconfig /usr/bin/cmake --install /home/parallels/CLionProjects/Homeworks/robotics_v1/build/resource_utils
