[0.045s] Invoking command in '/home/parallels/CLionProjects/Homeworks/robotics_v1/build/ur_controllers': AMENT_PREFIX_PATH=/home/parallels/CLionProjects/Homeworks/robotics_v1/install/ur_dashboard_msgs:${AMENT_PREFIX_PATH} CMAKE_PREFIX_PATH=/home/parallels/CLionProjects/Homeworks/robotics_v1/install/ur_dashboard_msgs:/home/parallels/CLionProjects/Homeworks/robotics_v1/install/ur_client_library:/opt/ros/foxy LD_LIBRARY_PATH=/home/parallels/CLionProjects/Homeworks/robotics_v1/install/ur_dashboard_msgs/lib:/home/parallels/CLionProjects/Homeworks/robotics_v1/install/ur_client_library/lib:${LD_LIBRARY_PATH} PKG_CONFIG_PATH=/home/parallels/CLionProjects/Homeworks/robotics_v1/install/ur_client_library/lib/aarch64-linux-gnu/pkgconfig:/home/parallels/CLionProjects/Homeworks/robotics_v1/install/ur_client_library/lib/pkgconfig PYTHONPATH=/home/parallels/CLionProjects/Homeworks/robotics_v1/install/ur_dashboard_msgs/lib/python3.8/site-packages:${PYTHONPATH} /usr/bin/cmake --build /home/parallels/CLionProjects/Homeworks/robotics_v1/build/ur_controllers -- -j4 -l4
[0.167s] [100%] Built target ur_controllers
[0.183s] Invoked command in '/home/parallels/CLionProjects/Homeworks/robotics_v1/build/ur_controllers' returned '0': AMENT_PREFIX_PATH=/home/parallels/CLionProjects/Homeworks/robotics_v1/install/ur_dashboard_msgs:${AMENT_PREFIX_PATH} CMAKE_PREFIX_PATH=/home/parallels/CLionProjects/Homeworks/robotics_v1/install/ur_dashboard_msgs:/home/parallels/CLionProjects/Homeworks/robotics_v1/install/ur_client_library:/opt/ros/foxy LD_LIBRARY_PATH=/home/parallels/CLionProjects/Homeworks/robotics_v1/install/ur_dashboard_msgs/lib:/home/parallels/CLionProjects/Homeworks/robotics_v1/install/ur_client_library/lib:${LD_LIBRARY_PATH} PKG_CONFIG_PATH=/home/parallels/CLionProjects/Homeworks/robotics_v1/install/ur_client_library/lib/aarch64-linux-gnu/pkgconfig:/home/parallels/CLionProjects/Homeworks/robotics_v1/install/ur_client_library/lib/pkgconfig PYTHONPATH=/home/parallels/CLionProjects/Homeworks/robotics_v1/install/ur_dashboard_msgs/lib/python3.8/site-packages:${PYTHONPATH} /usr/bin/cmake --build /home/parallels/CLionProjects/Homeworks/robotics_v1/build/ur_controllers -- -j4 -l4
[0.217s] Invoking command in '/home/parallels/CLionProjects/Homeworks/robotics_v1/build/ur_controllers': AMENT_PREFIX_PATH=/home/parallels/CLionProjects/Homeworks/robotics_v1/install/ur_dashboard_msgs:${AMENT_PREFIX_PATH} CMAKE_PREFIX_PATH=/home/parallels/CLionProjects/Homeworks/robotics_v1/install/ur_dashboard_msgs:/home/parallels/CLionProjects/Homeworks/robotics_v1/install/ur_client_library:/opt/ros/foxy LD_LIBRARY_PATH=/home/parallels/CLionProjects/Homeworks/robotics_v1/install/ur_dashboard_msgs/lib:/home/parallels/CLionProjects/Homeworks/robotics_v1/install/ur_client_library/lib:${LD_LIBRARY_PATH} PKG_CONFIG_PATH=/home/parallels/CLionProjects/Homeworks/robotics_v1/install/ur_client_library/lib/aarch64-linux-gnu/pkgconfig:/home/parallels/CLionProjects/Homeworks/robotics_v1/install/ur_client_library/lib/pkgconfig PYTHONPATH=/home/parallels/CLionProjects/Homeworks/robotics_v1/install/ur_dashboard_msgs/lib/python3.8/site-packages:${PYTHONPATH} /usr/bin/cmake --install /home/parallels/CLionProjects/Homeworks/robotics_v1/build/ur_controllers
[0.226s] -- Install configuration: "RelWithDebInfo"
[0.227s] -- Execute custom install script
[0.227s] -- Up-to-date symlink: /home/parallels/CLionProjects/Homeworks/robotics_v1/install/ur_controllers/share/ur_controllers//controller_plugins.xml
[0.228s] -- Up-to-date symlink: /home/parallels/CLionProjects/Homeworks/robotics_v1/install/ur_controllers/lib/libur_controllers.so
[0.228s] -- Up-to-date symlink: /home/parallels/CLionProjects/Homeworks/robotics_v1/install/ur_controllers/include/ur_controllers/force_torque_sensor_broadcaster.hpp
[0.228s] -- Up-to-date symlink: /home/parallels/CLionProjects/Homeworks/robotics_v1/install/ur_controllers/include/ur_controllers/gpio_controller.hpp
[0.228s] -- Up-to-date symlink: /home/parallels/CLionProjects/Homeworks/robotics_v1/install/ur_controllers/include/ur_controllers/scaled_joint_trajectory_controller.hpp
[0.228s] -- Up-to-date symlink: /home/parallels/CLionProjects/Homeworks/robotics_v1/install/ur_controllers/include/ur_controllers/speed_scaling_state_broadcaster.hpp
[0.229s] -- Up-to-date symlink: /home/parallels/CLionProjects/Homeworks/robotics_v1/install/ur_controllers/share/ur_controllers/controller_plugins.xml
[0.230s] -- Up-to-date symlink: /home/parallels/CLionProjects/Homeworks/robotics_v1/install/ur_controllers/share/ur_controllers/environment/library_path.sh
[0.230s] -- Up-to-date symlink: /home/parallels/CLionProjects/Homeworks/robotics_v1/install/ur_controllers/share/ur_controllers/environment/library_path.dsv
[0.231s] -- Up-to-date symlink: /home/parallels/CLionProjects/Homeworks/robotics_v1/install/ur_controllers/share/ament_index/resource_index/package_run_dependencies/ur_controllers
[0.231s] -- Up-to-date symlink: /home/parallels/CLionProjects/Homeworks/robotics_v1/install/ur_controllers/share/ament_index/resource_index/parent_prefix_path/ur_controllers
[0.231s] -- Up-to-date symlink: /home/parallels/CLionProjects/Homeworks/robotics_v1/install/ur_controllers/share/ur_controllers/environment/ament_prefix_path.sh
[0.231s] -- Up-to-date symlink: /home/parallels/CLionProjects/Homeworks/robotics_v1/install/ur_controllers/share/ur_controllers/environment/ament_prefix_path.dsv
[0.233s] -- Up-to-date symlink: /home/parallels/CLionProjects/Homeworks/robotics_v1/install/ur_controllers/share/ur_controllers/environment/path.sh
[0.233s] -- Up-to-date symlink: /home/parallels/CLionProjects/Homeworks/robotics_v1/install/ur_controllers/share/ur_controllers/environment/path.dsv
[0.233s] -- Up-to-date symlink: /home/parallels/CLionProjects/Homeworks/robotics_v1/install/ur_controllers/share/ur_controllers/local_setup.bash
[0.233s] -- Up-to-date symlink: /home/parallels/CLionProjects/Homeworks/robotics_v1/install/ur_controllers/share/ur_controllers/local_setup.sh
[0.233s] -- Up-to-date symlink: /home/parallels/CLionProjects/Homeworks/robotics_v1/install/ur_controllers/share/ur_controllers/local_setup.zsh
[0.233s] -- Up-to-date symlink: /home/parallels/CLionProjects/Homeworks/robotics_v1/install/ur_controllers/share/ur_controllers/local_setup.dsv
[0.233s] -- Symlinking: /home/parallels/CLionProjects/Homeworks/robotics_v1/install/ur_controllers/share/ur_controllers/package.dsv
[0.241s] -- Up-to-date symlink: /home/parallels/CLionProjects/Homeworks/robotics_v1/install/ur_controllers/share/ament_index/resource_index/packages/ur_controllers
[0.241s] -- Up-to-date symlink: /home/parallels/CLionProjects/Homeworks/robotics_v1/install/ur_controllers/share/ament_index/resource_index/controller_interface__pluginlib__plugin/ur_controllers
[0.241s] -- Up-to-date symlink: /home/parallels/CLionProjects/Homeworks/robotics_v1/install/ur_controllers/share/ur_controllers/cmake/ament_cmake_export_dependencies-extras.cmake
[0.241s] -- Up-to-date symlink: /home/parallels/CLionProjects/Homeworks/robotics_v1/install/ur_controllers/share/ur_controllers/cmake/ament_cmake_export_include_directories-extras.cmake
[0.242s] -- Up-to-date symlink: /home/parallels/CLionProjects/Homeworks/robotics_v1/install/ur_controllers/share/ur_controllers/cmake/ament_cmake_export_libraries-extras.cmake
[0.243s] -- Up-to-date symlink: /home/parallels/CLionProjects/Homeworks/robotics_v1/install/ur_controllers/share/ur_controllers/cmake/ur_controllersConfig.cmake
[0.243s] -- Up-to-date symlink: /home/parallels/CLionProjects/Homeworks/robotics_v1/install/ur_controllers/share/ur_controllers/cmake/ur_controllersConfig-version.cmake
[0.243s] -- Up-to-date symlink: /home/parallels/CLionProjects/Homeworks/robotics_v1/install/ur_controllers/share/ur_controllers/package.xml
[0.248s] Invoked command in '/home/parallels/CLionProjects/Homeworks/robotics_v1/build/ur_controllers' returned '0': AMENT_PREFIX_PATH=/home/parallels/CLionProjects/Homeworks/robotics_v1/install/ur_dashboard_msgs:${AMENT_PREFIX_PATH} CMAKE_PREFIX_PATH=/home/parallels/CLionProjects/Homeworks/robotics_v1/install/ur_dashboard_msgs:/home/parallels/CLionProjects/Homeworks/robotics_v1/install/ur_client_library:/opt/ros/foxy LD_LIBRARY_PATH=/home/parallels/CLionProjects/Homeworks/robotics_v1/install/ur_dashboard_msgs/lib:/home/parallels/CLionProjects/Homeworks/robotics_v1/install/ur_client_library/lib:${LD_LIBRARY_PATH} PKG_CONFIG_PATH=/home/parallels/CLionProjects/Homeworks/robotics_v1/install/ur_client_library/lib/aarch64-linux-gnu/pkgconfig:/home/parallels/CLionProjects/Homeworks/robotics_v1/install/ur_client_library/lib/pkgconfig PYTHONPATH=/home/parallels/CLionProjects/Homeworks/robotics_v1/install/ur_dashboard_msgs/lib/python3.8/site-packages:${PYTHONPATH} /usr/bin/cmake --install /home/parallels/CLionProjects/Homeworks/robotics_v1/build/ur_controllers
