[0.043s] Invoking command in '/home/parallels/CLionProjects/Homeworks/robotics_v1/build/urscript_interfaces': CMAKE_PREFIX_PATH=/opt/ros/foxy /usr/bin/cmake /home/parallels/CLionProjects/Homeworks/robotics_v1/src/ur_dev/urscript/urscript_interfaces -DCMAKE_EXPORT_COMPILE_COMMANDS=ON -DCMAKE_INSTALL_PREFIX=/home/parallels/CLionProjects/Homeworks/robotics_v1/install/urscript_interfaces
[0.059s] -- Found ament_cmake: 0.9.9 (/opt/ros/foxy/share/ament_cmake/cmake)
[0.067s] -- Found PythonInterp: /usr/bin/python3 (found suitable version "3.8.10", minimum required is "3") 
[0.067s] -- Using PYTHON_EXECUTABLE: /usr/bin/python3
[0.169s] -- Override CMake install command with custom implementation using symlinks instead of copying resources
[0.174s] -- Found rosidl_default_generators: 1.0.1 (/opt/ros/foxy/share/rosidl_default_generators/cmake)
[0.176s] -- Using all available rosidl_typesupport_c: rosidl_typesupport_fastrtps_c;rosidl_typesupport_introspection_c
[0.178s] -- Found rosidl_adapter: 1.2.1 (/opt/ros/foxy/share/rosidl_adapter/cmake)
[0.282s] -- Using all available rosidl_typesupport_cpp: rosidl_typesupport_fastrtps_cpp;rosidl_typesupport_introspection_cpp
[0.321s] -- Found PythonInterp: /usr/bin/python3 (found version "3.8.10") 
[0.393s] -- Found ament_cmake_ros: 0.9.2 (/opt/ros/foxy/share/ament_cmake_ros/cmake)
[0.466s] -- Using all available rosidl_typesupport_c: rosidl_typesupport_fastrtps_c;rosidl_typesupport_introspection_c
[0.471s] -- Using all available rosidl_typesupport_cpp: rosidl_typesupport_fastrtps_cpp;rosidl_typesupport_introspection_cpp
[0.485s] -- Found PythonInterp: /usr/bin/python3 (found suitable version "3.8.10", minimum required is "3.5") 
[0.485s] -- Found python_cmake_module: 0.8.1 (/opt/ros/foxy/share/python_cmake_module/cmake)
[0.500s] -- Using PYTHON_EXECUTABLE: /usr/bin/python3
[0.500s] -- Using PYTHON_INCLUDE_DIRS: /usr/include/python3.8
[0.500s] -- Using PYTHON_LIBRARIES: /usr/lib/aarch64-linux-gnu/libpython3.8.so
[0.521s] -- Configuring done
[0.548s] -- Generating done
[0.553s] -- Build files have been written to: /home/parallels/CLionProjects/Homeworks/robotics_v1/build/urscript_interfaces
[0.562s] Invoked command in '/home/parallels/CLionProjects/Homeworks/robotics_v1/build/urscript_interfaces' returned '0': CMAKE_PREFIX_PATH=/opt/ros/foxy /usr/bin/cmake /home/parallels/CLionProjects/Homeworks/robotics_v1/src/ur_dev/urscript/urscript_interfaces -DCMAKE_EXPORT_COMPILE_COMMANDS=ON -DCMAKE_INSTALL_PREFIX=/home/parallels/CLionProjects/Homeworks/robotics_v1/install/urscript_interfaces
[0.562s] Invoking command in '/home/parallels/CLionProjects/Homeworks/robotics_v1/build/urscript_interfaces': CMAKE_PREFIX_PATH=/opt/ros/foxy /usr/bin/cmake --build /home/parallels/CLionProjects/Homeworks/robotics_v1/build/urscript_interfaces -- -j4 -l4
[0.615s] [  9%] Built target urscript_interfaces__rosidl_generator_c
[0.619s] [ 12%] Built target urscript_interfaces__cpp
[0.646s] [ 22%] Built target urscript_interfaces__rosidl_typesupport_introspection_c
[0.660s] [ 32%] Built target urscript_interfaces__rosidl_typesupport_c
[0.671s] [ 41%] Built target urscript_interfaces__rosidl_typesupport_cpp
[0.679s] [ 51%] Built target urscript_interfaces__rosidl_typesupport_fastrtps_cpp
[0.687s] [ 61%] Built target urscript_interfaces__rosidl_typesupport_introspection_cpp
[0.702s] [ 70%] Built target urscript_interfaces__rosidl_typesupport_fastrtps_c
[0.721s] [ 70%] Built target urscript_interfaces
[0.739s] [ 74%] Built target urscript_interfaces__py
[0.762s] [ 80%] Built target urscript_interfaces__python
[0.808s] [ 87%] Built target urscript_interfaces__rosidl_typesupport_c__pyext
[0.809s] [ 93%] Built target urscript_interfaces__rosidl_typesupport_fastrtps_c__pyext
[0.825s] [100%] Built target urscript_interfaces__rosidl_typesupport_introspection_c__pyext
[0.835s] Invoked command in '/home/parallels/CLionProjects/Homeworks/robotics_v1/build/urscript_interfaces' returned '0': CMAKE_PREFIX_PATH=/opt/ros/foxy /usr/bin/cmake --build /home/parallels/CLionProjects/Homeworks/robotics_v1/build/urscript_interfaces -- -j4 -l4
[0.902s] Invoking command in '/home/parallels/CLionProjects/Homeworks/robotics_v1/build/urscript_interfaces': CMAKE_PREFIX_PATH=/opt/ros/foxy /usr/bin/cmake --install /home/parallels/CLionProjects/Homeworks/robotics_v1/build/urscript_interfaces
[0.910s] -- Install configuration: "RelWithDebInfo"
[0.911s] -- Execute custom install script
[0.911s] -- Up-to-date symlink: /home/parallels/CLionProjects/Homeworks/robotics_v1/install/urscript_interfaces/share/ament_index/resource_index/rosidl_interfaces/urscript_interfaces
[0.911s] -- Up-to-date symlink: /home/parallels/CLionProjects/Homeworks/robotics_v1/install/urscript_interfaces/include/urscript_interfaces/msg/rosidl_generator_c__visibility_control.h
[0.911s] -- Up-to-date symlink: /home/parallels/CLionProjects/Homeworks/robotics_v1/install/urscript_interfaces/include/urscript_interfaces/srv/detail/ur_script__functions.h
[0.912s] -- Up-to-date symlink: /home/parallels/CLionProjects/Homeworks/robotics_v1/install/urscript_interfaces/include/urscript_interfaces/srv/detail/ur_script__struct.h
[0.912s] -- Up-to-date symlink: /home/parallels/CLionProjects/Homeworks/robotics_v1/install/urscript_interfaces/include/urscript_interfaces/srv/detail/ur_script__type_support.h
[0.912s] -- Up-to-date symlink: /home/parallels/CLionProjects/Homeworks/robotics_v1/install/urscript_interfaces/include/urscript_interfaces/srv/ur_script.h
[0.912s] -- Up-to-date symlink: /home/parallels/CLionProjects/Homeworks/robotics_v1/install/urscript_interfaces/share/urscript_interfaces/environment/library_path.sh
[0.912s] -- Up-to-date symlink: /home/parallels/CLionProjects/Homeworks/robotics_v1/install/urscript_interfaces/share/urscript_interfaces/environment/library_path.dsv
[0.913s] -- Up-to-date symlink: /home/parallels/CLionProjects/Homeworks/robotics_v1/install/urscript_interfaces/include/urscript_interfaces/msg/rosidl_typesupport_fastrtps_c__visibility_control.h
[0.913s] -- Up-to-date symlink: /home/parallels/CLionProjects/Homeworks/robotics_v1/install/urscript_interfaces/include/urscript_interfaces/srv/detail/ur_script__rosidl_typesupport_fastrtps_c.h
[0.913s] -- Up-to-date symlink: /home/parallels/CLionProjects/Homeworks/robotics_v1/install/urscript_interfaces/lib/liburscript_interfaces__rosidl_typesupport_fastrtps_c.so
[0.913s] -- Up-to-date symlink: /home/parallels/CLionProjects/Homeworks/robotics_v1/install/urscript_interfaces/include/urscript_interfaces/msg/rosidl_typesupport_fastrtps_cpp__visibility_control.h
[0.914s] -- Up-to-date symlink: /home/parallels/CLionProjects/Homeworks/robotics_v1/install/urscript_interfaces/include/urscript_interfaces/srv/detail/ur_script__rosidl_typesupport_fastrtps_cpp.hpp
[0.914s] -- Up-to-date symlink: /home/parallels/CLionProjects/Homeworks/robotics_v1/install/urscript_interfaces/lib/liburscript_interfaces__rosidl_typesupport_fastrtps_cpp.so
[0.915s] -- Up-to-date symlink: /home/parallels/CLionProjects/Homeworks/robotics_v1/install/urscript_interfaces/include/urscript_interfaces/msg/rosidl_typesupport_introspection_c__visibility_control.h
[0.915s] -- Up-to-date symlink: /home/parallels/CLionProjects/Homeworks/robotics_v1/install/urscript_interfaces/include/urscript_interfaces/srv/detail/ur_script__rosidl_typesupport_introspection_c.h
[0.915s] -- Up-to-date symlink: /home/parallels/CLionProjects/Homeworks/robotics_v1/install/urscript_interfaces/include/urscript_interfaces/srv/detail/ur_script__builder.hpp
[0.915s] -- Up-to-date symlink: /home/parallels/CLionProjects/Homeworks/robotics_v1/install/urscript_interfaces/include/urscript_interfaces/srv/detail/ur_script__struct.hpp
[0.916s] -- Up-to-date symlink: /home/parallels/CLionProjects/Homeworks/robotics_v1/install/urscript_interfaces/include/urscript_interfaces/srv/detail/ur_script__traits.hpp
[0.916s] -- Up-to-date symlink: /home/parallels/CLionProjects/Homeworks/robotics_v1/install/urscript_interfaces/include/urscript_interfaces/srv/ur_script.hpp
[0.916s] -- Up-to-date symlink: /home/parallels/CLionProjects/Homeworks/robotics_v1/install/urscript_interfaces/include/urscript_interfaces/srv/detail/ur_script__rosidl_typesupport_introspection_cpp.hpp
[0.917s] -- Up-to-date symlink: /home/parallels/CLionProjects/Homeworks/robotics_v1/install/urscript_interfaces/share/urscript_interfaces/environment/pythonpath.sh
[0.917s] -- Up-to-date symlink: /home/parallels/CLionProjects/Homeworks/robotics_v1/install/urscript_interfaces/share/urscript_interfaces/environment/pythonpath.dsv
[0.917s] -- Up-to-date symlink: /home/parallels/CLionProjects/Homeworks/robotics_v1/install/urscript_interfaces/lib/python3.8/site-packages/urscript_interfaces/__init__.py
[0.917s] -- Up-to-date symlink: /home/parallels/CLionProjects/Homeworks/robotics_v1/install/urscript_interfaces/lib/python3.8/site-packages/urscript_interfaces/srv/__init__.py
[0.918s] -- Up-to-date symlink: /home/parallels/CLionProjects/Homeworks/robotics_v1/install/urscript_interfaces/lib/python3.8/site-packages/urscript_interfaces/srv/_ur_script.py
[0.918s] -- Up-to-date symlink: /home/parallels/CLionProjects/Homeworks/robotics_v1/install/urscript_interfaces/lib/python3.8/site-packages/urscript_interfaces/urscript_interfaces_s__rosidl_typesupport_fastrtps_c.cpython-38-aarch64-linux-gnu.so
[0.919s] -- Up-to-date symlink: /home/parallels/CLionProjects/Homeworks/robotics_v1/install/urscript_interfaces/lib/python3.8/site-packages/urscript_interfaces/urscript_interfaces_s__rosidl_typesupport_introspection_c.cpython-38-aarch64-linux-gnu.so
[0.919s] -- Up-to-date symlink: /home/parallels/CLionProjects/Homeworks/robotics_v1/install/urscript_interfaces/lib/python3.8/site-packages/urscript_interfaces/urscript_interfaces_s__rosidl_typesupport_c.cpython-38-aarch64-linux-gnu.so
[0.919s] -- Up-to-date symlink: /home/parallels/CLionProjects/Homeworks/robotics_v1/install/urscript_interfaces/lib/liburscript_interfaces__python.so
[0.919s] -- Up-to-date symlink: /home/parallels/CLionProjects/Homeworks/robotics_v1/install/urscript_interfaces/share/urscript_interfaces/srv/UrScript.idl
[0.920s] -- Up-to-date symlink: /home/parallels/CLionProjects/Homeworks/robotics_v1/install/urscript_interfaces/share/urscript_interfaces/srv/UrScript.srv
[0.920s] -- Up-to-date symlink: /home/parallels/CLionProjects/Homeworks/robotics_v1/install/urscript_interfaces/share/urscript_interfaces/srv/UrScript_Request.msg
[0.920s] -- Up-to-date symlink: /home/parallels/CLionProjects/Homeworks/robotics_v1/install/urscript_interfaces/share/urscript_interfaces/srv/UrScript_Response.msg
[0.920s] -- Up-to-date symlink: /home/parallels/CLionProjects/Homeworks/robotics_v1/install/urscript_interfaces/share/ament_index/resource_index/package_run_dependencies/urscript_interfaces
[0.920s] -- Up-to-date symlink: /home/parallels/CLionProjects/Homeworks/robotics_v1/install/urscript_interfaces/share/ament_index/resource_index/parent_prefix_path/urscript_interfaces
[0.921s] -- Up-to-date symlink: /home/parallels/CLionProjects/Homeworks/robotics_v1/install/urscript_interfaces/share/urscript_interfaces/environment/ament_prefix_path.sh
[0.921s] -- Up-to-date symlink: /home/parallels/CLionProjects/Homeworks/robotics_v1/install/urscript_interfaces/share/urscript_interfaces/environment/ament_prefix_path.dsv
[0.921s] -- Up-to-date symlink: /home/parallels/CLionProjects/Homeworks/robotics_v1/install/urscript_interfaces/share/urscript_interfaces/environment/path.sh
[0.921s] -- Up-to-date symlink: /home/parallels/CLionProjects/Homeworks/robotics_v1/install/urscript_interfaces/share/urscript_interfaces/environment/path.dsv
[0.921s] -- Up-to-date symlink: /home/parallels/CLionProjects/Homeworks/robotics_v1/install/urscript_interfaces/share/urscript_interfaces/local_setup.bash
[0.922s] -- Up-to-date symlink: /home/parallels/CLionProjects/Homeworks/robotics_v1/install/urscript_interfaces/share/urscript_interfaces/local_setup.sh
[0.922s] -- Up-to-date symlink: /home/parallels/CLionProjects/Homeworks/robotics_v1/install/urscript_interfaces/share/urscript_interfaces/local_setup.zsh
[0.922s] -- Up-to-date symlink: /home/parallels/CLionProjects/Homeworks/robotics_v1/install/urscript_interfaces/share/urscript_interfaces/local_setup.dsv
[0.922s] -- Symlinking: /home/parallels/CLionProjects/Homeworks/robotics_v1/install/urscript_interfaces/share/urscript_interfaces/package.dsv
[0.930s] -- Up-to-date symlink: /home/parallels/CLionProjects/Homeworks/robotics_v1/install/urscript_interfaces/share/ament_index/resource_index/packages/urscript_interfaces
[0.930s] -- Up-to-date symlink: /home/parallels/CLionProjects/Homeworks/robotics_v1/install/urscript_interfaces/share/urscript_interfaces/cmake/rosidl_cmake-extras.cmake
[0.930s] -- Up-to-date symlink: /home/parallels/CLionProjects/Homeworks/robotics_v1/install/urscript_interfaces/share/urscript_interfaces/cmake/ament_cmake_export_dependencies-extras.cmake
[0.930s] -- Up-to-date symlink: /home/parallels/CLionProjects/Homeworks/robotics_v1/install/urscript_interfaces/share/urscript_interfaces/cmake/ament_cmake_export_libraries-extras.cmake
[0.930s] -- Up-to-date symlink: /home/parallels/CLionProjects/Homeworks/robotics_v1/install/urscript_interfaces/share/urscript_interfaces/cmake/ament_cmake_export_targets-extras.cmake
[0.931s] -- Up-to-date symlink: /home/parallels/CLionProjects/Homeworks/robotics_v1/install/urscript_interfaces/share/urscript_interfaces/cmake/ament_cmake_export_include_directories-extras.cmake
[0.931s] -- Up-to-date symlink: /home/parallels/CLionProjects/Homeworks/robotics_v1/install/urscript_interfaces/share/urscript_interfaces/cmake/rosidl_cmake_export_typesupport_libraries-extras.cmake
[0.931s] -- Up-to-date symlink: /home/parallels/CLionProjects/Homeworks/robotics_v1/install/urscript_interfaces/share/urscript_interfaces/cmake/rosidl_cmake_export_typesupport_targets-extras.cmake
[0.932s] -- Up-to-date symlink: /home/parallels/CLionProjects/Homeworks/robotics_v1/install/urscript_interfaces/share/urscript_interfaces/cmake/urscript_interfacesConfig.cmake
[0.932s] -- Up-to-date symlink: /home/parallels/CLionProjects/Homeworks/robotics_v1/install/urscript_interfaces/share/urscript_interfaces/cmake/urscript_interfacesConfig-version.cmake
[0.932s] -- Up-to-date symlink: /home/parallels/CLionProjects/Homeworks/robotics_v1/install/urscript_interfaces/share/urscript_interfaces/package.xml
[0.933s] -- Up-to-date: /home/parallels/CLionProjects/Homeworks/robotics_v1/install/urscript_interfaces/lib/liburscript_interfaces__rosidl_generator_c.so
[0.933s] -- Up-to-date: /home/parallels/CLionProjects/Homeworks/robotics_v1/install/urscript_interfaces/lib/liburscript_interfaces__rosidl_typesupport_introspection_c.so
[0.934s] -- Up-to-date: /home/parallels/CLionProjects/Homeworks/robotics_v1/install/urscript_interfaces/lib/liburscript_interfaces__rosidl_typesupport_c.so
[0.935s] -- Up-to-date: /home/parallels/CLionProjects/Homeworks/robotics_v1/install/urscript_interfaces/lib/liburscript_interfaces__rosidl_typesupport_introspection_cpp.so
[0.936s] -- Up-to-date: /home/parallels/CLionProjects/Homeworks/robotics_v1/install/urscript_interfaces/lib/liburscript_interfaces__rosidl_typesupport_cpp.so
[0.954s] Compiling '/home/parallels/CLionProjects/Homeworks/robotics_v1/install/urscript_interfaces/lib/python3.8/site-packages/urscript_interfaces/__init__.py'...
[0.956s] -- Up-to-date: /home/parallels/CLionProjects/Homeworks/robotics_v1/install/urscript_interfaces/share/urscript_interfaces/cmake/urscript_interfaces__rosidl_generator_cExport.cmake
[0.957s] -- Installing: /home/parallels/CLionProjects/Homeworks/robotics_v1/install/urscript_interfaces/share/urscript_interfaces/cmake/urscript_interfaces__rosidl_generator_cExport-relwithdebinfo.cmake
[0.957s] -- Up-to-date: /home/parallels/CLionProjects/Homeworks/robotics_v1/install/urscript_interfaces/share/urscript_interfaces/cmake/urscript_interfaces__rosidl_typesupport_introspection_cExport.cmake
[0.957s] -- Installing: /home/parallels/CLionProjects/Homeworks/robotics_v1/install/urscript_interfaces/share/urscript_interfaces/cmake/urscript_interfaces__rosidl_typesupport_introspection_cExport-relwithdebinfo.cmake
[0.957s] -- Up-to-date: /home/parallels/CLionProjects/Homeworks/robotics_v1/install/urscript_interfaces/share/urscript_interfaces/cmake/urscript_interfaces__rosidl_typesupport_cExport.cmake
[0.957s] -- Installing: /home/parallels/CLionProjects/Homeworks/robotics_v1/install/urscript_interfaces/share/urscript_interfaces/cmake/urscript_interfaces__rosidl_typesupport_cExport-relwithdebinfo.cmake
[0.957s] -- Up-to-date: /home/parallels/CLionProjects/Homeworks/robotics_v1/install/urscript_interfaces/share/urscript_interfaces/cmake/urscript_interfaces__rosidl_generator_cppExport.cmake
[0.957s] -- Up-to-date: /home/parallels/CLionProjects/Homeworks/robotics_v1/install/urscript_interfaces/share/urscript_interfaces/cmake/urscript_interfaces__rosidl_typesupport_introspection_cppExport.cmake
[0.957s] -- Installing: /home/parallels/CLionProjects/Homeworks/robotics_v1/install/urscript_interfaces/share/urscript_interfaces/cmake/urscript_interfaces__rosidl_typesupport_introspection_cppExport-relwithdebinfo.cmake
[0.958s] -- Up-to-date: /home/parallels/CLionProjects/Homeworks/robotics_v1/install/urscript_interfaces/share/urscript_interfaces/cmake/urscript_interfaces__rosidl_typesupport_cppExport.cmake
[0.958s] -- Installing: /home/parallels/CLionProjects/Homeworks/robotics_v1/install/urscript_interfaces/share/urscript_interfaces/cmake/urscript_interfaces__rosidl_typesupport_cppExport-relwithdebinfo.cmake
[0.961s] Invoked command in '/home/parallels/CLionProjects/Homeworks/robotics_v1/build/urscript_interfaces' returned '0': CMAKE_PREFIX_PATH=/opt/ros/foxy /usr/bin/cmake --install /home/parallels/CLionProjects/Homeworks/robotics_v1/build/urscript_interfaces
