[0.085s] DEBUG:colcon:Command line arguments: ['/usr/bin/colcon', 'list', '-p', '--base-paths', '/home/parallels/CLionProjects/Homeworks/robotics_v1']
[0.085s] DEBUG:colcon:Parsed command line arguments: Namespace(allow_overriding=[], base_paths=['/home/parallels/CLionProjects/Homeworks/robotics_v1'], build_base='build', ignore_user_meta=False, log_base=None, log_level=None, main=<bound method ListVerb.main of <colcon_package_information.verb.list.ListVerb object at 0xffffb931f400>>, metas=['./colcon.meta'], names_only=False, packages_above=None, packages_above_and_dependencies=None, packages_above_depth=None, packages_end=None, packages_ignore=None, packages_ignore_regex=None, packages_select=None, packages_select_build_failed=False, packages_select_by_dep=None, packages_select_regex=None, packages_select_test_failures=False, packages_skip=None, packages_skip_build_finished=False, packages_skip_by_dep=None, packages_skip_regex=None, packages_skip_test_passed=False, packages_skip_up_to=None, packages_start=None, packages_up_to=None, packages_up_to_regex=None, paths=None, paths_only=True, topological_graph=False, topological_graph_density=False, topological_graph_dot=False, topological_graph_dot_cluster=False, topological_graph_dot_include_skipped=False, topological_graph_legend=False, topological_order=False, verb_extension=<colcon_package_information.verb.list.ListVerb object at 0xffffb931f400>, verb_name='list', verb_parser=<colcon_defaults.argument_parser.defaults.DefaultArgumentsDecorator object at 0xffffb9246670>)
[0.101s] Level 1:colcon.colcon_core.package_discovery:discover_packages(colcon_meta) check parameters
[0.101s] Level 1:colcon.colcon_core.package_discovery:discover_packages(recursive) check parameters
[0.101s] Level 1:colcon.colcon_core.package_discovery:discover_packages(ignore) check parameters
[0.101s] Level 1:colcon.colcon_core.package_discovery:discover_packages(path) check parameters
[0.101s] Level 1:colcon.colcon_core.package_discovery:discover_packages(recursive) discover
[0.101s] INFO:colcon.colcon_core.package_discovery:Crawling recursively for packages in '/home/parallels/CLionProjects/Homeworks/robotics_v1'
[0.101s] Level 1:colcon.colcon_core.package_identification:_identify(/home/parallels/CLionProjects/Homeworks/robotics_v1) by extensions ['ignore', 'ignore_ament_install']
[0.101s] Level 1:colcon.colcon_core.package_identification:_identify(/home/parallels/CLionProjects/Homeworks/robotics_v1) by extension 'ignore'
[0.101s] Level 1:colcon.colcon_core.package_identification:_identify(/home/parallels/CLionProjects/Homeworks/robotics_v1) by extension 'ignore_ament_install'
[0.101s] Level 1:colcon.colcon_core.package_identification:_identify(/home/parallels/CLionProjects/Homeworks/robotics_v1) by extensions ['colcon_pkg']
[0.101s] Level 1:colcon.colcon_core.package_identification:_identify(/home/parallels/CLionProjects/Homeworks/robotics_v1) by extension 'colcon_pkg'
[0.101s] Level 1:colcon.colcon_core.package_identification:_identify(/home/parallels/CLionProjects/Homeworks/robotics_v1) by extensions ['colcon_meta']
[0.101s] Level 1:colcon.colcon_core.package_identification:_identify(/home/parallels/CLionProjects/Homeworks/robotics_v1) by extension 'colcon_meta'
[0.101s] Level 1:colcon.colcon_core.package_identification:_identify(/home/parallels/CLionProjects/Homeworks/robotics_v1) by extensions ['ros']
[0.101s] Level 1:colcon.colcon_core.package_identification:_identify(/home/parallels/CLionProjects/Homeworks/robotics_v1) by extension 'ros'
[0.120s] Level 1:colcon.colcon_core.package_identification:_identify(/home/parallels/CLionProjects/Homeworks/robotics_v1) by extensions ['cmake', 'python']
[0.120s] Level 1:colcon.colcon_core.package_identification:_identify(/home/parallels/CLionProjects/Homeworks/robotics_v1) by extension 'cmake'
[0.120s] Level 1:colcon.colcon_core.package_identification:_identify(/home/parallels/CLionProjects/Homeworks/robotics_v1) by extension 'python'
[0.120s] Level 1:colcon.colcon_core.package_identification:_identify(/home/parallels/CLionProjects/Homeworks/robotics_v1) by extensions ['python_setup_py']
[0.120s] Level 1:colcon.colcon_core.package_identification:_identify(/home/parallels/CLionProjects/Homeworks/robotics_v1) by extension 'python_setup_py'
[0.120s] Level 1:colcon.colcon_core.package_identification:_identify(/home/parallels/CLionProjects/Homeworks/robotics_v1/build) by extensions ['ignore', 'ignore_ament_install']
[0.121s] Level 1:colcon.colcon_core.package_identification:_identify(/home/parallels/CLionProjects/Homeworks/robotics_v1/build) by extension 'ignore'
[0.121s] Level 1:colcon.colcon_core.package_identification:_identify(/home/parallels/CLionProjects/Homeworks/robotics_v1/build) ignored
[0.121s] Level 1:colcon.colcon_core.package_identification:_identify(/home/parallels/CLionProjects/Homeworks/robotics_v1/doc) by extensions ['ignore', 'ignore_ament_install']
[0.121s] Level 1:colcon.colcon_core.package_identification:_identify(/home/parallels/CLionProjects/Homeworks/robotics_v1/doc) by extension 'ignore'
[0.121s] Level 1:colcon.colcon_core.package_identification:_identify(/home/parallels/CLionProjects/Homeworks/robotics_v1/doc) by extension 'ignore_ament_install'
[0.121s] Level 1:colcon.colcon_core.package_identification:_identify(/home/parallels/CLionProjects/Homeworks/robotics_v1/doc) by extensions ['colcon_pkg']
[0.121s] Level 1:colcon.colcon_core.package_identification:_identify(/home/parallels/CLionProjects/Homeworks/robotics_v1/doc) by extension 'colcon_pkg'
[0.121s] Level 1:colcon.colcon_core.package_identification:_identify(/home/parallels/CLionProjects/Homeworks/robotics_v1/doc) by extensions ['colcon_meta']
[0.121s] Level 1:colcon.colcon_core.package_identification:_identify(/home/parallels/CLionProjects/Homeworks/robotics_v1/doc) by extension 'colcon_meta'
[0.121s] Level 1:colcon.colcon_core.package_identification:_identify(/home/parallels/CLionProjects/Homeworks/robotics_v1/doc) by extensions ['ros']
[0.121s] Level 1:colcon.colcon_core.package_identification:_identify(/home/parallels/CLionProjects/Homeworks/robotics_v1/doc) by extension 'ros'
[0.121s] Level 1:colcon.colcon_core.package_identification:_identify(/home/parallels/CLionProjects/Homeworks/robotics_v1/doc) by extensions ['cmake', 'python']
[0.121s] Level 1:colcon.colcon_core.package_identification:_identify(/home/parallels/CLionProjects/Homeworks/robotics_v1/doc) by extension 'cmake'
[0.121s] Level 1:colcon.colcon_core.package_identification:_identify(/home/parallels/CLionProjects/Homeworks/robotics_v1/doc) by extension 'python'
[0.121s] Level 1:colcon.colcon_core.package_identification:_identify(/home/parallels/CLionProjects/Homeworks/robotics_v1/doc) by extensions ['python_setup_py']
[0.121s] Level 1:colcon.colcon_core.package_identification:_identify(/home/parallels/CLionProjects/Homeworks/robotics_v1/doc) by extension 'python_setup_py'
[0.121s] Level 1:colcon.colcon_core.package_identification:_identify(/home/parallels/CLionProjects/Homeworks/robotics_v1/doc/previews) by extensions ['ignore', 'ignore_ament_install']
[0.121s] Level 1:colcon.colcon_core.package_identification:_identify(/home/parallels/CLionProjects/Homeworks/robotics_v1/doc/previews) by extension 'ignore'
[0.121s] Level 1:colcon.colcon_core.package_identification:_identify(/home/parallels/CLionProjects/Homeworks/robotics_v1/doc/previews) by extension 'ignore_ament_install'
[0.121s] Level 1:colcon.colcon_core.package_identification:_identify(/home/parallels/CLionProjects/Homeworks/robotics_v1/doc/previews) by extensions ['colcon_pkg']
[0.121s] Level 1:colcon.colcon_core.package_identification:_identify(/home/parallels/CLionProjects/Homeworks/robotics_v1/doc/previews) by extension 'colcon_pkg'
[0.121s] Level 1:colcon.colcon_core.package_identification:_identify(/home/parallels/CLionProjects/Homeworks/robotics_v1/doc/previews) by extensions ['colcon_meta']
[0.121s] Level 1:colcon.colcon_core.package_identification:_identify(/home/parallels/CLionProjects/Homeworks/robotics_v1/doc/previews) by extension 'colcon_meta'
[0.121s] Level 1:colcon.colcon_core.package_identification:_identify(/home/parallels/CLionProjects/Homeworks/robotics_v1/doc/previews) by extensions ['ros']
[0.121s] Level 1:colcon.colcon_core.package_identification:_identify(/home/parallels/CLionProjects/Homeworks/robotics_v1/doc/previews) by extension 'ros'
[0.121s] Level 1:colcon.colcon_core.package_identification:_identify(/home/parallels/CLionProjects/Homeworks/robotics_v1/doc/previews) by extensions ['cmake', 'python']
[0.121s] Level 1:colcon.colcon_core.package_identification:_identify(/home/parallels/CLionProjects/Homeworks/robotics_v1/doc/previews) by extension 'cmake'
[0.121s] Level 1:colcon.colcon_core.package_identification:_identify(/home/parallels/CLionProjects/Homeworks/robotics_v1/doc/previews) by extension 'python'
[0.122s] Level 1:colcon.colcon_core.package_identification:_identify(/home/parallels/CLionProjects/Homeworks/robotics_v1/doc/previews) by extensions ['python_setup_py']
[0.122s] Level 1:colcon.colcon_core.package_identification:_identify(/home/parallels/CLionProjects/Homeworks/robotics_v1/doc/previews) by extension 'python_setup_py'
[0.122s] Level 1:colcon.colcon_core.package_identification:_identify(/home/parallels/CLionProjects/Homeworks/robotics_v1/install) by extensions ['ignore', 'ignore_ament_install']
[0.122s] Level 1:colcon.colcon_core.package_identification:_identify(/home/parallels/CLionProjects/Homeworks/robotics_v1/install) by extension 'ignore'
[0.122s] Level 1:colcon.colcon_core.package_identification:_identify(/home/parallels/CLionProjects/Homeworks/robotics_v1/install) ignored
[0.122s] Level 1:colcon.colcon_core.package_identification:_identify(/home/parallels/CLionProjects/Homeworks/robotics_v1/log) by extensions ['ignore', 'ignore_ament_install']
[0.122s] Level 1:colcon.colcon_core.package_identification:_identify(/home/parallels/CLionProjects/Homeworks/robotics_v1/log) by extension 'ignore'
[0.122s] Level 1:colcon.colcon_core.package_identification:_identify(/home/parallels/CLionProjects/Homeworks/robotics_v1/log) ignored
[0.122s] Level 1:colcon.colcon_core.package_identification:_identify(/home/parallels/CLionProjects/Homeworks/robotics_v1/screenshots) by extensions ['ignore', 'ignore_ament_install']
[0.122s] Level 1:colcon.colcon_core.package_identification:_identify(/home/parallels/CLionProjects/Homeworks/robotics_v1/screenshots) by extension 'ignore'
[0.122s] Level 1:colcon.colcon_core.package_identification:_identify(/home/parallels/CLionProjects/Homeworks/robotics_v1/screenshots) by extension 'ignore_ament_install'
[0.122s] Level 1:colcon.colcon_core.package_identification:_identify(/home/parallels/CLionProjects/Homeworks/robotics_v1/screenshots) by extensions ['colcon_pkg']
[0.122s] Level 1:colcon.colcon_core.package_identification:_identify(/home/parallels/CLionProjects/Homeworks/robotics_v1/screenshots) by extension 'colcon_pkg'
[0.122s] Level 1:colcon.colcon_core.package_identification:_identify(/home/parallels/CLionProjects/Homeworks/robotics_v1/screenshots) by extensions ['colcon_meta']
[0.122s] Level 1:colcon.colcon_core.package_identification:_identify(/home/parallels/CLionProjects/Homeworks/robotics_v1/screenshots) by extension 'colcon_meta'
[0.122s] Level 1:colcon.colcon_core.package_identification:_identify(/home/parallels/CLionProjects/Homeworks/robotics_v1/screenshots) by extensions ['ros']
[0.122s] Level 1:colcon.colcon_core.package_identification:_identify(/home/parallels/CLionProjects/Homeworks/robotics_v1/screenshots) by extension 'ros'
[0.122s] Level 1:colcon.colcon_core.package_identification:_identify(/home/parallels/CLionProjects/Homeworks/robotics_v1/screenshots) by extensions ['cmake', 'python']
[0.122s] Level 1:colcon.colcon_core.package_identification:_identify(/home/parallels/CLionProjects/Homeworks/robotics_v1/screenshots) by extension 'cmake'
[0.122s] Level 1:colcon.colcon_core.package_identification:_identify(/home/parallels/CLionProjects/Homeworks/robotics_v1/screenshots) by extension 'python'
[0.122s] Level 1:colcon.colcon_core.package_identification:_identify(/home/parallels/CLionProjects/Homeworks/robotics_v1/screenshots) by extensions ['python_setup_py']
[0.122s] Level 1:colcon.colcon_core.package_identification:_identify(/home/parallels/CLionProjects/Homeworks/robotics_v1/screenshots) by extension 'python_setup_py'
[0.122s] Level 1:colcon.colcon_core.package_identification:_identify(/home/parallels/CLionProjects/Homeworks/robotics_v1/scripts) by extensions ['ignore', 'ignore_ament_install']
[0.122s] Level 1:colcon.colcon_core.package_identification:_identify(/home/parallels/CLionProjects/Homeworks/robotics_v1/scripts) by extension 'ignore'
[0.122s] Level 1:colcon.colcon_core.package_identification:_identify(/home/parallels/CLionProjects/Homeworks/robotics_v1/scripts) by extension 'ignore_ament_install'
[0.122s] Level 1:colcon.colcon_core.package_identification:_identify(/home/parallels/CLionProjects/Homeworks/robotics_v1/scripts) by extensions ['colcon_pkg']
[0.123s] Level 1:colcon.colcon_core.package_identification:_identify(/home/parallels/CLionProjects/Homeworks/robotics_v1/scripts) by extension 'colcon_pkg'
[0.123s] Level 1:colcon.colcon_core.package_identification:_identify(/home/parallels/CLionProjects/Homeworks/robotics_v1/scripts) by extensions ['colcon_meta']
[0.123s] Level 1:colcon.colcon_core.package_identification:_identify(/home/parallels/CLionProjects/Homeworks/robotics_v1/scripts) by extension 'colcon_meta'
[0.123s] Level 1:colcon.colcon_core.package_identification:_identify(/home/parallels/CLionProjects/Homeworks/robotics_v1/scripts) by extensions ['ros']
[0.123s] Level 1:colcon.colcon_core.package_identification:_identify(/home/parallels/CLionProjects/Homeworks/robotics_v1/scripts) by extension 'ros'
[0.123s] Level 1:colcon.colcon_core.package_identification:_identify(/home/parallels/CLionProjects/Homeworks/robotics_v1/scripts) by extensions ['cmake', 'python']
[0.123s] Level 1:colcon.colcon_core.package_identification:_identify(/home/parallels/CLionProjects/Homeworks/robotics_v1/scripts) by extension 'cmake'
[0.123s] Level 1:colcon.colcon_core.package_identification:_identify(/home/parallels/CLionProjects/Homeworks/robotics_v1/scripts) by extension 'python'
[0.123s] Level 1:colcon.colcon_core.package_identification:_identify(/home/parallels/CLionProjects/Homeworks/robotics_v1/scripts) by extensions ['python_setup_py']
[0.123s] Level 1:colcon.colcon_core.package_identification:_identify(/home/parallels/CLionProjects/Homeworks/robotics_v1/scripts) by extension 'python_setup_py'
[0.123s] Level 1:colcon.colcon_core.package_identification:_identify(/home/parallels/CLionProjects/Homeworks/robotics_v1/src) by extensions ['ignore', 'ignore_ament_install']
[0.123s] Level 1:colcon.colcon_core.package_identification:_identify(/home/parallels/CLionProjects/Homeworks/robotics_v1/src) by extension 'ignore'
[0.123s] Level 1:colcon.colcon_core.package_identification:_identify(/home/parallels/CLionProjects/Homeworks/robotics_v1/src) by extension 'ignore_ament_install'
[0.123s] Level 1:colcon.colcon_core.package_identification:_identify(/home/parallels/CLionProjects/Homeworks/robotics_v1/src) by extensions ['colcon_pkg']
[0.123s] Level 1:colcon.colcon_core.package_identification:_identify(/home/parallels/CLionProjects/Homeworks/robotics_v1/src) by extension 'colcon_pkg'
[0.123s] Level 1:colcon.colcon_core.package_identification:_identify(/home/parallels/CLionProjects/Homeworks/robotics_v1/src) by extensions ['colcon_meta']
[0.123s] Level 1:colcon.colcon_core.package_identification:_identify(/home/parallels/CLionProjects/Homeworks/robotics_v1/src) by extension 'colcon_meta'
[0.123s] Level 1:colcon.colcon_core.package_identification:_identify(/home/parallels/CLionProjects/Homeworks/robotics_v1/src) by extensions ['ros']
[0.123s] Level 1:colcon.colcon_core.package_identification:_identify(/home/parallels/CLionProjects/Homeworks/robotics_v1/src) by extension 'ros'
[0.123s] Level 1:colcon.colcon_core.package_identification:_identify(/home/parallels/CLionProjects/Homeworks/robotics_v1/src) by extensions ['cmake', 'python']
[0.123s] Level 1:colcon.colcon_core.package_identification:_identify(/home/parallels/CLionProjects/Homeworks/robotics_v1/src) by extension 'cmake'
[0.123s] Level 1:colcon.colcon_core.package_identification:_identify(/home/parallels/CLionProjects/Homeworks/robotics_v1/src) by extension 'python'
[0.123s] Level 1:colcon.colcon_core.package_identification:_identify(/home/parallels/CLionProjects/Homeworks/robotics_v1/src) by extensions ['python_setup_py']
[0.123s] Level 1:colcon.colcon_core.package_identification:_identify(/home/parallels/CLionProjects/Homeworks/robotics_v1/src) by extension 'python_setup_py'
[0.123s] Level 1:colcon.colcon_core.package_identification:_identify(/home/parallels/CLionProjects/Homeworks/robotics_v1/src/lib) by extensions ['ignore', 'ignore_ament_install']
[0.124s] Level 1:colcon.colcon_core.package_identification:_identify(/home/parallels/CLionProjects/Homeworks/robotics_v1/src/lib) by extension 'ignore'
[0.124s] Level 1:colcon.colcon_core.package_identification:_identify(/home/parallels/CLionProjects/Homeworks/robotics_v1/src/lib) by extension 'ignore_ament_install'
[0.124s] Level 1:colcon.colcon_core.package_identification:_identify(/home/parallels/CLionProjects/Homeworks/robotics_v1/src/lib) by extensions ['colcon_pkg']
[0.124s] Level 1:colcon.colcon_core.package_identification:_identify(/home/parallels/CLionProjects/Homeworks/robotics_v1/src/lib) by extension 'colcon_pkg'
[0.124s] Level 1:colcon.colcon_core.package_identification:_identify(/home/parallels/CLionProjects/Homeworks/robotics_v1/src/lib) by extensions ['colcon_meta']
[0.124s] Level 1:colcon.colcon_core.package_identification:_identify(/home/parallels/CLionProjects/Homeworks/robotics_v1/src/lib) by extension 'colcon_meta'
[0.124s] Level 1:colcon.colcon_core.package_identification:_identify(/home/parallels/CLionProjects/Homeworks/robotics_v1/src/lib) by extensions ['ros']
[0.124s] Level 1:colcon.colcon_core.package_identification:_identify(/home/parallels/CLionProjects/Homeworks/robotics_v1/src/lib) by extension 'ros'
[0.124s] Level 1:colcon.colcon_core.package_identification:_identify(/home/parallels/CLionProjects/Homeworks/robotics_v1/src/lib) by extensions ['cmake', 'python']
[0.124s] Level 1:colcon.colcon_core.package_identification:_identify(/home/parallels/CLionProjects/Homeworks/robotics_v1/src/lib) by extension 'cmake'
[0.124s] Level 1:colcon.colcon_core.package_identification:_identify(/home/parallels/CLionProjects/Homeworks/robotics_v1/src/lib) by extension 'python'
[0.124s] Level 1:colcon.colcon_core.package_identification:_identify(/home/parallels/CLionProjects/Homeworks/robotics_v1/src/lib) by extensions ['python_setup_py']
[0.124s] Level 1:colcon.colcon_core.package_identification:_identify(/home/parallels/CLionProjects/Homeworks/robotics_v1/src/lib) by extension 'python_setup_py'
[0.124s] Level 1:colcon.colcon_core.package_identification:_identify(/home/parallels/CLionProjects/Homeworks/robotics_v1/src/lib/cmake_helpers) by extensions ['ignore', 'ignore_ament_install']
[0.124s] Level 1:colcon.colcon_core.package_identification:_identify(/home/parallels/CLionProjects/Homeworks/robotics_v1/src/lib/cmake_helpers) by extension 'ignore'
[0.124s] Level 1:colcon.colcon_core.package_identification:_identify(/home/parallels/CLionProjects/Homeworks/robotics_v1/src/lib/cmake_helpers) by extension 'ignore_ament_install'
[0.124s] Level 1:colcon.colcon_core.package_identification:_identify(/home/parallels/CLionProjects/Homeworks/robotics_v1/src/lib/cmake_helpers) by extensions ['colcon_pkg']
[0.124s] Level 1:colcon.colcon_core.package_identification:_identify(/home/parallels/CLionProjects/Homeworks/robotics_v1/src/lib/cmake_helpers) by extension 'colcon_pkg'
[0.124s] Level 1:colcon.colcon_core.package_identification:_identify(/home/parallels/CLionProjects/Homeworks/robotics_v1/src/lib/cmake_helpers) by extensions ['colcon_meta']
[0.124s] Level 1:colcon.colcon_core.package_identification:_identify(/home/parallels/CLionProjects/Homeworks/robotics_v1/src/lib/cmake_helpers) by extension 'colcon_meta'
[0.124s] Level 1:colcon.colcon_core.package_identification:_identify(/home/parallels/CLionProjects/Homeworks/robotics_v1/src/lib/cmake_helpers) by extensions ['ros']
[0.124s] Level 1:colcon.colcon_core.package_identification:_identify(/home/parallels/CLionProjects/Homeworks/robotics_v1/src/lib/cmake_helpers) by extension 'ros'
[0.127s] DEBUG:colcon.colcon_core.package_identification:Package '/home/parallels/CLionProjects/Homeworks/robotics_v1/src/lib/cmake_helpers' with type 'ros.cmake' and name 'cmake_helpers'
[0.127s] Level 1:colcon.colcon_core.package_identification:_identify(/home/parallels/CLionProjects/Homeworks/robotics_v1/src/lib/game_engine) by extensions ['ignore', 'ignore_ament_install']
[0.127s] Level 1:colcon.colcon_core.package_identification:_identify(/home/parallels/CLionProjects/Homeworks/robotics_v1/src/lib/game_engine) by extension 'ignore'
[0.127s] Level 1:colcon.colcon_core.package_identification:_identify(/home/parallels/CLionProjects/Homeworks/robotics_v1/src/lib/game_engine) by extension 'ignore_ament_install'
[0.127s] Level 1:colcon.colcon_core.package_identification:_identify(/home/parallels/CLionProjects/Homeworks/robotics_v1/src/lib/game_engine) by extensions ['colcon_pkg']
[0.127s] Level 1:colcon.colcon_core.package_identification:_identify(/home/parallels/CLionProjects/Homeworks/robotics_v1/src/lib/game_engine) by extension 'colcon_pkg'
[0.127s] Level 1:colcon.colcon_core.package_identification:_identify(/home/parallels/CLionProjects/Homeworks/robotics_v1/src/lib/game_engine) by extensions ['colcon_meta']
[0.127s] Level 1:colcon.colcon_core.package_identification:_identify(/home/parallels/CLionProjects/Homeworks/robotics_v1/src/lib/game_engine) by extension 'colcon_meta'
[0.127s] Level 1:colcon.colcon_core.package_identification:_identify(/home/parallels/CLionProjects/Homeworks/robotics_v1/src/lib/game_engine) by extensions ['ros']
[0.127s] Level 1:colcon.colcon_core.package_identification:_identify(/home/parallels/CLionProjects/Homeworks/robotics_v1/src/lib/game_engine) by extension 'ros'
[0.128s] DEBUG:colcon.colcon_core.package_identification:Package '/home/parallels/CLionProjects/Homeworks/robotics_v1/src/lib/game_engine' with type 'ros.cmake' and name 'game_engine'
[0.128s] Level 1:colcon.colcon_core.package_identification:_identify(/home/parallels/CLionProjects/Homeworks/robotics_v1/src/lib/manager_utils) by extensions ['ignore', 'ignore_ament_install']
[0.128s] Level 1:colcon.colcon_core.package_identification:_identify(/home/parallels/CLionProjects/Homeworks/robotics_v1/src/lib/manager_utils) by extension 'ignore'
[0.128s] Level 1:colcon.colcon_core.package_identification:_identify(/home/parallels/CLionProjects/Homeworks/robotics_v1/src/lib/manager_utils) by extension 'ignore_ament_install'
[0.128s] Level 1:colcon.colcon_core.package_identification:_identify(/home/parallels/CLionProjects/Homeworks/robotics_v1/src/lib/manager_utils) by extensions ['colcon_pkg']
[0.128s] Level 1:colcon.colcon_core.package_identification:_identify(/home/parallels/CLionProjects/Homeworks/robotics_v1/src/lib/manager_utils) by extension 'colcon_pkg'
[0.128s] Level 1:colcon.colcon_core.package_identification:_identify(/home/parallels/CLionProjects/Homeworks/robotics_v1/src/lib/manager_utils) by extensions ['colcon_meta']
[0.128s] Level 1:colcon.colcon_core.package_identification:_identify(/home/parallels/CLionProjects/Homeworks/robotics_v1/src/lib/manager_utils) by extension 'colcon_meta'
[0.128s] Level 1:colcon.colcon_core.package_identification:_identify(/home/parallels/CLionProjects/Homeworks/robotics_v1/src/lib/manager_utils) by extensions ['ros']
[0.128s] Level 1:colcon.colcon_core.package_identification:_identify(/home/parallels/CLionProjects/Homeworks/robotics_v1/src/lib/manager_utils) by extension 'ros'
[0.129s] DEBUG:colcon.colcon_core.package_identification:Package '/home/parallels/CLionProjects/Homeworks/robotics_v1/src/lib/manager_utils' with type 'ros.cmake' and name 'manager_utils'
[0.130s] Level 1:colcon.colcon_core.package_identification:_identify(/home/parallels/CLionProjects/Homeworks/robotics_v1/src/lib/resource_utils) by extensions ['ignore', 'ignore_ament_install']
[0.130s] Level 1:colcon.colcon_core.package_identification:_identify(/home/parallels/CLionProjects/Homeworks/robotics_v1/src/lib/resource_utils) by extension 'ignore'
[0.130s] Level 1:colcon.colcon_core.package_identification:_identify(/home/parallels/CLionProjects/Homeworks/robotics_v1/src/lib/resource_utils) by extension 'ignore_ament_install'
[0.130s] Level 1:colcon.colcon_core.package_identification:_identify(/home/parallels/CLionProjects/Homeworks/robotics_v1/src/lib/resource_utils) by extensions ['colcon_pkg']
[0.130s] Level 1:colcon.colcon_core.package_identification:_identify(/home/parallels/CLionProjects/Homeworks/robotics_v1/src/lib/resource_utils) by extension 'colcon_pkg'
[0.130s] Level 1:colcon.colcon_core.package_identification:_identify(/home/parallels/CLionProjects/Homeworks/robotics_v1/src/lib/resource_utils) by extensions ['colcon_meta']
[0.130s] Level 1:colcon.colcon_core.package_identification:_identify(/home/parallels/CLionProjects/Homeworks/robotics_v1/src/lib/resource_utils) by extension 'colcon_meta'
[0.130s] Level 1:colcon.colcon_core.package_identification:_identify(/home/parallels/CLionProjects/Homeworks/robotics_v1/src/lib/resource_utils) by extensions ['ros']
[0.130s] Level 1:colcon.colcon_core.package_identification:_identify(/home/parallels/CLionProjects/Homeworks/robotics_v1/src/lib/resource_utils) by extension 'ros'
[0.130s] DEBUG:colcon.colcon_core.package_identification:Package '/home/parallels/CLionProjects/Homeworks/robotics_v1/src/lib/resource_utils' with type 'ros.cmake' and name 'resource_utils'
[0.131s] Level 1:colcon.colcon_core.package_identification:_identify(/home/parallels/CLionProjects/Homeworks/robotics_v1/src/lib/ros2_game_engine) by extensions ['ignore', 'ignore_ament_install']
[0.131s] Level 1:colcon.colcon_core.package_identification:_identify(/home/parallels/CLionProjects/Homeworks/robotics_v1/src/lib/ros2_game_engine) by extension 'ignore'
[0.131s] Level 1:colcon.colcon_core.package_identification:_identify(/home/parallels/CLionProjects/Homeworks/robotics_v1/src/lib/ros2_game_engine) by extension 'ignore_ament_install'
[0.131s] Level 1:colcon.colcon_core.package_identification:_identify(/home/parallels/CLionProjects/Homeworks/robotics_v1/src/lib/ros2_game_engine) by extensions ['colcon_pkg']
[0.131s] Level 1:colcon.colcon_core.package_identification:_identify(/home/parallels/CLionProjects/Homeworks/robotics_v1/src/lib/ros2_game_engine) by extension 'colcon_pkg'
[0.131s] Level 1:colcon.colcon_core.package_identification:_identify(/home/parallels/CLionProjects/Homeworks/robotics_v1/src/lib/ros2_game_engine) by extensions ['colcon_meta']
[0.131s] Level 1:colcon.colcon_core.package_identification:_identify(/home/parallels/CLionProjects/Homeworks/robotics_v1/src/lib/ros2_game_engine) by extension 'colcon_meta'
[0.131s] Level 1:colcon.colcon_core.package_identification:_identify(/home/parallels/CLionProjects/Homeworks/robotics_v1/src/lib/ros2_game_engine) by extensions ['ros']
[0.131s] Level 1:colcon.colcon_core.package_identification:_identify(/home/parallels/CLionProjects/Homeworks/robotics_v1/src/lib/ros2_game_engine) by extension 'ros'
[0.132s] DEBUG:colcon.colcon_core.package_identification:Package '/home/parallels/CLionProjects/Homeworks/robotics_v1/src/lib/ros2_game_engine' with type 'ros.cmake' and name 'ros2_game_engine'
[0.132s] Level 1:colcon.colcon_core.package_identification:_identify(/home/parallels/CLionProjects/Homeworks/robotics_v1/src/lib/sdl_utils) by extensions ['ignore', 'ignore_ament_install']
[0.132s] Level 1:colcon.colcon_core.package_identification:_identify(/home/parallels/CLionProjects/Homeworks/robotics_v1/src/lib/sdl_utils) by extension 'ignore'
[0.132s] Level 1:colcon.colcon_core.package_identification:_identify(/home/parallels/CLionProjects/Homeworks/robotics_v1/src/lib/sdl_utils) by extension 'ignore_ament_install'
[0.132s] Level 1:colcon.colcon_core.package_identification:_identify(/home/parallels/CLionProjects/Homeworks/robotics_v1/src/lib/sdl_utils) by extensions ['colcon_pkg']
[0.132s] Level 1:colcon.colcon_core.package_identification:_identify(/home/parallels/CLionProjects/Homeworks/robotics_v1/src/lib/sdl_utils) by extension 'colcon_pkg'
[0.132s] Level 1:colcon.colcon_core.package_identification:_identify(/home/parallels/CLionProjects/Homeworks/robotics_v1/src/lib/sdl_utils) by extensions ['colcon_meta']
[0.132s] Level 1:colcon.colcon_core.package_identification:_identify(/home/parallels/CLionProjects/Homeworks/robotics_v1/src/lib/sdl_utils) by extension 'colcon_meta'
[0.132s] Level 1:colcon.colcon_core.package_identification:_identify(/home/parallels/CLionProjects/Homeworks/robotics_v1/src/lib/sdl_utils) by extensions ['ros']
[0.132s] Level 1:colcon.colcon_core.package_identification:_identify(/home/parallels/CLionProjects/Homeworks/robotics_v1/src/lib/sdl_utils) by extension 'ros'
[0.133s] DEBUG:colcon.colcon_core.package_identification:Package '/home/parallels/CLionProjects/Homeworks/robotics_v1/src/lib/sdl_utils' with type 'ros.cmake' and name 'sdl_utils'
[0.133s] Level 1:colcon.colcon_core.package_identification:_identify(/home/parallels/CLionProjects/Homeworks/robotics_v1/src/lib/utils) by extensions ['ignore', 'ignore_ament_install']
[0.133s] Level 1:colcon.colcon_core.package_identification:_identify(/home/parallels/CLionProjects/Homeworks/robotics_v1/src/lib/utils) by extension 'ignore'
[0.133s] Level 1:colcon.colcon_core.package_identification:_identify(/home/parallels/CLionProjects/Homeworks/robotics_v1/src/lib/utils) by extension 'ignore_ament_install'
[0.133s] Level 1:colcon.colcon_core.package_identification:_identify(/home/parallels/CLionProjects/Homeworks/robotics_v1/src/lib/utils) by extensions ['colcon_pkg']
[0.133s] Level 1:colcon.colcon_core.package_identification:_identify(/home/parallels/CLionProjects/Homeworks/robotics_v1/src/lib/utils) by extension 'colcon_pkg'
[0.133s] Level 1:colcon.colcon_core.package_identification:_identify(/home/parallels/CLionProjects/Homeworks/robotics_v1/src/lib/utils) by extensions ['colcon_meta']
[0.133s] Level 1:colcon.colcon_core.package_identification:_identify(/home/parallels/CLionProjects/Homeworks/robotics_v1/src/lib/utils) by extension 'colcon_meta'
[0.133s] Level 1:colcon.colcon_core.package_identification:_identify(/home/parallels/CLionProjects/Homeworks/robotics_v1/src/lib/utils) by extensions ['ros']
[0.133s] Level 1:colcon.colcon_core.package_identification:_identify(/home/parallels/CLionProjects/Homeworks/robotics_v1/src/lib/utils) by extension 'ros'
[0.134s] DEBUG:colcon.colcon_core.package_identification:Package '/home/parallels/CLionProjects/Homeworks/robotics_v1/src/lib/utils' with type 'ros.cmake' and name 'utils'
[0.134s] Level 1:colcon.colcon_core.package_identification:_identify(/home/parallels/CLionProjects/Homeworks/robotics_v1/src/robo_cleaner) by extensions ['ignore', 'ignore_ament_install']
[0.134s] Level 1:colcon.colcon_core.package_identification:_identify(/home/parallels/CLionProjects/Homeworks/robotics_v1/src/robo_cleaner) by extension 'ignore'
[0.134s] Level 1:colcon.colcon_core.package_identification:_identify(/home/parallels/CLionProjects/Homeworks/robotics_v1/src/robo_cleaner) by extension 'ignore_ament_install'
[0.134s] Level 1:colcon.colcon_core.package_identification:_identify(/home/parallels/CLionProjects/Homeworks/robotics_v1/src/robo_cleaner) by extensions ['colcon_pkg']
[0.134s] Level 1:colcon.colcon_core.package_identification:_identify(/home/parallels/CLionProjects/Homeworks/robotics_v1/src/robo_cleaner) by extension 'colcon_pkg'
[0.134s] Level 1:colcon.colcon_core.package_identification:_identify(/home/parallels/CLionProjects/Homeworks/robotics_v1/src/robo_cleaner) by extensions ['colcon_meta']
[0.134s] Level 1:colcon.colcon_core.package_identification:_identify(/home/parallels/CLionProjects/Homeworks/robotics_v1/src/robo_cleaner) by extension 'colcon_meta'
[0.134s] Level 1:colcon.colcon_core.package_identification:_identify(/home/parallels/CLionProjects/Homeworks/robotics_v1/src/robo_cleaner) by extensions ['ros']
[0.134s] Level 1:colcon.colcon_core.package_identification:_identify(/home/parallels/CLionProjects/Homeworks/robotics_v1/src/robo_cleaner) by extension 'ros'
[0.134s] Level 1:colcon.colcon_core.package_identification:_identify(/home/parallels/CLionProjects/Homeworks/robotics_v1/src/robo_cleaner) by extensions ['cmake', 'python']
[0.134s] Level 1:colcon.colcon_core.package_identification:_identify(/home/parallels/CLionProjects/Homeworks/robotics_v1/src/robo_cleaner) by extension 'cmake'
[0.134s] Level 1:colcon.colcon_core.package_identification:_identify(/home/parallels/CLionProjects/Homeworks/robotics_v1/src/robo_cleaner) by extension 'python'
[0.134s] Level 1:colcon.colcon_core.package_identification:_identify(/home/parallels/CLionProjects/Homeworks/robotics_v1/src/robo_cleaner) by extensions ['python_setup_py']
[0.134s] Level 1:colcon.colcon_core.package_identification:_identify(/home/parallels/CLionProjects/Homeworks/robotics_v1/src/robo_cleaner) by extension 'python_setup_py'
[0.134s] Level 1:colcon.colcon_core.package_identification:_identify(/home/parallels/CLionProjects/Homeworks/robotics_v1/src/robo_cleaner/robo_cleaner_common) by extensions ['ignore', 'ignore_ament_install']
[0.134s] Level 1:colcon.colcon_core.package_identification:_identify(/home/parallels/CLionProjects/Homeworks/robotics_v1/src/robo_cleaner/robo_cleaner_common) by extension 'ignore'
[0.134s] Level 1:colcon.colcon_core.package_identification:_identify(/home/parallels/CLionProjects/Homeworks/robotics_v1/src/robo_cleaner/robo_cleaner_common) by extension 'ignore_ament_install'
[0.134s] Level 1:colcon.colcon_core.package_identification:_identify(/home/parallels/CLionProjects/Homeworks/robotics_v1/src/robo_cleaner/robo_cleaner_common) by extensions ['colcon_pkg']
[0.134s] Level 1:colcon.colcon_core.package_identification:_identify(/home/parallels/CLionProjects/Homeworks/robotics_v1/src/robo_cleaner/robo_cleaner_common) by extension 'colcon_pkg'
[0.134s] Level 1:colcon.colcon_core.package_identification:_identify(/home/parallels/CLionProjects/Homeworks/robotics_v1/src/robo_cleaner/robo_cleaner_common) by extensions ['colcon_meta']
[0.134s] Level 1:colcon.colcon_core.package_identification:_identify(/home/parallels/CLionProjects/Homeworks/robotics_v1/src/robo_cleaner/robo_cleaner_common) by extension 'colcon_meta'
[0.134s] Level 1:colcon.colcon_core.package_identification:_identify(/home/parallels/CLionProjects/Homeworks/robotics_v1/src/robo_cleaner/robo_cleaner_common) by extensions ['ros']
[0.134s] Level 1:colcon.colcon_core.package_identification:_identify(/home/parallels/CLionProjects/Homeworks/robotics_v1/src/robo_cleaner/robo_cleaner_common) by extension 'ros'
[0.135s] DEBUG:colcon.colcon_core.package_identification:Package '/home/parallels/CLionProjects/Homeworks/robotics_v1/src/robo_cleaner/robo_cleaner_common' with type 'ros.ament_cmake' and name 'robo_cleaner_common'
[0.135s] Level 1:colcon.colcon_core.package_identification:_identify(/home/parallels/CLionProjects/Homeworks/robotics_v1/src/robo_cleaner/robo_cleaner_gui) by extensions ['ignore', 'ignore_ament_install']
[0.135s] Level 1:colcon.colcon_core.package_identification:_identify(/home/parallels/CLionProjects/Homeworks/robotics_v1/src/robo_cleaner/robo_cleaner_gui) by extension 'ignore'
[0.135s] Level 1:colcon.colcon_core.package_identification:_identify(/home/parallels/CLionProjects/Homeworks/robotics_v1/src/robo_cleaner/robo_cleaner_gui) by extension 'ignore_ament_install'
[0.135s] Level 1:colcon.colcon_core.package_identification:_identify(/home/parallels/CLionProjects/Homeworks/robotics_v1/src/robo_cleaner/robo_cleaner_gui) by extensions ['colcon_pkg']
[0.135s] Level 1:colcon.colcon_core.package_identification:_identify(/home/parallels/CLionProjects/Homeworks/robotics_v1/src/robo_cleaner/robo_cleaner_gui) by extension 'colcon_pkg'
[0.135s] Level 1:colcon.colcon_core.package_identification:_identify(/home/parallels/CLionProjects/Homeworks/robotics_v1/src/robo_cleaner/robo_cleaner_gui) by extensions ['colcon_meta']
[0.135s] Level 1:colcon.colcon_core.package_identification:_identify(/home/parallels/CLionProjects/Homeworks/robotics_v1/src/robo_cleaner/robo_cleaner_gui) by extension 'colcon_meta'
[0.135s] Level 1:colcon.colcon_core.package_identification:_identify(/home/parallels/CLionProjects/Homeworks/robotics_v1/src/robo_cleaner/robo_cleaner_gui) by extensions ['ros']
[0.135s] Level 1:colcon.colcon_core.package_identification:_identify(/home/parallels/CLionProjects/Homeworks/robotics_v1/src/robo_cleaner/robo_cleaner_gui) by extension 'ros'
[0.136s] DEBUG:colcon.colcon_core.package_identification:Package '/home/parallels/CLionProjects/Homeworks/robotics_v1/src/robo_cleaner/robo_cleaner_gui' with type 'ros.ament_cmake' and name 'robo_cleaner_gui'
[0.136s] Level 1:colcon.colcon_core.package_identification:_identify(/home/parallels/CLionProjects/Homeworks/robotics_v1/src/robo_cleaner/robo_cleaner_interfaces) by extensions ['ignore', 'ignore_ament_install']
[0.136s] Level 1:colcon.colcon_core.package_identification:_identify(/home/parallels/CLionProjects/Homeworks/robotics_v1/src/robo_cleaner/robo_cleaner_interfaces) by extension 'ignore'
[0.136s] Level 1:colcon.colcon_core.package_identification:_identify(/home/parallels/CLionProjects/Homeworks/robotics_v1/src/robo_cleaner/robo_cleaner_interfaces) by extension 'ignore_ament_install'
[0.136s] Level 1:colcon.colcon_core.package_identification:_identify(/home/parallels/CLionProjects/Homeworks/robotics_v1/src/robo_cleaner/robo_cleaner_interfaces) by extensions ['colcon_pkg']
[0.136s] Level 1:colcon.colcon_core.package_identification:_identify(/home/parallels/CLionProjects/Homeworks/robotics_v1/src/robo_cleaner/robo_cleaner_interfaces) by extension 'colcon_pkg'
[0.136s] Level 1:colcon.colcon_core.package_identification:_identify(/home/parallels/CLionProjects/Homeworks/robotics_v1/src/robo_cleaner/robo_cleaner_interfaces) by extensions ['colcon_meta']
[0.136s] Level 1:colcon.colcon_core.package_identification:_identify(/home/parallels/CLionProjects/Homeworks/robotics_v1/src/robo_cleaner/robo_cleaner_interfaces) by extension 'colcon_meta'
[0.136s] Level 1:colcon.colcon_core.package_identification:_identify(/home/parallels/CLionProjects/Homeworks/robotics_v1/src/robo_cleaner/robo_cleaner_interfaces) by extensions ['ros']
[0.136s] Level 1:colcon.colcon_core.package_identification:_identify(/home/parallels/CLionProjects/Homeworks/robotics_v1/src/robo_cleaner/robo_cleaner_interfaces) by extension 'ros'
[0.136s] DEBUG:colcon.colcon_core.package_identification:Package '/home/parallels/CLionProjects/Homeworks/robotics_v1/src/robo_cleaner/robo_cleaner_interfaces' with type 'ros.ament_cmake' and name 'robo_cleaner_interfaces'
[0.136s] Level 1:colcon.colcon_core.package_identification:_identify(/home/parallels/CLionProjects/Homeworks/robotics_v1/src/robo_collector) by extensions ['ignore', 'ignore_ament_install']
[0.136s] Level 1:colcon.colcon_core.package_identification:_identify(/home/parallels/CLionProjects/Homeworks/robotics_v1/src/robo_collector) by extension 'ignore'
[0.136s] Level 1:colcon.colcon_core.package_identification:_identify(/home/parallels/CLionProjects/Homeworks/robotics_v1/src/robo_collector) by extension 'ignore_ament_install'
[0.136s] Level 1:colcon.colcon_core.package_identification:_identify(/home/parallels/CLionProjects/Homeworks/robotics_v1/src/robo_collector) by extensions ['colcon_pkg']
[0.136s] Level 1:colcon.colcon_core.package_identification:_identify(/home/parallels/CLionProjects/Homeworks/robotics_v1/src/robo_collector) by extension 'colcon_pkg'
[0.136s] Level 1:colcon.colcon_core.package_identification:_identify(/home/parallels/CLionProjects/Homeworks/robotics_v1/src/robo_collector) by extensions ['colcon_meta']
[0.136s] Level 1:colcon.colcon_core.package_identification:_identify(/home/parallels/CLionProjects/Homeworks/robotics_v1/src/robo_collector) by extension 'colcon_meta'
[0.136s] Level 1:colcon.colcon_core.package_identification:_identify(/home/parallels/CLionProjects/Homeworks/robotics_v1/src/robo_collector) by extensions ['ros']
[0.136s] Level 1:colcon.colcon_core.package_identification:_identify(/home/parallels/CLionProjects/Homeworks/robotics_v1/src/robo_collector) by extension 'ros'
[0.136s] Level 1:colcon.colcon_core.package_identification:_identify(/home/parallels/CLionProjects/Homeworks/robotics_v1/src/robo_collector) by extensions ['cmake', 'python']
[0.136s] Level 1:colcon.colcon_core.package_identification:_identify(/home/parallels/CLionProjects/Homeworks/robotics_v1/src/robo_collector) by extension 'cmake'
[0.137s] Level 1:colcon.colcon_core.package_identification:_identify(/home/parallels/CLionProjects/Homeworks/robotics_v1/src/robo_collector) by extension 'python'
[0.137s] Level 1:colcon.colcon_core.package_identification:_identify(/home/parallels/CLionProjects/Homeworks/robotics_v1/src/robo_collector) by extensions ['python_setup_py']
[0.137s] Level 1:colcon.colcon_core.package_identification:_identify(/home/parallels/CLionProjects/Homeworks/robotics_v1/src/robo_collector) by extension 'python_setup_py'
[0.137s] Level 1:colcon.colcon_core.package_identification:_identify(/home/parallels/CLionProjects/Homeworks/robotics_v1/src/robo_collector/robo_collector_common) by extensions ['ignore', 'ignore_ament_install']
[0.137s] Level 1:colcon.colcon_core.package_identification:_identify(/home/parallels/CLionProjects/Homeworks/robotics_v1/src/robo_collector/robo_collector_common) by extension 'ignore'
[0.137s] Level 1:colcon.colcon_core.package_identification:_identify(/home/parallels/CLionProjects/Homeworks/robotics_v1/src/robo_collector/robo_collector_common) by extension 'ignore_ament_install'
[0.137s] Level 1:colcon.colcon_core.package_identification:_identify(/home/parallels/CLionProjects/Homeworks/robotics_v1/src/robo_collector/robo_collector_common) by extensions ['colcon_pkg']
[0.137s] Level 1:colcon.colcon_core.package_identification:_identify(/home/parallels/CLionProjects/Homeworks/robotics_v1/src/robo_collector/robo_collector_common) by extension 'colcon_pkg'
[0.137s] Level 1:colcon.colcon_core.package_identification:_identify(/home/parallels/CLionProjects/Homeworks/robotics_v1/src/robo_collector/robo_collector_common) by extensions ['colcon_meta']
[0.137s] Level 1:colcon.colcon_core.package_identification:_identify(/home/parallels/CLionProjects/Homeworks/robotics_v1/src/robo_collector/robo_collector_common) by extension 'colcon_meta'
[0.137s] Level 1:colcon.colcon_core.package_identification:_identify(/home/parallels/CLionProjects/Homeworks/robotics_v1/src/robo_collector/robo_collector_common) by extensions ['ros']
[0.137s] Level 1:colcon.colcon_core.package_identification:_identify(/home/parallels/CLionProjects/Homeworks/robotics_v1/src/robo_collector/robo_collector_common) by extension 'ros'
[0.138s] DEBUG:colcon.colcon_core.package_identification:Package '/home/parallels/CLionProjects/Homeworks/robotics_v1/src/robo_collector/robo_collector_common' with type 'ros.ament_cmake' and name 'robo_collector_common'
[0.138s] Level 1:colcon.colcon_core.package_identification:_identify(/home/parallels/CLionProjects/Homeworks/robotics_v1/src/robo_collector/robo_collector_controller) by extensions ['ignore', 'ignore_ament_install']
[0.138s] Level 1:colcon.colcon_core.package_identification:_identify(/home/parallels/CLionProjects/Homeworks/robotics_v1/src/robo_collector/robo_collector_controller) by extension 'ignore'
[0.138s] Level 1:colcon.colcon_core.package_identification:_identify(/home/parallels/CLionProjects/Homeworks/robotics_v1/src/robo_collector/robo_collector_controller) by extension 'ignore_ament_install'
[0.138s] Level 1:colcon.colcon_core.package_identification:_identify(/home/parallels/CLionProjects/Homeworks/robotics_v1/src/robo_collector/robo_collector_controller) by extensions ['colcon_pkg']
[0.138s] Level 1:colcon.colcon_core.package_identification:_identify(/home/parallels/CLionProjects/Homeworks/robotics_v1/src/robo_collector/robo_collector_controller) by extension 'colcon_pkg'
[0.138s] Level 1:colcon.colcon_core.package_identification:_identify(/home/parallels/CLionProjects/Homeworks/robotics_v1/src/robo_collector/robo_collector_controller) by extensions ['colcon_meta']
[0.138s] Level 1:colcon.colcon_core.package_identification:_identify(/home/parallels/CLionProjects/Homeworks/robotics_v1/src/robo_collector/robo_collector_controller) by extension 'colcon_meta'
[0.138s] Level 1:colcon.colcon_core.package_identification:_identify(/home/parallels/CLionProjects/Homeworks/robotics_v1/src/robo_collector/robo_collector_controller) by extensions ['ros']
[0.138s] Level 1:colcon.colcon_core.package_identification:_identify(/home/parallels/CLionProjects/Homeworks/robotics_v1/src/robo_collector/robo_collector_controller) by extension 'ros'
[0.139s] DEBUG:colcon.colcon_core.package_identification:Package '/home/parallels/CLionProjects/Homeworks/robotics_v1/src/robo_collector/robo_collector_controller' with type 'ros.ament_cmake' and name 'robo_collector_controller'
[0.139s] Level 1:colcon.colcon_core.package_identification:_identify(/home/parallels/CLionProjects/Homeworks/robotics_v1/src/robo_collector/robo_collector_gui) by extensions ['ignore', 'ignore_ament_install']
[0.139s] Level 1:colcon.colcon_core.package_identification:_identify(/home/parallels/CLionProjects/Homeworks/robotics_v1/src/robo_collector/robo_collector_gui) by extension 'ignore'
[0.139s] Level 1:colcon.colcon_core.package_identification:_identify(/home/parallels/CLionProjects/Homeworks/robotics_v1/src/robo_collector/robo_collector_gui) by extension 'ignore_ament_install'
[0.139s] Level 1:colcon.colcon_core.package_identification:_identify(/home/parallels/CLionProjects/Homeworks/robotics_v1/src/robo_collector/robo_collector_gui) by extensions ['colcon_pkg']
[0.139s] Level 1:colcon.colcon_core.package_identification:_identify(/home/parallels/CLionProjects/Homeworks/robotics_v1/src/robo_collector/robo_collector_gui) by extension 'colcon_pkg'
[0.139s] Level 1:colcon.colcon_core.package_identification:_identify(/home/parallels/CLionProjects/Homeworks/robotics_v1/src/robo_collector/robo_collector_gui) by extensions ['colcon_meta']
[0.139s] Level 1:colcon.colcon_core.package_identification:_identify(/home/parallels/CLionProjects/Homeworks/robotics_v1/src/robo_collector/robo_collector_gui) by extension 'colcon_meta'
[0.139s] Level 1:colcon.colcon_core.package_identification:_identify(/home/parallels/CLionProjects/Homeworks/robotics_v1/src/robo_collector/robo_collector_gui) by extensions ['ros']
[0.139s] Level 1:colcon.colcon_core.package_identification:_identify(/home/parallels/CLionProjects/Homeworks/robotics_v1/src/robo_collector/robo_collector_gui) by extension 'ros'
[0.139s] DEBUG:colcon.colcon_core.package_identification:Package '/home/parallels/CLionProjects/Homeworks/robotics_v1/src/robo_collector/robo_collector_gui' with type 'ros.ament_cmake' and name 'robo_collector_gui'
[0.140s] Level 1:colcon.colcon_core.package_identification:_identify(/home/parallels/CLionProjects/Homeworks/robotics_v1/src/robo_collector/robo_collector_interfaces) by extensions ['ignore', 'ignore_ament_install']
[0.140s] Level 1:colcon.colcon_core.package_identification:_identify(/home/parallels/CLionProjects/Homeworks/robotics_v1/src/robo_collector/robo_collector_interfaces) by extension 'ignore'
[0.140s] Level 1:colcon.colcon_core.package_identification:_identify(/home/parallels/CLionProjects/Homeworks/robotics_v1/src/robo_collector/robo_collector_interfaces) by extension 'ignore_ament_install'
[0.140s] Level 1:colcon.colcon_core.package_identification:_identify(/home/parallels/CLionProjects/Homeworks/robotics_v1/src/robo_collector/robo_collector_interfaces) by extensions ['colcon_pkg']
[0.140s] Level 1:colcon.colcon_core.package_identification:_identify(/home/parallels/CLionProjects/Homeworks/robotics_v1/src/robo_collector/robo_collector_interfaces) by extension 'colcon_pkg'
[0.140s] Level 1:colcon.colcon_core.package_identification:_identify(/home/parallels/CLionProjects/Homeworks/robotics_v1/src/robo_collector/robo_collector_interfaces) by extensions ['colcon_meta']
[0.140s] Level 1:colcon.colcon_core.package_identification:_identify(/home/parallels/CLionProjects/Homeworks/robotics_v1/src/robo_collector/robo_collector_interfaces) by extension 'colcon_meta'
[0.140s] Level 1:colcon.colcon_core.package_identification:_identify(/home/parallels/CLionProjects/Homeworks/robotics_v1/src/robo_collector/robo_collector_interfaces) by extensions ['ros']
[0.140s] Level 1:colcon.colcon_core.package_identification:_identify(/home/parallels/CLionProjects/Homeworks/robotics_v1/src/robo_collector/robo_collector_interfaces) by extension 'ros'
[0.140s] DEBUG:colcon.colcon_core.package_identification:Package '/home/parallels/CLionProjects/Homeworks/robotics_v1/src/robo_collector/robo_collector_interfaces' with type 'ros.ament_cmake' and name 'robo_collector_interfaces'
[0.140s] Level 1:colcon.colcon_core.package_identification:_identify(/home/parallels/CLionProjects/Homeworks/robotics_v1/src/robo_common) by extensions ['ignore', 'ignore_ament_install']
[0.140s] Level 1:colcon.colcon_core.package_identification:_identify(/home/parallels/CLionProjects/Homeworks/robotics_v1/src/robo_common) by extension 'ignore'
[0.140s] Level 1:colcon.colcon_core.package_identification:_identify(/home/parallels/CLionProjects/Homeworks/robotics_v1/src/robo_common) by extension 'ignore_ament_install'
[0.140s] Level 1:colcon.colcon_core.package_identification:_identify(/home/parallels/CLionProjects/Homeworks/robotics_v1/src/robo_common) by extensions ['colcon_pkg']
[0.140s] Level 1:colcon.colcon_core.package_identification:_identify(/home/parallels/CLionProjects/Homeworks/robotics_v1/src/robo_common) by extension 'colcon_pkg'
[0.140s] Level 1:colcon.colcon_core.package_identification:_identify(/home/parallels/CLionProjects/Homeworks/robotics_v1/src/robo_common) by extensions ['colcon_meta']
[0.140s] Level 1:colcon.colcon_core.package_identification:_identify(/home/parallels/CLionProjects/Homeworks/robotics_v1/src/robo_common) by extension 'colcon_meta'
[0.140s] Level 1:colcon.colcon_core.package_identification:_identify(/home/parallels/CLionProjects/Homeworks/robotics_v1/src/robo_common) by extensions ['ros']
[0.140s] Level 1:colcon.colcon_core.package_identification:_identify(/home/parallels/CLionProjects/Homeworks/robotics_v1/src/robo_common) by extension 'ros'
[0.141s] DEBUG:colcon.colcon_core.package_identification:Package '/home/parallels/CLionProjects/Homeworks/robotics_v1/src/robo_common' with type 'ros.cmake' and name 'robo_common'
[0.141s] Level 1:colcon.colcon_core.package_identification:_identify(/home/parallels/CLionProjects/Homeworks/robotics_v1/src/robo_miner) by extensions ['ignore', 'ignore_ament_install']
[0.141s] Level 1:colcon.colcon_core.package_identification:_identify(/home/parallels/CLionProjects/Homeworks/robotics_v1/src/robo_miner) by extension 'ignore'
[0.141s] Level 1:colcon.colcon_core.package_identification:_identify(/home/parallels/CLionProjects/Homeworks/robotics_v1/src/robo_miner) by extension 'ignore_ament_install'
[0.141s] Level 1:colcon.colcon_core.package_identification:_identify(/home/parallels/CLionProjects/Homeworks/robotics_v1/src/robo_miner) by extensions ['colcon_pkg']
[0.141s] Level 1:colcon.colcon_core.package_identification:_identify(/home/parallels/CLionProjects/Homeworks/robotics_v1/src/robo_miner) by extension 'colcon_pkg'
[0.141s] Level 1:colcon.colcon_core.package_identification:_identify(/home/parallels/CLionProjects/Homeworks/robotics_v1/src/robo_miner) by extensions ['colcon_meta']
[0.141s] Level 1:colcon.colcon_core.package_identification:_identify(/home/parallels/CLionProjects/Homeworks/robotics_v1/src/robo_miner) by extension 'colcon_meta'
[0.141s] Level 1:colcon.colcon_core.package_identification:_identify(/home/parallels/CLionProjects/Homeworks/robotics_v1/src/robo_miner) by extensions ['ros']
[0.141s] Level 1:colcon.colcon_core.package_identification:_identify(/home/parallels/CLionProjects/Homeworks/robotics_v1/src/robo_miner) by extension 'ros'
[0.141s] Level 1:colcon.colcon_core.package_identification:_identify(/home/parallels/CLionProjects/Homeworks/robotics_v1/src/robo_miner) by extensions ['cmake', 'python']
[0.141s] Level 1:colcon.colcon_core.package_identification:_identify(/home/parallels/CLionProjects/Homeworks/robotics_v1/src/robo_miner) by extension 'cmake'
[0.141s] Level 1:colcon.colcon_core.package_identification:_identify(/home/parallels/CLionProjects/Homeworks/robotics_v1/src/robo_miner) by extension 'python'
[0.141s] Level 1:colcon.colcon_core.package_identification:_identify(/home/parallels/CLionProjects/Homeworks/robotics_v1/src/robo_miner) by extensions ['python_setup_py']
[0.141s] Level 1:colcon.colcon_core.package_identification:_identify(/home/parallels/CLionProjects/Homeworks/robotics_v1/src/robo_miner) by extension 'python_setup_py'
[0.141s] Level 1:colcon.colcon_core.package_identification:_identify(/home/parallels/CLionProjects/Homeworks/robotics_v1/src/robo_miner/robo_miner_common) by extensions ['ignore', 'ignore_ament_install']
[0.141s] Level 1:colcon.colcon_core.package_identification:_identify(/home/parallels/CLionProjects/Homeworks/robotics_v1/src/robo_miner/robo_miner_common) by extension 'ignore'
[0.141s] Level 1:colcon.colcon_core.package_identification:_identify(/home/parallels/CLionProjects/Homeworks/robotics_v1/src/robo_miner/robo_miner_common) by extension 'ignore_ament_install'
[0.141s] Level 1:colcon.colcon_core.package_identification:_identify(/home/parallels/CLionProjects/Homeworks/robotics_v1/src/robo_miner/robo_miner_common) by extensions ['colcon_pkg']
[0.141s] Level 1:colcon.colcon_core.package_identification:_identify(/home/parallels/CLionProjects/Homeworks/robotics_v1/src/robo_miner/robo_miner_common) by extension 'colcon_pkg'
[0.141s] Level 1:colcon.colcon_core.package_identification:_identify(/home/parallels/CLionProjects/Homeworks/robotics_v1/src/robo_miner/robo_miner_common) by extensions ['colcon_meta']
[0.141s] Level 1:colcon.colcon_core.package_identification:_identify(/home/parallels/CLionProjects/Homeworks/robotics_v1/src/robo_miner/robo_miner_common) by extension 'colcon_meta'
[0.142s] Level 1:colcon.colcon_core.package_identification:_identify(/home/parallels/CLionProjects/Homeworks/robotics_v1/src/robo_miner/robo_miner_common) by extensions ['ros']
[0.142s] Level 1:colcon.colcon_core.package_identification:_identify(/home/parallels/CLionProjects/Homeworks/robotics_v1/src/robo_miner/robo_miner_common) by extension 'ros'
[0.142s] DEBUG:colcon.colcon_core.package_identification:Package '/home/parallels/CLionProjects/Homeworks/robotics_v1/src/robo_miner/robo_miner_common' with type 'ros.ament_cmake' and name 'robo_miner_common'
[0.143s] Level 1:colcon.colcon_core.package_identification:_identify(/home/parallels/CLionProjects/Homeworks/robotics_v1/src/robo_miner/robo_miner_gui) by extensions ['ignore', 'ignore_ament_install']
[0.143s] Level 1:colcon.colcon_core.package_identification:_identify(/home/parallels/CLionProjects/Homeworks/robotics_v1/src/robo_miner/robo_miner_gui) by extension 'ignore'
[0.143s] Level 1:colcon.colcon_core.package_identification:_identify(/home/parallels/CLionProjects/Homeworks/robotics_v1/src/robo_miner/robo_miner_gui) by extension 'ignore_ament_install'
[0.143s] Level 1:colcon.colcon_core.package_identification:_identify(/home/parallels/CLionProjects/Homeworks/robotics_v1/src/robo_miner/robo_miner_gui) by extensions ['colcon_pkg']
[0.143s] Level 1:colcon.colcon_core.package_identification:_identify(/home/parallels/CLionProjects/Homeworks/robotics_v1/src/robo_miner/robo_miner_gui) by extension 'colcon_pkg'
[0.143s] Level 1:colcon.colcon_core.package_identification:_identify(/home/parallels/CLionProjects/Homeworks/robotics_v1/src/robo_miner/robo_miner_gui) by extensions ['colcon_meta']
[0.143s] Level 1:colcon.colcon_core.package_identification:_identify(/home/parallels/CLionProjects/Homeworks/robotics_v1/src/robo_miner/robo_miner_gui) by extension 'colcon_meta'
[0.143s] Level 1:colcon.colcon_core.package_identification:_identify(/home/parallels/CLionProjects/Homeworks/robotics_v1/src/robo_miner/robo_miner_gui) by extensions ['ros']
[0.143s] Level 1:colcon.colcon_core.package_identification:_identify(/home/parallels/CLionProjects/Homeworks/robotics_v1/src/robo_miner/robo_miner_gui) by extension 'ros'
[0.143s] DEBUG:colcon.colcon_core.package_identification:Package '/home/parallels/CLionProjects/Homeworks/robotics_v1/src/robo_miner/robo_miner_gui' with type 'ros.ament_cmake' and name 'robo_miner_gui'
[0.143s] Level 1:colcon.colcon_core.package_identification:_identify(/home/parallels/CLionProjects/Homeworks/robotics_v1/src/robo_miner/robo_miner_interfaces) by extensions ['ignore', 'ignore_ament_install']
[0.143s] Level 1:colcon.colcon_core.package_identification:_identify(/home/parallels/CLionProjects/Homeworks/robotics_v1/src/robo_miner/robo_miner_interfaces) by extension 'ignore'
[0.143s] Level 1:colcon.colcon_core.package_identification:_identify(/home/parallels/CLionProjects/Homeworks/robotics_v1/src/robo_miner/robo_miner_interfaces) by extension 'ignore_ament_install'
[0.143s] Level 1:colcon.colcon_core.package_identification:_identify(/home/parallels/CLionProjects/Homeworks/robotics_v1/src/robo_miner/robo_miner_interfaces) by extensions ['colcon_pkg']
[0.143s] Level 1:colcon.colcon_core.package_identification:_identify(/home/parallels/CLionProjects/Homeworks/robotics_v1/src/robo_miner/robo_miner_interfaces) by extension 'colcon_pkg'
[0.143s] Level 1:colcon.colcon_core.package_identification:_identify(/home/parallels/CLionProjects/Homeworks/robotics_v1/src/robo_miner/robo_miner_interfaces) by extensions ['colcon_meta']
[0.143s] Level 1:colcon.colcon_core.package_identification:_identify(/home/parallels/CLionProjects/Homeworks/robotics_v1/src/robo_miner/robo_miner_interfaces) by extension 'colcon_meta'
[0.143s] Level 1:colcon.colcon_core.package_identification:_identify(/home/parallels/CLionProjects/Homeworks/robotics_v1/src/robo_miner/robo_miner_interfaces) by extensions ['ros']
[0.143s] Level 1:colcon.colcon_core.package_identification:_identify(/home/parallels/CLionProjects/Homeworks/robotics_v1/src/robo_miner/robo_miner_interfaces) by extension 'ros'
[0.144s] DEBUG:colcon.colcon_core.package_identification:Package '/home/parallels/CLionProjects/Homeworks/robotics_v1/src/robo_miner/robo_miner_interfaces' with type 'ros.ament_cmake' and name 'robo_miner_interfaces'
[0.144s] Level 1:colcon.colcon_core.package_identification:_identify(/home/parallels/CLionProjects/Homeworks/robotics_v1/src/tools) by extensions ['ignore', 'ignore_ament_install']
[0.144s] Level 1:colcon.colcon_core.package_identification:_identify(/home/parallels/CLionProjects/Homeworks/robotics_v1/src/tools) by extension 'ignore'
[0.144s] Level 1:colcon.colcon_core.package_identification:_identify(/home/parallels/CLionProjects/Homeworks/robotics_v1/src/tools) by extension 'ignore_ament_install'
[0.144s] Level 1:colcon.colcon_core.package_identification:_identify(/home/parallels/CLionProjects/Homeworks/robotics_v1/src/tools) by extensions ['colcon_pkg']
[0.144s] Level 1:colcon.colcon_core.package_identification:_identify(/home/parallels/CLionProjects/Homeworks/robotics_v1/src/tools) by extension 'colcon_pkg'
[0.144s] Level 1:colcon.colcon_core.package_identification:_identify(/home/parallels/CLionProjects/Homeworks/robotics_v1/src/tools) by extensions ['colcon_meta']
[0.144s] Level 1:colcon.colcon_core.package_identification:_identify(/home/parallels/CLionProjects/Homeworks/robotics_v1/src/tools) by extension 'colcon_meta'
[0.144s] Level 1:colcon.colcon_core.package_identification:_identify(/home/parallels/CLionProjects/Homeworks/robotics_v1/src/tools) by extensions ['ros']
[0.144s] Level 1:colcon.colcon_core.package_identification:_identify(/home/parallels/CLionProjects/Homeworks/robotics_v1/src/tools) by extension 'ros'
[0.144s] Level 1:colcon.colcon_core.package_identification:_identify(/home/parallels/CLionProjects/Homeworks/robotics_v1/src/tools) by extensions ['cmake', 'python']
[0.144s] Level 1:colcon.colcon_core.package_identification:_identify(/home/parallels/CLionProjects/Homeworks/robotics_v1/src/tools) by extension 'cmake'
[0.144s] Level 1:colcon.colcon_core.package_identification:_identify(/home/parallels/CLionProjects/Homeworks/robotics_v1/src/tools) by extension 'python'
[0.144s] Level 1:colcon.colcon_core.package_identification:_identify(/home/parallels/CLionProjects/Homeworks/robotics_v1/src/tools) by extensions ['python_setup_py']
[0.144s] Level 1:colcon.colcon_core.package_identification:_identify(/home/parallels/CLionProjects/Homeworks/robotics_v1/src/tools) by extension 'python_setup_py'
[0.144s] Level 1:colcon.colcon_core.package_identification:_identify(/home/parallels/CLionProjects/Homeworks/robotics_v1/src/tools/resource_builder) by extensions ['ignore', 'ignore_ament_install']
[0.145s] Level 1:colcon.colcon_core.package_identification:_identify(/home/parallels/CLionProjects/Homeworks/robotics_v1/src/tools/resource_builder) by extension 'ignore'
[0.145s] Level 1:colcon.colcon_core.package_identification:_identify(/home/parallels/CLionProjects/Homeworks/robotics_v1/src/tools/resource_builder) by extension 'ignore_ament_install'
[0.145s] Level 1:colcon.colcon_core.package_identification:_identify(/home/parallels/CLionProjects/Homeworks/robotics_v1/src/tools/resource_builder) by extensions ['colcon_pkg']
[0.145s] Level 1:colcon.colcon_core.package_identification:_identify(/home/parallels/CLionProjects/Homeworks/robotics_v1/src/tools/resource_builder) by extension 'colcon_pkg'
[0.145s] Level 1:colcon.colcon_core.package_identification:_identify(/home/parallels/CLionProjects/Homeworks/robotics_v1/src/tools/resource_builder) by extensions ['colcon_meta']
[0.145s] Level 1:colcon.colcon_core.package_identification:_identify(/home/parallels/CLionProjects/Homeworks/robotics_v1/src/tools/resource_builder) by extension 'colcon_meta'
[0.145s] Level 1:colcon.colcon_core.package_identification:_identify(/home/parallels/CLionProjects/Homeworks/robotics_v1/src/tools/resource_builder) by extensions ['ros']
[0.145s] Level 1:colcon.colcon_core.package_identification:_identify(/home/parallels/CLionProjects/Homeworks/robotics_v1/src/tools/resource_builder) by extension 'ros'
[0.152s] DEBUG:colcon.colcon_core.package_identification:Package '/home/parallels/CLionProjects/Homeworks/robotics_v1/src/tools/resource_builder' with type 'ros.cmake' and name 'resource_builder'
[0.152s] Level 1:colcon.colcon_core.package_identification:_identify(/home/parallels/CLionProjects/Homeworks/robotics_v1/src/ur_dev) by extensions ['ignore', 'ignore_ament_install']
[0.152s] Level 1:colcon.colcon_core.package_identification:_identify(/home/parallels/CLionProjects/Homeworks/robotics_v1/src/ur_dev) by extension 'ignore'
[0.152s] Level 1:colcon.colcon_core.package_identification:_identify(/home/parallels/CLionProjects/Homeworks/robotics_v1/src/ur_dev) by extension 'ignore_ament_install'
[0.152s] Level 1:colcon.colcon_core.package_identification:_identify(/home/parallels/CLionProjects/Homeworks/robotics_v1/src/ur_dev) by extensions ['colcon_pkg']
[0.152s] Level 1:colcon.colcon_core.package_identification:_identify(/home/parallels/CLionProjects/Homeworks/robotics_v1/src/ur_dev) by extension 'colcon_pkg'
[0.152s] Level 1:colcon.colcon_core.package_identification:_identify(/home/parallels/CLionProjects/Homeworks/robotics_v1/src/ur_dev) by extensions ['colcon_meta']
[0.152s] Level 1:colcon.colcon_core.package_identification:_identify(/home/parallels/CLionProjects/Homeworks/robotics_v1/src/ur_dev) by extension 'colcon_meta'
[0.152s] Level 1:colcon.colcon_core.package_identification:_identify(/home/parallels/CLionProjects/Homeworks/robotics_v1/src/ur_dev) by extensions ['ros']
[0.152s] Level 1:colcon.colcon_core.package_identification:_identify(/home/parallels/CLionProjects/Homeworks/robotics_v1/src/ur_dev) by extension 'ros'
[0.152s] Level 1:colcon.colcon_core.package_identification:_identify(/home/parallels/CLionProjects/Homeworks/robotics_v1/src/ur_dev) by extensions ['cmake', 'python']
[0.153s] Level 1:colcon.colcon_core.package_identification:_identify(/home/parallels/CLionProjects/Homeworks/robotics_v1/src/ur_dev) by extension 'cmake'
[0.153s] Level 1:colcon.colcon_core.package_identification:_identify(/home/parallels/CLionProjects/Homeworks/robotics_v1/src/ur_dev) by extension 'python'
[0.153s] Level 1:colcon.colcon_core.package_identification:_identify(/home/parallels/CLionProjects/Homeworks/robotics_v1/src/ur_dev) by extensions ['python_setup_py']
[0.153s] Level 1:colcon.colcon_core.package_identification:_identify(/home/parallels/CLionProjects/Homeworks/robotics_v1/src/ur_dev) by extension 'python_setup_py'
[0.153s] Level 1:colcon.colcon_core.package_identification:_identify(/home/parallels/CLionProjects/Homeworks/robotics_v1/src/ur_dev/ur_control_gui) by extensions ['ignore', 'ignore_ament_install']
[0.153s] Level 1:colcon.colcon_core.package_identification:_identify(/home/parallels/CLionProjects/Homeworks/robotics_v1/src/ur_dev/ur_control_gui) by extension 'ignore'
[0.153s] Level 1:colcon.colcon_core.package_identification:_identify(/home/parallels/CLionProjects/Homeworks/robotics_v1/src/ur_dev/ur_control_gui) by extension 'ignore_ament_install'
[0.153s] Level 1:colcon.colcon_core.package_identification:_identify(/home/parallels/CLionProjects/Homeworks/robotics_v1/src/ur_dev/ur_control_gui) by extensions ['colcon_pkg']
[0.153s] Level 1:colcon.colcon_core.package_identification:_identify(/home/parallels/CLionProjects/Homeworks/robotics_v1/src/ur_dev/ur_control_gui) by extension 'colcon_pkg'
[0.153s] Level 1:colcon.colcon_core.package_identification:_identify(/home/parallels/CLionProjects/Homeworks/robotics_v1/src/ur_dev/ur_control_gui) by extensions ['colcon_meta']
[0.153s] Level 1:colcon.colcon_core.package_identification:_identify(/home/parallels/CLionProjects/Homeworks/robotics_v1/src/ur_dev/ur_control_gui) by extension 'colcon_meta'
[0.154s] Level 1:colcon.colcon_core.package_identification:_identify(/home/parallels/CLionProjects/Homeworks/robotics_v1/src/ur_dev/ur_control_gui) by extensions ['ros']
[0.154s] Level 1:colcon.colcon_core.package_identification:_identify(/home/parallels/CLionProjects/Homeworks/robotics_v1/src/ur_dev/ur_control_gui) by extension 'ros'
[0.154s] DEBUG:colcon.colcon_core.package_identification:Package '/home/parallels/CLionProjects/Homeworks/robotics_v1/src/ur_dev/ur_control_gui' with type 'ros.ament_cmake' and name 'ur_control_gui'
[0.155s] Level 1:colcon.colcon_core.package_identification:_identify(/home/parallels/CLionProjects/Homeworks/robotics_v1/src/ur_dev/urscript) by extensions ['ignore', 'ignore_ament_install']
[0.155s] Level 1:colcon.colcon_core.package_identification:_identify(/home/parallels/CLionProjects/Homeworks/robotics_v1/src/ur_dev/urscript) by extension 'ignore'
[0.155s] Level 1:colcon.colcon_core.package_identification:_identify(/home/parallels/CLionProjects/Homeworks/robotics_v1/src/ur_dev/urscript) by extension 'ignore_ament_install'
[0.155s] Level 1:colcon.colcon_core.package_identification:_identify(/home/parallels/CLionProjects/Homeworks/robotics_v1/src/ur_dev/urscript) by extensions ['colcon_pkg']
[0.155s] Level 1:colcon.colcon_core.package_identification:_identify(/home/parallels/CLionProjects/Homeworks/robotics_v1/src/ur_dev/urscript) by extension 'colcon_pkg'
[0.155s] Level 1:colcon.colcon_core.package_identification:_identify(/home/parallels/CLionProjects/Homeworks/robotics_v1/src/ur_dev/urscript) by extensions ['colcon_meta']
[0.155s] Level 1:colcon.colcon_core.package_identification:_identify(/home/parallels/CLionProjects/Homeworks/robotics_v1/src/ur_dev/urscript) by extension 'colcon_meta'
[0.155s] Level 1:colcon.colcon_core.package_identification:_identify(/home/parallels/CLionProjects/Homeworks/robotics_v1/src/ur_dev/urscript) by extensions ['ros']
[0.155s] Level 1:colcon.colcon_core.package_identification:_identify(/home/parallels/CLionProjects/Homeworks/robotics_v1/src/ur_dev/urscript) by extension 'ros'
[0.155s] Level 1:colcon.colcon_core.package_identification:_identify(/home/parallels/CLionProjects/Homeworks/robotics_v1/src/ur_dev/urscript) by extensions ['cmake', 'python']
[0.155s] Level 1:colcon.colcon_core.package_identification:_identify(/home/parallels/CLionProjects/Homeworks/robotics_v1/src/ur_dev/urscript) by extension 'cmake'
[0.155s] Level 1:colcon.colcon_core.package_identification:_identify(/home/parallels/CLionProjects/Homeworks/robotics_v1/src/ur_dev/urscript) by extension 'python'
[0.155s] Level 1:colcon.colcon_core.package_identification:_identify(/home/parallels/CLionProjects/Homeworks/robotics_v1/src/ur_dev/urscript) by extensions ['python_setup_py']
[0.155s] Level 1:colcon.colcon_core.package_identification:_identify(/home/parallels/CLionProjects/Homeworks/robotics_v1/src/ur_dev/urscript) by extension 'python_setup_py'
[0.155s] Level 1:colcon.colcon_core.package_identification:_identify(/home/parallels/CLionProjects/Homeworks/robotics_v1/src/ur_dev/urscript/urscript_bridge) by extensions ['ignore', 'ignore_ament_install']
[0.155s] Level 1:colcon.colcon_core.package_identification:_identify(/home/parallels/CLionProjects/Homeworks/robotics_v1/src/ur_dev/urscript/urscript_bridge) by extension 'ignore'
[0.155s] Level 1:colcon.colcon_core.package_identification:_identify(/home/parallels/CLionProjects/Homeworks/robotics_v1/src/ur_dev/urscript/urscript_bridge) by extension 'ignore_ament_install'
[0.155s] Level 1:colcon.colcon_core.package_identification:_identify(/home/parallels/CLionProjects/Homeworks/robotics_v1/src/ur_dev/urscript/urscript_bridge) by extensions ['colcon_pkg']
[0.155s] Level 1:colcon.colcon_core.package_identification:_identify(/home/parallels/CLionProjects/Homeworks/robotics_v1/src/ur_dev/urscript/urscript_bridge) by extension 'colcon_pkg'
[0.155s] Level 1:colcon.colcon_core.package_identification:_identify(/home/parallels/CLionProjects/Homeworks/robotics_v1/src/ur_dev/urscript/urscript_bridge) by extensions ['colcon_meta']
[0.155s] Level 1:colcon.colcon_core.package_identification:_identify(/home/parallels/CLionProjects/Homeworks/robotics_v1/src/ur_dev/urscript/urscript_bridge) by extension 'colcon_meta'
[0.155s] Level 1:colcon.colcon_core.package_identification:_identify(/home/parallels/CLionProjects/Homeworks/robotics_v1/src/ur_dev/urscript/urscript_bridge) by extensions ['ros']
[0.156s] Level 1:colcon.colcon_core.package_identification:_identify(/home/parallels/CLionProjects/Homeworks/robotics_v1/src/ur_dev/urscript/urscript_bridge) by extension 'ros'
[0.156s] DEBUG:colcon.colcon_core.package_identification:Package '/home/parallels/CLionProjects/Homeworks/robotics_v1/src/ur_dev/urscript/urscript_bridge' with type 'ros.ament_cmake' and name 'urscript_bridge'
[0.156s] Level 1:colcon.colcon_core.package_identification:_identify(/home/parallels/CLionProjects/Homeworks/robotics_v1/src/ur_dev/urscript/urscript_common) by extensions ['ignore', 'ignore_ament_install']
[0.156s] Level 1:colcon.colcon_core.package_identification:_identify(/home/parallels/CLionProjects/Homeworks/robotics_v1/src/ur_dev/urscript/urscript_common) by extension 'ignore'
[0.156s] Level 1:colcon.colcon_core.package_identification:_identify(/home/parallels/CLionProjects/Homeworks/robotics_v1/src/ur_dev/urscript/urscript_common) by extension 'ignore_ament_install'
[0.156s] Level 1:colcon.colcon_core.package_identification:_identify(/home/parallels/CLionProjects/Homeworks/robotics_v1/src/ur_dev/urscript/urscript_common) by extensions ['colcon_pkg']
[0.156s] Level 1:colcon.colcon_core.package_identification:_identify(/home/parallels/CLionProjects/Homeworks/robotics_v1/src/ur_dev/urscript/urscript_common) by extension 'colcon_pkg'
[0.156s] Level 1:colcon.colcon_core.package_identification:_identify(/home/parallels/CLionProjects/Homeworks/robotics_v1/src/ur_dev/urscript/urscript_common) by extensions ['colcon_meta']
[0.156s] Level 1:colcon.colcon_core.package_identification:_identify(/home/parallels/CLionProjects/Homeworks/robotics_v1/src/ur_dev/urscript/urscript_common) by extension 'colcon_meta'
[0.156s] Level 1:colcon.colcon_core.package_identification:_identify(/home/parallels/CLionProjects/Homeworks/robotics_v1/src/ur_dev/urscript/urscript_common) by extensions ['ros']
[0.156s] Level 1:colcon.colcon_core.package_identification:_identify(/home/parallels/CLionProjects/Homeworks/robotics_v1/src/ur_dev/urscript/urscript_common) by extension 'ros'
[0.157s] DEBUG:colcon.colcon_core.package_identification:Package '/home/parallels/CLionProjects/Homeworks/robotics_v1/src/ur_dev/urscript/urscript_common' with type 'ros.ament_cmake' and name 'urscript_common'
[0.157s] Level 1:colcon.colcon_core.package_identification:_identify(/home/parallels/CLionProjects/Homeworks/robotics_v1/src/ur_dev/urscript/urscript_interfaces) by extensions ['ignore', 'ignore_ament_install']
[0.157s] Level 1:colcon.colcon_core.package_identification:_identify(/home/parallels/CLionProjects/Homeworks/robotics_v1/src/ur_dev/urscript/urscript_interfaces) by extension 'ignore'
[0.157s] Level 1:colcon.colcon_core.package_identification:_identify(/home/parallels/CLionProjects/Homeworks/robotics_v1/src/ur_dev/urscript/urscript_interfaces) by extension 'ignore_ament_install'
[0.158s] Level 1:colcon.colcon_core.package_identification:_identify(/home/parallels/CLionProjects/Homeworks/robotics_v1/src/ur_dev/urscript/urscript_interfaces) by extensions ['colcon_pkg']
[0.158s] Level 1:colcon.colcon_core.package_identification:_identify(/home/parallels/CLionProjects/Homeworks/robotics_v1/src/ur_dev/urscript/urscript_interfaces) by extension 'colcon_pkg'
[0.158s] Level 1:colcon.colcon_core.package_identification:_identify(/home/parallels/CLionProjects/Homeworks/robotics_v1/src/ur_dev/urscript/urscript_interfaces) by extensions ['colcon_meta']
[0.158s] Level 1:colcon.colcon_core.package_identification:_identify(/home/parallels/CLionProjects/Homeworks/robotics_v1/src/ur_dev/urscript/urscript_interfaces) by extension 'colcon_meta'
[0.158s] Level 1:colcon.colcon_core.package_identification:_identify(/home/parallels/CLionProjects/Homeworks/robotics_v1/src/ur_dev/urscript/urscript_interfaces) by extensions ['ros']
[0.158s] Level 1:colcon.colcon_core.package_identification:_identify(/home/parallels/CLionProjects/Homeworks/robotics_v1/src/ur_dev/urscript/urscript_interfaces) by extension 'ros'
[0.158s] DEBUG:colcon.colcon_core.package_identification:Package '/home/parallels/CLionProjects/Homeworks/robotics_v1/src/ur_dev/urscript/urscript_interfaces' with type 'ros.ament_cmake' and name 'urscript_interfaces'
[0.158s] Level 1:colcon.colcon_core.package_identification:_identify(/home/parallels/CLionProjects/Homeworks/robotics_v1/src/ur_driver) by extensions ['ignore', 'ignore_ament_install']
[0.159s] Level 1:colcon.colcon_core.package_identification:_identify(/home/parallels/CLionProjects/Homeworks/robotics_v1/src/ur_driver) by extension 'ignore'
[0.159s] Level 1:colcon.colcon_core.package_identification:_identify(/home/parallels/CLionProjects/Homeworks/robotics_v1/src/ur_driver) by extension 'ignore_ament_install'
[0.159s] Level 1:colcon.colcon_core.package_identification:_identify(/home/parallels/CLionProjects/Homeworks/robotics_v1/src/ur_driver) by extensions ['colcon_pkg']
[0.159s] Level 1:colcon.colcon_core.package_identification:_identify(/home/parallels/CLionProjects/Homeworks/robotics_v1/src/ur_driver) by extension 'colcon_pkg'
[0.159s] Level 1:colcon.colcon_core.package_identification:_identify(/home/parallels/CLionProjects/Homeworks/robotics_v1/src/ur_driver) by extensions ['colcon_meta']
[0.159s] Level 1:colcon.colcon_core.package_identification:_identify(/home/parallels/CLionProjects/Homeworks/robotics_v1/src/ur_driver) by extension 'colcon_meta'
[0.159s] Level 1:colcon.colcon_core.package_identification:_identify(/home/parallels/CLionProjects/Homeworks/robotics_v1/src/ur_driver) by extensions ['ros']
[0.159s] Level 1:colcon.colcon_core.package_identification:_identify(/home/parallels/CLionProjects/Homeworks/robotics_v1/src/ur_driver) by extension 'ros'
[0.159s] Level 1:colcon.colcon_core.package_identification:_identify(/home/parallels/CLionProjects/Homeworks/robotics_v1/src/ur_driver) by extensions ['cmake', 'python']
[0.159s] Level 1:colcon.colcon_core.package_identification:_identify(/home/parallels/CLionProjects/Homeworks/robotics_v1/src/ur_driver) by extension 'cmake'
[0.159s] Level 1:colcon.colcon_core.package_identification:_identify(/home/parallels/CLionProjects/Homeworks/robotics_v1/src/ur_driver) by extension 'python'
[0.159s] Level 1:colcon.colcon_core.package_identification:_identify(/home/parallels/CLionProjects/Homeworks/robotics_v1/src/ur_driver) by extensions ['python_setup_py']
[0.159s] Level 1:colcon.colcon_core.package_identification:_identify(/home/parallels/CLionProjects/Homeworks/robotics_v1/src/ur_driver) by extension 'python_setup_py'
[0.159s] Level 1:colcon.colcon_core.package_identification:_identify(/home/parallels/CLionProjects/Homeworks/robotics_v1/src/ur_driver/Universal_Robots_Client_Library) by extensions ['ignore', 'ignore_ament_install']
[0.159s] Level 1:colcon.colcon_core.package_identification:_identify(/home/parallels/CLionProjects/Homeworks/robotics_v1/src/ur_driver/Universal_Robots_Client_Library) by extension 'ignore'
[0.159s] Level 1:colcon.colcon_core.package_identification:_identify(/home/parallels/CLionProjects/Homeworks/robotics_v1/src/ur_driver/Universal_Robots_Client_Library) by extension 'ignore_ament_install'
[0.159s] Level 1:colcon.colcon_core.package_identification:_identify(/home/parallels/CLionProjects/Homeworks/robotics_v1/src/ur_driver/Universal_Robots_Client_Library) by extensions ['colcon_pkg']
[0.159s] Level 1:colcon.colcon_core.package_identification:_identify(/home/parallels/CLionProjects/Homeworks/robotics_v1/src/ur_driver/Universal_Robots_Client_Library) by extension 'colcon_pkg'
[0.159s] Level 1:colcon.colcon_core.package_identification:_identify(/home/parallels/CLionProjects/Homeworks/robotics_v1/src/ur_driver/Universal_Robots_Client_Library) by extensions ['colcon_meta']
[0.159s] Level 1:colcon.colcon_core.package_identification:_identify(/home/parallels/CLionProjects/Homeworks/robotics_v1/src/ur_driver/Universal_Robots_Client_Library) by extension 'colcon_meta'
[0.159s] Level 1:colcon.colcon_core.package_identification:_identify(/home/parallels/CLionProjects/Homeworks/robotics_v1/src/ur_driver/Universal_Robots_Client_Library) by extensions ['ros']
[0.159s] Level 1:colcon.colcon_core.package_identification:_identify(/home/parallels/CLionProjects/Homeworks/robotics_v1/src/ur_driver/Universal_Robots_Client_Library) by extension 'ros'
[0.160s] DEBUG:colcon.colcon_core.package_identification:Package '/home/parallels/CLionProjects/Homeworks/robotics_v1/src/ur_driver/Universal_Robots_Client_Library' with type 'ros.cmake' and name 'ur_client_library'
[0.160s] Level 1:colcon.colcon_core.package_identification:_identify(/home/parallels/CLionProjects/Homeworks/robotics_v1/src/ur_driver/Universal_Robots_ROS2_Driver) by extensions ['ignore', 'ignore_ament_install']
[0.160s] Level 1:colcon.colcon_core.package_identification:_identify(/home/parallels/CLionProjects/Homeworks/robotics_v1/src/ur_driver/Universal_Robots_ROS2_Driver) by extension 'ignore'
[0.160s] Level 1:colcon.colcon_core.package_identification:_identify(/home/parallels/CLionProjects/Homeworks/robotics_v1/src/ur_driver/Universal_Robots_ROS2_Driver) by extension 'ignore_ament_install'
[0.160s] Level 1:colcon.colcon_core.package_identification:_identify(/home/parallels/CLionProjects/Homeworks/robotics_v1/src/ur_driver/Universal_Robots_ROS2_Driver) by extensions ['colcon_pkg']
[0.160s] Level 1:colcon.colcon_core.package_identification:_identify(/home/parallels/CLionProjects/Homeworks/robotics_v1/src/ur_driver/Universal_Robots_ROS2_Driver) by extension 'colcon_pkg'
[0.160s] Level 1:colcon.colcon_core.package_identification:_identify(/home/parallels/CLionProjects/Homeworks/robotics_v1/src/ur_driver/Universal_Robots_ROS2_Driver) by extensions ['colcon_meta']
[0.160s] Level 1:colcon.colcon_core.package_identification:_identify(/home/parallels/CLionProjects/Homeworks/robotics_v1/src/ur_driver/Universal_Robots_ROS2_Driver) by extension 'colcon_meta'
[0.160s] Level 1:colcon.colcon_core.package_identification:_identify(/home/parallels/CLionProjects/Homeworks/robotics_v1/src/ur_driver/Universal_Robots_ROS2_Driver) by extensions ['ros']
[0.160s] Level 1:colcon.colcon_core.package_identification:_identify(/home/parallels/CLionProjects/Homeworks/robotics_v1/src/ur_driver/Universal_Robots_ROS2_Driver) by extension 'ros'
[0.160s] Level 1:colcon.colcon_core.package_identification:_identify(/home/parallels/CLionProjects/Homeworks/robotics_v1/src/ur_driver/Universal_Robots_ROS2_Driver) by extensions ['cmake', 'python']
[0.161s] Level 1:colcon.colcon_core.package_identification:_identify(/home/parallels/CLionProjects/Homeworks/robotics_v1/src/ur_driver/Universal_Robots_ROS2_Driver) by extension 'cmake'
[0.161s] Level 1:colcon.colcon_core.package_identification:_identify(/home/parallels/CLionProjects/Homeworks/robotics_v1/src/ur_driver/Universal_Robots_ROS2_Driver) by extension 'python'
[0.161s] Level 1:colcon.colcon_core.package_identification:_identify(/home/parallels/CLionProjects/Homeworks/robotics_v1/src/ur_driver/Universal_Robots_ROS2_Driver) by extensions ['python_setup_py']
[0.161s] Level 1:colcon.colcon_core.package_identification:_identify(/home/parallels/CLionProjects/Homeworks/robotics_v1/src/ur_driver/Universal_Robots_ROS2_Driver) by extension 'python_setup_py'
[0.161s] Level 1:colcon.colcon_core.package_identification:_identify(/home/parallels/CLionProjects/Homeworks/robotics_v1/src/ur_driver/Universal_Robots_ROS2_Driver/ur_bringup) by extensions ['ignore', 'ignore_ament_install']
[0.161s] Level 1:colcon.colcon_core.package_identification:_identify(/home/parallels/CLionProjects/Homeworks/robotics_v1/src/ur_driver/Universal_Robots_ROS2_Driver/ur_bringup) by extension 'ignore'
[0.161s] Level 1:colcon.colcon_core.package_identification:_identify(/home/parallels/CLionProjects/Homeworks/robotics_v1/src/ur_driver/Universal_Robots_ROS2_Driver/ur_bringup) by extension 'ignore_ament_install'
[0.161s] Level 1:colcon.colcon_core.package_identification:_identify(/home/parallels/CLionProjects/Homeworks/robotics_v1/src/ur_driver/Universal_Robots_ROS2_Driver/ur_bringup) by extensions ['colcon_pkg']
[0.161s] Level 1:colcon.colcon_core.package_identification:_identify(/home/parallels/CLionProjects/Homeworks/robotics_v1/src/ur_driver/Universal_Robots_ROS2_Driver/ur_bringup) by extension 'colcon_pkg'
[0.161s] Level 1:colcon.colcon_core.package_identification:_identify(/home/parallels/CLionProjects/Homeworks/robotics_v1/src/ur_driver/Universal_Robots_ROS2_Driver/ur_bringup) by extensions ['colcon_meta']
[0.161s] Level 1:colcon.colcon_core.package_identification:_identify(/home/parallels/CLionProjects/Homeworks/robotics_v1/src/ur_driver/Universal_Robots_ROS2_Driver/ur_bringup) by extension 'colcon_meta'
[0.161s] Level 1:colcon.colcon_core.package_identification:_identify(/home/parallels/CLionProjects/Homeworks/robotics_v1/src/ur_driver/Universal_Robots_ROS2_Driver/ur_bringup) by extensions ['ros']
[0.161s] Level 1:colcon.colcon_core.package_identification:_identify(/home/parallels/CLionProjects/Homeworks/robotics_v1/src/ur_driver/Universal_Robots_ROS2_Driver/ur_bringup) by extension 'ros'
[0.162s] DEBUG:colcon.colcon_core.package_identification:Package '/home/parallels/CLionProjects/Homeworks/robotics_v1/src/ur_driver/Universal_Robots_ROS2_Driver/ur_bringup' with type 'ros.ament_cmake' and name 'ur_bringup'
[0.162s] Level 1:colcon.colcon_core.package_identification:_identify(/home/parallels/CLionProjects/Homeworks/robotics_v1/src/ur_driver/Universal_Robots_ROS2_Driver/ur_controllers) by extensions ['ignore', 'ignore_ament_install']
[0.162s] Level 1:colcon.colcon_core.package_identification:_identify(/home/parallels/CLionProjects/Homeworks/robotics_v1/src/ur_driver/Universal_Robots_ROS2_Driver/ur_controllers) by extension 'ignore'
[0.162s] Level 1:colcon.colcon_core.package_identification:_identify(/home/parallels/CLionProjects/Homeworks/robotics_v1/src/ur_driver/Universal_Robots_ROS2_Driver/ur_controllers) by extension 'ignore_ament_install'
[0.162s] Level 1:colcon.colcon_core.package_identification:_identify(/home/parallels/CLionProjects/Homeworks/robotics_v1/src/ur_driver/Universal_Robots_ROS2_Driver/ur_controllers) by extensions ['colcon_pkg']
[0.162s] Level 1:colcon.colcon_core.package_identification:_identify(/home/parallels/CLionProjects/Homeworks/robotics_v1/src/ur_driver/Universal_Robots_ROS2_Driver/ur_controllers) by extension 'colcon_pkg'
[0.162s] Level 1:colcon.colcon_core.package_identification:_identify(/home/parallels/CLionProjects/Homeworks/robotics_v1/src/ur_driver/Universal_Robots_ROS2_Driver/ur_controllers) by extensions ['colcon_meta']
[0.162s] Level 1:colcon.colcon_core.package_identification:_identify(/home/parallels/CLionProjects/Homeworks/robotics_v1/src/ur_driver/Universal_Robots_ROS2_Driver/ur_controllers) by extension 'colcon_meta'
[0.162s] Level 1:colcon.colcon_core.package_identification:_identify(/home/parallels/CLionProjects/Homeworks/robotics_v1/src/ur_driver/Universal_Robots_ROS2_Driver/ur_controllers) by extensions ['ros']
[0.162s] Level 1:colcon.colcon_core.package_identification:_identify(/home/parallels/CLionProjects/Homeworks/robotics_v1/src/ur_driver/Universal_Robots_ROS2_Driver/ur_controllers) by extension 'ros'
[0.163s] DEBUG:colcon.colcon_core.package_identification:Package '/home/parallels/CLionProjects/Homeworks/robotics_v1/src/ur_driver/Universal_Robots_ROS2_Driver/ur_controllers' with type 'ros.ament_cmake' and name 'ur_controllers'
[0.164s] Level 1:colcon.colcon_core.package_identification:_identify(/home/parallels/CLionProjects/Homeworks/robotics_v1/src/ur_driver/Universal_Robots_ROS2_Driver/ur_dashboard_msgs) by extensions ['ignore', 'ignore_ament_install']
[0.164s] Level 1:colcon.colcon_core.package_identification:_identify(/home/parallels/CLionProjects/Homeworks/robotics_v1/src/ur_driver/Universal_Robots_ROS2_Driver/ur_dashboard_msgs) by extension 'ignore'
[0.164s] Level 1:colcon.colcon_core.package_identification:_identify(/home/parallels/CLionProjects/Homeworks/robotics_v1/src/ur_driver/Universal_Robots_ROS2_Driver/ur_dashboard_msgs) by extension 'ignore_ament_install'
[0.164s] Level 1:colcon.colcon_core.package_identification:_identify(/home/parallels/CLionProjects/Homeworks/robotics_v1/src/ur_driver/Universal_Robots_ROS2_Driver/ur_dashboard_msgs) by extensions ['colcon_pkg']
[0.164s] Level 1:colcon.colcon_core.package_identification:_identify(/home/parallels/CLionProjects/Homeworks/robotics_v1/src/ur_driver/Universal_Robots_ROS2_Driver/ur_dashboard_msgs) by extension 'colcon_pkg'
[0.164s] Level 1:colcon.colcon_core.package_identification:_identify(/home/parallels/CLionProjects/Homeworks/robotics_v1/src/ur_driver/Universal_Robots_ROS2_Driver/ur_dashboard_msgs) by extensions ['colcon_meta']
[0.164s] Level 1:colcon.colcon_core.package_identification:_identify(/home/parallels/CLionProjects/Homeworks/robotics_v1/src/ur_driver/Universal_Robots_ROS2_Driver/ur_dashboard_msgs) by extension 'colcon_meta'
[0.164s] Level 1:colcon.colcon_core.package_identification:_identify(/home/parallels/CLionProjects/Homeworks/robotics_v1/src/ur_driver/Universal_Robots_ROS2_Driver/ur_dashboard_msgs) by extensions ['ros']
[0.164s] Level 1:colcon.colcon_core.package_identification:_identify(/home/parallels/CLionProjects/Homeworks/robotics_v1/src/ur_driver/Universal_Robots_ROS2_Driver/ur_dashboard_msgs) by extension 'ros'
[0.164s] DEBUG:colcon.colcon_core.package_identification:Package '/home/parallels/CLionProjects/Homeworks/robotics_v1/src/ur_driver/Universal_Robots_ROS2_Driver/ur_dashboard_msgs' with type 'ros.ament_cmake' and name 'ur_dashboard_msgs'
[0.164s] Level 1:colcon.colcon_core.package_identification:_identify(/home/parallels/CLionProjects/Homeworks/robotics_v1/src/ur_driver/Universal_Robots_ROS2_Driver/ur_description) by extensions ['ignore', 'ignore_ament_install']
[0.164s] Level 1:colcon.colcon_core.package_identification:_identify(/home/parallels/CLionProjects/Homeworks/robotics_v1/src/ur_driver/Universal_Robots_ROS2_Driver/ur_description) by extension 'ignore'
[0.164s] Level 1:colcon.colcon_core.package_identification:_identify(/home/parallels/CLionProjects/Homeworks/robotics_v1/src/ur_driver/Universal_Robots_ROS2_Driver/ur_description) by extension 'ignore_ament_install'
[0.164s] Level 1:colcon.colcon_core.package_identification:_identify(/home/parallels/CLionProjects/Homeworks/robotics_v1/src/ur_driver/Universal_Robots_ROS2_Driver/ur_description) by extensions ['colcon_pkg']
[0.164s] Level 1:colcon.colcon_core.package_identification:_identify(/home/parallels/CLionProjects/Homeworks/robotics_v1/src/ur_driver/Universal_Robots_ROS2_Driver/ur_description) by extension 'colcon_pkg'
[0.165s] Level 1:colcon.colcon_core.package_identification:_identify(/home/parallels/CLionProjects/Homeworks/robotics_v1/src/ur_driver/Universal_Robots_ROS2_Driver/ur_description) by extensions ['colcon_meta']
[0.165s] Level 1:colcon.colcon_core.package_identification:_identify(/home/parallels/CLionProjects/Homeworks/robotics_v1/src/ur_driver/Universal_Robots_ROS2_Driver/ur_description) by extension 'colcon_meta'
[0.165s] Level 1:colcon.colcon_core.package_identification:_identify(/home/parallels/CLionProjects/Homeworks/robotics_v1/src/ur_driver/Universal_Robots_ROS2_Driver/ur_description) by extensions ['ros']
[0.165s] Level 1:colcon.colcon_core.package_identification:_identify(/home/parallels/CLionProjects/Homeworks/robotics_v1/src/ur_driver/Universal_Robots_ROS2_Driver/ur_description) by extension 'ros'
[0.165s] DEBUG:colcon.colcon_core.package_identification:Package '/home/parallels/CLionProjects/Homeworks/robotics_v1/src/ur_driver/Universal_Robots_ROS2_Driver/ur_description' with type 'ros.ament_cmake' and name 'ur_description'
[0.165s] Level 1:colcon.colcon_core.package_identification:_identify(/home/parallels/CLionProjects/Homeworks/robotics_v1/src/ur_driver/Universal_Robots_ROS2_Driver/ur_moveit_config) by extensions ['ignore', 'ignore_ament_install']
[0.165s] Level 1:colcon.colcon_core.package_identification:_identify(/home/parallels/CLionProjects/Homeworks/robotics_v1/src/ur_driver/Universal_Robots_ROS2_Driver/ur_moveit_config) by extension 'ignore'
[0.165s] Level 1:colcon.colcon_core.package_identification:_identify(/home/parallels/CLionProjects/Homeworks/robotics_v1/src/ur_driver/Universal_Robots_ROS2_Driver/ur_moveit_config) by extension 'ignore_ament_install'
[0.165s] Level 1:colcon.colcon_core.package_identification:_identify(/home/parallels/CLionProjects/Homeworks/robotics_v1/src/ur_driver/Universal_Robots_ROS2_Driver/ur_moveit_config) by extensions ['colcon_pkg']
[0.165s] Level 1:colcon.colcon_core.package_identification:_identify(/home/parallels/CLionProjects/Homeworks/robotics_v1/src/ur_driver/Universal_Robots_ROS2_Driver/ur_moveit_config) by extension 'colcon_pkg'
[0.165s] Level 1:colcon.colcon_core.package_identification:_identify(/home/parallels/CLionProjects/Homeworks/robotics_v1/src/ur_driver/Universal_Robots_ROS2_Driver/ur_moveit_config) by extensions ['colcon_meta']
[0.165s] Level 1:colcon.colcon_core.package_identification:_identify(/home/parallels/CLionProjects/Homeworks/robotics_v1/src/ur_driver/Universal_Robots_ROS2_Driver/ur_moveit_config) by extension 'colcon_meta'
[0.165s] Level 1:colcon.colcon_core.package_identification:_identify(/home/parallels/CLionProjects/Homeworks/robotics_v1/src/ur_driver/Universal_Robots_ROS2_Driver/ur_moveit_config) by extensions ['ros']
[0.166s] Level 1:colcon.colcon_core.package_identification:_identify(/home/parallels/CLionProjects/Homeworks/robotics_v1/src/ur_driver/Universal_Robots_ROS2_Driver/ur_moveit_config) by extension 'ros'
[0.166s] DEBUG:colcon.colcon_core.package_identification:Package '/home/parallels/CLionProjects/Homeworks/robotics_v1/src/ur_driver/Universal_Robots_ROS2_Driver/ur_moveit_config' with type 'ros.ament_cmake' and name 'ur_moveit_config'
[0.166s] Level 1:colcon.colcon_core.package_identification:_identify(/home/parallels/CLionProjects/Homeworks/robotics_v1/src/ur_driver/Universal_Robots_ROS2_Driver/ur_robot_driver) by extensions ['ignore', 'ignore_ament_install']
[0.166s] Level 1:colcon.colcon_core.package_identification:_identify(/home/parallels/CLionProjects/Homeworks/robotics_v1/src/ur_driver/Universal_Robots_ROS2_Driver/ur_robot_driver) by extension 'ignore'
[0.166s] Level 1:colcon.colcon_core.package_identification:_identify(/home/parallels/CLionProjects/Homeworks/robotics_v1/src/ur_driver/Universal_Robots_ROS2_Driver/ur_robot_driver) by extension 'ignore_ament_install'
[0.166s] Level 1:colcon.colcon_core.package_identification:_identify(/home/parallels/CLionProjects/Homeworks/robotics_v1/src/ur_driver/Universal_Robots_ROS2_Driver/ur_robot_driver) by extensions ['colcon_pkg']
[0.166s] Level 1:colcon.colcon_core.package_identification:_identify(/home/parallels/CLionProjects/Homeworks/robotics_v1/src/ur_driver/Universal_Robots_ROS2_Driver/ur_robot_driver) by extension 'colcon_pkg'
[0.166s] Level 1:colcon.colcon_core.package_identification:_identify(/home/parallels/CLionProjects/Homeworks/robotics_v1/src/ur_driver/Universal_Robots_ROS2_Driver/ur_robot_driver) by extensions ['colcon_meta']
[0.166s] Level 1:colcon.colcon_core.package_identification:_identify(/home/parallels/CLionProjects/Homeworks/robotics_v1/src/ur_driver/Universal_Robots_ROS2_Driver/ur_robot_driver) by extension 'colcon_meta'
[0.166s] Level 1:colcon.colcon_core.package_identification:_identify(/home/parallels/CLionProjects/Homeworks/robotics_v1/src/ur_driver/Universal_Robots_ROS2_Driver/ur_robot_driver) by extensions ['ros']
[0.166s] Level 1:colcon.colcon_core.package_identification:_identify(/home/parallels/CLionProjects/Homeworks/robotics_v1/src/ur_driver/Universal_Robots_ROS2_Driver/ur_robot_driver) by extension 'ros'
[0.167s] DEBUG:colcon.colcon_core.package_identification:Package '/home/parallels/CLionProjects/Homeworks/robotics_v1/src/ur_driver/Universal_Robots_ROS2_Driver/ur_robot_driver' with type 'ros.ament_cmake' and name 'ur_robot_driver'
[0.167s] Level 1:colcon.colcon_core.package_discovery:discover_packages(recursive) using defaults
