[100%] Built target ros2_game_engine
-- Install configuration: "RelWithDebInfo"
-- Up-to-date: /home/parallels/CLionProjects/Homeworks/robotics_v1/install/ros2_game_engine/share/ros2_game_engine/package.xml
-- Up-to-date: /home/parallels/CLionProjects/Homeworks/robotics_v1/install/ros2_game_engine/lib/ros2_game_engine/libros2_game_engine.a
-- Installing: /home/parallels/CLionProjects/Homeworks/robotics_v1/install/ros2_game_engine/share/ament_index/resource_index/packages/ros2_game_engine
-- Up-to-date: /home/parallels/CLionProjects/Homeworks/robotics_v1/install/ros2_game_engine/share/ros2_game_engine/hook/ament_prefix_path.dsv
-- Up-to-date: /home/parallels/CLionProjects/Homeworks/robotics_v1/install/ros2_game_engine/share/ros2_game_engine/hook/ros_package_path.dsv
-- Up-to-date: /home/parallels/CLionProjects/Homeworks/robotics_v1/install/ros2_game_engine/share/ament_index/resource_index/package_run_dependencies/ros2_game_engine
-- Up-to-date: /home/parallels/CLionProjects/Homeworks/robotics_v1/install/ros2_game_engine/share/ament_index/resource_index/parent_prefix_path/ros2_game_engine
-- Up-to-date: /home/parallels/CLionProjects/Homeworks/robotics_v1/install/ros2_game_engine/share/ros2_game_engine/environment/ament_prefix_path.sh
-- Up-to-date: /home/parallels/CLionProjects/Homeworks/robotics_v1/install/ros2_game_engine/share/ros2_game_engine/environment/ament_prefix_path.dsv
-- Up-to-date: /home/parallels/CLionProjects/Homeworks/robotics_v1/install/ros2_game_engine/share/ros2_game_engine/environment/path.sh
-- Up-to-date: /home/parallels/CLionProjects/Homeworks/robotics_v1/install/ros2_game_engine/share/ros2_game_engine/environment/path.dsv
-- Up-to-date: /home/parallels/CLionProjects/Homeworks/robotics_v1/install/ros2_game_engine/share/ros2_game_engine/local_setup.bash
-- Up-to-date: /home/parallels/CLionProjects/Homeworks/robotics_v1/install/ros2_game_engine/share/ros2_game_engine/local_setup.sh
-- Up-to-date: /home/parallels/CLionProjects/Homeworks/robotics_v1/install/ros2_game_engine/share/ros2_game_engine/local_setup.zsh
-- Up-to-date: /home/parallels/CLionProjects/Homeworks/robotics_v1/install/ros2_game_engine/share/ros2_game_engine/local_setup.dsv
-- Up-to-date: /home/parallels/CLionProjects/Homeworks/robotics_v1/install/ros2_game_engine/share/ros2_game_engine/package.dsv
-- Installing: /home/parallels/CLionProjects/Homeworks/robotics_v1/install/ros2_game_engine/share/ament_index/resource_index/packages/ros2_game_engine
-- Up-to-date: /home/parallels/CLionProjects/Homeworks/robotics_v1/install/ros2_game_engine/share/ros2_game_engine/cmake/ament_cmake_export_dependencies-extras.cmake
-- Up-to-date: /home/parallels/CLionProjects/Homeworks/robotics_v1/install/ros2_game_engine/share/ros2_game_engine/cmake/ros2_game_engineConfig.cmake
-- Up-to-date: /home/parallels/CLionProjects/Homeworks/robotics_v1/install/ros2_game_engine/share/ros2_game_engine/cmake/ros2_game_engineConfig-version.cmake
-- Up-to-date: /home/parallels/CLionProjects/Homeworks/robotics_v1/install/ros2_game_engine/share/ros2_game_engine/package.xml
-- Up-to-date: /home/parallels/CLionProjects/Homeworks/robotics_v1/install/ros2_game_engine/lib/libros2_game_engine.a
-- Up-to-date: /home/parallels/CLionProjects/Homeworks/robotics_v1/install/ros2_game_engine/include
-- Up-to-date: /home/parallels/CLionProjects/Homeworks/robotics_v1/install/ros2_game_engine/include/ros2_game_engine
-- Up-to-date: /home/parallels/CLionProjects/Homeworks/robotics_v1/install/ros2_game_engine/include/ros2_game_engine/communicator
-- Up-to-date: /home/parallels/CLionProjects/Homeworks/robotics_v1/install/ros2_game_engine/include/ros2_game_engine/communicator/Ros2Communicator.h
-- Up-to-date: /home/parallels/CLionProjects/Homeworks/robotics_v1/install/ros2_game_engine/include/ros2_game_engine/communicator/Ros2CommunicatorInterface.h
-- Up-to-date: /home/parallels/CLionProjects/Homeworks/robotics_v1/install/ros2_game_engine/include/ros2_game_engine/communicator/config
-- Up-to-date: /home/parallels/CLionProjects/Homeworks/robotics_v1/install/ros2_game_engine/include/ros2_game_engine/communicator/config/Ros2CommunicatorConfig.h
-- Up-to-date: /home/parallels/CLionProjects/Homeworks/robotics_v1/install/ros2_game_engine/lib/cmake/ros2_game_engine/ros2_game_engineTargets.cmake
-- Up-to-date: /home/parallels/CLionProjects/Homeworks/robotics_v1/install/ros2_game_engine/lib/cmake/ros2_game_engine/ros2_game_engineTargets-relwithdebinfo.cmake
-- Up-to-date: /home/parallels/CLionProjects/Homeworks/robotics_v1/install/ros2_game_engine/lib/cmake/ros2_game_engine/ros2_game_engineConfig.cmake
