[0.020s] Invoking command in '/home/parallels/CLionProjects/Homeworks/robotics_v1/build/ur_bringup': CMAKE_PREFIX_PATH=${CMAKE_PREFIX_PATH}:/opt/ros/foxy /usr/bin/cmake /home/parallels/CLionProjects/Homeworks/robotics_v1/src/ur_driver/Universal_Robots_ROS2_Driver/ur_bringup -DCMAKE_BUILD_TYPE=RelWithDebInfo -DAMENT_CMAKE_SYMLINK_INSTALL=1 -DCMAKE_INSTALL_PREFIX=/home/parallels/CLionProjects/Homeworks/robotics_v1/install/ur_bringup
[0.036s] -- Found ament_cmake: 0.9.9 (/opt/ros/foxy/share/ament_cmake/cmake)
[0.050s] -- Using PYTHON_EXECUTABLE: /usr/bin/python3
[0.148s] -- Override CMake install command with custom implementation using symlinks instead of copying resources
[0.189s] -- Configuring done
[0.191s] -- Generating done
[0.192s] -- Build files have been written to: /home/parallels/CLionProjects/Homeworks/robotics_v1/build/ur_bringup
[0.196s] Invoked command in '/home/parallels/CLionProjects/Homeworks/robotics_v1/build/ur_bringup' returned '0': CMAKE_PREFIX_PATH=${CMAKE_PREFIX_PATH}:/opt/ros/foxy /usr/bin/cmake /home/parallels/CLionProjects/Homeworks/robotics_v1/src/ur_driver/Universal_Robots_ROS2_Driver/ur_bringup -DCMAKE_BUILD_TYPE=RelWithDebInfo -DAMENT_CMAKE_SYMLINK_INSTALL=1 -DCMAKE_INSTALL_PREFIX=/home/parallels/CLionProjects/Homeworks/robotics_v1/install/ur_bringup
[0.196s] Invoking command in '/home/parallels/CLionProjects/Homeworks/robotics_v1/build/ur_bringup': CMAKE_PREFIX_PATH=${CMAKE_PREFIX_PATH}:/opt/ros/foxy /usr/bin/cmake --build /home/parallels/CLionProjects/Homeworks/robotics_v1/build/ur_bringup -- -j4 -l4
[0.259s] Invoked command in '/home/parallels/CLionProjects/Homeworks/robotics_v1/build/ur_bringup' returned '0': CMAKE_PREFIX_PATH=${CMAKE_PREFIX_PATH}:/opt/ros/foxy /usr/bin/cmake --build /home/parallels/CLionProjects/Homeworks/robotics_v1/build/ur_bringup -- -j4 -l4
[0.415s] Invoking command in '/home/parallels/CLionProjects/Homeworks/robotics_v1/build/ur_bringup': CMAKE_PREFIX_PATH=${CMAKE_PREFIX_PATH}:/opt/ros/foxy /usr/bin/cmake --install /home/parallels/CLionProjects/Homeworks/robotics_v1/build/ur_bringup
[0.425s] -- Install configuration: "RelWithDebInfo"
[0.425s] -- Execute custom install script
[0.426s] -- Up-to-date symlink: /home/parallels/CLionProjects/Homeworks/robotics_v1/install/ur_bringup/share/ur_bringup/config/test_goal_publishers_config.yaml
[0.426s] -- Up-to-date symlink: /home/parallels/CLionProjects/Homeworks/robotics_v1/install/ur_bringup/share/ur_bringup/config/ur_controllers.yaml
[0.426s] -- Up-to-date symlink: /home/parallels/CLionProjects/Homeworks/robotics_v1/install/ur_bringup/share/ur_bringup/launch/test_joint_trajectory_controller.launch.py
[0.426s] -- Up-to-date symlink: /home/parallels/CLionProjects/Homeworks/robotics_v1/install/ur_bringup/share/ur_bringup/launch/test_scaled_joint_trajectory_controller.launch.py
[0.426s] -- Up-to-date symlink: /home/parallels/CLionProjects/Homeworks/robotics_v1/install/ur_bringup/share/ur_bringup/launch/ur10.launch.py
[0.427s] -- Up-to-date symlink: /home/parallels/CLionProjects/Homeworks/robotics_v1/install/ur_bringup/share/ur_bringup/launch/ur10e.launch.py
[0.427s] -- Up-to-date symlink: /home/parallels/CLionProjects/Homeworks/robotics_v1/install/ur_bringup/share/ur_bringup/launch/ur16e.launch.py
[0.427s] -- Up-to-date symlink: /home/parallels/CLionProjects/Homeworks/robotics_v1/install/ur_bringup/share/ur_bringup/launch/ur3.launch.py
[0.427s] -- Up-to-date symlink: /home/parallels/CLionProjects/Homeworks/robotics_v1/install/ur_bringup/share/ur_bringup/launch/ur3e.launch.py
[0.427s] -- Up-to-date symlink: /home/parallels/CLionProjects/Homeworks/robotics_v1/install/ur_bringup/share/ur_bringup/launch/ur5.launch.py
[0.428s] -- Up-to-date symlink: /home/parallels/CLionProjects/Homeworks/robotics_v1/install/ur_bringup/share/ur_bringup/launch/ur5e.launch.py
[0.428s] -- Up-to-date symlink: /home/parallels/CLionProjects/Homeworks/robotics_v1/install/ur_bringup/share/ur_bringup/launch/ur_control.launch.py
[0.428s] -- Up-to-date symlink: /home/parallels/CLionProjects/Homeworks/robotics_v1/install/ur_bringup/share/ur_bringup/launch/ur_dashboard_client.launch.py
[0.428s] -- Up-to-date symlink: /home/parallels/CLionProjects/Homeworks/robotics_v1/install/ur_bringup/share/ur_bringup/launch/ur_moveit.launch.py
[0.428s] -- Up-to-date symlink: /home/parallels/CLionProjects/Homeworks/robotics_v1/install/ur_bringup/share/ament_index/resource_index/package_run_dependencies/ur_bringup
[0.428s] -- Up-to-date symlink: /home/parallels/CLionProjects/Homeworks/robotics_v1/install/ur_bringup/share/ament_index/resource_index/parent_prefix_path/ur_bringup
[0.429s] -- Up-to-date symlink: /home/parallels/CLionProjects/Homeworks/robotics_v1/install/ur_bringup/share/ur_bringup/environment/ament_prefix_path.sh
[0.429s] -- Up-to-date symlink: /home/parallels/CLionProjects/Homeworks/robotics_v1/install/ur_bringup/share/ur_bringup/environment/ament_prefix_path.dsv
[0.429s] -- Up-to-date symlink: /home/parallels/CLionProjects/Homeworks/robotics_v1/install/ur_bringup/share/ur_bringup/environment/path.sh
[0.429s] -- Up-to-date symlink: /home/parallels/CLionProjects/Homeworks/robotics_v1/install/ur_bringup/share/ur_bringup/environment/path.dsv
[0.430s] -- Up-to-date symlink: /home/parallels/CLionProjects/Homeworks/robotics_v1/install/ur_bringup/share/ur_bringup/local_setup.bash
[0.430s] -- Up-to-date symlink: /home/parallels/CLionProjects/Homeworks/robotics_v1/install/ur_bringup/share/ur_bringup/local_setup.sh
[0.430s] -- Up-to-date symlink: /home/parallels/CLionProjects/Homeworks/robotics_v1/install/ur_bringup/share/ur_bringup/local_setup.zsh
[0.430s] -- Up-to-date symlink: /home/parallels/CLionProjects/Homeworks/robotics_v1/install/ur_bringup/share/ur_bringup/local_setup.dsv
[0.431s] -- Symlinking: /home/parallels/CLionProjects/Homeworks/robotics_v1/install/ur_bringup/share/ur_bringup/package.dsv
[0.439s] -- Up-to-date symlink: /home/parallels/CLionProjects/Homeworks/robotics_v1/install/ur_bringup/share/ament_index/resource_index/packages/ur_bringup
[0.440s] -- Up-to-date symlink: /home/parallels/CLionProjects/Homeworks/robotics_v1/install/ur_bringup/share/ur_bringup/cmake/ur_bringupConfig.cmake
[0.440s] -- Up-to-date symlink: /home/parallels/CLionProjects/Homeworks/robotics_v1/install/ur_bringup/share/ur_bringup/cmake/ur_bringupConfig-version.cmake
[0.440s] -- Up-to-date symlink: /home/parallels/CLionProjects/Homeworks/robotics_v1/install/ur_bringup/share/ur_bringup/package.xml
[0.445s] Invoked command in '/home/parallels/CLionProjects/Homeworks/robotics_v1/build/ur_bringup' returned '0': CMAKE_PREFIX_PATH=${CMAKE_PREFIX_PATH}:/opt/ros/foxy /usr/bin/cmake --install /home/parallels/CLionProjects/Homeworks/robotics_v1/build/ur_bringup
