[0.021s] Invoking command in '/home/parallels/CLionProjects/Homeworks/robotics_v1/build/ros2_game_engine': CMAKE_PREFIX_PATH=/home/parallels/CLionProjects/Homeworks/robotics_v1/install/game_engine:/home/parallels/CLionProjects/Homeworks/robotics_v1/install/manager_utils:/home/parallels/CLionProjects/Homeworks/robotics_v1/install/sdl_utils:/home/parallels/CLionProjects/Homeworks/robotics_v1/install/resource_utils:/home/parallels/CLionProjects/Homeworks/robotics_v1/install/utils:/home/parallels/CLionProjects/Homeworks/robotics_v1/install/cmake_helpers:/opt/ros/foxy PKG_CONFIG_PATH=/home/parallels/CLionProjects/Homeworks/robotics_v1/install/game_engine/lib/aarch64-linux-gnu/pkgconfig:/home/parallels/CLionProjects/Homeworks/robotics_v1/install/game_engine/lib/pkgconfig:/home/parallels/CLionProjects/Homeworks/robotics_v1/install/manager_utils/lib/aarch64-linux-gnu/pkgconfig:/home/parallels/CLionProjects/Homeworks/robotics_v1/install/manager_utils/lib/pkgconfig:/home/parallels/CLionProjects/Homeworks/robotics_v1/install/sdl_utils/lib/aarch64-linux-gnu/pkgconfig:/home/parallels/CLionProjects/Homeworks/robotics_v1/install/sdl_utils/lib/pkgconfig:/home/parallels/CLionProjects/Homeworks/robotics_v1/install/resource_utils/lib/aarch64-linux-gnu/pkgconfig:/home/parallels/CLionProjects/Homeworks/robotics_v1/install/resource_utils/lib/pkgconfig:/home/parallels/CLionProjects/Homeworks/robotics_v1/install/utils/lib/aarch64-linux-gnu/pkgconfig:/home/parallels/CLionProjects/Homeworks/robotics_v1/install/utils/lib/pkgconfig:/home/parallels/CLionProjects/Homeworks/robotics_v1/install/cmake_helpers/lib/aarch64-linux-gnu/pkgconfig:/home/parallels/CLionProjects/Homeworks/robotics_v1/install/cmake_helpers/lib/pkgconfig /usr/bin/cmake /home/parallels/CLionProjects/Homeworks/robotics_v1/src/lib/ros2_game_engine -DCMAKE_BUILD_TYPE=Debug -DCMAKE_CXX_COMPILER=/usr/bin/clang++ -DCMAKE_INSTALL_PREFIX=/home/parallels/CLionProjects/Homeworks/robotics_v1/install/ros2_game_engine
[0.100s] -- The CXX compiler identification is Clang 10.0.0
[0.105s] -- Check for working CXX compiler: /usr/bin/clang++
[0.195s] -- Check for working CXX compiler: /usr/bin/clang++ -- works
[0.196s] -- Detecting CXX compiler ABI info
[0.287s] -- Detecting CXX compiler ABI info - done
[0.294s] -- Detecting CXX compile features
[0.295s] -- Detecting CXX compile features - done
[0.296s] -- Found cmake_helpers: 1.0.0 (/home/parallels/CLionProjects/Homeworks/robotics_v1/install/cmake_helpers/share/cmake_helpers/cmake)
[0.297s] -- Found ament_cmake: 0.9.9 (/opt/ros/foxy/share/ament_cmake/cmake)
[0.314s] -- Found PythonInterp: /usr/bin/python3 (found suitable version "3.8.10", minimum required is "3") 
[0.314s] -- Using PYTHON_EXECUTABLE: /usr/bin/python3
[0.424s] -- Found rclcpp: 2.4.1 (/opt/ros/foxy/share/rclcpp/cmake)
[0.468s] -- Using all available rosidl_typesupport_c: rosidl_typesupport_fastrtps_c;rosidl_typesupport_introspection_c
[0.473s] -- Found rosidl_adapter: 1.2.1 (/opt/ros/foxy/share/rosidl_adapter/cmake)
[0.542s] -- Found OpenSSL: /usr/lib/aarch64-linux-gnu/libcrypto.so (found version "1.1.1f")  
[0.564s] -- Found FastRTPS: /opt/ros/foxy/include  
[0.624s] -- Using all available rosidl_typesupport_cpp: rosidl_typesupport_fastrtps_cpp;rosidl_typesupport_introspection_cpp
[0.673s] -- Found rmw_implementation_cmake: 1.0.3 (/opt/ros/foxy/share/rmw_implementation_cmake/cmake)
[0.675s] -- Using RMW implementation 'rmw_fastrtps_cpp' as default
[0.676s] -- Looking for C++ include pthread.h
[0.782s] -- Looking for C++ include pthread.h - found
[0.782s] -- Performing Test CMAKE_HAVE_LIBC_PTHREAD
[0.880s] -- Performing Test CMAKE_HAVE_LIBC_PTHREAD - Failed
[0.880s] -- Looking for pthread_create in pthreads
[0.959s] -- Looking for pthread_create in pthreads - not found
[0.959s] -- Looking for pthread_create in pthread
[1.046s] -- Looking for pthread_create in pthread - found
[1.047s] -- Found Threads: TRUE  
[1.226s] -- Configuring done
[1.263s] -- Generating done
[1.264s] -- Build files have been written to: /home/parallels/CLionProjects/Homeworks/robotics_v1/build/ros2_game_engine
[1.270s] Invoked command in '/home/parallels/CLionProjects/Homeworks/robotics_v1/build/ros2_game_engine' returned '0': CMAKE_PREFIX_PATH=/home/parallels/CLionProjects/Homeworks/robotics_v1/install/game_engine:/home/parallels/CLionProjects/Homeworks/robotics_v1/install/manager_utils:/home/parallels/CLionProjects/Homeworks/robotics_v1/install/sdl_utils:/home/parallels/CLionProjects/Homeworks/robotics_v1/install/resource_utils:/home/parallels/CLionProjects/Homeworks/robotics_v1/install/utils:/home/parallels/CLionProjects/Homeworks/robotics_v1/install/cmake_helpers:/opt/ros/foxy PKG_CONFIG_PATH=/home/parallels/CLionProjects/Homeworks/robotics_v1/install/game_engine/lib/aarch64-linux-gnu/pkgconfig:/home/parallels/CLionProjects/Homeworks/robotics_v1/install/game_engine/lib/pkgconfig:/home/parallels/CLionProjects/Homeworks/robotics_v1/install/manager_utils/lib/aarch64-linux-gnu/pkgconfig:/home/parallels/CLionProjects/Homeworks/robotics_v1/install/manager_utils/lib/pkgconfig:/home/parallels/CLionProjects/Homeworks/robotics_v1/install/sdl_utils/lib/aarch64-linux-gnu/pkgconfig:/home/parallels/CLionProjects/Homeworks/robotics_v1/install/sdl_utils/lib/pkgconfig:/home/parallels/CLionProjects/Homeworks/robotics_v1/install/resource_utils/lib/aarch64-linux-gnu/pkgconfig:/home/parallels/CLionProjects/Homeworks/robotics_v1/install/resource_utils/lib/pkgconfig:/home/parallels/CLionProjects/Homeworks/robotics_v1/install/utils/lib/aarch64-linux-gnu/pkgconfig:/home/parallels/CLionProjects/Homeworks/robotics_v1/install/utils/lib/pkgconfig:/home/parallels/CLionProjects/Homeworks/robotics_v1/install/cmake_helpers/lib/aarch64-linux-gnu/pkgconfig:/home/parallels/CLionProjects/Homeworks/robotics_v1/install/cmake_helpers/lib/pkgconfig /usr/bin/cmake /home/parallels/CLionProjects/Homeworks/robotics_v1/src/lib/ros2_game_engine -DCMAKE_BUILD_TYPE=Debug -DCMAKE_CXX_COMPILER=/usr/bin/clang++ -DCMAKE_INSTALL_PREFIX=/home/parallels/CLionProjects/Homeworks/robotics_v1/install/ros2_game_engine
[1.271s] Invoking command in '/home/parallels/CLionProjects/Homeworks/robotics_v1/build/ros2_game_engine': CMAKE_PREFIX_PATH=/home/parallels/CLionProjects/Homeworks/robotics_v1/install/game_engine:/home/parallels/CLionProjects/Homeworks/robotics_v1/install/manager_utils:/home/parallels/CLionProjects/Homeworks/robotics_v1/install/sdl_utils:/home/parallels/CLionProjects/Homeworks/robotics_v1/install/resource_utils:/home/parallels/CLionProjects/Homeworks/robotics_v1/install/utils:/home/parallels/CLionProjects/Homeworks/robotics_v1/install/cmake_helpers:/opt/ros/foxy PKG_CONFIG_PATH=/home/parallels/CLionProjects/Homeworks/robotics_v1/install/game_engine/lib/aarch64-linux-gnu/pkgconfig:/home/parallels/CLionProjects/Homeworks/robotics_v1/install/game_engine/lib/pkgconfig:/home/parallels/CLionProjects/Homeworks/robotics_v1/install/manager_utils/lib/aarch64-linux-gnu/pkgconfig:/home/parallels/CLionProjects/Homeworks/robotics_v1/install/manager_utils/lib/pkgconfig:/home/parallels/CLionProjects/Homeworks/robotics_v1/install/sdl_utils/lib/aarch64-linux-gnu/pkgconfig:/home/parallels/CLionProjects/Homeworks/robotics_v1/install/sdl_utils/lib/pkgconfig:/home/parallels/CLionProjects/Homeworks/robotics_v1/install/resource_utils/lib/aarch64-linux-gnu/pkgconfig:/home/parallels/CLionProjects/Homeworks/robotics_v1/install/resource_utils/lib/pkgconfig:/home/parallels/CLionProjects/Homeworks/robotics_v1/install/utils/lib/aarch64-linux-gnu/pkgconfig:/home/parallels/CLionProjects/Homeworks/robotics_v1/install/utils/lib/pkgconfig:/home/parallels/CLionProjects/Homeworks/robotics_v1/install/cmake_helpers/lib/aarch64-linux-gnu/pkgconfig:/home/parallels/CLionProjects/Homeworks/robotics_v1/install/cmake_helpers/lib/pkgconfig /usr/bin/cmake --build /home/parallels/CLionProjects/Homeworks/robotics_v1/build/ros2_game_engine -- -j4 -l4
[1.305s] [35m[1mScanning dependencies of target ros2_game_engine[0m
[1.361s] [ 33%] [32mBuilding CXX object CMakeFiles/ros2_game_engine.dir/src/communicator/Ros2Communicator.cpp.o[0m
[1.366s] [ 66%] [32mBuilding CXX object CMakeFiles/ros2_game_engine.dir/src/communicator/config/Ros2CommunicatorConfig.cpp.o[0m
[2.204s] [100%] [32m[1mLinking CXX static library libros2_game_engine.a[0m
[2.263s] [100%] Built target ros2_game_engine
[2.282s] Invoked command in '/home/parallels/CLionProjects/Homeworks/robotics_v1/build/ros2_game_engine' returned '0': CMAKE_PREFIX_PATH=/home/parallels/CLionProjects/Homeworks/robotics_v1/install/game_engine:/home/parallels/CLionProjects/Homeworks/robotics_v1/install/manager_utils:/home/parallels/CLionProjects/Homeworks/robotics_v1/install/sdl_utils:/home/parallels/CLionProjects/Homeworks/robotics_v1/install/resource_utils:/home/parallels/CLionProjects/Homeworks/robotics_v1/install/utils:/home/parallels/CLionProjects/Homeworks/robotics_v1/install/cmake_helpers:/opt/ros/foxy PKG_CONFIG_PATH=/home/parallels/CLionProjects/Homeworks/robotics_v1/install/game_engine/lib/aarch64-linux-gnu/pkgconfig:/home/parallels/CLionProjects/Homeworks/robotics_v1/install/game_engine/lib/pkgconfig:/home/parallels/CLionProjects/Homeworks/robotics_v1/install/manager_utils/lib/aarch64-linux-gnu/pkgconfig:/home/parallels/CLionProjects/Homeworks/robotics_v1/install/manager_utils/lib/pkgconfig:/home/parallels/CLionProjects/Homeworks/robotics_v1/install/sdl_utils/lib/aarch64-linux-gnu/pkgconfig:/home/parallels/CLionProjects/Homeworks/robotics_v1/install/sdl_utils/lib/pkgconfig:/home/parallels/CLionProjects/Homeworks/robotics_v1/install/resource_utils/lib/aarch64-linux-gnu/pkgconfig:/home/parallels/CLionProjects/Homeworks/robotics_v1/install/resource_utils/lib/pkgconfig:/home/parallels/CLionProjects/Homeworks/robotics_v1/install/utils/lib/aarch64-linux-gnu/pkgconfig:/home/parallels/CLionProjects/Homeworks/robotics_v1/install/utils/lib/pkgconfig:/home/parallels/CLionProjects/Homeworks/robotics_v1/install/cmake_helpers/lib/aarch64-linux-gnu/pkgconfig:/home/parallels/CLionProjects/Homeworks/robotics_v1/install/cmake_helpers/lib/pkgconfig /usr/bin/cmake --build /home/parallels/CLionProjects/Homeworks/robotics_v1/build/ros2_game_engine -- -j4 -l4
[2.470s] Invoking command in '/home/parallels/CLionProjects/Homeworks/robotics_v1/build/ros2_game_engine': CMAKE_PREFIX_PATH=/home/parallels/CLionProjects/Homeworks/robotics_v1/install/game_engine:/home/parallels/CLionProjects/Homeworks/robotics_v1/install/manager_utils:/home/parallels/CLionProjects/Homeworks/robotics_v1/install/sdl_utils:/home/parallels/CLionProjects/Homeworks/robotics_v1/install/resource_utils:/home/parallels/CLionProjects/Homeworks/robotics_v1/install/utils:/home/parallels/CLionProjects/Homeworks/robotics_v1/install/cmake_helpers:/opt/ros/foxy PKG_CONFIG_PATH=/home/parallels/CLionProjects/Homeworks/robotics_v1/install/game_engine/lib/aarch64-linux-gnu/pkgconfig:/home/parallels/CLionProjects/Homeworks/robotics_v1/install/game_engine/lib/pkgconfig:/home/parallels/CLionProjects/Homeworks/robotics_v1/install/manager_utils/lib/aarch64-linux-gnu/pkgconfig:/home/parallels/CLionProjects/Homeworks/robotics_v1/install/manager_utils/lib/pkgconfig:/home/parallels/CLionProjects/Homeworks/robotics_v1/install/sdl_utils/lib/aarch64-linux-gnu/pkgconfig:/home/parallels/CLionProjects/Homeworks/robotics_v1/install/sdl_utils/lib/pkgconfig:/home/parallels/CLionProjects/Homeworks/robotics_v1/install/resource_utils/lib/aarch64-linux-gnu/pkgconfig:/home/parallels/CLionProjects/Homeworks/robotics_v1/install/resource_utils/lib/pkgconfig:/home/parallels/CLionProjects/Homeworks/robotics_v1/install/utils/lib/aarch64-linux-gnu/pkgconfig:/home/parallels/CLionProjects/Homeworks/robotics_v1/install/utils/lib/pkgconfig:/home/parallels/CLionProjects/Homeworks/robotics_v1/install/cmake_helpers/lib/aarch64-linux-gnu/pkgconfig:/home/parallels/CLionProjects/Homeworks/robotics_v1/install/cmake_helpers/lib/pkgconfig /usr/bin/cmake --install /home/parallels/CLionProjects/Homeworks/robotics_v1/build/ros2_game_engine
[2.481s] -- Install configuration: "Debug"
[2.481s] -- Installing: /home/parallels/CLionProjects/Homeworks/robotics_v1/install/ros2_game_engine/share/ros2_game_engine/package.xml
[2.481s] -- Installing: /home/parallels/CLionProjects/Homeworks/robotics_v1/install/ros2_game_engine/lib/ros2_game_engine/libros2_game_engine.a
[2.482s] -- Installing: /home/parallels/CLionProjects/Homeworks/robotics_v1/install/ros2_game_engine/share/ament_index/resource_index/packages/ros2_game_engine
[2.482s] -- Installing: /home/parallels/CLionProjects/Homeworks/robotics_v1/install/ros2_game_engine/share/ros2_game_engine/hook/ament_prefix_path.dsv
[2.482s] -- Installing: /home/parallels/CLionProjects/Homeworks/robotics_v1/install/ros2_game_engine/share/ros2_game_engine/hook/ros_package_path.dsv
[2.482s] -- Installing: /home/parallels/CLionProjects/Homeworks/robotics_v1/install/ros2_game_engine/share/ament_index/resource_index/package_run_dependencies/ros2_game_engine
[2.482s] -- Installing: /home/parallels/CLionProjects/Homeworks/robotics_v1/install/ros2_game_engine/share/ament_index/resource_index/parent_prefix_path/ros2_game_engine
[2.482s] -- Installing: /home/parallels/CLionProjects/Homeworks/robotics_v1/install/ros2_game_engine/share/ros2_game_engine/environment/ament_prefix_path.sh
[2.482s] -- Installing: /home/parallels/CLionProjects/Homeworks/robotics_v1/install/ros2_game_engine/share/ros2_game_engine/environment/ament_prefix_path.dsv
[2.482s] -- Installing: /home/parallels/CLionProjects/Homeworks/robotics_v1/install/ros2_game_engine/share/ros2_game_engine/environment/path.sh
[2.482s] -- Installing: /home/parallels/CLionProjects/Homeworks/robotics_v1/install/ros2_game_engine/share/ros2_game_engine/environment/path.dsv
[2.482s] -- Installing: /home/parallels/CLionProjects/Homeworks/robotics_v1/install/ros2_game_engine/share/ros2_game_engine/local_setup.bash
[2.482s] -- Installing: /home/parallels/CLionProjects/Homeworks/robotics_v1/install/ros2_game_engine/share/ros2_game_engine/local_setup.sh
[2.483s] -- Installing: /home/parallels/CLionProjects/Homeworks/robotics_v1/install/ros2_game_engine/share/ros2_game_engine/local_setup.zsh
[2.483s] -- Installing: /home/parallels/CLionProjects/Homeworks/robotics_v1/install/ros2_game_engine/share/ros2_game_engine/local_setup.dsv
[2.483s] -- Installing: /home/parallels/CLionProjects/Homeworks/robotics_v1/install/ros2_game_engine/share/ros2_game_engine/package.dsv
[2.483s] -- Up-to-date: /home/parallels/CLionProjects/Homeworks/robotics_v1/install/ros2_game_engine/share/ament_index/resource_index/packages/ros2_game_engine
[2.483s] -- Installing: /home/parallels/CLionProjects/Homeworks/robotics_v1/install/ros2_game_engine/share/ros2_game_engine/cmake/ament_cmake_export_dependencies-extras.cmake
[2.483s] -- Installing: /home/parallels/CLionProjects/Homeworks/robotics_v1/install/ros2_game_engine/share/ros2_game_engine/cmake/ros2_game_engineConfig.cmake
[2.483s] -- Installing: /home/parallels/CLionProjects/Homeworks/robotics_v1/install/ros2_game_engine/share/ros2_game_engine/cmake/ros2_game_engineConfig-version.cmake
[2.483s] -- Up-to-date: /home/parallels/CLionProjects/Homeworks/robotics_v1/install/ros2_game_engine/share/ros2_game_engine/package.xml
[2.483s] -- Installing: /home/parallels/CLionProjects/Homeworks/robotics_v1/install/ros2_game_engine/lib/libros2_game_engine.a
[2.483s] -- Installing: /home/parallels/CLionProjects/Homeworks/robotics_v1/install/ros2_game_engine/include
[2.483s] -- Installing: /home/parallels/CLionProjects/Homeworks/robotics_v1/install/ros2_game_engine/include/ros2_game_engine
[2.483s] -- Installing: /home/parallels/CLionProjects/Homeworks/robotics_v1/install/ros2_game_engine/include/ros2_game_engine/communicator
[2.484s] -- Installing: /home/parallels/CLionProjects/Homeworks/robotics_v1/install/ros2_game_engine/include/ros2_game_engine/communicator/Ros2Communicator.h
[2.484s] -- Installing: /home/parallels/CLionProjects/Homeworks/robotics_v1/install/ros2_game_engine/include/ros2_game_engine/communicator/Ros2CommunicatorInterface.h
[2.484s] -- Installing: /home/parallels/CLionProjects/Homeworks/robotics_v1/install/ros2_game_engine/include/ros2_game_engine/communicator/config
[2.484s] -- Installing: /home/parallels/CLionProjects/Homeworks/robotics_v1/install/ros2_game_engine/include/ros2_game_engine/communicator/config/Ros2CommunicatorConfig.h
[2.484s] -- Installing: /home/parallels/CLionProjects/Homeworks/robotics_v1/install/ros2_game_engine/lib/cmake/ros2_game_engine/ros2_game_engineTargets.cmake
[2.484s] -- Installing: /home/parallels/CLionProjects/Homeworks/robotics_v1/install/ros2_game_engine/lib/cmake/ros2_game_engine/ros2_game_engineTargets-debug.cmake
[2.484s] -- Installing: /home/parallels/CLionProjects/Homeworks/robotics_v1/install/ros2_game_engine/lib/cmake/ros2_game_engine/ros2_game_engineConfig.cmake
[2.487s] Invoked command in '/home/parallels/CLionProjects/Homeworks/robotics_v1/build/ros2_game_engine' returned '0': CMAKE_PREFIX_PATH=/home/parallels/CLionProjects/Homeworks/robotics_v1/install/game_engine:/home/parallels/CLionProjects/Homeworks/robotics_v1/install/manager_utils:/home/parallels/CLionProjects/Homeworks/robotics_v1/install/sdl_utils:/home/parallels/CLionProjects/Homeworks/robotics_v1/install/resource_utils:/home/parallels/CLionProjects/Homeworks/robotics_v1/install/utils:/home/parallels/CLionProjects/Homeworks/robotics_v1/install/cmake_helpers:/opt/ros/foxy PKG_CONFIG_PATH=/home/parallels/CLionProjects/Homeworks/robotics_v1/install/game_engine/lib/aarch64-linux-gnu/pkgconfig:/home/parallels/CLionProjects/Homeworks/robotics_v1/install/game_engine/lib/pkgconfig:/home/parallels/CLionProjects/Homeworks/robotics_v1/install/manager_utils/lib/aarch64-linux-gnu/pkgconfig:/home/parallels/CLionProjects/Homeworks/robotics_v1/install/manager_utils/lib/pkgconfig:/home/parallels/CLionProjects/Homeworks/robotics_v1/install/sdl_utils/lib/aarch64-linux-gnu/pkgconfig:/home/parallels/CLionProjects/Homeworks/robotics_v1/install/sdl_utils/lib/pkgconfig:/home/parallels/CLionProjects/Homeworks/robotics_v1/install/resource_utils/lib/aarch64-linux-gnu/pkgconfig:/home/parallels/CLionProjects/Homeworks/robotics_v1/install/resource_utils/lib/pkgconfig:/home/parallels/CLionProjects/Homeworks/robotics_v1/install/utils/lib/aarch64-linux-gnu/pkgconfig:/home/parallels/CLionProjects/Homeworks/robotics_v1/install/utils/lib/pkgconfig:/home/parallels/CLionProjects/Homeworks/robotics_v1/install/cmake_helpers/lib/aarch64-linux-gnu/pkgconfig:/home/parallels/CLionProjects/Homeworks/robotics_v1/install/cmake_helpers/lib/pkgconfig /usr/bin/cmake --install /home/parallels/CLionProjects/Homeworks/robotics_v1/build/ros2_game_engine
