[0.019s] Invoking command in '/home/parallels/CLionProjects/Homeworks/robotics_v1/build/robo_collector_interfaces': CMAKE_PREFIX_PATH=/opt/ros/foxy /usr/bin/cmake /home/parallels/CLionProjects/Homeworks/robotics_v1/src/robo_collector/robo_collector_interfaces -DCMAKE_BUILD_TYPE=Debug -DCMAKE_CXX_COMPILER=/usr/bin/clang++ -DAMENT_CMAKE_SYMLINK_INSTALL=1 -DCMAKE_INSTALL_PREFIX=/home/parallels/CLionProjects/Homeworks/robotics_v1/install/robo_collector_interfaces
[0.071s] -- The C compiler identification is GNU 9.4.0
[0.140s] -- The CXX compiler identification is Clang 10.0.0
[0.144s] -- Check for working C compiler: /usr/bin/cc
[0.205s] -- Check for working C compiler: /usr/bin/cc -- works
[0.205s] -- Detecting C compiler ABI info
[0.271s] -- Detecting C compiler ABI info - done
[0.274s] -- Detecting C compile features
[0.274s] -- Detecting C compile features - done
[0.276s] -- Check for working CXX compiler: /usr/bin/clang++
[0.387s] -- Check for working CXX compiler: /usr/bin/clang++ -- works
[0.388s] -- Detecting CXX compiler ABI info
[0.485s] -- Detecting CXX compiler ABI info - done
[0.492s] -- Detecting CXX compile features
[0.492s] -- Detecting CXX compile features - done
[0.494s] -- Found ament_cmake: 0.9.9 (/opt/ros/foxy/share/ament_cmake/cmake)
[0.509s] -- Found PythonInterp: /usr/bin/python3 (found suitable version "3.8.10", minimum required is "3") 
[0.509s] -- Using PYTHON_EXECUTABLE: /usr/bin/python3
[0.595s] -- Override CMake install command with custom implementation using symlinks instead of copying resources
[0.612s] -- Found rosidl_default_generators: 1.0.1 (/opt/ros/foxy/share/rosidl_default_generators/cmake)
[0.613s] -- Using all available rosidl_typesupport_c: rosidl_typesupport_fastrtps_c;rosidl_typesupport_introspection_c
[0.618s] -- Found rosidl_adapter: 1.2.1 (/opt/ros/foxy/share/rosidl_adapter/cmake)
[0.699s] -- Found OpenSSL: /usr/lib/aarch64-linux-gnu/libcrypto.so (found version "1.1.1f")  
[0.727s] -- Found FastRTPS: /opt/ros/foxy/include  
[0.800s] -- Using all available rosidl_typesupport_cpp: rosidl_typesupport_fastrtps_cpp;rosidl_typesupport_introspection_cpp
[0.837s] -- Found PythonInterp: /usr/bin/python3 (found version "3.8.10") 
[0.908s] -- Found ament_cmake_ros: 0.9.2 (/opt/ros/foxy/share/ament_cmake_ros/cmake)
[0.990s] -- Using all available rosidl_typesupport_c: rosidl_typesupport_fastrtps_c;rosidl_typesupport_introspection_c
[0.997s] -- Using all available rosidl_typesupport_cpp: rosidl_typesupport_fastrtps_cpp;rosidl_typesupport_introspection_cpp
[1.012s] -- Found PythonInterp: /usr/bin/python3 (found suitable version "3.8.10", minimum required is "3.5") 
[1.013s] -- Found python_cmake_module: 0.8.1 (/opt/ros/foxy/share/python_cmake_module/cmake)
[1.037s] -- Found PythonLibs: /usr/lib/aarch64-linux-gnu/libpython3.8.so (found suitable version "3.8.10", minimum required is "3.5") 
[1.037s] -- Using PYTHON_EXECUTABLE: /usr/bin/python3
[1.037s] -- Using PYTHON_INCLUDE_DIRS: /usr/include/python3.8
[1.037s] -- Using PYTHON_LIBRARIES: /usr/lib/aarch64-linux-gnu/libpython3.8.so
[1.051s] -- Found PythonExtra: .so  
[1.086s] -- Configuring done
[1.108s] -- Generating done
[1.110s] -- Build files have been written to: /home/parallels/CLionProjects/Homeworks/robotics_v1/build/robo_collector_interfaces
[1.123s] Invoked command in '/home/parallels/CLionProjects/Homeworks/robotics_v1/build/robo_collector_interfaces' returned '0': CMAKE_PREFIX_PATH=/opt/ros/foxy /usr/bin/cmake /home/parallels/CLionProjects/Homeworks/robotics_v1/src/robo_collector/robo_collector_interfaces -DCMAKE_BUILD_TYPE=Debug -DCMAKE_CXX_COMPILER=/usr/bin/clang++ -DAMENT_CMAKE_SYMLINK_INSTALL=1 -DCMAKE_INSTALL_PREFIX=/home/parallels/CLionProjects/Homeworks/robotics_v1/install/robo_collector_interfaces
[1.123s] Invoking command in '/home/parallels/CLionProjects/Homeworks/robotics_v1/build/robo_collector_interfaces': CMAKE_PREFIX_PATH=/opt/ros/foxy /usr/bin/cmake --build /home/parallels/CLionProjects/Homeworks/robotics_v1/build/robo_collector_interfaces -- -j4 -l4
[1.185s] [35m[1mScanning dependencies of target robo_collector_interfaces__cpp[0m
[1.194s] [  2%] [34m[1mGenerating C++ code for ROS interfaces[0m
[1.223s] [  5%] [34m[1mGenerating C code for ROS interfaces[0m
[1.451s] [  5%] Built target robo_collector_interfaces__cpp
[1.471s] [  7%] [34m[1mGenerating C++ type support for eProsima Fast-RTPS[0m
[1.472s] [ 10%] [34m[1mGenerating C++ type support dispatch for ROS interfaces[0m
[1.593s] [35m[1mScanning dependencies of target robo_collector_interfaces__rosidl_generator_c[0m
[1.612s] [ 12%] [34m[1mGenerating C++ introspection for ROS interfaces[0m
[1.653s] [ 15%] [32mBuilding C object CMakeFiles/robo_collector_interfaces__rosidl_generator_c.dir/rosidl_generator_c/robo_collector_interfaces/msg/detail/robot_move_type__functions.c.o[0m
[1.732s] [ 17%] [32mBuilding C object CMakeFiles/robo_collector_interfaces__rosidl_generator_c.dir/rosidl_generator_c/robo_collector_interfaces/msg/detail/user_authenticate__functions.c.o[0m
[1.851s] [ 20%] [32m[1mLinking C shared library librobo_collector_interfaces__rosidl_generator_c.so[0m
[1.860s] [35m[1mScanning dependencies of target robo_collector_interfaces__rosidl_typesupport_cpp[0m
[1.921s] [ 23%] [32mBuilding CXX object CMakeFiles/robo_collector_interfaces__rosidl_typesupport_cpp.dir/rosidl_typesupport_cpp/robo_collector_interfaces/msg/robot_move_type__type_support.cpp.o[0m
[1.958s] [35m[1mScanning dependencies of target robo_collector_interfaces__rosidl_typesupport_fastrtps_cpp[0m
[1.969s] [ 23%] Built target robo_collector_interfaces__rosidl_generator_c
[2.015s] [ 25%] [32mBuilding CXX object CMakeFiles/robo_collector_interfaces__rosidl_typesupport_cpp.dir/rosidl_typesupport_cpp/robo_collector_interfaces/msg/user_authenticate__type_support.cpp.o[0m
[2.021s] [ 28%] [32mBuilding CXX object CMakeFiles/robo_collector_interfaces__rosidl_typesupport_fastrtps_cpp.dir/rosidl_typesupport_fastrtps_cpp/robo_collector_interfaces/msg/detail/dds_fastrtps/robot_move_type__type_support.cpp.o[0m
[2.223s] [35m[1mScanning dependencies of target robo_collector_interfaces__rosidl_typesupport_introspection_cpp[0m
[2.275s] [ 30%] [32mBuilding CXX object CMakeFiles/robo_collector_interfaces__rosidl_typesupport_fastrtps_cpp.dir/rosidl_typesupport_fastrtps_cpp/robo_collector_interfaces/msg/detail/dds_fastrtps/user_authenticate__type_support.cpp.o[0m
[2.291s] [ 33%] [32mBuilding CXX object CMakeFiles/robo_collector_interfaces__rosidl_typesupport_introspection_cpp.dir/rosidl_typesupport_introspection_cpp/robo_collector_interfaces/msg/detail/robot_move_type__type_support.cpp.o[0m
[2.581s] [ 35%] [32m[1mLinking CXX shared library librobo_collector_interfaces__rosidl_typesupport_cpp.so[0m
[2.671s] [ 38%] [32mBuilding CXX object CMakeFiles/robo_collector_interfaces__rosidl_typesupport_introspection_cpp.dir/rosidl_typesupport_introspection_cpp/robo_collector_interfaces/msg/detail/user_authenticate__type_support.cpp.o[0m
[2.712s] [ 41%] [34m[1mGenerating C introspection for ROS interfaces[0m
[2.747s] [ 41%] Built target robo_collector_interfaces__rosidl_typesupport_cpp
[2.787s] [ 43%] [34m[1mGenerating C type support dispatch for ROS interfaces[0m
[2.869s] [ 46%] [32m[1mLinking CXX shared library librobo_collector_interfaces__rosidl_typesupport_fastrtps_cpp.so[0m
[2.940s] [ 48%] [32m[1mLinking CXX shared library librobo_collector_interfaces__rosidl_typesupport_introspection_cpp.so[0m
[3.123s] [ 48%] Built target robo_collector_interfaces__rosidl_typesupport_introspection_cpp
[3.130s] [ 48%] Built target robo_collector_interfaces__rosidl_typesupport_fastrtps_cpp
[3.142s] [35m[1mScanning dependencies of target robo_collector_interfaces__rosidl_typesupport_introspection_c[0m
[3.174s] [ 51%] [34m[1mGenerating C type support for eProsima Fast-RTPS[0m
[3.177s] [ 53%] [32mBuilding C object CMakeFiles/robo_collector_interfaces__rosidl_typesupport_introspection_c.dir/rosidl_typesupport_introspection_c/robo_collector_interfaces/msg/detail/robot_move_type__type_support.c.o[0m
[3.192s] [35m[1mScanning dependencies of target robo_collector_interfaces__rosidl_typesupport_c[0m
[3.197s] [ 56%] [32mBuilding C object CMakeFiles/robo_collector_interfaces__rosidl_typesupport_introspection_c.dir/rosidl_typesupport_introspection_c/robo_collector_interfaces/msg/detail/user_authenticate__type_support.c.o[0m
[3.238s] [ 58%] [32mBuilding CXX object CMakeFiles/robo_collector_interfaces__rosidl_typesupport_c.dir/rosidl_typesupport_c/robo_collector_interfaces/msg/robot_move_type__type_support.cpp.o[0m
[3.244s] [ 61%] [32mBuilding CXX object CMakeFiles/robo_collector_interfaces__rosidl_typesupport_c.dir/rosidl_typesupport_c/robo_collector_interfaces/msg/user_authenticate__type_support.cpp.o[0m
[3.261s] [ 64%] [32m[1mLinking C shared library librobo_collector_interfaces__rosidl_typesupport_introspection_c.so[0m
[3.318s] [ 66%] [32m[1mLinking CXX shared library librobo_collector_interfaces__rosidl_typesupport_c.so[0m
[3.369s] [ 66%] Built target robo_collector_interfaces__rosidl_typesupport_introspection_c
[3.437s] [ 66%] Built target robo_collector_interfaces__rosidl_typesupport_c
[3.529s] [35m[1mScanning dependencies of target robo_collector_interfaces__rosidl_typesupport_fastrtps_c[0m
[3.579s] [ 69%] [32mBuilding CXX object CMakeFiles/robo_collector_interfaces__rosidl_typesupport_fastrtps_c.dir/rosidl_typesupport_fastrtps_c/robo_collector_interfaces/msg/detail/robot_move_type__type_support_c.cpp.o[0m
[3.586s] [ 71%] [32mBuilding CXX object CMakeFiles/robo_collector_interfaces__rosidl_typesupport_fastrtps_c.dir/rosidl_typesupport_fastrtps_c/robo_collector_interfaces/msg/detail/user_authenticate__type_support_c.cpp.o[0m
[3.974s] [ 74%] [32m[1mLinking CXX shared library librobo_collector_interfaces__rosidl_typesupport_fastrtps_c.so[0m
[4.203s] [ 74%] Built target robo_collector_interfaces__rosidl_typesupport_fastrtps_c
[4.217s] [35m[1mScanning dependencies of target robo_collector_interfaces[0m
[4.263s] [ 74%] Built target robo_collector_interfaces
[4.297s] [35m[1mScanning dependencies of target robo_collector_interfaces__py[0m
[4.326s] [ 76%] [34m[1mGenerating Python code for ROS interfaces[0m
[4.918s] [ 76%] Built target robo_collector_interfaces__py
[4.937s] [35m[1mScanning dependencies of target robo_collector_interfaces__python[0m
[4.988s] [ 79%] [32mBuilding C object CMakeFiles/robo_collector_interfaces__python.dir/rosidl_generator_py/robo_collector_interfaces/msg/_robot_move_type_s.c.o[0m
[4.995s] [ 82%] [32mBuilding C object CMakeFiles/robo_collector_interfaces__python.dir/rosidl_generator_py/robo_collector_interfaces/msg/_user_authenticate_s.c.o[0m
[5.124s] [ 84%] [32m[1mLinking C shared library rosidl_generator_py/robo_collector_interfaces/librobo_collector_interfaces__python.so[0m
[5.210s] [ 84%] Built target robo_collector_interfaces__python
[5.225s] [35m[1mScanning dependencies of target robo_collector_interfaces__rosidl_typesupport_c__pyext[0m
[5.235s] [35m[1mScanning dependencies of target robo_collector_interfaces__rosidl_typesupport_fastrtps_c__pyext[0m
[5.244s] [ 87%] [32mBuilding C object CMakeFiles/robo_collector_interfaces__rosidl_typesupport_c__pyext.dir/rosidl_generator_py/robo_collector_interfaces/_robo_collector_interfaces_s.ep.rosidl_typesupport_c.c.o[0m
[5.246s] [35m[1mScanning dependencies of target robo_collector_interfaces__rosidl_typesupport_introspection_c__pyext[0m
[5.288s] [ 89%] [32mBuilding C object CMakeFiles/robo_collector_interfaces__rosidl_typesupport_introspection_c__pyext.dir/rosidl_generator_py/robo_collector_interfaces/_robo_collector_interfaces_s.ep.rosidl_typesupport_introspection_c.c.o[0m
[5.294s] [ 92%] [32mBuilding C object CMakeFiles/robo_collector_interfaces__rosidl_typesupport_fastrtps_c__pyext.dir/rosidl_generator_py/robo_collector_interfaces/_robo_collector_interfaces_s.ep.rosidl_typesupport_fastrtps_c.c.o[0m
[5.359s] [ 94%] [32m[1mLinking C shared library rosidl_generator_py/robo_collector_interfaces/robo_collector_interfaces_s__rosidl_typesupport_c.cpython-38-aarch64-linux-gnu.so[0m
[5.392s] [ 97%] [32m[1mLinking C shared library rosidl_generator_py/robo_collector_interfaces/robo_collector_interfaces_s__rosidl_typesupport_introspection_c.cpython-38-aarch64-linux-gnu.so[0m
[5.424s] [100%] [32m[1mLinking CXX shared library rosidl_generator_py/robo_collector_interfaces/robo_collector_interfaces_s__rosidl_typesupport_fastrtps_c.cpython-38-aarch64-linux-gnu.so[0m
[5.445s] [100%] Built target robo_collector_interfaces__rosidl_typesupport_c__pyext
[5.446s] [100%] Built target robo_collector_interfaces__rosidl_typesupport_introspection_c__pyext
[5.537s] [100%] Built target robo_collector_interfaces__rosidl_typesupport_fastrtps_c__pyext
[5.547s] Invoked command in '/home/parallels/CLionProjects/Homeworks/robotics_v1/build/robo_collector_interfaces' returned '0': CMAKE_PREFIX_PATH=/opt/ros/foxy /usr/bin/cmake --build /home/parallels/CLionProjects/Homeworks/robotics_v1/build/robo_collector_interfaces -- -j4 -l4
[5.627s] Invoking command in '/home/parallels/CLionProjects/Homeworks/robotics_v1/build/robo_collector_interfaces': CMAKE_PREFIX_PATH=/opt/ros/foxy /usr/bin/cmake --install /home/parallels/CLionProjects/Homeworks/robotics_v1/build/robo_collector_interfaces
[5.643s] -- Install configuration: "Debug"
[5.643s] -- Execute custom install script
[5.644s] -- Symlinking: /home/parallels/CLionProjects/Homeworks/robotics_v1/install/robo_collector_interfaces/share/ament_index/resource_index/rosidl_interfaces/robo_collector_interfaces
[5.658s] -- Symlinking: /home/parallels/CLionProjects/Homeworks/robotics_v1/install/robo_collector_interfaces/include/robo_collector_interfaces/msg/detail/robot_move_type__functions.h
[5.670s] -- Symlinking: /home/parallels/CLionProjects/Homeworks/robotics_v1/install/robo_collector_interfaces/include/robo_collector_interfaces/msg/detail/robot_move_type__struct.h
[5.684s] -- Symlinking: /home/parallels/CLionProjects/Homeworks/robotics_v1/install/robo_collector_interfaces/include/robo_collector_interfaces/msg/detail/robot_move_type__type_support.h
[5.698s] -- Symlinking: /home/parallels/CLionProjects/Homeworks/robotics_v1/install/robo_collector_interfaces/include/robo_collector_interfaces/msg/detail/user_authenticate__functions.h
[5.713s] -- Symlinking: /home/parallels/CLionProjects/Homeworks/robotics_v1/install/robo_collector_interfaces/include/robo_collector_interfaces/msg/detail/user_authenticate__struct.h
[5.738s] -- Symlinking: /home/parallels/CLionProjects/Homeworks/robotics_v1/install/robo_collector_interfaces/include/robo_collector_interfaces/msg/detail/user_authenticate__type_support.h
[5.751s] -- Symlinking: /home/parallels/CLionProjects/Homeworks/robotics_v1/install/robo_collector_interfaces/include/robo_collector_interfaces/msg/robot_move_type.h
[5.767s] -- Symlinking: /home/parallels/CLionProjects/Homeworks/robotics_v1/install/robo_collector_interfaces/include/robo_collector_interfaces/msg/rosidl_generator_c__visibility_control.h
[5.775s] -- Symlinking: /home/parallels/CLionProjects/Homeworks/robotics_v1/install/robo_collector_interfaces/include/robo_collector_interfaces/msg/user_authenticate.h
[5.783s] -- Symlinking: /home/parallels/CLionProjects/Homeworks/robotics_v1/install/robo_collector_interfaces/share/robo_collector_interfaces/environment/library_path.sh
[5.790s] -- Symlinking: /home/parallels/CLionProjects/Homeworks/robotics_v1/install/robo_collector_interfaces/share/robo_collector_interfaces/environment/library_path.dsv
[5.798s] -- Symlinking: /home/parallels/CLionProjects/Homeworks/robotics_v1/install/robo_collector_interfaces/include/robo_collector_interfaces/msg/detail/robot_move_type__rosidl_typesupport_fastrtps_c.h
[5.812s] -- Symlinking: /home/parallels/CLionProjects/Homeworks/robotics_v1/install/robo_collector_interfaces/include/robo_collector_interfaces/msg/detail/user_authenticate__rosidl_typesupport_fastrtps_c.h
[5.833s] -- Symlinking: /home/parallels/CLionProjects/Homeworks/robotics_v1/install/robo_collector_interfaces/include/robo_collector_interfaces/msg/rosidl_typesupport_fastrtps_c__visibility_control.h
[5.850s] -- Symlinking: /home/parallels/CLionProjects/Homeworks/robotics_v1/install/robo_collector_interfaces/lib/librobo_collector_interfaces__rosidl_typesupport_fastrtps_c.so
[5.871s] -- Symlinking: /home/parallels/CLionProjects/Homeworks/robotics_v1/install/robo_collector_interfaces/include/robo_collector_interfaces/msg/detail/robot_move_type__rosidl_typesupport_fastrtps_cpp.hpp
[5.893s] -- Symlinking: /home/parallels/CLionProjects/Homeworks/robotics_v1/install/robo_collector_interfaces/include/robo_collector_interfaces/msg/detail/user_authenticate__rosidl_typesupport_fastrtps_cpp.hpp
[5.914s] -- Symlinking: /home/parallels/CLionProjects/Homeworks/robotics_v1/install/robo_collector_interfaces/include/robo_collector_interfaces/msg/rosidl_typesupport_fastrtps_cpp__visibility_control.h
[5.936s] -- Symlinking: /home/parallels/CLionProjects/Homeworks/robotics_v1/install/robo_collector_interfaces/lib/librobo_collector_interfaces__rosidl_typesupport_fastrtps_cpp.so
[5.948s] -- Symlinking: /home/parallels/CLionProjects/Homeworks/robotics_v1/install/robo_collector_interfaces/include/robo_collector_interfaces/msg/detail/robot_move_type__rosidl_typesupport_introspection_c.h
[5.959s] -- Symlinking: /home/parallels/CLionProjects/Homeworks/robotics_v1/install/robo_collector_interfaces/include/robo_collector_interfaces/msg/detail/user_authenticate__rosidl_typesupport_introspection_c.h
[5.983s] -- Symlinking: /home/parallels/CLionProjects/Homeworks/robotics_v1/install/robo_collector_interfaces/include/robo_collector_interfaces/msg/rosidl_typesupport_introspection_c__visibility_control.h
[6.005s] -- Symlinking: /home/parallels/CLionProjects/Homeworks/robotics_v1/install/robo_collector_interfaces/include/robo_collector_interfaces/msg/detail/robot_move_type__builder.hpp
[6.027s] -- Symlinking: /home/parallels/CLionProjects/Homeworks/robotics_v1/install/robo_collector_interfaces/include/robo_collector_interfaces/msg/detail/robot_move_type__struct.hpp
[6.057s] -- Symlinking: /home/parallels/CLionProjects/Homeworks/robotics_v1/install/robo_collector_interfaces/include/robo_collector_interfaces/msg/detail/robot_move_type__traits.hpp
[6.065s] -- Symlinking: /home/parallels/CLionProjects/Homeworks/robotics_v1/install/robo_collector_interfaces/include/robo_collector_interfaces/msg/detail/user_authenticate__builder.hpp
[6.072s] -- Symlinking: /home/parallels/CLionProjects/Homeworks/robotics_v1/install/robo_collector_interfaces/include/robo_collector_interfaces/msg/detail/user_authenticate__struct.hpp
[6.084s] -- Symlinking: /home/parallels/CLionProjects/Homeworks/robotics_v1/install/robo_collector_interfaces/include/robo_collector_interfaces/msg/detail/user_authenticate__traits.hpp
[6.106s] -- Symlinking: /home/parallels/CLionProjects/Homeworks/robotics_v1/install/robo_collector_interfaces/include/robo_collector_interfaces/msg/robot_move_type.hpp
[6.118s] -- Symlinking: /home/parallels/CLionProjects/Homeworks/robotics_v1/install/robo_collector_interfaces/include/robo_collector_interfaces/msg/user_authenticate.hpp
[6.126s] -- Symlinking: /home/parallels/CLionProjects/Homeworks/robotics_v1/install/robo_collector_interfaces/include/robo_collector_interfaces/msg/detail/robot_move_type__rosidl_typesupport_introspection_cpp.hpp
[6.148s] -- Symlinking: /home/parallels/CLionProjects/Homeworks/robotics_v1/install/robo_collector_interfaces/include/robo_collector_interfaces/msg/detail/user_authenticate__rosidl_typesupport_introspection_cpp.hpp
[6.169s] -- Symlinking: /home/parallels/CLionProjects/Homeworks/robotics_v1/install/robo_collector_interfaces/share/robo_collector_interfaces/environment/pythonpath.sh
[6.190s] -- Symlinking: /home/parallels/CLionProjects/Homeworks/robotics_v1/install/robo_collector_interfaces/share/robo_collector_interfaces/environment/pythonpath.dsv
[6.212s] -- Symlinking: /home/parallels/CLionProjects/Homeworks/robotics_v1/install/robo_collector_interfaces/lib/python3.8/site-packages/robo_collector_interfaces/__init__.py
[6.236s] -- Symlinking: /home/parallels/CLionProjects/Homeworks/robotics_v1/install/robo_collector_interfaces/lib/python3.8/site-packages/robo_collector_interfaces/msg/__init__.py
[6.257s] -- Symlinking: /home/parallels/CLionProjects/Homeworks/robotics_v1/install/robo_collector_interfaces/lib/python3.8/site-packages/robo_collector_interfaces/msg/_robot_move_type.py
[6.267s] -- Symlinking: /home/parallels/CLionProjects/Homeworks/robotics_v1/install/robo_collector_interfaces/lib/python3.8/site-packages/robo_collector_interfaces/msg/_user_authenticate.py
[6.290s] -- Symlinking: /home/parallels/CLionProjects/Homeworks/robotics_v1/install/robo_collector_interfaces/lib/python3.8/site-packages/robo_collector_interfaces/robo_collector_interfaces_s__rosidl_typesupport_fastrtps_c.cpython-38-aarch64-linux-gnu.so
[6.300s] -- Symlinking: /home/parallels/CLionProjects/Homeworks/robotics_v1/install/robo_collector_interfaces/lib/python3.8/site-packages/robo_collector_interfaces/robo_collector_interfaces_s__rosidl_typesupport_introspection_c.cpython-38-aarch64-linux-gnu.so
[6.318s] -- Symlinking: /home/parallels/CLionProjects/Homeworks/robotics_v1/install/robo_collector_interfaces/lib/python3.8/site-packages/robo_collector_interfaces/robo_collector_interfaces_s__rosidl_typesupport_c.cpython-38-aarch64-linux-gnu.so
[6.325s] -- Symlinking: /home/parallels/CLionProjects/Homeworks/robotics_v1/install/robo_collector_interfaces/lib/librobo_collector_interfaces__python.so
[6.333s] -- Symlinking: /home/parallels/CLionProjects/Homeworks/robotics_v1/install/robo_collector_interfaces/share/robo_collector_interfaces/msg/RobotMoveType.idl
[6.342s] -- Symlinking: /home/parallels/CLionProjects/Homeworks/robotics_v1/install/robo_collector_interfaces/share/robo_collector_interfaces/msg/UserAuthenticate.idl
[6.364s] -- Symlinking: /home/parallels/CLionProjects/Homeworks/robotics_v1/install/robo_collector_interfaces/share/robo_collector_interfaces/msg/RobotMoveType.msg
[6.385s] -- Symlinking: /home/parallels/CLionProjects/Homeworks/robotics_v1/install/robo_collector_interfaces/share/robo_collector_interfaces/msg/UserAuthenticate.msg
[6.393s] -- Symlinking: /home/parallels/CLionProjects/Homeworks/robotics_v1/install/robo_collector_interfaces/share/ament_index/resource_index/package_run_dependencies/robo_collector_interfaces
[6.403s] -- Symlinking: /home/parallels/CLionProjects/Homeworks/robotics_v1/install/robo_collector_interfaces/share/ament_index/resource_index/parent_prefix_path/robo_collector_interfaces
[6.411s] -- Symlinking: /home/parallels/CLionProjects/Homeworks/robotics_v1/install/robo_collector_interfaces/share/robo_collector_interfaces/environment/ament_prefix_path.sh
[6.418s] -- Symlinking: /home/parallels/CLionProjects/Homeworks/robotics_v1/install/robo_collector_interfaces/share/robo_collector_interfaces/environment/ament_prefix_path.dsv
[6.426s] -- Symlinking: /home/parallels/CLionProjects/Homeworks/robotics_v1/install/robo_collector_interfaces/share/robo_collector_interfaces/environment/path.sh
[6.452s] -- Symlinking: /home/parallels/CLionProjects/Homeworks/robotics_v1/install/robo_collector_interfaces/share/robo_collector_interfaces/environment/path.dsv
[6.468s] -- Symlinking: /home/parallels/CLionProjects/Homeworks/robotics_v1/install/robo_collector_interfaces/share/robo_collector_interfaces/local_setup.bash
[6.503s] -- Symlinking: /home/parallels/CLionProjects/Homeworks/robotics_v1/install/robo_collector_interfaces/share/robo_collector_interfaces/local_setup.sh
[6.528s] -- Symlinking: /home/parallels/CLionProjects/Homeworks/robotics_v1/install/robo_collector_interfaces/share/robo_collector_interfaces/local_setup.zsh
[6.551s] -- Symlinking: /home/parallels/CLionProjects/Homeworks/robotics_v1/install/robo_collector_interfaces/share/robo_collector_interfaces/local_setup.dsv
[6.575s] -- Symlinking: /home/parallels/CLionProjects/Homeworks/robotics_v1/install/robo_collector_interfaces/share/robo_collector_interfaces/package.dsv
[6.599s] -- Symlinking: /home/parallels/CLionProjects/Homeworks/robotics_v1/install/robo_collector_interfaces/share/ament_index/resource_index/packages/robo_collector_interfaces
[6.628s] -- Symlinking: /home/parallels/CLionProjects/Homeworks/robotics_v1/install/robo_collector_interfaces/share/robo_collector_interfaces/cmake/rosidl_cmake-extras.cmake
[6.651s] -- Symlinking: /home/parallels/CLionProjects/Homeworks/robotics_v1/install/robo_collector_interfaces/share/robo_collector_interfaces/cmake/ament_cmake_export_dependencies-extras.cmake
[6.675s] -- Symlinking: /home/parallels/CLionProjects/Homeworks/robotics_v1/install/robo_collector_interfaces/share/robo_collector_interfaces/cmake/ament_cmake_export_libraries-extras.cmake
[6.695s] -- Symlinking: /home/parallels/CLionProjects/Homeworks/robotics_v1/install/robo_collector_interfaces/share/robo_collector_interfaces/cmake/ament_cmake_export_targets-extras.cmake
[6.718s] -- Symlinking: /home/parallels/CLionProjects/Homeworks/robotics_v1/install/robo_collector_interfaces/share/robo_collector_interfaces/cmake/ament_cmake_export_include_directories-extras.cmake
[6.745s] -- Symlinking: /home/parallels/CLionProjects/Homeworks/robotics_v1/install/robo_collector_interfaces/share/robo_collector_interfaces/cmake/rosidl_cmake_export_typesupport_libraries-extras.cmake
[6.755s] -- Symlinking: /home/parallels/CLionProjects/Homeworks/robotics_v1/install/robo_collector_interfaces/share/robo_collector_interfaces/cmake/rosidl_cmake_export_typesupport_targets-extras.cmake
[6.785s] -- Symlinking: /home/parallels/CLionProjects/Homeworks/robotics_v1/install/robo_collector_interfaces/share/robo_collector_interfaces/cmake/robo_collector_interfacesConfig.cmake
[6.806s] -- Symlinking: /home/parallels/CLionProjects/Homeworks/robotics_v1/install/robo_collector_interfaces/share/robo_collector_interfaces/cmake/robo_collector_interfacesConfig-version.cmake
[6.827s] -- Symlinking: /home/parallels/CLionProjects/Homeworks/robotics_v1/install/robo_collector_interfaces/share/robo_collector_interfaces/package.xml
[6.853s] -- Installing: /home/parallels/CLionProjects/Homeworks/robotics_v1/install/robo_collector_interfaces/lib/librobo_collector_interfaces__rosidl_generator_c.so
[6.853s] -- Set runtime path of "/home/parallels/CLionProjects/Homeworks/robotics_v1/install/robo_collector_interfaces/lib/librobo_collector_interfaces__rosidl_generator_c.so" to ""
[6.853s] -- Installing: /home/parallels/CLionProjects/Homeworks/robotics_v1/install/robo_collector_interfaces/lib/librobo_collector_interfaces__rosidl_typesupport_introspection_c.so
[6.853s] -- Set runtime path of "/home/parallels/CLionProjects/Homeworks/robotics_v1/install/robo_collector_interfaces/lib/librobo_collector_interfaces__rosidl_typesupport_introspection_c.so" to ""
[6.854s] -- Installing: /home/parallels/CLionProjects/Homeworks/robotics_v1/install/robo_collector_interfaces/lib/librobo_collector_interfaces__rosidl_typesupport_c.so
[6.854s] -- Set runtime path of "/home/parallels/CLionProjects/Homeworks/robotics_v1/install/robo_collector_interfaces/lib/librobo_collector_interfaces__rosidl_typesupport_c.so" to ""
[6.854s] -- Installing: /home/parallels/CLionProjects/Homeworks/robotics_v1/install/robo_collector_interfaces/lib/librobo_collector_interfaces__rosidl_typesupport_introspection_cpp.so
[6.854s] -- Set runtime path of "/home/parallels/CLionProjects/Homeworks/robotics_v1/install/robo_collector_interfaces/lib/librobo_collector_interfaces__rosidl_typesupport_introspection_cpp.so" to ""
[6.854s] -- Installing: /home/parallels/CLionProjects/Homeworks/robotics_v1/install/robo_collector_interfaces/lib/librobo_collector_interfaces__rosidl_typesupport_cpp.so
[6.854s] -- Set runtime path of "/home/parallels/CLionProjects/Homeworks/robotics_v1/install/robo_collector_interfaces/lib/librobo_collector_interfaces__rosidl_typesupport_cpp.so" to ""
[6.883s] Compiling '/home/parallels/CLionProjects/Homeworks/robotics_v1/install/robo_collector_interfaces/lib/python3.8/site-packages/robo_collector_interfaces/__init__.py'...
[6.885s] -- Installing: /home/parallels/CLionProjects/Homeworks/robotics_v1/install/robo_collector_interfaces/share/robo_collector_interfaces/cmake/robo_collector_interfaces__rosidl_generator_cExport.cmake
[6.886s] -- Installing: /home/parallels/CLionProjects/Homeworks/robotics_v1/install/robo_collector_interfaces/share/robo_collector_interfaces/cmake/robo_collector_interfaces__rosidl_generator_cExport-debug.cmake
[6.886s] -- Installing: /home/parallels/CLionProjects/Homeworks/robotics_v1/install/robo_collector_interfaces/share/robo_collector_interfaces/cmake/robo_collector_interfaces__rosidl_typesupport_introspection_cExport.cmake
[6.886s] -- Installing: /home/parallels/CLionProjects/Homeworks/robotics_v1/install/robo_collector_interfaces/share/robo_collector_interfaces/cmake/robo_collector_interfaces__rosidl_typesupport_introspection_cExport-debug.cmake
[6.886s] -- Installing: /home/parallels/CLionProjects/Homeworks/robotics_v1/install/robo_collector_interfaces/share/robo_collector_interfaces/cmake/robo_collector_interfaces__rosidl_typesupport_cExport.cmake
[6.886s] -- Installing: /home/parallels/CLionProjects/Homeworks/robotics_v1/install/robo_collector_interfaces/share/robo_collector_interfaces/cmake/robo_collector_interfaces__rosidl_typesupport_cExport-debug.cmake
[6.886s] -- Installing: /home/parallels/CLionProjects/Homeworks/robotics_v1/install/robo_collector_interfaces/share/robo_collector_interfaces/cmake/robo_collector_interfaces__rosidl_generator_cppExport.cmake
[6.886s] -- Installing: /home/parallels/CLionProjects/Homeworks/robotics_v1/install/robo_collector_interfaces/share/robo_collector_interfaces/cmake/robo_collector_interfaces__rosidl_typesupport_introspection_cppExport.cmake
[6.886s] -- Installing: /home/parallels/CLionProjects/Homeworks/robotics_v1/install/robo_collector_interfaces/share/robo_collector_interfaces/cmake/robo_collector_interfaces__rosidl_typesupport_introspection_cppExport-debug.cmake
[6.887s] -- Installing: /home/parallels/CLionProjects/Homeworks/robotics_v1/install/robo_collector_interfaces/share/robo_collector_interfaces/cmake/robo_collector_interfaces__rosidl_typesupport_cppExport.cmake
[6.887s] -- Installing: /home/parallels/CLionProjects/Homeworks/robotics_v1/install/robo_collector_interfaces/share/robo_collector_interfaces/cmake/robo_collector_interfaces__rosidl_typesupport_cppExport-debug.cmake
[6.889s] Invoked command in '/home/parallels/CLionProjects/Homeworks/robotics_v1/build/robo_collector_interfaces' returned '0': CMAKE_PREFIX_PATH=/opt/ros/foxy /usr/bin/cmake --install /home/parallels/CLionProjects/Homeworks/robotics_v1/build/robo_collector_interfaces
