[0.000000] (-) TimerEvent: {}
[0.000085] (-) JobUnselected: {'identifier': 'game_engine'}
[0.000100] (-) JobUnselected: {'identifier': 'manager_utils'}
[0.000114] (-) JobUnselected: {'identifier': 'robo_cleaner_common'}
[0.000122] (-) JobUnselected: {'identifier': 'robo_cleaner_gui'}
[0.000131] (-) JobUnselected: {'identifier': 'robo_cleaner_interfaces'}
[0.000139] (-) JobUnselected: {'identifier': 'robo_collector_common'}
[0.000147] (-) JobUnselected: {'identifier': 'robo_collector_controller'}
[0.000155] (-) JobUnselected: {'identifier': 'robo_collector_gui'}
[0.000169] (-) JobUnselected: {'identifier': 'robo_collector_interfaces'}
[0.000192] (-) JobUnselected: {'identifier': 'robo_common'}
[0.000200] (-) JobUnselected: {'identifier': 'robo_miner_common'}
[0.000208] (-) JobUnselected: {'identifier': 'robo_miner_gui'}
[0.000222] (-) JobUnselected: {'identifier': 'robo_miner_interfaces'}
[0.000234] (-) JobUnselected: {'identifier': 'ros2_game_engine'}
[0.000242] (-) JobUnselected: {'identifier': 'sdl_utils'}
[0.000250] (-) JobUnselected: {'identifier': 'ur_bringup'}
[0.000261] (-) JobUnselected: {'identifier': 'ur_client_library'}
[0.000274] (-) JobUnselected: {'identifier': 'ur_control_gui'}
[0.000286] (-) JobUnselected: {'identifier': 'ur_controllers'}
[0.000298] (-) JobUnselected: {'identifier': 'ur_dashboard_msgs'}
[0.000307] (-) JobUnselected: {'identifier': 'ur_description'}
[0.000314] (-) JobUnselected: {'identifier': 'ur_moveit_config'}
[0.000322] (-) JobUnselected: {'identifier': 'ur_robot_driver'}
[0.000334] (-) JobUnselected: {'identifier': 'urscript_bridge'}
[0.000342] (-) JobUnselected: {'identifier': 'urscript_common'}
[0.000350] (-) JobUnselected: {'identifier': 'urscript_interfaces'}
[0.000359] (cmake_helpers) JobQueued: {'identifier': 'cmake_helpers', 'dependencies': OrderedDict()}
[0.000376] (utils) JobQueued: {'identifier': 'utils', 'dependencies': OrderedDict([('cmake_helpers', '/home/parallels/CLionProjects/Homeworks/robotics_v1/install/cmake_helpers')])}
[0.000398] (resource_utils) JobQueued: {'identifier': 'resource_utils', 'dependencies': OrderedDict([('cmake_helpers', '/home/parallels/CLionProjects/Homeworks/robotics_v1/install/cmake_helpers'), ('utils', '/home/parallels/CLionProjects/Homeworks/robotics_v1/install/utils')])}
[0.000415] (resource_builder) JobQueued: {'identifier': 'resource_builder', 'dependencies': OrderedDict([('cmake_helpers', '/home/parallels/CLionProjects/Homeworks/robotics_v1/install/cmake_helpers'), ('utils', '/home/parallels/CLionProjects/Homeworks/robotics_v1/install/utils'), ('resource_utils', '/home/parallels/CLionProjects/Homeworks/robotics_v1/install/resource_utils')])}
[0.001179] (cmake_helpers) JobStarted: {'identifier': 'cmake_helpers'}
[0.007263] (cmake_helpers) JobProgress: {'identifier': 'cmake_helpers', 'progress': 'cmake'}
[0.007545] (cmake_helpers) Command: {'cmd': ['/usr/bin/cmake', '/home/parallels/CLionProjects/Homeworks/robotics_v1/src/lib/cmake_helpers', '-DCMAKE_BUILD_TYPE=Debug', '-DCMAKE_CXX_COMPILER=/usr/bin/clang++', '-DCMAKE_INSTALL_PREFIX=/home/parallels/CLionProjects/Homeworks/robotics_v1/install/cmake_helpers'], 'cwd': '/home/parallels/CLionProjects/Homeworks/robotics_v1/build/cmake_helpers', 'env': OrderedDict([('GJS_DEBUG_TOPICS', 'JS ERROR;JS LOG'), ('USER', 'parallels'), ('SSH_AGENT_PID', '1714'), ('XDG_SESSION_TYPE', 'x11'), ('SHLVL', '1'), ('LD_LIBRARY_PATH', '/opt/ros/foxy/opt/yaml_cpp_vendor/lib:/opt/ros/foxy/opt/rviz_ogre_vendor/lib:/opt/ros/foxy/lib/aarch64-linux-gnu:/opt/ros/foxy/lib'), ('HOME', '/home/parallels'), ('OLDPWD', '/home/parallels/CLionProjects/Homeworks'), ('DESKTOP_SESSION', 'ubuntu'), ('LSCOLORS', 'BhBadxdxCxegedabagacad'), ('GTK_MODULES', 'gail:atk-bridge'), ('GNOME_SHELL_SESSION_MODE', 'ubuntu'), ('ROS_PYTHON_VERSION', '3'), ('MANAGERPID', '944'), ('LC_CTYPE', 'C.UTF-8'), ('DBUS_SESSION_BUS_ADDRESS', 'unix:path=/run/user/1000/bus'), ('COLORTERM', 'truecolor'), ('IM_CONFIG_PHASE', '1'), ('ROS_DISTRO', 'foxy'), ('LOGNAME', 'parallels'), ('_', '/usr/bin/colcon'), ('JOURNAL_STREAM', '8:31344'), ('XDG_SESSION_CLASS', 'user'), ('ROS_VERSION', '2'), ('USERNAME', 'parallels'), ('TERM', 'xterm-256color'), ('GNOME_DESKTOP_SESSION_ID', 'this-is-deprecated'), ('ROS_LOCALHOST_ONLY', '0'), ('WINDOWPATH', '2'), ('PATH', '/opt/ros/foxy/bin:/opt/homebrew/opt/llvm/bin:/usr/local/sbin:/usr/local/bin:/usr/sbin:/usr/bin:/sbin:/bin:/usr/games:/usr/local/games:/snap/bin'), ('SESSION_MANAGER', 'local/ubuntu-linux-20-04-desktop:@/tmp/.ICE-unix/1781,unix/ubuntu-linux-20-04-desktop:/tmp/.ICE-unix/1781'), ('INVOCATION_ID', '2fabd59938d244af9f73de0d909bb3e9'), ('GNOME_TERMINAL_SCREEN', '/org/gnome/Terminal/screen/031c6917_caa3_4717_9f19_7580187d6ee6'), ('XDG_MENU_PREFIX', 'gnome-'), ('XDG_RUNTIME_DIR', '/run/user/1000'), ('DISPLAY', ':0'), ('XDG_CURRENT_DESKTOP', 'ubuntu:GNOME'), ('LANG', 'en__US.UTF-8'), ('XDG_SESSION_DESKTOP', 'ubuntu'), ('GNOME_TERMINAL_SERVICE', ':1.79'), ('XMODIFIERS', '@im=ibus'), ('XAUTHORITY', '/run/user/1000/gdm/Xauthority'), ('SSH_AUTH_SOCK', '/run/user/1000/keyring/ssh'), ('AMENT_PREFIX_PATH', '/opt/ros/foxy'), ('SHELL', '/usr/bin/zsh'), ('QT_ACCESSIBILITY', '1'), ('GDMSESSION', 'ubuntu'), ('GPG_AGENT_INFO', '/run/user/1000/gnupg/S.gpg-agent:0:1'), ('GJS_DEBUG_OUTPUT', 'stderr'), ('QT_IM_MODULE', 'ibus'), ('PWD', '/home/parallels/CLionProjects/Homeworks/robotics_v1/build/cmake_helpers'), ('CLICOLOR', '1'), ('XDG_CONFIG_DIRS', '/etc/xdg/xdg-ubuntu:/etc/xdg'), ('XDG_DATA_DIRS', '/usr/share/ubuntu:/usr/local/share/:/usr/share/:/var/lib/snapd/desktop'), ('PYTHONPATH', '/opt/ros/foxy/lib/python3.8/site-packages'), ('COLCON', '1'), ('VTE_VERSION', '6003'), ('CMAKE_PREFIX_PATH', '/opt/ros/foxy')]), 'shell': False}
[0.096362] (cmake_helpers) StdoutLine: {'line': b'-- The C compiler identification is GNU 9.4.0\n'}
[0.100404] (-) TimerEvent: {}
[0.184737] (cmake_helpers) StdoutLine: {'line': b'-- The CXX compiler identification is Clang 10.0.0\n'}
[0.189231] (cmake_helpers) StdoutLine: {'line': b'-- Check for working C compiler: /usr/bin/cc\n'}
[0.200944] (-) TimerEvent: {}
[0.240478] (cmake_helpers) StdoutLine: {'line': b'-- Check for working C compiler: /usr/bin/cc -- works\n'}
[0.241063] (cmake_helpers) StdoutLine: {'line': b'-- Detecting C compiler ABI info\n'}
[0.291485] (cmake_helpers) StdoutLine: {'line': b'-- Detecting C compiler ABI info - done\n'}
[0.298152] (cmake_helpers) StdoutLine: {'line': b'-- Detecting C compile features\n'}
[0.298379] (cmake_helpers) StdoutLine: {'line': b'-- Detecting C compile features - done\n'}
[0.300226] (cmake_helpers) StdoutLine: {'line': b'-- Check for working CXX compiler: /usr/bin/clang++\n'}
[0.301048] (-) TimerEvent: {}
[0.384341] (cmake_helpers) StdoutLine: {'line': b'-- Check for working CXX compiler: /usr/bin/clang++ -- works\n'}
[0.385147] (cmake_helpers) StdoutLine: {'line': b'-- Detecting CXX compiler ABI info\n'}
[0.401673] (-) TimerEvent: {}
[0.466902] (cmake_helpers) StdoutLine: {'line': b'-- Detecting CXX compiler ABI info - done\n'}
[0.473061] (cmake_helpers) StdoutLine: {'line': b'-- Detecting CXX compile features\n'}
[0.473378] (cmake_helpers) StdoutLine: {'line': b'-- Detecting CXX compile features - done\n'}
[0.483658] (cmake_helpers) StdoutLine: {'line': b'-- Found ament_cmake: 0.9.9 (/opt/ros/foxy/share/ament_cmake/cmake)\n'}
[0.499792] (cmake_helpers) StdoutLine: {'line': b'-- Found PythonInterp: /usr/bin/python3 (found suitable version "3.8.10", minimum required is "3") \n'}
[0.499886] (cmake_helpers) StdoutLine: {'line': b'-- Using PYTHON_EXECUTABLE: /usr/bin/python3\n'}
[0.501784] (-) TimerEvent: {}
[0.602006] (-) TimerEvent: {}
[0.634700] (cmake_helpers) StdoutLine: {'line': b'-- Configuring done\n'}
[0.635767] (cmake_helpers) StdoutLine: {'line': b'-- Generating done\n'}
[0.636259] (cmake_helpers) StdoutLine: {'line': b'-- Build files have been written to: /home/parallels/CLionProjects/Homeworks/robotics_v1/build/cmake_helpers\n'}
[0.638927] (cmake_helpers) CommandEnded: {'returncode': 0}
[0.640475] (cmake_helpers) JobProgress: {'identifier': 'cmake_helpers', 'progress': 'build'}
[0.640603] (cmake_helpers) Command: {'cmd': ['/usr/bin/cmake', '--build', '/home/parallels/CLionProjects/Homeworks/robotics_v1/build/cmake_helpers', '--', '-j4', '-l4'], 'cwd': '/home/parallels/CLionProjects/Homeworks/robotics_v1/build/cmake_helpers', 'env': OrderedDict([('GJS_DEBUG_TOPICS', 'JS ERROR;JS LOG'), ('USER', 'parallels'), ('SSH_AGENT_PID', '1714'), ('XDG_SESSION_TYPE', 'x11'), ('SHLVL', '1'), ('LD_LIBRARY_PATH', '/opt/ros/foxy/opt/yaml_cpp_vendor/lib:/opt/ros/foxy/opt/rviz_ogre_vendor/lib:/opt/ros/foxy/lib/aarch64-linux-gnu:/opt/ros/foxy/lib'), ('HOME', '/home/parallels'), ('OLDPWD', '/home/parallels/CLionProjects/Homeworks'), ('DESKTOP_SESSION', 'ubuntu'), ('LSCOLORS', 'BhBadxdxCxegedabagacad'), ('GTK_MODULES', 'gail:atk-bridge'), ('GNOME_SHELL_SESSION_MODE', 'ubuntu'), ('ROS_PYTHON_VERSION', '3'), ('MANAGERPID', '944'), ('LC_CTYPE', 'C.UTF-8'), ('DBUS_SESSION_BUS_ADDRESS', 'unix:path=/run/user/1000/bus'), ('COLORTERM', 'truecolor'), ('IM_CONFIG_PHASE', '1'), ('ROS_DISTRO', 'foxy'), ('LOGNAME', 'parallels'), ('_', '/usr/bin/colcon'), ('JOURNAL_STREAM', '8:31344'), ('XDG_SESSION_CLASS', 'user'), ('ROS_VERSION', '2'), ('USERNAME', 'parallels'), ('TERM', 'xterm-256color'), ('GNOME_DESKTOP_SESSION_ID', 'this-is-deprecated'), ('ROS_LOCALHOST_ONLY', '0'), ('WINDOWPATH', '2'), ('PATH', '/opt/ros/foxy/bin:/opt/homebrew/opt/llvm/bin:/usr/local/sbin:/usr/local/bin:/usr/sbin:/usr/bin:/sbin:/bin:/usr/games:/usr/local/games:/snap/bin'), ('SESSION_MANAGER', 'local/ubuntu-linux-20-04-desktop:@/tmp/.ICE-unix/1781,unix/ubuntu-linux-20-04-desktop:/tmp/.ICE-unix/1781'), ('INVOCATION_ID', '2fabd59938d244af9f73de0d909bb3e9'), ('GNOME_TERMINAL_SCREEN', '/org/gnome/Terminal/screen/031c6917_caa3_4717_9f19_7580187d6ee6'), ('XDG_MENU_PREFIX', 'gnome-'), ('XDG_RUNTIME_DIR', '/run/user/1000'), ('DISPLAY', ':0'), ('XDG_CURRENT_DESKTOP', 'ubuntu:GNOME'), ('LANG', 'en__US.UTF-8'), ('XDG_SESSION_DESKTOP', 'ubuntu'), ('GNOME_TERMINAL_SERVICE', ':1.79'), ('XMODIFIERS', '@im=ibus'), ('XAUTHORITY', '/run/user/1000/gdm/Xauthority'), ('SSH_AUTH_SOCK', '/run/user/1000/keyring/ssh'), ('AMENT_PREFIX_PATH', '/opt/ros/foxy'), ('SHELL', '/usr/bin/zsh'), ('QT_ACCESSIBILITY', '1'), ('GDMSESSION', 'ubuntu'), ('GPG_AGENT_INFO', '/run/user/1000/gnupg/S.gpg-agent:0:1'), ('GJS_DEBUG_OUTPUT', 'stderr'), ('QT_IM_MODULE', 'ibus'), ('PWD', '/home/parallels/CLionProjects/Homeworks/robotics_v1/build/cmake_helpers'), ('CLICOLOR', '1'), ('XDG_CONFIG_DIRS', '/etc/xdg/xdg-ubuntu:/etc/xdg'), ('XDG_DATA_DIRS', '/usr/share/ubuntu:/usr/local/share/:/usr/share/:/var/lib/snapd/desktop'), ('PYTHONPATH', '/opt/ros/foxy/lib/python3.8/site-packages'), ('COLCON', '1'), ('VTE_VERSION', '6003'), ('CMAKE_PREFIX_PATH', '/opt/ros/foxy')]), 'shell': False}
[0.669347] (cmake_helpers) CommandEnded: {'returncode': 0}
[0.685425] (cmake_helpers) JobProgress: {'identifier': 'cmake_helpers', 'progress': 'install'}
[0.693119] (cmake_helpers) Command: {'cmd': ['/usr/bin/cmake', '--install', '/home/parallels/CLionProjects/Homeworks/robotics_v1/build/cmake_helpers'], 'cwd': '/home/parallels/CLionProjects/Homeworks/robotics_v1/build/cmake_helpers', 'env': OrderedDict([('GJS_DEBUG_TOPICS', 'JS ERROR;JS LOG'), ('USER', 'parallels'), ('SSH_AGENT_PID', '1714'), ('XDG_SESSION_TYPE', 'x11'), ('SHLVL', '1'), ('LD_LIBRARY_PATH', '/opt/ros/foxy/opt/yaml_cpp_vendor/lib:/opt/ros/foxy/opt/rviz_ogre_vendor/lib:/opt/ros/foxy/lib/aarch64-linux-gnu:/opt/ros/foxy/lib'), ('HOME', '/home/parallels'), ('OLDPWD', '/home/parallels/CLionProjects/Homeworks'), ('DESKTOP_SESSION', 'ubuntu'), ('LSCOLORS', 'BhBadxdxCxegedabagacad'), ('GTK_MODULES', 'gail:atk-bridge'), ('GNOME_SHELL_SESSION_MODE', 'ubuntu'), ('ROS_PYTHON_VERSION', '3'), ('MANAGERPID', '944'), ('LC_CTYPE', 'C.UTF-8'), ('DBUS_SESSION_BUS_ADDRESS', 'unix:path=/run/user/1000/bus'), ('COLORTERM', 'truecolor'), ('IM_CONFIG_PHASE', '1'), ('ROS_DISTRO', 'foxy'), ('LOGNAME', 'parallels'), ('_', '/usr/bin/colcon'), ('JOURNAL_STREAM', '8:31344'), ('XDG_SESSION_CLASS', 'user'), ('ROS_VERSION', '2'), ('USERNAME', 'parallels'), ('TERM', 'xterm-256color'), ('GNOME_DESKTOP_SESSION_ID', 'this-is-deprecated'), ('ROS_LOCALHOST_ONLY', '0'), ('WINDOWPATH', '2'), ('PATH', '/opt/ros/foxy/bin:/opt/homebrew/opt/llvm/bin:/usr/local/sbin:/usr/local/bin:/usr/sbin:/usr/bin:/sbin:/bin:/usr/games:/usr/local/games:/snap/bin'), ('SESSION_MANAGER', 'local/ubuntu-linux-20-04-desktop:@/tmp/.ICE-unix/1781,unix/ubuntu-linux-20-04-desktop:/tmp/.ICE-unix/1781'), ('INVOCATION_ID', '2fabd59938d244af9f73de0d909bb3e9'), ('GNOME_TERMINAL_SCREEN', '/org/gnome/Terminal/screen/031c6917_caa3_4717_9f19_7580187d6ee6'), ('XDG_MENU_PREFIX', 'gnome-'), ('XDG_RUNTIME_DIR', '/run/user/1000'), ('DISPLAY', ':0'), ('XDG_CURRENT_DESKTOP', 'ubuntu:GNOME'), ('LANG', 'en__US.UTF-8'), ('XDG_SESSION_DESKTOP', 'ubuntu'), ('GNOME_TERMINAL_SERVICE', ':1.79'), ('XMODIFIERS', '@im=ibus'), ('XAUTHORITY', '/run/user/1000/gdm/Xauthority'), ('SSH_AUTH_SOCK', '/run/user/1000/keyring/ssh'), ('AMENT_PREFIX_PATH', '/opt/ros/foxy'), ('SHELL', '/usr/bin/zsh'), ('QT_ACCESSIBILITY', '1'), ('GDMSESSION', 'ubuntu'), ('GPG_AGENT_INFO', '/run/user/1000/gnupg/S.gpg-agent:0:1'), ('GJS_DEBUG_OUTPUT', 'stderr'), ('QT_IM_MODULE', 'ibus'), ('PWD', '/home/parallels/CLionProjects/Homeworks/robotics_v1/build/cmake_helpers'), ('CLICOLOR', '1'), ('XDG_CONFIG_DIRS', '/etc/xdg/xdg-ubuntu:/etc/xdg'), ('XDG_DATA_DIRS', '/usr/share/ubuntu:/usr/local/share/:/usr/share/:/var/lib/snapd/desktop'), ('PYTHONPATH', '/opt/ros/foxy/lib/python3.8/site-packages'), ('COLCON', '1'), ('VTE_VERSION', '6003'), ('CMAKE_PREFIX_PATH', '/opt/ros/foxy')]), 'shell': False}
[0.699281] (cmake_helpers) StdoutLine: {'line': b'-- Install configuration: "Debug"\n'}
[0.699404] (cmake_helpers) StdoutLine: {'line': b'-- Installing: /home/parallels/CLionProjects/Homeworks/robotics_v1/install/cmake_helpers/share/cmake_helpers/package.xml\n'}
[0.699530] (cmake_helpers) StdoutLine: {'line': b'-- Installing: /home/parallels/CLionProjects/Homeworks/robotics_v1/install/cmake_helpers/share/cmake_helpers/cmake/helpers.cmake\n'}
[0.699691] (cmake_helpers) StdoutLine: {'line': b'-- Installing: /home/parallels/CLionProjects/Homeworks/robotics_v1/install/cmake_helpers/share/cmake_helpers/cmake/find_modules\n'}
[0.699760] (cmake_helpers) StdoutLine: {'line': b'-- Installing: /home/parallels/CLionProjects/Homeworks/robotics_v1/install/cmake_helpers/share/cmake_helpers/cmake/find_modules/FindSDL2_ttf.cmake\n'}
[0.699807] (cmake_helpers) StdoutLine: {'line': b'-- Installing: /home/parallels/CLionProjects/Homeworks/robotics_v1/install/cmake_helpers/share/cmake_helpers/cmake/find_modules/FindSDL2_image.cmake\n'}
[0.699889] (cmake_helpers) StdoutLine: {'line': b'-- Installing: /home/parallels/CLionProjects/Homeworks/robotics_v1/install/cmake_helpers/share/cmake_helpers/cmake/find_modules/FindSDL2.cmake\n'}
[0.699938] (cmake_helpers) StdoutLine: {'line': b'-- Installing: /home/parallels/CLionProjects/Homeworks/robotics_v1/install/cmake_helpers/share/cmake_helpers/cmake/find_modules/FindSDL2_mixer.cmake\n'}
[0.699968] (cmake_helpers) StdoutLine: {'line': b'-- Installing: /home/parallels/CLionProjects/Homeworks/robotics_v1/install/cmake_helpers/share/cmake_helpers/cmake/find_modules/FindIWYU.cmake\n'}
[0.700069] (cmake_helpers) StdoutLine: {'line': b'-- Installing: /home/parallels/CLionProjects/Homeworks/robotics_v1/install/cmake_helpers/share/ament_index/resource_index/package_run_dependencies/cmake_helpers\n'}
[0.700128] (cmake_helpers) StdoutLine: {'line': b'-- Installing: /home/parallels/CLionProjects/Homeworks/robotics_v1/install/cmake_helpers/share/ament_index/resource_index/parent_prefix_path/cmake_helpers\n'}
[0.700241] (cmake_helpers) StdoutLine: {'line': b'-- Installing: /home/parallels/CLionProjects/Homeworks/robotics_v1/install/cmake_helpers/share/cmake_helpers/environment/ament_prefix_path.sh\n'}
[0.700278] (cmake_helpers) StdoutLine: {'line': b'-- Installing: /home/parallels/CLionProjects/Homeworks/robotics_v1/install/cmake_helpers/share/cmake_helpers/environment/ament_prefix_path.dsv\n'}
[0.700370] (cmake_helpers) StdoutLine: {'line': b'-- Installing: /home/parallels/CLionProjects/Homeworks/robotics_v1/install/cmake_helpers/share/cmake_helpers/environment/path.sh\n'}
[0.700426] (cmake_helpers) StdoutLine: {'line': b'-- Installing: /home/parallels/CLionProjects/Homeworks/robotics_v1/install/cmake_helpers/share/cmake_helpers/environment/path.dsv\n'}
[0.700505] (cmake_helpers) StdoutLine: {'line': b'-- Installing: /home/parallels/CLionProjects/Homeworks/robotics_v1/install/cmake_helpers/share/cmake_helpers/local_setup.bash\n'}
[0.700597] (cmake_helpers) StdoutLine: {'line': b'-- Installing: /home/parallels/CLionProjects/Homeworks/robotics_v1/install/cmake_helpers/share/cmake_helpers/local_setup.sh\n'}
[0.700638] (cmake_helpers) StdoutLine: {'line': b'-- Installing: /home/parallels/CLionProjects/Homeworks/robotics_v1/install/cmake_helpers/share/cmake_helpers/local_setup.zsh\n'}
[0.700743] (cmake_helpers) StdoutLine: {'line': b'-- Installing: /home/parallels/CLionProjects/Homeworks/robotics_v1/install/cmake_helpers/share/cmake_helpers/local_setup.dsv\n'}
[0.700872] (cmake_helpers) StdoutLine: {'line': b'-- Installing: /home/parallels/CLionProjects/Homeworks/robotics_v1/install/cmake_helpers/share/cmake_helpers/package.dsv\n'}
[0.700937] (cmake_helpers) StdoutLine: {'line': b'-- Installing: /home/parallels/CLionProjects/Homeworks/robotics_v1/install/cmake_helpers/share/ament_index/resource_index/packages/cmake_helpers\n'}
[0.701027] (cmake_helpers) StdoutLine: {'line': b'-- Installing: /home/parallels/CLionProjects/Homeworks/robotics_v1/install/cmake_helpers/share/cmake_helpers/cmake/cmake_helpersConfig.cmake\n'}
[0.701066] (cmake_helpers) StdoutLine: {'line': b'-- Installing: /home/parallels/CLionProjects/Homeworks/robotics_v1/install/cmake_helpers/share/cmake_helpers/cmake/cmake_helpersConfig-version.cmake\n'}
[0.701094] (cmake_helpers) StdoutLine: {'line': b'-- Up-to-date: /home/parallels/CLionProjects/Homeworks/robotics_v1/install/cmake_helpers/share/cmake_helpers/package.xml\n'}
[0.702116] (-) TimerEvent: {}
[0.702452] (cmake_helpers) CommandEnded: {'returncode': 0}
[0.733042] (cmake_helpers) JobEnded: {'identifier': 'cmake_helpers', 'rc': 0}
[0.733371] (utils) JobStarted: {'identifier': 'utils'}
[0.738038] (utils) JobProgress: {'identifier': 'utils', 'progress': 'cmake'}
[0.738854] (utils) Command: {'cmd': ['/usr/bin/cmake', '/home/parallels/CLionProjects/Homeworks/robotics_v1/src/lib/utils', '-DCMAKE_BUILD_TYPE=Debug', '-DCMAKE_CXX_COMPILER=/usr/bin/clang++', '-DCMAKE_INSTALL_PREFIX=/home/parallels/CLionProjects/Homeworks/robotics_v1/install/utils'], 'cwd': '/home/parallels/CLionProjects/Homeworks/robotics_v1/build/utils', 'env': OrderedDict([('GJS_DEBUG_TOPICS', 'JS ERROR;JS LOG'), ('USER', 'parallels'), ('SSH_AGENT_PID', '1714'), ('XDG_SESSION_TYPE', 'x11'), ('SHLVL', '1'), ('LD_LIBRARY_PATH', '/opt/ros/foxy/opt/yaml_cpp_vendor/lib:/opt/ros/foxy/opt/rviz_ogre_vendor/lib:/opt/ros/foxy/lib/aarch64-linux-gnu:/opt/ros/foxy/lib'), ('HOME', '/home/parallels'), ('OLDPWD', '/home/parallels/CLionProjects/Homeworks'), ('DESKTOP_SESSION', 'ubuntu'), ('LSCOLORS', 'BhBadxdxCxegedabagacad'), ('GTK_MODULES', 'gail:atk-bridge'), ('GNOME_SHELL_SESSION_MODE', 'ubuntu'), ('ROS_PYTHON_VERSION', '3'), ('MANAGERPID', '944'), ('LC_CTYPE', 'C.UTF-8'), ('DBUS_SESSION_BUS_ADDRESS', 'unix:path=/run/user/1000/bus'), ('COLORTERM', 'truecolor'), ('IM_CONFIG_PHASE', '1'), ('ROS_DISTRO', 'foxy'), ('LOGNAME', 'parallels'), ('_', '/usr/bin/colcon'), ('JOURNAL_STREAM', '8:31344'), ('XDG_SESSION_CLASS', 'user'), ('ROS_VERSION', '2'), ('PKG_CONFIG_PATH', '/home/parallels/CLionProjects/Homeworks/robotics_v1/install/cmake_helpers/lib/aarch64-linux-gnu/pkgconfig:/home/parallels/CLionProjects/Homeworks/robotics_v1/install/cmake_helpers/lib/pkgconfig'), ('USERNAME', 'parallels'), ('TERM', 'xterm-256color'), ('GNOME_DESKTOP_SESSION_ID', 'this-is-deprecated'), ('ROS_LOCALHOST_ONLY', '0'), ('WINDOWPATH', '2'), ('PATH', '/opt/ros/foxy/bin:/opt/homebrew/opt/llvm/bin:/usr/local/sbin:/usr/local/bin:/usr/sbin:/usr/bin:/sbin:/bin:/usr/games:/usr/local/games:/snap/bin'), ('SESSION_MANAGER', 'local/ubuntu-linux-20-04-desktop:@/tmp/.ICE-unix/1781,unix/ubuntu-linux-20-04-desktop:/tmp/.ICE-unix/1781'), ('INVOCATION_ID', '2fabd59938d244af9f73de0d909bb3e9'), ('GNOME_TERMINAL_SCREEN', '/org/gnome/Terminal/screen/031c6917_caa3_4717_9f19_7580187d6ee6'), ('XDG_MENU_PREFIX', 'gnome-'), ('XDG_RUNTIME_DIR', '/run/user/1000'), ('DISPLAY', ':0'), ('XDG_CURRENT_DESKTOP', 'ubuntu:GNOME'), ('LANG', 'en__US.UTF-8'), ('XDG_SESSION_DESKTOP', 'ubuntu'), ('GNOME_TERMINAL_SERVICE', ':1.79'), ('XMODIFIERS', '@im=ibus'), ('XAUTHORITY', '/run/user/1000/gdm/Xauthority'), ('SSH_AUTH_SOCK', '/run/user/1000/keyring/ssh'), ('AMENT_PREFIX_PATH', '/opt/ros/foxy'), ('SHELL', '/usr/bin/zsh'), ('QT_ACCESSIBILITY', '1'), ('GDMSESSION', 'ubuntu'), ('GPG_AGENT_INFO', '/run/user/1000/gnupg/S.gpg-agent:0:1'), ('GJS_DEBUG_OUTPUT', 'stderr'), ('QT_IM_MODULE', 'ibus'), ('PWD', '/home/parallels/CLionProjects/Homeworks/robotics_v1/build/utils'), ('CLICOLOR', '1'), ('XDG_CONFIG_DIRS', '/etc/xdg/xdg-ubuntu:/etc/xdg'), ('XDG_DATA_DIRS', '/usr/share/ubuntu:/usr/local/share/:/usr/share/:/var/lib/snapd/desktop'), ('PYTHONPATH', '/opt/ros/foxy/lib/python3.8/site-packages'), ('COLCON', '1'), ('VTE_VERSION', '6003'), ('CMAKE_PREFIX_PATH', '/home/parallels/CLionProjects/Homeworks/robotics_v1/install/cmake_helpers:/opt/ros/foxy')]), 'shell': False}
[0.802534] (-) TimerEvent: {}
[0.811001] (utils) StdoutLine: {'line': b'-- The CXX compiler identification is Clang 10.0.0\n'}
[0.814675] (utils) StdoutLine: {'line': b'-- Check for working CXX compiler: /usr/bin/clang++\n'}
[0.899213] (utils) StdoutLine: {'line': b'-- Check for working CXX compiler: /usr/bin/clang++ -- works\n'}
[0.899751] (utils) StdoutLine: {'line': b'-- Detecting CXX compiler ABI info\n'}
[0.902952] (-) TimerEvent: {}
[0.981200] (utils) StdoutLine: {'line': b'-- Detecting CXX compiler ABI info - done\n'}
[0.987418] (utils) StdoutLine: {'line': b'-- Detecting CXX compile features\n'}
[0.987702] (utils) StdoutLine: {'line': b'-- Detecting CXX compile features - done\n'}
[0.988241] (utils) StdoutLine: {'line': b'-- Found cmake_helpers: 1.0.0 (/home/parallels/CLionProjects/Homeworks/robotics_v1/install/cmake_helpers/share/cmake_helpers/cmake)\n'}
[0.991085] (utils) StdoutLine: {'line': b'-- Looking for C++ include pthread.h\n'}
[1.003125] (-) TimerEvent: {}
[1.086440] (utils) StdoutLine: {'line': b'-- Looking for C++ include pthread.h - found\n'}
[1.086616] (utils) StdoutLine: {'line': b'-- Performing Test CMAKE_HAVE_LIBC_PTHREAD\n'}
[1.103709] (-) TimerEvent: {}
[1.176365] (utils) StdoutLine: {'line': b'-- Performing Test CMAKE_HAVE_LIBC_PTHREAD - Failed\n'}
[1.176554] (utils) StdoutLine: {'line': b'-- Looking for pthread_create in pthreads\n'}
[1.203848] (-) TimerEvent: {}
[1.246912] (utils) StdoutLine: {'line': b'-- Looking for pthread_create in pthreads - not found\n'}
[1.247146] (utils) StdoutLine: {'line': b'-- Looking for pthread_create in pthread\n'}
[1.304052] (-) TimerEvent: {}
[1.327983] (utils) StdoutLine: {'line': b'-- Looking for pthread_create in pthread - found\n'}
[1.328541] (utils) StdoutLine: {'line': b'-- Found Threads: TRUE  \n'}
[1.330107] (utils) StdoutLine: {'line': b'-- Found ament_cmake: 0.9.9 (/opt/ros/foxy/share/ament_cmake/cmake)\n'}
[1.344922] (utils) StdoutLine: {'line': b'-- Found PythonInterp: /usr/bin/python3 (found suitable version "3.8.10", minimum required is "3") \n'}
[1.345059] (utils) StdoutLine: {'line': b'-- Using PYTHON_EXECUTABLE: /usr/bin/python3\n'}
[1.405589] (-) TimerEvent: {}
[1.472075] (utils) StdoutLine: {'line': b'-- Configuring done\n'}
[1.475749] (utils) StdoutLine: {'line': b'-- Generating done\n'}
[1.476280] (utils) StdoutLine: {'line': b'-- Build files have been written to: /home/parallels/CLionProjects/Homeworks/robotics_v1/build/utils\n'}
[1.478537] (utils) CommandEnded: {'returncode': 0}
[1.479786] (utils) JobProgress: {'identifier': 'utils', 'progress': 'build'}
[1.479912] (utils) Command: {'cmd': ['/usr/bin/cmake', '--build', '/home/parallels/CLionProjects/Homeworks/robotics_v1/build/utils', '--', '-j4', '-l4'], 'cwd': '/home/parallels/CLionProjects/Homeworks/robotics_v1/build/utils', 'env': OrderedDict([('GJS_DEBUG_TOPICS', 'JS ERROR;JS LOG'), ('USER', 'parallels'), ('SSH_AGENT_PID', '1714'), ('XDG_SESSION_TYPE', 'x11'), ('SHLVL', '1'), ('LD_LIBRARY_PATH', '/opt/ros/foxy/opt/yaml_cpp_vendor/lib:/opt/ros/foxy/opt/rviz_ogre_vendor/lib:/opt/ros/foxy/lib/aarch64-linux-gnu:/opt/ros/foxy/lib'), ('HOME', '/home/parallels'), ('OLDPWD', '/home/parallels/CLionProjects/Homeworks'), ('DESKTOP_SESSION', 'ubuntu'), ('LSCOLORS', 'BhBadxdxCxegedabagacad'), ('GTK_MODULES', 'gail:atk-bridge'), ('GNOME_SHELL_SESSION_MODE', 'ubuntu'), ('ROS_PYTHON_VERSION', '3'), ('MANAGERPID', '944'), ('LC_CTYPE', 'C.UTF-8'), ('DBUS_SESSION_BUS_ADDRESS', 'unix:path=/run/user/1000/bus'), ('COLORTERM', 'truecolor'), ('IM_CONFIG_PHASE', '1'), ('ROS_DISTRO', 'foxy'), ('LOGNAME', 'parallels'), ('_', '/usr/bin/colcon'), ('JOURNAL_STREAM', '8:31344'), ('XDG_SESSION_CLASS', 'user'), ('ROS_VERSION', '2'), ('PKG_CONFIG_PATH', '/home/parallels/CLionProjects/Homeworks/robotics_v1/install/cmake_helpers/lib/aarch64-linux-gnu/pkgconfig:/home/parallels/CLionProjects/Homeworks/robotics_v1/install/cmake_helpers/lib/pkgconfig'), ('USERNAME', 'parallels'), ('TERM', 'xterm-256color'), ('GNOME_DESKTOP_SESSION_ID', 'this-is-deprecated'), ('ROS_LOCALHOST_ONLY', '0'), ('WINDOWPATH', '2'), ('PATH', '/opt/ros/foxy/bin:/opt/homebrew/opt/llvm/bin:/usr/local/sbin:/usr/local/bin:/usr/sbin:/usr/bin:/sbin:/bin:/usr/games:/usr/local/games:/snap/bin'), ('SESSION_MANAGER', 'local/ubuntu-linux-20-04-desktop:@/tmp/.ICE-unix/1781,unix/ubuntu-linux-20-04-desktop:/tmp/.ICE-unix/1781'), ('INVOCATION_ID', '2fabd59938d244af9f73de0d909bb3e9'), ('GNOME_TERMINAL_SCREEN', '/org/gnome/Terminal/screen/031c6917_caa3_4717_9f19_7580187d6ee6'), ('XDG_MENU_PREFIX', 'gnome-'), ('XDG_RUNTIME_DIR', '/run/user/1000'), ('DISPLAY', ':0'), ('XDG_CURRENT_DESKTOP', 'ubuntu:GNOME'), ('LANG', 'en__US.UTF-8'), ('XDG_SESSION_DESKTOP', 'ubuntu'), ('GNOME_TERMINAL_SERVICE', ':1.79'), ('XMODIFIERS', '@im=ibus'), ('XAUTHORITY', '/run/user/1000/gdm/Xauthority'), ('SSH_AUTH_SOCK', '/run/user/1000/keyring/ssh'), ('AMENT_PREFIX_PATH', '/opt/ros/foxy'), ('SHELL', '/usr/bin/zsh'), ('QT_ACCESSIBILITY', '1'), ('GDMSESSION', 'ubuntu'), ('GPG_AGENT_INFO', '/run/user/1000/gnupg/S.gpg-agent:0:1'), ('GJS_DEBUG_OUTPUT', 'stderr'), ('QT_IM_MODULE', 'ibus'), ('PWD', '/home/parallels/CLionProjects/Homeworks/robotics_v1/build/utils'), ('CLICOLOR', '1'), ('XDG_CONFIG_DIRS', '/etc/xdg/xdg-ubuntu:/etc/xdg'), ('XDG_DATA_DIRS', '/usr/share/ubuntu:/usr/local/share/:/usr/share/:/var/lib/snapd/desktop'), ('PYTHONPATH', '/opt/ros/foxy/lib/python3.8/site-packages'), ('COLCON', '1'), ('VTE_VERSION', '6003'), ('CMAKE_PREFIX_PATH', '/home/parallels/CLionProjects/Homeworks/robotics_v1/install/cmake_helpers:/opt/ros/foxy')]), 'shell': False}
[1.505744] (-) TimerEvent: {}
[1.508700] (utils) StdoutLine: {'line': b'\x1b[35m\x1b[1mScanning dependencies of target utils\x1b[0m\n'}
[1.519055] (utils) StdoutLine: {'line': b'[ 11%] \x1b[32mBuilding CXX object CMakeFiles/utils.dir/src/common/Crc.cpp.o\x1b[0m\n'}
[1.519162] (utils) StdoutLine: {'line': b'[ 11%] \x1b[32mBuilding CXX object CMakeFiles/utils.dir/src/common/CircularBuffer.cpp.o\x1b[0m\n'}
[1.519344] (utils) StdoutLine: {'line': b'[ 16%] \x1b[32mBuilding CXX object CMakeFiles/utils.dir/src/data_type/FloatingPointUtils.cpp.o\x1b[0m\n'}
[1.519503] (utils) StdoutLine: {'line': b'[ 22%] \x1b[32mBuilding CXX object CMakeFiles/utils.dir/src/data_type/IntegerUtils.cpp.o\x1b[0m\n'}
[1.555634] (utils) StdoutLine: {'line': b'[ 27%] \x1b[32mBuilding CXX object CMakeFiles/utils.dir/src/data_type/StringUtils.cpp.o\x1b[0m\n'}
[1.556372] (utils) StdoutLine: {'line': b'[ 33%] \x1b[32mBuilding CXX object CMakeFiles/utils.dir/src/debug/SignalHandler.cpp.o\x1b[0m\n'}
[1.568192] (utils) StdoutLine: {'line': b'[ 38%] \x1b[32mBuilding CXX object CMakeFiles/utils.dir/src/debug/StackTrace.cpp.o\x1b[0m\n'}
[1.605005] (utils) StdoutLine: {'line': b'[ 44%] \x1b[32mBuilding CXX object CMakeFiles/utils.dir/src/drawing/Color.cpp.o\x1b[0m\n'}
[1.605859] (-) TimerEvent: {}
[1.611233] (utils) StdoutLine: {'line': b'[ 50%] \x1b[32mBuilding CXX object CMakeFiles/utils.dir/src/drawing/Margin.cpp.o\x1b[0m\n'}
[1.641637] (utils) StdoutLine: {'line': b'[ 55%] \x1b[32mBuilding CXX object CMakeFiles/utils.dir/src/drawing/Point.cpp.o\x1b[0m\n'}
[1.643762] (utils) StdoutLine: {'line': b'[ 61%] \x1b[32mBuilding CXX object CMakeFiles/utils.dir/src/drawing/Rectangle.cpp.o\x1b[0m\n'}
[1.674353] (utils) StdoutLine: {'line': b'[ 66%] \x1b[32mBuilding CXX object CMakeFiles/utils.dir/src/drawing/WidgetAligner.cpp.o\x1b[0m\n'}
[1.677651] (utils) StdoutLine: {'line': b'[ 72%] \x1b[32mBuilding CXX object CMakeFiles/utils.dir/src/file/IniFileParser.cpp.o\x1b[0m\n'}
[1.705973] (-) TimerEvent: {}
[1.721998] (utils) StdoutLine: {'line': b'[ 77%] \x1b[32mBuilding CXX object CMakeFiles/utils.dir/src/file_system/FileSystemUtils.cpp.o\x1b[0m\n'}
[1.750493] (utils) StdoutLine: {'line': b'[ 83%] \x1b[32mBuilding CXX object CMakeFiles/utils.dir/src/time/Time.cpp.o\x1b[0m\n'}
[1.803889] (utils) StdoutLine: {'line': b'[ 88%] \x1b[32mBuilding CXX object CMakeFiles/utils.dir/src/rng/Rng.cpp.o\x1b[0m\n'}
[1.805479] (utils) StdoutLine: {'line': b'[ 94%] \x1b[32mBuilding CXX object CMakeFiles/utils.dir/src/log/Log.cpp.o\x1b[0m\n'}
[1.806032] (-) TimerEvent: {}
[1.906316] (-) TimerEvent: {}
[2.006592] (-) TimerEvent: {}
[2.018868] (utils) StdoutLine: {'line': b'[100%] \x1b[32m\x1b[1mLinking CXX static library libutils.a\x1b[0m\n'}
[2.050329] (utils) StdoutLine: {'line': b'[100%] Built target utils\n'}
[2.059027] (utils) CommandEnded: {'returncode': 0}
[2.102183] (utils) JobProgress: {'identifier': 'utils', 'progress': 'install'}
[2.102323] (utils) Command: {'cmd': ['/usr/bin/cmake', '--install', '/home/parallels/CLionProjects/Homeworks/robotics_v1/build/utils'], 'cwd': '/home/parallels/CLionProjects/Homeworks/robotics_v1/build/utils', 'env': OrderedDict([('GJS_DEBUG_TOPICS', 'JS ERROR;JS LOG'), ('USER', 'parallels'), ('SSH_AGENT_PID', '1714'), ('XDG_SESSION_TYPE', 'x11'), ('SHLVL', '1'), ('LD_LIBRARY_PATH', '/opt/ros/foxy/opt/yaml_cpp_vendor/lib:/opt/ros/foxy/opt/rviz_ogre_vendor/lib:/opt/ros/foxy/lib/aarch64-linux-gnu:/opt/ros/foxy/lib'), ('HOME', '/home/parallels'), ('OLDPWD', '/home/parallels/CLionProjects/Homeworks'), ('DESKTOP_SESSION', 'ubuntu'), ('LSCOLORS', 'BhBadxdxCxegedabagacad'), ('GTK_MODULES', 'gail:atk-bridge'), ('GNOME_SHELL_SESSION_MODE', 'ubuntu'), ('ROS_PYTHON_VERSION', '3'), ('MANAGERPID', '944'), ('LC_CTYPE', 'C.UTF-8'), ('DBUS_SESSION_BUS_ADDRESS', 'unix:path=/run/user/1000/bus'), ('COLORTERM', 'truecolor'), ('IM_CONFIG_PHASE', '1'), ('ROS_DISTRO', 'foxy'), ('LOGNAME', 'parallels'), ('_', '/usr/bin/colcon'), ('JOURNAL_STREAM', '8:31344'), ('XDG_SESSION_CLASS', 'user'), ('ROS_VERSION', '2'), ('PKG_CONFIG_PATH', '/home/parallels/CLionProjects/Homeworks/robotics_v1/install/cmake_helpers/lib/aarch64-linux-gnu/pkgconfig:/home/parallels/CLionProjects/Homeworks/robotics_v1/install/cmake_helpers/lib/pkgconfig'), ('USERNAME', 'parallels'), ('TERM', 'xterm-256color'), ('GNOME_DESKTOP_SESSION_ID', 'this-is-deprecated'), ('ROS_LOCALHOST_ONLY', '0'), ('WINDOWPATH', '2'), ('PATH', '/opt/ros/foxy/bin:/opt/homebrew/opt/llvm/bin:/usr/local/sbin:/usr/local/bin:/usr/sbin:/usr/bin:/sbin:/bin:/usr/games:/usr/local/games:/snap/bin'), ('SESSION_MANAGER', 'local/ubuntu-linux-20-04-desktop:@/tmp/.ICE-unix/1781,unix/ubuntu-linux-20-04-desktop:/tmp/.ICE-unix/1781'), ('INVOCATION_ID', '2fabd59938d244af9f73de0d909bb3e9'), ('GNOME_TERMINAL_SCREEN', '/org/gnome/Terminal/screen/031c6917_caa3_4717_9f19_7580187d6ee6'), ('XDG_MENU_PREFIX', 'gnome-'), ('XDG_RUNTIME_DIR', '/run/user/1000'), ('DISPLAY', ':0'), ('XDG_CURRENT_DESKTOP', 'ubuntu:GNOME'), ('LANG', 'en__US.UTF-8'), ('XDG_SESSION_DESKTOP', 'ubuntu'), ('GNOME_TERMINAL_SERVICE', ':1.79'), ('XMODIFIERS', '@im=ibus'), ('XAUTHORITY', '/run/user/1000/gdm/Xauthority'), ('SSH_AUTH_SOCK', '/run/user/1000/keyring/ssh'), ('AMENT_PREFIX_PATH', '/opt/ros/foxy'), ('SHELL', '/usr/bin/zsh'), ('QT_ACCESSIBILITY', '1'), ('GDMSESSION', 'ubuntu'), ('GPG_AGENT_INFO', '/run/user/1000/gnupg/S.gpg-agent:0:1'), ('GJS_DEBUG_OUTPUT', 'stderr'), ('QT_IM_MODULE', 'ibus'), ('PWD', '/home/parallels/CLionProjects/Homeworks/robotics_v1/build/utils'), ('CLICOLOR', '1'), ('XDG_CONFIG_DIRS', '/etc/xdg/xdg-ubuntu:/etc/xdg'), ('XDG_DATA_DIRS', '/usr/share/ubuntu:/usr/local/share/:/usr/share/:/var/lib/snapd/desktop'), ('PYTHONPATH', '/opt/ros/foxy/lib/python3.8/site-packages'), ('COLCON', '1'), ('VTE_VERSION', '6003'), ('CMAKE_PREFIX_PATH', '/home/parallels/CLionProjects/Homeworks/robotics_v1/install/cmake_helpers:/opt/ros/foxy')]), 'shell': False}
[2.107015] (-) TimerEvent: {}
[2.108559] (utils) StdoutLine: {'line': b'-- Install configuration: "Debug"\n'}
[2.108688] (utils) StdoutLine: {'line': b'-- Installing: /home/parallels/CLionProjects/Homeworks/robotics_v1/install/utils/share/utils/package.xml\n'}
[2.108825] (utils) StdoutLine: {'line': b'-- Installing: /home/parallels/CLionProjects/Homeworks/robotics_v1/install/utils/lib/utils/libutils.a\n'}
[2.109931] (utils) StdoutLine: {'line': b'-- Installing: /home/parallels/CLionProjects/Homeworks/robotics_v1/install/utils/share/ament_index/resource_index/packages/utils\n'}
[2.110090] (utils) StdoutLine: {'line': b'-- Installing: /home/parallels/CLionProjects/Homeworks/robotics_v1/install/utils/share/utils/hook/ament_prefix_path.dsv\n'}
[2.110133] (utils) StdoutLine: {'line': b'-- Installing: /home/parallels/CLionProjects/Homeworks/robotics_v1/install/utils/share/utils/hook/ros_package_path.dsv\n'}
[2.110214] (utils) StdoutLine: {'line': b'-- Installing: /home/parallels/CLionProjects/Homeworks/robotics_v1/install/utils/share/ament_index/resource_index/package_run_dependencies/utils\n'}
[2.110253] (utils) StdoutLine: {'line': b'-- Installing: /home/parallels/CLionProjects/Homeworks/robotics_v1/install/utils/share/ament_index/resource_index/parent_prefix_path/utils\n'}
[2.110338] (utils) StdoutLine: {'line': b'-- Installing: /home/parallels/CLionProjects/Homeworks/robotics_v1/install/utils/share/utils/environment/ament_prefix_path.sh\n'}
[2.110413] (utils) StdoutLine: {'line': b'-- Installing: /home/parallels/CLionProjects/Homeworks/robotics_v1/install/utils/share/utils/environment/ament_prefix_path.dsv\n'}
[2.110504] (utils) StdoutLine: {'line': b'-- Installing: /home/parallels/CLionProjects/Homeworks/robotics_v1/install/utils/share/utils/environment/path.sh\n'}
[2.110709] (utils) StdoutLine: {'line': b'-- Installing: /home/parallels/CLionProjects/Homeworks/robotics_v1/install/utils/share/utils/environment/path.dsv\n'}
[2.110775] (utils) StdoutLine: {'line': b'-- Installing: /home/parallels/CLionProjects/Homeworks/robotics_v1/install/utils/share/utils/local_setup.bash\n'}
[2.110823] (utils) StdoutLine: {'line': b'-- Installing: /home/parallels/CLionProjects/Homeworks/robotics_v1/install/utils/share/utils/local_setup.sh\n'}
[2.110944] (utils) StdoutLine: {'line': b'-- Installing: /home/parallels/CLionProjects/Homeworks/robotics_v1/install/utils/share/utils/local_setup.zsh\n'}
[2.111005] (utils) StdoutLine: {'line': b'-- Installing: /home/parallels/CLionProjects/Homeworks/robotics_v1/install/utils/share/utils/local_setup.dsv\n'}
[2.111118] (utils) StdoutLine: {'line': b'-- Installing: /home/parallels/CLionProjects/Homeworks/robotics_v1/install/utils/share/utils/package.dsv\n'}
[2.111222] (utils) StdoutLine: {'line': b'-- Up-to-date: /home/parallels/CLionProjects/Homeworks/robotics_v1/install/utils/share/ament_index/resource_index/packages/utils\n'}
[2.111267] (utils) StdoutLine: {'line': b'-- Installing: /home/parallels/CLionProjects/Homeworks/robotics_v1/install/utils/share/utils/cmake/utilsConfig.cmake\n'}
[2.111340] (utils) StdoutLine: {'line': b'-- Installing: /home/parallels/CLionProjects/Homeworks/robotics_v1/install/utils/share/utils/cmake/utilsConfig-version.cmake\n'}
[2.111376] (utils) StdoutLine: {'line': b'-- Up-to-date: /home/parallels/CLionProjects/Homeworks/robotics_v1/install/utils/share/utils/package.xml\n'}
[2.111403] (utils) StdoutLine: {'line': b'-- Installing: /home/parallels/CLionProjects/Homeworks/robotics_v1/install/utils/lib/libutils.a\n'}
[2.112172] (utils) StdoutLine: {'line': b'-- Installing: /home/parallels/CLionProjects/Homeworks/robotics_v1/install/utils/include\n'}
[2.112335] (utils) StdoutLine: {'line': b'-- Installing: /home/parallels/CLionProjects/Homeworks/robotics_v1/install/utils/include/utils\n'}
[2.112497] (utils) StdoutLine: {'line': b'-- Installing: /home/parallels/CLionProjects/Homeworks/robotics_v1/install/utils/include/utils/common\n'}
[2.112548] (utils) StdoutLine: {'line': b'-- Installing: /home/parallels/CLionProjects/Homeworks/robotics_v1/install/utils/include/utils/common/AutoCircularBuffer.h\n'}
[2.112590] (utils) StdoutLine: {'line': b'-- Installing: /home/parallels/CLionProjects/Homeworks/robotics_v1/install/utils/include/utils/common/Crc.h\n'}
[2.112687] (utils) StdoutLine: {'line': b'-- Installing: /home/parallels/CLionProjects/Homeworks/robotics_v1/install/utils/include/utils/common/CircularBuffer.h\n'}
[2.112768] (utils) StdoutLine: {'line': b'-- Installing: /home/parallels/CLionProjects/Homeworks/robotics_v1/install/utils/include/utils/common/defines\n'}
[2.112809] (utils) StdoutLine: {'line': b'-- Installing: /home/parallels/CLionProjects/Homeworks/robotics_v1/install/utils/include/utils/common/defines/SymbolNameDefines.h\n'}
[2.112856] (utils) StdoutLine: {'line': b'-- Installing: /home/parallels/CLionProjects/Homeworks/robotics_v1/install/utils/include/utils/file_system\n'}
[2.112945] (utils) StdoutLine: {'line': b'-- Installing: /home/parallels/CLionProjects/Homeworks/robotics_v1/install/utils/include/utils/file_system/FileSystemUtils.h\n'}
[2.112982] (utils) StdoutLine: {'line': b'-- Installing: /home/parallels/CLionProjects/Homeworks/robotics_v1/install/utils/include/utils/time\n'}
[2.113036] (utils) StdoutLine: {'line': b'-- Installing: /home/parallels/CLionProjects/Homeworks/robotics_v1/install/utils/include/utils/time/Time.h\n'}
[2.113185] (utils) StdoutLine: {'line': b'-- Installing: /home/parallels/CLionProjects/Homeworks/robotics_v1/install/utils/include/utils/debug\n'}
[2.113256] (utils) StdoutLine: {'line': b'-- Installing: /home/parallels/CLionProjects/Homeworks/robotics_v1/install/utils/include/utils/debug/StackTrace.h\n'}
[2.113357] (utils) StdoutLine: {'line': b'-- Installing: /home/parallels/CLionProjects/Homeworks/robotics_v1/install/utils/include/utils/debug/FunctionTracer.h\n'}
[2.113405] (utils) StdoutLine: {'line': b'-- Installing: /home/parallels/CLionProjects/Homeworks/robotics_v1/install/utils/include/utils/debug/SignalHandler.h\n'}
[2.113438] (utils) StdoutLine: {'line': b'-- Installing: /home/parallels/CLionProjects/Homeworks/robotics_v1/install/utils/include/utils/file\n'}
[2.113466] (utils) StdoutLine: {'line': b'-- Installing: /home/parallels/CLionProjects/Homeworks/robotics_v1/install/utils/include/utils/file/IniFileParser.h\n'}
[2.113499] (utils) StdoutLine: {'line': b'-- Installing: /home/parallels/CLionProjects/Homeworks/robotics_v1/install/utils/include/utils/LimitValues.h\n'}
[2.113525] (utils) StdoutLine: {'line': b'-- Installing: /home/parallels/CLionProjects/Homeworks/robotics_v1/install/utils/include/utils/class\n'}
[2.113559] (utils) StdoutLine: {'line': b'-- Installing: /home/parallels/CLionProjects/Homeworks/robotics_v1/install/utils/include/utils/class/NonCopyable.h\n'}
[2.113593] (utils) StdoutLine: {'line': b'-- Installing: /home/parallels/CLionProjects/Homeworks/robotics_v1/install/utils/include/utils/class/NonMoveable.h\n'}
[2.113727] (utils) StdoutLine: {'line': b'-- Installing: /home/parallels/CLionProjects/Homeworks/robotics_v1/install/utils/include/utils/Log.h\n'}
[2.113853] (utils) StdoutLine: {'line': b'-- Installing: /home/parallels/CLionProjects/Homeworks/robotics_v1/install/utils/include/utils/ErrorCode.h\n'}
[2.113966] (utils) StdoutLine: {'line': b'-- Installing: /home/parallels/CLionProjects/Homeworks/robotics_v1/install/utils/include/utils/concurrency\n'}
[2.114009] (utils) StdoutLine: {'line': b'-- Installing: /home/parallels/CLionProjects/Homeworks/robotics_v1/install/utils/include/utils/concurrency/ThreadSafeQueue.h\n'}
[2.114056] (utils) StdoutLine: {'line': b'-- Installing: /home/parallels/CLionProjects/Homeworks/robotics_v1/install/utils/include/utils/drawing\n'}
[2.114094] (utils) StdoutLine: {'line': b'-- Installing: /home/parallels/CLionProjects/Homeworks/robotics_v1/install/utils/include/utils/drawing/Margin.h\n'}
[2.114131] (utils) StdoutLine: {'line': b'-- Installing: /home/parallels/CLionProjects/Homeworks/robotics_v1/install/utils/include/utils/drawing/Point.h\n'}
[2.114162] (utils) StdoutLine: {'line': b'-- Installing: /home/parallels/CLionProjects/Homeworks/robotics_v1/install/utils/include/utils/drawing/Rectangle.h\n'}
[2.114245] (utils) StdoutLine: {'line': b'-- Installing: /home/parallels/CLionProjects/Homeworks/robotics_v1/install/utils/include/utils/drawing/Color.h\n'}
[2.114344] (utils) StdoutLine: {'line': b'-- Installing: /home/parallels/CLionProjects/Homeworks/robotics_v1/install/utils/include/utils/drawing/WidgetAligner.h\n'}
[2.114437] (utils) StdoutLine: {'line': b'-- Installing: /home/parallels/CLionProjects/Homeworks/robotics_v1/install/utils/include/utils/data_type\n'}
[2.114467] (utils) StdoutLine: {'line': b'-- Installing: /home/parallels/CLionProjects/Homeworks/robotics_v1/install/utils/include/utils/data_type/EnumClassUtils.h\n'}
[2.114492] (utils) StdoutLine: {'line': b'-- Installing: /home/parallels/CLionProjects/Homeworks/robotics_v1/install/utils/include/utils/data_type/IntegerUtils.h\n'}
[2.114517] (utils) StdoutLine: {'line': b'-- Installing: /home/parallels/CLionProjects/Homeworks/robotics_v1/install/utils/include/utils/data_type/FloatingPoint.h\n'}
[2.114542] (utils) StdoutLine: {'line': b'-- Installing: /home/parallels/CLionProjects/Homeworks/robotics_v1/install/utils/include/utils/data_type/FloatingPointUtils.h\n'}
[2.114567] (utils) StdoutLine: {'line': b'-- Installing: /home/parallels/CLionProjects/Homeworks/robotics_v1/install/utils/include/utils/data_type/StringUtils.h\n'}
[2.114592] (utils) StdoutLine: {'line': b'-- Installing: /home/parallels/CLionProjects/Homeworks/robotics_v1/install/utils/include/utils/rng\n'}
[2.114617] (utils) StdoutLine: {'line': b'-- Installing: /home/parallels/CLionProjects/Homeworks/robotics_v1/install/utils/include/utils/rng/Rng.h\n'}
[2.114641] (utils) StdoutLine: {'line': b'-- Installing: /home/parallels/CLionProjects/Homeworks/robotics_v1/install/utils/lib/cmake/utils/utilsTargets.cmake\n'}
[2.114666] (utils) StdoutLine: {'line': b'-- Installing: /home/parallels/CLionProjects/Homeworks/robotics_v1/install/utils/lib/cmake/utils/utilsTargets-debug.cmake\n'}
[2.114691] (utils) StdoutLine: {'line': b'-- Installing: /home/parallels/CLionProjects/Homeworks/robotics_v1/install/utils/lib/cmake/utils/utilsConfig.cmake\n'}
[2.115820] (utils) CommandEnded: {'returncode': 0}
[2.166161] (utils) JobEnded: {'identifier': 'utils', 'rc': 0}
[2.166496] (resource_utils) JobStarted: {'identifier': 'resource_utils'}
[2.171484] (resource_utils) JobProgress: {'identifier': 'resource_utils', 'progress': 'cmake'}
[2.172246] (resource_utils) Command: {'cmd': ['/usr/bin/cmake', '/home/parallels/CLionProjects/Homeworks/robotics_v1/src/lib/resource_utils', '-DCMAKE_BUILD_TYPE=Debug', '-DCMAKE_CXX_COMPILER=/usr/bin/clang++', '-DCMAKE_INSTALL_PREFIX=/home/parallels/CLionProjects/Homeworks/robotics_v1/install/resource_utils'], 'cwd': '/home/parallels/CLionProjects/Homeworks/robotics_v1/build/resource_utils', 'env': OrderedDict([('GJS_DEBUG_TOPICS', 'JS ERROR;JS LOG'), ('USER', 'parallels'), ('SSH_AGENT_PID', '1714'), ('XDG_SESSION_TYPE', 'x11'), ('SHLVL', '1'), ('LD_LIBRARY_PATH', '/opt/ros/foxy/opt/yaml_cpp_vendor/lib:/opt/ros/foxy/opt/rviz_ogre_vendor/lib:/opt/ros/foxy/lib/aarch64-linux-gnu:/opt/ros/foxy/lib'), ('HOME', '/home/parallels'), ('OLDPWD', '/home/parallels/CLionProjects/Homeworks'), ('DESKTOP_SESSION', 'ubuntu'), ('LSCOLORS', 'BhBadxdxCxegedabagacad'), ('GTK_MODULES', 'gail:atk-bridge'), ('GNOME_SHELL_SESSION_MODE', 'ubuntu'), ('ROS_PYTHON_VERSION', '3'), ('MANAGERPID', '944'), ('LC_CTYPE', 'C.UTF-8'), ('DBUS_SESSION_BUS_ADDRESS', 'unix:path=/run/user/1000/bus'), ('COLORTERM', 'truecolor'), ('IM_CONFIG_PHASE', '1'), ('ROS_DISTRO', 'foxy'), ('LOGNAME', 'parallels'), ('_', '/usr/bin/colcon'), ('JOURNAL_STREAM', '8:31344'), ('XDG_SESSION_CLASS', 'user'), ('ROS_VERSION', '2'), ('PKG_CONFIG_PATH', '/home/parallels/CLionProjects/Homeworks/robotics_v1/install/utils/lib/aarch64-linux-gnu/pkgconfig:/home/parallels/CLionProjects/Homeworks/robotics_v1/install/utils/lib/pkgconfig:/home/parallels/CLionProjects/Homeworks/robotics_v1/install/cmake_helpers/lib/aarch64-linux-gnu/pkgconfig:/home/parallels/CLionProjects/Homeworks/robotics_v1/install/cmake_helpers/lib/pkgconfig'), ('USERNAME', 'parallels'), ('TERM', 'xterm-256color'), ('GNOME_DESKTOP_SESSION_ID', 'this-is-deprecated'), ('ROS_LOCALHOST_ONLY', '0'), ('WINDOWPATH', '2'), ('PATH', '/opt/ros/foxy/bin:/opt/homebrew/opt/llvm/bin:/usr/local/sbin:/usr/local/bin:/usr/sbin:/usr/bin:/sbin:/bin:/usr/games:/usr/local/games:/snap/bin'), ('SESSION_MANAGER', 'local/ubuntu-linux-20-04-desktop:@/tmp/.ICE-unix/1781,unix/ubuntu-linux-20-04-desktop:/tmp/.ICE-unix/1781'), ('INVOCATION_ID', '2fabd59938d244af9f73de0d909bb3e9'), ('GNOME_TERMINAL_SCREEN', '/org/gnome/Terminal/screen/031c6917_caa3_4717_9f19_7580187d6ee6'), ('XDG_MENU_PREFIX', 'gnome-'), ('XDG_RUNTIME_DIR', '/run/user/1000'), ('DISPLAY', ':0'), ('XDG_CURRENT_DESKTOP', 'ubuntu:GNOME'), ('LANG', 'en__US.UTF-8'), ('XDG_SESSION_DESKTOP', 'ubuntu'), ('GNOME_TERMINAL_SERVICE', ':1.79'), ('XMODIFIERS', '@im=ibus'), ('XAUTHORITY', '/run/user/1000/gdm/Xauthority'), ('SSH_AUTH_SOCK', '/run/user/1000/keyring/ssh'), ('AMENT_PREFIX_PATH', '/opt/ros/foxy'), ('SHELL', '/usr/bin/zsh'), ('QT_ACCESSIBILITY', '1'), ('GDMSESSION', 'ubuntu'), ('GPG_AGENT_INFO', '/run/user/1000/gnupg/S.gpg-agent:0:1'), ('GJS_DEBUG_OUTPUT', 'stderr'), ('QT_IM_MODULE', 'ibus'), ('PWD', '/home/parallels/CLionProjects/Homeworks/robotics_v1/build/resource_utils'), ('CLICOLOR', '1'), ('XDG_CONFIG_DIRS', '/etc/xdg/xdg-ubuntu:/etc/xdg'), ('XDG_DATA_DIRS', '/usr/share/ubuntu:/usr/local/share/:/usr/share/:/var/lib/snapd/desktop'), ('PYTHONPATH', '/opt/ros/foxy/lib/python3.8/site-packages'), ('COLCON', '1'), ('VTE_VERSION', '6003'), ('CMAKE_PREFIX_PATH', '/home/parallels/CLionProjects/Homeworks/robotics_v1/install/utils:/home/parallels/CLionProjects/Homeworks/robotics_v1/install/cmake_helpers:/opt/ros/foxy')]), 'shell': False}
[2.207477] (-) TimerEvent: {}
[2.247684] (resource_utils) StdoutLine: {'line': b'-- The CXX compiler identification is Clang 10.0.0\n'}
[2.251319] (resource_utils) StdoutLine: {'line': b'-- Check for working CXX compiler: /usr/bin/clang++\n'}
[2.307710] (-) TimerEvent: {}
[2.332199] (resource_utils) StdoutLine: {'line': b'-- Check for working CXX compiler: /usr/bin/clang++ -- works\n'}
[2.332765] (resource_utils) StdoutLine: {'line': b'-- Detecting CXX compiler ABI info\n'}
[2.407879] (-) TimerEvent: {}
[2.417815] (resource_utils) StdoutLine: {'line': b'-- Detecting CXX compiler ABI info - done\n'}
[2.424028] (resource_utils) StdoutLine: {'line': b'-- Detecting CXX compile features\n'}
[2.424327] (resource_utils) StdoutLine: {'line': b'-- Detecting CXX compile features - done\n'}
[2.425071] (resource_utils) StdoutLine: {'line': b'-- Found cmake_helpers: 1.0.0 (/home/parallels/CLionProjects/Homeworks/robotics_v1/install/cmake_helpers/share/cmake_helpers/cmake)\n'}
[2.427076] (resource_utils) StdoutLine: {'line': b'-- Looking for C++ include pthread.h\n'}
[2.508562] (-) TimerEvent: {}
[2.512469] (resource_utils) StdoutLine: {'line': b'-- Looking for C++ include pthread.h - found\n'}
[2.512664] (resource_utils) StdoutLine: {'line': b'-- Performing Test CMAKE_HAVE_LIBC_PTHREAD\n'}
[2.599062] (resource_utils) StdoutLine: {'line': b'-- Performing Test CMAKE_HAVE_LIBC_PTHREAD - Failed\n'}
[2.599236] (resource_utils) StdoutLine: {'line': b'-- Looking for pthread_create in pthreads\n'}
[2.609517] (-) TimerEvent: {}
[2.667297] (resource_utils) StdoutLine: {'line': b'-- Looking for pthread_create in pthreads - not found\n'}
[2.667491] (resource_utils) StdoutLine: {'line': b'-- Looking for pthread_create in pthread\n'}
[2.709647] (-) TimerEvent: {}
[2.749158] (resource_utils) StdoutLine: {'line': b'-- Looking for pthread_create in pthread - found\n'}
[2.749639] (resource_utils) StdoutLine: {'line': b'-- Found Threads: TRUE  \n'}
[2.751519] (resource_utils) StdoutLine: {'line': b'-- Found ament_cmake: 0.9.9 (/opt/ros/foxy/share/ament_cmake/cmake)\n'}
[2.765185] (resource_utils) StdoutLine: {'line': b'-- Found PythonInterp: /usr/bin/python3 (found suitable version "3.8.10", minimum required is "3") \n'}
[2.765256] (resource_utils) StdoutLine: {'line': b'-- Using PYTHON_EXECUTABLE: /usr/bin/python3\n'}
[2.809734] (-) TimerEvent: {}
[2.888087] (resource_utils) StdoutLine: {'line': b'-- Configuring done\n'}
[2.890769] (resource_utils) StdoutLine: {'line': b'-- Generating done\n'}
[2.891429] (resource_utils) StdoutLine: {'line': b'-- Build files have been written to: /home/parallels/CLionProjects/Homeworks/robotics_v1/build/resource_utils\n'}
[2.893617] (resource_utils) CommandEnded: {'returncode': 0}
[2.894904] (resource_utils) JobProgress: {'identifier': 'resource_utils', 'progress': 'build'}
[2.895030] (resource_utils) Command: {'cmd': ['/usr/bin/cmake', '--build', '/home/parallels/CLionProjects/Homeworks/robotics_v1/build/resource_utils', '--', '-j4', '-l4'], 'cwd': '/home/parallels/CLionProjects/Homeworks/robotics_v1/build/resource_utils', 'env': OrderedDict([('GJS_DEBUG_TOPICS', 'JS ERROR;JS LOG'), ('USER', 'parallels'), ('SSH_AGENT_PID', '1714'), ('XDG_SESSION_TYPE', 'x11'), ('SHLVL', '1'), ('LD_LIBRARY_PATH', '/opt/ros/foxy/opt/yaml_cpp_vendor/lib:/opt/ros/foxy/opt/rviz_ogre_vendor/lib:/opt/ros/foxy/lib/aarch64-linux-gnu:/opt/ros/foxy/lib'), ('HOME', '/home/parallels'), ('OLDPWD', '/home/parallels/CLionProjects/Homeworks'), ('DESKTOP_SESSION', 'ubuntu'), ('LSCOLORS', 'BhBadxdxCxegedabagacad'), ('GTK_MODULES', 'gail:atk-bridge'), ('GNOME_SHELL_SESSION_MODE', 'ubuntu'), ('ROS_PYTHON_VERSION', '3'), ('MANAGERPID', '944'), ('LC_CTYPE', 'C.UTF-8'), ('DBUS_SESSION_BUS_ADDRESS', 'unix:path=/run/user/1000/bus'), ('COLORTERM', 'truecolor'), ('IM_CONFIG_PHASE', '1'), ('ROS_DISTRO', 'foxy'), ('LOGNAME', 'parallels'), ('_', '/usr/bin/colcon'), ('JOURNAL_STREAM', '8:31344'), ('XDG_SESSION_CLASS', 'user'), ('ROS_VERSION', '2'), ('PKG_CONFIG_PATH', '/home/parallels/CLionProjects/Homeworks/robotics_v1/install/utils/lib/aarch64-linux-gnu/pkgconfig:/home/parallels/CLionProjects/Homeworks/robotics_v1/install/utils/lib/pkgconfig:/home/parallels/CLionProjects/Homeworks/robotics_v1/install/cmake_helpers/lib/aarch64-linux-gnu/pkgconfig:/home/parallels/CLionProjects/Homeworks/robotics_v1/install/cmake_helpers/lib/pkgconfig'), ('USERNAME', 'parallels'), ('TERM', 'xterm-256color'), ('GNOME_DESKTOP_SESSION_ID', 'this-is-deprecated'), ('ROS_LOCALHOST_ONLY', '0'), ('WINDOWPATH', '2'), ('PATH', '/opt/ros/foxy/bin:/opt/homebrew/opt/llvm/bin:/usr/local/sbin:/usr/local/bin:/usr/sbin:/usr/bin:/sbin:/bin:/usr/games:/usr/local/games:/snap/bin'), ('SESSION_MANAGER', 'local/ubuntu-linux-20-04-desktop:@/tmp/.ICE-unix/1781,unix/ubuntu-linux-20-04-desktop:/tmp/.ICE-unix/1781'), ('INVOCATION_ID', '2fabd59938d244af9f73de0d909bb3e9'), ('GNOME_TERMINAL_SCREEN', '/org/gnome/Terminal/screen/031c6917_caa3_4717_9f19_7580187d6ee6'), ('XDG_MENU_PREFIX', 'gnome-'), ('XDG_RUNTIME_DIR', '/run/user/1000'), ('DISPLAY', ':0'), ('XDG_CURRENT_DESKTOP', 'ubuntu:GNOME'), ('LANG', 'en__US.UTF-8'), ('XDG_SESSION_DESKTOP', 'ubuntu'), ('GNOME_TERMINAL_SERVICE', ':1.79'), ('XMODIFIERS', '@im=ibus'), ('XAUTHORITY', '/run/user/1000/gdm/Xauthority'), ('SSH_AUTH_SOCK', '/run/user/1000/keyring/ssh'), ('AMENT_PREFIX_PATH', '/opt/ros/foxy'), ('SHELL', '/usr/bin/zsh'), ('QT_ACCESSIBILITY', '1'), ('GDMSESSION', 'ubuntu'), ('GPG_AGENT_INFO', '/run/user/1000/gnupg/S.gpg-agent:0:1'), ('GJS_DEBUG_OUTPUT', 'stderr'), ('QT_IM_MODULE', 'ibus'), ('PWD', '/home/parallels/CLionProjects/Homeworks/robotics_v1/build/resource_utils'), ('CLICOLOR', '1'), ('XDG_CONFIG_DIRS', '/etc/xdg/xdg-ubuntu:/etc/xdg'), ('XDG_DATA_DIRS', '/usr/share/ubuntu:/usr/local/share/:/usr/share/:/var/lib/snapd/desktop'), ('PYTHONPATH', '/opt/ros/foxy/lib/python3.8/site-packages'), ('COLCON', '1'), ('VTE_VERSION', '6003'), ('CMAKE_PREFIX_PATH', '/home/parallels/CLionProjects/Homeworks/robotics_v1/install/utils:/home/parallels/CLionProjects/Homeworks/robotics_v1/install/cmake_helpers:/opt/ros/foxy')]), 'shell': False}
[2.909855] (-) TimerEvent: {}
[2.923687] (resource_utils) StdoutLine: {'line': b'\x1b[35m\x1b[1mScanning dependencies of target resource_utils\x1b[0m\n'}
[2.932872] (resource_utils) StdoutLine: {'line': b'[ 22%] \x1b[32mBuilding CXX object CMakeFiles/resource_utils.dir/src/defines/SoundDefines.cpp.o\x1b[0m\n'}
[2.932979] (resource_utils) StdoutLine: {'line': b'[ 22%] \x1b[32mBuilding CXX object CMakeFiles/resource_utils.dir/src/common/ResourceFileHeader.cpp.o\x1b[0m\n'}
[2.933059] (resource_utils) StdoutLine: {'line': b'[ 33%] \x1b[32mBuilding CXX object CMakeFiles/resource_utils.dir/src/resource_loader/ResourceLoader.cpp.o\x1b[0m\n'}
[2.933879] (resource_utils) StdoutLine: {'line': b'[ 44%] \x1b[32mBuilding CXX object CMakeFiles/resource_utils.dir/src/structs/CombinedStructs.cpp.o\x1b[0m\n'}
[2.963365] (resource_utils) StdoutLine: {'line': b'[ 55%] \x1b[32mBuilding CXX object CMakeFiles/resource_utils.dir/src/structs/DataHeader.cpp.o\x1b[0m\n'}
[3.009964] (-) TimerEvent: {}
[3.062225] (resource_utils) StdoutLine: {'line': b'[ 66%] \x1b[32mBuilding CXX object CMakeFiles/resource_utils.dir/src/structs/ResourceData.cpp.o\x1b[0m\n'}
[3.083516] (resource_utils) StdoutLine: {'line': b'[ 77%] \x1b[32mBuilding CXX object CMakeFiles/resource_utils.dir/src/structs/FontData.cpp.o\x1b[0m\n'}
[3.084796] (resource_utils) StdoutLine: {'line': b'[ 88%] \x1b[32mBuilding CXX object CMakeFiles/resource_utils.dir/src/structs/SoundData.cpp.o\x1b[0m\n'}
[3.110070] (-) TimerEvent: {}
[3.205962] (resource_utils) StdoutLine: {'line': b'[100%] \x1b[32m\x1b[1mLinking CXX static library libresource_utils.a\x1b[0m\n'}
[3.210305] (-) TimerEvent: {}
[3.232085] (resource_utils) StdoutLine: {'line': b'[100%] Built target resource_utils\n'}
[3.241601] (resource_utils) CommandEnded: {'returncode': 0}
[3.271913] (resource_utils) JobProgress: {'identifier': 'resource_utils', 'progress': 'install'}
[3.272066] (resource_utils) Command: {'cmd': ['/usr/bin/cmake', '--install', '/home/parallels/CLionProjects/Homeworks/robotics_v1/build/resource_utils'], 'cwd': '/home/parallels/CLionProjects/Homeworks/robotics_v1/build/resource_utils', 'env': OrderedDict([('GJS_DEBUG_TOPICS', 'JS ERROR;JS LOG'), ('USER', 'parallels'), ('SSH_AGENT_PID', '1714'), ('XDG_SESSION_TYPE', 'x11'), ('SHLVL', '1'), ('LD_LIBRARY_PATH', '/opt/ros/foxy/opt/yaml_cpp_vendor/lib:/opt/ros/foxy/opt/rviz_ogre_vendor/lib:/opt/ros/foxy/lib/aarch64-linux-gnu:/opt/ros/foxy/lib'), ('HOME', '/home/parallels'), ('OLDPWD', '/home/parallels/CLionProjects/Homeworks'), ('DESKTOP_SESSION', 'ubuntu'), ('LSCOLORS', 'BhBadxdxCxegedabagacad'), ('GTK_MODULES', 'gail:atk-bridge'), ('GNOME_SHELL_SESSION_MODE', 'ubuntu'), ('ROS_PYTHON_VERSION', '3'), ('MANAGERPID', '944'), ('LC_CTYPE', 'C.UTF-8'), ('DBUS_SESSION_BUS_ADDRESS', 'unix:path=/run/user/1000/bus'), ('COLORTERM', 'truecolor'), ('IM_CONFIG_PHASE', '1'), ('ROS_DISTRO', 'foxy'), ('LOGNAME', 'parallels'), ('_', '/usr/bin/colcon'), ('JOURNAL_STREAM', '8:31344'), ('XDG_SESSION_CLASS', 'user'), ('ROS_VERSION', '2'), ('PKG_CONFIG_PATH', '/home/parallels/CLionProjects/Homeworks/robotics_v1/install/utils/lib/aarch64-linux-gnu/pkgconfig:/home/parallels/CLionProjects/Homeworks/robotics_v1/install/utils/lib/pkgconfig:/home/parallels/CLionProjects/Homeworks/robotics_v1/install/cmake_helpers/lib/aarch64-linux-gnu/pkgconfig:/home/parallels/CLionProjects/Homeworks/robotics_v1/install/cmake_helpers/lib/pkgconfig'), ('USERNAME', 'parallels'), ('TERM', 'xterm-256color'), ('GNOME_DESKTOP_SESSION_ID', 'this-is-deprecated'), ('ROS_LOCALHOST_ONLY', '0'), ('WINDOWPATH', '2'), ('PATH', '/opt/ros/foxy/bin:/opt/homebrew/opt/llvm/bin:/usr/local/sbin:/usr/local/bin:/usr/sbin:/usr/bin:/sbin:/bin:/usr/games:/usr/local/games:/snap/bin'), ('SESSION_MANAGER', 'local/ubuntu-linux-20-04-desktop:@/tmp/.ICE-unix/1781,unix/ubuntu-linux-20-04-desktop:/tmp/.ICE-unix/1781'), ('INVOCATION_ID', '2fabd59938d244af9f73de0d909bb3e9'), ('GNOME_TERMINAL_SCREEN', '/org/gnome/Terminal/screen/031c6917_caa3_4717_9f19_7580187d6ee6'), ('XDG_MENU_PREFIX', 'gnome-'), ('XDG_RUNTIME_DIR', '/run/user/1000'), ('DISPLAY', ':0'), ('XDG_CURRENT_DESKTOP', 'ubuntu:GNOME'), ('LANG', 'en__US.UTF-8'), ('XDG_SESSION_DESKTOP', 'ubuntu'), ('GNOME_TERMINAL_SERVICE', ':1.79'), ('XMODIFIERS', '@im=ibus'), ('XAUTHORITY', '/run/user/1000/gdm/Xauthority'), ('SSH_AUTH_SOCK', '/run/user/1000/keyring/ssh'), ('AMENT_PREFIX_PATH', '/opt/ros/foxy'), ('SHELL', '/usr/bin/zsh'), ('QT_ACCESSIBILITY', '1'), ('GDMSESSION', 'ubuntu'), ('GPG_AGENT_INFO', '/run/user/1000/gnupg/S.gpg-agent:0:1'), ('GJS_DEBUG_OUTPUT', 'stderr'), ('QT_IM_MODULE', 'ibus'), ('PWD', '/home/parallels/CLionProjects/Homeworks/robotics_v1/build/resource_utils'), ('CLICOLOR', '1'), ('XDG_CONFIG_DIRS', '/etc/xdg/xdg-ubuntu:/etc/xdg'), ('XDG_DATA_DIRS', '/usr/share/ubuntu:/usr/local/share/:/usr/share/:/var/lib/snapd/desktop'), ('PYTHONPATH', '/opt/ros/foxy/lib/python3.8/site-packages'), ('COLCON', '1'), ('VTE_VERSION', '6003'), ('CMAKE_PREFIX_PATH', '/home/parallels/CLionProjects/Homeworks/robotics_v1/install/utils:/home/parallels/CLionProjects/Homeworks/robotics_v1/install/cmake_helpers:/opt/ros/foxy')]), 'shell': False}
[3.278722] (resource_utils) StdoutLine: {'line': b'-- Install configuration: "Debug"\n'}
[3.278905] (resource_utils) StdoutLine: {'line': b'-- Installing: /home/parallels/CLionProjects/Homeworks/robotics_v1/install/resource_utils/share/resource_utils/package.xml\n'}
[3.279006] (resource_utils) StdoutLine: {'line': b'-- Installing: /home/parallels/CLionProjects/Homeworks/robotics_v1/install/resource_utils/lib/resource_utils/libresource_utils.a\n'}
[3.279708] (resource_utils) StdoutLine: {'line': b'-- Installing: /home/parallels/CLionProjects/Homeworks/robotics_v1/install/resource_utils/share/ament_index/resource_index/packages/resource_utils\n'}
[3.279813] (resource_utils) StdoutLine: {'line': b'-- Installing: /home/parallels/CLionProjects/Homeworks/robotics_v1/install/resource_utils/share/resource_utils/hook/ament_prefix_path.dsv\n'}
[3.279906] (resource_utils) StdoutLine: {'line': b'-- Installing: /home/parallels/CLionProjects/Homeworks/robotics_v1/install/resource_utils/share/resource_utils/hook/ros_package_path.dsv\n'}
[3.279994] (resource_utils) StdoutLine: {'line': b'-- Installing: /home/parallels/CLionProjects/Homeworks/robotics_v1/install/resource_utils/share/ament_index/resource_index/package_run_dependencies/resource_utils\n'}
[3.280073] (resource_utils) StdoutLine: {'line': b'-- Installing: /home/parallels/CLionProjects/Homeworks/robotics_v1/install/resource_utils/share/ament_index/resource_index/parent_prefix_path/resource_utils\n'}
[3.280171] (resource_utils) StdoutLine: {'line': b'-- Installing: /home/parallels/CLionProjects/Homeworks/robotics_v1/install/resource_utils/share/resource_utils/environment/ament_prefix_path.sh\n'}
[3.280287] (resource_utils) StdoutLine: {'line': b'-- Installing: /home/parallels/CLionProjects/Homeworks/robotics_v1/install/resource_utils/share/resource_utils/environment/ament_prefix_path.dsv\n'}
[3.280404] (resource_utils) StdoutLine: {'line': b'-- Installing: /home/parallels/CLionProjects/Homeworks/robotics_v1/install/resource_utils/share/resource_utils/environment/path.sh\n'}
[3.280508] (resource_utils) StdoutLine: {'line': b'-- Installing: /home/parallels/CLionProjects/Homeworks/robotics_v1/install/resource_utils/share/resource_utils/environment/path.dsv\n'}
[3.280629] (resource_utils) StdoutLine: {'line': b'-- Installing: /home/parallels/CLionProjects/Homeworks/robotics_v1/install/resource_utils/share/resource_utils/local_setup.bash\n'}
[3.280686] (resource_utils) StdoutLine: {'line': b'-- Installing: /home/parallels/CLionProjects/Homeworks/robotics_v1/install/resource_utils/share/resource_utils/local_setup.sh\n'}
[3.280714] (resource_utils) StdoutLine: {'line': b'-- Installing: /home/parallels/CLionProjects/Homeworks/robotics_v1/install/resource_utils/share/resource_utils/local_setup.zsh\n'}
[3.280785] (resource_utils) StdoutLine: {'line': b'-- Installing: /home/parallels/CLionProjects/Homeworks/robotics_v1/install/resource_utils/share/resource_utils/local_setup.dsv\n'}
[3.280934] (resource_utils) StdoutLine: {'line': b'-- Installing: /home/parallels/CLionProjects/Homeworks/robotics_v1/install/resource_utils/share/resource_utils/package.dsv\n'}
[3.280968] (resource_utils) StdoutLine: {'line': b'-- Up-to-date: /home/parallels/CLionProjects/Homeworks/robotics_v1/install/resource_utils/share/ament_index/resource_index/packages/resource_utils\n'}
[3.280996] (resource_utils) StdoutLine: {'line': b'-- Installing: /home/parallels/CLionProjects/Homeworks/robotics_v1/install/resource_utils/share/resource_utils/cmake/resource_utilsConfig.cmake\n'}
[3.281077] (resource_utils) StdoutLine: {'line': b'-- Installing: /home/parallels/CLionProjects/Homeworks/robotics_v1/install/resource_utils/share/resource_utils/cmake/resource_utilsConfig-version.cmake\n'}
[3.281197] (resource_utils) StdoutLine: {'line': b'-- Up-to-date: /home/parallels/CLionProjects/Homeworks/robotics_v1/install/resource_utils/share/resource_utils/package.xml\n'}
[3.281255] (resource_utils) StdoutLine: {'line': b'-- Installing: /home/parallels/CLionProjects/Homeworks/robotics_v1/install/resource_utils/lib/libresource_utils.a\n'}
[3.281941] (resource_utils) StdoutLine: {'line': b'-- Installing: /home/parallels/CLionProjects/Homeworks/robotics_v1/install/resource_utils/include\n'}
[3.282002] (resource_utils) StdoutLine: {'line': b'-- Installing: /home/parallels/CLionProjects/Homeworks/robotics_v1/install/resource_utils/include/resource_utils\n'}
[3.282095] (resource_utils) StdoutLine: {'line': b'-- Installing: /home/parallels/CLionProjects/Homeworks/robotics_v1/install/resource_utils/include/resource_utils/structs\n'}
[3.282198] (resource_utils) StdoutLine: {'line': b'-- Installing: /home/parallels/CLionProjects/Homeworks/robotics_v1/install/resource_utils/include/resource_utils/structs/SoundData.h\n'}
[3.282307] (resource_utils) StdoutLine: {'line': b'-- Installing: /home/parallels/CLionProjects/Homeworks/robotics_v1/install/resource_utils/include/resource_utils/structs/FontData.h\n'}
[3.282362] (resource_utils) StdoutLine: {'line': b'-- Installing: /home/parallels/CLionProjects/Homeworks/robotics_v1/install/resource_utils/include/resource_utils/structs/DataHeader.h\n'}
[3.282396] (resource_utils) StdoutLine: {'line': b'-- Installing: /home/parallels/CLionProjects/Homeworks/robotics_v1/install/resource_utils/include/resource_utils/structs/CombinedStructs.h\n'}
[3.282423] (resource_utils) StdoutLine: {'line': b'-- Installing: /home/parallels/CLionProjects/Homeworks/robotics_v1/install/resource_utils/include/resource_utils/structs/ResourceData.h\n'}
[3.282536] (resource_utils) StdoutLine: {'line': b'-- Installing: /home/parallels/CLionProjects/Homeworks/robotics_v1/install/resource_utils/include/resource_utils/common\n'}
[3.282590] (resource_utils) StdoutLine: {'line': b'-- Installing: /home/parallels/CLionProjects/Homeworks/robotics_v1/install/resource_utils/include/resource_utils/common/ResourceFileHeader.h\n'}
[3.282627] (resource_utils) StdoutLine: {'line': b'-- Installing: /home/parallels/CLionProjects/Homeworks/robotics_v1/install/resource_utils/include/resource_utils/resource_loader\n'}
[3.282663] (resource_utils) StdoutLine: {'line': b'-- Installing: /home/parallels/CLionProjects/Homeworks/robotics_v1/install/resource_utils/include/resource_utils/resource_loader/ResourceLoader.h\n'}
[3.282740] (resource_utils) StdoutLine: {'line': b'-- Installing: /home/parallels/CLionProjects/Homeworks/robotics_v1/install/resource_utils/include/resource_utils/defines\n'}
[3.282836] (resource_utils) StdoutLine: {'line': b'-- Installing: /home/parallels/CLionProjects/Homeworks/robotics_v1/install/resource_utils/include/resource_utils/defines/ResourceDefines.h\n'}
[3.282870] (resource_utils) StdoutLine: {'line': b'-- Installing: /home/parallels/CLionProjects/Homeworks/robotics_v1/install/resource_utils/include/resource_utils/defines/SoundDefines.h\n'}
[3.282959] (resource_utils) StdoutLine: {'line': b'-- Installing: /home/parallels/CLionProjects/Homeworks/robotics_v1/install/resource_utils/lib/cmake/resource_utils/resource_utilsTargets.cmake\n'}
[3.282992] (resource_utils) StdoutLine: {'line': b'-- Installing: /home/parallels/CLionProjects/Homeworks/robotics_v1/install/resource_utils/lib/cmake/resource_utils/resource_utilsTargets-debug.cmake\n'}
[3.283024] (resource_utils) StdoutLine: {'line': b'-- Installing: /home/parallels/CLionProjects/Homeworks/robotics_v1/install/resource_utils/lib/cmake/resource_utils/resource_utilsConfig.cmake\n'}
[3.284278] (resource_utils) CommandEnded: {'returncode': 0}
[3.310526] (-) TimerEvent: {}
[3.322346] (resource_utils) JobEnded: {'identifier': 'resource_utils', 'rc': 0}
[3.322987] (resource_builder) JobStarted: {'identifier': 'resource_builder'}
[3.329397] (resource_builder) JobProgress: {'identifier': 'resource_builder', 'progress': 'cmake'}
[3.330142] (resource_builder) Command: {'cmd': ['/usr/bin/cmake', '/home/parallels/CLionProjects/Homeworks/robotics_v1/src/tools/resource_builder', '-DCMAKE_BUILD_TYPE=Debug', '-DCMAKE_CXX_COMPILER=/usr/bin/clang++', '-DCMAKE_INSTALL_PREFIX=/home/parallels/CLionProjects/Homeworks/robotics_v1/install/resource_builder'], 'cwd': '/home/parallels/CLionProjects/Homeworks/robotics_v1/build/resource_builder', 'env': OrderedDict([('GJS_DEBUG_TOPICS', 'JS ERROR;JS LOG'), ('USER', 'parallels'), ('SSH_AGENT_PID', '1714'), ('XDG_SESSION_TYPE', 'x11'), ('SHLVL', '1'), ('LD_LIBRARY_PATH', '/opt/ros/foxy/opt/yaml_cpp_vendor/lib:/opt/ros/foxy/opt/rviz_ogre_vendor/lib:/opt/ros/foxy/lib/aarch64-linux-gnu:/opt/ros/foxy/lib'), ('HOME', '/home/parallels'), ('OLDPWD', '/home/parallels/CLionProjects/Homeworks'), ('DESKTOP_SESSION', 'ubuntu'), ('LSCOLORS', 'BhBadxdxCxegedabagacad'), ('GTK_MODULES', 'gail:atk-bridge'), ('GNOME_SHELL_SESSION_MODE', 'ubuntu'), ('ROS_PYTHON_VERSION', '3'), ('MANAGERPID', '944'), ('LC_CTYPE', 'C.UTF-8'), ('DBUS_SESSION_BUS_ADDRESS', 'unix:path=/run/user/1000/bus'), ('COLORTERM', 'truecolor'), ('IM_CONFIG_PHASE', '1'), ('ROS_DISTRO', 'foxy'), ('LOGNAME', 'parallels'), ('_', '/usr/bin/colcon'), ('JOURNAL_STREAM', '8:31344'), ('XDG_SESSION_CLASS', 'user'), ('ROS_VERSION', '2'), ('PKG_CONFIG_PATH', '/home/parallels/CLionProjects/Homeworks/robotics_v1/install/resource_utils/lib/aarch64-linux-gnu/pkgconfig:/home/parallels/CLionProjects/Homeworks/robotics_v1/install/resource_utils/lib/pkgconfig:/home/parallels/CLionProjects/Homeworks/robotics_v1/install/utils/lib/aarch64-linux-gnu/pkgconfig:/home/parallels/CLionProjects/Homeworks/robotics_v1/install/utils/lib/pkgconfig:/home/parallels/CLionProjects/Homeworks/robotics_v1/install/cmake_helpers/lib/aarch64-linux-gnu/pkgconfig:/home/parallels/CLionProjects/Homeworks/robotics_v1/install/cmake_helpers/lib/pkgconfig'), ('USERNAME', 'parallels'), ('TERM', 'xterm-256color'), ('GNOME_DESKTOP_SESSION_ID', 'this-is-deprecated'), ('ROS_LOCALHOST_ONLY', '0'), ('WINDOWPATH', '2'), ('PATH', '/opt/ros/foxy/bin:/opt/homebrew/opt/llvm/bin:/usr/local/sbin:/usr/local/bin:/usr/sbin:/usr/bin:/sbin:/bin:/usr/games:/usr/local/games:/snap/bin'), ('SESSION_MANAGER', 'local/ubuntu-linux-20-04-desktop:@/tmp/.ICE-unix/1781,unix/ubuntu-linux-20-04-desktop:/tmp/.ICE-unix/1781'), ('INVOCATION_ID', '2fabd59938d244af9f73de0d909bb3e9'), ('GNOME_TERMINAL_SCREEN', '/org/gnome/Terminal/screen/031c6917_caa3_4717_9f19_7580187d6ee6'), ('XDG_MENU_PREFIX', 'gnome-'), ('XDG_RUNTIME_DIR', '/run/user/1000'), ('DISPLAY', ':0'), ('XDG_CURRENT_DESKTOP', 'ubuntu:GNOME'), ('LANG', 'en__US.UTF-8'), ('XDG_SESSION_DESKTOP', 'ubuntu'), ('GNOME_TERMINAL_SERVICE', ':1.79'), ('XMODIFIERS', '@im=ibus'), ('XAUTHORITY', '/run/user/1000/gdm/Xauthority'), ('SSH_AUTH_SOCK', '/run/user/1000/keyring/ssh'), ('AMENT_PREFIX_PATH', '/opt/ros/foxy'), ('SHELL', '/usr/bin/zsh'), ('QT_ACCESSIBILITY', '1'), ('GDMSESSION', 'ubuntu'), ('GPG_AGENT_INFO', '/run/user/1000/gnupg/S.gpg-agent:0:1'), ('GJS_DEBUG_OUTPUT', 'stderr'), ('QT_IM_MODULE', 'ibus'), ('PWD', '/home/parallels/CLionProjects/Homeworks/robotics_v1/build/resource_builder'), ('CLICOLOR', '1'), ('XDG_CONFIG_DIRS', '/etc/xdg/xdg-ubuntu:/etc/xdg'), ('XDG_DATA_DIRS', '/usr/share/ubuntu:/usr/local/share/:/usr/share/:/var/lib/snapd/desktop'), ('PYTHONPATH', '/opt/ros/foxy/lib/python3.8/site-packages'), ('COLCON', '1'), ('VTE_VERSION', '6003'), ('CMAKE_PREFIX_PATH', '/home/parallels/CLionProjects/Homeworks/robotics_v1/install/resource_utils:/home/parallels/CLionProjects/Homeworks/robotics_v1/install/utils:/home/parallels/CLionProjects/Homeworks/robotics_v1/install/cmake_helpers:/opt/ros/foxy')]), 'shell': False}
[3.401834] (resource_builder) StdoutLine: {'line': b'-- The CXX compiler identification is Clang 10.0.0\n'}
[3.405754] (resource_builder) StdoutLine: {'line': b'-- Check for working CXX compiler: /usr/bin/clang++\n'}
[3.410669] (-) TimerEvent: {}
[3.486863] (resource_builder) StdoutLine: {'line': b'-- Check for working CXX compiler: /usr/bin/clang++ -- works\n'}
[3.487361] (resource_builder) StdoutLine: {'line': b'-- Detecting CXX compiler ABI info\n'}
[3.511054] (-) TimerEvent: {}
[3.568967] (resource_builder) StdoutLine: {'line': b'-- Detecting CXX compiler ABI info - done\n'}
[3.575057] (resource_builder) StdoutLine: {'line': b'-- Detecting CXX compile features\n'}
[3.575375] (resource_builder) StdoutLine: {'line': b'-- Detecting CXX compile features - done\n'}
[3.576031] (resource_builder) StdoutLine: {'line': b'-- Found cmake_helpers: 1.0.0 (/home/parallels/CLionProjects/Homeworks/robotics_v1/install/cmake_helpers/share/cmake_helpers/cmake)\n'}
[3.577129] (resource_builder) StdoutLine: {'line': b'-- Looking for C++ include pthread.h\n'}
[3.611503] (-) TimerEvent: {}
[3.663291] (resource_builder) StdoutLine: {'line': b'-- Looking for C++ include pthread.h - found\n'}
[3.663509] (resource_builder) StdoutLine: {'line': b'-- Performing Test CMAKE_HAVE_LIBC_PTHREAD\n'}
[3.711628] (-) TimerEvent: {}
[3.749692] (resource_builder) StdoutLine: {'line': b'-- Performing Test CMAKE_HAVE_LIBC_PTHREAD - Failed\n'}
[3.749884] (resource_builder) StdoutLine: {'line': b'-- Looking for pthread_create in pthreads\n'}
[3.812415] (-) TimerEvent: {}
[3.817818] (resource_builder) StdoutLine: {'line': b'-- Looking for pthread_create in pthreads - not found\n'}
[3.817968] (resource_builder) StdoutLine: {'line': b'-- Looking for pthread_create in pthread\n'}
[3.898924] (resource_builder) StdoutLine: {'line': b'-- Looking for pthread_create in pthread - found\n'}
[3.899441] (resource_builder) StdoutLine: {'line': b'-- Found Threads: TRUE  \n'}
[3.901645] (resource_builder) StdoutLine: {'line': b'-- Found ament_cmake: 0.9.9 (/opt/ros/foxy/share/ament_cmake/cmake)\n'}
[3.912512] (-) TimerEvent: {}
[3.915495] (resource_builder) StdoutLine: {'line': b'-- Found PythonInterp: /usr/bin/python3 (found suitable version "3.8.10", minimum required is "3") \n'}
[3.915586] (resource_builder) StdoutLine: {'line': b'-- Using PYTHON_EXECUTABLE: /usr/bin/python3\n'}
[4.012924] (-) TimerEvent: {}
[4.040164] (resource_builder) StdoutLine: {'line': b'-- Configuring done\n'}
[4.042640] (resource_builder) StdoutLine: {'line': b'-- Generating done\n'}
[4.043220] (resource_builder) StdoutLine: {'line': b'-- Build files have been written to: /home/parallels/CLionProjects/Homeworks/robotics_v1/build/resource_builder\n'}
[4.046368] (resource_builder) CommandEnded: {'returncode': 0}
[4.047014] (resource_builder) JobProgress: {'identifier': 'resource_builder', 'progress': 'build'}
[4.047047] (resource_builder) Command: {'cmd': ['/usr/bin/cmake', '--build', '/home/parallels/CLionProjects/Homeworks/robotics_v1/build/resource_builder', '--', '-j4', '-l4'], 'cwd': '/home/parallels/CLionProjects/Homeworks/robotics_v1/build/resource_builder', 'env': OrderedDict([('GJS_DEBUG_TOPICS', 'JS ERROR;JS LOG'), ('USER', 'parallels'), ('SSH_AGENT_PID', '1714'), ('XDG_SESSION_TYPE', 'x11'), ('SHLVL', '1'), ('LD_LIBRARY_PATH', '/opt/ros/foxy/opt/yaml_cpp_vendor/lib:/opt/ros/foxy/opt/rviz_ogre_vendor/lib:/opt/ros/foxy/lib/aarch64-linux-gnu:/opt/ros/foxy/lib'), ('HOME', '/home/parallels'), ('OLDPWD', '/home/parallels/CLionProjects/Homeworks'), ('DESKTOP_SESSION', 'ubuntu'), ('LSCOLORS', 'BhBadxdxCxegedabagacad'), ('GTK_MODULES', 'gail:atk-bridge'), ('GNOME_SHELL_SESSION_MODE', 'ubuntu'), ('ROS_PYTHON_VERSION', '3'), ('MANAGERPID', '944'), ('LC_CTYPE', 'C.UTF-8'), ('DBUS_SESSION_BUS_ADDRESS', 'unix:path=/run/user/1000/bus'), ('COLORTERM', 'truecolor'), ('IM_CONFIG_PHASE', '1'), ('ROS_DISTRO', 'foxy'), ('LOGNAME', 'parallels'), ('_', '/usr/bin/colcon'), ('JOURNAL_STREAM', '8:31344'), ('XDG_SESSION_CLASS', 'user'), ('ROS_VERSION', '2'), ('PKG_CONFIG_PATH', '/home/parallels/CLionProjects/Homeworks/robotics_v1/install/resource_utils/lib/aarch64-linux-gnu/pkgconfig:/home/parallels/CLionProjects/Homeworks/robotics_v1/install/resource_utils/lib/pkgconfig:/home/parallels/CLionProjects/Homeworks/robotics_v1/install/utils/lib/aarch64-linux-gnu/pkgconfig:/home/parallels/CLionProjects/Homeworks/robotics_v1/install/utils/lib/pkgconfig:/home/parallels/CLionProjects/Homeworks/robotics_v1/install/cmake_helpers/lib/aarch64-linux-gnu/pkgconfig:/home/parallels/CLionProjects/Homeworks/robotics_v1/install/cmake_helpers/lib/pkgconfig'), ('USERNAME', 'parallels'), ('TERM', 'xterm-256color'), ('GNOME_DESKTOP_SESSION_ID', 'this-is-deprecated'), ('ROS_LOCALHOST_ONLY', '0'), ('WINDOWPATH', '2'), ('PATH', '/opt/ros/foxy/bin:/opt/homebrew/opt/llvm/bin:/usr/local/sbin:/usr/local/bin:/usr/sbin:/usr/bin:/sbin:/bin:/usr/games:/usr/local/games:/snap/bin'), ('SESSION_MANAGER', 'local/ubuntu-linux-20-04-desktop:@/tmp/.ICE-unix/1781,unix/ubuntu-linux-20-04-desktop:/tmp/.ICE-unix/1781'), ('INVOCATION_ID', '2fabd59938d244af9f73de0d909bb3e9'), ('GNOME_TERMINAL_SCREEN', '/org/gnome/Terminal/screen/031c6917_caa3_4717_9f19_7580187d6ee6'), ('XDG_MENU_PREFIX', 'gnome-'), ('XDG_RUNTIME_DIR', '/run/user/1000'), ('DISPLAY', ':0'), ('XDG_CURRENT_DESKTOP', 'ubuntu:GNOME'), ('LANG', 'en__US.UTF-8'), ('XDG_SESSION_DESKTOP', 'ubuntu'), ('GNOME_TERMINAL_SERVICE', ':1.79'), ('XMODIFIERS', '@im=ibus'), ('XAUTHORITY', '/run/user/1000/gdm/Xauthority'), ('SSH_AUTH_SOCK', '/run/user/1000/keyring/ssh'), ('AMENT_PREFIX_PATH', '/opt/ros/foxy'), ('SHELL', '/usr/bin/zsh'), ('QT_ACCESSIBILITY', '1'), ('GDMSESSION', 'ubuntu'), ('GPG_AGENT_INFO', '/run/user/1000/gnupg/S.gpg-agent:0:1'), ('GJS_DEBUG_OUTPUT', 'stderr'), ('QT_IM_MODULE', 'ibus'), ('PWD', '/home/parallels/CLionProjects/Homeworks/robotics_v1/build/resource_builder'), ('CLICOLOR', '1'), ('XDG_CONFIG_DIRS', '/etc/xdg/xdg-ubuntu:/etc/xdg'), ('XDG_DATA_DIRS', '/usr/share/ubuntu:/usr/local/share/:/usr/share/:/var/lib/snapd/desktop'), ('PYTHONPATH', '/opt/ros/foxy/lib/python3.8/site-packages'), ('COLCON', '1'), ('VTE_VERSION', '6003'), ('CMAKE_PREFIX_PATH', '/home/parallels/CLionProjects/Homeworks/robotics_v1/install/resource_utils:/home/parallels/CLionProjects/Homeworks/robotics_v1/install/utils:/home/parallels/CLionProjects/Homeworks/robotics_v1/install/cmake_helpers:/opt/ros/foxy')]), 'shell': False}
[4.077508] (resource_builder) StdoutLine: {'line': b'\x1b[35m\x1b[1mScanning dependencies of target resource_builder\x1b[0m\n'}
[4.087002] (resource_builder) StdoutLine: {'line': b'[ 33%] \x1b[32mBuilding CXX object CMakeFiles/resource_builder.dir/src/FileParser.cpp.o\x1b[0m\n'}
[4.087115] (resource_builder) StdoutLine: {'line': b'[ 33%] \x1b[32mBuilding CXX object CMakeFiles/resource_builder.dir/src/FileBuilder.cpp.o\x1b[0m\n'}
[4.087605] (resource_builder) StdoutLine: {'line': b'[ 50%] \x1b[32mBuilding CXX object CMakeFiles/resource_builder.dir/src/main.cpp.o\x1b[0m\n'}
[4.087772] (resource_builder) StdoutLine: {'line': b'[ 66%] \x1b[32mBuilding CXX object CMakeFiles/resource_builder.dir/src/ResourceParser.cpp.o\x1b[0m\n'}
[4.113036] (-) TimerEvent: {}
[4.213311] (-) TimerEvent: {}
[4.313570] (-) TimerEvent: {}
[4.341480] (resource_builder) StdoutLine: {'line': b'[ 83%] \x1b[32mBuilding CXX object CMakeFiles/resource_builder.dir/src/SyntaxChecker.cpp.o\x1b[0m\n'}
[4.413846] (-) TimerEvent: {}
[4.475599] (resource_builder) StdoutLine: {'line': b'[100%] \x1b[32m\x1b[1mLinking CXX executable resource_builder\x1b[0m\n'}
[4.513999] (-) TimerEvent: {}
[4.550244] (resource_builder) StdoutLine: {'line': b'[100%] Built target resource_builder\n'}
[4.558849] (resource_builder) CommandEnded: {'returncode': 0}
[4.584120] (resource_builder) JobProgress: {'identifier': 'resource_builder', 'progress': 'install'}
[4.584244] (resource_builder) Command: {'cmd': ['/usr/bin/cmake', '--install', '/home/parallels/CLionProjects/Homeworks/robotics_v1/build/resource_builder'], 'cwd': '/home/parallels/CLionProjects/Homeworks/robotics_v1/build/resource_builder', 'env': OrderedDict([('GJS_DEBUG_TOPICS', 'JS ERROR;JS LOG'), ('USER', 'parallels'), ('SSH_AGENT_PID', '1714'), ('XDG_SESSION_TYPE', 'x11'), ('SHLVL', '1'), ('LD_LIBRARY_PATH', '/opt/ros/foxy/opt/yaml_cpp_vendor/lib:/opt/ros/foxy/opt/rviz_ogre_vendor/lib:/opt/ros/foxy/lib/aarch64-linux-gnu:/opt/ros/foxy/lib'), ('HOME', '/home/parallels'), ('OLDPWD', '/home/parallels/CLionProjects/Homeworks'), ('DESKTOP_SESSION', 'ubuntu'), ('LSCOLORS', 'BhBadxdxCxegedabagacad'), ('GTK_MODULES', 'gail:atk-bridge'), ('GNOME_SHELL_SESSION_MODE', 'ubuntu'), ('ROS_PYTHON_VERSION', '3'), ('MANAGERPID', '944'), ('LC_CTYPE', 'C.UTF-8'), ('DBUS_SESSION_BUS_ADDRESS', 'unix:path=/run/user/1000/bus'), ('COLORTERM', 'truecolor'), ('IM_CONFIG_PHASE', '1'), ('ROS_DISTRO', 'foxy'), ('LOGNAME', 'parallels'), ('_', '/usr/bin/colcon'), ('JOURNAL_STREAM', '8:31344'), ('XDG_SESSION_CLASS', 'user'), ('ROS_VERSION', '2'), ('PKG_CONFIG_PATH', '/home/parallels/CLionProjects/Homeworks/robotics_v1/install/resource_utils/lib/aarch64-linux-gnu/pkgconfig:/home/parallels/CLionProjects/Homeworks/robotics_v1/install/resource_utils/lib/pkgconfig:/home/parallels/CLionProjects/Homeworks/robotics_v1/install/utils/lib/aarch64-linux-gnu/pkgconfig:/home/parallels/CLionProjects/Homeworks/robotics_v1/install/utils/lib/pkgconfig:/home/parallels/CLionProjects/Homeworks/robotics_v1/install/cmake_helpers/lib/aarch64-linux-gnu/pkgconfig:/home/parallels/CLionProjects/Homeworks/robotics_v1/install/cmake_helpers/lib/pkgconfig'), ('USERNAME', 'parallels'), ('TERM', 'xterm-256color'), ('GNOME_DESKTOP_SESSION_ID', 'this-is-deprecated'), ('ROS_LOCALHOST_ONLY', '0'), ('WINDOWPATH', '2'), ('PATH', '/opt/ros/foxy/bin:/opt/homebrew/opt/llvm/bin:/usr/local/sbin:/usr/local/bin:/usr/sbin:/usr/bin:/sbin:/bin:/usr/games:/usr/local/games:/snap/bin'), ('SESSION_MANAGER', 'local/ubuntu-linux-20-04-desktop:@/tmp/.ICE-unix/1781,unix/ubuntu-linux-20-04-desktop:/tmp/.ICE-unix/1781'), ('INVOCATION_ID', '2fabd59938d244af9f73de0d909bb3e9'), ('GNOME_TERMINAL_SCREEN', '/org/gnome/Terminal/screen/031c6917_caa3_4717_9f19_7580187d6ee6'), ('XDG_MENU_PREFIX', 'gnome-'), ('XDG_RUNTIME_DIR', '/run/user/1000'), ('DISPLAY', ':0'), ('XDG_CURRENT_DESKTOP', 'ubuntu:GNOME'), ('LANG', 'en__US.UTF-8'), ('XDG_SESSION_DESKTOP', 'ubuntu'), ('GNOME_TERMINAL_SERVICE', ':1.79'), ('XMODIFIERS', '@im=ibus'), ('XAUTHORITY', '/run/user/1000/gdm/Xauthority'), ('SSH_AUTH_SOCK', '/run/user/1000/keyring/ssh'), ('AMENT_PREFIX_PATH', '/opt/ros/foxy'), ('SHELL', '/usr/bin/zsh'), ('QT_ACCESSIBILITY', '1'), ('GDMSESSION', 'ubuntu'), ('GPG_AGENT_INFO', '/run/user/1000/gnupg/S.gpg-agent:0:1'), ('GJS_DEBUG_OUTPUT', 'stderr'), ('QT_IM_MODULE', 'ibus'), ('PWD', '/home/parallels/CLionProjects/Homeworks/robotics_v1/build/resource_builder'), ('CLICOLOR', '1'), ('XDG_CONFIG_DIRS', '/etc/xdg/xdg-ubuntu:/etc/xdg'), ('XDG_DATA_DIRS', '/usr/share/ubuntu:/usr/local/share/:/usr/share/:/var/lib/snapd/desktop'), ('PYTHONPATH', '/opt/ros/foxy/lib/python3.8/site-packages'), ('COLCON', '1'), ('VTE_VERSION', '6003'), ('CMAKE_PREFIX_PATH', '/home/parallels/CLionProjects/Homeworks/robotics_v1/install/resource_utils:/home/parallels/CLionProjects/Homeworks/robotics_v1/install/utils:/home/parallels/CLionProjects/Homeworks/robotics_v1/install/cmake_helpers:/opt/ros/foxy')]), 'shell': False}
[4.590649] (resource_builder) StdoutLine: {'line': b'-- Install configuration: "Debug"\n'}
[4.590804] (resource_builder) StdoutLine: {'line': b'-- Installing: /home/parallels/CLionProjects/Homeworks/robotics_v1/install/resource_builder/share/resource_builder/package.xml\n'}
[4.590912] (resource_builder) StdoutLine: {'line': b'-- Installing: /home/parallels/CLionProjects/Homeworks/robotics_v1/install/resource_builder/lib/resource_builder/resource_builder\n'}
[4.591671] (resource_builder) StdoutLine: {'line': b'-- Installing: /home/parallels/CLionProjects/Homeworks/robotics_v1/install/resource_builder/share/ament_index/resource_index/packages/resource_builder\n'}
[4.591821] (resource_builder) StdoutLine: {'line': b'-- Installing: /home/parallels/CLionProjects/Homeworks/robotics_v1/install/resource_builder/share/resource_builder/hook/ament_prefix_path.dsv\n'}
[4.591911] (resource_builder) StdoutLine: {'line': b'-- Installing: /home/parallels/CLionProjects/Homeworks/robotics_v1/install/resource_builder/share/resource_builder/hook/ros_package_path.dsv\n'}
[4.592015] (resource_builder) StdoutLine: {'line': b'-- Installing: /home/parallels/CLionProjects/Homeworks/robotics_v1/install/resource_builder/share/ament_index/resource_index/package_run_dependencies/resource_builder\n'}
[4.592116] (resource_builder) StdoutLine: {'line': b'-- Installing: /home/parallels/CLionProjects/Homeworks/robotics_v1/install/resource_builder/share/ament_index/resource_index/parent_prefix_path/resource_builder\n'}
[4.592237] (resource_builder) StdoutLine: {'line': b'-- Installing: /home/parallels/CLionProjects/Homeworks/robotics_v1/install/resource_builder/share/resource_builder/environment/ament_prefix_path.sh\n'}
[4.592400] (resource_builder) StdoutLine: {'line': b'-- Installing: /home/parallels/CLionProjects/Homeworks/robotics_v1/install/resource_builder/share/resource_builder/environment/ament_prefix_path.dsv\n'}
[4.592444] (resource_builder) StdoutLine: {'line': b'-- Installing: /home/parallels/CLionProjects/Homeworks/robotics_v1/install/resource_builder/share/resource_builder/environment/path.sh\n'}
[4.592560] (resource_builder) StdoutLine: {'line': b'-- Installing: /home/parallels/CLionProjects/Homeworks/robotics_v1/install/resource_builder/share/resource_builder/environment/path.dsv\n'}
[4.592622] (resource_builder) StdoutLine: {'line': b'-- Installing: /home/parallels/CLionProjects/Homeworks/robotics_v1/install/resource_builder/share/resource_builder/local_setup.bash\n'}
[4.592708] (resource_builder) StdoutLine: {'line': b'-- Installing: /home/parallels/CLionProjects/Homeworks/robotics_v1/install/resource_builder/share/resource_builder/local_setup.sh\n'}
[4.592750] (resource_builder) StdoutLine: {'line': b'-- Installing: /home/parallels/CLionProjects/Homeworks/robotics_v1/install/resource_builder/share/resource_builder/local_setup.zsh\n'}
[4.592778] (resource_builder) StdoutLine: {'line': b'-- Installing: /home/parallels/CLionProjects/Homeworks/robotics_v1/install/resource_builder/share/resource_builder/local_setup.dsv\n'}
[4.592863] (resource_builder) StdoutLine: {'line': b'-- Installing: /home/parallels/CLionProjects/Homeworks/robotics_v1/install/resource_builder/share/resource_builder/package.dsv\n'}
[4.592930] (resource_builder) StdoutLine: {'line': b'-- Up-to-date: /home/parallels/CLionProjects/Homeworks/robotics_v1/install/resource_builder/share/ament_index/resource_index/packages/resource_builder\n'}
[4.592989] (resource_builder) StdoutLine: {'line': b'-- Installing: /home/parallels/CLionProjects/Homeworks/robotics_v1/install/resource_builder/share/resource_builder/cmake/resource_builderConfig.cmake\n'}
[4.593028] (resource_builder) StdoutLine: {'line': b'-- Installing: /home/parallels/CLionProjects/Homeworks/robotics_v1/install/resource_builder/share/resource_builder/cmake/resource_builderConfig-version.cmake\n'}
[4.593122] (resource_builder) StdoutLine: {'line': b'-- Up-to-date: /home/parallels/CLionProjects/Homeworks/robotics_v1/install/resource_builder/share/resource_builder/package.xml\n'}
[4.593245] (resource_builder) StdoutLine: {'line': b'-- Installing: /home/parallels/CLionProjects/Homeworks/robotics_v1/install/resource_builder/bin/resource_builder\n'}
[4.593745] (resource_builder) StdoutLine: {'line': b'-- Installing: /home/parallels/CLionProjects/Homeworks/robotics_v1/install/resource_builder/include\n'}
[4.593870] (resource_builder) StdoutLine: {'line': b'-- Installing: /home/parallels/CLionProjects/Homeworks/robotics_v1/install/resource_builder/include/resource_builder\n'}
[4.593945] (resource_builder) StdoutLine: {'line': b'-- Installing: /home/parallels/CLionProjects/Homeworks/robotics_v1/install/resource_builder/include/resource_builder/FileBuilder.h\n'}
[4.593979] (resource_builder) StdoutLine: {'line': b'-- Installing: /home/parallels/CLionProjects/Homeworks/robotics_v1/install/resource_builder/include/resource_builder/FileParser.h\n'}
[4.594005] (resource_builder) StdoutLine: {'line': b'-- Installing: /home/parallels/CLionProjects/Homeworks/robotics_v1/install/resource_builder/include/resource_builder/SyntaxChecker.h\n'}
[4.594032] (resource_builder) StdoutLine: {'line': b'-- Installing: /home/parallels/CLionProjects/Homeworks/robotics_v1/install/resource_builder/include/resource_builder/ResourceParser.h\n'}
[4.594098] (resource_builder) StdoutLine: {'line': b'-- Installing: /home/parallels/CLionProjects/Homeworks/robotics_v1/install/resource_builder/lib/cmake/resource_builder/resource_builderTargets.cmake\n'}
[4.594211] (resource_builder) StdoutLine: {'line': b'-- Installing: /home/parallels/CLionProjects/Homeworks/robotics_v1/install/resource_builder/lib/cmake/resource_builder/resource_builderTargets-debug.cmake\n'}
[4.594248] (resource_builder) StdoutLine: {'line': b'-- Installing: /home/parallels/CLionProjects/Homeworks/robotics_v1/install/resource_builder/lib/cmake/resource_builder/resource_builderConfig.cmake\n'}
[4.595718] (resource_builder) CommandEnded: {'returncode': 0}
[4.614126] (-) TimerEvent: {}
[4.628371] (resource_builder) JobEnded: {'identifier': 'resource_builder', 'rc': 0}
[4.628683] (-) EventReactorShutdown: {}
