[0.022s] Invoking command in '/home/parallels/CLionProjects/Homeworks/robotics_v1/build/urscript_interfaces': CMAKE_PREFIX_PATH=/opt/ros/foxy /usr/bin/cmake /home/parallels/CLionProjects/Homeworks/robotics_v1/src/ur_dev/urscript/urscript_interfaces -DCMAKE_BUILD_TYPE=Debug -DCMAKE_CXX_COMPILER=/usr/bin/clang++ -DAMENT_CMAKE_SYMLINK_INSTALL=1 -DCMAKE_INSTALL_PREFIX=/home/parallels/CLionProjects/Homeworks/robotics_v1/install/urscript_interfaces
[0.066s] -- The C compiler identification is GNU 9.4.0
[0.139s] -- The CXX compiler identification is Clang 10.0.0
[0.145s] -- Check for working C compiler: /usr/bin/cc
[0.219s] -- Check for working C compiler: /usr/bin/cc -- works
[0.220s] -- Detecting C compiler ABI info
[0.286s] -- Detecting C compiler ABI info - done
[0.293s] -- Detecting C compile features
[0.293s] -- Detecting C compile features - done
[0.307s] -- Check for working CXX compiler: /usr/bin/clang++
[0.417s] -- Check for working CXX compiler: /usr/bin/clang++ -- works
[0.418s] -- Detecting CXX compiler ABI info
[0.511s] -- Detecting CXX compiler ABI info - done
[0.518s] -- Detecting CXX compile features
[0.519s] -- Detecting CXX compile features - done
[0.520s] -- Found ament_cmake: 0.9.9 (/opt/ros/foxy/share/ament_cmake/cmake)
[0.536s] -- Found PythonInterp: /usr/bin/python3 (found suitable version "3.8.10", minimum required is "3") 
[0.536s] -- Using PYTHON_EXECUTABLE: /usr/bin/python3
[0.623s] -- Override CMake install command with custom implementation using symlinks instead of copying resources
[0.637s] -- Found rosidl_default_generators: 1.0.1 (/opt/ros/foxy/share/rosidl_default_generators/cmake)
[0.639s] -- Using all available rosidl_typesupport_c: rosidl_typesupport_fastrtps_c;rosidl_typesupport_introspection_c
[0.643s] -- Found rosidl_adapter: 1.2.1 (/opt/ros/foxy/share/rosidl_adapter/cmake)
[0.713s] -- Found OpenSSL: /usr/lib/aarch64-linux-gnu/libcrypto.so (found version "1.1.1f")  
[0.736s] -- Found FastRTPS: /opt/ros/foxy/include  
[0.793s] -- Using all available rosidl_typesupport_cpp: rosidl_typesupport_fastrtps_cpp;rosidl_typesupport_introspection_cpp
[0.824s] -- Found PythonInterp: /usr/bin/python3 (found version "3.8.10") 
[0.902s] -- Found ament_cmake_ros: 0.9.2 (/opt/ros/foxy/share/ament_cmake_ros/cmake)
[0.982s] -- Using all available rosidl_typesupport_c: rosidl_typesupport_fastrtps_c;rosidl_typesupport_introspection_c
[0.988s] -- Using all available rosidl_typesupport_cpp: rosidl_typesupport_fastrtps_cpp;rosidl_typesupport_introspection_cpp
[1.007s] -- Found PythonInterp: /usr/bin/python3 (found suitable version "3.8.10", minimum required is "3.5") 
[1.008s] -- Found python_cmake_module: 0.8.1 (/opt/ros/foxy/share/python_cmake_module/cmake)
[1.029s] -- Found PythonLibs: /usr/lib/aarch64-linux-gnu/libpython3.8.so (found suitable version "3.8.10", minimum required is "3.5") 
[1.029s] -- Using PYTHON_EXECUTABLE: /usr/bin/python3
[1.029s] -- Using PYTHON_INCLUDE_DIRS: /usr/include/python3.8
[1.029s] -- Using PYTHON_LIBRARIES: /usr/lib/aarch64-linux-gnu/libpython3.8.so
[1.042s] -- Found PythonExtra: .so  
[1.078s] -- Configuring done
[1.097s] -- Generating done
[1.098s] -- Build files have been written to: /home/parallels/CLionProjects/Homeworks/robotics_v1/build/urscript_interfaces
[1.104s] Invoked command in '/home/parallels/CLionProjects/Homeworks/robotics_v1/build/urscript_interfaces' returned '0': CMAKE_PREFIX_PATH=/opt/ros/foxy /usr/bin/cmake /home/parallels/CLionProjects/Homeworks/robotics_v1/src/ur_dev/urscript/urscript_interfaces -DCMAKE_BUILD_TYPE=Debug -DCMAKE_CXX_COMPILER=/usr/bin/clang++ -DAMENT_CMAKE_SYMLINK_INSTALL=1 -DCMAKE_INSTALL_PREFIX=/home/parallels/CLionProjects/Homeworks/robotics_v1/install/urscript_interfaces
[1.104s] Invoking command in '/home/parallels/CLionProjects/Homeworks/robotics_v1/build/urscript_interfaces': CMAKE_PREFIX_PATH=/opt/ros/foxy /usr/bin/cmake --build /home/parallels/CLionProjects/Homeworks/robotics_v1/build/urscript_interfaces -- -j4 -l4
[1.142s] [35m[1mScanning dependencies of target urscript_interfaces__cpp[0m
[1.145s] [  3%] [34m[1mGenerating C code for ROS interfaces[0m
[1.151s] [  6%] [34m[1mGenerating C++ code for ROS interfaces[0m
[1.362s] [35m[1mScanning dependencies of target urscript_interfaces__rosidl_generator_c[0m
[1.363s] [  6%] Built target urscript_interfaces__cpp
[1.374s] [  9%] [34m[1mGenerating C++ introspection for ROS interfaces[0m
[1.390s] [ 12%] [34m[1mGenerating C++ type support for eProsima Fast-RTPS[0m
[1.399s] [ 16%] [32mBuilding C object CMakeFiles/urscript_interfaces__rosidl_generator_c.dir/rosidl_generator_c/urscript_interfaces/srv/detail/ur_script__functions.c.o[0m
[1.410s] [ 19%] [34m[1mGenerating C++ type support dispatch for ROS interfaces[0m
[1.469s] [ 22%] [32m[1mLinking C shared library liburscript_interfaces__rosidl_generator_c.so[0m
[1.608s] [ 22%] Built target urscript_interfaces__rosidl_generator_c
[1.641s] [ 25%] [34m[1mGenerating C type support dispatch for ROS interfaces[0m
[1.674s] [35m[1mScanning dependencies of target urscript_interfaces__rosidl_typesupport_introspection_cpp[0m
[1.703s] [35m[1mScanning dependencies of target urscript_interfaces__rosidl_typesupport_cpp[0m
[1.725s] [ 29%] [32mBuilding CXX object CMakeFiles/urscript_interfaces__rosidl_typesupport_cpp.dir/rosidl_typesupport_cpp/urscript_interfaces/srv/ur_script__type_support.cpp.o[0m
[1.750s] [35m[1mScanning dependencies of target urscript_interfaces__rosidl_typesupport_fastrtps_cpp[0m
[1.757s] [ 32%] [32mBuilding CXX object CMakeFiles/urscript_interfaces__rosidl_typesupport_introspection_cpp.dir/rosidl_typesupport_introspection_cpp/urscript_interfaces/srv/detail/ur_script__type_support.cpp.o[0m
[1.844s] [ 35%] [32mBuilding CXX object CMakeFiles/urscript_interfaces__rosidl_typesupport_fastrtps_cpp.dir/rosidl_typesupport_fastrtps_cpp/urscript_interfaces/srv/detail/dds_fastrtps/ur_script__type_support.cpp.o[0m
[1.921s] [35m[1mScanning dependencies of target urscript_interfaces__rosidl_typesupport_c[0m
[1.990s] [ 38%] [32mBuilding CXX object CMakeFiles/urscript_interfaces__rosidl_typesupport_c.dir/rosidl_typesupport_c/urscript_interfaces/srv/ur_script__type_support.cpp.o[0m
[2.187s] [ 41%] [32m[1mLinking CXX shared library liburscript_interfaces__rosidl_typesupport_c.so[0m
[2.187s] [ 45%] [32m[1mLinking CXX shared library liburscript_interfaces__rosidl_typesupport_cpp.so[0m
[2.236s] [ 48%] [32m[1mLinking CXX shared library liburscript_interfaces__rosidl_typesupport_introspection_cpp.so[0m
[2.353s] [ 48%] Built target urscript_interfaces__rosidl_typesupport_c
[2.407s] [ 48%] Built target urscript_interfaces__rosidl_typesupport_cpp
[2.410s] [ 51%] [32m[1mLinking CXX shared library liburscript_interfaces__rosidl_typesupport_fastrtps_cpp.so[0m
[2.419s] [ 54%] [34m[1mGenerating C introspection for ROS interfaces[0m
[2.481s] [ 54%] Built target urscript_interfaces__rosidl_typesupport_introspection_cpp
[2.718s] [ 54%] Built target urscript_interfaces__rosidl_typesupport_fastrtps_cpp
[2.755s] [ 58%] [34m[1mGenerating C type support for eProsima Fast-RTPS[0m
[2.790s] [35m[1mScanning dependencies of target urscript_interfaces__rosidl_typesupport_introspection_c[0m
[2.843s] [ 61%] [32mBuilding C object CMakeFiles/urscript_interfaces__rosidl_typesupport_introspection_c.dir/rosidl_typesupport_introspection_c/urscript_interfaces/srv/detail/ur_script__type_support.c.o[0m
[2.924s] [ 64%] [32m[1mLinking C shared library liburscript_interfaces__rosidl_typesupport_introspection_c.so[0m
[2.957s] [ 64%] Built target urscript_interfaces__rosidl_typesupport_introspection_c
[3.183s] [35m[1mScanning dependencies of target urscript_interfaces__rosidl_typesupport_fastrtps_c[0m
[3.228s] [ 67%] [32mBuilding CXX object CMakeFiles/urscript_interfaces__rosidl_typesupport_fastrtps_c.dir/rosidl_typesupport_fastrtps_c/urscript_interfaces/srv/detail/ur_script__type_support_c.cpp.o[0m
[3.586s] [ 70%] [32m[1mLinking CXX shared library liburscript_interfaces__rosidl_typesupport_fastrtps_c.so[0m
[3.864s] [ 70%] Built target urscript_interfaces__rosidl_typesupport_fastrtps_c
[3.932s] [35m[1mScanning dependencies of target urscript_interfaces[0m
[3.999s] [ 70%] Built target urscript_interfaces
[4.040s] [35m[1mScanning dependencies of target urscript_interfaces__py[0m
[4.074s] [ 74%] [34m[1mGenerating Python code for ROS interfaces[0m
[4.644s] [ 74%] Built target urscript_interfaces__py
[4.681s] [35m[1mScanning dependencies of target urscript_interfaces__python[0m
[4.735s] [ 77%] [32mBuilding C object CMakeFiles/urscript_interfaces__python.dir/rosidl_generator_py/urscript_interfaces/srv/_ur_script_s.c.o[0m
[4.903s] [ 80%] [32m[1mLinking C shared library rosidl_generator_py/urscript_interfaces/liburscript_interfaces__python.so[0m
[4.978s] [ 80%] Built target urscript_interfaces__python
[5.018s] [35m[1mScanning dependencies of target urscript_interfaces__rosidl_typesupport_introspection_c__pyext[0m
[5.018s] [35m[1mScanning dependencies of target urscript_interfaces__rosidl_typesupport_c__pyext[0m
[5.041s] [35m[1mScanning dependencies of target urscript_interfaces__rosidl_typesupport_fastrtps_c__pyext[0m
[5.081s] [ 83%] [32mBuilding C object CMakeFiles/urscript_interfaces__rosidl_typesupport_c__pyext.dir/rosidl_generator_py/urscript_interfaces/_urscript_interfaces_s.ep.rosidl_typesupport_c.c.o[0m
[5.093s] [ 87%] [32mBuilding C object CMakeFiles/urscript_interfaces__rosidl_typesupport_introspection_c__pyext.dir/rosidl_generator_py/urscript_interfaces/_urscript_interfaces_s.ep.rosidl_typesupport_introspection_c.c.o[0m
[5.098s] [ 90%] [32mBuilding C object CMakeFiles/urscript_interfaces__rosidl_typesupport_fastrtps_c__pyext.dir/rosidl_generator_py/urscript_interfaces/_urscript_interfaces_s.ep.rosidl_typesupport_fastrtps_c.c.o[0m
[5.200s] [ 93%] [32m[1mLinking C shared library rosidl_generator_py/urscript_interfaces/urscript_interfaces_s__rosidl_typesupport_c.cpython-38-aarch64-linux-gnu.so[0m
[5.219s] [ 96%] [32m[1mLinking CXX shared library rosidl_generator_py/urscript_interfaces/urscript_interfaces_s__rosidl_typesupport_fastrtps_c.cpython-38-aarch64-linux-gnu.so[0m
[5.225s] [100%] [32m[1mLinking C shared library rosidl_generator_py/urscript_interfaces/urscript_interfaces_s__rosidl_typesupport_introspection_c.cpython-38-aarch64-linux-gnu.so[0m
[5.287s] [100%] Built target urscript_interfaces__rosidl_typesupport_c__pyext
[5.301s] [100%] Built target urscript_interfaces__rosidl_typesupport_introspection_c__pyext
[5.364s] [100%] Built target urscript_interfaces__rosidl_typesupport_fastrtps_c__pyext
[5.375s] Invoked command in '/home/parallels/CLionProjects/Homeworks/robotics_v1/build/urscript_interfaces' returned '0': CMAKE_PREFIX_PATH=/opt/ros/foxy /usr/bin/cmake --build /home/parallels/CLionProjects/Homeworks/robotics_v1/build/urscript_interfaces -- -j4 -l4
[5.551s] Invoking command in '/home/parallels/CLionProjects/Homeworks/robotics_v1/build/urscript_interfaces': CMAKE_PREFIX_PATH=/opt/ros/foxy /usr/bin/cmake --install /home/parallels/CLionProjects/Homeworks/robotics_v1/build/urscript_interfaces
[5.562s] -- Install configuration: "Debug"
[5.562s] -- Execute custom install script
[5.562s] -- Symlinking: /home/parallels/CLionProjects/Homeworks/robotics_v1/install/urscript_interfaces/share/ament_index/resource_index/rosidl_interfaces/urscript_interfaces
[5.570s] -- Symlinking: /home/parallels/CLionProjects/Homeworks/robotics_v1/install/urscript_interfaces/include/urscript_interfaces/msg/rosidl_generator_c__visibility_control.h
[5.577s] -- Symlinking: /home/parallels/CLionProjects/Homeworks/robotics_v1/install/urscript_interfaces/include/urscript_interfaces/srv/detail/ur_script__functions.h
[5.585s] -- Symlinking: /home/parallels/CLionProjects/Homeworks/robotics_v1/install/urscript_interfaces/include/urscript_interfaces/srv/detail/ur_script__struct.h
[5.593s] -- Symlinking: /home/parallels/CLionProjects/Homeworks/robotics_v1/install/urscript_interfaces/include/urscript_interfaces/srv/detail/ur_script__type_support.h
[5.600s] -- Symlinking: /home/parallels/CLionProjects/Homeworks/robotics_v1/install/urscript_interfaces/include/urscript_interfaces/srv/ur_script.h
[5.610s] -- Symlinking: /home/parallels/CLionProjects/Homeworks/robotics_v1/install/urscript_interfaces/share/urscript_interfaces/environment/library_path.sh
[5.624s] -- Symlinking: /home/parallels/CLionProjects/Homeworks/robotics_v1/install/urscript_interfaces/share/urscript_interfaces/environment/library_path.dsv
[5.632s] -- Symlinking: /home/parallels/CLionProjects/Homeworks/robotics_v1/install/urscript_interfaces/include/urscript_interfaces/msg/rosidl_typesupport_fastrtps_c__visibility_control.h
[5.640s] -- Symlinking: /home/parallels/CLionProjects/Homeworks/robotics_v1/install/urscript_interfaces/include/urscript_interfaces/srv/detail/ur_script__rosidl_typesupport_fastrtps_c.h
[5.658s] -- Symlinking: /home/parallels/CLionProjects/Homeworks/robotics_v1/install/urscript_interfaces/lib/liburscript_interfaces__rosidl_typesupport_fastrtps_c.so
[5.670s] -- Symlinking: /home/parallels/CLionProjects/Homeworks/robotics_v1/install/urscript_interfaces/include/urscript_interfaces/msg/rosidl_typesupport_fastrtps_cpp__visibility_control.h
[5.682s] -- Symlinking: /home/parallels/CLionProjects/Homeworks/robotics_v1/install/urscript_interfaces/include/urscript_interfaces/srv/detail/ur_script__rosidl_typesupport_fastrtps_cpp.hpp
[5.696s] -- Symlinking: /home/parallels/CLionProjects/Homeworks/robotics_v1/install/urscript_interfaces/lib/liburscript_interfaces__rosidl_typesupport_fastrtps_cpp.so
[5.711s] -- Symlinking: /home/parallels/CLionProjects/Homeworks/robotics_v1/install/urscript_interfaces/include/urscript_interfaces/msg/rosidl_typesupport_introspection_c__visibility_control.h
[5.718s] -- Symlinking: /home/parallels/CLionProjects/Homeworks/robotics_v1/install/urscript_interfaces/include/urscript_interfaces/srv/detail/ur_script__rosidl_typesupport_introspection_c.h
[5.728s] -- Symlinking: /home/parallels/CLionProjects/Homeworks/robotics_v1/install/urscript_interfaces/include/urscript_interfaces/srv/detail/ur_script__builder.hpp
[5.735s] -- Symlinking: /home/parallels/CLionProjects/Homeworks/robotics_v1/install/urscript_interfaces/include/urscript_interfaces/srv/detail/ur_script__struct.hpp
[5.742s] -- Symlinking: /home/parallels/CLionProjects/Homeworks/robotics_v1/install/urscript_interfaces/include/urscript_interfaces/srv/detail/ur_script__traits.hpp
[5.757s] -- Symlinking: /home/parallels/CLionProjects/Homeworks/robotics_v1/install/urscript_interfaces/include/urscript_interfaces/srv/ur_script.hpp
[5.780s] -- Symlinking: /home/parallels/CLionProjects/Homeworks/robotics_v1/install/urscript_interfaces/include/urscript_interfaces/srv/detail/ur_script__rosidl_typesupport_introspection_cpp.hpp
[5.789s] -- Symlinking: /home/parallels/CLionProjects/Homeworks/robotics_v1/install/urscript_interfaces/share/urscript_interfaces/environment/pythonpath.sh
[5.803s] -- Symlinking: /home/parallels/CLionProjects/Homeworks/robotics_v1/install/urscript_interfaces/share/urscript_interfaces/environment/pythonpath.dsv
[5.811s] -- Symlinking: /home/parallels/CLionProjects/Homeworks/robotics_v1/install/urscript_interfaces/lib/python3.8/site-packages/urscript_interfaces/__init__.py
[5.847s] -- Symlinking: /home/parallels/CLionProjects/Homeworks/robotics_v1/install/urscript_interfaces/lib/python3.8/site-packages/urscript_interfaces/srv/__init__.py
[5.871s] -- Symlinking: /home/parallels/CLionProjects/Homeworks/robotics_v1/install/urscript_interfaces/lib/python3.8/site-packages/urscript_interfaces/srv/_ur_script.py
[5.892s] -- Symlinking: /home/parallels/CLionProjects/Homeworks/robotics_v1/install/urscript_interfaces/lib/python3.8/site-packages/urscript_interfaces/urscript_interfaces_s__rosidl_typesupport_fastrtps_c.cpython-38-aarch64-linux-gnu.so
[5.913s] -- Symlinking: /home/parallels/CLionProjects/Homeworks/robotics_v1/install/urscript_interfaces/lib/python3.8/site-packages/urscript_interfaces/urscript_interfaces_s__rosidl_typesupport_introspection_c.cpython-38-aarch64-linux-gnu.so
[5.935s] -- Symlinking: /home/parallels/CLionProjects/Homeworks/robotics_v1/install/urscript_interfaces/lib/python3.8/site-packages/urscript_interfaces/urscript_interfaces_s__rosidl_typesupport_c.cpython-38-aarch64-linux-gnu.so
[5.960s] -- Symlinking: /home/parallels/CLionProjects/Homeworks/robotics_v1/install/urscript_interfaces/lib/liburscript_interfaces__python.so
[5.983s] -- Symlinking: /home/parallels/CLionProjects/Homeworks/robotics_v1/install/urscript_interfaces/share/urscript_interfaces/srv/UrScript.idl
[6.006s] -- Symlinking: /home/parallels/CLionProjects/Homeworks/robotics_v1/install/urscript_interfaces/share/urscript_interfaces/srv/UrScript.srv
[6.028s] -- Symlinking: /home/parallels/CLionProjects/Homeworks/robotics_v1/install/urscript_interfaces/share/urscript_interfaces/srv/UrScript_Request.msg
[6.050s] -- Symlinking: /home/parallels/CLionProjects/Homeworks/robotics_v1/install/urscript_interfaces/share/urscript_interfaces/srv/UrScript_Response.msg
[6.072s] -- Symlinking: /home/parallels/CLionProjects/Homeworks/robotics_v1/install/urscript_interfaces/share/ament_index/resource_index/package_run_dependencies/urscript_interfaces
[6.094s] -- Symlinking: /home/parallels/CLionProjects/Homeworks/robotics_v1/install/urscript_interfaces/share/ament_index/resource_index/parent_prefix_path/urscript_interfaces
[6.118s] -- Symlinking: /home/parallels/CLionProjects/Homeworks/robotics_v1/install/urscript_interfaces/share/urscript_interfaces/environment/ament_prefix_path.sh
[6.128s] -- Symlinking: /home/parallels/CLionProjects/Homeworks/robotics_v1/install/urscript_interfaces/share/urscript_interfaces/environment/ament_prefix_path.dsv
[6.156s] -- Symlinking: /home/parallels/CLionProjects/Homeworks/robotics_v1/install/urscript_interfaces/share/urscript_interfaces/environment/path.sh
[6.175s] -- Symlinking: /home/parallels/CLionProjects/Homeworks/robotics_v1/install/urscript_interfaces/share/urscript_interfaces/environment/path.dsv
[6.201s] -- Symlinking: /home/parallels/CLionProjects/Homeworks/robotics_v1/install/urscript_interfaces/share/urscript_interfaces/local_setup.bash
[6.208s] -- Symlinking: /home/parallels/CLionProjects/Homeworks/robotics_v1/install/urscript_interfaces/share/urscript_interfaces/local_setup.sh
[6.230s] -- Symlinking: /home/parallels/CLionProjects/Homeworks/robotics_v1/install/urscript_interfaces/share/urscript_interfaces/local_setup.zsh
[6.246s] -- Symlinking: /home/parallels/CLionProjects/Homeworks/robotics_v1/install/urscript_interfaces/share/urscript_interfaces/local_setup.dsv
[6.253s] -- Symlinking: /home/parallels/CLionProjects/Homeworks/robotics_v1/install/urscript_interfaces/share/urscript_interfaces/package.dsv
[6.271s] -- Symlinking: /home/parallels/CLionProjects/Homeworks/robotics_v1/install/urscript_interfaces/share/ament_index/resource_index/packages/urscript_interfaces
[6.277s] -- Symlinking: /home/parallels/CLionProjects/Homeworks/robotics_v1/install/urscript_interfaces/share/urscript_interfaces/cmake/rosidl_cmake-extras.cmake
[6.284s] -- Symlinking: /home/parallels/CLionProjects/Homeworks/robotics_v1/install/urscript_interfaces/share/urscript_interfaces/cmake/ament_cmake_export_dependencies-extras.cmake
[6.299s] -- Symlinking: /home/parallels/CLionProjects/Homeworks/robotics_v1/install/urscript_interfaces/share/urscript_interfaces/cmake/ament_cmake_export_libraries-extras.cmake
[6.313s] -- Symlinking: /home/parallels/CLionProjects/Homeworks/robotics_v1/install/urscript_interfaces/share/urscript_interfaces/cmake/ament_cmake_export_targets-extras.cmake
[6.327s] -- Symlinking: /home/parallels/CLionProjects/Homeworks/robotics_v1/install/urscript_interfaces/share/urscript_interfaces/cmake/ament_cmake_export_include_directories-extras.cmake
[6.340s] -- Symlinking: /home/parallels/CLionProjects/Homeworks/robotics_v1/install/urscript_interfaces/share/urscript_interfaces/cmake/rosidl_cmake_export_typesupport_libraries-extras.cmake
[6.364s] -- Symlinking: /home/parallels/CLionProjects/Homeworks/robotics_v1/install/urscript_interfaces/share/urscript_interfaces/cmake/rosidl_cmake_export_typesupport_targets-extras.cmake
[6.385s] -- Symlinking: /home/parallels/CLionProjects/Homeworks/robotics_v1/install/urscript_interfaces/share/urscript_interfaces/cmake/urscript_interfacesConfig.cmake
[6.407s] -- Symlinking: /home/parallels/CLionProjects/Homeworks/robotics_v1/install/urscript_interfaces/share/urscript_interfaces/cmake/urscript_interfacesConfig-version.cmake
[6.430s] -- Symlinking: /home/parallels/CLionProjects/Homeworks/robotics_v1/install/urscript_interfaces/share/urscript_interfaces/package.xml
[6.451s] -- Installing: /home/parallels/CLionProjects/Homeworks/robotics_v1/install/urscript_interfaces/lib/liburscript_interfaces__rosidl_generator_c.so
[6.451s] -- Set runtime path of "/home/parallels/CLionProjects/Homeworks/robotics_v1/install/urscript_interfaces/lib/liburscript_interfaces__rosidl_generator_c.so" to ""
[6.451s] -- Installing: /home/parallels/CLionProjects/Homeworks/robotics_v1/install/urscript_interfaces/lib/liburscript_interfaces__rosidl_typesupport_introspection_c.so
[6.451s] -- Set runtime path of "/home/parallels/CLionProjects/Homeworks/robotics_v1/install/urscript_interfaces/lib/liburscript_interfaces__rosidl_typesupport_introspection_c.so" to ""
[6.452s] -- Installing: /home/parallels/CLionProjects/Homeworks/robotics_v1/install/urscript_interfaces/lib/liburscript_interfaces__rosidl_typesupport_c.so
[6.452s] -- Set runtime path of "/home/parallels/CLionProjects/Homeworks/robotics_v1/install/urscript_interfaces/lib/liburscript_interfaces__rosidl_typesupport_c.so" to ""
[6.452s] -- Installing: /home/parallels/CLionProjects/Homeworks/robotics_v1/install/urscript_interfaces/lib/liburscript_interfaces__rosidl_typesupport_introspection_cpp.so
[6.452s] -- Set runtime path of "/home/parallels/CLionProjects/Homeworks/robotics_v1/install/urscript_interfaces/lib/liburscript_interfaces__rosidl_typesupport_introspection_cpp.so" to ""
[6.452s] -- Installing: /home/parallels/CLionProjects/Homeworks/robotics_v1/install/urscript_interfaces/lib/liburscript_interfaces__rosidl_typesupport_cpp.so
[6.453s] -- Set runtime path of "/home/parallels/CLionProjects/Homeworks/robotics_v1/install/urscript_interfaces/lib/liburscript_interfaces__rosidl_typesupport_cpp.so" to ""
[6.484s] Compiling '/home/parallels/CLionProjects/Homeworks/robotics_v1/install/urscript_interfaces/lib/python3.8/site-packages/urscript_interfaces/__init__.py'...
[6.495s] -- Installing: /home/parallels/CLionProjects/Homeworks/robotics_v1/install/urscript_interfaces/share/urscript_interfaces/cmake/urscript_interfaces__rosidl_generator_cExport.cmake
[6.495s] -- Installing: /home/parallels/CLionProjects/Homeworks/robotics_v1/install/urscript_interfaces/share/urscript_interfaces/cmake/urscript_interfaces__rosidl_generator_cExport-debug.cmake
[6.496s] -- Installing: /home/parallels/CLionProjects/Homeworks/robotics_v1/install/urscript_interfaces/share/urscript_interfaces/cmake/urscript_interfaces__rosidl_typesupport_introspection_cExport.cmake
[6.496s] -- Installing: /home/parallels/CLionProjects/Homeworks/robotics_v1/install/urscript_interfaces/share/urscript_interfaces/cmake/urscript_interfaces__rosidl_typesupport_introspection_cExport-debug.cmake
[6.496s] -- Installing: /home/parallels/CLionProjects/Homeworks/robotics_v1/install/urscript_interfaces/share/urscript_interfaces/cmake/urscript_interfaces__rosidl_typesupport_cExport.cmake
[6.496s] -- Installing: /home/parallels/CLionProjects/Homeworks/robotics_v1/install/urscript_interfaces/share/urscript_interfaces/cmake/urscript_interfaces__rosidl_typesupport_cExport-debug.cmake
[6.496s] -- Installing: /home/parallels/CLionProjects/Homeworks/robotics_v1/install/urscript_interfaces/share/urscript_interfaces/cmake/urscript_interfaces__rosidl_generator_cppExport.cmake
[6.496s] -- Installing: /home/parallels/CLionProjects/Homeworks/robotics_v1/install/urscript_interfaces/share/urscript_interfaces/cmake/urscript_interfaces__rosidl_typesupport_introspection_cppExport.cmake
[6.497s] -- Installing: /home/parallels/CLionProjects/Homeworks/robotics_v1/install/urscript_interfaces/share/urscript_interfaces/cmake/urscript_interfaces__rosidl_typesupport_introspection_cppExport-debug.cmake
[6.497s] -- Installing: /home/parallels/CLionProjects/Homeworks/robotics_v1/install/urscript_interfaces/share/urscript_interfaces/cmake/urscript_interfaces__rosidl_typesupport_cppExport.cmake
[6.497s] -- Installing: /home/parallels/CLionProjects/Homeworks/robotics_v1/install/urscript_interfaces/share/urscript_interfaces/cmake/urscript_interfaces__rosidl_typesupport_cppExport-debug.cmake
[6.499s] Invoked command in '/home/parallels/CLionProjects/Homeworks/robotics_v1/build/urscript_interfaces' returned '0': CMAKE_PREFIX_PATH=/opt/ros/foxy /usr/bin/cmake --install /home/parallels/CLionProjects/Homeworks/robotics_v1/build/urscript_interfaces
