[0.014s] Invoking command in '/home/parallels/CLionProjects/Homeworks/robotics_v1/build/manager_utils': CMAKE_PREFIX_PATH=/home/parallels/CLionProjects/Homeworks/robotics_v1/install/sdl_utils:/home/parallels/CLionProjects/Homeworks/robotics_v1/install/resource_utils:/home/parallels/CLionProjects/Homeworks/robotics_v1/install/utils:/home/parallels/CLionProjects/Homeworks/robotics_v1/install/cmake_helpers:/opt/ros/foxy PKG_CONFIG_PATH=/home/parallels/CLionProjects/Homeworks/robotics_v1/install/sdl_utils/lib/aarch64-linux-gnu/pkgconfig:/home/parallels/CLionProjects/Homeworks/robotics_v1/install/sdl_utils/lib/pkgconfig:/home/parallels/CLionProjects/Homeworks/robotics_v1/install/resource_utils/lib/aarch64-linux-gnu/pkgconfig:/home/parallels/CLionProjects/Homeworks/robotics_v1/install/resource_utils/lib/pkgconfig:/home/parallels/CLionProjects/Homeworks/robotics_v1/install/utils/lib/aarch64-linux-gnu/pkgconfig:/home/parallels/CLionProjects/Homeworks/robotics_v1/install/utils/lib/pkgconfig:/home/parallels/CLionProjects/Homeworks/robotics_v1/install/cmake_helpers/lib/aarch64-linux-gnu/pkgconfig:/home/parallels/CLionProjects/Homeworks/robotics_v1/install/cmake_helpers/lib/pkgconfig /usr/bin/cmake /home/parallels/CLionProjects/Homeworks/robotics_v1/src/lib/manager_utils -DCMAKE_EXPORT_COMPILE_COMMANDS=ON -DCMAKE_INSTALL_PREFIX=/home/parallels/CLionProjects/Homeworks/robotics_v1/install/manager_utils
[0.028s] -- Found cmake_helpers: 1.0.0 (/home/parallels/CLionProjects/Homeworks/robotics_v1/install/cmake_helpers/share/cmake_helpers/cmake)
[0.032s] -- Found ament_cmake: 0.9.9 (/opt/ros/foxy/share/ament_cmake/cmake)
[0.046s] -- Using PYTHON_EXECUTABLE: /usr/bin/python3
[0.187s] -- Configuring done
[0.199s] -- Generating done
[0.200s] -- Build files have been written to: /home/parallels/CLionProjects/Homeworks/robotics_v1/build/manager_utils
[0.202s] Invoked command in '/home/parallels/CLionProjects/Homeworks/robotics_v1/build/manager_utils' returned '0': CMAKE_PREFIX_PATH=/home/parallels/CLionProjects/Homeworks/robotics_v1/install/sdl_utils:/home/parallels/CLionProjects/Homeworks/robotics_v1/install/resource_utils:/home/parallels/CLionProjects/Homeworks/robotics_v1/install/utils:/home/parallels/CLionProjects/Homeworks/robotics_v1/install/cmake_helpers:/opt/ros/foxy PKG_CONFIG_PATH=/home/parallels/CLionProjects/Homeworks/robotics_v1/install/sdl_utils/lib/aarch64-linux-gnu/pkgconfig:/home/parallels/CLionProjects/Homeworks/robotics_v1/install/sdl_utils/lib/pkgconfig:/home/parallels/CLionProjects/Homeworks/robotics_v1/install/resource_utils/lib/aarch64-linux-gnu/pkgconfig:/home/parallels/CLionProjects/Homeworks/robotics_v1/install/resource_utils/lib/pkgconfig:/home/parallels/CLionProjects/Homeworks/robotics_v1/install/utils/lib/aarch64-linux-gnu/pkgconfig:/home/parallels/CLionProjects/Homeworks/robotics_v1/install/utils/lib/pkgconfig:/home/parallels/CLionProjects/Homeworks/robotics_v1/install/cmake_helpers/lib/aarch64-linux-gnu/pkgconfig:/home/parallels/CLionProjects/Homeworks/robotics_v1/install/cmake_helpers/lib/pkgconfig /usr/bin/cmake /home/parallels/CLionProjects/Homeworks/robotics_v1/src/lib/manager_utils -DCMAKE_EXPORT_COMPILE_COMMANDS=ON -DCMAKE_INSTALL_PREFIX=/home/parallels/CLionProjects/Homeworks/robotics_v1/install/manager_utils
[0.203s] Invoking command in '/home/parallels/CLionProjects/Homeworks/robotics_v1/build/manager_utils': CMAKE_PREFIX_PATH=/home/parallels/CLionProjects/Homeworks/robotics_v1/install/sdl_utils:/home/parallels/CLionProjects/Homeworks/robotics_v1/install/resource_utils:/home/parallels/CLionProjects/Homeworks/robotics_v1/install/utils:/home/parallels/CLionProjects/Homeworks/robotics_v1/install/cmake_helpers:/opt/ros/foxy PKG_CONFIG_PATH=/home/parallels/CLionProjects/Homeworks/robotics_v1/install/sdl_utils/lib/aarch64-linux-gnu/pkgconfig:/home/parallels/CLionProjects/Homeworks/robotics_v1/install/sdl_utils/lib/pkgconfig:/home/parallels/CLionProjects/Homeworks/robotics_v1/install/resource_utils/lib/aarch64-linux-gnu/pkgconfig:/home/parallels/CLionProjects/Homeworks/robotics_v1/install/resource_utils/lib/pkgconfig:/home/parallels/CLionProjects/Homeworks/robotics_v1/install/utils/lib/aarch64-linux-gnu/pkgconfig:/home/parallels/CLionProjects/Homeworks/robotics_v1/install/utils/lib/pkgconfig:/home/parallels/CLionProjects/Homeworks/robotics_v1/install/cmake_helpers/lib/aarch64-linux-gnu/pkgconfig:/home/parallels/CLionProjects/Homeworks/robotics_v1/install/cmake_helpers/lib/pkgconfig /usr/bin/cmake --build /home/parallels/CLionProjects/Homeworks/robotics_v1/build/manager_utils -- -j4 -l4
[0.280s] [100%] Built target manager_utils
[0.290s] Invoked command in '/home/parallels/CLionProjects/Homeworks/robotics_v1/build/manager_utils' returned '0': CMAKE_PREFIX_PATH=/home/parallels/CLionProjects/Homeworks/robotics_v1/install/sdl_utils:/home/parallels/CLionProjects/Homeworks/robotics_v1/install/resource_utils:/home/parallels/CLionProjects/Homeworks/robotics_v1/install/utils:/home/parallels/CLionProjects/Homeworks/robotics_v1/install/cmake_helpers:/opt/ros/foxy PKG_CONFIG_PATH=/home/parallels/CLionProjects/Homeworks/robotics_v1/install/sdl_utils/lib/aarch64-linux-gnu/pkgconfig:/home/parallels/CLionProjects/Homeworks/robotics_v1/install/sdl_utils/lib/pkgconfig:/home/parallels/CLionProjects/Homeworks/robotics_v1/install/resource_utils/lib/aarch64-linux-gnu/pkgconfig:/home/parallels/CLionProjects/Homeworks/robotics_v1/install/resource_utils/lib/pkgconfig:/home/parallels/CLionProjects/Homeworks/robotics_v1/install/utils/lib/aarch64-linux-gnu/pkgconfig:/home/parallels/CLionProjects/Homeworks/robotics_v1/install/utils/lib/pkgconfig:/home/parallels/CLionProjects/Homeworks/robotics_v1/install/cmake_helpers/lib/aarch64-linux-gnu/pkgconfig:/home/parallels/CLionProjects/Homeworks/robotics_v1/install/cmake_helpers/lib/pkgconfig /usr/bin/cmake --build /home/parallels/CLionProjects/Homeworks/robotics_v1/build/manager_utils -- -j4 -l4
[0.360s] Invoking command in '/home/parallels/CLionProjects/Homeworks/robotics_v1/build/manager_utils': CMAKE_PREFIX_PATH=/home/parallels/CLionProjects/Homeworks/robotics_v1/install/sdl_utils:/home/parallels/CLionProjects/Homeworks/robotics_v1/install/resource_utils:/home/parallels/CLionProjects/Homeworks/robotics_v1/install/utils:/home/parallels/CLionProjects/Homeworks/robotics_v1/install/cmake_helpers:/opt/ros/foxy PKG_CONFIG_PATH=/home/parallels/CLionProjects/Homeworks/robotics_v1/install/sdl_utils/lib/aarch64-linux-gnu/pkgconfig:/home/parallels/CLionProjects/Homeworks/robotics_v1/install/sdl_utils/lib/pkgconfig:/home/parallels/CLionProjects/Homeworks/robotics_v1/install/resource_utils/lib/aarch64-linux-gnu/pkgconfig:/home/parallels/CLionProjects/Homeworks/robotics_v1/install/resource_utils/lib/pkgconfig:/home/parallels/CLionProjects/Homeworks/robotics_v1/install/utils/lib/aarch64-linux-gnu/pkgconfig:/home/parallels/CLionProjects/Homeworks/robotics_v1/install/utils/lib/pkgconfig:/home/parallels/CLionProjects/Homeworks/robotics_v1/install/cmake_helpers/lib/aarch64-linux-gnu/pkgconfig:/home/parallels/CLionProjects/Homeworks/robotics_v1/install/cmake_helpers/lib/pkgconfig /usr/bin/cmake --install /home/parallels/CLionProjects/Homeworks/robotics_v1/build/manager_utils
[0.376s] -- Install configuration: "RelWithDebInfo"
[0.376s] -- Up-to-date: /home/parallels/CLionProjects/Homeworks/robotics_v1/install/manager_utils/share/manager_utils/package.xml
[0.376s] -- Up-to-date: /home/parallels/CLionProjects/Homeworks/robotics_v1/install/manager_utils/lib/manager_utils/libmanager_utils.a
[0.376s] -- Installing: /home/parallels/CLionProjects/Homeworks/robotics_v1/install/manager_utils/share/ament_index/resource_index/packages/manager_utils
[0.376s] -- Installing: /home/parallels/CLionProjects/Homeworks/robotics_v1/install/manager_utils/share/manager_utils/hook/ament_prefix_path.dsv
[0.376s] -- Installing: /home/parallels/CLionProjects/Homeworks/robotics_v1/install/manager_utils/share/manager_utils/hook/ros_package_path.dsv
[0.376s] -- Up-to-date: /home/parallels/CLionProjects/Homeworks/robotics_v1/install/manager_utils/share/ament_index/resource_index/package_run_dependencies/manager_utils
[0.376s] -- Installing: /home/parallels/CLionProjects/Homeworks/robotics_v1/install/manager_utils/share/ament_index/resource_index/parent_prefix_path/manager_utils
[0.376s] -- Up-to-date: /home/parallels/CLionProjects/Homeworks/robotics_v1/install/manager_utils/share/manager_utils/environment/ament_prefix_path.sh
[0.376s] -- Installing: /home/parallels/CLionProjects/Homeworks/robotics_v1/install/manager_utils/share/manager_utils/environment/ament_prefix_path.dsv
[0.376s] -- Up-to-date: /home/parallels/CLionProjects/Homeworks/robotics_v1/install/manager_utils/share/manager_utils/environment/path.sh
[0.376s] -- Installing: /home/parallels/CLionProjects/Homeworks/robotics_v1/install/manager_utils/share/manager_utils/environment/path.dsv
[0.377s] -- Up-to-date: /home/parallels/CLionProjects/Homeworks/robotics_v1/install/manager_utils/share/manager_utils/local_setup.bash
[0.377s] -- Up-to-date: /home/parallels/CLionProjects/Homeworks/robotics_v1/install/manager_utils/share/manager_utils/local_setup.sh
[0.377s] -- Up-to-date: /home/parallels/CLionProjects/Homeworks/robotics_v1/install/manager_utils/share/manager_utils/local_setup.zsh
[0.377s] -- Installing: /home/parallels/CLionProjects/Homeworks/robotics_v1/install/manager_utils/share/manager_utils/local_setup.dsv
[0.377s] -- Installing: /home/parallels/CLionProjects/Homeworks/robotics_v1/install/manager_utils/share/manager_utils/package.dsv
[0.377s] -- Installing: /home/parallels/CLionProjects/Homeworks/robotics_v1/install/manager_utils/share/ament_index/resource_index/packages/manager_utils
[0.377s] -- Up-to-date: /home/parallels/CLionProjects/Homeworks/robotics_v1/install/manager_utils/share/manager_utils/cmake/manager_utilsConfig.cmake
[0.377s] -- Up-to-date: /home/parallels/CLionProjects/Homeworks/robotics_v1/install/manager_utils/share/manager_utils/cmake/manager_utilsConfig-version.cmake
[0.377s] -- Up-to-date: /home/parallels/CLionProjects/Homeworks/robotics_v1/install/manager_utils/share/manager_utils/package.xml
[0.377s] -- Up-to-date: /home/parallels/CLionProjects/Homeworks/robotics_v1/install/manager_utils/lib/libmanager_utils.a
[0.377s] -- Up-to-date: /home/parallels/CLionProjects/Homeworks/robotics_v1/install/manager_utils/include
[0.377s] -- Up-to-date: /home/parallels/CLionProjects/Homeworks/robotics_v1/install/manager_utils/include/manager_utils
[0.377s] -- Up-to-date: /home/parallels/CLionProjects/Homeworks/robotics_v1/install/manager_utils/include/manager_utils/time
[0.377s] -- Up-to-date: /home/parallels/CLionProjects/Homeworks/robotics_v1/install/manager_utils/include/manager_utils/time/TimerClientSpeedAdjustable.h
[0.378s] -- Up-to-date: /home/parallels/CLionProjects/Homeworks/robotics_v1/install/manager_utils/include/manager_utils/time/TimerClient.h
[0.378s] -- Up-to-date: /home/parallels/CLionProjects/Homeworks/robotics_v1/install/manager_utils/include/manager_utils/time/UserTimerClient.h
[0.378s] -- Up-to-date: /home/parallels/CLionProjects/Homeworks/robotics_v1/install/manager_utils/include/manager_utils/time/defines
[0.378s] -- Up-to-date: /home/parallels/CLionProjects/Homeworks/robotics_v1/install/manager_utils/include/manager_utils/time/defines/TimerClientDefines.h
[0.378s] -- Up-to-date: /home/parallels/CLionProjects/Homeworks/robotics_v1/install/manager_utils/include/manager_utils/drawing
[0.378s] -- Up-to-date: /home/parallels/CLionProjects/Homeworks/robotics_v1/install/manager_utils/include/manager_utils/drawing/Widget.h
[0.378s] -- Up-to-date: /home/parallels/CLionProjects/Homeworks/robotics_v1/install/manager_utils/include/manager_utils/drawing/NumberCounter.h
[0.378s] -- Up-to-date: /home/parallels/CLionProjects/Homeworks/robotics_v1/install/manager_utils/include/manager_utils/drawing/DynamicImage.h
[0.378s] -- Up-to-date: /home/parallels/CLionProjects/Homeworks/robotics_v1/install/manager_utils/include/manager_utils/drawing/Image.h
[0.378s] -- Up-to-date: /home/parallels/CLionProjects/Homeworks/robotics_v1/install/manager_utils/include/manager_utils/drawing/Text.h
[0.378s] -- Up-to-date: /home/parallels/CLionProjects/Homeworks/robotics_v1/install/manager_utils/include/manager_utils/drawing/Sprite.h
[0.378s] -- Up-to-date: /home/parallels/CLionProjects/Homeworks/robotics_v1/install/manager_utils/include/manager_utils/drawing/animation
[0.378s] -- Up-to-date: /home/parallels/CLionProjects/Homeworks/robotics_v1/install/manager_utils/include/manager_utils/drawing/animation/PulseAnimation.h
[0.378s] -- Up-to-date: /home/parallels/CLionProjects/Homeworks/robotics_v1/install/manager_utils/include/manager_utils/drawing/animation/AnimationBase.h
[0.378s] -- Up-to-date: /home/parallels/CLionProjects/Homeworks/robotics_v1/install/manager_utils/include/manager_utils/drawing/animation/AnimationEndCb.h
[0.378s] -- Up-to-date: /home/parallels/CLionProjects/Homeworks/robotics_v1/install/manager_utils/include/manager_utils/drawing/animation/RotationAnimation.h
[0.378s] -- Up-to-date: /home/parallels/CLionProjects/Homeworks/robotics_v1/install/manager_utils/include/manager_utils/drawing/animation/defines
[0.378s] -- Up-to-date: /home/parallels/CLionProjects/Homeworks/robotics_v1/install/manager_utils/include/manager_utils/drawing/animation/defines/AnimationDefines.h
[0.378s] -- Up-to-date: /home/parallels/CLionProjects/Homeworks/robotics_v1/install/manager_utils/include/manager_utils/drawing/animation/defines/CommonAnimationStructs.h
[0.378s] -- Up-to-date: /home/parallels/CLionProjects/Homeworks/robotics_v1/install/manager_utils/include/manager_utils/drawing/animation/PositionAnimation.h
[0.378s] -- Up-to-date: /home/parallels/CLionProjects/Homeworks/robotics_v1/install/manager_utils/include/manager_utils/drawing/animation/FrameAnimation.h
[0.378s] -- Up-to-date: /home/parallels/CLionProjects/Homeworks/robotics_v1/install/manager_utils/include/manager_utils/drawing/Fbo.h
[0.378s] -- Up-to-date: /home/parallels/CLionProjects/Homeworks/robotics_v1/install/manager_utils/include/manager_utils/managers
[0.378s] -- Up-to-date: /home/parallels/CLionProjects/Homeworks/robotics_v1/install/manager_utils/include/manager_utils/managers/MgrBase.h
[0.378s] -- Up-to-date: /home/parallels/CLionProjects/Homeworks/robotics_v1/install/manager_utils/include/manager_utils/managers/SoundMgr.h
[0.378s] -- Up-to-date: /home/parallels/CLionProjects/Homeworks/robotics_v1/install/manager_utils/include/manager_utils/managers/DrawMgr.h
[0.378s] -- Up-to-date: /home/parallels/CLionProjects/Homeworks/robotics_v1/install/manager_utils/include/manager_utils/managers/TimerMgr.h
[0.379s] -- Up-to-date: /home/parallels/CLionProjects/Homeworks/robotics_v1/install/manager_utils/include/manager_utils/managers/ManagerHandler.h
[0.379s] -- Up-to-date: /home/parallels/CLionProjects/Homeworks/robotics_v1/install/manager_utils/include/manager_utils/managers/RsrcMgr.h
[0.379s] -- Up-to-date: /home/parallels/CLionProjects/Homeworks/robotics_v1/install/manager_utils/include/manager_utils/managers/config
[0.379s] -- Up-to-date: /home/parallels/CLionProjects/Homeworks/robotics_v1/install/manager_utils/include/manager_utils/managers/config/DrawMgrConfig.h
[0.379s] -- Up-to-date: /home/parallels/CLionProjects/Homeworks/robotics_v1/install/manager_utils/include/manager_utils/managers/config/ManagerHandlerConfig.h
[0.379s] -- Up-to-date: /home/parallels/CLionProjects/Homeworks/robotics_v1/install/manager_utils/include/manager_utils/sound
[0.379s] -- Up-to-date: /home/parallels/CLionProjects/Homeworks/robotics_v1/install/manager_utils/include/manager_utils/sound/Music.h
[0.379s] -- Up-to-date: /home/parallels/CLionProjects/Homeworks/robotics_v1/install/manager_utils/include/manager_utils/sound/SoundWidgetEndCb.h
[0.379s] -- Up-to-date: /home/parallels/CLionProjects/Homeworks/robotics_v1/install/manager_utils/include/manager_utils/sound/SoundWidget.h
[0.379s] -- Up-to-date: /home/parallels/CLionProjects/Homeworks/robotics_v1/install/manager_utils/include/manager_utils/sound/Sound.h
[0.379s] -- Up-to-date: /home/parallels/CLionProjects/Homeworks/robotics_v1/install/manager_utils/include/manager_utils/input
[0.379s] -- Up-to-date: /home/parallels/CLionProjects/Homeworks/robotics_v1/install/manager_utils/include/manager_utils/input/ButtonBase.h
[0.379s] -- Up-to-date: /home/parallels/CLionProjects/Homeworks/robotics_v1/install/manager_utils/include/manager_utils/input/Scroller.h
[0.379s] -- Up-to-date: /home/parallels/CLionProjects/Homeworks/robotics_v1/install/manager_utils/lib/cmake/manager_utils/manager_utilsTargets.cmake
[0.379s] -- Installing: /home/parallels/CLionProjects/Homeworks/robotics_v1/install/manager_utils/lib/cmake/manager_utils/manager_utilsTargets-relwithdebinfo.cmake
[0.379s] -- Up-to-date: /home/parallels/CLionProjects/Homeworks/robotics_v1/install/manager_utils/lib/cmake/manager_utils/manager_utilsConfig.cmake
[0.382s] Invoked command in '/home/parallels/CLionProjects/Homeworks/robotics_v1/build/manager_utils' returned '0': CMAKE_PREFIX_PATH=/home/parallels/CLionProjects/Homeworks/robotics_v1/install/sdl_utils:/home/parallels/CLionProjects/Homeworks/robotics_v1/install/resource_utils:/home/parallels/CLionProjects/Homeworks/robotics_v1/install/utils:/home/parallels/CLionProjects/Homeworks/robotics_v1/install/cmake_helpers:/opt/ros/foxy PKG_CONFIG_PATH=/home/parallels/CLionProjects/Homeworks/robotics_v1/install/sdl_utils/lib/aarch64-linux-gnu/pkgconfig:/home/parallels/CLionProjects/Homeworks/robotics_v1/install/sdl_utils/lib/pkgconfig:/home/parallels/CLionProjects/Homeworks/robotics_v1/install/resource_utils/lib/aarch64-linux-gnu/pkgconfig:/home/parallels/CLionProjects/Homeworks/robotics_v1/install/resource_utils/lib/pkgconfig:/home/parallels/CLionProjects/Homeworks/robotics_v1/install/utils/lib/aarch64-linux-gnu/pkgconfig:/home/parallels/CLionProjects/Homeworks/robotics_v1/install/utils/lib/pkgconfig:/home/parallels/CLionProjects/Homeworks/robotics_v1/install/cmake_helpers/lib/aarch64-linux-gnu/pkgconfig:/home/parallels/CLionProjects/Homeworks/robotics_v1/install/cmake_helpers/lib/pkgconfig /usr/bin/cmake --install /home/parallels/CLionProjects/Homeworks/robotics_v1/build/manager_utils
