Performing C++ SOURCE FILE Test CMAKE_HAVE_LIBC_PTHREAD failed with the following output:
Change Dir: /home/parallels/CLionProjects/Homeworks/robotics_v1/src/robo_collector/robo_collector_controller/cmake-build-debug/CMakeFiles/CMakeTmp

Run Build Command(s):/usr/bin/make cmTC_a508f/fast && /usr/bin/make -f CMakeFiles/cmTC_a508f.dir/build.make CMakeFiles/cmTC_a508f.dir/build
make[1]: Entering directory '/home/parallels/CLionProjects/Homeworks/robotics_v1/src/robo_collector/robo_collector_controller/cmake-build-debug/CMakeFiles/CMakeTmp'
Building CXX object CMakeFiles/cmTC_a508f.dir/src.cxx.o
/usr/bin/c++    -DCMAKE_HAVE_LIBC_PTHREAD   -o CMakeFiles/cmTC_a508f.dir/src.cxx.o -c /home/parallels/CLionProjects/Homeworks/robotics_v1/src/robo_collector/robo_collector_controller/cmake-build-debug/CMakeFiles/CMakeTmp/src.cxx
Linking CXX executable cmTC_a508f
/usr/bin/cmake -E cmake_link_script CMakeFiles/cmTC_a508f.dir/link.txt --verbose=1
/usr/bin/c++   -DCMAKE_HAVE_LIBC_PTHREAD    CMakeFiles/cmTC_a508f.dir/src.cxx.o  -o cmTC_a508f 
/usr/bin/ld: CMakeFiles/cmTC_a508f.dir/src.cxx.o: in function `main':
src.cxx:(.text+0x48): undefined reference to `pthread_create'
/usr/bin/ld: src.cxx:(.text+0x50): undefined reference to `pthread_detach'
/usr/bin/ld: src.cxx:(.text+0x5c): undefined reference to `pthread_join'
collect2: error: ld returned 1 exit status
make[1]: *** [CMakeFiles/cmTC_a508f.dir/build.make:87: cmTC_a508f] Error 1
make[1]: Leaving directory '/home/parallels/CLionProjects/Homeworks/robotics_v1/src/robo_collector/robo_collector_controller/cmake-build-debug/CMakeFiles/CMakeTmp'
make: *** [Makefile:121: cmTC_a508f/fast] Error 2


Source file was:
#include <pthread.h>

void* test_func(void* data)
{
  return data;
}

int main(void)
{
  pthread_t thread;
  pthread_create(&thread, NULL, test_func, NULL);
  pthread_detach(thread);
  pthread_join(thread, NULL);
  pthread_atfork(NULL, NULL, NULL);
  pthread_exit(NULL);

  return 0;
}

Determining if the function pthread_create exists in the pthreads failed with the following output:
Change Dir: /home/parallels/CLionProjects/Homeworks/robotics_v1/src/robo_collector/robo_collector_controller/cmake-build-debug/CMakeFiles/CMakeTmp

Run Build Command(s):/usr/bin/make cmTC_30725/fast && /usr/bin/make -f CMakeFiles/cmTC_30725.dir/build.make CMakeFiles/cmTC_30725.dir/build
make[1]: Entering directory '/home/parallels/CLionProjects/Homeworks/robotics_v1/src/robo_collector/robo_collector_controller/cmake-build-debug/CMakeFiles/CMakeTmp'
Building CXX object CMakeFiles/cmTC_30725.dir/CheckFunctionExists.cxx.o
/usr/bin/c++    -DCHECK_FUNCTION_EXISTS=pthread_create   -o CMakeFiles/cmTC_30725.dir/CheckFunctionExists.cxx.o -c /home/parallels/CLionProjects/Homeworks/robotics_v1/src/robo_collector/robo_collector_controller/cmake-build-debug/CMakeFiles/CheckLibraryExists/CheckFunctionExists.cxx
Linking CXX executable cmTC_30725
/usr/bin/cmake -E cmake_link_script CMakeFiles/cmTC_30725.dir/link.txt --verbose=1
/usr/bin/c++   -DCHECK_FUNCTION_EXISTS=pthread_create    CMakeFiles/cmTC_30725.dir/CheckFunctionExists.cxx.o  -o cmTC_30725  -lpthreads 
/usr/bin/ld: cannot find -lpthreads
collect2: error: ld returned 1 exit status
make[1]: *** [CMakeFiles/cmTC_30725.dir/build.make:87: cmTC_30725] Error 1
make[1]: Leaving directory '/home/parallels/CLionProjects/Homeworks/robotics_v1/src/robo_collector/robo_collector_controller/cmake-build-debug/CMakeFiles/CMakeTmp'
make: *** [Makefile:121: cmTC_30725/fast] Error 2



Performing C++ SOURCE FILE Test CMAKE_HAVE_LIBC_PTHREAD failed with the following output:
Change Dir: /home/parallels/CLionProjects/Homeworks/robotics_v1/src/robo_collector/robo_collector_controller/cmake-build-debug/CMakeFiles/CMakeTmp

Run Build Command(s):/usr/bin/make cmTC_e9e73/fast && /usr/bin/make -f CMakeFiles/cmTC_e9e73.dir/build.make CMakeFiles/cmTC_e9e73.dir/build
make[1]: Entering directory '/home/parallels/CLionProjects/Homeworks/robotics_v1/src/robo_collector/robo_collector_controller/cmake-build-debug/CMakeFiles/CMakeTmp'
Building CXX object CMakeFiles/cmTC_e9e73.dir/src.cxx.o
/usr/bin/c++    -DCMAKE_HAVE_LIBC_PTHREAD   -o CMakeFiles/cmTC_e9e73.dir/src.cxx.o -c /home/parallels/CLionProjects/Homeworks/robotics_v1/src/robo_collector/robo_collector_controller/cmake-build-debug/CMakeFiles/CMakeTmp/src.cxx
Linking CXX executable cmTC_e9e73
/usr/bin/cmake -E cmake_link_script CMakeFiles/cmTC_e9e73.dir/link.txt --verbose=1
/usr/bin/c++   -DCMAKE_HAVE_LIBC_PTHREAD    CMakeFiles/cmTC_e9e73.dir/src.cxx.o  -o cmTC_e9e73 
/usr/bin/ld: CMakeFiles/cmTC_e9e73.dir/src.cxx.o: in function `main':
src.cxx:(.text+0x48): undefined reference to `pthread_create'
/usr/bin/ld: src.cxx:(.text+0x50): undefined reference to `pthread_detach'
/usr/bin/ld: src.cxx:(.text+0x5c): undefined reference to `pthread_join'
collect2: error: ld returned 1 exit status
make[1]: *** [CMakeFiles/cmTC_e9e73.dir/build.make:87: cmTC_e9e73] Error 1
make[1]: Leaving directory '/home/parallels/CLionProjects/Homeworks/robotics_v1/src/robo_collector/robo_collector_controller/cmake-build-debug/CMakeFiles/CMakeTmp'
make: *** [Makefile:121: cmTC_e9e73/fast] Error 2


Source file was:
#include <pthread.h>

void* test_func(void* data)
{
  return data;
}

int main(void)
{
  pthread_t thread;
  pthread_create(&thread, NULL, test_func, NULL);
  pthread_detach(thread);
  pthread_join(thread, NULL);
  pthread_atfork(NULL, NULL, NULL);
  pthread_exit(NULL);

  return 0;
}

Determining if the function pthread_create exists in the pthreads failed with the following output:
Change Dir: /home/parallels/CLionProjects/Homeworks/robotics_v1/src/robo_collector/robo_collector_controller/cmake-build-debug/CMakeFiles/CMakeTmp

Run Build Command(s):/usr/bin/make cmTC_6233e/fast && /usr/bin/make -f CMakeFiles/cmTC_6233e.dir/build.make CMakeFiles/cmTC_6233e.dir/build
make[1]: Entering directory '/home/parallels/CLionProjects/Homeworks/robotics_v1/src/robo_collector/robo_collector_controller/cmake-build-debug/CMakeFiles/CMakeTmp'
Building CXX object CMakeFiles/cmTC_6233e.dir/CheckFunctionExists.cxx.o
/usr/bin/c++    -DCHECK_FUNCTION_EXISTS=pthread_create   -o CMakeFiles/cmTC_6233e.dir/CheckFunctionExists.cxx.o -c /home/parallels/CLionProjects/Homeworks/robotics_v1/src/robo_collector/robo_collector_controller/cmake-build-debug/CMakeFiles/CheckLibraryExists/CheckFunctionExists.cxx
Linking CXX executable cmTC_6233e
/usr/bin/cmake -E cmake_link_script CMakeFiles/cmTC_6233e.dir/link.txt --verbose=1
/usr/bin/c++   -DCHECK_FUNCTION_EXISTS=pthread_create    CMakeFiles/cmTC_6233e.dir/CheckFunctionExists.cxx.o  -o cmTC_6233e  -lpthreads 
/usr/bin/ld: cannot find -lpthreads
collect2: error: ld returned 1 exit status
make[1]: *** [CMakeFiles/cmTC_6233e.dir/build.make:87: cmTC_6233e] Error 1
make[1]: Leaving directory '/home/parallels/CLionProjects/Homeworks/robotics_v1/src/robo_collector/robo_collector_controller/cmake-build-debug/CMakeFiles/CMakeTmp'
make: *** [Makefile:121: cmTC_6233e/fast] Error 2



