[0.000000] (-) TimerEvent: {}
[0.000183] (-) JobUnselected: {'identifier': 'cmake_helpers'}
[0.000199] (-) JobUnselected: {'identifier': 'game_engine'}
[0.000208] (-) JobUnselected: {'identifier': 'manager_utils'}
[0.000217] (-) JobUnselected: {'identifier': 'resource_builder'}
[0.000225] (-) JobUnselected: {'identifier': 'resource_utils'}
[0.000233] (-) JobUnselected: {'identifier': 'robo_cleaner_common'}
[0.000242] (-) JobUnselected: {'identifier': 'robo_cleaner_gui'}
[0.000250] (-) JobUnselected: {'identifier': 'robo_cleaner_interfaces'}
[0.000258] (-) JobUnselected: {'identifier': 'robo_collector_bringup'}
[0.000266] (-) JobUnselected: {'identifier': 'robo_collector_common'}
[0.000274] (-) JobUnselected: {'identifier': 'robo_collector_controller'}
[0.000281] (-) JobUnselected: {'identifier': 'robo_collector_gui'}
[0.000289] (-) JobUnselected: {'identifier': 'robo_collector_interfaces'}
[0.000297] (-) JobUnselected: {'identifier': 'robo_common'}
[0.000306] (-) JobUnselected: {'identifier': 'robo_miner_common'}
[0.000314] (-) JobUnselected: {'identifier': 'robo_miner_gui'}
[0.000322] (-) JobUnselected: {'identifier': 'robo_miner_interfaces'}
[0.000330] (-) JobUnselected: {'identifier': 'ros2_game_engine'}
[0.000337] (-) JobUnselected: {'identifier': 'sdl_utils'}
[0.000345] (-) JobUnselected: {'identifier': 'ur_bringup'}
[0.000353] (-) JobUnselected: {'identifier': 'ur_client_library'}
[0.000360] (-) JobUnselected: {'identifier': 'ur_control_gui'}
[0.000368] (-) JobUnselected: {'identifier': 'ur_controllers'}
[0.000375] (-) JobUnselected: {'identifier': 'ur_dashboard_msgs'}
[0.000383] (-) JobUnselected: {'identifier': 'ur_description'}
[0.000390] (-) JobUnselected: {'identifier': 'ur_moveit_config'}
[0.000397] (-) JobUnselected: {'identifier': 'ur_robot_driver'}
[0.000405] (-) JobUnselected: {'identifier': 'urscript_bridge'}
[0.000412] (-) JobUnselected: {'identifier': 'urscript_common'}
[0.000419] (-) JobUnselected: {'identifier': 'urscript_interfaces'}
[0.000427] (-) JobUnselected: {'identifier': 'utils'}
[0.000437] (-) EventReactorShutdown: {}
