[0.014s] Invoking command in '/home/parallels/CLionProjects/Homeworks/robotics_v1/build/resource_utils': CMAKE_PREFIX_PATH=/home/parallels/CLionProjects/Homeworks/robotics_v1/install/utils:/home/parallels/CLionProjects/Homeworks/robotics_v1/install/cmake_helpers:/opt/ros/foxy PKG_CONFIG_PATH=/home/parallels/CLionProjects/Homeworks/robotics_v1/install/utils/lib/aarch64-linux-gnu/pkgconfig:/home/parallels/CLionProjects/Homeworks/robotics_v1/install/utils/lib/pkgconfig:/home/parallels/CLionProjects/Homeworks/robotics_v1/install/cmake_helpers/lib/aarch64-linux-gnu/pkgconfig:/home/parallels/CLionProjects/Homeworks/robotics_v1/install/cmake_helpers/lib/pkgconfig /usr/bin/cmake /home/parallels/CLionProjects/Homeworks/robotics_v1/src/lib/resource_utils -DCMAKE_EXPORT_COMPILE_COMMANDS=ON -DCMAKE_INSTALL_PREFIX=/home/parallels/CLionProjects/Homeworks/robotics_v1/install/resource_utils
[0.025s] -- Found cmake_helpers: 1.0.0 (/home/parallels/CLionProjects/Homeworks/robotics_v1/install/cmake_helpers/share/cmake_helpers/cmake)
[0.028s] -- Found ament_cmake: 0.9.9 (/opt/ros/foxy/share/ament_cmake/cmake)
[0.046s] -- Using PYTHON_EXECUTABLE: /usr/bin/python3
[0.198s] -- Configuring done
[0.203s] -- Generating done
[0.204s] -- Build files have been written to: /home/parallels/CLionProjects/Homeworks/robotics_v1/build/resource_utils
[0.207s] Invoked command in '/home/parallels/CLionProjects/Homeworks/robotics_v1/build/resource_utils' returned '0': CMAKE_PREFIX_PATH=/home/parallels/CLionProjects/Homeworks/robotics_v1/install/utils:/home/parallels/CLionProjects/Homeworks/robotics_v1/install/cmake_helpers:/opt/ros/foxy PKG_CONFIG_PATH=/home/parallels/CLionProjects/Homeworks/robotics_v1/install/utils/lib/aarch64-linux-gnu/pkgconfig:/home/parallels/CLionProjects/Homeworks/robotics_v1/install/utils/lib/pkgconfig:/home/parallels/CLionProjects/Homeworks/robotics_v1/install/cmake_helpers/lib/aarch64-linux-gnu/pkgconfig:/home/parallels/CLionProjects/Homeworks/robotics_v1/install/cmake_helpers/lib/pkgconfig /usr/bin/cmake /home/parallels/CLionProjects/Homeworks/robotics_v1/src/lib/resource_utils -DCMAKE_EXPORT_COMPILE_COMMANDS=ON -DCMAKE_INSTALL_PREFIX=/home/parallels/CLionProjects/Homeworks/robotics_v1/install/resource_utils
[0.208s] Invoking command in '/home/parallels/CLionProjects/Homeworks/robotics_v1/build/resource_utils': CMAKE_PREFIX_PATH=/home/parallels/CLionProjects/Homeworks/robotics_v1/install/utils:/home/parallels/CLionProjects/Homeworks/robotics_v1/install/cmake_helpers:/opt/ros/foxy PKG_CONFIG_PATH=/home/parallels/CLionProjects/Homeworks/robotics_v1/install/utils/lib/aarch64-linux-gnu/pkgconfig:/home/parallels/CLionProjects/Homeworks/robotics_v1/install/utils/lib/pkgconfig:/home/parallels/CLionProjects/Homeworks/robotics_v1/install/cmake_helpers/lib/aarch64-linux-gnu/pkgconfig:/home/parallels/CLionProjects/Homeworks/robotics_v1/install/cmake_helpers/lib/pkgconfig /usr/bin/cmake --build /home/parallels/CLionProjects/Homeworks/robotics_v1/build/resource_utils -- -j4 -l4
[0.262s] [100%] Built target resource_utils
[0.273s] Invoked command in '/home/parallels/CLionProjects/Homeworks/robotics_v1/build/resource_utils' returned '0': CMAKE_PREFIX_PATH=/home/parallels/CLionProjects/Homeworks/robotics_v1/install/utils:/home/parallels/CLionProjects/Homeworks/robotics_v1/install/cmake_helpers:/opt/ros/foxy PKG_CONFIG_PATH=/home/parallels/CLionProjects/Homeworks/robotics_v1/install/utils/lib/aarch64-linux-gnu/pkgconfig:/home/parallels/CLionProjects/Homeworks/robotics_v1/install/utils/lib/pkgconfig:/home/parallels/CLionProjects/Homeworks/robotics_v1/install/cmake_helpers/lib/aarch64-linux-gnu/pkgconfig:/home/parallels/CLionProjects/Homeworks/robotics_v1/install/cmake_helpers/lib/pkgconfig /usr/bin/cmake --build /home/parallels/CLionProjects/Homeworks/robotics_v1/build/resource_utils -- -j4 -l4
[0.326s] Invoking command in '/home/parallels/CLionProjects/Homeworks/robotics_v1/build/resource_utils': CMAKE_PREFIX_PATH=/home/parallels/CLionProjects/Homeworks/robotics_v1/install/utils:/home/parallels/CLionProjects/Homeworks/robotics_v1/install/cmake_helpers:/opt/ros/foxy PKG_CONFIG_PATH=/home/parallels/CLionProjects/Homeworks/robotics_v1/install/utils/lib/aarch64-linux-gnu/pkgconfig:/home/parallels/CLionProjects/Homeworks/robotics_v1/install/utils/lib/pkgconfig:/home/parallels/CLionProjects/Homeworks/robotics_v1/install/cmake_helpers/lib/aarch64-linux-gnu/pkgconfig:/home/parallels/CLionProjects/Homeworks/robotics_v1/install/cmake_helpers/lib/pkgconfig /usr/bin/cmake --install /home/parallels/CLionProjects/Homeworks/robotics_v1/build/resource_utils
[0.339s] -- Install configuration: "RelWithDebInfo"
[0.339s] -- Up-to-date: /home/parallels/CLionProjects/Homeworks/robotics_v1/install/resource_utils/share/resource_utils/package.xml
[0.339s] -- Up-to-date: /home/parallels/CLionProjects/Homeworks/robotics_v1/install/resource_utils/lib/resource_utils/libresource_utils.a
[0.339s] -- Installing: /home/parallels/CLionProjects/Homeworks/robotics_v1/install/resource_utils/share/ament_index/resource_index/packages/resource_utils
[0.339s] -- Installing: /home/parallels/CLionProjects/Homeworks/robotics_v1/install/resource_utils/share/resource_utils/hook/ament_prefix_path.dsv
[0.339s] -- Installing: /home/parallels/CLionProjects/Homeworks/robotics_v1/install/resource_utils/share/resource_utils/hook/ros_package_path.dsv
[0.339s] -- Up-to-date: /home/parallels/CLionProjects/Homeworks/robotics_v1/install/resource_utils/share/ament_index/resource_index/package_run_dependencies/resource_utils
[0.339s] -- Installing: /home/parallels/CLionProjects/Homeworks/robotics_v1/install/resource_utils/share/ament_index/resource_index/parent_prefix_path/resource_utils
[0.339s] -- Up-to-date: /home/parallels/CLionProjects/Homeworks/robotics_v1/install/resource_utils/share/resource_utils/environment/ament_prefix_path.sh
[0.340s] -- Installing: /home/parallels/CLionProjects/Homeworks/robotics_v1/install/resource_utils/share/resource_utils/environment/ament_prefix_path.dsv
[0.340s] -- Up-to-date: /home/parallels/CLionProjects/Homeworks/robotics_v1/install/resource_utils/share/resource_utils/environment/path.sh
[0.340s] -- Installing: /home/parallels/CLionProjects/Homeworks/robotics_v1/install/resource_utils/share/resource_utils/environment/path.dsv
[0.340s] -- Up-to-date: /home/parallels/CLionProjects/Homeworks/robotics_v1/install/resource_utils/share/resource_utils/local_setup.bash
[0.340s] -- Up-to-date: /home/parallels/CLionProjects/Homeworks/robotics_v1/install/resource_utils/share/resource_utils/local_setup.sh
[0.340s] -- Up-to-date: /home/parallels/CLionProjects/Homeworks/robotics_v1/install/resource_utils/share/resource_utils/local_setup.zsh
[0.340s] -- Installing: /home/parallels/CLionProjects/Homeworks/robotics_v1/install/resource_utils/share/resource_utils/local_setup.dsv
[0.340s] -- Installing: /home/parallels/CLionProjects/Homeworks/robotics_v1/install/resource_utils/share/resource_utils/package.dsv
[0.340s] -- Installing: /home/parallels/CLionProjects/Homeworks/robotics_v1/install/resource_utils/share/ament_index/resource_index/packages/resource_utils
[0.340s] -- Up-to-date: /home/parallels/CLionProjects/Homeworks/robotics_v1/install/resource_utils/share/resource_utils/cmake/resource_utilsConfig.cmake
[0.340s] -- Up-to-date: /home/parallels/CLionProjects/Homeworks/robotics_v1/install/resource_utils/share/resource_utils/cmake/resource_utilsConfig-version.cmake
[0.340s] -- Up-to-date: /home/parallels/CLionProjects/Homeworks/robotics_v1/install/resource_utils/share/resource_utils/package.xml
[0.340s] -- Up-to-date: /home/parallels/CLionProjects/Homeworks/robotics_v1/install/resource_utils/lib/libresource_utils.a
[0.340s] -- Up-to-date: /home/parallels/CLionProjects/Homeworks/robotics_v1/install/resource_utils/include
[0.340s] -- Up-to-date: /home/parallels/CLionProjects/Homeworks/robotics_v1/install/resource_utils/include/resource_utils
[0.340s] -- Up-to-date: /home/parallels/CLionProjects/Homeworks/robotics_v1/install/resource_utils/include/resource_utils/structs
[0.340s] -- Up-to-date: /home/parallels/CLionProjects/Homeworks/robotics_v1/install/resource_utils/include/resource_utils/structs/SoundData.h
[0.340s] -- Up-to-date: /home/parallels/CLionProjects/Homeworks/robotics_v1/install/resource_utils/include/resource_utils/structs/FontData.h
[0.340s] -- Up-to-date: /home/parallels/CLionProjects/Homeworks/robotics_v1/install/resource_utils/include/resource_utils/structs/DataHeader.h
[0.340s] -- Up-to-date: /home/parallels/CLionProjects/Homeworks/robotics_v1/install/resource_utils/include/resource_utils/structs/CombinedStructs.h
[0.340s] -- Up-to-date: /home/parallels/CLionProjects/Homeworks/robotics_v1/install/resource_utils/include/resource_utils/structs/ResourceData.h
[0.340s] -- Up-to-date: /home/parallels/CLionProjects/Homeworks/robotics_v1/install/resource_utils/include/resource_utils/common
[0.340s] -- Up-to-date: /home/parallels/CLionProjects/Homeworks/robotics_v1/install/resource_utils/include/resource_utils/common/ResourceFileHeader.h
[0.340s] -- Up-to-date: /home/parallels/CLionProjects/Homeworks/robotics_v1/install/resource_utils/include/resource_utils/resource_loader
[0.340s] -- Up-to-date: /home/parallels/CLionProjects/Homeworks/robotics_v1/install/resource_utils/include/resource_utils/resource_loader/ResourceLoader.h
[0.340s] -- Up-to-date: /home/parallels/CLionProjects/Homeworks/robotics_v1/install/resource_utils/include/resource_utils/defines
[0.340s] -- Up-to-date: /home/parallels/CLionProjects/Homeworks/robotics_v1/install/resource_utils/include/resource_utils/defines/ResourceDefines.h
[0.340s] -- Up-to-date: /home/parallels/CLionProjects/Homeworks/robotics_v1/install/resource_utils/include/resource_utils/defines/SoundDefines.h
[0.340s] -- Up-to-date: /home/parallels/CLionProjects/Homeworks/robotics_v1/install/resource_utils/lib/cmake/resource_utils/resource_utilsTargets.cmake
[0.340s] -- Installing: /home/parallels/CLionProjects/Homeworks/robotics_v1/install/resource_utils/lib/cmake/resource_utils/resource_utilsTargets-relwithdebinfo.cmake
[0.340s] -- Up-to-date: /home/parallels/CLionProjects/Homeworks/robotics_v1/install/resource_utils/lib/cmake/resource_utils/resource_utilsConfig.cmake
[0.342s] Invoked command in '/home/parallels/CLionProjects/Homeworks/robotics_v1/build/resource_utils' returned '0': CMAKE_PREFIX_PATH=/home/parallels/CLionProjects/Homeworks/robotics_v1/install/utils:/home/parallels/CLionProjects/Homeworks/robotics_v1/install/cmake_helpers:/opt/ros/foxy PKG_CONFIG_PATH=/home/parallels/CLionProjects/Homeworks/robotics_v1/install/utils/lib/aarch64-linux-gnu/pkgconfig:/home/parallels/CLionProjects/Homeworks/robotics_v1/install/utils/lib/pkgconfig:/home/parallels/CLionProjects/Homeworks/robotics_v1/install/cmake_helpers/lib/aarch64-linux-gnu/pkgconfig:/home/parallels/CLionProjects/Homeworks/robotics_v1/install/cmake_helpers/lib/pkgconfig /usr/bin/cmake --install /home/parallels/CLionProjects/Homeworks/robotics_v1/build/resource_utils
