-- Building tests disabled.
-- Configuring done
-- Generating done
-- Build files have been written to: /home/parallels/CLionProjects/Homeworks/robotics_v1/build/ur_client_library
[  2%] [32mBuilding CXX object CMakeFiles/urcl.dir/src/comm/tcp_server.cpp.o[0m
[  5%] [32mBuilding CXX object CMakeFiles/urcl.dir/src/comm/tcp_socket.cpp.o[0m
[  8%] [32mBuilding CXX object CMakeFiles/urcl.dir/src/control/script_sender.cpp.o[0m
[ 11%] [32mBuilding CXX object CMakeFiles/urcl.dir/src/control/trajectory_point_interface.cpp.o[0m
[ 14%] [32mBuilding CXX object CMakeFiles/urcl.dir/src/primary/primary_package.cpp.o[0m
[ 17%] [32mBuilding CXX object CMakeFiles/urcl.dir/src/primary/robot_message.cpp.o[0m
[ 20%] [32mBuilding CXX object CMakeFiles/urcl.dir/src/primary/robot_state.cpp.o[0m
[ 23%] [32mBuilding CXX object CMakeFiles/urcl.dir/src/primary/robot_message/version_message.cpp.o[0m
[ 26%] [32mBuilding CXX object CMakeFiles/urcl.dir/src/primary/robot_state/kinematics_info.cpp.o[0m
[ 29%] [32mBuilding CXX object CMakeFiles/urcl.dir/src/rtde/control_package_pause.cpp.o[0m
[ 32%] [32mBuilding CXX object CMakeFiles/urcl.dir/src/rtde/control_package_setup_outputs.cpp.o[0m
[ 35%] [32mBuilding CXX object CMakeFiles/urcl.dir/src/rtde/control_package_setup_inputs.cpp.o[0m
[ 38%] [32mBuilding CXX object CMakeFiles/urcl.dir/src/rtde/control_package_start.cpp.o[0m
[ 41%] [32mBuilding CXX object CMakeFiles/urcl.dir/src/rtde/data_package.cpp.o[0m
[ 44%] [32mBuilding CXX object CMakeFiles/urcl.dir/src/rtde/get_urcontrol_version.cpp.o[0m
[ 47%] [32mBuilding CXX object CMakeFiles/urcl.dir/src/rtde/request_protocol_version.cpp.o[0m
[ 50%] [32mBuilding CXX object CMakeFiles/urcl.dir/src/rtde/text_message.cpp.o[0m
[ 52%] [32mBuilding CXX object CMakeFiles/urcl.dir/src/rtde/rtde_client.cpp.o[0m
[ 55%] [32mBuilding CXX object CMakeFiles/urcl.dir/src/ur/ur_driver.cpp.o[0m
[ 58%] [32mBuilding CXX object CMakeFiles/urcl.dir/src/ur/calibration_checker.cpp.o[0m
[ 61%] [32mBuilding CXX object CMakeFiles/urcl.dir/src/ur/dashboard_client.cpp.o[0m
[ 64%] [32mBuilding CXX object CMakeFiles/urcl.dir/src/ur/tool_communication.cpp.o[0m
[ 67%] [32mBuilding CXX object CMakeFiles/urcl.dir/src/rtde/rtde_writer.cpp.o[0m
[ 70%] [32mBuilding CXX object CMakeFiles/urcl.dir/src/default_log_handler.cpp.o[0m
[ 73%] [32mBuilding CXX object CMakeFiles/urcl.dir/src/log.cpp.o[0m
[ 76%] [32mBuilding CXX object CMakeFiles/urcl.dir/src/rtde/rtde_package.cpp.o[0m
[ 79%] [32mBuilding CXX object CMakeFiles/urcl.dir/src/control/reverse_interface.cpp.o[0m
[ 82%] [32m[1mLinking CXX shared library liburcl.so[0m
[ 82%] Built target urcl
[ 85%] [32mBuilding CXX object examples/CMakeFiles/rtde_client_example.dir/rtde_client.cpp.o[0m
[ 88%] [32m[1mLinking CXX executable rtde_client_example[0m
[ 88%] Built target rtde_client_example
[ 91%] [32mBuilding CXX object examples/CMakeFiles/driver_example.dir/full_driver.cpp.o[0m
[ 94%] [32m[1mLinking CXX executable driver_example[0m
[ 94%] Built target driver_example
[ 97%] [32mBuilding CXX object examples/CMakeFiles/primary_pipeline_example.dir/primary_pipeline.cpp.o[0m
In file included from /home/parallels/CLionProjects/Homeworks/robotics_v1/src/ur_driver/Universal_Robots_Client_Library/examples/primary_pipeline.cpp:28:
In file included from /home/parallels/CLionProjects/Homeworks/robotics_v1/src/ur_driver/Universal_Robots_Client_Library/include/ur_client_library/comm/pipeline.h:23:
In file included from /home/parallels/CLionProjects/Homeworks/robotics_v1/src/ur_driver/Universal_Robots_Client_Library/include/ur_client_library/comm/package.h:31:
In file included from /home/parallels/CLionProjects/Homeworks/robotics_v1/src/ur_driver/Universal_Robots_Client_Library/include/ur_client_library/comm/bin_parser.h:31:
In file included from /usr/bin/../lib/gcc/aarch64-linux-gnu/9/../../../../include/c++/9/memory:80:
[1m/usr/bin/../lib/gcc/aarch64-linux-gnu/9/../../../../include/c++/9/bits/unique_ptr.h:81:2: [0m[0;1;35mwarning: [0m[1mdelete called on 'urcl::comm::IConsumer<urcl::primary_interface::PrimaryPackage>' that is abstract but has non-virtual destructor [-Wdelete-abstract-non-virtual-dtor][0m
        delete __ptr;
[0;1;32m        ^
[0m[1m/usr/bin/../lib/gcc/aarch64-linux-gnu/9/../../../../include/c++/9/bits/unique_ptr.h:292:4: [0m[0;1;30mnote: [0min instantiation of member function 'std::default_delete<urcl::comm::IConsumer<urcl::primary_interface::PrimaryPackage> >::operator()' requested here[0m
          get_deleter()(std::move(__ptr));
[0;1;32m          ^
[0m[1m/home/parallels/CLionProjects/Homeworks/robotics_v1/src/ur_driver/Universal_Robots_Client_Library/examples/primary_pipeline.cpp:52:71: [0m[0;1;30mnote: [0min instantiation of member function 'std::unique_ptr<urcl::comm::IConsumer<urcl::primary_interface::PrimaryPackage>, std::default_delete<urcl::comm::IConsumer<urcl::primary_interface::PrimaryPackage> > >::~unique_ptr' requested here[0m
  std::unique_ptr<comm::IConsumer<primary_interface::PrimaryPackage>> consumer;
[0;1;32m                                                                      ^
[0m1 warning generated.
[100%] [32m[1mLinking CXX executable primary_pipeline_example[0m
[100%] Built target primary_pipeline_example
-- Install configuration: "RelWithDebInfo"
-- Installing: /home/parallels/CLionProjects/Homeworks/robotics_v1/install/ur_client_library/lib/liburcl.so
-- Up-to-date: /home/parallels/CLionProjects/Homeworks/robotics_v1/install/ur_client_library/include
-- Up-to-date: /home/parallels/CLionProjects/Homeworks/robotics_v1/install/ur_client_library/include/ur_client_library
-- Up-to-date: /home/parallels/CLionProjects/Homeworks/robotics_v1/install/ur_client_library/include/ur_client_library/queue
-- Up-to-date: /home/parallels/CLionProjects/Homeworks/robotics_v1/install/ur_client_library/include/ur_client_library/queue/readerwriterqueue.h
-- Up-to-date: /home/parallels/CLionProjects/Homeworks/robotics_v1/install/ur_client_library/include/ur_client_library/queue/atomicops.h
-- Up-to-date: /home/parallels/CLionProjects/Homeworks/robotics_v1/install/ur_client_library/include/ur_client_library/queue/LICENSE.md
-- Up-to-date: /home/parallels/CLionProjects/Homeworks/robotics_v1/install/ur_client_library/include/ur_client_library/exceptions.h
-- Up-to-date: /home/parallels/CLionProjects/Homeworks/robotics_v1/install/ur_client_library/include/ur_client_library/rtde
-- Up-to-date: /home/parallels/CLionProjects/Homeworks/robotics_v1/install/ur_client_library/include/ur_client_library/rtde/control_package_start.h
-- Up-to-date: /home/parallels/CLionProjects/Homeworks/robotics_v1/install/ur_client_library/include/ur_client_library/rtde/rtde_writer.h
-- Up-to-date: /home/parallels/CLionProjects/Homeworks/robotics_v1/install/ur_client_library/include/ur_client_library/rtde/rtde_client.h
-- Up-to-date: /home/parallels/CLionProjects/Homeworks/robotics_v1/install/ur_client_library/include/ur_client_library/rtde/get_urcontrol_version.h
-- Up-to-date: /home/parallels/CLionProjects/Homeworks/robotics_v1/install/ur_client_library/include/ur_client_library/rtde/package_header.h
-- Up-to-date: /home/parallels/CLionProjects/Homeworks/robotics_v1/install/ur_client_library/include/ur_client_library/rtde/request_protocol_version.h
-- Up-to-date: /home/parallels/CLionProjects/Homeworks/robotics_v1/install/ur_client_library/include/ur_client_library/rtde/text_message.h
-- Up-to-date: /home/parallels/CLionProjects/Homeworks/robotics_v1/install/ur_client_library/include/ur_client_library/rtde/control_package_setup_outputs.h
-- Up-to-date: /home/parallels/CLionProjects/Homeworks/robotics_v1/install/ur_client_library/include/ur_client_library/rtde/control_package_setup_inputs.h
-- Up-to-date: /home/parallels/CLionProjects/Homeworks/robotics_v1/install/ur_client_library/include/ur_client_library/rtde/control_package_pause.h
-- Up-to-date: /home/parallels/CLionProjects/Homeworks/robotics_v1/install/ur_client_library/include/ur_client_library/rtde/rtde_parser.h
-- Up-to-date: /home/parallels/CLionProjects/Homeworks/robotics_v1/install/ur_client_library/include/ur_client_library/rtde/rtde_package.h
-- Up-to-date: /home/parallels/CLionProjects/Homeworks/robotics_v1/install/ur_client_library/include/ur_client_library/rtde/data_package.h
-- Up-to-date: /home/parallels/CLionProjects/Homeworks/robotics_v1/install/ur_client_library/include/ur_client_library/ur
-- Up-to-date: /home/parallels/CLionProjects/Homeworks/robotics_v1/install/ur_client_library/include/ur_client_library/ur/calibration_checker.h
-- Up-to-date: /home/parallels/CLionProjects/Homeworks/robotics_v1/install/ur_client_library/include/ur_client_library/ur/dashboard_client.h
-- Up-to-date: /home/parallels/CLionProjects/Homeworks/robotics_v1/install/ur_client_library/include/ur_client_library/ur/ur_driver.h
-- Up-to-date: /home/parallels/CLionProjects/Homeworks/robotics_v1/install/ur_client_library/include/ur_client_library/ur/version_information.h
-- Up-to-date: /home/parallels/CLionProjects/Homeworks/robotics_v1/install/ur_client_library/include/ur_client_library/ur/datatypes.h
-- Up-to-date: /home/parallels/CLionProjects/Homeworks/robotics_v1/install/ur_client_library/include/ur_client_library/ur/tool_communication.h
-- Up-to-date: /home/parallels/CLionProjects/Homeworks/robotics_v1/install/ur_client_library/include/ur_client_library/log.h
-- Up-to-date: /home/parallels/CLionProjects/Homeworks/robotics_v1/install/ur_client_library/include/ur_client_library/control
-- Up-to-date: /home/parallels/CLionProjects/Homeworks/robotics_v1/install/ur_client_library/include/ur_client_library/control/reverse_interface.h
-- Up-to-date: /home/parallels/CLionProjects/Homeworks/robotics_v1/install/ur_client_library/include/ur_client_library/control/trajectory_point_interface.h
-- Up-to-date: /home/parallels/CLionProjects/Homeworks/robotics_v1/install/ur_client_library/include/ur_client_library/control/script_sender.h
-- Up-to-date: /home/parallels/CLionProjects/Homeworks/robotics_v1/install/ur_client_library/include/ur_client_library/primary
-- Up-to-date: /home/parallels/CLionProjects/Homeworks/robotics_v1/install/ur_client_library/include/ur_client_library/primary/robot_state
-- Up-to-date: /home/parallels/CLionProjects/Homeworks/robotics_v1/install/ur_client_library/include/ur_client_library/primary/robot_state/kinematics_info.h
-- Up-to-date: /home/parallels/CLionProjects/Homeworks/robotics_v1/install/ur_client_library/include/ur_client_library/primary/robot_message.h
-- Up-to-date: /home/parallels/CLionProjects/Homeworks/robotics_v1/install/ur_client_library/include/ur_client_library/primary/primary_parser.h
-- Up-to-date: /home/parallels/CLionProjects/Homeworks/robotics_v1/install/ur_client_library/include/ur_client_library/primary/package_header.h
-- Up-to-date: /home/parallels/CLionProjects/Homeworks/robotics_v1/install/ur_client_library/include/ur_client_library/primary/robot_message
-- Up-to-date: /home/parallels/CLionProjects/Homeworks/robotics_v1/install/ur_client_library/include/ur_client_library/primary/robot_message/version_message.h
-- Up-to-date: /home/parallels/CLionProjects/Homeworks/robotics_v1/install/ur_client_library/include/ur_client_library/primary/abstract_primary_consumer.h
-- Up-to-date: /home/parallels/CLionProjects/Homeworks/robotics_v1/install/ur_client_library/include/ur_client_library/primary/primary_package.h
-- Up-to-date: /home/parallels/CLionProjects/Homeworks/robotics_v1/install/ur_client_library/include/ur_client_library/primary/robot_state.h
-- Up-to-date: /home/parallels/CLionProjects/Homeworks/robotics_v1/install/ur_client_library/include/ur_client_library/comm
-- Up-to-date: /home/parallels/CLionProjects/Homeworks/robotics_v1/install/ur_client_library/include/ur_client_library/comm/tcp_server.h
-- Up-to-date: /home/parallels/CLionProjects/Homeworks/robotics_v1/install/ur_client_library/include/ur_client_library/comm/producer.h
-- Up-to-date: /home/parallels/CLionProjects/Homeworks/robotics_v1/install/ur_client_library/include/ur_client_library/comm/pipeline.h
-- Up-to-date: /home/parallels/CLionProjects/Homeworks/robotics_v1/install/ur_client_library/include/ur_client_library/comm/bin_parser.h
-- Up-to-date: /home/parallels/CLionProjects/Homeworks/robotics_v1/install/ur_client_library/include/ur_client_library/comm/parser.h
-- Up-to-date: /home/parallels/CLionProjects/Homeworks/robotics_v1/install/ur_client_library/include/ur_client_library/comm/shell_consumer.h
-- Up-to-date: /home/parallels/CLionProjects/Homeworks/robotics_v1/install/ur_client_library/include/ur_client_library/comm/package_serializer.h
-- Up-to-date: /home/parallels/CLionProjects/Homeworks/robotics_v1/install/ur_client_library/include/ur_client_library/comm/control_mode.h
-- Up-to-date: /home/parallels/CLionProjects/Homeworks/robotics_v1/install/ur_client_library/include/ur_client_library/comm/tcp_socket.h
-- Up-to-date: /home/parallels/CLionProjects/Homeworks/robotics_v1/install/ur_client_library/include/ur_client_library/comm/package.h
-- Up-to-date: /home/parallels/CLionProjects/Homeworks/robotics_v1/install/ur_client_library/include/ur_client_library/comm/stream.h
-- Up-to-date: /home/parallels/CLionProjects/Homeworks/robotics_v1/install/ur_client_library/include/ur_client_library/default_log_handler.h
-- Up-to-date: /home/parallels/CLionProjects/Homeworks/robotics_v1/install/ur_client_library/include/ur_client_library/types.h
-- Up-to-date: /home/parallels/CLionProjects/Homeworks/robotics_v1/install/ur_client_library/lib/cmake/ur_client_library/urclTargets.cmake
-- Installing: /home/parallels/CLionProjects/Homeworks/robotics_v1/install/ur_client_library/lib/cmake/ur_client_library/urclTargets-relwithdebinfo.cmake
-- Up-to-date: /home/parallels/CLionProjects/Homeworks/robotics_v1/install/ur_client_library/lib/cmake/ur_client_library/ur_client_libraryConfig.cmake
-- Up-to-date: /home/parallels/CLionProjects/Homeworks/robotics_v1/install/ur_client_library/share/ur_client_library/package.xml
-- Installing: /home/parallels/CLionProjects/Homeworks/robotics_v1/install/ur_client_library/share/ament_index/resource_index/packages/ur_client_library
-- Installing: /home/parallels/CLionProjects/Homeworks/robotics_v1/install/ur_client_library/share/ur_client_library/hook/ament_prefix_path.dsv
-- Installing: /home/parallels/CLionProjects/Homeworks/robotics_v1/install/ur_client_library/share/ur_client_library/hook/ros_package_path.dsv
-- Up-to-date: /home/parallels/CLionProjects/Homeworks/robotics_v1/install/ur_client_library/share/ur_client_library/resources
-- Up-to-date: /home/parallels/CLionProjects/Homeworks/robotics_v1/install/ur_client_library/share/ur_client_library/resources/external_control.urscript
