[0.026s] Invoking command in '/home/parallels/CLionProjects/Homeworks/robotics_v1/build/ur_client_library': CMAKE_PREFIX_PATH=${CMAKE_PREFIX_PATH}:/opt/ros/foxy /usr/bin/cmake /home/parallels/CLionProjects/Homeworks/robotics_v1/src/ur_driver/Universal_Robots_Client_Library -DCMAKE_BUILD_TYPE=RelWithDebInfo -DCMAKE_INSTALL_PREFIX=/home/parallels/CLionProjects/Homeworks/robotics_v1/install/ur_client_library
[0.042s] -- Building tests disabled.
[0.046s] -- Configuring done
[0.056s] -- Generating done
[0.057s] -- Build files have been written to: /home/parallels/CLionProjects/Homeworks/robotics_v1/build/ur_client_library
[0.060s] Invoked command in '/home/parallels/CLionProjects/Homeworks/robotics_v1/build/ur_client_library' returned '0': CMAKE_PREFIX_PATH=${CMAKE_PREFIX_PATH}:/opt/ros/foxy /usr/bin/cmake /home/parallels/CLionProjects/Homeworks/robotics_v1/src/ur_driver/Universal_Robots_Client_Library -DCMAKE_BUILD_TYPE=RelWithDebInfo -DCMAKE_INSTALL_PREFIX=/home/parallels/CLionProjects/Homeworks/robotics_v1/install/ur_client_library
[0.061s] Invoking command in '/home/parallels/CLionProjects/Homeworks/robotics_v1/build/ur_client_library': CMAKE_PREFIX_PATH=${CMAKE_PREFIX_PATH}:/opt/ros/foxy /usr/bin/cmake --build /home/parallels/CLionProjects/Homeworks/robotics_v1/build/ur_client_library -- -j4 -l4
[0.128s] [  2%] [32mBuilding CXX object CMakeFiles/urcl.dir/src/comm/tcp_server.cpp.o[0m
[0.132s] [  5%] [32mBuilding CXX object CMakeFiles/urcl.dir/src/comm/tcp_socket.cpp.o[0m
[0.506s] [  8%] [32mBuilding CXX object CMakeFiles/urcl.dir/src/control/script_sender.cpp.o[0m
[0.650s] [ 11%] [32mBuilding CXX object CMakeFiles/urcl.dir/src/control/trajectory_point_interface.cpp.o[0m
[1.079s] [ 14%] [32mBuilding CXX object CMakeFiles/urcl.dir/src/primary/primary_package.cpp.o[0m
[1.209s] [ 17%] [32mBuilding CXX object CMakeFiles/urcl.dir/src/primary/robot_message.cpp.o[0m
[1.698s] [ 20%] [32mBuilding CXX object CMakeFiles/urcl.dir/src/primary/robot_state.cpp.o[0m
[1.843s] [ 23%] [32mBuilding CXX object CMakeFiles/urcl.dir/src/primary/robot_message/version_message.cpp.o[0m
[2.425s] [ 26%] [32mBuilding CXX object CMakeFiles/urcl.dir/src/primary/robot_state/kinematics_info.cpp.o[0m
[2.448s] [ 29%] [32mBuilding CXX object CMakeFiles/urcl.dir/src/rtde/control_package_pause.cpp.o[0m
[2.964s] [ 32%] [32mBuilding CXX object CMakeFiles/urcl.dir/src/rtde/control_package_setup_outputs.cpp.o[0m
[2.977s] [ 35%] [32mBuilding CXX object CMakeFiles/urcl.dir/src/rtde/control_package_setup_inputs.cpp.o[0m
[3.437s] [ 38%] [32mBuilding CXX object CMakeFiles/urcl.dir/src/rtde/control_package_start.cpp.o[0m
[3.488s] [ 41%] [32mBuilding CXX object CMakeFiles/urcl.dir/src/rtde/data_package.cpp.o[0m
[3.738s] [ 44%] [32mBuilding CXX object CMakeFiles/urcl.dir/src/rtde/get_urcontrol_version.cpp.o[0m
[4.082s] [ 47%] [32mBuilding CXX object CMakeFiles/urcl.dir/src/rtde/request_protocol_version.cpp.o[0m
[7.065s] [ 50%] [32mBuilding CXX object CMakeFiles/urcl.dir/src/rtde/text_message.cpp.o[0m
[7.407s] [ 52%] [32mBuilding CXX object CMakeFiles/urcl.dir/src/rtde/rtde_client.cpp.o[0m
[8.774s] [ 55%] [32mBuilding CXX object CMakeFiles/urcl.dir/src/ur/ur_driver.cpp.o[0m
[9.934s] [ 58%] [32mBuilding CXX object CMakeFiles/urcl.dir/src/ur/calibration_checker.cpp.o[0m
[10.249s] [ 61%] [32mBuilding CXX object CMakeFiles/urcl.dir/src/ur/dashboard_client.cpp.o[0m
[10.797s] [ 64%] [32mBuilding CXX object CMakeFiles/urcl.dir/src/ur/tool_communication.cpp.o[0m
[11.102s] [ 67%] [32mBuilding CXX object CMakeFiles/urcl.dir/src/rtde/rtde_writer.cpp.o[0m
[12.394s] [ 70%] [32mBuilding CXX object CMakeFiles/urcl.dir/src/default_log_handler.cpp.o[0m
[12.557s] [ 73%] [32mBuilding CXX object CMakeFiles/urcl.dir/src/log.cpp.o[0m
[12.970s] [ 76%] [32mBuilding CXX object CMakeFiles/urcl.dir/src/rtde/rtde_package.cpp.o[0m
[13.248s] [ 79%] [32mBuilding CXX object CMakeFiles/urcl.dir/src/control/reverse_interface.cpp.o[0m
[13.884s] [ 82%] [32m[1mLinking CXX shared library liburcl.so[0m
[14.044s] [ 82%] Built target urcl
[14.085s] [ 85%] [32mBuilding CXX object examples/CMakeFiles/rtde_client_example.dir/rtde_client.cpp.o[0m
[14.788s] [ 88%] [32m[1mLinking CXX executable rtde_client_example[0m
[14.869s] [ 88%] Built target rtde_client_example
[14.893s] [ 91%] [32mBuilding CXX object examples/CMakeFiles/driver_example.dir/full_driver.cpp.o[0m
[15.635s] [ 94%] [32m[1mLinking CXX executable driver_example[0m
[15.709s] [ 94%] Built target driver_example
[15.730s] [ 97%] [32mBuilding CXX object examples/CMakeFiles/primary_pipeline_example.dir/primary_pipeline.cpp.o[0m
[16.013s] In file included from /home/parallels/CLionProjects/Homeworks/robotics_v1/src/ur_driver/Universal_Robots_Client_Library/examples/primary_pipeline.cpp:28:
[16.013s] In file included from /home/parallels/CLionProjects/Homeworks/robotics_v1/src/ur_driver/Universal_Robots_Client_Library/include/ur_client_library/comm/pipeline.h:23:
[16.013s] In file included from /home/parallels/CLionProjects/Homeworks/robotics_v1/src/ur_driver/Universal_Robots_Client_Library/include/ur_client_library/comm/package.h:31:
[16.013s] In file included from /home/parallels/CLionProjects/Homeworks/robotics_v1/src/ur_driver/Universal_Robots_Client_Library/include/ur_client_library/comm/bin_parser.h:31:
[16.013s] In file included from /usr/bin/../lib/gcc/aarch64-linux-gnu/9/../../../../include/c++/9/memory:80:
[16.013s] [1m/usr/bin/../lib/gcc/aarch64-linux-gnu/9/../../../../include/c++/9/bits/unique_ptr.h:81:2: [0m[0;1;35mwarning: [0m[1mdelete called on 'urcl::comm::IConsumer<urcl::primary_interface::PrimaryPackage>' that is abstract but has non-virtual destructor [-Wdelete-abstract-non-virtual-dtor][0m
[16.013s]         delete __ptr;
[16.013s] [0;1;32m        ^
[16.013s] [0m[1m/usr/bin/../lib/gcc/aarch64-linux-gnu/9/../../../../include/c++/9/bits/unique_ptr.h:292:4: [0m[0;1;30mnote: [0min instantiation of member function 'std::default_delete<urcl::comm::IConsumer<urcl::primary_interface::PrimaryPackage> >::operator()' requested here[0m
[16.013s]           get_deleter()(std::move(__ptr));
[16.013s] [0;1;32m          ^
[16.013s] [0m[1m/home/parallels/CLionProjects/Homeworks/robotics_v1/src/ur_driver/Universal_Robots_Client_Library/examples/primary_pipeline.cpp:52:71: [0m[0;1;30mnote: [0min instantiation of member function 'std::unique_ptr<urcl::comm::IConsumer<urcl::primary_interface::PrimaryPackage>, std::default_delete<urcl::comm::IConsumer<urcl::primary_interface::PrimaryPackage> > >::~unique_ptr' requested here[0m
[16.013s]   std::unique_ptr<comm::IConsumer<primary_interface::PrimaryPackage>> consumer;
[16.013s] [0;1;32m                                                                      ^
[16.319s] [0m1 warning generated.
[16.330s] [100%] [32m[1mLinking CXX executable primary_pipeline_example[0m
[16.410s] [100%] Built target primary_pipeline_example
[16.425s] Invoked command in '/home/parallels/CLionProjects/Homeworks/robotics_v1/build/ur_client_library' returned '0': CMAKE_PREFIX_PATH=${CMAKE_PREFIX_PATH}:/opt/ros/foxy /usr/bin/cmake --build /home/parallels/CLionProjects/Homeworks/robotics_v1/build/ur_client_library -- -j4 -l4
[16.520s] Invoking command in '/home/parallels/CLionProjects/Homeworks/robotics_v1/build/ur_client_library': CMAKE_PREFIX_PATH=${CMAKE_PREFIX_PATH}:/opt/ros/foxy /usr/bin/cmake --install /home/parallels/CLionProjects/Homeworks/robotics_v1/build/ur_client_library
[16.530s] -- Install configuration: "RelWithDebInfo"
[16.531s] -- Installing: /home/parallels/CLionProjects/Homeworks/robotics_v1/install/ur_client_library/lib/liburcl.so
[16.537s] -- Up-to-date: /home/parallels/CLionProjects/Homeworks/robotics_v1/install/ur_client_library/include
[16.537s] -- Up-to-date: /home/parallels/CLionProjects/Homeworks/robotics_v1/install/ur_client_library/include/ur_client_library
[16.538s] -- Up-to-date: /home/parallels/CLionProjects/Homeworks/robotics_v1/install/ur_client_library/include/ur_client_library/queue
[16.538s] -- Up-to-date: /home/parallels/CLionProjects/Homeworks/robotics_v1/install/ur_client_library/include/ur_client_library/queue/readerwriterqueue.h
[16.538s] -- Up-to-date: /home/parallels/CLionProjects/Homeworks/robotics_v1/install/ur_client_library/include/ur_client_library/queue/atomicops.h
[16.538s] -- Up-to-date: /home/parallels/CLionProjects/Homeworks/robotics_v1/install/ur_client_library/include/ur_client_library/queue/LICENSE.md
[16.538s] -- Up-to-date: /home/parallels/CLionProjects/Homeworks/robotics_v1/install/ur_client_library/include/ur_client_library/exceptions.h
[16.538s] -- Up-to-date: /home/parallels/CLionProjects/Homeworks/robotics_v1/install/ur_client_library/include/ur_client_library/rtde
[16.538s] -- Up-to-date: /home/parallels/CLionProjects/Homeworks/robotics_v1/install/ur_client_library/include/ur_client_library/rtde/control_package_start.h
[16.538s] -- Up-to-date: /home/parallels/CLionProjects/Homeworks/robotics_v1/install/ur_client_library/include/ur_client_library/rtde/rtde_writer.h
[16.538s] -- Up-to-date: /home/parallels/CLionProjects/Homeworks/robotics_v1/install/ur_client_library/include/ur_client_library/rtde/rtde_client.h
[16.539s] -- Up-to-date: /home/parallels/CLionProjects/Homeworks/robotics_v1/install/ur_client_library/include/ur_client_library/rtde/get_urcontrol_version.h
[16.539s] -- Up-to-date: /home/parallels/CLionProjects/Homeworks/robotics_v1/install/ur_client_library/include/ur_client_library/rtde/package_header.h
[16.539s] -- Up-to-date: /home/parallels/CLionProjects/Homeworks/robotics_v1/install/ur_client_library/include/ur_client_library/rtde/request_protocol_version.h
[16.539s] -- Up-to-date: /home/parallels/CLionProjects/Homeworks/robotics_v1/install/ur_client_library/include/ur_client_library/rtde/text_message.h
[16.539s] -- Up-to-date: /home/parallels/CLionProjects/Homeworks/robotics_v1/install/ur_client_library/include/ur_client_library/rtde/control_package_setup_outputs.h
[16.539s] -- Up-to-date: /home/parallels/CLionProjects/Homeworks/robotics_v1/install/ur_client_library/include/ur_client_library/rtde/control_package_setup_inputs.h
[16.539s] -- Up-to-date: /home/parallels/CLionProjects/Homeworks/robotics_v1/install/ur_client_library/include/ur_client_library/rtde/control_package_pause.h
[16.539s] -- Up-to-date: /home/parallels/CLionProjects/Homeworks/robotics_v1/install/ur_client_library/include/ur_client_library/rtde/rtde_parser.h
[16.539s] -- Up-to-date: /home/parallels/CLionProjects/Homeworks/robotics_v1/install/ur_client_library/include/ur_client_library/rtde/rtde_package.h
[16.539s] -- Up-to-date: /home/parallels/CLionProjects/Homeworks/robotics_v1/install/ur_client_library/include/ur_client_library/rtde/data_package.h
[16.539s] -- Up-to-date: /home/parallels/CLionProjects/Homeworks/robotics_v1/install/ur_client_library/include/ur_client_library/ur
[16.540s] -- Up-to-date: /home/parallels/CLionProjects/Homeworks/robotics_v1/install/ur_client_library/include/ur_client_library/ur/calibration_checker.h
[16.540s] -- Up-to-date: /home/parallels/CLionProjects/Homeworks/robotics_v1/install/ur_client_library/include/ur_client_library/ur/dashboard_client.h
[16.540s] -- Up-to-date: /home/parallels/CLionProjects/Homeworks/robotics_v1/install/ur_client_library/include/ur_client_library/ur/ur_driver.h
[16.540s] -- Up-to-date: /home/parallels/CLionProjects/Homeworks/robotics_v1/install/ur_client_library/include/ur_client_library/ur/version_information.h
[16.540s] -- Up-to-date: /home/parallels/CLionProjects/Homeworks/robotics_v1/install/ur_client_library/include/ur_client_library/ur/datatypes.h
[16.540s] -- Up-to-date: /home/parallels/CLionProjects/Homeworks/robotics_v1/install/ur_client_library/include/ur_client_library/ur/tool_communication.h
[16.541s] -- Up-to-date: /home/parallels/CLionProjects/Homeworks/robotics_v1/install/ur_client_library/include/ur_client_library/log.h
[16.541s] -- Up-to-date: /home/parallels/CLionProjects/Homeworks/robotics_v1/install/ur_client_library/include/ur_client_library/control
[16.541s] -- Up-to-date: /home/parallels/CLionProjects/Homeworks/robotics_v1/install/ur_client_library/include/ur_client_library/control/reverse_interface.h
[16.541s] -- Up-to-date: /home/parallels/CLionProjects/Homeworks/robotics_v1/install/ur_client_library/include/ur_client_library/control/trajectory_point_interface.h
[16.541s] -- Up-to-date: /home/parallels/CLionProjects/Homeworks/robotics_v1/install/ur_client_library/include/ur_client_library/control/script_sender.h
[16.541s] -- Up-to-date: /home/parallels/CLionProjects/Homeworks/robotics_v1/install/ur_client_library/include/ur_client_library/primary
[16.542s] -- Up-to-date: /home/parallels/CLionProjects/Homeworks/robotics_v1/install/ur_client_library/include/ur_client_library/primary/robot_state
[16.542s] -- Up-to-date: /home/parallels/CLionProjects/Homeworks/robotics_v1/install/ur_client_library/include/ur_client_library/primary/robot_state/kinematics_info.h
[16.542s] -- Up-to-date: /home/parallels/CLionProjects/Homeworks/robotics_v1/install/ur_client_library/include/ur_client_library/primary/robot_message.h
[16.542s] -- Up-to-date: /home/parallels/CLionProjects/Homeworks/robotics_v1/install/ur_client_library/include/ur_client_library/primary/primary_parser.h
[16.542s] -- Up-to-date: /home/parallels/CLionProjects/Homeworks/robotics_v1/install/ur_client_library/include/ur_client_library/primary/package_header.h
[16.542s] -- Up-to-date: /home/parallels/CLionProjects/Homeworks/robotics_v1/install/ur_client_library/include/ur_client_library/primary/robot_message
[16.542s] -- Up-to-date: /home/parallels/CLionProjects/Homeworks/robotics_v1/install/ur_client_library/include/ur_client_library/primary/robot_message/version_message.h
[16.542s] -- Up-to-date: /home/parallels/CLionProjects/Homeworks/robotics_v1/install/ur_client_library/include/ur_client_library/primary/abstract_primary_consumer.h
[16.542s] -- Up-to-date: /home/parallels/CLionProjects/Homeworks/robotics_v1/install/ur_client_library/include/ur_client_library/primary/primary_package.h
[16.543s] -- Up-to-date: /home/parallels/CLionProjects/Homeworks/robotics_v1/install/ur_client_library/include/ur_client_library/primary/robot_state.h
[16.543s] -- Up-to-date: /home/parallels/CLionProjects/Homeworks/robotics_v1/install/ur_client_library/include/ur_client_library/comm
[16.543s] -- Up-to-date: /home/parallels/CLionProjects/Homeworks/robotics_v1/install/ur_client_library/include/ur_client_library/comm/tcp_server.h
[16.543s] -- Up-to-date: /home/parallels/CLionProjects/Homeworks/robotics_v1/install/ur_client_library/include/ur_client_library/comm/producer.h
[16.543s] -- Up-to-date: /home/parallels/CLionProjects/Homeworks/robotics_v1/install/ur_client_library/include/ur_client_library/comm/pipeline.h
[16.543s] -- Up-to-date: /home/parallels/CLionProjects/Homeworks/robotics_v1/install/ur_client_library/include/ur_client_library/comm/bin_parser.h
[16.543s] -- Up-to-date: /home/parallels/CLionProjects/Homeworks/robotics_v1/install/ur_client_library/include/ur_client_library/comm/parser.h
[16.543s] -- Up-to-date: /home/parallels/CLionProjects/Homeworks/robotics_v1/install/ur_client_library/include/ur_client_library/comm/shell_consumer.h
[16.543s] -- Up-to-date: /home/parallels/CLionProjects/Homeworks/robotics_v1/install/ur_client_library/include/ur_client_library/comm/package_serializer.h
[16.543s] -- Up-to-date: /home/parallels/CLionProjects/Homeworks/robotics_v1/install/ur_client_library/include/ur_client_library/comm/control_mode.h
[16.543s] -- Up-to-date: /home/parallels/CLionProjects/Homeworks/robotics_v1/install/ur_client_library/include/ur_client_library/comm/tcp_socket.h
[16.544s] -- Up-to-date: /home/parallels/CLionProjects/Homeworks/robotics_v1/install/ur_client_library/include/ur_client_library/comm/package.h
[16.544s] -- Up-to-date: /home/parallels/CLionProjects/Homeworks/robotics_v1/install/ur_client_library/include/ur_client_library/comm/stream.h
[16.544s] -- Up-to-date: /home/parallels/CLionProjects/Homeworks/robotics_v1/install/ur_client_library/include/ur_client_library/default_log_handler.h
[16.544s] -- Up-to-date: /home/parallels/CLionProjects/Homeworks/robotics_v1/install/ur_client_library/include/ur_client_library/types.h
[16.544s] -- Up-to-date: /home/parallels/CLionProjects/Homeworks/robotics_v1/install/ur_client_library/lib/cmake/ur_client_library/urclTargets.cmake
[16.544s] -- Installing: /home/parallels/CLionProjects/Homeworks/robotics_v1/install/ur_client_library/lib/cmake/ur_client_library/urclTargets-relwithdebinfo.cmake
[16.544s] -- Up-to-date: /home/parallels/CLionProjects/Homeworks/robotics_v1/install/ur_client_library/lib/cmake/ur_client_library/ur_client_libraryConfig.cmake
[16.544s] -- Up-to-date: /home/parallels/CLionProjects/Homeworks/robotics_v1/install/ur_client_library/share/ur_client_library/package.xml
[16.544s] -- Installing: /home/parallels/CLionProjects/Homeworks/robotics_v1/install/ur_client_library/share/ament_index/resource_index/packages/ur_client_library
[16.545s] -- Installing: /home/parallels/CLionProjects/Homeworks/robotics_v1/install/ur_client_library/share/ur_client_library/hook/ament_prefix_path.dsv
[16.545s] -- Installing: /home/parallels/CLionProjects/Homeworks/robotics_v1/install/ur_client_library/share/ur_client_library/hook/ros_package_path.dsv
[16.545s] -- Up-to-date: /home/parallels/CLionProjects/Homeworks/robotics_v1/install/ur_client_library/share/ur_client_library/resources
[16.545s] -- Up-to-date: /home/parallels/CLionProjects/Homeworks/robotics_v1/install/ur_client_library/share/ur_client_library/resources/external_control.urscript
[16.548s] Invoked command in '/home/parallels/CLionProjects/Homeworks/robotics_v1/build/ur_client_library' returned '0': CMAKE_PREFIX_PATH=${CMAKE_PREFIX_PATH}:/opt/ros/foxy /usr/bin/cmake --install /home/parallels/CLionProjects/Homeworks/robotics_v1/build/ur_client_library
