[0.052s] Invoking command in '/home/parallels/CLionProjects/Homeworks/robotics_v1/build/robo_collector_gui': AMENT_PREFIX_PATH=/home/parallels/CLionProjects/Homeworks/robotics_v1/install/robo_collector_common:/home/parallels/CLionProjects/Homeworks/robotics_v1/install/robo_collector_interfaces:${AMENT_PREFIX_PATH} CMAKE_PREFIX_PATH=/home/parallels/CLionProjects/Homeworks/robotics_v1/install/ros2_game_engine:/home/parallels/CLionProjects/Homeworks/robotics_v1/install/robo_collector_common:/home/parallels/CLionProjects/Homeworks/robotics_v1/install/robo_common:/home/parallels/CLionProjects/Homeworks/robotics_v1/install/game_engine:/home/parallels/CLionProjects/Homeworks/robotics_v1/install/manager_utils:/home/parallels/CLionProjects/Homeworks/robotics_v1/install/sdl_utils:/home/parallels/CLionProjects/Homeworks/robotics_v1/install/resource_utils:/home/parallels/CLionProjects/Homeworks/robotics_v1/install/utils:/home/parallels/CLionProjects/Homeworks/robotics_v1/install/robo_collector_interfaces:/home/parallels/CLionProjects/Homeworks/robotics_v1/install/cmake_helpers:/opt/ros/foxy LD_LIBRARY_PATH=/home/parallels/CLionProjects/Homeworks/robotics_v1/install/robo_collector_interfaces/lib:${LD_LIBRARY_PATH} PKG_CONFIG_PATH=/home/parallels/CLionProjects/Homeworks/robotics_v1/install/ros2_game_engine/lib/aarch64-linux-gnu/pkgconfig:/home/parallels/CLionProjects/Homeworks/robotics_v1/install/ros2_game_engine/lib/pkgconfig:/home/parallels/CLionProjects/Homeworks/robotics_v1/install/robo_common/lib/aarch64-linux-gnu/pkgconfig:/home/parallels/CLionProjects/Homeworks/robotics_v1/install/robo_common/lib/pkgconfig:/home/parallels/CLionProjects/Homeworks/robotics_v1/install/game_engine/lib/aarch64-linux-gnu/pkgconfig:/home/parallels/CLionProjects/Homeworks/robotics_v1/install/game_engine/lib/pkgconfig:/home/parallels/CLionProjects/Homeworks/robotics_v1/install/manager_utils/lib/aarch64-linux-gnu/pkgconfig:/home/parallels/CLionProjects/Homeworks/robotics_v1/install/manager_utils/lib/pkgconfig:/home/parallels/CLionProjects/Homeworks/robotics_v1/install/sdl_utils/lib/aarch64-linux-gnu/pkgconfig:/home/parallels/CLionProjects/Homeworks/robotics_v1/install/sdl_utils/lib/pkgconfig:/home/parallels/CLionProjects/Homeworks/robotics_v1/install/resource_utils/lib/aarch64-linux-gnu/pkgconfig:/home/parallels/CLionProjects/Homeworks/robotics_v1/install/resource_utils/lib/pkgconfig:/home/parallels/CLionProjects/Homeworks/robotics_v1/install/utils/lib/aarch64-linux-gnu/pkgconfig:/home/parallels/CLionProjects/Homeworks/robotics_v1/install/utils/lib/pkgconfig:/home/parallels/CLionProjects/Homeworks/robotics_v1/install/cmake_helpers/lib/aarch64-linux-gnu/pkgconfig:/home/parallels/CLionProjects/Homeworks/robotics_v1/install/cmake_helpers/lib/pkgconfig PYTHONPATH=/home/parallels/CLionProjects/Homeworks/robotics_v1/install/robo_collector_interfaces/lib/python3.8/site-packages:${PYTHONPATH} /usr/bin/cmake /home/parallels/CLionProjects/Homeworks/robotics_v1/src/robo_collector/robo_collector_gui -DCMAKE_BUILD_TYPE=Debug -DCMAKE_CXX_COMPILER=/usr/bin/clang++ -DAMENT_CMAKE_SYMLINK_INSTALL=1 -DCMAKE_INSTALL_PREFIX=/home/parallels/CLionProjects/Homeworks/robotics_v1/install/robo_collector_gui
[0.145s] -- The CXX compiler identification is Clang 10.0.0
[0.149s] -- Check for working CXX compiler: /usr/bin/clang++
[0.243s] -- Check for working CXX compiler: /usr/bin/clang++ -- works
[0.244s] -- Detecting CXX compiler ABI info
[0.337s] -- Detecting CXX compiler ABI info - done
[0.343s] -- Detecting CXX compile features
[0.344s] -- Detecting CXX compile features - done
[0.345s] -- Found cmake_helpers: 1.0.0 (/home/parallels/CLionProjects/Homeworks/robotics_v1/install/cmake_helpers/share/cmake_helpers/cmake)
[0.346s] -- Found ament_cmake: 0.9.9 (/opt/ros/foxy/share/ament_cmake/cmake)
[0.362s] -- Found PythonInterp: /usr/bin/python3 (found suitable version "3.8.10", minimum required is "3") 
[0.362s] -- Using PYTHON_EXECUTABLE: /usr/bin/python3
[0.448s] -- Override CMake install command with custom implementation using symlinks instead of copying resources
[0.468s] -- Found ament_index_cpp: 1.1.0 (/opt/ros/foxy/share/ament_index_cpp/cmake)
[0.471s] -- Found rclcpp: 2.4.1 (/opt/ros/foxy/share/rclcpp/cmake)
[0.507s] -- Using all available rosidl_typesupport_c: rosidl_typesupport_fastrtps_c;rosidl_typesupport_introspection_c
[0.513s] -- Found rosidl_adapter: 1.2.1 (/opt/ros/foxy/share/rosidl_adapter/cmake)
[0.603s] -- Found OpenSSL: /usr/lib/aarch64-linux-gnu/libcrypto.so (found version "1.1.1f")  
[0.627s] -- Found FastRTPS: /opt/ros/foxy/include  
[0.710s] -- Using all available rosidl_typesupport_cpp: rosidl_typesupport_fastrtps_cpp;rosidl_typesupport_introspection_cpp
[0.752s] -- Found rmw_implementation_cmake: 1.0.3 (/opt/ros/foxy/share/rmw_implementation_cmake/cmake)
[0.753s] -- Using RMW implementation 'rmw_fastrtps_cpp' as default
[0.753s] -- Looking for C++ include pthread.h
[0.939s] -- Looking for C++ include pthread.h - found
[0.939s] -- Performing Test CMAKE_HAVE_LIBC_PTHREAD
[1.226s] -- Performing Test CMAKE_HAVE_LIBC_PTHREAD - Failed
[1.226s] -- Looking for pthread_create in pthreads
[1.476s] -- Looking for pthread_create in pthreads - not found
[1.476s] -- Looking for pthread_create in pthread
[1.629s] -- Looking for pthread_create in pthread - found
[1.630s] -- Found Threads: TRUE  
[1.749s] -- Found robo_collector_interfaces: 1.0.0 (/home/parallels/CLionProjects/Homeworks/robotics_v1/install/robo_collector_interfaces/share/robo_collector_interfaces/cmake)
[4.962s] -- Configuring done
[4.985s] -- Generating done
[4.986s] -- Build files have been written to: /home/parallels/CLionProjects/Homeworks/robotics_v1/build/robo_collector_gui
[4.990s] Invoked command in '/home/parallels/CLionProjects/Homeworks/robotics_v1/build/robo_collector_gui' returned '0': AMENT_PREFIX_PATH=/home/parallels/CLionProjects/Homeworks/robotics_v1/install/robo_collector_common:/home/parallels/CLionProjects/Homeworks/robotics_v1/install/robo_collector_interfaces:${AMENT_PREFIX_PATH} CMAKE_PREFIX_PATH=/home/parallels/CLionProjects/Homeworks/robotics_v1/install/ros2_game_engine:/home/parallels/CLionProjects/Homeworks/robotics_v1/install/robo_collector_common:/home/parallels/CLionProjects/Homeworks/robotics_v1/install/robo_common:/home/parallels/CLionProjects/Homeworks/robotics_v1/install/game_engine:/home/parallels/CLionProjects/Homeworks/robotics_v1/install/manager_utils:/home/parallels/CLionProjects/Homeworks/robotics_v1/install/sdl_utils:/home/parallels/CLionProjects/Homeworks/robotics_v1/install/resource_utils:/home/parallels/CLionProjects/Homeworks/robotics_v1/install/utils:/home/parallels/CLionProjects/Homeworks/robotics_v1/install/robo_collector_interfaces:/home/parallels/CLionProjects/Homeworks/robotics_v1/install/cmake_helpers:/opt/ros/foxy LD_LIBRARY_PATH=/home/parallels/CLionProjects/Homeworks/robotics_v1/install/robo_collector_interfaces/lib:${LD_LIBRARY_PATH} PKG_CONFIG_PATH=/home/parallels/CLionProjects/Homeworks/robotics_v1/install/ros2_game_engine/lib/aarch64-linux-gnu/pkgconfig:/home/parallels/CLionProjects/Homeworks/robotics_v1/install/ros2_game_engine/lib/pkgconfig:/home/parallels/CLionProjects/Homeworks/robotics_v1/install/robo_common/lib/aarch64-linux-gnu/pkgconfig:/home/parallels/CLionProjects/Homeworks/robotics_v1/install/robo_common/lib/pkgconfig:/home/parallels/CLionProjects/Homeworks/robotics_v1/install/game_engine/lib/aarch64-linux-gnu/pkgconfig:/home/parallels/CLionProjects/Homeworks/robotics_v1/install/game_engine/lib/pkgconfig:/home/parallels/CLionProjects/Homeworks/robotics_v1/install/manager_utils/lib/aarch64-linux-gnu/pkgconfig:/home/parallels/CLionProjects/Homeworks/robotics_v1/install/manager_utils/lib/pkgconfig:/home/parallels/CLionProjects/Homeworks/robotics_v1/install/sdl_utils/lib/aarch64-linux-gnu/pkgconfig:/home/parallels/CLionProjects/Homeworks/robotics_v1/install/sdl_utils/lib/pkgconfig:/home/parallels/CLionProjects/Homeworks/robotics_v1/install/resource_utils/lib/aarch64-linux-gnu/pkgconfig:/home/parallels/CLionProjects/Homeworks/robotics_v1/install/resource_utils/lib/pkgconfig:/home/parallels/CLionProjects/Homeworks/robotics_v1/install/utils/lib/aarch64-linux-gnu/pkgconfig:/home/parallels/CLionProjects/Homeworks/robotics_v1/install/utils/lib/pkgconfig:/home/parallels/CLionProjects/Homeworks/robotics_v1/install/cmake_helpers/lib/aarch64-linux-gnu/pkgconfig:/home/parallels/CLionProjects/Homeworks/robotics_v1/install/cmake_helpers/lib/pkgconfig PYTHONPATH=/home/parallels/CLionProjects/Homeworks/robotics_v1/install/robo_collector_interfaces/lib/python3.8/site-packages:${PYTHONPATH} /usr/bin/cmake /home/parallels/CLionProjects/Homeworks/robotics_v1/src/robo_collector/robo_collector_gui -DCMAKE_BUILD_TYPE=Debug -DCMAKE_CXX_COMPILER=/usr/bin/clang++ -DAMENT_CMAKE_SYMLINK_INSTALL=1 -DCMAKE_INSTALL_PREFIX=/home/parallels/CLionProjects/Homeworks/robotics_v1/install/robo_collector_gui
[4.991s] Invoking command in '/home/parallels/CLionProjects/Homeworks/robotics_v1/build/robo_collector_gui': AMENT_PREFIX_PATH=/home/parallels/CLionProjects/Homeworks/robotics_v1/install/robo_collector_common:/home/parallels/CLionProjects/Homeworks/robotics_v1/install/robo_collector_interfaces:${AMENT_PREFIX_PATH} CMAKE_PREFIX_PATH=/home/parallels/CLionProjects/Homeworks/robotics_v1/install/ros2_game_engine:/home/parallels/CLionProjects/Homeworks/robotics_v1/install/robo_collector_common:/home/parallels/CLionProjects/Homeworks/robotics_v1/install/robo_common:/home/parallels/CLionProjects/Homeworks/robotics_v1/install/game_engine:/home/parallels/CLionProjects/Homeworks/robotics_v1/install/manager_utils:/home/parallels/CLionProjects/Homeworks/robotics_v1/install/sdl_utils:/home/parallels/CLionProjects/Homeworks/robotics_v1/install/resource_utils:/home/parallels/CLionProjects/Homeworks/robotics_v1/install/utils:/home/parallels/CLionProjects/Homeworks/robotics_v1/install/robo_collector_interfaces:/home/parallels/CLionProjects/Homeworks/robotics_v1/install/cmake_helpers:/opt/ros/foxy LD_LIBRARY_PATH=/home/parallels/CLionProjects/Homeworks/robotics_v1/install/robo_collector_interfaces/lib:${LD_LIBRARY_PATH} PKG_CONFIG_PATH=/home/parallels/CLionProjects/Homeworks/robotics_v1/install/ros2_game_engine/lib/aarch64-linux-gnu/pkgconfig:/home/parallels/CLionProjects/Homeworks/robotics_v1/install/ros2_game_engine/lib/pkgconfig:/home/parallels/CLionProjects/Homeworks/robotics_v1/install/robo_common/lib/aarch64-linux-gnu/pkgconfig:/home/parallels/CLionProjects/Homeworks/robotics_v1/install/robo_common/lib/pkgconfig:/home/parallels/CLionProjects/Homeworks/robotics_v1/install/game_engine/lib/aarch64-linux-gnu/pkgconfig:/home/parallels/CLionProjects/Homeworks/robotics_v1/install/game_engine/lib/pkgconfig:/home/parallels/CLionProjects/Homeworks/robotics_v1/install/manager_utils/lib/aarch64-linux-gnu/pkgconfig:/home/parallels/CLionProjects/Homeworks/robotics_v1/install/manager_utils/lib/pkgconfig:/home/parallels/CLionProjects/Homeworks/robotics_v1/install/sdl_utils/lib/aarch64-linux-gnu/pkgconfig:/home/parallels/CLionProjects/Homeworks/robotics_v1/install/sdl_utils/lib/pkgconfig:/home/parallels/CLionProjects/Homeworks/robotics_v1/install/resource_utils/lib/aarch64-linux-gnu/pkgconfig:/home/parallels/CLionProjects/Homeworks/robotics_v1/install/resource_utils/lib/pkgconfig:/home/parallels/CLionProjects/Homeworks/robotics_v1/install/utils/lib/aarch64-linux-gnu/pkgconfig:/home/parallels/CLionProjects/Homeworks/robotics_v1/install/utils/lib/pkgconfig:/home/parallels/CLionProjects/Homeworks/robotics_v1/install/cmake_helpers/lib/aarch64-linux-gnu/pkgconfig:/home/parallels/CLionProjects/Homeworks/robotics_v1/install/cmake_helpers/lib/pkgconfig PYTHONPATH=/home/parallels/CLionProjects/Homeworks/robotics_v1/install/robo_collector_interfaces/lib/python3.8/site-packages:${PYTHONPATH} /usr/bin/cmake --build /home/parallels/CLionProjects/Homeworks/robotics_v1/build/robo_collector_gui -- -j4 -l4
[5.091s] [35m[1mScanning dependencies of target robo_collector_gui[0m
[5.224s] [  5%] [32mBuilding CXX object CMakeFiles/robo_collector_gui.dir/src/main.cpp.o[0m
[5.230s] [ 11%] [32mBuilding CXX object CMakeFiles/robo_collector_gui.dir/src/RoboCollectorGui.cpp.o[0m
[6.305s] [ 17%] [32mBuilding CXX object CMakeFiles/robo_collector_gui.dir/src/helpers/TurnHelper.cpp.o[0m
[6.758s] [ 23%] [32mBuilding CXX object CMakeFiles/robo_collector_gui.dir/src/config/RoboCollectorGuiConfigGenerator.cpp.o[0m
[6.808s] [ 29%] [32mBuilding CXX object CMakeFiles/robo_collector_gui.dir/src/helpers/RoboCollectorBuilder.cpp.o[0m
[6.899s] [ 35%] [32mBuilding CXX object CMakeFiles/robo_collector_gui.dir/src/helpers/RoboCollectorGuiInitHelper.cpp.o[0m
[7.228s] [ 41%] [32mBuilding CXX object CMakeFiles/robo_collector_gui.dir/src/external_api/CollectorControllerExternalBridge.cpp.o[0m
[8.886s] [ 47%] [32mBuilding CXX object CMakeFiles/robo_collector_gui.dir/src/external_api/RoboCollectorGuiRos2ParamProvider.cpp.o[0m
[12.479s] [ 52%] [32mBuilding CXX object CMakeFiles/robo_collector_gui.dir/src/layout/entities/robot/RobotAI.cpp.o[0m
[12.739s] [ 58%] [32mBuilding CXX object CMakeFiles/robo_collector_gui.dir/src/layout/entities/coin/Coin.cpp.o[0m
[13.057s] [ 64%] [32mBuilding CXX object CMakeFiles/robo_collector_gui.dir/src/layout/entities/coin/CoinHandler.cpp.o[0m
[13.278s] [ 70%] [32mBuilding CXX object CMakeFiles/robo_collector_gui.dir/src/layout/entities/coin/animation/CoinCollectAnimEndCb.cpp.o[0m
[13.465s] [ 76%] [32mBuilding CXX object CMakeFiles/robo_collector_gui.dir/src/layout/entities/coin/animation/CoinRespawnAnim.cpp.o[0m
[13.641s] [ 82%] [32mBuilding CXX object CMakeFiles/robo_collector_gui.dir/src/layout/panels/PanelHandler.cpp.o[0m
[13.834s] [ 88%] [32mBuilding CXX object CMakeFiles/robo_collector_gui.dir/src/layout/helpers/RoboCollectorLayoutInitHelper.cpp.o[0m
[14.166s] [ 94%] [32mBuilding CXX object CMakeFiles/robo_collector_gui.dir/src/layout/RoboCollectorLayout.cpp.o[0m
[14.519s] [100%] [32m[1mLinking CXX executable robo_collector_gui[0m
[15.317s] [100%] Built target robo_collector_gui
[15.328s] Invoked command in '/home/parallels/CLionProjects/Homeworks/robotics_v1/build/robo_collector_gui' returned '0': AMENT_PREFIX_PATH=/home/parallels/CLionProjects/Homeworks/robotics_v1/install/robo_collector_common:/home/parallels/CLionProjects/Homeworks/robotics_v1/install/robo_collector_interfaces:${AMENT_PREFIX_PATH} CMAKE_PREFIX_PATH=/home/parallels/CLionProjects/Homeworks/robotics_v1/install/ros2_game_engine:/home/parallels/CLionProjects/Homeworks/robotics_v1/install/robo_collector_common:/home/parallels/CLionProjects/Homeworks/robotics_v1/install/robo_common:/home/parallels/CLionProjects/Homeworks/robotics_v1/install/game_engine:/home/parallels/CLionProjects/Homeworks/robotics_v1/install/manager_utils:/home/parallels/CLionProjects/Homeworks/robotics_v1/install/sdl_utils:/home/parallels/CLionProjects/Homeworks/robotics_v1/install/resource_utils:/home/parallels/CLionProjects/Homeworks/robotics_v1/install/utils:/home/parallels/CLionProjects/Homeworks/robotics_v1/install/robo_collector_interfaces:/home/parallels/CLionProjects/Homeworks/robotics_v1/install/cmake_helpers:/opt/ros/foxy LD_LIBRARY_PATH=/home/parallels/CLionProjects/Homeworks/robotics_v1/install/robo_collector_interfaces/lib:${LD_LIBRARY_PATH} PKG_CONFIG_PATH=/home/parallels/CLionProjects/Homeworks/robotics_v1/install/ros2_game_engine/lib/aarch64-linux-gnu/pkgconfig:/home/parallels/CLionProjects/Homeworks/robotics_v1/install/ros2_game_engine/lib/pkgconfig:/home/parallels/CLionProjects/Homeworks/robotics_v1/install/robo_common/lib/aarch64-linux-gnu/pkgconfig:/home/parallels/CLionProjects/Homeworks/robotics_v1/install/robo_common/lib/pkgconfig:/home/parallels/CLionProjects/Homeworks/robotics_v1/install/game_engine/lib/aarch64-linux-gnu/pkgconfig:/home/parallels/CLionProjects/Homeworks/robotics_v1/install/game_engine/lib/pkgconfig:/home/parallels/CLionProjects/Homeworks/robotics_v1/install/manager_utils/lib/aarch64-linux-gnu/pkgconfig:/home/parallels/CLionProjects/Homeworks/robotics_v1/install/manager_utils/lib/pkgconfig:/home/parallels/CLionProjects/Homeworks/robotics_v1/install/sdl_utils/lib/aarch64-linux-gnu/pkgconfig:/home/parallels/CLionProjects/Homeworks/robotics_v1/install/sdl_utils/lib/pkgconfig:/home/parallels/CLionProjects/Homeworks/robotics_v1/install/resource_utils/lib/aarch64-linux-gnu/pkgconfig:/home/parallels/CLionProjects/Homeworks/robotics_v1/install/resource_utils/lib/pkgconfig:/home/parallels/CLionProjects/Homeworks/robotics_v1/install/utils/lib/aarch64-linux-gnu/pkgconfig:/home/parallels/CLionProjects/Homeworks/robotics_v1/install/utils/lib/pkgconfig:/home/parallels/CLionProjects/Homeworks/robotics_v1/install/cmake_helpers/lib/aarch64-linux-gnu/pkgconfig:/home/parallels/CLionProjects/Homeworks/robotics_v1/install/cmake_helpers/lib/pkgconfig PYTHONPATH=/home/parallels/CLionProjects/Homeworks/robotics_v1/install/robo_collector_interfaces/lib/python3.8/site-packages:${PYTHONPATH} /usr/bin/cmake --build /home/parallels/CLionProjects/Homeworks/robotics_v1/build/robo_collector_gui -- -j4 -l4
[15.378s] Invoking command in '/home/parallels/CLionProjects/Homeworks/robotics_v1/build/robo_collector_gui': AMENT_PREFIX_PATH=/home/parallels/CLionProjects/Homeworks/robotics_v1/install/robo_collector_common:/home/parallels/CLionProjects/Homeworks/robotics_v1/install/robo_collector_interfaces:${AMENT_PREFIX_PATH} CMAKE_PREFIX_PATH=/home/parallels/CLionProjects/Homeworks/robotics_v1/install/ros2_game_engine:/home/parallels/CLionProjects/Homeworks/robotics_v1/install/robo_collector_common:/home/parallels/CLionProjects/Homeworks/robotics_v1/install/robo_common:/home/parallels/CLionProjects/Homeworks/robotics_v1/install/game_engine:/home/parallels/CLionProjects/Homeworks/robotics_v1/install/manager_utils:/home/parallels/CLionProjects/Homeworks/robotics_v1/install/sdl_utils:/home/parallels/CLionProjects/Homeworks/robotics_v1/install/resource_utils:/home/parallels/CLionProjects/Homeworks/robotics_v1/install/utils:/home/parallels/CLionProjects/Homeworks/robotics_v1/install/robo_collector_interfaces:/home/parallels/CLionProjects/Homeworks/robotics_v1/install/cmake_helpers:/opt/ros/foxy LD_LIBRARY_PATH=/home/parallels/CLionProjects/Homeworks/robotics_v1/install/robo_collector_interfaces/lib:${LD_LIBRARY_PATH} PKG_CONFIG_PATH=/home/parallels/CLionProjects/Homeworks/robotics_v1/install/ros2_game_engine/lib/aarch64-linux-gnu/pkgconfig:/home/parallels/CLionProjects/Homeworks/robotics_v1/install/ros2_game_engine/lib/pkgconfig:/home/parallels/CLionProjects/Homeworks/robotics_v1/install/robo_common/lib/aarch64-linux-gnu/pkgconfig:/home/parallels/CLionProjects/Homeworks/robotics_v1/install/robo_common/lib/pkgconfig:/home/parallels/CLionProjects/Homeworks/robotics_v1/install/game_engine/lib/aarch64-linux-gnu/pkgconfig:/home/parallels/CLionProjects/Homeworks/robotics_v1/install/game_engine/lib/pkgconfig:/home/parallels/CLionProjects/Homeworks/robotics_v1/install/manager_utils/lib/aarch64-linux-gnu/pkgconfig:/home/parallels/CLionProjects/Homeworks/robotics_v1/install/manager_utils/lib/pkgconfig:/home/parallels/CLionProjects/Homeworks/robotics_v1/install/sdl_utils/lib/aarch64-linux-gnu/pkgconfig:/home/parallels/CLionProjects/Homeworks/robotics_v1/install/sdl_utils/lib/pkgconfig:/home/parallels/CLionProjects/Homeworks/robotics_v1/install/resource_utils/lib/aarch64-linux-gnu/pkgconfig:/home/parallels/CLionProjects/Homeworks/robotics_v1/install/resource_utils/lib/pkgconfig:/home/parallels/CLionProjects/Homeworks/robotics_v1/install/utils/lib/aarch64-linux-gnu/pkgconfig:/home/parallels/CLionProjects/Homeworks/robotics_v1/install/utils/lib/pkgconfig:/home/parallels/CLionProjects/Homeworks/robotics_v1/install/cmake_helpers/lib/aarch64-linux-gnu/pkgconfig:/home/parallels/CLionProjects/Homeworks/robotics_v1/install/cmake_helpers/lib/pkgconfig PYTHONPATH=/home/parallels/CLionProjects/Homeworks/robotics_v1/install/robo_collector_interfaces/lib/python3.8/site-packages:${PYTHONPATH} /usr/bin/cmake --install /home/parallels/CLionProjects/Homeworks/robotics_v1/build/robo_collector_gui
[15.388s] -- Install configuration: "Debug"
[15.388s] -- Execute custom install script
[15.388s] -- Symlinking: /home/parallels/CLionProjects/Homeworks/robotics_v1/install/robo_collector_gui/share/robo_collector_gui/package.xml
[15.394s] -- Symlinking: /home/parallels/CLionProjects/Homeworks/robotics_v1/install/robo_collector_gui/share/robo_collector_gui//launch/launch.py
[15.402s] -- Symlinking: /home/parallels/CLionProjects/Homeworks/robotics_v1/install/robo_collector_gui/share/robo_collector_gui//config/params.yaml
[15.409s] -- Symlinking: /home/parallels/CLionProjects/Homeworks/robotics_v1/install/robo_collector_gui/lib/robo_collector_gui/robo_collector_gui
[15.417s] -- Symlinking: /home/parallels/CLionProjects/Homeworks/robotics_v1/install/robo_collector_gui/share/ament_index/resource_index/packages/robo_collector_gui
[15.424s] -- Symlinking: /home/parallels/CLionProjects/Homeworks/robotics_v1/install/robo_collector_gui/share/robo_collector_gui/hook/ament_prefix_path.dsv
[15.431s] -- Symlinking: /home/parallels/CLionProjects/Homeworks/robotics_v1/install/robo_collector_gui/share/robo_collector_gui/hook/ros_package_path.dsv
[15.438s] -- Symlinking: /home/parallels/CLionProjects/Homeworks/robotics_v1/install/robo_collector_gui/share/ament_index/resource_index/package_run_dependencies/robo_collector_gui
[15.445s] -- Symlinking: /home/parallels/CLionProjects/Homeworks/robotics_v1/install/robo_collector_gui/share/ament_index/resource_index/parent_prefix_path/robo_collector_gui
[15.452s] -- Symlinking: /home/parallels/CLionProjects/Homeworks/robotics_v1/install/robo_collector_gui/share/robo_collector_gui/environment/ament_prefix_path.sh
[15.459s] -- Symlinking: /home/parallels/CLionProjects/Homeworks/robotics_v1/install/robo_collector_gui/share/robo_collector_gui/environment/ament_prefix_path.dsv
[15.466s] -- Symlinking: /home/parallels/CLionProjects/Homeworks/robotics_v1/install/robo_collector_gui/share/robo_collector_gui/environment/path.sh
[15.473s] -- Symlinking: /home/parallels/CLionProjects/Homeworks/robotics_v1/install/robo_collector_gui/share/robo_collector_gui/environment/path.dsv
[15.480s] -- Symlinking: /home/parallels/CLionProjects/Homeworks/robotics_v1/install/robo_collector_gui/share/robo_collector_gui/local_setup.bash
[15.487s] -- Symlinking: /home/parallels/CLionProjects/Homeworks/robotics_v1/install/robo_collector_gui/share/robo_collector_gui/local_setup.sh
[15.494s] -- Symlinking: /home/parallels/CLionProjects/Homeworks/robotics_v1/install/robo_collector_gui/share/robo_collector_gui/local_setup.zsh
[15.501s] -- Symlinking: /home/parallels/CLionProjects/Homeworks/robotics_v1/install/robo_collector_gui/share/robo_collector_gui/local_setup.dsv
[15.508s] -- Symlinking: /home/parallels/CLionProjects/Homeworks/robotics_v1/install/robo_collector_gui/share/robo_collector_gui/package.dsv
[15.515s] -- Symlinking: /home/parallels/CLionProjects/Homeworks/robotics_v1/install/robo_collector_gui/share/ament_index/resource_index/packages/robo_collector_gui
[15.521s] -- Symlinking: /home/parallels/CLionProjects/Homeworks/robotics_v1/install/robo_collector_gui/share/robo_collector_gui/cmake/robo_collector_guiConfig.cmake
[15.529s] -- Symlinking: /home/parallels/CLionProjects/Homeworks/robotics_v1/install/robo_collector_gui/share/robo_collector_gui/cmake/robo_collector_guiConfig-version.cmake
[15.536s] -- Up-to-date symlink: /home/parallels/CLionProjects/Homeworks/robotics_v1/install/robo_collector_gui/share/robo_collector_gui/package.xml
[15.536s] -- Symlinking: /home/parallels/CLionProjects/Homeworks/robotics_v1/install/robo_collector_gui/share/robo_collector_gui/resources//RoboCollectorGui.rsrc
[15.544s] -- Symlinking: /home/parallels/CLionProjects/Homeworks/robotics_v1/install/robo_collector_gui/share/robo_collector_gui/resources//f/vinque_rg_20.ttf
[15.551s] -- Symlinking: /home/parallels/CLionProjects/Homeworks/robotics_v1/install/robo_collector_gui/share/robo_collector_gui/resources//f/vinque_rg_30.ttf
[15.558s] -- Symlinking: /home/parallels/CLionProjects/Homeworks/robotics_v1/install/robo_collector_gui/share/robo_collector_gui/resources//f/vinque_rg_75.ttf
[15.564s] -- Symlinking: /home/parallels/CLionProjects/Homeworks/robotics_v1/install/robo_collector_gui/share/robo_collector_gui/resources//generated/RoboCollectorGuiResources.h
[15.571s] -- Symlinking: /home/parallels/CLionProjects/Homeworks/robotics_v1/install/robo_collector_gui/share/robo_collector_gui/resources//generated/RoboCollectorGuiResourcesDynamic.h
[15.578s] -- Symlinking: /home/parallels/CLionProjects/Homeworks/robotics_v1/install/robo_collector_gui/share/robo_collector_gui/resources//generated/RoboCollectorGuiResourcesDynamicValues.h
[15.585s] -- Symlinking: /home/parallels/CLionProjects/Homeworks/robotics_v1/install/robo_collector_gui/share/robo_collector_gui/resources//generated/fonts.bin
[15.595s] -- Symlinking: /home/parallels/CLionProjects/Homeworks/robotics_v1/install/robo_collector_gui/share/robo_collector_gui/resources//generated/resources.bin
[15.602s] -- Symlinking: /home/parallels/CLionProjects/Homeworks/robotics_v1/install/robo_collector_gui/share/robo_collector_gui/resources//generated/sounds.bin
[15.610s] -- Symlinking: /home/parallels/CLionProjects/Homeworks/robotics_v1/install/robo_collector_gui/share/robo_collector_gui/resources//levels/level_1/field_map.txt
[15.617s] -- Symlinking: /home/parallels/CLionProjects/Homeworks/robotics_v1/install/robo_collector_gui/share/robo_collector_gui/resources//p/background/map.png
[15.624s] -- Symlinking: /home/parallels/CLionProjects/Homeworks/robotics_v1/install/robo_collector_gui/share/robo_collector_gui/resources//p/background/obstacle.png
[15.631s] -- Symlinking: /home/parallels/CLionProjects/Homeworks/robotics_v1/install/robo_collector_gui/share/robo_collector_gui/resources//p/background/tile.png
[15.638s] -- Symlinking: /home/parallels/CLionProjects/Homeworks/robotics_v1/install/robo_collector_gui/share/robo_collector_gui/resources//p/buttons/help_button.png
[15.645s] -- Symlinking: /home/parallels/CLionProjects/Homeworks/robotics_v1/install/robo_collector_gui/share/robo_collector_gui/resources//p/buttons/left_button.png
[15.654s] -- Symlinking: /home/parallels/CLionProjects/Homeworks/robotics_v1/install/robo_collector_gui/share/robo_collector_gui/resources//p/buttons/right_button.png
[15.661s] -- Symlinking: /home/parallels/CLionProjects/Homeworks/robotics_v1/install/robo_collector_gui/share/robo_collector_gui/resources//p/buttons/settings_button.png
[15.667s] -- Symlinking: /home/parallels/CLionProjects/Homeworks/robotics_v1/install/robo_collector_gui/share/robo_collector_gui/resources//p/buttons/up_button.png
[15.674s] -- Symlinking: /home/parallels/CLionProjects/Homeworks/robotics_v1/install/robo_collector_gui/share/robo_collector_gui/resources//p/coin_animations/bronze/coin_anim_bronze.png
[15.682s] -- Symlinking: /home/parallels/CLionProjects/Homeworks/robotics_v1/install/robo_collector_gui/share/robo_collector_gui/resources//p/coin_animations/gold/coin_anim_gold.png
[15.689s] -- Symlinking: /home/parallels/CLionProjects/Homeworks/robotics_v1/install/robo_collector_gui/share/robo_collector_gui/resources//p/coin_animations/silver/coin_anim_silver.png
[15.696s] -- Symlinking: /home/parallels/CLionProjects/Homeworks/robotics_v1/install/robo_collector_gui/share/robo_collector_gui/resources//p/entities/damage_marker.png
[15.702s] -- Symlinking: /home/parallels/CLionProjects/Homeworks/robotics_v1/install/robo_collector_gui/share/robo_collector_gui/resources//p/entities/enemy_robots.png
[15.709s] -- Symlinking: /home/parallels/CLionProjects/Homeworks/robotics_v1/install/robo_collector_gui/share/robo_collector_gui/resources//p/entities/player_robot.png
[15.716s] -- Symlinking: /home/parallels/CLionProjects/Homeworks/robotics_v1/install/robo_collector_gui/share/robo_collector_gui/resources//p/panels/coin_panel.png
[15.723s] -- Symlinking: /home/parallels/CLionProjects/Homeworks/robotics_v1/install/robo_collector_gui/share/robo_collector_gui/resources//p/panels/health_indicator.png
[15.730s] -- Symlinking: /home/parallels/CLionProjects/Homeworks/robotics_v1/install/robo_collector_gui/share/robo_collector_gui/resources//p/panels/health_panel.png
[15.737s] -- Symlinking: /home/parallels/CLionProjects/Homeworks/robotics_v1/install/robo_collector_gui/share/robo_collector_gui/resources//p/panels/hor_delimiter.png
[15.745s] -- Symlinking: /home/parallels/CLionProjects/Homeworks/robotics_v1/install/robo_collector_gui/share/robo_collector_gui/resources//p/panels/time_panel.png
[15.752s] -- Symlinking: /home/parallels/CLionProjects/Homeworks/robotics_v1/install/robo_collector_gui/share/robo_collector_gui/resources//p/panels/vert_delimiter.png
[15.759s] -- Symlinking: /home/parallels/CLionProjects/Homeworks/robotics_v1/install/robo_collector_gui/share/robo_collector_gui/resources//p/stars/star_single.png
[15.766s] -- Symlinking: /home/parallels/CLionProjects/Homeworks/robotics_v1/install/robo_collector_gui/share/robo_collector_gui/resources//p/stars/stars.png
[15.777s] Invoked command in '/home/parallels/CLionProjects/Homeworks/robotics_v1/build/robo_collector_gui' returned '0': AMENT_PREFIX_PATH=/home/parallels/CLionProjects/Homeworks/robotics_v1/install/robo_collector_common:/home/parallels/CLionProjects/Homeworks/robotics_v1/install/robo_collector_interfaces:${AMENT_PREFIX_PATH} CMAKE_PREFIX_PATH=/home/parallels/CLionProjects/Homeworks/robotics_v1/install/ros2_game_engine:/home/parallels/CLionProjects/Homeworks/robotics_v1/install/robo_collector_common:/home/parallels/CLionProjects/Homeworks/robotics_v1/install/robo_common:/home/parallels/CLionProjects/Homeworks/robotics_v1/install/game_engine:/home/parallels/CLionProjects/Homeworks/robotics_v1/install/manager_utils:/home/parallels/CLionProjects/Homeworks/robotics_v1/install/sdl_utils:/home/parallels/CLionProjects/Homeworks/robotics_v1/install/resource_utils:/home/parallels/CLionProjects/Homeworks/robotics_v1/install/utils:/home/parallels/CLionProjects/Homeworks/robotics_v1/install/robo_collector_interfaces:/home/parallels/CLionProjects/Homeworks/robotics_v1/install/cmake_helpers:/opt/ros/foxy LD_LIBRARY_PATH=/home/parallels/CLionProjects/Homeworks/robotics_v1/install/robo_collector_interfaces/lib:${LD_LIBRARY_PATH} PKG_CONFIG_PATH=/home/parallels/CLionProjects/Homeworks/robotics_v1/install/ros2_game_engine/lib/aarch64-linux-gnu/pkgconfig:/home/parallels/CLionProjects/Homeworks/robotics_v1/install/ros2_game_engine/lib/pkgconfig:/home/parallels/CLionProjects/Homeworks/robotics_v1/install/robo_common/lib/aarch64-linux-gnu/pkgconfig:/home/parallels/CLionProjects/Homeworks/robotics_v1/install/robo_common/lib/pkgconfig:/home/parallels/CLionProjects/Homeworks/robotics_v1/install/game_engine/lib/aarch64-linux-gnu/pkgconfig:/home/parallels/CLionProjects/Homeworks/robotics_v1/install/game_engine/lib/pkgconfig:/home/parallels/CLionProjects/Homeworks/robotics_v1/install/manager_utils/lib/aarch64-linux-gnu/pkgconfig:/home/parallels/CLionProjects/Homeworks/robotics_v1/install/manager_utils/lib/pkgconfig:/home/parallels/CLionProjects/Homeworks/robotics_v1/install/sdl_utils/lib/aarch64-linux-gnu/pkgconfig:/home/parallels/CLionProjects/Homeworks/robotics_v1/install/sdl_utils/lib/pkgconfig:/home/parallels/CLionProjects/Homeworks/robotics_v1/install/resource_utils/lib/aarch64-linux-gnu/pkgconfig:/home/parallels/CLionProjects/Homeworks/robotics_v1/install/resource_utils/lib/pkgconfig:/home/parallels/CLionProjects/Homeworks/robotics_v1/install/utils/lib/aarch64-linux-gnu/pkgconfig:/home/parallels/CLionProjects/Homeworks/robotics_v1/install/utils/lib/pkgconfig:/home/parallels/CLionProjects/Homeworks/robotics_v1/install/cmake_helpers/lib/aarch64-linux-gnu/pkgconfig:/home/parallels/CLionProjects/Homeworks/robotics_v1/install/cmake_helpers/lib/pkgconfig PYTHONPATH=/home/parallels/CLionProjects/Homeworks/robotics_v1/install/robo_collector_interfaces/lib/python3.8/site-packages:${PYTHONPATH} /usr/bin/cmake --install /home/parallels/CLionProjects/Homeworks/robotics_v1/build/robo_collector_gui
