-- Found cmake_helpers: 1.0.0 (/home/parallels/CLionProjects/Homeworks/robotics_v1/install/cmake_helpers/share/cmake_helpers/cmake)
-- Found ament_cmake: 0.9.9 (/opt/ros/foxy/share/ament_cmake/cmake)
-- Using PYTHON_EXECUTABLE: /usr/bin/python3
-- Configuring done
-- Generating done
-- Build files have been written to: /home/parallels/CLionProjects/Homeworks/robotics_v1/build/robo_common
[  3%] [32mBuilding CXX object CMakeFiles/robo_common.dir/src/layout/RoboCommonLayout.cpp.o[0m
[  6%] [32mBuilding CXX object CMakeFiles/robo_common.dir/src/layout/field/Field.cpp.o[0m
[ 10%] [32mBuilding CXX object CMakeFiles/robo_common.dir/src/layout/field/FieldUtils.cpp.o[0m
[ 13%] [32mBuilding CXX object CMakeFiles/robo_common.dir/src/layout/field/Tile.cpp.o[0m
[ 17%] [32mBuilding CXX object CMakeFiles/robo_common.dir/src/layout/field/ObjectApproachOverlay.cpp.o[0m
[ 20%] [32mBuilding CXX object CMakeFiles/robo_common.dir/src/layout/field/fog_of_war/FogOfWar.cpp.o[0m
[ 24%] [32mBuilding CXX object CMakeFiles/robo_common.dir/src/layout/field/FieldPos.cpp.o[0m
[ 27%] [32mBuilding CXX object CMakeFiles/robo_common.dir/src/layout/field/fog_of_war/FogCollisionObject.cpp.o[0m
[ 31%] [32mBuilding CXX object CMakeFiles/robo_common.dir/src/layout/field/obstacles/Obstacle.cpp.o[0m
[ 34%] [32mBuilding CXX object CMakeFiles/robo_common.dir/src/layout/field/obstacles/ObstacleHandler.cpp.o[0m
[ 37%] [32mBuilding CXX object CMakeFiles/robo_common.dir/src/layout/panels/TimePanel.cpp.o[0m
[ 41%] [32mBuilding CXX object CMakeFiles/robo_common.dir/src/layout/panels/NumberCounterPanel.cpp.o[0m
[ 44%] [32mBuilding CXX object CMakeFiles/robo_common.dir/src/layout/panels/IndicatorPanel.cpp.o[0m
[ 48%] [32mBuilding CXX object CMakeFiles/robo_common.dir/src/layout/debug/DebugField.cpp.o[0m
[ 51%] [32mBuilding CXX object CMakeFiles/robo_common.dir/src/layout/entities/robot/Robot.cpp.o[0m
[ 55%] [32mBuilding CXX object CMakeFiles/robo_common.dir/src/layout/entities/robot/helpers/RobotInitHelper.cpp.o[0m
[ 58%] [32mBuilding CXX object CMakeFiles/robo_common.dir/src/layout/entities/robot/helpers/RobotUtils.cpp.o[0m
[ 62%] [32mBuilding CXX object CMakeFiles/robo_common.dir/src/layout/entities/robot/animation/PlayerDamageAnimEndCb.cpp.o[0m
[ 65%] [32mBuilding CXX object CMakeFiles/robo_common.dir/src/layout/animators/GameEndAnimator.cpp.o[0m
[ 68%] [32mBuilding CXX object CMakeFiles/robo_common.dir/src/layout/animators/AchievementAnimator.cpp.o[0m
[ 72%] [32mBuilding CXX object CMakeFiles/robo_common.dir/src/layout/animators/EndScreenAppearAnimator.cpp.o[0m
[ 75%] [32mBuilding CXX object CMakeFiles/robo_common.dir/src/layout/animators/CountdownAnimator.cpp.o[0m
[ 79%] [32mBuilding CXX object CMakeFiles/robo_common.dir/src/layout/animators/HelpPageAnimator.cpp.o[0m
[ 82%] [32mBuilding CXX object CMakeFiles/robo_common.dir/src/layout/helpers/RoboCommonLayoutInitHelper.cpp.o[0m
[ 86%] [32mBuilding CXX object CMakeFiles/robo_common.dir/src/helpers/CollisionWatcher.cpp.o[0m
[ 89%] [32mBuilding CXX object CMakeFiles/robo_common.dir/src/helpers/LevelFileLoader.cpp.o[0m
[ 93%] [32mBuilding CXX object CMakeFiles/robo_common.dir/src/layout/entities/robot/animation/RobotAnimEndCb.cpp.o[0m
[ 96%] [32mBuilding CXX object CMakeFiles/robo_common.dir/src/layout/entities/robot/animation/RobotAnimator.cpp.o[0m
[100%] [32m[1mLinking CXX static library librobo_common.a[0m
[100%] Built target robo_common
-- Install configuration: "RelWithDebInfo"
-- Up-to-date: /home/parallels/CLionProjects/Homeworks/robotics_v1/install/robo_common/share/robo_common/package.xml
-- Installing: /home/parallels/CLionProjects/Homeworks/robotics_v1/install/robo_common/lib/robo_common/librobo_common.a
-- Installing: /home/parallels/CLionProjects/Homeworks/robotics_v1/install/robo_common/share/ament_index/resource_index/packages/robo_common
-- Installing: /home/parallels/CLionProjects/Homeworks/robotics_v1/install/robo_common/share/robo_common/hook/ament_prefix_path.dsv
-- Installing: /home/parallels/CLionProjects/Homeworks/robotics_v1/install/robo_common/share/robo_common/hook/ros_package_path.dsv
-- Up-to-date: /home/parallels/CLionProjects/Homeworks/robotics_v1/install/robo_common/share/ament_index/resource_index/package_run_dependencies/robo_common
-- Installing: /home/parallels/CLionProjects/Homeworks/robotics_v1/install/robo_common/share/ament_index/resource_index/parent_prefix_path/robo_common
-- Up-to-date: /home/parallels/CLionProjects/Homeworks/robotics_v1/install/robo_common/share/robo_common/environment/ament_prefix_path.sh
-- Installing: /home/parallels/CLionProjects/Homeworks/robotics_v1/install/robo_common/share/robo_common/environment/ament_prefix_path.dsv
-- Up-to-date: /home/parallels/CLionProjects/Homeworks/robotics_v1/install/robo_common/share/robo_common/environment/path.sh
-- Installing: /home/parallels/CLionProjects/Homeworks/robotics_v1/install/robo_common/share/robo_common/environment/path.dsv
-- Up-to-date: /home/parallels/CLionProjects/Homeworks/robotics_v1/install/robo_common/share/robo_common/local_setup.bash
-- Up-to-date: /home/parallels/CLionProjects/Homeworks/robotics_v1/install/robo_common/share/robo_common/local_setup.sh
-- Up-to-date: /home/parallels/CLionProjects/Homeworks/robotics_v1/install/robo_common/share/robo_common/local_setup.zsh
-- Installing: /home/parallels/CLionProjects/Homeworks/robotics_v1/install/robo_common/share/robo_common/local_setup.dsv
-- Installing: /home/parallels/CLionProjects/Homeworks/robotics_v1/install/robo_common/share/robo_common/package.dsv
-- Installing: /home/parallels/CLionProjects/Homeworks/robotics_v1/install/robo_common/share/ament_index/resource_index/packages/robo_common
-- Up-to-date: /home/parallels/CLionProjects/Homeworks/robotics_v1/install/robo_common/share/robo_common/cmake/robo_commonConfig.cmake
-- Up-to-date: /home/parallels/CLionProjects/Homeworks/robotics_v1/install/robo_common/share/robo_common/cmake/robo_commonConfig-version.cmake
-- Up-to-date: /home/parallels/CLionProjects/Homeworks/robotics_v1/install/robo_common/share/robo_common/package.xml
-- Installing: /home/parallels/CLionProjects/Homeworks/robotics_v1/install/robo_common/lib/librobo_common.a
-- Up-to-date: /home/parallels/CLionProjects/Homeworks/robotics_v1/install/robo_common/include
-- Up-to-date: /home/parallels/CLionProjects/Homeworks/robotics_v1/install/robo_common/include/robo_common
-- Up-to-date: /home/parallels/CLionProjects/Homeworks/robotics_v1/install/robo_common/include/robo_common/layout
-- Up-to-date: /home/parallels/CLionProjects/Homeworks/robotics_v1/install/robo_common/include/robo_common/layout/animators
-- Up-to-date: /home/parallels/CLionProjects/Homeworks/robotics_v1/install/robo_common/include/robo_common/layout/animators/HelpPageAnimator.h
-- Up-to-date: /home/parallels/CLionProjects/Homeworks/robotics_v1/install/robo_common/include/robo_common/layout/animators/GameEndAnimator.h
-- Up-to-date: /home/parallels/CLionProjects/Homeworks/robotics_v1/install/robo_common/include/robo_common/layout/animators/AchievementAnimator.h
-- Up-to-date: /home/parallels/CLionProjects/Homeworks/robotics_v1/install/robo_common/include/robo_common/layout/animators/EndScreenAppearAnimator.h
-- Up-to-date: /home/parallels/CLionProjects/Homeworks/robotics_v1/install/robo_common/include/robo_common/layout/animators/CountdownAnimator.h
-- Up-to-date: /home/parallels/CLionProjects/Homeworks/robotics_v1/install/robo_common/include/robo_common/layout/animators/config
-- Up-to-date: /home/parallels/CLionProjects/Homeworks/robotics_v1/install/robo_common/include/robo_common/layout/animators/config/AchievementAnimatorConfig.h
-- Up-to-date: /home/parallels/CLionProjects/Homeworks/robotics_v1/install/robo_common/include/robo_common/layout/animators/config/GameEndAnimatorConfig.h
-- Up-to-date: /home/parallels/CLionProjects/Homeworks/robotics_v1/install/robo_common/include/robo_common/layout/animators/config/HelpPageAnimatorConfig.h
-- Up-to-date: /home/parallels/CLionProjects/Homeworks/robotics_v1/install/robo_common/include/robo_common/layout/debug
-- Up-to-date: /home/parallels/CLionProjects/Homeworks/robotics_v1/install/robo_common/include/robo_common/layout/debug/config
-- Up-to-date: /home/parallels/CLionProjects/Homeworks/robotics_v1/install/robo_common/include/robo_common/layout/debug/config/DebugFieldConfig.h
-- Up-to-date: /home/parallels/CLionProjects/Homeworks/robotics_v1/install/robo_common/include/robo_common/layout/debug/DebugField.h
-- Up-to-date: /home/parallels/CLionProjects/Homeworks/robotics_v1/install/robo_common/include/robo_common/layout/field
-- Up-to-date: /home/parallels/CLionProjects/Homeworks/robotics_v1/install/robo_common/include/robo_common/layout/field/FieldUtils.h
-- Up-to-date: /home/parallels/CLionProjects/Homeworks/robotics_v1/install/robo_common/include/robo_common/layout/field/obstacles
-- Up-to-date: /home/parallels/CLionProjects/Homeworks/robotics_v1/install/robo_common/include/robo_common/layout/field/obstacles/ObstacleHandler.h
-- Up-to-date: /home/parallels/CLionProjects/Homeworks/robotics_v1/install/robo_common/include/robo_common/layout/field/obstacles/Obstacle.h
-- Up-to-date: /home/parallels/CLionProjects/Homeworks/robotics_v1/install/robo_common/include/robo_common/layout/field/ObjectApproachOverlay.h
-- Up-to-date: /home/parallels/CLionProjects/Homeworks/robotics_v1/install/robo_common/include/robo_common/layout/field/FieldPos.h
-- Up-to-date: /home/parallels/CLionProjects/Homeworks/robotics_v1/install/robo_common/include/robo_common/layout/field/Tile.h
-- Up-to-date: /home/parallels/CLionProjects/Homeworks/robotics_v1/install/robo_common/include/robo_common/layout/field/fog_of_war
-- Up-to-date: /home/parallels/CLionProjects/Homeworks/robotics_v1/install/robo_common/include/robo_common/layout/field/fog_of_war/FogCollisionObject.h
-- Up-to-date: /home/parallels/CLionProjects/Homeworks/robotics_v1/install/robo_common/include/robo_common/layout/field/fog_of_war/FogOfWar.h
-- Up-to-date: /home/parallels/CLionProjects/Homeworks/robotics_v1/install/robo_common/include/robo_common/layout/field/config
-- Up-to-date: /home/parallels/CLionProjects/Homeworks/robotics_v1/install/robo_common/include/robo_common/layout/field/config/TileConfig.h
-- Up-to-date: /home/parallels/CLionProjects/Homeworks/robotics_v1/install/robo_common/include/robo_common/layout/field/config/ObstacleHandlerConfig.h
-- Up-to-date: /home/parallels/CLionProjects/Homeworks/robotics_v1/install/robo_common/include/robo_common/layout/field/config/FogOfWarConfig.h
-- Up-to-date: /home/parallels/CLionProjects/Homeworks/robotics_v1/install/robo_common/include/robo_common/layout/field/config/FieldConfig.h
-- Up-to-date: /home/parallels/CLionProjects/Homeworks/robotics_v1/install/robo_common/include/robo_common/layout/field/Field.h
-- Up-to-date: /home/parallels/CLionProjects/Homeworks/robotics_v1/install/robo_common/include/robo_common/layout/helpers
-- Up-to-date: /home/parallels/CLionProjects/Homeworks/robotics_v1/install/robo_common/include/robo_common/layout/helpers/RoboCommonLayoutInterfaces.h
-- Up-to-date: /home/parallels/CLionProjects/Homeworks/robotics_v1/install/robo_common/include/robo_common/layout/helpers/RoboCommonLayoutInitHelper.h
-- Up-to-date: /home/parallels/CLionProjects/Homeworks/robotics_v1/install/robo_common/include/robo_common/layout/RoboCommonLayout.h
-- Up-to-date: /home/parallels/CLionProjects/Homeworks/robotics_v1/install/robo_common/include/robo_common/layout/entities
-- Up-to-date: /home/parallels/CLionProjects/Homeworks/robotics_v1/install/robo_common/include/robo_common/layout/entities/robot
-- Up-to-date: /home/parallels/CLionProjects/Homeworks/robotics_v1/install/robo_common/include/robo_common/layout/entities/robot/helpers
-- Up-to-date: /home/parallels/CLionProjects/Homeworks/robotics_v1/install/robo_common/include/robo_common/layout/entities/robot/helpers/RobotUtils.h
-- Up-to-date: /home/parallels/CLionProjects/Homeworks/robotics_v1/install/robo_common/include/robo_common/layout/entities/robot/helpers/RobotActInterface.h
-- Up-to-date: /home/parallels/CLionProjects/Homeworks/robotics_v1/install/robo_common/include/robo_common/layout/entities/robot/helpers/RobotInitHelper.h
-- Up-to-date: /home/parallels/CLionProjects/Homeworks/robotics_v1/install/robo_common/include/robo_common/layout/entities/robot/animation
-- Up-to-date: /home/parallels/CLionProjects/Homeworks/robotics_v1/install/robo_common/include/robo_common/layout/entities/robot/animation/RobotAnimEndCb.h
-- Up-to-date: /home/parallels/CLionProjects/Homeworks/robotics_v1/install/robo_common/include/robo_common/layout/entities/robot/animation/PlayerDamageAnimEndCb.h
-- Up-to-date: /home/parallels/CLionProjects/Homeworks/robotics_v1/install/robo_common/include/robo_common/layout/entities/robot/animation/RobotAnimator.h
-- Up-to-date: /home/parallels/CLionProjects/Homeworks/robotics_v1/install/robo_common/include/robo_common/layout/entities/robot/config
-- Up-to-date: /home/parallels/CLionProjects/Homeworks/robotics_v1/install/robo_common/include/robo_common/layout/entities/robot/config/RobotBaseConfig.h
-- Up-to-date: /home/parallels/CLionProjects/Homeworks/robotics_v1/install/robo_common/include/robo_common/layout/entities/robot/Robot.h
-- Up-to-date: /home/parallels/CLionProjects/Homeworks/robotics_v1/install/robo_common/include/robo_common/layout/config
-- Up-to-date: /home/parallels/CLionProjects/Homeworks/robotics_v1/install/robo_common/include/robo_common/layout/config/RoboCommonLayoutConfig.h
-- Up-to-date: /home/parallels/CLionProjects/Homeworks/robotics_v1/install/robo_common/include/robo_common/layout/panels
-- Up-to-date: /home/parallels/CLionProjects/Homeworks/robotics_v1/install/robo_common/include/robo_common/layout/panels/TimePanel.h
-- Up-to-date: /home/parallels/CLionProjects/Homeworks/robotics_v1/install/robo_common/include/robo_common/layout/panels/NumberCounterPanel.h
-- Up-to-date: /home/parallels/CLionProjects/Homeworks/robotics_v1/install/robo_common/include/robo_common/layout/panels/IndicatorPanel.h
-- Up-to-date: /home/parallels/CLionProjects/Homeworks/robotics_v1/install/robo_common/include/robo_common/layout/panels/config
-- Up-to-date: /home/parallels/CLionProjects/Homeworks/robotics_v1/install/robo_common/include/robo_common/layout/panels/config/TimePanelConfig.h
-- Up-to-date: /home/parallels/CLionProjects/Homeworks/robotics_v1/install/robo_common/include/robo_common/layout/panels/config/NumberCounterPanelConfig.h
-- Up-to-date: /home/parallels/CLionProjects/Homeworks/robotics_v1/install/robo_common/include/robo_common/layout/panels/config/IndicatorPanelConfig.h
-- Up-to-date: /home/parallels/CLionProjects/Homeworks/robotics_v1/install/robo_common/include/robo_common/helpers
-- Up-to-date: /home/parallels/CLionProjects/Homeworks/robotics_v1/install/robo_common/include/robo_common/helpers/LevelFileLoader.h
-- Up-to-date: /home/parallels/CLionProjects/Homeworks/robotics_v1/install/robo_common/include/robo_common/helpers/CollisionWatcher.h
-- Up-to-date: /home/parallels/CLionProjects/Homeworks/robotics_v1/install/robo_common/include/robo_common/helpers/CollisionObject.h
-- Up-to-date: /home/parallels/CLionProjects/Homeworks/robotics_v1/install/robo_common/include/robo_common/defines
-- Up-to-date: /home/parallels/CLionProjects/Homeworks/robotics_v1/install/robo_common/include/robo_common/defines/RoboCommonFunctionalDefines.h
-- Up-to-date: /home/parallels/CLionProjects/Homeworks/robotics_v1/install/robo_common/include/robo_common/defines/RoboCommonDefines.h
-- Up-to-date: /home/parallels/CLionProjects/Homeworks/robotics_v1/install/robo_common/lib/cmake/robo_common/robo_commonTargets.cmake
-- Installing: /home/parallels/CLionProjects/Homeworks/robotics_v1/install/robo_common/lib/cmake/robo_common/robo_commonTargets-relwithdebinfo.cmake
-- Up-to-date: /home/parallels/CLionProjects/Homeworks/robotics_v1/install/robo_common/lib/cmake/robo_common/robo_commonConfig.cmake
