[0.042s] Invoking command in '/home/parallels/CLionProjects/Homeworks/robotics_v1/build/robo_common': CMAKE_PREFIX_PATH=/home/parallels/CLionProjects/Homeworks/robotics_v1/install/manager_utils:/home/parallels/CLionProjects/Homeworks/robotics_v1/install/sdl_utils:/home/parallels/CLionProjects/Homeworks/robotics_v1/install/resource_utils:/home/parallels/CLionProjects/Homeworks/robotics_v1/install/utils:/home/parallels/CLionProjects/Homeworks/robotics_v1/install/cmake_helpers:/home/parallels/CLionProjects/Homeworks/robotics_v1/install/urscript_bridge:/home/parallels/CLionProjects/Homeworks/robotics_v1/install/ur_control_gui:/home/parallels/CLionProjects/Homeworks/robotics_v1/install/urscript_common:/home/parallels/CLionProjects/Homeworks/robotics_v1/install/robo_miner_gui:/home/parallels/CLionProjects/Homeworks/robotics_v1/install/robo_collector_gui:/home/parallels/CLionProjects/Homeworks/robotics_v1/install/robo_collector_controller:/home/parallels/CLionProjects/Homeworks/robotics_v1/install/robo_cleaner_gui:/home/parallels/CLionProjects/Homeworks/robotics_v1/install/ros2_game_engine:/home/parallels/CLionProjects/Homeworks/robotics_v1/install/robo_miner_common:/home/parallels/CLionProjects/Homeworks/robotics_v1/install/robo_collector_common:/home/parallels/CLionProjects/Homeworks/robotics_v1/install/robo_cleaner_common:/home/parallels/CLionProjects/Homeworks/robotics_v1/install/robo_common:/home/parallels/CLionProjects/Homeworks/robotics_v1/install/game_engine:/home/parallels/CLionProjects/Homeworks/robotics_v1/install/resource_builder:/home/parallels/CLionProjects/Homeworks/robotics_v1/install/urscript_interfaces:/home/parallels/CLionProjects/Homeworks/robotics_v1/install/ur_robot_driver:/home/parallels/CLionProjects/Homeworks/robotics_v1/install/ur_moveit_config:/home/parallels/CLionProjects/Homeworks/robotics_v1/install/ur_description:/home/parallels/CLionProjects/Homeworks/robotics_v1/install/ur_controllers:/home/parallels/CLionProjects/Homeworks/robotics_v1/install/ur_dashboard_msgs:/home/parallels/CLionProjects/Homeworks/robotics_v1/install/ur_client_library:/home/parallels/CLionProjects/Homeworks/robotics_v1/install/ur_bringup:/home/parallels/CLionProjects/Homeworks/robotics_v1/install/robo_miner_interfaces:/home/parallels/CLionProjects/Homeworks/robotics_v1/install/robo_collector_interfaces:/home/parallels/CLionProjects/Homeworks/robotics_v1/install/robo_cleaner_interfaces:/opt/ros/foxy PKG_CONFIG_PATH=/home/parallels/CLionProjects/Homeworks/robotics_v1/install/manager_utils/lib/aarch64-linux-gnu/pkgconfig:/home/parallels/CLionProjects/Homeworks/robotics_v1/install/manager_utils/lib/pkgconfig:/home/parallels/CLionProjects/Homeworks/robotics_v1/install/sdl_utils/lib/aarch64-linux-gnu/pkgconfig:/home/parallels/CLionProjects/Homeworks/robotics_v1/install/sdl_utils/lib/pkgconfig:/home/parallels/CLionProjects/Homeworks/robotics_v1/install/resource_utils/lib/aarch64-linux-gnu/pkgconfig:/home/parallels/CLionProjects/Homeworks/robotics_v1/install/resource_utils/lib/pkgconfig:/home/parallels/CLionProjects/Homeworks/robotics_v1/install/utils/lib/aarch64-linux-gnu/pkgconfig:/home/parallels/CLionProjects/Homeworks/robotics_v1/install/utils/lib/pkgconfig:/home/parallels/CLionProjects/Homeworks/robotics_v1/install/cmake_helpers/lib/aarch64-linux-gnu/pkgconfig:/home/parallels/CLionProjects/Homeworks/robotics_v1/install/cmake_helpers/lib/pkgconfig:/home/parallels/CLionProjects/Homeworks/robotics_v1/install/ros2_game_engine/lib/aarch64-linux-gnu/pkgconfig:/home/parallels/CLionProjects/Homeworks/robotics_v1/install/ros2_game_engine/lib/pkgconfig:/home/parallels/CLionProjects/Homeworks/robotics_v1/install/robo_common/lib/aarch64-linux-gnu/pkgconfig:/home/parallels/CLionProjects/Homeworks/robotics_v1/install/robo_common/lib/pkgconfig:/home/parallels/CLionProjects/Homeworks/robotics_v1/install/game_engine/lib/aarch64-linux-gnu/pkgconfig:/home/parallels/CLionProjects/Homeworks/robotics_v1/install/game_engine/lib/pkgconfig:/home/parallels/CLionProjects/Homeworks/robotics_v1/install/resource_builder/lib/aarch64-linux-gnu/pkgconfig:/home/parallels/CLionProjects/Homeworks/robotics_v1/install/resource_builder/lib/pkgconfig:/home/parallels/CLionProjects/Homeworks/robotics_v1/install/ur_client_library/lib/aarch64-linux-gnu/pkgconfig:/home/parallels/CLionProjects/Homeworks/robotics_v1/install/ur_client_library/lib/pkgconfig /usr/bin/cmake /home/parallels/CLionProjects/Homeworks/robotics_v1/src/robo_common -DCMAKE_BUILD_TYPE=RelWithDebInfo -DCMAKE_INSTALL_PREFIX=/home/parallels/CLionProjects/Homeworks/robotics_v1/install/robo_common
[0.067s] -- Found cmake_helpers: 1.0.0 (/home/parallels/CLionProjects/Homeworks/robotics_v1/install/cmake_helpers/share/cmake_helpers/cmake)
[0.072s] -- Found ament_cmake: 0.9.9 (/opt/ros/foxy/share/ament_cmake/cmake)
[0.102s] -- Using PYTHON_EXECUTABLE: /usr/bin/python3
[0.335s] -- Configuring done
[0.364s] -- Generating done
[0.367s] -- Build files have been written to: /home/parallels/CLionProjects/Homeworks/robotics_v1/build/robo_common
[0.370s] Invoked command in '/home/parallels/CLionProjects/Homeworks/robotics_v1/build/robo_common' returned '0': CMAKE_PREFIX_PATH=/home/parallels/CLionProjects/Homeworks/robotics_v1/install/manager_utils:/home/parallels/CLionProjects/Homeworks/robotics_v1/install/sdl_utils:/home/parallels/CLionProjects/Homeworks/robotics_v1/install/resource_utils:/home/parallels/CLionProjects/Homeworks/robotics_v1/install/utils:/home/parallels/CLionProjects/Homeworks/robotics_v1/install/cmake_helpers:/home/parallels/CLionProjects/Homeworks/robotics_v1/install/urscript_bridge:/home/parallels/CLionProjects/Homeworks/robotics_v1/install/ur_control_gui:/home/parallels/CLionProjects/Homeworks/robotics_v1/install/urscript_common:/home/parallels/CLionProjects/Homeworks/robotics_v1/install/robo_miner_gui:/home/parallels/CLionProjects/Homeworks/robotics_v1/install/robo_collector_gui:/home/parallels/CLionProjects/Homeworks/robotics_v1/install/robo_collector_controller:/home/parallels/CLionProjects/Homeworks/robotics_v1/install/robo_cleaner_gui:/home/parallels/CLionProjects/Homeworks/robotics_v1/install/ros2_game_engine:/home/parallels/CLionProjects/Homeworks/robotics_v1/install/robo_miner_common:/home/parallels/CLionProjects/Homeworks/robotics_v1/install/robo_collector_common:/home/parallels/CLionProjects/Homeworks/robotics_v1/install/robo_cleaner_common:/home/parallels/CLionProjects/Homeworks/robotics_v1/install/robo_common:/home/parallels/CLionProjects/Homeworks/robotics_v1/install/game_engine:/home/parallels/CLionProjects/Homeworks/robotics_v1/install/resource_builder:/home/parallels/CLionProjects/Homeworks/robotics_v1/install/urscript_interfaces:/home/parallels/CLionProjects/Homeworks/robotics_v1/install/ur_robot_driver:/home/parallels/CLionProjects/Homeworks/robotics_v1/install/ur_moveit_config:/home/parallels/CLionProjects/Homeworks/robotics_v1/install/ur_description:/home/parallels/CLionProjects/Homeworks/robotics_v1/install/ur_controllers:/home/parallels/CLionProjects/Homeworks/robotics_v1/install/ur_dashboard_msgs:/home/parallels/CLionProjects/Homeworks/robotics_v1/install/ur_client_library:/home/parallels/CLionProjects/Homeworks/robotics_v1/install/ur_bringup:/home/parallels/CLionProjects/Homeworks/robotics_v1/install/robo_miner_interfaces:/home/parallels/CLionProjects/Homeworks/robotics_v1/install/robo_collector_interfaces:/home/parallels/CLionProjects/Homeworks/robotics_v1/install/robo_cleaner_interfaces:/opt/ros/foxy PKG_CONFIG_PATH=/home/parallels/CLionProjects/Homeworks/robotics_v1/install/manager_utils/lib/aarch64-linux-gnu/pkgconfig:/home/parallels/CLionProjects/Homeworks/robotics_v1/install/manager_utils/lib/pkgconfig:/home/parallels/CLionProjects/Homeworks/robotics_v1/install/sdl_utils/lib/aarch64-linux-gnu/pkgconfig:/home/parallels/CLionProjects/Homeworks/robotics_v1/install/sdl_utils/lib/pkgconfig:/home/parallels/CLionProjects/Homeworks/robotics_v1/install/resource_utils/lib/aarch64-linux-gnu/pkgconfig:/home/parallels/CLionProjects/Homeworks/robotics_v1/install/resource_utils/lib/pkgconfig:/home/parallels/CLionProjects/Homeworks/robotics_v1/install/utils/lib/aarch64-linux-gnu/pkgconfig:/home/parallels/CLionProjects/Homeworks/robotics_v1/install/utils/lib/pkgconfig:/home/parallels/CLionProjects/Homeworks/robotics_v1/install/cmake_helpers/lib/aarch64-linux-gnu/pkgconfig:/home/parallels/CLionProjects/Homeworks/robotics_v1/install/cmake_helpers/lib/pkgconfig:/home/parallels/CLionProjects/Homeworks/robotics_v1/install/ros2_game_engine/lib/aarch64-linux-gnu/pkgconfig:/home/parallels/CLionProjects/Homeworks/robotics_v1/install/ros2_game_engine/lib/pkgconfig:/home/parallels/CLionProjects/Homeworks/robotics_v1/install/robo_common/lib/aarch64-linux-gnu/pkgconfig:/home/parallels/CLionProjects/Homeworks/robotics_v1/install/robo_common/lib/pkgconfig:/home/parallels/CLionProjects/Homeworks/robotics_v1/install/game_engine/lib/aarch64-linux-gnu/pkgconfig:/home/parallels/CLionProjects/Homeworks/robotics_v1/install/game_engine/lib/pkgconfig:/home/parallels/CLionProjects/Homeworks/robotics_v1/install/resource_builder/lib/aarch64-linux-gnu/pkgconfig:/home/parallels/CLionProjects/Homeworks/robotics_v1/install/resource_builder/lib/pkgconfig:/home/parallels/CLionProjects/Homeworks/robotics_v1/install/ur_client_library/lib/aarch64-linux-gnu/pkgconfig:/home/parallels/CLionProjects/Homeworks/robotics_v1/install/ur_client_library/lib/pkgconfig /usr/bin/cmake /home/parallels/CLionProjects/Homeworks/robotics_v1/src/robo_common -DCMAKE_BUILD_TYPE=RelWithDebInfo -DCMAKE_INSTALL_PREFIX=/home/parallels/CLionProjects/Homeworks/robotics_v1/install/robo_common
[0.372s] Invoking command in '/home/parallels/CLionProjects/Homeworks/robotics_v1/build/robo_common': CMAKE_PREFIX_PATH=/home/parallels/CLionProjects/Homeworks/robotics_v1/install/manager_utils:/home/parallels/CLionProjects/Homeworks/robotics_v1/install/sdl_utils:/home/parallels/CLionProjects/Homeworks/robotics_v1/install/resource_utils:/home/parallels/CLionProjects/Homeworks/robotics_v1/install/utils:/home/parallels/CLionProjects/Homeworks/robotics_v1/install/cmake_helpers:/home/parallels/CLionProjects/Homeworks/robotics_v1/install/urscript_bridge:/home/parallels/CLionProjects/Homeworks/robotics_v1/install/ur_control_gui:/home/parallels/CLionProjects/Homeworks/robotics_v1/install/urscript_common:/home/parallels/CLionProjects/Homeworks/robotics_v1/install/robo_miner_gui:/home/parallels/CLionProjects/Homeworks/robotics_v1/install/robo_collector_gui:/home/parallels/CLionProjects/Homeworks/robotics_v1/install/robo_collector_controller:/home/parallels/CLionProjects/Homeworks/robotics_v1/install/robo_cleaner_gui:/home/parallels/CLionProjects/Homeworks/robotics_v1/install/ros2_game_engine:/home/parallels/CLionProjects/Homeworks/robotics_v1/install/robo_miner_common:/home/parallels/CLionProjects/Homeworks/robotics_v1/install/robo_collector_common:/home/parallels/CLionProjects/Homeworks/robotics_v1/install/robo_cleaner_common:/home/parallels/CLionProjects/Homeworks/robotics_v1/install/robo_common:/home/parallels/CLionProjects/Homeworks/robotics_v1/install/game_engine:/home/parallels/CLionProjects/Homeworks/robotics_v1/install/resource_builder:/home/parallels/CLionProjects/Homeworks/robotics_v1/install/urscript_interfaces:/home/parallels/CLionProjects/Homeworks/robotics_v1/install/ur_robot_driver:/home/parallels/CLionProjects/Homeworks/robotics_v1/install/ur_moveit_config:/home/parallels/CLionProjects/Homeworks/robotics_v1/install/ur_description:/home/parallels/CLionProjects/Homeworks/robotics_v1/install/ur_controllers:/home/parallels/CLionProjects/Homeworks/robotics_v1/install/ur_dashboard_msgs:/home/parallels/CLionProjects/Homeworks/robotics_v1/install/ur_client_library:/home/parallels/CLionProjects/Homeworks/robotics_v1/install/ur_bringup:/home/parallels/CLionProjects/Homeworks/robotics_v1/install/robo_miner_interfaces:/home/parallels/CLionProjects/Homeworks/robotics_v1/install/robo_collector_interfaces:/home/parallels/CLionProjects/Homeworks/robotics_v1/install/robo_cleaner_interfaces:/opt/ros/foxy PKG_CONFIG_PATH=/home/parallels/CLionProjects/Homeworks/robotics_v1/install/manager_utils/lib/aarch64-linux-gnu/pkgconfig:/home/parallels/CLionProjects/Homeworks/robotics_v1/install/manager_utils/lib/pkgconfig:/home/parallels/CLionProjects/Homeworks/robotics_v1/install/sdl_utils/lib/aarch64-linux-gnu/pkgconfig:/home/parallels/CLionProjects/Homeworks/robotics_v1/install/sdl_utils/lib/pkgconfig:/home/parallels/CLionProjects/Homeworks/robotics_v1/install/resource_utils/lib/aarch64-linux-gnu/pkgconfig:/home/parallels/CLionProjects/Homeworks/robotics_v1/install/resource_utils/lib/pkgconfig:/home/parallels/CLionProjects/Homeworks/robotics_v1/install/utils/lib/aarch64-linux-gnu/pkgconfig:/home/parallels/CLionProjects/Homeworks/robotics_v1/install/utils/lib/pkgconfig:/home/parallels/CLionProjects/Homeworks/robotics_v1/install/cmake_helpers/lib/aarch64-linux-gnu/pkgconfig:/home/parallels/CLionProjects/Homeworks/robotics_v1/install/cmake_helpers/lib/pkgconfig:/home/parallels/CLionProjects/Homeworks/robotics_v1/install/ros2_game_engine/lib/aarch64-linux-gnu/pkgconfig:/home/parallels/CLionProjects/Homeworks/robotics_v1/install/ros2_game_engine/lib/pkgconfig:/home/parallels/CLionProjects/Homeworks/robotics_v1/install/robo_common/lib/aarch64-linux-gnu/pkgconfig:/home/parallels/CLionProjects/Homeworks/robotics_v1/install/robo_common/lib/pkgconfig:/home/parallels/CLionProjects/Homeworks/robotics_v1/install/game_engine/lib/aarch64-linux-gnu/pkgconfig:/home/parallels/CLionProjects/Homeworks/robotics_v1/install/game_engine/lib/pkgconfig:/home/parallels/CLionProjects/Homeworks/robotics_v1/install/resource_builder/lib/aarch64-linux-gnu/pkgconfig:/home/parallels/CLionProjects/Homeworks/robotics_v1/install/resource_builder/lib/pkgconfig:/home/parallels/CLionProjects/Homeworks/robotics_v1/install/ur_client_library/lib/aarch64-linux-gnu/pkgconfig:/home/parallels/CLionProjects/Homeworks/robotics_v1/install/ur_client_library/lib/pkgconfig /usr/bin/cmake --build /home/parallels/CLionProjects/Homeworks/robotics_v1/build/robo_common -- -j4 -l4
[0.622s] [  3%] [32mBuilding CXX object CMakeFiles/robo_common.dir/src/layout/RoboCommonLayout.cpp.o[0m
[0.623s] [  6%] [32mBuilding CXX object CMakeFiles/robo_common.dir/src/layout/field/Field.cpp.o[0m
[1.603s] [ 10%] [32mBuilding CXX object CMakeFiles/robo_common.dir/src/layout/field/FieldUtils.cpp.o[0m
[1.948s] [ 13%] [32mBuilding CXX object CMakeFiles/robo_common.dir/src/layout/field/Tile.cpp.o[0m
[1.972s] [ 17%] [32mBuilding CXX object CMakeFiles/robo_common.dir/src/layout/field/ObjectApproachOverlay.cpp.o[0m
[2.464s] [ 20%] [32mBuilding CXX object CMakeFiles/robo_common.dir/src/layout/field/fog_of_war/FogOfWar.cpp.o[0m
[2.467s] [ 24%] [32mBuilding CXX object CMakeFiles/robo_common.dir/src/layout/field/FieldPos.cpp.o[0m
[2.476s] [ 27%] [32mBuilding CXX object CMakeFiles/robo_common.dir/src/layout/field/fog_of_war/FogCollisionObject.cpp.o[0m
[2.575s] [ 31%] [32mBuilding CXX object CMakeFiles/robo_common.dir/src/layout/field/obstacles/Obstacle.cpp.o[0m
[2.816s] [ 34%] [32mBuilding CXX object CMakeFiles/robo_common.dir/src/layout/field/obstacles/ObstacleHandler.cpp.o[0m
[3.015s] [ 37%] [32mBuilding CXX object CMakeFiles/robo_common.dir/src/layout/panels/TimePanel.cpp.o[0m
[3.103s] [ 41%] [32mBuilding CXX object CMakeFiles/robo_common.dir/src/layout/panels/NumberCounterPanel.cpp.o[0m
[3.282s] [ 44%] [32mBuilding CXX object CMakeFiles/robo_common.dir/src/layout/panels/IndicatorPanel.cpp.o[0m
[3.600s] [ 48%] [32mBuilding CXX object CMakeFiles/robo_common.dir/src/layout/debug/DebugField.cpp.o[0m
[3.669s] [ 51%] [32mBuilding CXX object CMakeFiles/robo_common.dir/src/layout/entities/robot/Robot.cpp.o[0m
[3.832s] [ 55%] [32mBuilding CXX object CMakeFiles/robo_common.dir/src/layout/entities/robot/helpers/RobotInitHelper.cpp.o[0m
[4.073s] [ 58%] [32mBuilding CXX object CMakeFiles/robo_common.dir/src/layout/entities/robot/helpers/RobotUtils.cpp.o[0m
[4.468s] [ 62%] [32mBuilding CXX object CMakeFiles/robo_common.dir/src/layout/entities/robot/animation/PlayerDamageAnimEndCb.cpp.o[0m
[4.735s] [ 65%] [32mBuilding CXX object CMakeFiles/robo_common.dir/src/layout/animators/GameEndAnimator.cpp.o[0m
[5.132s] [ 68%] [32mBuilding CXX object CMakeFiles/robo_common.dir/src/layout/animators/AchievementAnimator.cpp.o[0m
[5.449s] [ 72%] [32mBuilding CXX object CMakeFiles/robo_common.dir/src/layout/animators/EndScreenAppearAnimator.cpp.o[0m
[5.828s] [ 75%] [32mBuilding CXX object CMakeFiles/robo_common.dir/src/layout/animators/CountdownAnimator.cpp.o[0m
[6.232s] [ 79%] [32mBuilding CXX object CMakeFiles/robo_common.dir/src/layout/animators/HelpPageAnimator.cpp.o[0m
[6.555s] [ 82%] [32mBuilding CXX object CMakeFiles/robo_common.dir/src/layout/helpers/RoboCommonLayoutInitHelper.cpp.o[0m
[7.175s] [ 86%] [32mBuilding CXX object CMakeFiles/robo_common.dir/src/helpers/CollisionWatcher.cpp.o[0m
[7.435s] [ 89%] [32mBuilding CXX object CMakeFiles/robo_common.dir/src/helpers/LevelFileLoader.cpp.o[0m
[7.769s] [ 93%] [32mBuilding CXX object CMakeFiles/robo_common.dir/src/layout/entities/robot/animation/RobotAnimEndCb.cpp.o[0m
[7.981s] [ 96%] [32mBuilding CXX object CMakeFiles/robo_common.dir/src/layout/entities/robot/animation/RobotAnimator.cpp.o[0m
[8.350s] [100%] [32m[1mLinking CXX static library librobo_common.a[0m
[8.427s] [100%] Built target robo_common
[8.455s] Invoked command in '/home/parallels/CLionProjects/Homeworks/robotics_v1/build/robo_common' returned '0': CMAKE_PREFIX_PATH=/home/parallels/CLionProjects/Homeworks/robotics_v1/install/manager_utils:/home/parallels/CLionProjects/Homeworks/robotics_v1/install/sdl_utils:/home/parallels/CLionProjects/Homeworks/robotics_v1/install/resource_utils:/home/parallels/CLionProjects/Homeworks/robotics_v1/install/utils:/home/parallels/CLionProjects/Homeworks/robotics_v1/install/cmake_helpers:/home/parallels/CLionProjects/Homeworks/robotics_v1/install/urscript_bridge:/home/parallels/CLionProjects/Homeworks/robotics_v1/install/ur_control_gui:/home/parallels/CLionProjects/Homeworks/robotics_v1/install/urscript_common:/home/parallels/CLionProjects/Homeworks/robotics_v1/install/robo_miner_gui:/home/parallels/CLionProjects/Homeworks/robotics_v1/install/robo_collector_gui:/home/parallels/CLionProjects/Homeworks/robotics_v1/install/robo_collector_controller:/home/parallels/CLionProjects/Homeworks/robotics_v1/install/robo_cleaner_gui:/home/parallels/CLionProjects/Homeworks/robotics_v1/install/ros2_game_engine:/home/parallels/CLionProjects/Homeworks/robotics_v1/install/robo_miner_common:/home/parallels/CLionProjects/Homeworks/robotics_v1/install/robo_collector_common:/home/parallels/CLionProjects/Homeworks/robotics_v1/install/robo_cleaner_common:/home/parallels/CLionProjects/Homeworks/robotics_v1/install/robo_common:/home/parallels/CLionProjects/Homeworks/robotics_v1/install/game_engine:/home/parallels/CLionProjects/Homeworks/robotics_v1/install/resource_builder:/home/parallels/CLionProjects/Homeworks/robotics_v1/install/urscript_interfaces:/home/parallels/CLionProjects/Homeworks/robotics_v1/install/ur_robot_driver:/home/parallels/CLionProjects/Homeworks/robotics_v1/install/ur_moveit_config:/home/parallels/CLionProjects/Homeworks/robotics_v1/install/ur_description:/home/parallels/CLionProjects/Homeworks/robotics_v1/install/ur_controllers:/home/parallels/CLionProjects/Homeworks/robotics_v1/install/ur_dashboard_msgs:/home/parallels/CLionProjects/Homeworks/robotics_v1/install/ur_client_library:/home/parallels/CLionProjects/Homeworks/robotics_v1/install/ur_bringup:/home/parallels/CLionProjects/Homeworks/robotics_v1/install/robo_miner_interfaces:/home/parallels/CLionProjects/Homeworks/robotics_v1/install/robo_collector_interfaces:/home/parallels/CLionProjects/Homeworks/robotics_v1/install/robo_cleaner_interfaces:/opt/ros/foxy PKG_CONFIG_PATH=/home/parallels/CLionProjects/Homeworks/robotics_v1/install/manager_utils/lib/aarch64-linux-gnu/pkgconfig:/home/parallels/CLionProjects/Homeworks/robotics_v1/install/manager_utils/lib/pkgconfig:/home/parallels/CLionProjects/Homeworks/robotics_v1/install/sdl_utils/lib/aarch64-linux-gnu/pkgconfig:/home/parallels/CLionProjects/Homeworks/robotics_v1/install/sdl_utils/lib/pkgconfig:/home/parallels/CLionProjects/Homeworks/robotics_v1/install/resource_utils/lib/aarch64-linux-gnu/pkgconfig:/home/parallels/CLionProjects/Homeworks/robotics_v1/install/resource_utils/lib/pkgconfig:/home/parallels/CLionProjects/Homeworks/robotics_v1/install/utils/lib/aarch64-linux-gnu/pkgconfig:/home/parallels/CLionProjects/Homeworks/robotics_v1/install/utils/lib/pkgconfig:/home/parallels/CLionProjects/Homeworks/robotics_v1/install/cmake_helpers/lib/aarch64-linux-gnu/pkgconfig:/home/parallels/CLionProjects/Homeworks/robotics_v1/install/cmake_helpers/lib/pkgconfig:/home/parallels/CLionProjects/Homeworks/robotics_v1/install/ros2_game_engine/lib/aarch64-linux-gnu/pkgconfig:/home/parallels/CLionProjects/Homeworks/robotics_v1/install/ros2_game_engine/lib/pkgconfig:/home/parallels/CLionProjects/Homeworks/robotics_v1/install/robo_common/lib/aarch64-linux-gnu/pkgconfig:/home/parallels/CLionProjects/Homeworks/robotics_v1/install/robo_common/lib/pkgconfig:/home/parallels/CLionProjects/Homeworks/robotics_v1/install/game_engine/lib/aarch64-linux-gnu/pkgconfig:/home/parallels/CLionProjects/Homeworks/robotics_v1/install/game_engine/lib/pkgconfig:/home/parallels/CLionProjects/Homeworks/robotics_v1/install/resource_builder/lib/aarch64-linux-gnu/pkgconfig:/home/parallels/CLionProjects/Homeworks/robotics_v1/install/resource_builder/lib/pkgconfig:/home/parallels/CLionProjects/Homeworks/robotics_v1/install/ur_client_library/lib/aarch64-linux-gnu/pkgconfig:/home/parallels/CLionProjects/Homeworks/robotics_v1/install/ur_client_library/lib/pkgconfig /usr/bin/cmake --build /home/parallels/CLionProjects/Homeworks/robotics_v1/build/robo_common -- -j4 -l4
[8.555s] Invoking command in '/home/parallels/CLionProjects/Homeworks/robotics_v1/build/robo_common': CMAKE_PREFIX_PATH=/home/parallels/CLionProjects/Homeworks/robotics_v1/install/manager_utils:/home/parallels/CLionProjects/Homeworks/robotics_v1/install/sdl_utils:/home/parallels/CLionProjects/Homeworks/robotics_v1/install/resource_utils:/home/parallels/CLionProjects/Homeworks/robotics_v1/install/utils:/home/parallels/CLionProjects/Homeworks/robotics_v1/install/cmake_helpers:/home/parallels/CLionProjects/Homeworks/robotics_v1/install/urscript_bridge:/home/parallels/CLionProjects/Homeworks/robotics_v1/install/ur_control_gui:/home/parallels/CLionProjects/Homeworks/robotics_v1/install/urscript_common:/home/parallels/CLionProjects/Homeworks/robotics_v1/install/robo_miner_gui:/home/parallels/CLionProjects/Homeworks/robotics_v1/install/robo_collector_gui:/home/parallels/CLionProjects/Homeworks/robotics_v1/install/robo_collector_controller:/home/parallels/CLionProjects/Homeworks/robotics_v1/install/robo_cleaner_gui:/home/parallels/CLionProjects/Homeworks/robotics_v1/install/ros2_game_engine:/home/parallels/CLionProjects/Homeworks/robotics_v1/install/robo_miner_common:/home/parallels/CLionProjects/Homeworks/robotics_v1/install/robo_collector_common:/home/parallels/CLionProjects/Homeworks/robotics_v1/install/robo_cleaner_common:/home/parallels/CLionProjects/Homeworks/robotics_v1/install/robo_common:/home/parallels/CLionProjects/Homeworks/robotics_v1/install/game_engine:/home/parallels/CLionProjects/Homeworks/robotics_v1/install/resource_builder:/home/parallels/CLionProjects/Homeworks/robotics_v1/install/urscript_interfaces:/home/parallels/CLionProjects/Homeworks/robotics_v1/install/ur_robot_driver:/home/parallels/CLionProjects/Homeworks/robotics_v1/install/ur_moveit_config:/home/parallels/CLionProjects/Homeworks/robotics_v1/install/ur_description:/home/parallels/CLionProjects/Homeworks/robotics_v1/install/ur_controllers:/home/parallels/CLionProjects/Homeworks/robotics_v1/install/ur_dashboard_msgs:/home/parallels/CLionProjects/Homeworks/robotics_v1/install/ur_client_library:/home/parallels/CLionProjects/Homeworks/robotics_v1/install/ur_bringup:/home/parallels/CLionProjects/Homeworks/robotics_v1/install/robo_miner_interfaces:/home/parallels/CLionProjects/Homeworks/robotics_v1/install/robo_collector_interfaces:/home/parallels/CLionProjects/Homeworks/robotics_v1/install/robo_cleaner_interfaces:/opt/ros/foxy PKG_CONFIG_PATH=/home/parallels/CLionProjects/Homeworks/robotics_v1/install/manager_utils/lib/aarch64-linux-gnu/pkgconfig:/home/parallels/CLionProjects/Homeworks/robotics_v1/install/manager_utils/lib/pkgconfig:/home/parallels/CLionProjects/Homeworks/robotics_v1/install/sdl_utils/lib/aarch64-linux-gnu/pkgconfig:/home/parallels/CLionProjects/Homeworks/robotics_v1/install/sdl_utils/lib/pkgconfig:/home/parallels/CLionProjects/Homeworks/robotics_v1/install/resource_utils/lib/aarch64-linux-gnu/pkgconfig:/home/parallels/CLionProjects/Homeworks/robotics_v1/install/resource_utils/lib/pkgconfig:/home/parallels/CLionProjects/Homeworks/robotics_v1/install/utils/lib/aarch64-linux-gnu/pkgconfig:/home/parallels/CLionProjects/Homeworks/robotics_v1/install/utils/lib/pkgconfig:/home/parallels/CLionProjects/Homeworks/robotics_v1/install/cmake_helpers/lib/aarch64-linux-gnu/pkgconfig:/home/parallels/CLionProjects/Homeworks/robotics_v1/install/cmake_helpers/lib/pkgconfig:/home/parallels/CLionProjects/Homeworks/robotics_v1/install/ros2_game_engine/lib/aarch64-linux-gnu/pkgconfig:/home/parallels/CLionProjects/Homeworks/robotics_v1/install/ros2_game_engine/lib/pkgconfig:/home/parallels/CLionProjects/Homeworks/robotics_v1/install/robo_common/lib/aarch64-linux-gnu/pkgconfig:/home/parallels/CLionProjects/Homeworks/robotics_v1/install/robo_common/lib/pkgconfig:/home/parallels/CLionProjects/Homeworks/robotics_v1/install/game_engine/lib/aarch64-linux-gnu/pkgconfig:/home/parallels/CLionProjects/Homeworks/robotics_v1/install/game_engine/lib/pkgconfig:/home/parallels/CLionProjects/Homeworks/robotics_v1/install/resource_builder/lib/aarch64-linux-gnu/pkgconfig:/home/parallels/CLionProjects/Homeworks/robotics_v1/install/resource_builder/lib/pkgconfig:/home/parallels/CLionProjects/Homeworks/robotics_v1/install/ur_client_library/lib/aarch64-linux-gnu/pkgconfig:/home/parallels/CLionProjects/Homeworks/robotics_v1/install/ur_client_library/lib/pkgconfig /usr/bin/cmake --install /home/parallels/CLionProjects/Homeworks/robotics_v1/build/robo_common
[8.567s] -- Install configuration: "RelWithDebInfo"
[8.567s] -- Up-to-date: /home/parallels/CLionProjects/Homeworks/robotics_v1/install/robo_common/share/robo_common/package.xml
[8.567s] -- Installing: /home/parallels/CLionProjects/Homeworks/robotics_v1/install/robo_common/lib/robo_common/librobo_common.a
[8.576s] -- Installing: /home/parallels/CLionProjects/Homeworks/robotics_v1/install/robo_common/share/ament_index/resource_index/packages/robo_common
[8.576s] -- Installing: /home/parallels/CLionProjects/Homeworks/robotics_v1/install/robo_common/share/robo_common/hook/ament_prefix_path.dsv
[8.577s] -- Installing: /home/parallels/CLionProjects/Homeworks/robotics_v1/install/robo_common/share/robo_common/hook/ros_package_path.dsv
[8.577s] -- Up-to-date: /home/parallels/CLionProjects/Homeworks/robotics_v1/install/robo_common/share/ament_index/resource_index/package_run_dependencies/robo_common
[8.577s] -- Installing: /home/parallels/CLionProjects/Homeworks/robotics_v1/install/robo_common/share/ament_index/resource_index/parent_prefix_path/robo_common
[8.578s] -- Up-to-date: /home/parallels/CLionProjects/Homeworks/robotics_v1/install/robo_common/share/robo_common/environment/ament_prefix_path.sh
[8.578s] -- Installing: /home/parallels/CLionProjects/Homeworks/robotics_v1/install/robo_common/share/robo_common/environment/ament_prefix_path.dsv
[8.578s] -- Up-to-date: /home/parallels/CLionProjects/Homeworks/robotics_v1/install/robo_common/share/robo_common/environment/path.sh
[8.579s] -- Installing: /home/parallels/CLionProjects/Homeworks/robotics_v1/install/robo_common/share/robo_common/environment/path.dsv
[8.579s] -- Up-to-date: /home/parallels/CLionProjects/Homeworks/robotics_v1/install/robo_common/share/robo_common/local_setup.bash
[8.579s] -- Up-to-date: /home/parallels/CLionProjects/Homeworks/robotics_v1/install/robo_common/share/robo_common/local_setup.sh
[8.579s] -- Up-to-date: /home/parallels/CLionProjects/Homeworks/robotics_v1/install/robo_common/share/robo_common/local_setup.zsh
[8.579s] -- Installing: /home/parallels/CLionProjects/Homeworks/robotics_v1/install/robo_common/share/robo_common/local_setup.dsv
[8.579s] -- Installing: /home/parallels/CLionProjects/Homeworks/robotics_v1/install/robo_common/share/robo_common/package.dsv
[8.579s] -- Installing: /home/parallels/CLionProjects/Homeworks/robotics_v1/install/robo_common/share/ament_index/resource_index/packages/robo_common
[8.579s] -- Up-to-date: /home/parallels/CLionProjects/Homeworks/robotics_v1/install/robo_common/share/robo_common/cmake/robo_commonConfig.cmake
[8.580s] -- Up-to-date: /home/parallels/CLionProjects/Homeworks/robotics_v1/install/robo_common/share/robo_common/cmake/robo_commonConfig-version.cmake
[8.580s] -- Up-to-date: /home/parallels/CLionProjects/Homeworks/robotics_v1/install/robo_common/share/robo_common/package.xml
[8.580s] -- Installing: /home/parallels/CLionProjects/Homeworks/robotics_v1/install/robo_common/lib/librobo_common.a
[8.589s] -- Up-to-date: /home/parallels/CLionProjects/Homeworks/robotics_v1/install/robo_common/include
[8.589s] -- Up-to-date: /home/parallels/CLionProjects/Homeworks/robotics_v1/install/robo_common/include/robo_common
[8.589s] -- Up-to-date: /home/parallels/CLionProjects/Homeworks/robotics_v1/install/robo_common/include/robo_common/layout
[8.589s] -- Up-to-date: /home/parallels/CLionProjects/Homeworks/robotics_v1/install/robo_common/include/robo_common/layout/animators
[8.589s] -- Up-to-date: /home/parallels/CLionProjects/Homeworks/robotics_v1/install/robo_common/include/robo_common/layout/animators/HelpPageAnimator.h
[8.589s] -- Up-to-date: /home/parallels/CLionProjects/Homeworks/robotics_v1/install/robo_common/include/robo_common/layout/animators/GameEndAnimator.h
[8.589s] -- Up-to-date: /home/parallels/CLionProjects/Homeworks/robotics_v1/install/robo_common/include/robo_common/layout/animators/AchievementAnimator.h
[8.590s] -- Up-to-date: /home/parallels/CLionProjects/Homeworks/robotics_v1/install/robo_common/include/robo_common/layout/animators/EndScreenAppearAnimator.h
[8.590s] -- Up-to-date: /home/parallels/CLionProjects/Homeworks/robotics_v1/install/robo_common/include/robo_common/layout/animators/CountdownAnimator.h
[8.592s] -- Up-to-date: /home/parallels/CLionProjects/Homeworks/robotics_v1/install/robo_common/include/robo_common/layout/animators/config
[8.592s] -- Up-to-date: /home/parallels/CLionProjects/Homeworks/robotics_v1/install/robo_common/include/robo_common/layout/animators/config/AchievementAnimatorConfig.h
[8.592s] -- Up-to-date: /home/parallels/CLionProjects/Homeworks/robotics_v1/install/robo_common/include/robo_common/layout/animators/config/GameEndAnimatorConfig.h
[8.592s] -- Up-to-date: /home/parallels/CLionProjects/Homeworks/robotics_v1/install/robo_common/include/robo_common/layout/animators/config/HelpPageAnimatorConfig.h
[8.592s] -- Up-to-date: /home/parallels/CLionProjects/Homeworks/robotics_v1/install/robo_common/include/robo_common/layout/debug
[8.592s] -- Up-to-date: /home/parallels/CLionProjects/Homeworks/robotics_v1/install/robo_common/include/robo_common/layout/debug/config
[8.592s] -- Up-to-date: /home/parallels/CLionProjects/Homeworks/robotics_v1/install/robo_common/include/robo_common/layout/debug/config/DebugFieldConfig.h
[8.592s] -- Up-to-date: /home/parallels/CLionProjects/Homeworks/robotics_v1/install/robo_common/include/robo_common/layout/debug/DebugField.h
[8.592s] -- Up-to-date: /home/parallels/CLionProjects/Homeworks/robotics_v1/install/robo_common/include/robo_common/layout/field
[8.593s] -- Up-to-date: /home/parallels/CLionProjects/Homeworks/robotics_v1/install/robo_common/include/robo_common/layout/field/FieldUtils.h
[8.593s] -- Up-to-date: /home/parallels/CLionProjects/Homeworks/robotics_v1/install/robo_common/include/robo_common/layout/field/obstacles
[8.593s] -- Up-to-date: /home/parallels/CLionProjects/Homeworks/robotics_v1/install/robo_common/include/robo_common/layout/field/obstacles/ObstacleHandler.h
[8.593s] -- Up-to-date: /home/parallels/CLionProjects/Homeworks/robotics_v1/install/robo_common/include/robo_common/layout/field/obstacles/Obstacle.h
[8.593s] -- Up-to-date: /home/parallels/CLionProjects/Homeworks/robotics_v1/install/robo_common/include/robo_common/layout/field/ObjectApproachOverlay.h
[8.593s] -- Up-to-date: /home/parallels/CLionProjects/Homeworks/robotics_v1/install/robo_common/include/robo_common/layout/field/FieldPos.h
[8.593s] -- Up-to-date: /home/parallels/CLionProjects/Homeworks/robotics_v1/install/robo_common/include/robo_common/layout/field/Tile.h
[8.593s] -- Up-to-date: /home/parallels/CLionProjects/Homeworks/robotics_v1/install/robo_common/include/robo_common/layout/field/fog_of_war
[8.593s] -- Up-to-date: /home/parallels/CLionProjects/Homeworks/robotics_v1/install/robo_common/include/robo_common/layout/field/fog_of_war/FogCollisionObject.h
[8.593s] -- Up-to-date: /home/parallels/CLionProjects/Homeworks/robotics_v1/install/robo_common/include/robo_common/layout/field/fog_of_war/FogOfWar.h
[8.593s] -- Up-to-date: /home/parallels/CLionProjects/Homeworks/robotics_v1/install/robo_common/include/robo_common/layout/field/config
[8.593s] -- Up-to-date: /home/parallels/CLionProjects/Homeworks/robotics_v1/install/robo_common/include/robo_common/layout/field/config/TileConfig.h
[8.593s] -- Up-to-date: /home/parallels/CLionProjects/Homeworks/robotics_v1/install/robo_common/include/robo_common/layout/field/config/ObstacleHandlerConfig.h
[8.593s] -- Up-to-date: /home/parallels/CLionProjects/Homeworks/robotics_v1/install/robo_common/include/robo_common/layout/field/config/FogOfWarConfig.h
[8.593s] -- Up-to-date: /home/parallels/CLionProjects/Homeworks/robotics_v1/install/robo_common/include/robo_common/layout/field/config/FieldConfig.h
[8.593s] -- Up-to-date: /home/parallels/CLionProjects/Homeworks/robotics_v1/install/robo_common/include/robo_common/layout/field/Field.h
[8.593s] -- Up-to-date: /home/parallels/CLionProjects/Homeworks/robotics_v1/install/robo_common/include/robo_common/layout/helpers
[8.593s] -- Up-to-date: /home/parallels/CLionProjects/Homeworks/robotics_v1/install/robo_common/include/robo_common/layout/helpers/RoboCommonLayoutInterfaces.h
[8.593s] -- Up-to-date: /home/parallels/CLionProjects/Homeworks/robotics_v1/install/robo_common/include/robo_common/layout/helpers/RoboCommonLayoutInitHelper.h
[8.594s] -- Up-to-date: /home/parallels/CLionProjects/Homeworks/robotics_v1/install/robo_common/include/robo_common/layout/RoboCommonLayout.h
[8.594s] -- Up-to-date: /home/parallels/CLionProjects/Homeworks/robotics_v1/install/robo_common/include/robo_common/layout/entities
[8.594s] -- Up-to-date: /home/parallels/CLionProjects/Homeworks/robotics_v1/install/robo_common/include/robo_common/layout/entities/robot
[8.594s] -- Up-to-date: /home/parallels/CLionProjects/Homeworks/robotics_v1/install/robo_common/include/robo_common/layout/entities/robot/helpers
[8.594s] -- Up-to-date: /home/parallels/CLionProjects/Homeworks/robotics_v1/install/robo_common/include/robo_common/layout/entities/robot/helpers/RobotUtils.h
[8.594s] -- Up-to-date: /home/parallels/CLionProjects/Homeworks/robotics_v1/install/robo_common/include/robo_common/layout/entities/robot/helpers/RobotActInterface.h
[8.594s] -- Up-to-date: /home/parallels/CLionProjects/Homeworks/robotics_v1/install/robo_common/include/robo_common/layout/entities/robot/helpers/RobotInitHelper.h
[8.594s] -- Up-to-date: /home/parallels/CLionProjects/Homeworks/robotics_v1/install/robo_common/include/robo_common/layout/entities/robot/animation
[8.594s] -- Up-to-date: /home/parallels/CLionProjects/Homeworks/robotics_v1/install/robo_common/include/robo_common/layout/entities/robot/animation/RobotAnimEndCb.h
[8.594s] -- Up-to-date: /home/parallels/CLionProjects/Homeworks/robotics_v1/install/robo_common/include/robo_common/layout/entities/robot/animation/PlayerDamageAnimEndCb.h
[8.594s] -- Up-to-date: /home/parallels/CLionProjects/Homeworks/robotics_v1/install/robo_common/include/robo_common/layout/entities/robot/animation/RobotAnimator.h
[8.594s] -- Up-to-date: /home/parallels/CLionProjects/Homeworks/robotics_v1/install/robo_common/include/robo_common/layout/entities/robot/config
[8.594s] -- Up-to-date: /home/parallels/CLionProjects/Homeworks/robotics_v1/install/robo_common/include/robo_common/layout/entities/robot/config/RobotBaseConfig.h
[8.594s] -- Up-to-date: /home/parallels/CLionProjects/Homeworks/robotics_v1/install/robo_common/include/robo_common/layout/entities/robot/Robot.h
[8.594s] -- Up-to-date: /home/parallels/CLionProjects/Homeworks/robotics_v1/install/robo_common/include/robo_common/layout/config
[8.594s] -- Up-to-date: /home/parallels/CLionProjects/Homeworks/robotics_v1/install/robo_common/include/robo_common/layout/config/RoboCommonLayoutConfig.h
[8.597s] -- Up-to-date: /home/parallels/CLionProjects/Homeworks/robotics_v1/install/robo_common/include/robo_common/layout/panels
[8.597s] -- Up-to-date: /home/parallels/CLionProjects/Homeworks/robotics_v1/install/robo_common/include/robo_common/layout/panels/TimePanel.h
[8.597s] -- Up-to-date: /home/parallels/CLionProjects/Homeworks/robotics_v1/install/robo_common/include/robo_common/layout/panels/NumberCounterPanel.h
[8.597s] -- Up-to-date: /home/parallels/CLionProjects/Homeworks/robotics_v1/install/robo_common/include/robo_common/layout/panels/IndicatorPanel.h
[8.598s] -- Up-to-date: /home/parallels/CLionProjects/Homeworks/robotics_v1/install/robo_common/include/robo_common/layout/panels/config
[8.598s] -- Up-to-date: /home/parallels/CLionProjects/Homeworks/robotics_v1/install/robo_common/include/robo_common/layout/panels/config/TimePanelConfig.h
[8.598s] -- Up-to-date: /home/parallels/CLionProjects/Homeworks/robotics_v1/install/robo_common/include/robo_common/layout/panels/config/NumberCounterPanelConfig.h
[8.598s] -- Up-to-date: /home/parallels/CLionProjects/Homeworks/robotics_v1/install/robo_common/include/robo_common/layout/panels/config/IndicatorPanelConfig.h
[8.598s] -- Up-to-date: /home/parallels/CLionProjects/Homeworks/robotics_v1/install/robo_common/include/robo_common/helpers
[8.598s] -- Up-to-date: /home/parallels/CLionProjects/Homeworks/robotics_v1/install/robo_common/include/robo_common/helpers/LevelFileLoader.h
[8.598s] -- Up-to-date: /home/parallels/CLionProjects/Homeworks/robotics_v1/install/robo_common/include/robo_common/helpers/CollisionWatcher.h
[8.598s] -- Up-to-date: /home/parallels/CLionProjects/Homeworks/robotics_v1/install/robo_common/include/robo_common/helpers/CollisionObject.h
[8.598s] -- Up-to-date: /home/parallels/CLionProjects/Homeworks/robotics_v1/install/robo_common/include/robo_common/defines
[8.598s] -- Up-to-date: /home/parallels/CLionProjects/Homeworks/robotics_v1/install/robo_common/include/robo_common/defines/RoboCommonFunctionalDefines.h
[8.598s] -- Up-to-date: /home/parallels/CLionProjects/Homeworks/robotics_v1/install/robo_common/include/robo_common/defines/RoboCommonDefines.h
[8.598s] -- Up-to-date: /home/parallels/CLionProjects/Homeworks/robotics_v1/install/robo_common/lib/cmake/robo_common/robo_commonTargets.cmake
[8.598s] -- Installing: /home/parallels/CLionProjects/Homeworks/robotics_v1/install/robo_common/lib/cmake/robo_common/robo_commonTargets-relwithdebinfo.cmake
[8.598s] -- Up-to-date: /home/parallels/CLionProjects/Homeworks/robotics_v1/install/robo_common/lib/cmake/robo_common/robo_commonConfig.cmake
[8.598s] Invoked command in '/home/parallels/CLionProjects/Homeworks/robotics_v1/build/robo_common' returned '0': CMAKE_PREFIX_PATH=/home/parallels/CLionProjects/Homeworks/robotics_v1/install/manager_utils:/home/parallels/CLionProjects/Homeworks/robotics_v1/install/sdl_utils:/home/parallels/CLionProjects/Homeworks/robotics_v1/install/resource_utils:/home/parallels/CLionProjects/Homeworks/robotics_v1/install/utils:/home/parallels/CLionProjects/Homeworks/robotics_v1/install/cmake_helpers:/home/parallels/CLionProjects/Homeworks/robotics_v1/install/urscript_bridge:/home/parallels/CLionProjects/Homeworks/robotics_v1/install/ur_control_gui:/home/parallels/CLionProjects/Homeworks/robotics_v1/install/urscript_common:/home/parallels/CLionProjects/Homeworks/robotics_v1/install/robo_miner_gui:/home/parallels/CLionProjects/Homeworks/robotics_v1/install/robo_collector_gui:/home/parallels/CLionProjects/Homeworks/robotics_v1/install/robo_collector_controller:/home/parallels/CLionProjects/Homeworks/robotics_v1/install/robo_cleaner_gui:/home/parallels/CLionProjects/Homeworks/robotics_v1/install/ros2_game_engine:/home/parallels/CLionProjects/Homeworks/robotics_v1/install/robo_miner_common:/home/parallels/CLionProjects/Homeworks/robotics_v1/install/robo_collector_common:/home/parallels/CLionProjects/Homeworks/robotics_v1/install/robo_cleaner_common:/home/parallels/CLionProjects/Homeworks/robotics_v1/install/robo_common:/home/parallels/CLionProjects/Homeworks/robotics_v1/install/game_engine:/home/parallels/CLionProjects/Homeworks/robotics_v1/install/resource_builder:/home/parallels/CLionProjects/Homeworks/robotics_v1/install/urscript_interfaces:/home/parallels/CLionProjects/Homeworks/robotics_v1/install/ur_robot_driver:/home/parallels/CLionProjects/Homeworks/robotics_v1/install/ur_moveit_config:/home/parallels/CLionProjects/Homeworks/robotics_v1/install/ur_description:/home/parallels/CLionProjects/Homeworks/robotics_v1/install/ur_controllers:/home/parallels/CLionProjects/Homeworks/robotics_v1/install/ur_dashboard_msgs:/home/parallels/CLionProjects/Homeworks/robotics_v1/install/ur_client_library:/home/parallels/CLionProjects/Homeworks/robotics_v1/install/ur_bringup:/home/parallels/CLionProjects/Homeworks/robotics_v1/install/robo_miner_interfaces:/home/parallels/CLionProjects/Homeworks/robotics_v1/install/robo_collector_interfaces:/home/parallels/CLionProjects/Homeworks/robotics_v1/install/robo_cleaner_interfaces:/opt/ros/foxy PKG_CONFIG_PATH=/home/parallels/CLionProjects/Homeworks/robotics_v1/install/manager_utils/lib/aarch64-linux-gnu/pkgconfig:/home/parallels/CLionProjects/Homeworks/robotics_v1/install/manager_utils/lib/pkgconfig:/home/parallels/CLionProjects/Homeworks/robotics_v1/install/sdl_utils/lib/aarch64-linux-gnu/pkgconfig:/home/parallels/CLionProjects/Homeworks/robotics_v1/install/sdl_utils/lib/pkgconfig:/home/parallels/CLionProjects/Homeworks/robotics_v1/install/resource_utils/lib/aarch64-linux-gnu/pkgconfig:/home/parallels/CLionProjects/Homeworks/robotics_v1/install/resource_utils/lib/pkgconfig:/home/parallels/CLionProjects/Homeworks/robotics_v1/install/utils/lib/aarch64-linux-gnu/pkgconfig:/home/parallels/CLionProjects/Homeworks/robotics_v1/install/utils/lib/pkgconfig:/home/parallels/CLionProjects/Homeworks/robotics_v1/install/cmake_helpers/lib/aarch64-linux-gnu/pkgconfig:/home/parallels/CLionProjects/Homeworks/robotics_v1/install/cmake_helpers/lib/pkgconfig:/home/parallels/CLionProjects/Homeworks/robotics_v1/install/ros2_game_engine/lib/aarch64-linux-gnu/pkgconfig:/home/parallels/CLionProjects/Homeworks/robotics_v1/install/ros2_game_engine/lib/pkgconfig:/home/parallels/CLionProjects/Homeworks/robotics_v1/install/robo_common/lib/aarch64-linux-gnu/pkgconfig:/home/parallels/CLionProjects/Homeworks/robotics_v1/install/robo_common/lib/pkgconfig:/home/parallels/CLionProjects/Homeworks/robotics_v1/install/game_engine/lib/aarch64-linux-gnu/pkgconfig:/home/parallels/CLionProjects/Homeworks/robotics_v1/install/game_engine/lib/pkgconfig:/home/parallels/CLionProjects/Homeworks/robotics_v1/install/resource_builder/lib/aarch64-linux-gnu/pkgconfig:/home/parallels/CLionProjects/Homeworks/robotics_v1/install/resource_builder/lib/pkgconfig:/home/parallels/CLionProjects/Homeworks/robotics_v1/install/ur_client_library/lib/aarch64-linux-gnu/pkgconfig:/home/parallels/CLionProjects/Homeworks/robotics_v1/install/ur_client_library/lib/pkgconfig /usr/bin/cmake --install /home/parallels/CLionProjects/Homeworks/robotics_v1/build/robo_common
