[0.015s] Invoking command in '/home/parallels/CLionProjects/Homeworks/robotics_v1/build/robo_common': CMAKE_PREFIX_PATH=/home/parallels/CLionProjects/Homeworks/robotics_v1/install/manager_utils:/home/parallels/CLionProjects/Homeworks/robotics_v1/install/sdl_utils:/home/parallels/CLionProjects/Homeworks/robotics_v1/install/resource_utils:/home/parallels/CLionProjects/Homeworks/robotics_v1/install/utils:/home/parallels/CLionProjects/Homeworks/robotics_v1/install/cmake_helpers:/opt/ros/foxy PKG_CONFIG_PATH=/home/parallels/CLionProjects/Homeworks/robotics_v1/install/manager_utils/lib/aarch64-linux-gnu/pkgconfig:/home/parallels/CLionProjects/Homeworks/robotics_v1/install/manager_utils/lib/pkgconfig:/home/parallels/CLionProjects/Homeworks/robotics_v1/install/sdl_utils/lib/aarch64-linux-gnu/pkgconfig:/home/parallels/CLionProjects/Homeworks/robotics_v1/install/sdl_utils/lib/pkgconfig:/home/parallels/CLionProjects/Homeworks/robotics_v1/install/resource_utils/lib/aarch64-linux-gnu/pkgconfig:/home/parallels/CLionProjects/Homeworks/robotics_v1/install/resource_utils/lib/pkgconfig:/home/parallels/CLionProjects/Homeworks/robotics_v1/install/utils/lib/aarch64-linux-gnu/pkgconfig:/home/parallels/CLionProjects/Homeworks/robotics_v1/install/utils/lib/pkgconfig:/home/parallels/CLionProjects/Homeworks/robotics_v1/install/cmake_helpers/lib/aarch64-linux-gnu/pkgconfig:/home/parallels/CLionProjects/Homeworks/robotics_v1/install/cmake_helpers/lib/pkgconfig /usr/bin/cmake --build /home/parallels/CLionProjects/Homeworks/robotics_v1/build/robo_common -- -j4 -l4
[0.077s] [100%] Built target robo_common
[0.093s] Invoked command in '/home/parallels/CLionProjects/Homeworks/robotics_v1/build/robo_common' returned '0': CMAKE_PREFIX_PATH=/home/parallels/CLionProjects/Homeworks/robotics_v1/install/manager_utils:/home/parallels/CLionProjects/Homeworks/robotics_v1/install/sdl_utils:/home/parallels/CLionProjects/Homeworks/robotics_v1/install/resource_utils:/home/parallels/CLionProjects/Homeworks/robotics_v1/install/utils:/home/parallels/CLionProjects/Homeworks/robotics_v1/install/cmake_helpers:/opt/ros/foxy PKG_CONFIG_PATH=/home/parallels/CLionProjects/Homeworks/robotics_v1/install/manager_utils/lib/aarch64-linux-gnu/pkgconfig:/home/parallels/CLionProjects/Homeworks/robotics_v1/install/manager_utils/lib/pkgconfig:/home/parallels/CLionProjects/Homeworks/robotics_v1/install/sdl_utils/lib/aarch64-linux-gnu/pkgconfig:/home/parallels/CLionProjects/Homeworks/robotics_v1/install/sdl_utils/lib/pkgconfig:/home/parallels/CLionProjects/Homeworks/robotics_v1/install/resource_utils/lib/aarch64-linux-gnu/pkgconfig:/home/parallels/CLionProjects/Homeworks/robotics_v1/install/resource_utils/lib/pkgconfig:/home/parallels/CLionProjects/Homeworks/robotics_v1/install/utils/lib/aarch64-linux-gnu/pkgconfig:/home/parallels/CLionProjects/Homeworks/robotics_v1/install/utils/lib/pkgconfig:/home/parallels/CLionProjects/Homeworks/robotics_v1/install/cmake_helpers/lib/aarch64-linux-gnu/pkgconfig:/home/parallels/CLionProjects/Homeworks/robotics_v1/install/cmake_helpers/lib/pkgconfig /usr/bin/cmake --build /home/parallels/CLionProjects/Homeworks/robotics_v1/build/robo_common -- -j4 -l4
[0.218s] Invoking command in '/home/parallels/CLionProjects/Homeworks/robotics_v1/build/robo_common': CMAKE_PREFIX_PATH=/home/parallels/CLionProjects/Homeworks/robotics_v1/install/manager_utils:/home/parallels/CLionProjects/Homeworks/robotics_v1/install/sdl_utils:/home/parallels/CLionProjects/Homeworks/robotics_v1/install/resource_utils:/home/parallels/CLionProjects/Homeworks/robotics_v1/install/utils:/home/parallels/CLionProjects/Homeworks/robotics_v1/install/cmake_helpers:/opt/ros/foxy PKG_CONFIG_PATH=/home/parallels/CLionProjects/Homeworks/robotics_v1/install/manager_utils/lib/aarch64-linux-gnu/pkgconfig:/home/parallels/CLionProjects/Homeworks/robotics_v1/install/manager_utils/lib/pkgconfig:/home/parallels/CLionProjects/Homeworks/robotics_v1/install/sdl_utils/lib/aarch64-linux-gnu/pkgconfig:/home/parallels/CLionProjects/Homeworks/robotics_v1/install/sdl_utils/lib/pkgconfig:/home/parallels/CLionProjects/Homeworks/robotics_v1/install/resource_utils/lib/aarch64-linux-gnu/pkgconfig:/home/parallels/CLionProjects/Homeworks/robotics_v1/install/resource_utils/lib/pkgconfig:/home/parallels/CLionProjects/Homeworks/robotics_v1/install/utils/lib/aarch64-linux-gnu/pkgconfig:/home/parallels/CLionProjects/Homeworks/robotics_v1/install/utils/lib/pkgconfig:/home/parallels/CLionProjects/Homeworks/robotics_v1/install/cmake_helpers/lib/aarch64-linux-gnu/pkgconfig:/home/parallels/CLionProjects/Homeworks/robotics_v1/install/cmake_helpers/lib/pkgconfig /usr/bin/cmake --install /home/parallels/CLionProjects/Homeworks/robotics_v1/build/robo_common
[0.233s] -- Install configuration: "RelWithDebInfo"
[0.236s] -- Up-to-date: /home/parallels/CLionProjects/Homeworks/robotics_v1/install/robo_common/share/robo_common/package.xml
[0.236s] -- Up-to-date: /home/parallels/CLionProjects/Homeworks/robotics_v1/install/robo_common/lib/robo_common/librobo_common.a
[0.236s] -- Installing: /home/parallels/CLionProjects/Homeworks/robotics_v1/install/robo_common/share/ament_index/resource_index/packages/robo_common
[0.236s] -- Up-to-date: /home/parallels/CLionProjects/Homeworks/robotics_v1/install/robo_common/share/robo_common/hook/ament_prefix_path.dsv
[0.236s] -- Up-to-date: /home/parallels/CLionProjects/Homeworks/robotics_v1/install/robo_common/share/robo_common/hook/ros_package_path.dsv
[0.236s] -- Up-to-date: /home/parallels/CLionProjects/Homeworks/robotics_v1/install/robo_common/share/ament_index/resource_index/package_run_dependencies/robo_common
[0.236s] -- Up-to-date: /home/parallels/CLionProjects/Homeworks/robotics_v1/install/robo_common/share/ament_index/resource_index/parent_prefix_path/robo_common
[0.236s] -- Up-to-date: /home/parallels/CLionProjects/Homeworks/robotics_v1/install/robo_common/share/robo_common/environment/ament_prefix_path.sh
[0.236s] -- Up-to-date: /home/parallels/CLionProjects/Homeworks/robotics_v1/install/robo_common/share/robo_common/environment/ament_prefix_path.dsv
[0.236s] -- Up-to-date: /home/parallels/CLionProjects/Homeworks/robotics_v1/install/robo_common/share/robo_common/environment/path.sh
[0.236s] -- Up-to-date: /home/parallels/CLionProjects/Homeworks/robotics_v1/install/robo_common/share/robo_common/environment/path.dsv
[0.236s] -- Up-to-date: /home/parallels/CLionProjects/Homeworks/robotics_v1/install/robo_common/share/robo_common/local_setup.bash
[0.236s] -- Up-to-date: /home/parallels/CLionProjects/Homeworks/robotics_v1/install/robo_common/share/robo_common/local_setup.sh
[0.236s] -- Up-to-date: /home/parallels/CLionProjects/Homeworks/robotics_v1/install/robo_common/share/robo_common/local_setup.zsh
[0.237s] -- Up-to-date: /home/parallels/CLionProjects/Homeworks/robotics_v1/install/robo_common/share/robo_common/local_setup.dsv
[0.237s] -- Up-to-date: /home/parallels/CLionProjects/Homeworks/robotics_v1/install/robo_common/share/robo_common/package.dsv
[0.237s] -- Installing: /home/parallels/CLionProjects/Homeworks/robotics_v1/install/robo_common/share/ament_index/resource_index/packages/robo_common
[0.237s] -- Up-to-date: /home/parallels/CLionProjects/Homeworks/robotics_v1/install/robo_common/share/robo_common/cmake/robo_commonConfig.cmake
[0.237s] -- Up-to-date: /home/parallels/CLionProjects/Homeworks/robotics_v1/install/robo_common/share/robo_common/cmake/robo_commonConfig-version.cmake
[0.237s] -- Up-to-date: /home/parallels/CLionProjects/Homeworks/robotics_v1/install/robo_common/share/robo_common/package.xml
[0.237s] -- Up-to-date: /home/parallels/CLionProjects/Homeworks/robotics_v1/install/robo_common/lib/librobo_common.a
[0.237s] -- Up-to-date: /home/parallels/CLionProjects/Homeworks/robotics_v1/install/robo_common/include
[0.237s] -- Up-to-date: /home/parallels/CLionProjects/Homeworks/robotics_v1/install/robo_common/include/robo_common
[0.237s] -- Up-to-date: /home/parallels/CLionProjects/Homeworks/robotics_v1/install/robo_common/include/robo_common/layout
[0.237s] -- Up-to-date: /home/parallels/CLionProjects/Homeworks/robotics_v1/install/robo_common/include/robo_common/layout/animators
[0.237s] -- Up-to-date: /home/parallels/CLionProjects/Homeworks/robotics_v1/install/robo_common/include/robo_common/layout/animators/HelpPageAnimator.h
[0.237s] -- Up-to-date: /home/parallels/CLionProjects/Homeworks/robotics_v1/install/robo_common/include/robo_common/layout/animators/GameEndAnimator.h
[0.237s] -- Up-to-date: /home/parallels/CLionProjects/Homeworks/robotics_v1/install/robo_common/include/robo_common/layout/animators/AchievementAnimator.h
[0.237s] -- Up-to-date: /home/parallels/CLionProjects/Homeworks/robotics_v1/install/robo_common/include/robo_common/layout/animators/EndScreenAppearAnimator.h
[0.237s] -- Up-to-date: /home/parallels/CLionProjects/Homeworks/robotics_v1/install/robo_common/include/robo_common/layout/animators/CountdownAnimator.h
[0.238s] -- Up-to-date: /home/parallels/CLionProjects/Homeworks/robotics_v1/install/robo_common/include/robo_common/layout/animators/config
[0.241s] -- Up-to-date: /home/parallels/CLionProjects/Homeworks/robotics_v1/install/robo_common/include/robo_common/layout/animators/config/AchievementAnimatorConfig.h
[0.241s] -- Up-to-date: /home/parallels/CLionProjects/Homeworks/robotics_v1/install/robo_common/include/robo_common/layout/animators/config/GameEndAnimatorConfig.h
[0.241s] -- Up-to-date: /home/parallels/CLionProjects/Homeworks/robotics_v1/install/robo_common/include/robo_common/layout/animators/config/HelpPageAnimatorConfig.h
[0.241s] -- Up-to-date: /home/parallels/CLionProjects/Homeworks/robotics_v1/install/robo_common/include/robo_common/layout/debug
[0.241s] -- Up-to-date: /home/parallels/CLionProjects/Homeworks/robotics_v1/install/robo_common/include/robo_common/layout/debug/config
[0.241s] -- Up-to-date: /home/parallels/CLionProjects/Homeworks/robotics_v1/install/robo_common/include/robo_common/layout/debug/config/DebugFieldConfig.h
[0.241s] -- Up-to-date: /home/parallels/CLionProjects/Homeworks/robotics_v1/install/robo_common/include/robo_common/layout/debug/DebugField.h
[0.241s] -- Up-to-date: /home/parallels/CLionProjects/Homeworks/robotics_v1/install/robo_common/include/robo_common/layout/field
[0.241s] -- Up-to-date: /home/parallels/CLionProjects/Homeworks/robotics_v1/install/robo_common/include/robo_common/layout/field/FieldUtils.h
[0.241s] -- Up-to-date: /home/parallels/CLionProjects/Homeworks/robotics_v1/install/robo_common/include/robo_common/layout/field/obstacles
[0.241s] -- Up-to-date: /home/parallels/CLionProjects/Homeworks/robotics_v1/install/robo_common/include/robo_common/layout/field/obstacles/ObstacleHandler.h
[0.241s] -- Up-to-date: /home/parallels/CLionProjects/Homeworks/robotics_v1/install/robo_common/include/robo_common/layout/field/obstacles/Obstacle.h
[0.241s] -- Up-to-date: /home/parallels/CLionProjects/Homeworks/robotics_v1/install/robo_common/include/robo_common/layout/field/ObjectApproachOverlay.h
[0.241s] -- Up-to-date: /home/parallels/CLionProjects/Homeworks/robotics_v1/install/robo_common/include/robo_common/layout/field/FieldPos.h
[0.241s] -- Up-to-date: /home/parallels/CLionProjects/Homeworks/robotics_v1/install/robo_common/include/robo_common/layout/field/Tile.h
[0.241s] -- Up-to-date: /home/parallels/CLionProjects/Homeworks/robotics_v1/install/robo_common/include/robo_common/layout/field/fog_of_war
[0.241s] -- Up-to-date: /home/parallels/CLionProjects/Homeworks/robotics_v1/install/robo_common/include/robo_common/layout/field/fog_of_war/FogCollisionObject.h
[0.241s] -- Up-to-date: /home/parallels/CLionProjects/Homeworks/robotics_v1/install/robo_common/include/robo_common/layout/field/fog_of_war/FogOfWar.h
[0.241s] -- Up-to-date: /home/parallels/CLionProjects/Homeworks/robotics_v1/install/robo_common/include/robo_common/layout/field/config
[0.241s] -- Up-to-date: /home/parallels/CLionProjects/Homeworks/robotics_v1/install/robo_common/include/robo_common/layout/field/config/TileConfig.h
[0.241s] -- Up-to-date: /home/parallels/CLionProjects/Homeworks/robotics_v1/install/robo_common/include/robo_common/layout/field/config/ObstacleHandlerConfig.h
[0.241s] -- Up-to-date: /home/parallels/CLionProjects/Homeworks/robotics_v1/install/robo_common/include/robo_common/layout/field/config/FogOfWarConfig.h
[0.241s] -- Up-to-date: /home/parallels/CLionProjects/Homeworks/robotics_v1/install/robo_common/include/robo_common/layout/field/config/FieldConfig.h
[0.241s] -- Up-to-date: /home/parallels/CLionProjects/Homeworks/robotics_v1/install/robo_common/include/robo_common/layout/field/Field.h
[0.241s] -- Up-to-date: /home/parallels/CLionProjects/Homeworks/robotics_v1/install/robo_common/include/robo_common/layout/helpers
[0.241s] -- Up-to-date: /home/parallels/CLionProjects/Homeworks/robotics_v1/install/robo_common/include/robo_common/layout/helpers/RoboCommonLayoutInterfaces.h
[0.241s] -- Up-to-date: /home/parallels/CLionProjects/Homeworks/robotics_v1/install/robo_common/include/robo_common/layout/helpers/RoboCommonLayoutInitHelper.h
[0.241s] -- Up-to-date: /home/parallels/CLionProjects/Homeworks/robotics_v1/install/robo_common/include/robo_common/layout/RoboCommonLayout.h
[0.241s] -- Up-to-date: /home/parallels/CLionProjects/Homeworks/robotics_v1/install/robo_common/include/robo_common/layout/entities
[0.241s] -- Up-to-date: /home/parallels/CLionProjects/Homeworks/robotics_v1/install/robo_common/include/robo_common/layout/entities/robot
[0.242s] -- Up-to-date: /home/parallels/CLionProjects/Homeworks/robotics_v1/install/robo_common/include/robo_common/layout/entities/robot/helpers
[0.242s] -- Up-to-date: /home/parallels/CLionProjects/Homeworks/robotics_v1/install/robo_common/include/robo_common/layout/entities/robot/helpers/RobotUtils.h
[0.242s] -- Up-to-date: /home/parallels/CLionProjects/Homeworks/robotics_v1/install/robo_common/include/robo_common/layout/entities/robot/helpers/RobotActInterface.h
[0.242s] -- Up-to-date: /home/parallels/CLionProjects/Homeworks/robotics_v1/install/robo_common/include/robo_common/layout/entities/robot/helpers/RobotInitHelper.h
[0.242s] -- Up-to-date: /home/parallels/CLionProjects/Homeworks/robotics_v1/install/robo_common/include/robo_common/layout/entities/robot/animation
[0.242s] -- Up-to-date: /home/parallels/CLionProjects/Homeworks/robotics_v1/install/robo_common/include/robo_common/layout/entities/robot/animation/RobotAnimEndCb.h
[0.242s] -- Up-to-date: /home/parallels/CLionProjects/Homeworks/robotics_v1/install/robo_common/include/robo_common/layout/entities/robot/animation/PlayerDamageAnimEndCb.h
[0.242s] -- Up-to-date: /home/parallels/CLionProjects/Homeworks/robotics_v1/install/robo_common/include/robo_common/layout/entities/robot/animation/RobotAnimator.h
[0.242s] -- Up-to-date: /home/parallels/CLionProjects/Homeworks/robotics_v1/install/robo_common/include/robo_common/layout/entities/robot/config
[0.242s] -- Up-to-date: /home/parallels/CLionProjects/Homeworks/robotics_v1/install/robo_common/include/robo_common/layout/entities/robot/config/RobotBaseConfig.h
[0.242s] -- Up-to-date: /home/parallels/CLionProjects/Homeworks/robotics_v1/install/robo_common/include/robo_common/layout/entities/robot/Robot.h
[0.242s] -- Up-to-date: /home/parallels/CLionProjects/Homeworks/robotics_v1/install/robo_common/include/robo_common/layout/config
[0.242s] -- Up-to-date: /home/parallels/CLionProjects/Homeworks/robotics_v1/install/robo_common/include/robo_common/layout/config/RoboCommonLayoutConfig.h
[0.242s] -- Up-to-date: /home/parallels/CLionProjects/Homeworks/robotics_v1/install/robo_common/include/robo_common/layout/panels
[0.242s] -- Up-to-date: /home/parallels/CLionProjects/Homeworks/robotics_v1/install/robo_common/include/robo_common/layout/panels/TimePanel.h
[0.242s] -- Up-to-date: /home/parallels/CLionProjects/Homeworks/robotics_v1/install/robo_common/include/robo_common/layout/panels/NumberCounterPanel.h
[0.242s] -- Up-to-date: /home/parallels/CLionProjects/Homeworks/robotics_v1/install/robo_common/include/robo_common/layout/panels/IndicatorPanel.h
[0.242s] -- Up-to-date: /home/parallels/CLionProjects/Homeworks/robotics_v1/install/robo_common/include/robo_common/layout/panels/config
[0.242s] -- Up-to-date: /home/parallels/CLionProjects/Homeworks/robotics_v1/install/robo_common/include/robo_common/layout/panels/config/TimePanelConfig.h
[0.242s] -- Up-to-date: /home/parallels/CLionProjects/Homeworks/robotics_v1/install/robo_common/include/robo_common/layout/panels/config/NumberCounterPanelConfig.h
[0.242s] -- Up-to-date: /home/parallels/CLionProjects/Homeworks/robotics_v1/install/robo_common/include/robo_common/layout/panels/config/IndicatorPanelConfig.h
[0.242s] -- Up-to-date: /home/parallels/CLionProjects/Homeworks/robotics_v1/install/robo_common/include/robo_common/helpers
[0.242s] -- Up-to-date: /home/parallels/CLionProjects/Homeworks/robotics_v1/install/robo_common/include/robo_common/helpers/LevelFileLoader.h
[0.242s] -- Up-to-date: /home/parallels/CLionProjects/Homeworks/robotics_v1/install/robo_common/include/robo_common/helpers/CollisionWatcher.h
[0.242s] -- Up-to-date: /home/parallels/CLionProjects/Homeworks/robotics_v1/install/robo_common/include/robo_common/helpers/CollisionObject.h
[0.242s] -- Up-to-date: /home/parallels/CLionProjects/Homeworks/robotics_v1/install/robo_common/include/robo_common/defines
[0.242s] -- Up-to-date: /home/parallels/CLionProjects/Homeworks/robotics_v1/install/robo_common/include/robo_common/defines/RoboCommonFunctionalDefines.h
[0.242s] -- Up-to-date: /home/parallels/CLionProjects/Homeworks/robotics_v1/install/robo_common/include/robo_common/defines/RoboCommonDefines.h
[0.242s] -- Up-to-date: /home/parallels/CLionProjects/Homeworks/robotics_v1/install/robo_common/lib/cmake/robo_common/robo_commonTargets.cmake
[0.242s] -- Up-to-date: /home/parallels/CLionProjects/Homeworks/robotics_v1/install/robo_common/lib/cmake/robo_common/robo_commonTargets-relwithdebinfo.cmake
[0.242s] -- Up-to-date: /home/parallels/CLionProjects/Homeworks/robotics_v1/install/robo_common/lib/cmake/robo_common/robo_commonConfig.cmake
[0.243s] Invoked command in '/home/parallels/CLionProjects/Homeworks/robotics_v1/build/robo_common' returned '0': CMAKE_PREFIX_PATH=/home/parallels/CLionProjects/Homeworks/robotics_v1/install/manager_utils:/home/parallels/CLionProjects/Homeworks/robotics_v1/install/sdl_utils:/home/parallels/CLionProjects/Homeworks/robotics_v1/install/resource_utils:/home/parallels/CLionProjects/Homeworks/robotics_v1/install/utils:/home/parallels/CLionProjects/Homeworks/robotics_v1/install/cmake_helpers:/opt/ros/foxy PKG_CONFIG_PATH=/home/parallels/CLionProjects/Homeworks/robotics_v1/install/manager_utils/lib/aarch64-linux-gnu/pkgconfig:/home/parallels/CLionProjects/Homeworks/robotics_v1/install/manager_utils/lib/pkgconfig:/home/parallels/CLionProjects/Homeworks/robotics_v1/install/sdl_utils/lib/aarch64-linux-gnu/pkgconfig:/home/parallels/CLionProjects/Homeworks/robotics_v1/install/sdl_utils/lib/pkgconfig:/home/parallels/CLionProjects/Homeworks/robotics_v1/install/resource_utils/lib/aarch64-linux-gnu/pkgconfig:/home/parallels/CLionProjects/Homeworks/robotics_v1/install/resource_utils/lib/pkgconfig:/home/parallels/CLionProjects/Homeworks/robotics_v1/install/utils/lib/aarch64-linux-gnu/pkgconfig:/home/parallels/CLionProjects/Homeworks/robotics_v1/install/utils/lib/pkgconfig:/home/parallels/CLionProjects/Homeworks/robotics_v1/install/cmake_helpers/lib/aarch64-linux-gnu/pkgconfig:/home/parallels/CLionProjects/Homeworks/robotics_v1/install/cmake_helpers/lib/pkgconfig /usr/bin/cmake --install /home/parallels/CLionProjects/Homeworks/robotics_v1/build/robo_common
