[0.021s] Invoking command in '/home/parallels/CLionProjects/Homeworks/robotics_v1/build/robo_cleaner_gui': AMENT_PREFIX_PATH=/home/parallels/CLionProjects/Homeworks/robotics_v1/install/robo_cleaner_common:/home/parallels/CLionProjects/Homeworks/robotics_v1/install/robo_cleaner_interfaces:${AMENT_PREFIX_PATH} CMAKE_PREFIX_PATH=/home/parallels/CLionProjects/Homeworks/robotics_v1/install/ros2_game_engine:/home/parallels/CLionProjects/Homeworks/robotics_v1/install/robo_cleaner_common:/home/parallels/CLionProjects/Homeworks/robotics_v1/install/robo_common:/home/parallels/CLionProjects/Homeworks/robotics_v1/install/game_engine:/home/parallels/CLionProjects/Homeworks/robotics_v1/install/manager_utils:/home/parallels/CLionProjects/Homeworks/robotics_v1/install/sdl_utils:/home/parallels/CLionProjects/Homeworks/robotics_v1/install/resource_utils:/home/parallels/CLionProjects/Homeworks/robotics_v1/install/utils:/home/parallels/CLionProjects/Homeworks/robotics_v1/install/robo_cleaner_interfaces:/home/parallels/CLionProjects/Homeworks/robotics_v1/install/cmake_helpers:/opt/ros/foxy LD_LIBRARY_PATH=/home/parallels/CLionProjects/Homeworks/robotics_v1/install/robo_cleaner_interfaces/lib:${LD_LIBRARY_PATH} PKG_CONFIG_PATH=/home/parallels/CLionProjects/Homeworks/robotics_v1/install/ros2_game_engine/lib/aarch64-linux-gnu/pkgconfig:/home/parallels/CLionProjects/Homeworks/robotics_v1/install/ros2_game_engine/lib/pkgconfig:/home/parallels/CLionProjects/Homeworks/robotics_v1/install/robo_common/lib/aarch64-linux-gnu/pkgconfig:/home/parallels/CLionProjects/Homeworks/robotics_v1/install/robo_common/lib/pkgconfig:/home/parallels/CLionProjects/Homeworks/robotics_v1/install/game_engine/lib/aarch64-linux-gnu/pkgconfig:/home/parallels/CLionProjects/Homeworks/robotics_v1/install/game_engine/lib/pkgconfig:/home/parallels/CLionProjects/Homeworks/robotics_v1/install/manager_utils/lib/aarch64-linux-gnu/pkgconfig:/home/parallels/CLionProjects/Homeworks/robotics_v1/install/manager_utils/lib/pkgconfig:/home/parallels/CLionProjects/Homeworks/robotics_v1/install/sdl_utils/lib/aarch64-linux-gnu/pkgconfig:/home/parallels/CLionProjects/Homeworks/robotics_v1/install/sdl_utils/lib/pkgconfig:/home/parallels/CLionProjects/Homeworks/robotics_v1/install/resource_utils/lib/aarch64-linux-gnu/pkgconfig:/home/parallels/CLionProjects/Homeworks/robotics_v1/install/resource_utils/lib/pkgconfig:/home/parallels/CLionProjects/Homeworks/robotics_v1/install/utils/lib/aarch64-linux-gnu/pkgconfig:/home/parallels/CLionProjects/Homeworks/robotics_v1/install/utils/lib/pkgconfig:/home/parallels/CLionProjects/Homeworks/robotics_v1/install/cmake_helpers/lib/aarch64-linux-gnu/pkgconfig:/home/parallels/CLionProjects/Homeworks/robotics_v1/install/cmake_helpers/lib/pkgconfig PYTHONPATH=/home/parallels/CLionProjects/Homeworks/robotics_v1/install/robo_cleaner_interfaces/lib/python3.8/site-packages:${PYTHONPATH} /usr/bin/cmake /home/parallels/CLionProjects/Homeworks/robotics_v1/src/robo_cleaner/robo_cleaner_gui -DCMAKE_BUILD_TYPE=Debug -DCMAKE_CXX_COMPILER=/usr/bin/clang++ -DAMENT_CMAKE_SYMLINK_INSTALL=1 -DCMAKE_INSTALL_PREFIX=/home/parallels/CLionProjects/Homeworks/robotics_v1/install/robo_cleaner_gui
[0.113s] -- The CXX compiler identification is Clang 10.0.0
[0.118s] -- Check for working CXX compiler: /usr/bin/clang++
[0.212s] -- Check for working CXX compiler: /usr/bin/clang++ -- works
[0.214s] -- Detecting CXX compiler ABI info
[0.310s] -- Detecting CXX compiler ABI info - done
[0.317s] -- Detecting CXX compile features
[0.317s] -- Detecting CXX compile features - done
[0.319s] -- Found cmake_helpers: 1.0.0 (/home/parallels/CLionProjects/Homeworks/robotics_v1/install/cmake_helpers/share/cmake_helpers/cmake)
[0.320s] -- Found ament_cmake: 0.9.9 (/opt/ros/foxy/share/ament_cmake/cmake)
[0.348s] -- Found PythonInterp: /usr/bin/python3 (found suitable version "3.8.10", minimum required is "3") 
[0.348s] -- Using PYTHON_EXECUTABLE: /usr/bin/python3
[0.436s] -- Override CMake install command with custom implementation using symlinks instead of copying resources
[0.456s] -- Found ament_index_cpp: 1.1.0 (/opt/ros/foxy/share/ament_index_cpp/cmake)
[0.459s] -- Found rclcpp: 2.4.1 (/opt/ros/foxy/share/rclcpp/cmake)
[0.495s] -- Using all available rosidl_typesupport_c: rosidl_typesupport_fastrtps_c;rosidl_typesupport_introspection_c
[0.501s] -- Found rosidl_adapter: 1.2.1 (/opt/ros/foxy/share/rosidl_adapter/cmake)
[0.620s] -- Found OpenSSL: /usr/lib/aarch64-linux-gnu/libcrypto.so (found version "1.1.1f")  
[0.643s] -- Found FastRTPS: /opt/ros/foxy/include  
[0.717s] -- Using all available rosidl_typesupport_cpp: rosidl_typesupport_fastrtps_cpp;rosidl_typesupport_introspection_cpp
[0.755s] -- Found rmw_implementation_cmake: 1.0.3 (/opt/ros/foxy/share/rmw_implementation_cmake/cmake)
[0.756s] -- Using RMW implementation 'rmw_fastrtps_cpp' as default
[0.757s] -- Looking for C++ include pthread.h
[0.862s] -- Looking for C++ include pthread.h - found
[0.862s] -- Performing Test CMAKE_HAVE_LIBC_PTHREAD
[0.974s] -- Performing Test CMAKE_HAVE_LIBC_PTHREAD - Failed
[0.974s] -- Looking for pthread_create in pthreads
[1.069s] -- Looking for pthread_create in pthreads - not found
[1.069s] -- Looking for pthread_create in pthread
[1.257s] -- Looking for pthread_create in pthread - found
[1.257s] -- Found Threads: TRUE  
[1.413s] -- Found rclcpp_action: 2.4.1 (/opt/ros/foxy/share/rclcpp_action/cmake)
[1.504s] -- Found robo_cleaner_interfaces: 1.0.0 (/home/parallels/CLionProjects/Homeworks/robotics_v1/install/robo_cleaner_interfaces/share/robo_cleaner_interfaces/cmake)
[4.934s] -- Configuring done
[4.948s] -- Generating done
[4.949s] -- Build files have been written to: /home/parallels/CLionProjects/Homeworks/robotics_v1/build/robo_cleaner_gui
[4.954s] Invoked command in '/home/parallels/CLionProjects/Homeworks/robotics_v1/build/robo_cleaner_gui' returned '0': AMENT_PREFIX_PATH=/home/parallels/CLionProjects/Homeworks/robotics_v1/install/robo_cleaner_common:/home/parallels/CLionProjects/Homeworks/robotics_v1/install/robo_cleaner_interfaces:${AMENT_PREFIX_PATH} CMAKE_PREFIX_PATH=/home/parallels/CLionProjects/Homeworks/robotics_v1/install/ros2_game_engine:/home/parallels/CLionProjects/Homeworks/robotics_v1/install/robo_cleaner_common:/home/parallels/CLionProjects/Homeworks/robotics_v1/install/robo_common:/home/parallels/CLionProjects/Homeworks/robotics_v1/install/game_engine:/home/parallels/CLionProjects/Homeworks/robotics_v1/install/manager_utils:/home/parallels/CLionProjects/Homeworks/robotics_v1/install/sdl_utils:/home/parallels/CLionProjects/Homeworks/robotics_v1/install/resource_utils:/home/parallels/CLionProjects/Homeworks/robotics_v1/install/utils:/home/parallels/CLionProjects/Homeworks/robotics_v1/install/robo_cleaner_interfaces:/home/parallels/CLionProjects/Homeworks/robotics_v1/install/cmake_helpers:/opt/ros/foxy LD_LIBRARY_PATH=/home/parallels/CLionProjects/Homeworks/robotics_v1/install/robo_cleaner_interfaces/lib:${LD_LIBRARY_PATH} PKG_CONFIG_PATH=/home/parallels/CLionProjects/Homeworks/robotics_v1/install/ros2_game_engine/lib/aarch64-linux-gnu/pkgconfig:/home/parallels/CLionProjects/Homeworks/robotics_v1/install/ros2_game_engine/lib/pkgconfig:/home/parallels/CLionProjects/Homeworks/robotics_v1/install/robo_common/lib/aarch64-linux-gnu/pkgconfig:/home/parallels/CLionProjects/Homeworks/robotics_v1/install/robo_common/lib/pkgconfig:/home/parallels/CLionProjects/Homeworks/robotics_v1/install/game_engine/lib/aarch64-linux-gnu/pkgconfig:/home/parallels/CLionProjects/Homeworks/robotics_v1/install/game_engine/lib/pkgconfig:/home/parallels/CLionProjects/Homeworks/robotics_v1/install/manager_utils/lib/aarch64-linux-gnu/pkgconfig:/home/parallels/CLionProjects/Homeworks/robotics_v1/install/manager_utils/lib/pkgconfig:/home/parallels/CLionProjects/Homeworks/robotics_v1/install/sdl_utils/lib/aarch64-linux-gnu/pkgconfig:/home/parallels/CLionProjects/Homeworks/robotics_v1/install/sdl_utils/lib/pkgconfig:/home/parallels/CLionProjects/Homeworks/robotics_v1/install/resource_utils/lib/aarch64-linux-gnu/pkgconfig:/home/parallels/CLionProjects/Homeworks/robotics_v1/install/resource_utils/lib/pkgconfig:/home/parallels/CLionProjects/Homeworks/robotics_v1/install/utils/lib/aarch64-linux-gnu/pkgconfig:/home/parallels/CLionProjects/Homeworks/robotics_v1/install/utils/lib/pkgconfig:/home/parallels/CLionProjects/Homeworks/robotics_v1/install/cmake_helpers/lib/aarch64-linux-gnu/pkgconfig:/home/parallels/CLionProjects/Homeworks/robotics_v1/install/cmake_helpers/lib/pkgconfig PYTHONPATH=/home/parallels/CLionProjects/Homeworks/robotics_v1/install/robo_cleaner_interfaces/lib/python3.8/site-packages:${PYTHONPATH} /usr/bin/cmake /home/parallels/CLionProjects/Homeworks/robotics_v1/src/robo_cleaner/robo_cleaner_gui -DCMAKE_BUILD_TYPE=Debug -DCMAKE_CXX_COMPILER=/usr/bin/clang++ -DAMENT_CMAKE_SYMLINK_INSTALL=1 -DCMAKE_INSTALL_PREFIX=/home/parallels/CLionProjects/Homeworks/robotics_v1/install/robo_cleaner_gui
[4.956s] Invoking command in '/home/parallels/CLionProjects/Homeworks/robotics_v1/build/robo_cleaner_gui': AMENT_PREFIX_PATH=/home/parallels/CLionProjects/Homeworks/robotics_v1/install/robo_cleaner_common:/home/parallels/CLionProjects/Homeworks/robotics_v1/install/robo_cleaner_interfaces:${AMENT_PREFIX_PATH} CMAKE_PREFIX_PATH=/home/parallels/CLionProjects/Homeworks/robotics_v1/install/ros2_game_engine:/home/parallels/CLionProjects/Homeworks/robotics_v1/install/robo_cleaner_common:/home/parallels/CLionProjects/Homeworks/robotics_v1/install/robo_common:/home/parallels/CLionProjects/Homeworks/robotics_v1/install/game_engine:/home/parallels/CLionProjects/Homeworks/robotics_v1/install/manager_utils:/home/parallels/CLionProjects/Homeworks/robotics_v1/install/sdl_utils:/home/parallels/CLionProjects/Homeworks/robotics_v1/install/resource_utils:/home/parallels/CLionProjects/Homeworks/robotics_v1/install/utils:/home/parallels/CLionProjects/Homeworks/robotics_v1/install/robo_cleaner_interfaces:/home/parallels/CLionProjects/Homeworks/robotics_v1/install/cmake_helpers:/opt/ros/foxy LD_LIBRARY_PATH=/home/parallels/CLionProjects/Homeworks/robotics_v1/install/robo_cleaner_interfaces/lib:${LD_LIBRARY_PATH} PKG_CONFIG_PATH=/home/parallels/CLionProjects/Homeworks/robotics_v1/install/ros2_game_engine/lib/aarch64-linux-gnu/pkgconfig:/home/parallels/CLionProjects/Homeworks/robotics_v1/install/ros2_game_engine/lib/pkgconfig:/home/parallels/CLionProjects/Homeworks/robotics_v1/install/robo_common/lib/aarch64-linux-gnu/pkgconfig:/home/parallels/CLionProjects/Homeworks/robotics_v1/install/robo_common/lib/pkgconfig:/home/parallels/CLionProjects/Homeworks/robotics_v1/install/game_engine/lib/aarch64-linux-gnu/pkgconfig:/home/parallels/CLionProjects/Homeworks/robotics_v1/install/game_engine/lib/pkgconfig:/home/parallels/CLionProjects/Homeworks/robotics_v1/install/manager_utils/lib/aarch64-linux-gnu/pkgconfig:/home/parallels/CLionProjects/Homeworks/robotics_v1/install/manager_utils/lib/pkgconfig:/home/parallels/CLionProjects/Homeworks/robotics_v1/install/sdl_utils/lib/aarch64-linux-gnu/pkgconfig:/home/parallels/CLionProjects/Homeworks/robotics_v1/install/sdl_utils/lib/pkgconfig:/home/parallels/CLionProjects/Homeworks/robotics_v1/install/resource_utils/lib/aarch64-linux-gnu/pkgconfig:/home/parallels/CLionProjects/Homeworks/robotics_v1/install/resource_utils/lib/pkgconfig:/home/parallels/CLionProjects/Homeworks/robotics_v1/install/utils/lib/aarch64-linux-gnu/pkgconfig:/home/parallels/CLionProjects/Homeworks/robotics_v1/install/utils/lib/pkgconfig:/home/parallels/CLionProjects/Homeworks/robotics_v1/install/cmake_helpers/lib/aarch64-linux-gnu/pkgconfig:/home/parallels/CLionProjects/Homeworks/robotics_v1/install/cmake_helpers/lib/pkgconfig PYTHONPATH=/home/parallels/CLionProjects/Homeworks/robotics_v1/install/robo_cleaner_interfaces/lib/python3.8/site-packages:${PYTHONPATH} /usr/bin/cmake --build /home/parallels/CLionProjects/Homeworks/robotics_v1/build/robo_cleaner_gui -- -j4 -l4
[4.993s] [35m[1mScanning dependencies of target robo_cleaner_gui[0m
[5.074s] [  5%] [32mBuilding CXX object CMakeFiles/robo_cleaner_gui.dir/src/main.cpp.o[0m
[5.089s] [ 11%] [32mBuilding CXX object CMakeFiles/robo_cleaner_gui.dir/src/RoboCleanerGui.cpp.o[0m
[6.131s] [ 17%] [32mBuilding CXX object CMakeFiles/robo_cleaner_gui.dir/src/external_api/CleanerControllerExternalBridge.cpp.o[0m
[6.133s] [ 23%] [32mBuilding CXX object CMakeFiles/robo_cleaner_gui.dir/src/config/RoboCleanerGuiConfigGenerator.cpp.o[0m
[6.304s] [ 29%] [32mBuilding CXX object CMakeFiles/robo_cleaner_gui.dir/src/external_api/RoboCleanerGuiRos2ParamProvider.cpp.o[0m
[7.354s] [ 35%] [32mBuilding CXX object CMakeFiles/robo_cleaner_gui.dir/src/external_api/MovementReporter.cpp.o[0m
[8.281s] [ 41%] [32mBuilding CXX object CMakeFiles/robo_cleaner_gui.dir/src/helpers/EnergyHandler.cpp.o[0m
[8.578s] [ 47%] [32mBuilding CXX object CMakeFiles/robo_cleaner_gui.dir/src/helpers/RoboCleanerBuilder.cpp.o[0m
[12.711s] [ 52%] [32mBuilding CXX object CMakeFiles/robo_cleaner_gui.dir/src/helpers/RoboCleanerSolutionValidator.cpp.o[0m
[12.966s] [ 58%] [32mBuilding CXX object CMakeFiles/robo_cleaner_gui.dir/src/layout/RoboCleanerLayout.cpp.o[0m
[13.762s] [ 64%] [32mBuilding CXX object CMakeFiles/robo_cleaner_gui.dir/src/layout/entities/Rubbish.cpp.o[0m
[13.968s] [ 70%] [32mBuilding CXX object CMakeFiles/robo_cleaner_gui.dir/src/layout/entities/EntityHandler.cpp.o[0m
[14.212s] [ 76%] [32mBuilding CXX object CMakeFiles/robo_cleaner_gui.dir/src/layout/panels/PanelHandler.cpp.o[0m
[14.897s] [ 82%] [32mBuilding CXX object CMakeFiles/robo_cleaner_gui.dir/src/layout/helpers/RoboCleanerLayoutInitHelper.cpp.o[0m
[15.673s] [ 88%] [32mBuilding CXX object CMakeFiles/robo_cleaner_gui.dir/src/helpers/MovementWatcher.cpp.o[0m
[16.365s] [ 94%] [32mBuilding CXX object CMakeFiles/robo_cleaner_gui.dir/src/helpers/RoboCleanerGuiInitHelper.cpp.o[0m
[17.418s] [100%] [32m[1mLinking CXX executable robo_cleaner_gui[0m
[18.225s] [100%] Built target robo_cleaner_gui
[18.235s] Invoked command in '/home/parallels/CLionProjects/Homeworks/robotics_v1/build/robo_cleaner_gui' returned '0': AMENT_PREFIX_PATH=/home/parallels/CLionProjects/Homeworks/robotics_v1/install/robo_cleaner_common:/home/parallels/CLionProjects/Homeworks/robotics_v1/install/robo_cleaner_interfaces:${AMENT_PREFIX_PATH} CMAKE_PREFIX_PATH=/home/parallels/CLionProjects/Homeworks/robotics_v1/install/ros2_game_engine:/home/parallels/CLionProjects/Homeworks/robotics_v1/install/robo_cleaner_common:/home/parallels/CLionProjects/Homeworks/robotics_v1/install/robo_common:/home/parallels/CLionProjects/Homeworks/robotics_v1/install/game_engine:/home/parallels/CLionProjects/Homeworks/robotics_v1/install/manager_utils:/home/parallels/CLionProjects/Homeworks/robotics_v1/install/sdl_utils:/home/parallels/CLionProjects/Homeworks/robotics_v1/install/resource_utils:/home/parallels/CLionProjects/Homeworks/robotics_v1/install/utils:/home/parallels/CLionProjects/Homeworks/robotics_v1/install/robo_cleaner_interfaces:/home/parallels/CLionProjects/Homeworks/robotics_v1/install/cmake_helpers:/opt/ros/foxy LD_LIBRARY_PATH=/home/parallels/CLionProjects/Homeworks/robotics_v1/install/robo_cleaner_interfaces/lib:${LD_LIBRARY_PATH} PKG_CONFIG_PATH=/home/parallels/CLionProjects/Homeworks/robotics_v1/install/ros2_game_engine/lib/aarch64-linux-gnu/pkgconfig:/home/parallels/CLionProjects/Homeworks/robotics_v1/install/ros2_game_engine/lib/pkgconfig:/home/parallels/CLionProjects/Homeworks/robotics_v1/install/robo_common/lib/aarch64-linux-gnu/pkgconfig:/home/parallels/CLionProjects/Homeworks/robotics_v1/install/robo_common/lib/pkgconfig:/home/parallels/CLionProjects/Homeworks/robotics_v1/install/game_engine/lib/aarch64-linux-gnu/pkgconfig:/home/parallels/CLionProjects/Homeworks/robotics_v1/install/game_engine/lib/pkgconfig:/home/parallels/CLionProjects/Homeworks/robotics_v1/install/manager_utils/lib/aarch64-linux-gnu/pkgconfig:/home/parallels/CLionProjects/Homeworks/robotics_v1/install/manager_utils/lib/pkgconfig:/home/parallels/CLionProjects/Homeworks/robotics_v1/install/sdl_utils/lib/aarch64-linux-gnu/pkgconfig:/home/parallels/CLionProjects/Homeworks/robotics_v1/install/sdl_utils/lib/pkgconfig:/home/parallels/CLionProjects/Homeworks/robotics_v1/install/resource_utils/lib/aarch64-linux-gnu/pkgconfig:/home/parallels/CLionProjects/Homeworks/robotics_v1/install/resource_utils/lib/pkgconfig:/home/parallels/CLionProjects/Homeworks/robotics_v1/install/utils/lib/aarch64-linux-gnu/pkgconfig:/home/parallels/CLionProjects/Homeworks/robotics_v1/install/utils/lib/pkgconfig:/home/parallels/CLionProjects/Homeworks/robotics_v1/install/cmake_helpers/lib/aarch64-linux-gnu/pkgconfig:/home/parallels/CLionProjects/Homeworks/robotics_v1/install/cmake_helpers/lib/pkgconfig PYTHONPATH=/home/parallels/CLionProjects/Homeworks/robotics_v1/install/robo_cleaner_interfaces/lib/python3.8/site-packages:${PYTHONPATH} /usr/bin/cmake --build /home/parallels/CLionProjects/Homeworks/robotics_v1/build/robo_cleaner_gui -- -j4 -l4
[18.316s] Invoking command in '/home/parallels/CLionProjects/Homeworks/robotics_v1/build/robo_cleaner_gui': AMENT_PREFIX_PATH=/home/parallels/CLionProjects/Homeworks/robotics_v1/install/robo_cleaner_common:/home/parallels/CLionProjects/Homeworks/robotics_v1/install/robo_cleaner_interfaces:${AMENT_PREFIX_PATH} CMAKE_PREFIX_PATH=/home/parallels/CLionProjects/Homeworks/robotics_v1/install/ros2_game_engine:/home/parallels/CLionProjects/Homeworks/robotics_v1/install/robo_cleaner_common:/home/parallels/CLionProjects/Homeworks/robotics_v1/install/robo_common:/home/parallels/CLionProjects/Homeworks/robotics_v1/install/game_engine:/home/parallels/CLionProjects/Homeworks/robotics_v1/install/manager_utils:/home/parallels/CLionProjects/Homeworks/robotics_v1/install/sdl_utils:/home/parallels/CLionProjects/Homeworks/robotics_v1/install/resource_utils:/home/parallels/CLionProjects/Homeworks/robotics_v1/install/utils:/home/parallels/CLionProjects/Homeworks/robotics_v1/install/robo_cleaner_interfaces:/home/parallels/CLionProjects/Homeworks/robotics_v1/install/cmake_helpers:/opt/ros/foxy LD_LIBRARY_PATH=/home/parallels/CLionProjects/Homeworks/robotics_v1/install/robo_cleaner_interfaces/lib:${LD_LIBRARY_PATH} PKG_CONFIG_PATH=/home/parallels/CLionProjects/Homeworks/robotics_v1/install/ros2_game_engine/lib/aarch64-linux-gnu/pkgconfig:/home/parallels/CLionProjects/Homeworks/robotics_v1/install/ros2_game_engine/lib/pkgconfig:/home/parallels/CLionProjects/Homeworks/robotics_v1/install/robo_common/lib/aarch64-linux-gnu/pkgconfig:/home/parallels/CLionProjects/Homeworks/robotics_v1/install/robo_common/lib/pkgconfig:/home/parallels/CLionProjects/Homeworks/robotics_v1/install/game_engine/lib/aarch64-linux-gnu/pkgconfig:/home/parallels/CLionProjects/Homeworks/robotics_v1/install/game_engine/lib/pkgconfig:/home/parallels/CLionProjects/Homeworks/robotics_v1/install/manager_utils/lib/aarch64-linux-gnu/pkgconfig:/home/parallels/CLionProjects/Homeworks/robotics_v1/install/manager_utils/lib/pkgconfig:/home/parallels/CLionProjects/Homeworks/robotics_v1/install/sdl_utils/lib/aarch64-linux-gnu/pkgconfig:/home/parallels/CLionProjects/Homeworks/robotics_v1/install/sdl_utils/lib/pkgconfig:/home/parallels/CLionProjects/Homeworks/robotics_v1/install/resource_utils/lib/aarch64-linux-gnu/pkgconfig:/home/parallels/CLionProjects/Homeworks/robotics_v1/install/resource_utils/lib/pkgconfig:/home/parallels/CLionProjects/Homeworks/robotics_v1/install/utils/lib/aarch64-linux-gnu/pkgconfig:/home/parallels/CLionProjects/Homeworks/robotics_v1/install/utils/lib/pkgconfig:/home/parallels/CLionProjects/Homeworks/robotics_v1/install/cmake_helpers/lib/aarch64-linux-gnu/pkgconfig:/home/parallels/CLionProjects/Homeworks/robotics_v1/install/cmake_helpers/lib/pkgconfig PYTHONPATH=/home/parallels/CLionProjects/Homeworks/robotics_v1/install/robo_cleaner_interfaces/lib/python3.8/site-packages:${PYTHONPATH} /usr/bin/cmake --install /home/parallels/CLionProjects/Homeworks/robotics_v1/build/robo_cleaner_gui
[18.324s] -- Install configuration: "Debug"
[18.324s] -- Execute custom install script
[18.324s] -- Symlinking: /home/parallels/CLionProjects/Homeworks/robotics_v1/install/robo_cleaner_gui/share/robo_cleaner_gui/package.xml
[18.331s] -- Symlinking: /home/parallels/CLionProjects/Homeworks/robotics_v1/install/robo_cleaner_gui/share/robo_cleaner_gui//launch/launch.py
[18.337s] -- Symlinking: /home/parallels/CLionProjects/Homeworks/robotics_v1/install/robo_cleaner_gui/share/robo_cleaner_gui//config/params.yaml
[18.344s] -- Symlinking: /home/parallels/CLionProjects/Homeworks/robotics_v1/install/robo_cleaner_gui/lib/robo_cleaner_gui/robo_cleaner_gui
[18.350s] -- Symlinking: /home/parallels/CLionProjects/Homeworks/robotics_v1/install/robo_cleaner_gui/share/ament_index/resource_index/packages/robo_cleaner_gui
[18.357s] -- Symlinking: /home/parallels/CLionProjects/Homeworks/robotics_v1/install/robo_cleaner_gui/share/robo_cleaner_gui/hook/ament_prefix_path.dsv
[18.364s] -- Symlinking: /home/parallels/CLionProjects/Homeworks/robotics_v1/install/robo_cleaner_gui/share/robo_cleaner_gui/hook/ros_package_path.dsv
[18.371s] -- Symlinking: /home/parallels/CLionProjects/Homeworks/robotics_v1/install/robo_cleaner_gui/share/ament_index/resource_index/package_run_dependencies/robo_cleaner_gui
[18.378s] -- Symlinking: /home/parallels/CLionProjects/Homeworks/robotics_v1/install/robo_cleaner_gui/share/ament_index/resource_index/parent_prefix_path/robo_cleaner_gui
[18.385s] -- Symlinking: /home/parallels/CLionProjects/Homeworks/robotics_v1/install/robo_cleaner_gui/share/robo_cleaner_gui/environment/ament_prefix_path.sh
[18.392s] -- Symlinking: /home/parallels/CLionProjects/Homeworks/robotics_v1/install/robo_cleaner_gui/share/robo_cleaner_gui/environment/ament_prefix_path.dsv
[18.399s] -- Symlinking: /home/parallels/CLionProjects/Homeworks/robotics_v1/install/robo_cleaner_gui/share/robo_cleaner_gui/environment/path.sh
[18.407s] -- Symlinking: /home/parallels/CLionProjects/Homeworks/robotics_v1/install/robo_cleaner_gui/share/robo_cleaner_gui/environment/path.dsv
[18.414s] -- Symlinking: /home/parallels/CLionProjects/Homeworks/robotics_v1/install/robo_cleaner_gui/share/robo_cleaner_gui/local_setup.bash
[18.421s] -- Symlinking: /home/parallels/CLionProjects/Homeworks/robotics_v1/install/robo_cleaner_gui/share/robo_cleaner_gui/local_setup.sh
[18.427s] -- Symlinking: /home/parallels/CLionProjects/Homeworks/robotics_v1/install/robo_cleaner_gui/share/robo_cleaner_gui/local_setup.zsh
[18.433s] -- Symlinking: /home/parallels/CLionProjects/Homeworks/robotics_v1/install/robo_cleaner_gui/share/robo_cleaner_gui/local_setup.dsv
[18.440s] -- Symlinking: /home/parallels/CLionProjects/Homeworks/robotics_v1/install/robo_cleaner_gui/share/robo_cleaner_gui/package.dsv
[18.447s] -- Symlinking: /home/parallels/CLionProjects/Homeworks/robotics_v1/install/robo_cleaner_gui/share/ament_index/resource_index/packages/robo_cleaner_gui
[18.453s] -- Symlinking: /home/parallels/CLionProjects/Homeworks/robotics_v1/install/robo_cleaner_gui/share/robo_cleaner_gui/cmake/robo_cleaner_guiConfig.cmake
[18.459s] -- Symlinking: /home/parallels/CLionProjects/Homeworks/robotics_v1/install/robo_cleaner_gui/share/robo_cleaner_gui/cmake/robo_cleaner_guiConfig-version.cmake
[18.465s] -- Up-to-date symlink: /home/parallels/CLionProjects/Homeworks/robotics_v1/install/robo_cleaner_gui/share/robo_cleaner_gui/package.xml
[18.466s] -- Symlinking: /home/parallels/CLionProjects/Homeworks/robotics_v1/install/robo_cleaner_gui/share/robo_cleaner_gui/resources//RoboCleanerGui.rsrc
[18.472s] -- Symlinking: /home/parallels/CLionProjects/Homeworks/robotics_v1/install/robo_cleaner_gui/share/robo_cleaner_gui/resources//f/vinque_rg_20.ttf
[18.479s] -- Symlinking: /home/parallels/CLionProjects/Homeworks/robotics_v1/install/robo_cleaner_gui/share/robo_cleaner_gui/resources//f/vinque_rg_30.ttf
[18.486s] -- Symlinking: /home/parallels/CLionProjects/Homeworks/robotics_v1/install/robo_cleaner_gui/share/robo_cleaner_gui/resources//f/vinque_rg_75.ttf
[18.495s] -- Symlinking: /home/parallels/CLionProjects/Homeworks/robotics_v1/install/robo_cleaner_gui/share/robo_cleaner_gui/resources//generated/RoboCleanerGuiResources.h
[18.502s] -- Symlinking: /home/parallels/CLionProjects/Homeworks/robotics_v1/install/robo_cleaner_gui/share/robo_cleaner_gui/resources//generated/RoboCleanerGuiResourcesDynamic.h
[18.509s] -- Symlinking: /home/parallels/CLionProjects/Homeworks/robotics_v1/install/robo_cleaner_gui/share/robo_cleaner_gui/resources//generated/RoboCleanerGuiResourcesDynamicValues.h
[18.516s] -- Symlinking: /home/parallels/CLionProjects/Homeworks/robotics_v1/install/robo_cleaner_gui/share/robo_cleaner_gui/resources//generated/fonts.bin
[18.523s] -- Symlinking: /home/parallels/CLionProjects/Homeworks/robotics_v1/install/robo_cleaner_gui/share/robo_cleaner_gui/resources//generated/resources.bin
[18.531s] -- Symlinking: /home/parallels/CLionProjects/Homeworks/robotics_v1/install/robo_cleaner_gui/share/robo_cleaner_gui/resources//generated/sounds.bin
[18.538s] -- Symlinking: /home/parallels/CLionProjects/Homeworks/robotics_v1/install/robo_cleaner_gui/share/robo_cleaner_gui/resources//levels/level_1/field_map.txt
[18.546s] -- Symlinking: /home/parallels/CLionProjects/Homeworks/robotics_v1/install/robo_cleaner_gui/share/robo_cleaner_gui/resources//levels/level_2/field_map.txt
[18.554s] -- Symlinking: /home/parallels/CLionProjects/Homeworks/robotics_v1/install/robo_cleaner_gui/share/robo_cleaner_gui/resources//levels/level_3/field_map.txt
[18.561s] -- Symlinking: /home/parallels/CLionProjects/Homeworks/robotics_v1/install/robo_cleaner_gui/share/robo_cleaner_gui/resources//p/background/fogOfWar.png
[18.568s] -- Symlinking: /home/parallels/CLionProjects/Homeworks/robotics_v1/install/robo_cleaner_gui/share/robo_cleaner_gui/resources//p/background/map.png
[18.575s] -- Symlinking: /home/parallels/CLionProjects/Homeworks/robotics_v1/install/robo_cleaner_gui/share/robo_cleaner_gui/resources//p/background/obstacle.png
[18.582s] -- Symlinking: /home/parallels/CLionProjects/Homeworks/robotics_v1/install/robo_cleaner_gui/share/robo_cleaner_gui/resources//p/background/tile.png
[18.589s] -- Symlinking: /home/parallels/CLionProjects/Homeworks/robotics_v1/install/robo_cleaner_gui/share/robo_cleaner_gui/resources//p/entities/damage_marker.png
[18.595s] -- Symlinking: /home/parallels/CLionProjects/Homeworks/robotics_v1/install/robo_cleaner_gui/share/robo_cleaner_gui/resources//p/entities/player_robot.png
[18.603s] -- Symlinking: /home/parallels/CLionProjects/Homeworks/robotics_v1/install/robo_cleaner_gui/share/robo_cleaner_gui/resources//p/entities/rubbish.png
[18.610s] -- Symlinking: /home/parallels/CLionProjects/Homeworks/robotics_v1/install/robo_cleaner_gui/share/robo_cleaner_gui/resources//p/panels/energy_indicator.png
[18.617s] -- Symlinking: /home/parallels/CLionProjects/Homeworks/robotics_v1/install/robo_cleaner_gui/share/robo_cleaner_gui/resources//p/panels/energy_panel.png
[18.624s] -- Symlinking: /home/parallels/CLionProjects/Homeworks/robotics_v1/install/robo_cleaner_gui/share/robo_cleaner_gui/resources//p/panels/health_indicator.png
[18.630s] -- Symlinking: /home/parallels/CLionProjects/Homeworks/robotics_v1/install/robo_cleaner_gui/share/robo_cleaner_gui/resources//p/panels/health_panel.png
[18.637s] -- Symlinking: /home/parallels/CLionProjects/Homeworks/robotics_v1/install/robo_cleaner_gui/share/robo_cleaner_gui/resources//p/panels/hor_delimiter.png
[18.644s] -- Symlinking: /home/parallels/CLionProjects/Homeworks/robotics_v1/install/robo_cleaner_gui/share/robo_cleaner_gui/resources//p/panels/rubbish_panel.png
[18.651s] -- Symlinking: /home/parallels/CLionProjects/Homeworks/robotics_v1/install/robo_cleaner_gui/share/robo_cleaner_gui/resources//p/panels/tile_panel.png
[18.658s] -- Symlinking: /home/parallels/CLionProjects/Homeworks/robotics_v1/install/robo_cleaner_gui/share/robo_cleaner_gui/resources//p/panels/vert_delimiter.png
[18.665s] -- Symlinking: /home/parallels/CLionProjects/Homeworks/robotics_v1/install/robo_cleaner_gui/share/robo_cleaner_gui/resources//p/stars/star_single.png
[18.672s] -- Symlinking: /home/parallels/CLionProjects/Homeworks/robotics_v1/install/robo_cleaner_gui/share/robo_cleaner_gui/resources//p/stars/stars.png
[18.687s] Invoked command in '/home/parallels/CLionProjects/Homeworks/robotics_v1/build/robo_cleaner_gui' returned '0': AMENT_PREFIX_PATH=/home/parallels/CLionProjects/Homeworks/robotics_v1/install/robo_cleaner_common:/home/parallels/CLionProjects/Homeworks/robotics_v1/install/robo_cleaner_interfaces:${AMENT_PREFIX_PATH} CMAKE_PREFIX_PATH=/home/parallels/CLionProjects/Homeworks/robotics_v1/install/ros2_game_engine:/home/parallels/CLionProjects/Homeworks/robotics_v1/install/robo_cleaner_common:/home/parallels/CLionProjects/Homeworks/robotics_v1/install/robo_common:/home/parallels/CLionProjects/Homeworks/robotics_v1/install/game_engine:/home/parallels/CLionProjects/Homeworks/robotics_v1/install/manager_utils:/home/parallels/CLionProjects/Homeworks/robotics_v1/install/sdl_utils:/home/parallels/CLionProjects/Homeworks/robotics_v1/install/resource_utils:/home/parallels/CLionProjects/Homeworks/robotics_v1/install/utils:/home/parallels/CLionProjects/Homeworks/robotics_v1/install/robo_cleaner_interfaces:/home/parallels/CLionProjects/Homeworks/robotics_v1/install/cmake_helpers:/opt/ros/foxy LD_LIBRARY_PATH=/home/parallels/CLionProjects/Homeworks/robotics_v1/install/robo_cleaner_interfaces/lib:${LD_LIBRARY_PATH} PKG_CONFIG_PATH=/home/parallels/CLionProjects/Homeworks/robotics_v1/install/ros2_game_engine/lib/aarch64-linux-gnu/pkgconfig:/home/parallels/CLionProjects/Homeworks/robotics_v1/install/ros2_game_engine/lib/pkgconfig:/home/parallels/CLionProjects/Homeworks/robotics_v1/install/robo_common/lib/aarch64-linux-gnu/pkgconfig:/home/parallels/CLionProjects/Homeworks/robotics_v1/install/robo_common/lib/pkgconfig:/home/parallels/CLionProjects/Homeworks/robotics_v1/install/game_engine/lib/aarch64-linux-gnu/pkgconfig:/home/parallels/CLionProjects/Homeworks/robotics_v1/install/game_engine/lib/pkgconfig:/home/parallels/CLionProjects/Homeworks/robotics_v1/install/manager_utils/lib/aarch64-linux-gnu/pkgconfig:/home/parallels/CLionProjects/Homeworks/robotics_v1/install/manager_utils/lib/pkgconfig:/home/parallels/CLionProjects/Homeworks/robotics_v1/install/sdl_utils/lib/aarch64-linux-gnu/pkgconfig:/home/parallels/CLionProjects/Homeworks/robotics_v1/install/sdl_utils/lib/pkgconfig:/home/parallels/CLionProjects/Homeworks/robotics_v1/install/resource_utils/lib/aarch64-linux-gnu/pkgconfig:/home/parallels/CLionProjects/Homeworks/robotics_v1/install/resource_utils/lib/pkgconfig:/home/parallels/CLionProjects/Homeworks/robotics_v1/install/utils/lib/aarch64-linux-gnu/pkgconfig:/home/parallels/CLionProjects/Homeworks/robotics_v1/install/utils/lib/pkgconfig:/home/parallels/CLionProjects/Homeworks/robotics_v1/install/cmake_helpers/lib/aarch64-linux-gnu/pkgconfig:/home/parallels/CLionProjects/Homeworks/robotics_v1/install/cmake_helpers/lib/pkgconfig PYTHONPATH=/home/parallels/CLionProjects/Homeworks/robotics_v1/install/robo_cleaner_interfaces/lib/python3.8/site-packages:${PYTHONPATH} /usr/bin/cmake --install /home/parallels/CLionProjects/Homeworks/robotics_v1/build/robo_cleaner_gui
