[0.040s] Invoking command in '/home/parallels/CLionProjects/Homeworks/robotics_v1/build/robo_common': CMAKE_PREFIX_PATH=/home/parallels/CLionProjects/Homeworks/robotics_v1/install/manager_utils:/home/parallels/CLionProjects/Homeworks/robotics_v1/install/sdl_utils:/home/parallels/CLionProjects/Homeworks/robotics_v1/install/resource_utils:/home/parallels/CLionProjects/Homeworks/robotics_v1/install/utils:/home/parallels/CLionProjects/Homeworks/robotics_v1/install/cmake_helpers:/opt/ros/foxy PKG_CONFIG_PATH=/home/parallels/CLionProjects/Homeworks/robotics_v1/install/manager_utils/lib/aarch64-linux-gnu/pkgconfig:/home/parallels/CLionProjects/Homeworks/robotics_v1/install/manager_utils/lib/pkgconfig:/home/parallels/CLionProjects/Homeworks/robotics_v1/install/sdl_utils/lib/aarch64-linux-gnu/pkgconfig:/home/parallels/CLionProjects/Homeworks/robotics_v1/install/sdl_utils/lib/pkgconfig:/home/parallels/CLionProjects/Homeworks/robotics_v1/install/resource_utils/lib/aarch64-linux-gnu/pkgconfig:/home/parallels/CLionProjects/Homeworks/robotics_v1/install/resource_utils/lib/pkgconfig:/home/parallels/CLionProjects/Homeworks/robotics_v1/install/utils/lib/aarch64-linux-gnu/pkgconfig:/home/parallels/CLionProjects/Homeworks/robotics_v1/install/utils/lib/pkgconfig:/home/parallels/CLionProjects/Homeworks/robotics_v1/install/cmake_helpers/lib/aarch64-linux-gnu/pkgconfig:/home/parallels/CLionProjects/Homeworks/robotics_v1/install/cmake_helpers/lib/pkgconfig /usr/bin/cmake /home/parallels/CLionProjects/Homeworks/robotics_v1/src/robo_common -DCMAKE_BUILD_TYPE=Debug -DCMAKE_CXX_COMPILER=/usr/bin/clang++ -DCMAKE_INSTALL_PREFIX=/home/parallels/CLionProjects/Homeworks/robotics_v1/install/robo_common
[0.157s] -- The CXX compiler identification is Clang 10.0.0
[0.162s] -- Check for working CXX compiler: /usr/bin/clang++
[0.358s] -- Check for working CXX compiler: /usr/bin/clang++ -- works
[0.359s] -- Detecting CXX compiler ABI info
[0.552s] -- Detecting CXX compiler ABI info - done
[0.558s] -- Detecting CXX compile features
[0.559s] -- Detecting CXX compile features - done
[0.560s] -- Found cmake_helpers: 1.0.0 (/home/parallels/CLionProjects/Homeworks/robotics_v1/install/cmake_helpers/share/cmake_helpers/cmake)
[0.562s] -- Looking for C++ include pthread.h
[0.664s] -- Looking for C++ include pthread.h - found
[0.664s] -- Performing Test CMAKE_HAVE_LIBC_PTHREAD
[0.920s] -- Performing Test CMAKE_HAVE_LIBC_PTHREAD - Failed
[0.920s] -- Looking for pthread_create in pthreads
[1.080s] -- Looking for pthread_create in pthreads - not found
[1.080s] -- Looking for pthread_create in pthread
[1.360s] -- Looking for pthread_create in pthread - found
[1.360s] -- Found Threads: TRUE  
[1.364s] -- Found ament_cmake: 0.9.9 (/opt/ros/foxy/share/ament_cmake/cmake)
[1.395s] -- Found PythonInterp: /usr/bin/python3 (found suitable version "3.8.10", minimum required is "3") 
[1.396s] -- Using PYTHON_EXECUTABLE: /usr/bin/python3
[1.612s] -- Configuring done
[1.621s] -- Generating done
[1.622s] -- Build files have been written to: /home/parallels/CLionProjects/Homeworks/robotics_v1/build/robo_common
[1.627s] Invoked command in '/home/parallels/CLionProjects/Homeworks/robotics_v1/build/robo_common' returned '0': CMAKE_PREFIX_PATH=/home/parallels/CLionProjects/Homeworks/robotics_v1/install/manager_utils:/home/parallels/CLionProjects/Homeworks/robotics_v1/install/sdl_utils:/home/parallels/CLionProjects/Homeworks/robotics_v1/install/resource_utils:/home/parallels/CLionProjects/Homeworks/robotics_v1/install/utils:/home/parallels/CLionProjects/Homeworks/robotics_v1/install/cmake_helpers:/opt/ros/foxy PKG_CONFIG_PATH=/home/parallels/CLionProjects/Homeworks/robotics_v1/install/manager_utils/lib/aarch64-linux-gnu/pkgconfig:/home/parallels/CLionProjects/Homeworks/robotics_v1/install/manager_utils/lib/pkgconfig:/home/parallels/CLionProjects/Homeworks/robotics_v1/install/sdl_utils/lib/aarch64-linux-gnu/pkgconfig:/home/parallels/CLionProjects/Homeworks/robotics_v1/install/sdl_utils/lib/pkgconfig:/home/parallels/CLionProjects/Homeworks/robotics_v1/install/resource_utils/lib/aarch64-linux-gnu/pkgconfig:/home/parallels/CLionProjects/Homeworks/robotics_v1/install/resource_utils/lib/pkgconfig:/home/parallels/CLionProjects/Homeworks/robotics_v1/install/utils/lib/aarch64-linux-gnu/pkgconfig:/home/parallels/CLionProjects/Homeworks/robotics_v1/install/utils/lib/pkgconfig:/home/parallels/CLionProjects/Homeworks/robotics_v1/install/cmake_helpers/lib/aarch64-linux-gnu/pkgconfig:/home/parallels/CLionProjects/Homeworks/robotics_v1/install/cmake_helpers/lib/pkgconfig /usr/bin/cmake /home/parallels/CLionProjects/Homeworks/robotics_v1/src/robo_common -DCMAKE_BUILD_TYPE=Debug -DCMAKE_CXX_COMPILER=/usr/bin/clang++ -DCMAKE_INSTALL_PREFIX=/home/parallels/CLionProjects/Homeworks/robotics_v1/install/robo_common
[1.628s] Invoking command in '/home/parallels/CLionProjects/Homeworks/robotics_v1/build/robo_common': CMAKE_PREFIX_PATH=/home/parallels/CLionProjects/Homeworks/robotics_v1/install/manager_utils:/home/parallels/CLionProjects/Homeworks/robotics_v1/install/sdl_utils:/home/parallels/CLionProjects/Homeworks/robotics_v1/install/resource_utils:/home/parallels/CLionProjects/Homeworks/robotics_v1/install/utils:/home/parallels/CLionProjects/Homeworks/robotics_v1/install/cmake_helpers:/opt/ros/foxy PKG_CONFIG_PATH=/home/parallels/CLionProjects/Homeworks/robotics_v1/install/manager_utils/lib/aarch64-linux-gnu/pkgconfig:/home/parallels/CLionProjects/Homeworks/robotics_v1/install/manager_utils/lib/pkgconfig:/home/parallels/CLionProjects/Homeworks/robotics_v1/install/sdl_utils/lib/aarch64-linux-gnu/pkgconfig:/home/parallels/CLionProjects/Homeworks/robotics_v1/install/sdl_utils/lib/pkgconfig:/home/parallels/CLionProjects/Homeworks/robotics_v1/install/resource_utils/lib/aarch64-linux-gnu/pkgconfig:/home/parallels/CLionProjects/Homeworks/robotics_v1/install/resource_utils/lib/pkgconfig:/home/parallels/CLionProjects/Homeworks/robotics_v1/install/utils/lib/aarch64-linux-gnu/pkgconfig:/home/parallels/CLionProjects/Homeworks/robotics_v1/install/utils/lib/pkgconfig:/home/parallels/CLionProjects/Homeworks/robotics_v1/install/cmake_helpers/lib/aarch64-linux-gnu/pkgconfig:/home/parallels/CLionProjects/Homeworks/robotics_v1/install/cmake_helpers/lib/pkgconfig /usr/bin/cmake --build /home/parallels/CLionProjects/Homeworks/robotics_v1/build/robo_common -- -j4 -l4
[1.681s] [35m[1mScanning dependencies of target robo_common[0m
[1.740s] [  3%] [32mBuilding CXX object CMakeFiles/robo_common.dir/src/layout/RoboCommonLayout.cpp.o[0m
[1.746s] [  6%] [32mBuilding CXX object CMakeFiles/robo_common.dir/src/layout/field/FieldPos.cpp.o[0m
[1.752s] [ 10%] [32mBuilding CXX object CMakeFiles/robo_common.dir/src/layout/field/Field.cpp.o[0m
[1.811s] [ 13%] [32mBuilding CXX object CMakeFiles/robo_common.dir/src/layout/field/FieldUtils.cpp.o[0m
[1.960s] [ 17%] [32mBuilding CXX object CMakeFiles/robo_common.dir/src/layout/field/Tile.cpp.o[0m
[1.966s] [ 20%] [32mBuilding CXX object CMakeFiles/robo_common.dir/src/layout/field/ObjectApproachOverlay.cpp.o[0m
[2.087s] [ 24%] [32mBuilding CXX object CMakeFiles/robo_common.dir/src/layout/field/fog_of_war/FogOfWar.cpp.o[0m
[2.127s] [ 27%] [32mBuilding CXX object CMakeFiles/robo_common.dir/src/layout/field/fog_of_war/FogCollisionObject.cpp.o[0m
[2.244s] [ 31%] [32mBuilding CXX object CMakeFiles/robo_common.dir/src/layout/field/obstacles/Obstacle.cpp.o[0m
[2.331s] [ 34%] [32mBuilding CXX object CMakeFiles/robo_common.dir/src/layout/field/obstacles/ObstacleHandler.cpp.o[0m
[2.337s] [ 37%] [32mBuilding CXX object CMakeFiles/robo_common.dir/src/layout/panels/TimePanel.cpp.o[0m
[2.414s] [ 41%] [32mBuilding CXX object CMakeFiles/robo_common.dir/src/layout/panels/NumberCounterPanel.cpp.o[0m
[2.453s] [ 44%] [32mBuilding CXX object CMakeFiles/robo_common.dir/src/layout/panels/IndicatorPanel.cpp.o[0m
[2.641s] [ 48%] [32mBuilding CXX object CMakeFiles/robo_common.dir/src/layout/debug/DebugField.cpp.o[0m
[2.658s] [ 51%] [32mBuilding CXX object CMakeFiles/robo_common.dir/src/layout/entities/robot/Robot.cpp.o[0m
[2.722s] [ 55%] [32mBuilding CXX object CMakeFiles/robo_common.dir/src/layout/entities/robot/helpers/RobotInitHelper.cpp.o[0m
[2.776s] [ 58%] [32mBuilding CXX object CMakeFiles/robo_common.dir/src/layout/entities/robot/helpers/RobotUtils.cpp.o[0m
[2.860s] [ 62%] [32mBuilding CXX object CMakeFiles/robo_common.dir/src/layout/entities/robot/animation/RobotAnimator.cpp.o[0m
[3.016s] [ 65%] [32mBuilding CXX object CMakeFiles/robo_common.dir/src/layout/entities/robot/animation/RobotAnimEndCb.cpp.o[0m
[3.066s] [ 68%] [32mBuilding CXX object CMakeFiles/robo_common.dir/src/layout/entities/robot/animation/PlayerDamageAnimEndCb.cpp.o[0m
[3.226s] [ 72%] [32mBuilding CXX object CMakeFiles/robo_common.dir/src/layout/animators/GameEndAnimator.cpp.o[0m
[3.260s] [ 75%] [32mBuilding CXX object CMakeFiles/robo_common.dir/src/layout/animators/AchievementAnimator.cpp.o[0m
[3.341s] [ 79%] [32mBuilding CXX object CMakeFiles/robo_common.dir/src/layout/animators/EndScreenAppearAnimator.cpp.o[0m
[3.376s] [ 82%] [32mBuilding CXX object CMakeFiles/robo_common.dir/src/layout/animators/CountdownAnimator.cpp.o[0m
[3.540s] [ 86%] [32mBuilding CXX object CMakeFiles/robo_common.dir/src/layout/animators/HelpPageAnimator.cpp.o[0m
[3.645s] [ 89%] [32mBuilding CXX object CMakeFiles/robo_common.dir/src/layout/helpers/RoboCommonLayoutInitHelper.cpp.o[0m
[3.682s] [ 93%] [32mBuilding CXX object CMakeFiles/robo_common.dir/src/helpers/CollisionWatcher.cpp.o[0m
[3.712s] [ 96%] [32mBuilding CXX object CMakeFiles/robo_common.dir/src/helpers/LevelFileLoader.cpp.o[0m
[4.238s] [100%] [32m[1mLinking CXX static library librobo_common.a[0m
[4.340s] [100%] Built target robo_common
[4.355s] Invoked command in '/home/parallels/CLionProjects/Homeworks/robotics_v1/build/robo_common' returned '0': CMAKE_PREFIX_PATH=/home/parallels/CLionProjects/Homeworks/robotics_v1/install/manager_utils:/home/parallels/CLionProjects/Homeworks/robotics_v1/install/sdl_utils:/home/parallels/CLionProjects/Homeworks/robotics_v1/install/resource_utils:/home/parallels/CLionProjects/Homeworks/robotics_v1/install/utils:/home/parallels/CLionProjects/Homeworks/robotics_v1/install/cmake_helpers:/opt/ros/foxy PKG_CONFIG_PATH=/home/parallels/CLionProjects/Homeworks/robotics_v1/install/manager_utils/lib/aarch64-linux-gnu/pkgconfig:/home/parallels/CLionProjects/Homeworks/robotics_v1/install/manager_utils/lib/pkgconfig:/home/parallels/CLionProjects/Homeworks/robotics_v1/install/sdl_utils/lib/aarch64-linux-gnu/pkgconfig:/home/parallels/CLionProjects/Homeworks/robotics_v1/install/sdl_utils/lib/pkgconfig:/home/parallels/CLionProjects/Homeworks/robotics_v1/install/resource_utils/lib/aarch64-linux-gnu/pkgconfig:/home/parallels/CLionProjects/Homeworks/robotics_v1/install/resource_utils/lib/pkgconfig:/home/parallels/CLionProjects/Homeworks/robotics_v1/install/utils/lib/aarch64-linux-gnu/pkgconfig:/home/parallels/CLionProjects/Homeworks/robotics_v1/install/utils/lib/pkgconfig:/home/parallels/CLionProjects/Homeworks/robotics_v1/install/cmake_helpers/lib/aarch64-linux-gnu/pkgconfig:/home/parallels/CLionProjects/Homeworks/robotics_v1/install/cmake_helpers/lib/pkgconfig /usr/bin/cmake --build /home/parallels/CLionProjects/Homeworks/robotics_v1/build/robo_common -- -j4 -l4
[4.447s] Invoking command in '/home/parallels/CLionProjects/Homeworks/robotics_v1/build/robo_common': CMAKE_PREFIX_PATH=/home/parallels/CLionProjects/Homeworks/robotics_v1/install/manager_utils:/home/parallels/CLionProjects/Homeworks/robotics_v1/install/sdl_utils:/home/parallels/CLionProjects/Homeworks/robotics_v1/install/resource_utils:/home/parallels/CLionProjects/Homeworks/robotics_v1/install/utils:/home/parallels/CLionProjects/Homeworks/robotics_v1/install/cmake_helpers:/opt/ros/foxy PKG_CONFIG_PATH=/home/parallels/CLionProjects/Homeworks/robotics_v1/install/manager_utils/lib/aarch64-linux-gnu/pkgconfig:/home/parallels/CLionProjects/Homeworks/robotics_v1/install/manager_utils/lib/pkgconfig:/home/parallels/CLionProjects/Homeworks/robotics_v1/install/sdl_utils/lib/aarch64-linux-gnu/pkgconfig:/home/parallels/CLionProjects/Homeworks/robotics_v1/install/sdl_utils/lib/pkgconfig:/home/parallels/CLionProjects/Homeworks/robotics_v1/install/resource_utils/lib/aarch64-linux-gnu/pkgconfig:/home/parallels/CLionProjects/Homeworks/robotics_v1/install/resource_utils/lib/pkgconfig:/home/parallels/CLionProjects/Homeworks/robotics_v1/install/utils/lib/aarch64-linux-gnu/pkgconfig:/home/parallels/CLionProjects/Homeworks/robotics_v1/install/utils/lib/pkgconfig:/home/parallels/CLionProjects/Homeworks/robotics_v1/install/cmake_helpers/lib/aarch64-linux-gnu/pkgconfig:/home/parallels/CLionProjects/Homeworks/robotics_v1/install/cmake_helpers/lib/pkgconfig /usr/bin/cmake --install /home/parallels/CLionProjects/Homeworks/robotics_v1/build/robo_common
[4.458s] -- Install configuration: "Debug"
[4.458s] -- Installing: /home/parallels/CLionProjects/Homeworks/robotics_v1/install/robo_common/share/robo_common/package.xml
[4.458s] -- Installing: /home/parallels/CLionProjects/Homeworks/robotics_v1/install/robo_common/lib/robo_common/librobo_common.a
[4.461s] -- Installing: /home/parallels/CLionProjects/Homeworks/robotics_v1/install/robo_common/share/ament_index/resource_index/packages/robo_common
[4.462s] -- Installing: /home/parallels/CLionProjects/Homeworks/robotics_v1/install/robo_common/share/robo_common/hook/ament_prefix_path.dsv
[4.462s] -- Installing: /home/parallels/CLionProjects/Homeworks/robotics_v1/install/robo_common/share/robo_common/hook/ros_package_path.dsv
[4.462s] -- Installing: /home/parallels/CLionProjects/Homeworks/robotics_v1/install/robo_common/share/ament_index/resource_index/package_run_dependencies/robo_common
[4.462s] -- Installing: /home/parallels/CLionProjects/Homeworks/robotics_v1/install/robo_common/share/ament_index/resource_index/parent_prefix_path/robo_common
[4.462s] -- Installing: /home/parallels/CLionProjects/Homeworks/robotics_v1/install/robo_common/share/robo_common/environment/ament_prefix_path.sh
[4.463s] -- Installing: /home/parallels/CLionProjects/Homeworks/robotics_v1/install/robo_common/share/robo_common/environment/ament_prefix_path.dsv
[4.463s] -- Installing: /home/parallels/CLionProjects/Homeworks/robotics_v1/install/robo_common/share/robo_common/environment/path.sh
[4.463s] -- Installing: /home/parallels/CLionProjects/Homeworks/robotics_v1/install/robo_common/share/robo_common/environment/path.dsv
[4.463s] -- Installing: /home/parallels/CLionProjects/Homeworks/robotics_v1/install/robo_common/share/robo_common/local_setup.bash
[4.463s] -- Installing: /home/parallels/CLionProjects/Homeworks/robotics_v1/install/robo_common/share/robo_common/local_setup.sh
[4.463s] -- Installing: /home/parallels/CLionProjects/Homeworks/robotics_v1/install/robo_common/share/robo_common/local_setup.zsh
[4.463s] -- Installing: /home/parallels/CLionProjects/Homeworks/robotics_v1/install/robo_common/share/robo_common/local_setup.dsv
[4.463s] -- Installing: /home/parallels/CLionProjects/Homeworks/robotics_v1/install/robo_common/share/robo_common/package.dsv
[4.464s] -- Up-to-date: /home/parallels/CLionProjects/Homeworks/robotics_v1/install/robo_common/share/ament_index/resource_index/packages/robo_common
[4.464s] -- Installing: /home/parallels/CLionProjects/Homeworks/robotics_v1/install/robo_common/share/robo_common/cmake/robo_commonConfig.cmake
[4.464s] -- Installing: /home/parallels/CLionProjects/Homeworks/robotics_v1/install/robo_common/share/robo_common/cmake/robo_commonConfig-version.cmake
[4.464s] -- Up-to-date: /home/parallels/CLionProjects/Homeworks/robotics_v1/install/robo_common/share/robo_common/package.xml
[4.464s] -- Installing: /home/parallels/CLionProjects/Homeworks/robotics_v1/install/robo_common/lib/librobo_common.a
[4.469s] -- Installing: /home/parallels/CLionProjects/Homeworks/robotics_v1/install/robo_common/include
[4.470s] -- Installing: /home/parallels/CLionProjects/Homeworks/robotics_v1/install/robo_common/include/robo_common
[4.470s] -- Installing: /home/parallels/CLionProjects/Homeworks/robotics_v1/install/robo_common/include/robo_common/layout
[4.470s] -- Installing: /home/parallels/CLionProjects/Homeworks/robotics_v1/install/robo_common/include/robo_common/layout/animators
[4.470s] -- Installing: /home/parallels/CLionProjects/Homeworks/robotics_v1/install/robo_common/include/robo_common/layout/animators/HelpPageAnimator.h
[4.470s] -- Installing: /home/parallels/CLionProjects/Homeworks/robotics_v1/install/robo_common/include/robo_common/layout/animators/GameEndAnimator.h
[4.470s] -- Installing: /home/parallels/CLionProjects/Homeworks/robotics_v1/install/robo_common/include/robo_common/layout/animators/AchievementAnimator.h
[4.470s] -- Installing: /home/parallels/CLionProjects/Homeworks/robotics_v1/install/robo_common/include/robo_common/layout/animators/EndScreenAppearAnimator.h
[4.470s] -- Installing: /home/parallels/CLionProjects/Homeworks/robotics_v1/install/robo_common/include/robo_common/layout/animators/CountdownAnimator.h
[4.470s] -- Installing: /home/parallels/CLionProjects/Homeworks/robotics_v1/install/robo_common/include/robo_common/layout/animators/config
[4.470s] -- Installing: /home/parallels/CLionProjects/Homeworks/robotics_v1/install/robo_common/include/robo_common/layout/animators/config/AchievementAnimatorConfig.h
[4.471s] -- Installing: /home/parallels/CLionProjects/Homeworks/robotics_v1/install/robo_common/include/robo_common/layout/animators/config/GameEndAnimatorConfig.h
[4.471s] -- Installing: /home/parallels/CLionProjects/Homeworks/robotics_v1/install/robo_common/include/robo_common/layout/animators/config/HelpPageAnimatorConfig.h
[4.471s] -- Installing: /home/parallels/CLionProjects/Homeworks/robotics_v1/install/robo_common/include/robo_common/layout/debug
[4.471s] -- Installing: /home/parallels/CLionProjects/Homeworks/robotics_v1/install/robo_common/include/robo_common/layout/debug/config
[4.471s] -- Installing: /home/parallels/CLionProjects/Homeworks/robotics_v1/install/robo_common/include/robo_common/layout/debug/config/DebugFieldConfig.h
[4.471s] -- Installing: /home/parallels/CLionProjects/Homeworks/robotics_v1/install/robo_common/include/robo_common/layout/debug/DebugField.h
[4.471s] -- Installing: /home/parallels/CLionProjects/Homeworks/robotics_v1/install/robo_common/include/robo_common/layout/field
[4.471s] -- Installing: /home/parallels/CLionProjects/Homeworks/robotics_v1/install/robo_common/include/robo_common/layout/field/FieldUtils.h
[4.471s] -- Installing: /home/parallels/CLionProjects/Homeworks/robotics_v1/install/robo_common/include/robo_common/layout/field/obstacles
[4.471s] -- Installing: /home/parallels/CLionProjects/Homeworks/robotics_v1/install/robo_common/include/robo_common/layout/field/obstacles/ObstacleHandler.h
[4.471s] -- Installing: /home/parallels/CLionProjects/Homeworks/robotics_v1/install/robo_common/include/robo_common/layout/field/obstacles/Obstacle.h
[4.472s] -- Installing: /home/parallels/CLionProjects/Homeworks/robotics_v1/install/robo_common/include/robo_common/layout/field/ObjectApproachOverlay.h
[4.472s] -- Installing: /home/parallels/CLionProjects/Homeworks/robotics_v1/install/robo_common/include/robo_common/layout/field/FieldPos.h
[4.472s] -- Installing: /home/parallels/CLionProjects/Homeworks/robotics_v1/install/robo_common/include/robo_common/layout/field/Tile.h
[4.472s] -- Installing: /home/parallels/CLionProjects/Homeworks/robotics_v1/install/robo_common/include/robo_common/layout/field/fog_of_war
[4.472s] -- Installing: /home/parallels/CLionProjects/Homeworks/robotics_v1/install/robo_common/include/robo_common/layout/field/fog_of_war/FogCollisionObject.h
[4.472s] -- Installing: /home/parallels/CLionProjects/Homeworks/robotics_v1/install/robo_common/include/robo_common/layout/field/fog_of_war/FogOfWar.h
[4.472s] -- Installing: /home/parallels/CLionProjects/Homeworks/robotics_v1/install/robo_common/include/robo_common/layout/field/config
[4.472s] -- Installing: /home/parallels/CLionProjects/Homeworks/robotics_v1/install/robo_common/include/robo_common/layout/field/config/TileConfig.h
[4.472s] -- Installing: /home/parallels/CLionProjects/Homeworks/robotics_v1/install/robo_common/include/robo_common/layout/field/config/ObstacleHandlerConfig.h
[4.472s] -- Installing: /home/parallels/CLionProjects/Homeworks/robotics_v1/install/robo_common/include/robo_common/layout/field/config/FogOfWarConfig.h
[4.472s] -- Installing: /home/parallels/CLionProjects/Homeworks/robotics_v1/install/robo_common/include/robo_common/layout/field/config/FieldConfig.h
[4.472s] -- Installing: /home/parallels/CLionProjects/Homeworks/robotics_v1/install/robo_common/include/robo_common/layout/field/Field.h
[4.473s] -- Installing: /home/parallels/CLionProjects/Homeworks/robotics_v1/install/robo_common/include/robo_common/layout/helpers
[4.473s] -- Installing: /home/parallels/CLionProjects/Homeworks/robotics_v1/install/robo_common/include/robo_common/layout/helpers/RoboCommonLayoutInterfaces.h
[4.473s] -- Installing: /home/parallels/CLionProjects/Homeworks/robotics_v1/install/robo_common/include/robo_common/layout/helpers/RoboCommonLayoutInitHelper.h
[4.473s] -- Installing: /home/parallels/CLionProjects/Homeworks/robotics_v1/install/robo_common/include/robo_common/layout/RoboCommonLayout.h
[4.473s] -- Installing: /home/parallels/CLionProjects/Homeworks/robotics_v1/install/robo_common/include/robo_common/layout/entities
[4.473s] -- Installing: /home/parallels/CLionProjects/Homeworks/robotics_v1/install/robo_common/include/robo_common/layout/entities/robot
[4.473s] -- Installing: /home/parallels/CLionProjects/Homeworks/robotics_v1/install/robo_common/include/robo_common/layout/entities/robot/helpers
[4.473s] -- Installing: /home/parallels/CLionProjects/Homeworks/robotics_v1/install/robo_common/include/robo_common/layout/entities/robot/helpers/RobotUtils.h
[4.473s] -- Installing: /home/parallels/CLionProjects/Homeworks/robotics_v1/install/robo_common/include/robo_common/layout/entities/robot/helpers/RobotActInterface.h
[4.473s] -- Installing: /home/parallels/CLionProjects/Homeworks/robotics_v1/install/robo_common/include/robo_common/layout/entities/robot/helpers/RobotInitHelper.h
[4.474s] -- Installing: /home/parallels/CLionProjects/Homeworks/robotics_v1/install/robo_common/include/robo_common/layout/entities/robot/animation
[4.474s] -- Installing: /home/parallels/CLionProjects/Homeworks/robotics_v1/install/robo_common/include/robo_common/layout/entities/robot/animation/RobotAnimEndCb.h
[4.474s] -- Installing: /home/parallels/CLionProjects/Homeworks/robotics_v1/install/robo_common/include/robo_common/layout/entities/robot/animation/PlayerDamageAnimEndCb.h
[4.474s] -- Installing: /home/parallels/CLionProjects/Homeworks/robotics_v1/install/robo_common/include/robo_common/layout/entities/robot/animation/RobotAnimator.h
[4.474s] -- Installing: /home/parallels/CLionProjects/Homeworks/robotics_v1/install/robo_common/include/robo_common/layout/entities/robot/config
[4.474s] -- Installing: /home/parallels/CLionProjects/Homeworks/robotics_v1/install/robo_common/include/robo_common/layout/entities/robot/config/RobotBaseConfig.h
[4.475s] -- Installing: /home/parallels/CLionProjects/Homeworks/robotics_v1/install/robo_common/include/robo_common/layout/entities/robot/Robot.h
[4.475s] -- Installing: /home/parallels/CLionProjects/Homeworks/robotics_v1/install/robo_common/include/robo_common/layout/config
[4.475s] -- Installing: /home/parallels/CLionProjects/Homeworks/robotics_v1/install/robo_common/include/robo_common/layout/config/RoboCommonLayoutConfig.h
[4.475s] -- Installing: /home/parallels/CLionProjects/Homeworks/robotics_v1/install/robo_common/include/robo_common/layout/panels
[4.475s] -- Installing: /home/parallels/CLionProjects/Homeworks/robotics_v1/install/robo_common/include/robo_common/layout/panels/TimePanel.h
[4.475s] -- Installing: /home/parallels/CLionProjects/Homeworks/robotics_v1/install/robo_common/include/robo_common/layout/panels/NumberCounterPanel.h
[4.475s] -- Installing: /home/parallels/CLionProjects/Homeworks/robotics_v1/install/robo_common/include/robo_common/layout/panels/IndicatorPanel.h
[4.475s] -- Installing: /home/parallels/CLionProjects/Homeworks/robotics_v1/install/robo_common/include/robo_common/layout/panels/config
[4.475s] -- Installing: /home/parallels/CLionProjects/Homeworks/robotics_v1/install/robo_common/include/robo_common/layout/panels/config/TimePanelConfig.h
[4.475s] -- Installing: /home/parallels/CLionProjects/Homeworks/robotics_v1/install/robo_common/include/robo_common/layout/panels/config/NumberCounterPanelConfig.h
[4.475s] -- Installing: /home/parallels/CLionProjects/Homeworks/robotics_v1/install/robo_common/include/robo_common/layout/panels/config/IndicatorPanelConfig.h
[4.475s] -- Installing: /home/parallels/CLionProjects/Homeworks/robotics_v1/install/robo_common/include/robo_common/helpers
[4.475s] -- Installing: /home/parallels/CLionProjects/Homeworks/robotics_v1/install/robo_common/include/robo_common/helpers/LevelFileLoader.h
[4.475s] -- Installing: /home/parallels/CLionProjects/Homeworks/robotics_v1/install/robo_common/include/robo_common/helpers/CollisionWatcher.h
[4.475s] -- Installing: /home/parallels/CLionProjects/Homeworks/robotics_v1/install/robo_common/include/robo_common/helpers/CollisionObject.h
[4.475s] -- Installing: /home/parallels/CLionProjects/Homeworks/robotics_v1/install/robo_common/include/robo_common/defines
[4.475s] -- Installing: /home/parallels/CLionProjects/Homeworks/robotics_v1/install/robo_common/include/robo_common/defines/RoboCommonFunctionalDefines.h
[4.475s] -- Installing: /home/parallels/CLionProjects/Homeworks/robotics_v1/install/robo_common/include/robo_common/defines/RoboCommonDefines.h
[4.475s] -- Installing: /home/parallels/CLionProjects/Homeworks/robotics_v1/install/robo_common/lib/cmake/robo_common/robo_commonTargets.cmake
[4.475s] -- Installing: /home/parallels/CLionProjects/Homeworks/robotics_v1/install/robo_common/lib/cmake/robo_common/robo_commonTargets-debug.cmake
[4.475s] -- Installing: /home/parallels/CLionProjects/Homeworks/robotics_v1/install/robo_common/lib/cmake/robo_common/robo_commonConfig.cmake
[4.477s] Invoked command in '/home/parallels/CLionProjects/Homeworks/robotics_v1/build/robo_common' returned '0': CMAKE_PREFIX_PATH=/home/parallels/CLionProjects/Homeworks/robotics_v1/install/manager_utils:/home/parallels/CLionProjects/Homeworks/robotics_v1/install/sdl_utils:/home/parallels/CLionProjects/Homeworks/robotics_v1/install/resource_utils:/home/parallels/CLionProjects/Homeworks/robotics_v1/install/utils:/home/parallels/CLionProjects/Homeworks/robotics_v1/install/cmake_helpers:/opt/ros/foxy PKG_CONFIG_PATH=/home/parallels/CLionProjects/Homeworks/robotics_v1/install/manager_utils/lib/aarch64-linux-gnu/pkgconfig:/home/parallels/CLionProjects/Homeworks/robotics_v1/install/manager_utils/lib/pkgconfig:/home/parallels/CLionProjects/Homeworks/robotics_v1/install/sdl_utils/lib/aarch64-linux-gnu/pkgconfig:/home/parallels/CLionProjects/Homeworks/robotics_v1/install/sdl_utils/lib/pkgconfig:/home/parallels/CLionProjects/Homeworks/robotics_v1/install/resource_utils/lib/aarch64-linux-gnu/pkgconfig:/home/parallels/CLionProjects/Homeworks/robotics_v1/install/resource_utils/lib/pkgconfig:/home/parallels/CLionProjects/Homeworks/robotics_v1/install/utils/lib/aarch64-linux-gnu/pkgconfig:/home/parallels/CLionProjects/Homeworks/robotics_v1/install/utils/lib/pkgconfig:/home/parallels/CLionProjects/Homeworks/robotics_v1/install/cmake_helpers/lib/aarch64-linux-gnu/pkgconfig:/home/parallels/CLionProjects/Homeworks/robotics_v1/install/cmake_helpers/lib/pkgconfig /usr/bin/cmake --install /home/parallels/CLionProjects/Homeworks/robotics_v1/build/robo_common
