[0.000000] (-) TimerEvent: {}
[0.000308] (-) JobUnselected: {'identifier': 'cmake_helpers'}
[0.000723] (-) JobUnselected: {'identifier': 'game_engine'}
[0.000766] (-) JobUnselected: {'identifier': 'manager_utils'}
[0.000784] (-) JobUnselected: {'identifier': 'resource_builder'}
[0.000799] (-) JobUnselected: {'identifier': 'resource_utils'}
[0.000813] (-) JobUnselected: {'identifier': 'robo_cleaner_common'}
[0.000837] (-) JobUnselected: {'identifier': 'robo_cleaner_gui'}
[0.000880] (-) JobUnselected: {'identifier': 'robo_cleaner_interfaces'}
[0.000895] (-) JobUnselected: {'identifier': 'robo_collector_bringup'}
[0.000918] (-) JobUnselected: {'identifier': 'robo_collector_common'}
[0.000928] (-) JobUnselected: {'identifier': 'robo_collector_gui'}
[0.000937] (-) JobUnselected: {'identifier': 'robo_collector_interfaces'}
[0.000945] (-) JobUnselected: {'identifier': 'robo_common'}
[0.000954] (-) JobUnselected: {'identifier': 'robo_miner_common'}
[0.000963] (-) JobUnselected: {'identifier': 'robo_miner_gui'}
[0.000984] (-) JobUnselected: {'identifier': 'robo_miner_interfaces'}
[0.001295] (-) JobUnselected: {'identifier': 'ros2_game_engine'}
[0.001323] (-) JobUnselected: {'identifier': 'sdl_utils'}
[0.001338] (-) JobUnselected: {'identifier': 'ur_bringup'}
[0.001348] (-) JobUnselected: {'identifier': 'ur_client_library'}
[0.001362] (-) JobUnselected: {'identifier': 'ur_control_gui'}
[0.001374] (-) JobUnselected: {'identifier': 'ur_controllers'}
[0.001389] (-) JobUnselected: {'identifier': 'ur_dashboard_msgs'}
[0.001469] (-) JobUnselected: {'identifier': 'ur_description'}
[0.001497] (-) JobUnselected: {'identifier': 'ur_moveit_config'}
[0.001513] (-) JobUnselected: {'identifier': 'ur_robot_driver'}
[0.001577] (-) JobUnselected: {'identifier': 'urscript_bridge'}
[0.001601] (-) JobUnselected: {'identifier': 'urscript_common'}
[0.001611] (-) JobUnselected: {'identifier': 'urscript_interfaces'}
[0.001619] (-) JobUnselected: {'identifier': 'utils'}
[0.001634] (robo_collector_controller) JobQueued: {'identifier': 'robo_collector_controller', 'dependencies': OrderedDict([('cmake_helpers', '/home/parallels/CLionProjects/Homeworks/robotics_v1/install/cmake_helpers'), ('robo_collector_interfaces', '/home/parallels/CLionProjects/Homeworks/robotics_v1/install/robo_collector_interfaces'), ('utils', '/home/parallels/CLionProjects/Homeworks/robotics_v1/install/utils'), ('resource_utils', '/home/parallels/CLionProjects/Homeworks/robotics_v1/install/resource_utils'), ('sdl_utils', '/home/parallels/CLionProjects/Homeworks/robotics_v1/install/sdl_utils'), ('manager_utils', '/home/parallels/CLionProjects/Homeworks/robotics_v1/install/manager_utils'), ('game_engine', '/home/parallels/CLionProjects/Homeworks/robotics_v1/install/game_engine'), ('robo_common', '/home/parallels/CLionProjects/Homeworks/robotics_v1/install/robo_common'), ('robo_collector_common', '/home/parallels/CLionProjects/Homeworks/robotics_v1/install/robo_collector_common'), ('ros2_game_engine', '/home/parallels/CLionProjects/Homeworks/robotics_v1/install/ros2_game_engine')])}
[0.001658] (robo_collector_controller) JobStarted: {'identifier': 'robo_collector_controller'}
[0.026165] (robo_collector_controller) JobProgress: {'identifier': 'robo_collector_controller', 'progress': 'cmake'}
[0.027621] (robo_collector_controller) JobProgress: {'identifier': 'robo_collector_controller', 'progress': 'build'}
[0.027657] (robo_collector_controller) Command: {'cmd': ['/usr/bin/cmake', '--build', '/home/parallels/CLionProjects/Homeworks/robotics_v1/build/robo_collector_controller', '--', '-j4', '-l4'], 'cwd': '/home/parallels/CLionProjects/Homeworks/robotics_v1/build/robo_collector_controller', 'env': OrderedDict([('GJS_DEBUG_TOPICS', 'JS ERROR;JS LOG'), ('USER', 'parallels'), ('SSH_AGENT_PID', '1749'), ('XDG_SESSION_TYPE', 'x11'), ('SHLVL', '1'), ('LD_LIBRARY_PATH', '/home/parallels/CLionProjects/Homeworks/robotics_v1/install/robo_collector_interfaces/lib:/home/parallels/CLionProjects/Homeworks/robotics_v1/install/urscript_interfaces/lib:/home/parallels/CLionProjects/Homeworks/robotics_v1/install/ur_robot_driver/lib:/home/parallels/CLionProjects/Homeworks/robotics_v1/install/ur_controllers/lib:/home/parallels/CLionProjects/Homeworks/robotics_v1/install/ur_dashboard_msgs/lib:/home/parallels/CLionProjects/Homeworks/robotics_v1/install/ur_client_library/lib:/home/parallels/CLionProjects/Homeworks/robotics_v1/install/robo_miner_interfaces/lib:/home/parallels/CLionProjects/Homeworks/robotics_v1/install/robo_cleaner_interfaces/lib:/opt/ros/foxy/opt/yaml_cpp_vendor/lib:/opt/ros/foxy/opt/rviz_ogre_vendor/lib:/opt/ros/foxy/lib/aarch64-linux-gnu:/opt/ros/foxy/lib'), ('HOME', '/home/parallels'), ('OLDPWD', '/home/parallels/CLionProjects/Homeworks/robotics_v1'), ('DESKTOP_SESSION', 'ubuntu'), ('LSCOLORS', 'BhBadxdxCxegedabagacad'), ('GTK_MODULES', 'gail:atk-bridge'), ('GNOME_SHELL_SESSION_MODE', 'ubuntu'), ('ROS_PYTHON_VERSION', '3'), ('MANAGERPID', '1043'), ('LC_CTYPE', 'C.UTF-8'), ('DBUS_SESSION_BUS_ADDRESS', 'unix:path=/run/user/1000/bus'), ('COLORTERM', 'truecolor'), ('IM_CONFIG_PHASE', '1'), ('ROS_DISTRO', 'foxy'), ('COLCON_PREFIX_PATH', '/home/parallels/CLionProjects/Homeworks/robotics_v1/install'), ('LOGNAME', 'parallels'), ('_', '/usr/bin/colcon'), ('JOURNAL_STREAM', '8:30598'), ('XDG_SESSION_CLASS', 'user'), ('ROS_VERSION', '2'), ('PKG_CONFIG_PATH', '/home/parallels/CLionProjects/Homeworks/robotics_v1/install/ros2_game_engine/lib/aarch64-linux-gnu/pkgconfig:/home/parallels/CLionProjects/Homeworks/robotics_v1/install/ros2_game_engine/lib/pkgconfig:/home/parallels/CLionProjects/Homeworks/robotics_v1/install/robo_common/lib/aarch64-linux-gnu/pkgconfig:/home/parallels/CLionProjects/Homeworks/robotics_v1/install/robo_common/lib/pkgconfig:/home/parallels/CLionProjects/Homeworks/robotics_v1/install/game_engine/lib/aarch64-linux-gnu/pkgconfig:/home/parallels/CLionProjects/Homeworks/robotics_v1/install/game_engine/lib/pkgconfig:/home/parallels/CLionProjects/Homeworks/robotics_v1/install/manager_utils/lib/aarch64-linux-gnu/pkgconfig:/home/parallels/CLionProjects/Homeworks/robotics_v1/install/manager_utils/lib/pkgconfig:/home/parallels/CLionProjects/Homeworks/robotics_v1/install/sdl_utils/lib/aarch64-linux-gnu/pkgconfig:/home/parallels/CLionProjects/Homeworks/robotics_v1/install/sdl_utils/lib/pkgconfig:/home/parallels/CLionProjects/Homeworks/robotics_v1/install/resource_utils/lib/aarch64-linux-gnu/pkgconfig:/home/parallels/CLionProjects/Homeworks/robotics_v1/install/resource_utils/lib/pkgconfig:/home/parallels/CLionProjects/Homeworks/robotics_v1/install/utils/lib/aarch64-linux-gnu/pkgconfig:/home/parallels/CLionProjects/Homeworks/robotics_v1/install/utils/lib/pkgconfig:/home/parallels/CLionProjects/Homeworks/robotics_v1/install/cmake_helpers/lib/aarch64-linux-gnu/pkgconfig:/home/parallels/CLionProjects/Homeworks/robotics_v1/install/cmake_helpers/lib/pkgconfig:/home/parallels/CLionProjects/Homeworks/robotics_v1/install/resource_builder/lib/aarch64-linux-gnu/pkgconfig:/home/parallels/CLionProjects/Homeworks/robotics_v1/install/resource_builder/lib/pkgconfig:/home/parallels/CLionProjects/Homeworks/robotics_v1/install/ur_client_library/lib/aarch64-linux-gnu/pkgconfig:/home/parallels/CLionProjects/Homeworks/robotics_v1/install/ur_client_library/lib/pkgconfig'), ('USERNAME', 'parallels'), ('TERM', 'xterm-256color'), ('GNOME_DESKTOP_SESSION_ID', 'this-is-deprecated'), ('ROS_LOCALHOST_ONLY', '0'), ('WINDOWPATH', '2'), ('PATH', '/home/parallels/CLionProjects/Homeworks/robotics_v1/install/resource_builder/bin:/home/parallels/CLionProjects/Homeworks/robotics_v1/install/ur_robot_driver/bin:/opt/ros/foxy/bin:/opt/homebrew/opt/llvm/bin:/usr/local/sbin:/usr/local/bin:/usr/sbin:/usr/bin:/sbin:/bin:/usr/games:/usr/local/games:/snap/bin'), ('SESSION_MANAGER', 'local/ubuntu-linux-20-04-desktop:@/tmp/.ICE-unix/1813,unix/ubuntu-linux-20-04-desktop:/tmp/.ICE-unix/1813'), ('INVOCATION_ID', '90582388c2e34a5d829a910f192736d3'), ('GNOME_TERMINAL_SCREEN', '/org/gnome/Terminal/screen/1ad1254e_a461_4972_a843_d1232bd33f75'), ('XDG_MENU_PREFIX', 'gnome-'), ('XDG_RUNTIME_DIR', '/run/user/1000'), ('DISPLAY', ':0'), ('XDG_CURRENT_DESKTOP', 'ubuntu:GNOME'), ('LANG', 'en__US.UTF-8'), ('XDG_SESSION_DESKTOP', 'ubuntu'), ('GNOME_TERMINAL_SERVICE', ':1.79'), ('XMODIFIERS', '@im=ibus'), ('XAUTHORITY', '/run/user/1000/gdm/Xauthority'), ('SSH_AUTH_SOCK', '/run/user/1000/keyring/ssh'), ('AMENT_PREFIX_PATH', '/home/parallels/CLionProjects/Homeworks/robotics_v1/install/urscript_bridge:/home/parallels/CLionProjects/Homeworks/robotics_v1/install/ur_control_gui:/home/parallels/CLionProjects/Homeworks/robotics_v1/install/urscript_common:/home/parallels/CLionProjects/Homeworks/robotics_v1/install/robo_miner_gui:/home/parallels/CLionProjects/Homeworks/robotics_v1/install/robo_collector_gui:/home/parallels/CLionProjects/Homeworks/robotics_v1/install/robo_collector_controller:/home/parallels/CLionProjects/Homeworks/robotics_v1/install/robo_cleaner_gui:/home/parallels/CLionProjects/Homeworks/robotics_v1/install/robo_miner_common:/home/parallels/CLionProjects/Homeworks/robotics_v1/install/robo_collector_common:/home/parallels/CLionProjects/Homeworks/robotics_v1/install/robo_cleaner_common:/home/parallels/CLionProjects/Homeworks/robotics_v1/install/urscript_interfaces:/home/parallels/CLionProjects/Homeworks/robotics_v1/install/ur_robot_driver:/home/parallels/CLionProjects/Homeworks/robotics_v1/install/ur_moveit_config:/home/parallels/CLionProjects/Homeworks/robotics_v1/install/ur_description:/home/parallels/CLionProjects/Homeworks/robotics_v1/install/ur_controllers:/home/parallels/CLionProjects/Homeworks/robotics_v1/install/ur_dashboard_msgs:/home/parallels/CLionProjects/Homeworks/robotics_v1/install/ur_bringup:/home/parallels/CLionProjects/Homeworks/robotics_v1/install/robo_miner_interfaces:/home/parallels/CLionProjects/Homeworks/robotics_v1/install/robo_collector_interfaces:/home/parallels/CLionProjects/Homeworks/robotics_v1/install/robo_collector_bringup:/home/parallels/CLionProjects/Homeworks/robotics_v1/install/robo_cleaner_interfaces:/opt/ros/foxy'), ('SHELL', '/usr/bin/zsh'), ('QT_ACCESSIBILITY', '1'), ('GDMSESSION', 'ubuntu'), ('GPG_AGENT_INFO', '/run/user/1000/gnupg/S.gpg-agent:0:1'), ('GJS_DEBUG_OUTPUT', 'stderr'), ('QT_IM_MODULE', 'ibus'), ('PWD', '/home/parallels/CLionProjects/Homeworks/robotics_v1/build/robo_collector_controller'), ('CLICOLOR', '1'), ('XDG_CONFIG_DIRS', '/etc/xdg/xdg-ubuntu:/etc/xdg'), ('XDG_DATA_DIRS', '/usr/share/ubuntu:/usr/local/share/:/usr/share/:/var/lib/snapd/desktop'), ('PYTHONPATH', '/home/parallels/CLionProjects/Homeworks/robotics_v1/install/robo_collector_interfaces/lib/python3.8/site-packages:/home/parallels/CLionProjects/Homeworks/robotics_v1/install/urscript_interfaces/lib/python3.8/site-packages:/home/parallels/CLionProjects/Homeworks/robotics_v1/install/ur_dashboard_msgs/lib/python3.8/site-packages:/home/parallels/CLionProjects/Homeworks/robotics_v1/install/robo_miner_interfaces/lib/python3.8/site-packages:/home/parallels/CLionProjects/Homeworks/robotics_v1/install/robo_cleaner_interfaces/lib/python3.8/site-packages:/opt/ros/foxy/lib/python3.8/site-packages'), ('COLCON', '1'), ('VTE_VERSION', '6003'), ('CMAKE_PREFIX_PATH', '/home/parallels/CLionProjects/Homeworks/robotics_v1/install/ros2_game_engine:/home/parallels/CLionProjects/Homeworks/robotics_v1/install/robo_collector_common:/home/parallels/CLionProjects/Homeworks/robotics_v1/install/robo_common:/home/parallels/CLionProjects/Homeworks/robotics_v1/install/game_engine:/home/parallels/CLionProjects/Homeworks/robotics_v1/install/manager_utils:/home/parallels/CLionProjects/Homeworks/robotics_v1/install/sdl_utils:/home/parallels/CLionProjects/Homeworks/robotics_v1/install/resource_utils:/home/parallels/CLionProjects/Homeworks/robotics_v1/install/utils:/home/parallels/CLionProjects/Homeworks/robotics_v1/install/robo_collector_interfaces:/home/parallels/CLionProjects/Homeworks/robotics_v1/install/cmake_helpers:/home/parallels/CLionProjects/Homeworks/robotics_v1/install/urscript_bridge:/home/parallels/CLionProjects/Homeworks/robotics_v1/install/ur_control_gui:/home/parallels/CLionProjects/Homeworks/robotics_v1/install/urscript_common:/home/parallels/CLionProjects/Homeworks/robotics_v1/install/robo_miner_gui:/home/parallels/CLionProjects/Homeworks/robotics_v1/install/robo_collector_gui:/home/parallels/CLionProjects/Homeworks/robotics_v1/install/robo_collector_controller:/home/parallels/CLionProjects/Homeworks/robotics_v1/install/robo_cleaner_gui:/home/parallels/CLionProjects/Homeworks/robotics_v1/install/robo_miner_common:/home/parallels/CLionProjects/Homeworks/robotics_v1/install/robo_cleaner_common:/home/parallels/CLionProjects/Homeworks/robotics_v1/install/resource_builder:/home/parallels/CLionProjects/Homeworks/robotics_v1/install/urscript_interfaces:/home/parallels/CLionProjects/Homeworks/robotics_v1/install/ur_robot_driver:/home/parallels/CLionProjects/Homeworks/robotics_v1/install/ur_moveit_config:/home/parallels/CLionProjects/Homeworks/robotics_v1/install/ur_description:/home/parallels/CLionProjects/Homeworks/robotics_v1/install/ur_controllers:/home/parallels/CLionProjects/Homeworks/robotics_v1/install/ur_dashboard_msgs:/home/parallels/CLionProjects/Homeworks/robotics_v1/install/ur_client_library:/home/parallels/CLionProjects/Homeworks/robotics_v1/install/ur_bringup:/home/parallels/CLionProjects/Homeworks/robotics_v1/install/robo_miner_interfaces:/home/parallels/CLionProjects/Homeworks/robotics_v1/install/robo_collector_bringup:/home/parallels/CLionProjects/Homeworks/robotics_v1/install/robo_cleaner_interfaces:/opt/ros/foxy')]), 'shell': False}
[0.083405] (robo_collector_controller) StdoutLine: {'line': b'\x1b[35m\x1b[1mScanning dependencies of target robo_collector_controller\x1b[0m\n'}
[0.099811] (-) TimerEvent: {}
[0.124589] (robo_collector_controller) StdoutLine: {'line': b'[  9%] \x1b[32mBuilding CXX object CMakeFiles/robo_collector_controller.dir/src/RoboCollectorController.cpp.o\x1b[0m\n'}
[0.125164] (robo_collector_controller) StdoutLine: {'line': b'[ 27%] \x1b[32mBuilding CXX object CMakeFiles/robo_collector_controller.dir/src/external_api/CollectorGuiExternalBridge.cpp.o\x1b[0m\n'}
[0.125214] (robo_collector_controller) StdoutLine: {'line': b'[ 27%] \x1b[32mBuilding CXX object CMakeFiles/robo_collector_controller.dir/src/helpers/RoboCollectorControllerBuilder.cpp.o\x1b[0m\n'}
[0.125403] (robo_collector_controller) StdoutLine: {'line': b'[ 36%] \x1b[32mBuilding CXX object CMakeFiles/robo_collector_controller.dir/src/main.cpp.o\x1b[0m\n'}
[0.199982] (-) TimerEvent: {}
[0.300332] (-) TimerEvent: {}
[0.400655] (-) TimerEvent: {}
[0.501010] (-) TimerEvent: {}
[0.601349] (-) TimerEvent: {}
[0.701682] (-) TimerEvent: {}
[0.802071] (-) TimerEvent: {}
[0.902416] (-) TimerEvent: {}
[1.002895] (-) TimerEvent: {}
[1.103243] (-) TimerEvent: {}
[1.195038] (robo_collector_controller) StdoutLine: {'line': b'[ 45%] \x1b[32mBuilding CXX object CMakeFiles/robo_collector_controller.dir/src/helpers/RoboCollectorControllerInitHelper.cpp.o\x1b[0m\n'}
[1.203356] (-) TimerEvent: {}
[1.303747] (-) TimerEvent: {}
[1.404376] (-) TimerEvent: {}
[1.506148] (-) TimerEvent: {}
[1.606619] (-) TimerEvent: {}
[1.706916] (-) TimerEvent: {}
[1.807357] (-) TimerEvent: {}
[1.907719] (-) TimerEvent: {}
[2.008392] (-) TimerEvent: {}
[2.108994] (-) TimerEvent: {}
[2.210596] (-) TimerEvent: {}
[2.314634] (-) TimerEvent: {}
[2.415216] (-) TimerEvent: {}
[2.515533] (-) TimerEvent: {}
[2.615875] (-) TimerEvent: {}
[2.717074] (-) TimerEvent: {}
[2.819534] (-) TimerEvent: {}
[2.920859] (-) TimerEvent: {}
[3.021795] (-) TimerEvent: {}
[3.122675] (-) TimerEvent: {}
[3.223309] (-) TimerEvent: {}
[3.323702] (-) TimerEvent: {}
[3.424040] (-) TimerEvent: {}
[3.526638] (-) TimerEvent: {}
[3.627538] (-) TimerEvent: {}
[3.731388] (-) TimerEvent: {}
[3.831966] (-) TimerEvent: {}
[3.932414] (-) TimerEvent: {}
[4.033884] (-) TimerEvent: {}
[4.136120] (-) TimerEvent: {}
[4.236717] (-) TimerEvent: {}
[4.338614] (-) TimerEvent: {}
[4.438981] (-) TimerEvent: {}
[4.539968] (-) TimerEvent: {}
[4.641225] (-) TimerEvent: {}
[4.742185] (-) TimerEvent: {}
[4.843734] (-) TimerEvent: {}
[4.944124] (-) TimerEvent: {}
[5.033355] (robo_collector_controller) StdoutLine: {'line': b'[ 54%] \x1b[32m\x1b[1mLinking CXX executable robo_collector_controller\x1b[0m\n'}
[5.044247] (-) TimerEvent: {}
[5.144528] (-) TimerEvent: {}
[5.245127] (-) TimerEvent: {}
[5.263654] (robo_collector_controller) StderrLine: {'line': b"/usr/bin/ld: CMakeFiles/robo_collector_controller.dir/src/external_api/CollectorGuiExternalBridge.cpp.o: in function `Publisher':\n"}
[5.263797] (robo_collector_controller) StderrLine: {'line': b"/opt/ros/foxy/include/rclcpp/publisher.hpp:81: undefined reference to `rosidl_message_type_support_t const* rosidl_typesupport_cpp::get_message_type_support_handle<MoveType>()'\n"}
[5.317658] (robo_collector_controller) StderrLine: {'line': b'clang: \x1b[0;1;31merror: \x1b[0mlinker command failed with exit code 1 (use -v to see invocation)\x1b[0m\n'}
[5.320167] (robo_collector_controller) StderrLine: {'line': b'make[2]: *** [CMakeFiles/robo_collector_controller.dir/build.make:357: robo_collector_controller] Error 1\n'}
[5.320434] (robo_collector_controller) StderrLine: {'line': b'make[1]: *** [CMakeFiles/Makefile2:78: CMakeFiles/robo_collector_controller.dir/all] Error 2\n'}
[5.320592] (robo_collector_controller) StderrLine: {'line': b'make: *** [Makefile:141: all] Error 2\n'}
[5.322304] (robo_collector_controller) CommandEnded: {'returncode': 2}
[5.345311] (-) TimerEvent: {}
[5.379334] (robo_collector_controller) JobEnded: {'identifier': 'robo_collector_controller', 'rc': 2}
[5.390363] (-) EventReactorShutdown: {}
