[0.008s] Invoking command in '/home/parallels/CLionProjects/Homeworks/robotics_v1/build/ur_moveit_config': CMAKE_PREFIX_PATH=/opt/ros/foxy /usr/bin/cmake /home/parallels/CLionProjects/Homeworks/robotics_v1/src/ur_driver/Universal_Robots_ROS2_Driver/ur_moveit_config -DCMAKE_BUILD_TYPE=Debug -DCMAKE_CXX_COMPILER=/usr/bin/clang++ -DAMENT_CMAKE_SYMLINK_INSTALL=1 -DCMAKE_INSTALL_PREFIX=/home/parallels/CLionProjects/Homeworks/robotics_v1/install/ur_moveit_config
[0.056s] -- The C compiler identification is GNU 9.4.0
[0.127s] -- The CXX compiler identification is Clang 10.0.0
[0.130s] -- Check for working C compiler: /usr/bin/cc
[0.181s] -- Check for working C compiler: /usr/bin/cc -- works
[0.182s] -- Detecting C compiler ABI info
[0.267s] -- Detecting C compiler ABI info - done
[0.274s] -- Detecting C compile features
[0.274s] -- Detecting C compile features - done
[0.276s] -- Check for working CXX compiler: /usr/bin/clang++
[0.376s] -- Check for working CXX compiler: /usr/bin/clang++ -- works
[0.376s] -- Detecting CXX compiler ABI info
[0.465s] -- Detecting CXX compiler ABI info - done
[0.471s] -- Detecting CXX compile features
[0.472s] -- Detecting CXX compile features - done
[0.473s] -- Found ament_cmake: 0.9.9 (/opt/ros/foxy/share/ament_cmake/cmake)
[0.489s] -- Found PythonInterp: /usr/bin/python3 (found suitable version "3.8.10", minimum required is "3") 
[0.489s] -- Using PYTHON_EXECUTABLE: /usr/bin/python3
[0.579s] -- Override CMake install command with custom implementation using symlinks instead of copying resources
[0.632s] -- Configuring done
[0.633s] -- Generating done
[0.634s] -- Build files have been written to: /home/parallels/CLionProjects/Homeworks/robotics_v1/build/ur_moveit_config
[0.639s] Invoked command in '/home/parallels/CLionProjects/Homeworks/robotics_v1/build/ur_moveit_config' returned '0': CMAKE_PREFIX_PATH=/opt/ros/foxy /usr/bin/cmake /home/parallels/CLionProjects/Homeworks/robotics_v1/src/ur_driver/Universal_Robots_ROS2_Driver/ur_moveit_config -DCMAKE_BUILD_TYPE=Debug -DCMAKE_CXX_COMPILER=/usr/bin/clang++ -DAMENT_CMAKE_SYMLINK_INSTALL=1 -DCMAKE_INSTALL_PREFIX=/home/parallels/CLionProjects/Homeworks/robotics_v1/install/ur_moveit_config
[0.639s] Invoking command in '/home/parallels/CLionProjects/Homeworks/robotics_v1/build/ur_moveit_config': CMAKE_PREFIX_PATH=/opt/ros/foxy /usr/bin/cmake --build /home/parallels/CLionProjects/Homeworks/robotics_v1/build/ur_moveit_config -- -j4 -l4
[0.672s] Invoked command in '/home/parallels/CLionProjects/Homeworks/robotics_v1/build/ur_moveit_config' returned '0': CMAKE_PREFIX_PATH=/opt/ros/foxy /usr/bin/cmake --build /home/parallels/CLionProjects/Homeworks/robotics_v1/build/ur_moveit_config -- -j4 -l4
[0.691s] Invoking command in '/home/parallels/CLionProjects/Homeworks/robotics_v1/build/ur_moveit_config': CMAKE_PREFIX_PATH=/opt/ros/foxy /usr/bin/cmake --install /home/parallels/CLionProjects/Homeworks/robotics_v1/build/ur_moveit_config
[0.698s] -- Install configuration: "Debug"
[0.698s] -- Execute custom install script
[0.699s] -- Symlinking: /home/parallels/CLionProjects/Homeworks/robotics_v1/install/ur_moveit_config/share/ur_moveit_config/config/controllers.yaml
[0.706s] -- Symlinking: /home/parallels/CLionProjects/Homeworks/robotics_v1/install/ur_moveit_config/share/ur_moveit_config/config/kinematics.yaml
[0.714s] -- Symlinking: /home/parallels/CLionProjects/Homeworks/robotics_v1/install/ur_moveit_config/share/ur_moveit_config/config/ompl_planning.yaml
[0.721s] -- Symlinking: /home/parallels/CLionProjects/Homeworks/robotics_v1/install/ur_moveit_config/share/ur_moveit_config/rviz/view_robot.rviz
[0.729s] -- Symlinking: /home/parallels/CLionProjects/Homeworks/robotics_v1/install/ur_moveit_config/share/ur_moveit_config/srdf/ur.srdf.xacro
[0.737s] -- Symlinking: /home/parallels/CLionProjects/Homeworks/robotics_v1/install/ur_moveit_config/share/ur_moveit_config/srdf/ur_macro.srdf.xacro
[0.744s] -- Symlinking: /home/parallels/CLionProjects/Homeworks/robotics_v1/install/ur_moveit_config/share/ament_index/resource_index/package_run_dependencies/ur_moveit_config
[0.753s] -- Symlinking: /home/parallels/CLionProjects/Homeworks/robotics_v1/install/ur_moveit_config/share/ament_index/resource_index/parent_prefix_path/ur_moveit_config
[0.760s] -- Symlinking: /home/parallels/CLionProjects/Homeworks/robotics_v1/install/ur_moveit_config/share/ur_moveit_config/environment/ament_prefix_path.sh
[0.768s] -- Symlinking: /home/parallels/CLionProjects/Homeworks/robotics_v1/install/ur_moveit_config/share/ur_moveit_config/environment/ament_prefix_path.dsv
[0.776s] -- Symlinking: /home/parallels/CLionProjects/Homeworks/robotics_v1/install/ur_moveit_config/share/ur_moveit_config/environment/path.sh
[0.785s] -- Symlinking: /home/parallels/CLionProjects/Homeworks/robotics_v1/install/ur_moveit_config/share/ur_moveit_config/environment/path.dsv
[0.798s] -- Symlinking: /home/parallels/CLionProjects/Homeworks/robotics_v1/install/ur_moveit_config/share/ur_moveit_config/local_setup.bash
[0.814s] -- Symlinking: /home/parallels/CLionProjects/Homeworks/robotics_v1/install/ur_moveit_config/share/ur_moveit_config/local_setup.sh
[0.820s] -- Symlinking: /home/parallels/CLionProjects/Homeworks/robotics_v1/install/ur_moveit_config/share/ur_moveit_config/local_setup.zsh
[0.828s] -- Symlinking: /home/parallels/CLionProjects/Homeworks/robotics_v1/install/ur_moveit_config/share/ur_moveit_config/local_setup.dsv
[0.836s] -- Symlinking: /home/parallels/CLionProjects/Homeworks/robotics_v1/install/ur_moveit_config/share/ur_moveit_config/package.dsv
[0.844s] -- Symlinking: /home/parallels/CLionProjects/Homeworks/robotics_v1/install/ur_moveit_config/share/ament_index/resource_index/packages/ur_moveit_config
[0.851s] -- Symlinking: /home/parallels/CLionProjects/Homeworks/robotics_v1/install/ur_moveit_config/share/ur_moveit_config/cmake/ur_moveit_configConfig.cmake
[0.859s] -- Symlinking: /home/parallels/CLionProjects/Homeworks/robotics_v1/install/ur_moveit_config/share/ur_moveit_config/cmake/ur_moveit_configConfig-version.cmake
[0.867s] -- Symlinking: /home/parallels/CLionProjects/Homeworks/robotics_v1/install/ur_moveit_config/share/ur_moveit_config/package.xml
[0.877s] Invoked command in '/home/parallels/CLionProjects/Homeworks/robotics_v1/build/ur_moveit_config' returned '0': CMAKE_PREFIX_PATH=/opt/ros/foxy /usr/bin/cmake --install /home/parallels/CLionProjects/Homeworks/robotics_v1/build/ur_moveit_config
