[0.201s] DEBUG:colcon:Command line arguments: ['/usr/bin/colcon', 'build', '--packages-select', 'robo_collector_bringup/', '--symlink-install']
[0.201s] DEBUG:colcon:Parsed command line arguments: Namespace(allow_overriding=[], ament_cmake_args=None, base_paths=['.'], build_base='build', catkin_cmake_args=None, catkin_skip_building_tests=False, cmake_args=None, cmake_clean_cache=False, cmake_clean_first=False, cmake_force_configure=False, cmake_target=None, cmake_target_skip_unavailable=False, continue_on_error=False, event_handlers=None, executor='parallel', ignore_user_meta=False, install_base='install', log_base=None, log_level=None, main=<bound method BuildVerb.main of <colcon_core.verb.build.BuildVerb object at 0xffff8b6c7130>>, merge_install=False, metas=['./colcon.meta'], packages_above=None, packages_above_and_dependencies=None, packages_above_depth=None, packages_end=None, packages_ignore=None, packages_ignore_regex=None, packages_select=['robo_collector_bringup/'], packages_select_build_failed=False, packages_select_by_dep=None, packages_select_regex=None, packages_select_test_failures=False, packages_skip=None, packages_skip_build_finished=False, packages_skip_by_dep=None, packages_skip_regex=None, packages_skip_test_passed=False, packages_skip_up_to=None, packages_start=None, packages_up_to=None, packages_up_to_regex=None, parallel_workers=4, paths=None, symlink_install=True, test_result_base=None, verb_extension=<colcon_core.verb.build.BuildVerb object at 0xffff8b6c7130>, verb_name='build', verb_parser=<colcon_defaults.argument_parser.defaults.DefaultArgumentsDecorator object at 0xffff8b52c490>)
[0.244s] Level 1:colcon.colcon_core.package_discovery:discover_packages(colcon_meta) check parameters
[0.244s] Level 1:colcon.colcon_core.package_discovery:discover_packages(recursive) check parameters
[0.244s] Level 1:colcon.colcon_core.package_discovery:discover_packages(ignore) check parameters
[0.244s] Level 1:colcon.colcon_core.package_discovery:discover_packages(path) check parameters
[0.244s] Level 1:colcon.colcon_core.package_discovery:discover_packages(colcon_meta) discover
[0.244s] Level 1:colcon.colcon_core.package_discovery:discover_packages(recursive) discover
[0.244s] INFO:colcon.colcon_core.package_discovery:Crawling recursively for packages in '/home/parallels/CLionProjects/Homeworks/robotics_v1'
[0.244s] Level 1:colcon.colcon_core.package_identification:_identify(.) by extensions ['ignore', 'ignore_ament_install']
[0.244s] Level 1:colcon.colcon_core.package_identification:_identify(.) by extension 'ignore'
[0.244s] Level 1:colcon.colcon_core.package_identification:_identify(.) by extension 'ignore_ament_install'
[0.244s] Level 1:colcon.colcon_core.package_identification:_identify(.) by extensions ['colcon_pkg']
[0.244s] Level 1:colcon.colcon_core.package_identification:_identify(.) by extension 'colcon_pkg'
[0.244s] Level 1:colcon.colcon_core.package_identification:_identify(.) by extensions ['colcon_meta']
[0.244s] Level 1:colcon.colcon_core.package_identification:_identify(.) by extension 'colcon_meta'
[0.244s] Level 1:colcon.colcon_core.package_identification:_identify(.) by extensions ['ros']
[0.244s] Level 1:colcon.colcon_core.package_identification:_identify(.) by extension 'ros'
[0.253s] Level 1:colcon.colcon_core.package_identification:_identify(.) by extensions ['cmake', 'python']
[0.253s] Level 1:colcon.colcon_core.package_identification:_identify(.) by extension 'cmake'
[0.253s] Level 1:colcon.colcon_core.package_identification:_identify(.) by extension 'python'
[0.253s] Level 1:colcon.colcon_core.package_identification:_identify(.) by extensions ['python_setup_py']
[0.253s] Level 1:colcon.colcon_core.package_identification:_identify(.) by extension 'python_setup_py'
[0.253s] Level 1:colcon.colcon_core.package_identification:_identify(build) by extensions ['ignore', 'ignore_ament_install']
[0.253s] Level 1:colcon.colcon_core.package_identification:_identify(build) by extension 'ignore'
[0.253s] Level 1:colcon.colcon_core.package_identification:_identify(build) ignored
[0.253s] Level 1:colcon.colcon_core.package_identification:_identify(doc) by extensions ['ignore', 'ignore_ament_install']
[0.253s] Level 1:colcon.colcon_core.package_identification:_identify(doc) by extension 'ignore'
[0.253s] Level 1:colcon.colcon_core.package_identification:_identify(doc) by extension 'ignore_ament_install'
[0.253s] Level 1:colcon.colcon_core.package_identification:_identify(doc) by extensions ['colcon_pkg']
[0.253s] Level 1:colcon.colcon_core.package_identification:_identify(doc) by extension 'colcon_pkg'
[0.253s] Level 1:colcon.colcon_core.package_identification:_identify(doc) by extensions ['colcon_meta']
[0.253s] Level 1:colcon.colcon_core.package_identification:_identify(doc) by extension 'colcon_meta'
[0.253s] Level 1:colcon.colcon_core.package_identification:_identify(doc) by extensions ['ros']
[0.253s] Level 1:colcon.colcon_core.package_identification:_identify(doc) by extension 'ros'
[0.253s] Level 1:colcon.colcon_core.package_identification:_identify(doc) by extensions ['cmake', 'python']
[0.253s] Level 1:colcon.colcon_core.package_identification:_identify(doc) by extension 'cmake'
[0.253s] Level 1:colcon.colcon_core.package_identification:_identify(doc) by extension 'python'
[0.253s] Level 1:colcon.colcon_core.package_identification:_identify(doc) by extensions ['python_setup_py']
[0.253s] Level 1:colcon.colcon_core.package_identification:_identify(doc) by extension 'python_setup_py'
[0.253s] Level 1:colcon.colcon_core.package_identification:_identify(doc/previews) by extensions ['ignore', 'ignore_ament_install']
[0.253s] Level 1:colcon.colcon_core.package_identification:_identify(doc/previews) by extension 'ignore'
[0.253s] Level 1:colcon.colcon_core.package_identification:_identify(doc/previews) by extension 'ignore_ament_install'
[0.253s] Level 1:colcon.colcon_core.package_identification:_identify(doc/previews) by extensions ['colcon_pkg']
[0.254s] Level 1:colcon.colcon_core.package_identification:_identify(doc/previews) by extension 'colcon_pkg'
[0.254s] Level 1:colcon.colcon_core.package_identification:_identify(doc/previews) by extensions ['colcon_meta']
[0.254s] Level 1:colcon.colcon_core.package_identification:_identify(doc/previews) by extension 'colcon_meta'
[0.254s] Level 1:colcon.colcon_core.package_identification:_identify(doc/previews) by extensions ['ros']
[0.254s] Level 1:colcon.colcon_core.package_identification:_identify(doc/previews) by extension 'ros'
[0.254s] Level 1:colcon.colcon_core.package_identification:_identify(doc/previews) by extensions ['cmake', 'python']
[0.254s] Level 1:colcon.colcon_core.package_identification:_identify(doc/previews) by extension 'cmake'
[0.254s] Level 1:colcon.colcon_core.package_identification:_identify(doc/previews) by extension 'python'
[0.254s] Level 1:colcon.colcon_core.package_identification:_identify(doc/previews) by extensions ['python_setup_py']
[0.254s] Level 1:colcon.colcon_core.package_identification:_identify(doc/previews) by extension 'python_setup_py'
[0.254s] Level 1:colcon.colcon_core.package_identification:_identify(install) by extensions ['ignore', 'ignore_ament_install']
[0.254s] Level 1:colcon.colcon_core.package_identification:_identify(install) by extension 'ignore'
[0.254s] Level 1:colcon.colcon_core.package_identification:_identify(install) ignored
[0.254s] Level 1:colcon.colcon_core.package_identification:_identify(launch) by extensions ['ignore', 'ignore_ament_install']
[0.254s] Level 1:colcon.colcon_core.package_identification:_identify(launch) by extension 'ignore'
[0.254s] Level 1:colcon.colcon_core.package_identification:_identify(launch) by extension 'ignore_ament_install'
[0.254s] Level 1:colcon.colcon_core.package_identification:_identify(launch) by extensions ['colcon_pkg']
[0.254s] Level 1:colcon.colcon_core.package_identification:_identify(launch) by extension 'colcon_pkg'
[0.254s] Level 1:colcon.colcon_core.package_identification:_identify(launch) by extensions ['colcon_meta']
[0.254s] Level 1:colcon.colcon_core.package_identification:_identify(launch) by extension 'colcon_meta'
[0.254s] Level 1:colcon.colcon_core.package_identification:_identify(launch) by extensions ['ros']
[0.254s] Level 1:colcon.colcon_core.package_identification:_identify(launch) by extension 'ros'
[0.254s] Level 1:colcon.colcon_core.package_identification:_identify(launch) by extensions ['cmake', 'python']
[0.254s] Level 1:colcon.colcon_core.package_identification:_identify(launch) by extension 'cmake'
[0.254s] Level 1:colcon.colcon_core.package_identification:_identify(launch) by extension 'python'
[0.254s] Level 1:colcon.colcon_core.package_identification:_identify(launch) by extensions ['python_setup_py']
[0.254s] Level 1:colcon.colcon_core.package_identification:_identify(launch) by extension 'python_setup_py'
[0.254s] Level 1:colcon.colcon_core.package_identification:_identify(log) by extensions ['ignore', 'ignore_ament_install']
[0.254s] Level 1:colcon.colcon_core.package_identification:_identify(log) by extension 'ignore'
[0.254s] Level 1:colcon.colcon_core.package_identification:_identify(log) ignored
[0.254s] Level 1:colcon.colcon_core.package_identification:_identify(screenshots) by extensions ['ignore', 'ignore_ament_install']
[0.254s] Level 1:colcon.colcon_core.package_identification:_identify(screenshots) by extension 'ignore'
[0.254s] Level 1:colcon.colcon_core.package_identification:_identify(screenshots) by extension 'ignore_ament_install'
[0.254s] Level 1:colcon.colcon_core.package_identification:_identify(screenshots) by extensions ['colcon_pkg']
[0.254s] Level 1:colcon.colcon_core.package_identification:_identify(screenshots) by extension 'colcon_pkg'
[0.254s] Level 1:colcon.colcon_core.package_identification:_identify(screenshots) by extensions ['colcon_meta']
[0.254s] Level 1:colcon.colcon_core.package_identification:_identify(screenshots) by extension 'colcon_meta'
[0.254s] Level 1:colcon.colcon_core.package_identification:_identify(screenshots) by extensions ['ros']
[0.254s] Level 1:colcon.colcon_core.package_identification:_identify(screenshots) by extension 'ros'
[0.254s] Level 1:colcon.colcon_core.package_identification:_identify(screenshots) by extensions ['cmake', 'python']
[0.254s] Level 1:colcon.colcon_core.package_identification:_identify(screenshots) by extension 'cmake'
[0.254s] Level 1:colcon.colcon_core.package_identification:_identify(screenshots) by extension 'python'
[0.254s] Level 1:colcon.colcon_core.package_identification:_identify(screenshots) by extensions ['python_setup_py']
[0.254s] Level 1:colcon.colcon_core.package_identification:_identify(screenshots) by extension 'python_setup_py'
[0.255s] Level 1:colcon.colcon_core.package_identification:_identify(scripts) by extensions ['ignore', 'ignore_ament_install']
[0.255s] Level 1:colcon.colcon_core.package_identification:_identify(scripts) by extension 'ignore'
[0.255s] Level 1:colcon.colcon_core.package_identification:_identify(scripts) by extension 'ignore_ament_install'
[0.255s] Level 1:colcon.colcon_core.package_identification:_identify(scripts) by extensions ['colcon_pkg']
[0.255s] Level 1:colcon.colcon_core.package_identification:_identify(scripts) by extension 'colcon_pkg'
[0.255s] Level 1:colcon.colcon_core.package_identification:_identify(scripts) by extensions ['colcon_meta']
[0.255s] Level 1:colcon.colcon_core.package_identification:_identify(scripts) by extension 'colcon_meta'
[0.255s] Level 1:colcon.colcon_core.package_identification:_identify(scripts) by extensions ['ros']
[0.255s] Level 1:colcon.colcon_core.package_identification:_identify(scripts) by extension 'ros'
[0.255s] Level 1:colcon.colcon_core.package_identification:_identify(scripts) by extensions ['cmake', 'python']
[0.255s] Level 1:colcon.colcon_core.package_identification:_identify(scripts) by extension 'cmake'
[0.255s] Level 1:colcon.colcon_core.package_identification:_identify(scripts) by extension 'python'
[0.255s] Level 1:colcon.colcon_core.package_identification:_identify(scripts) by extensions ['python_setup_py']
[0.255s] Level 1:colcon.colcon_core.package_identification:_identify(scripts) by extension 'python_setup_py'
[0.255s] Level 1:colcon.colcon_core.package_identification:_identify(src) by extensions ['ignore', 'ignore_ament_install']
[0.255s] Level 1:colcon.colcon_core.package_identification:_identify(src) by extension 'ignore'
[0.255s] Level 1:colcon.colcon_core.package_identification:_identify(src) by extension 'ignore_ament_install'
[0.255s] Level 1:colcon.colcon_core.package_identification:_identify(src) by extensions ['colcon_pkg']
[0.255s] Level 1:colcon.colcon_core.package_identification:_identify(src) by extension 'colcon_pkg'
[0.255s] Level 1:colcon.colcon_core.package_identification:_identify(src) by extensions ['colcon_meta']
[0.255s] Level 1:colcon.colcon_core.package_identification:_identify(src) by extension 'colcon_meta'
[0.255s] Level 1:colcon.colcon_core.package_identification:_identify(src) by extensions ['ros']
[0.255s] Level 1:colcon.colcon_core.package_identification:_identify(src) by extension 'ros'
[0.255s] Level 1:colcon.colcon_core.package_identification:_identify(src) by extensions ['cmake', 'python']
[0.255s] Level 1:colcon.colcon_core.package_identification:_identify(src) by extension 'cmake'
[0.255s] Level 1:colcon.colcon_core.package_identification:_identify(src) by extension 'python'
[0.255s] Level 1:colcon.colcon_core.package_identification:_identify(src) by extensions ['python_setup_py']
[0.255s] Level 1:colcon.colcon_core.package_identification:_identify(src) by extension 'python_setup_py'
[0.255s] Level 1:colcon.colcon_core.package_identification:_identify(src/lib) by extensions ['ignore', 'ignore_ament_install']
[0.255s] Level 1:colcon.colcon_core.package_identification:_identify(src/lib) by extension 'ignore'
[0.255s] Level 1:colcon.colcon_core.package_identification:_identify(src/lib) by extension 'ignore_ament_install'
[0.255s] Level 1:colcon.colcon_core.package_identification:_identify(src/lib) by extensions ['colcon_pkg']
[0.255s] Level 1:colcon.colcon_core.package_identification:_identify(src/lib) by extension 'colcon_pkg'
[0.255s] Level 1:colcon.colcon_core.package_identification:_identify(src/lib) by extensions ['colcon_meta']
[0.255s] Level 1:colcon.colcon_core.package_identification:_identify(src/lib) by extension 'colcon_meta'
[0.255s] Level 1:colcon.colcon_core.package_identification:_identify(src/lib) by extensions ['ros']
[0.255s] Level 1:colcon.colcon_core.package_identification:_identify(src/lib) by extension 'ros'
[0.255s] Level 1:colcon.colcon_core.package_identification:_identify(src/lib) by extensions ['cmake', 'python']
[0.255s] Level 1:colcon.colcon_core.package_identification:_identify(src/lib) by extension 'cmake'
[0.255s] Level 1:colcon.colcon_core.package_identification:_identify(src/lib) by extension 'python'
[0.255s] Level 1:colcon.colcon_core.package_identification:_identify(src/lib) by extensions ['python_setup_py']
[0.255s] Level 1:colcon.colcon_core.package_identification:_identify(src/lib) by extension 'python_setup_py'
[0.255s] Level 1:colcon.colcon_core.package_identification:_identify(src/lib/cmake_helpers) by extensions ['ignore', 'ignore_ament_install']
[0.255s] Level 1:colcon.colcon_core.package_identification:_identify(src/lib/cmake_helpers) by extension 'ignore'
[0.255s] Level 1:colcon.colcon_core.package_identification:_identify(src/lib/cmake_helpers) by extension 'ignore_ament_install'
[0.256s] Level 1:colcon.colcon_core.package_identification:_identify(src/lib/cmake_helpers) by extensions ['colcon_pkg']
[0.256s] Level 1:colcon.colcon_core.package_identification:_identify(src/lib/cmake_helpers) by extension 'colcon_pkg'
[0.256s] Level 1:colcon.colcon_core.package_identification:_identify(src/lib/cmake_helpers) by extensions ['colcon_meta']
[0.256s] Level 1:colcon.colcon_core.package_identification:_identify(src/lib/cmake_helpers) by extension 'colcon_meta'
[0.256s] Level 1:colcon.colcon_core.package_identification:_identify(src/lib/cmake_helpers) by extensions ['ros']
[0.256s] Level 1:colcon.colcon_core.package_identification:_identify(src/lib/cmake_helpers) by extension 'ros'
[0.259s] DEBUG:colcon.colcon_core.package_identification:Package 'src/lib/cmake_helpers' with type 'ros.cmake' and name 'cmake_helpers'
[0.261s] Level 1:colcon.colcon_core.package_identification:_identify(src/lib/game_engine) by extensions ['ignore', 'ignore_ament_install']
[0.261s] Level 1:colcon.colcon_core.package_identification:_identify(src/lib/game_engine) by extension 'ignore'
[0.261s] Level 1:colcon.colcon_core.package_identification:_identify(src/lib/game_engine) by extension 'ignore_ament_install'
[0.261s] Level 1:colcon.colcon_core.package_identification:_identify(src/lib/game_engine) by extensions ['colcon_pkg']
[0.261s] Level 1:colcon.colcon_core.package_identification:_identify(src/lib/game_engine) by extension 'colcon_pkg'
[0.261s] Level 1:colcon.colcon_core.package_identification:_identify(src/lib/game_engine) by extensions ['colcon_meta']
[0.261s] Level 1:colcon.colcon_core.package_identification:_identify(src/lib/game_engine) by extension 'colcon_meta'
[0.261s] Level 1:colcon.colcon_core.package_identification:_identify(src/lib/game_engine) by extensions ['ros']
[0.261s] Level 1:colcon.colcon_core.package_identification:_identify(src/lib/game_engine) by extension 'ros'
[0.263s] DEBUG:colcon.colcon_core.package_identification:Package 'src/lib/game_engine' with type 'ros.cmake' and name 'game_engine'
[0.263s] Level 1:colcon.colcon_core.package_identification:_identify(src/lib/manager_utils) by extensions ['ignore', 'ignore_ament_install']
[0.263s] Level 1:colcon.colcon_core.package_identification:_identify(src/lib/manager_utils) by extension 'ignore'
[0.263s] Level 1:colcon.colcon_core.package_identification:_identify(src/lib/manager_utils) by extension 'ignore_ament_install'
[0.264s] Level 1:colcon.colcon_core.package_identification:_identify(src/lib/manager_utils) by extensions ['colcon_pkg']
[0.264s] Level 1:colcon.colcon_core.package_identification:_identify(src/lib/manager_utils) by extension 'colcon_pkg'
[0.264s] Level 1:colcon.colcon_core.package_identification:_identify(src/lib/manager_utils) by extensions ['colcon_meta']
[0.264s] Level 1:colcon.colcon_core.package_identification:_identify(src/lib/manager_utils) by extension 'colcon_meta'
[0.264s] Level 1:colcon.colcon_core.package_identification:_identify(src/lib/manager_utils) by extensions ['ros']
[0.264s] Level 1:colcon.colcon_core.package_identification:_identify(src/lib/manager_utils) by extension 'ros'
[0.265s] DEBUG:colcon.colcon_core.package_identification:Package 'src/lib/manager_utils' with type 'ros.cmake' and name 'manager_utils'
[0.266s] Level 1:colcon.colcon_core.package_identification:_identify(src/lib/resource_utils) by extensions ['ignore', 'ignore_ament_install']
[0.266s] Level 1:colcon.colcon_core.package_identification:_identify(src/lib/resource_utils) by extension 'ignore'
[0.266s] Level 1:colcon.colcon_core.package_identification:_identify(src/lib/resource_utils) by extension 'ignore_ament_install'
[0.266s] Level 1:colcon.colcon_core.package_identification:_identify(src/lib/resource_utils) by extensions ['colcon_pkg']
[0.266s] Level 1:colcon.colcon_core.package_identification:_identify(src/lib/resource_utils) by extension 'colcon_pkg'
[0.266s] Level 1:colcon.colcon_core.package_identification:_identify(src/lib/resource_utils) by extensions ['colcon_meta']
[0.266s] Level 1:colcon.colcon_core.package_identification:_identify(src/lib/resource_utils) by extension 'colcon_meta'
[0.266s] Level 1:colcon.colcon_core.package_identification:_identify(src/lib/resource_utils) by extensions ['ros']
[0.266s] Level 1:colcon.colcon_core.package_identification:_identify(src/lib/resource_utils) by extension 'ros'
[0.266s] DEBUG:colcon.colcon_core.package_identification:Package 'src/lib/resource_utils' with type 'ros.cmake' and name 'resource_utils'
[0.266s] Level 1:colcon.colcon_core.package_identification:_identify(src/lib/ros2_game_engine) by extensions ['ignore', 'ignore_ament_install']
[0.266s] Level 1:colcon.colcon_core.package_identification:_identify(src/lib/ros2_game_engine) by extension 'ignore'
[0.266s] Level 1:colcon.colcon_core.package_identification:_identify(src/lib/ros2_game_engine) by extension 'ignore_ament_install'
[0.266s] Level 1:colcon.colcon_core.package_identification:_identify(src/lib/ros2_game_engine) by extensions ['colcon_pkg']
[0.266s] Level 1:colcon.colcon_core.package_identification:_identify(src/lib/ros2_game_engine) by extension 'colcon_pkg'
[0.266s] Level 1:colcon.colcon_core.package_identification:_identify(src/lib/ros2_game_engine) by extensions ['colcon_meta']
[0.266s] Level 1:colcon.colcon_core.package_identification:_identify(src/lib/ros2_game_engine) by extension 'colcon_meta'
[0.266s] Level 1:colcon.colcon_core.package_identification:_identify(src/lib/ros2_game_engine) by extensions ['ros']
[0.266s] Level 1:colcon.colcon_core.package_identification:_identify(src/lib/ros2_game_engine) by extension 'ros'
[0.267s] DEBUG:colcon.colcon_core.package_identification:Package 'src/lib/ros2_game_engine' with type 'ros.cmake' and name 'ros2_game_engine'
[0.267s] Level 1:colcon.colcon_core.package_identification:_identify(src/lib/sdl_utils) by extensions ['ignore', 'ignore_ament_install']
[0.267s] Level 1:colcon.colcon_core.package_identification:_identify(src/lib/sdl_utils) by extension 'ignore'
[0.267s] Level 1:colcon.colcon_core.package_identification:_identify(src/lib/sdl_utils) by extension 'ignore_ament_install'
[0.267s] Level 1:colcon.colcon_core.package_identification:_identify(src/lib/sdl_utils) by extensions ['colcon_pkg']
[0.267s] Level 1:colcon.colcon_core.package_identification:_identify(src/lib/sdl_utils) by extension 'colcon_pkg'
[0.267s] Level 1:colcon.colcon_core.package_identification:_identify(src/lib/sdl_utils) by extensions ['colcon_meta']
[0.267s] Level 1:colcon.colcon_core.package_identification:_identify(src/lib/sdl_utils) by extension 'colcon_meta'
[0.267s] Level 1:colcon.colcon_core.package_identification:_identify(src/lib/sdl_utils) by extensions ['ros']
[0.267s] Level 1:colcon.colcon_core.package_identification:_identify(src/lib/sdl_utils) by extension 'ros'
[0.268s] DEBUG:colcon.colcon_core.package_identification:Package 'src/lib/sdl_utils' with type 'ros.cmake' and name 'sdl_utils'
[0.268s] Level 1:colcon.colcon_core.package_identification:_identify(src/lib/utils) by extensions ['ignore', 'ignore_ament_install']
[0.268s] Level 1:colcon.colcon_core.package_identification:_identify(src/lib/utils) by extension 'ignore'
[0.268s] Level 1:colcon.colcon_core.package_identification:_identify(src/lib/utils) by extension 'ignore_ament_install'
[0.268s] Level 1:colcon.colcon_core.package_identification:_identify(src/lib/utils) by extensions ['colcon_pkg']
[0.268s] Level 1:colcon.colcon_core.package_identification:_identify(src/lib/utils) by extension 'colcon_pkg'
[0.268s] Level 1:colcon.colcon_core.package_identification:_identify(src/lib/utils) by extensions ['colcon_meta']
[0.268s] Level 1:colcon.colcon_core.package_identification:_identify(src/lib/utils) by extension 'colcon_meta'
[0.268s] Level 1:colcon.colcon_core.package_identification:_identify(src/lib/utils) by extensions ['ros']
[0.268s] Level 1:colcon.colcon_core.package_identification:_identify(src/lib/utils) by extension 'ros'
[0.269s] DEBUG:colcon.colcon_core.package_identification:Package 'src/lib/utils' with type 'ros.cmake' and name 'utils'
[0.269s] Level 1:colcon.colcon_core.package_identification:_identify(src/robo_cleaner) by extensions ['ignore', 'ignore_ament_install']
[0.269s] Level 1:colcon.colcon_core.package_identification:_identify(src/robo_cleaner) by extension 'ignore'
[0.269s] Level 1:colcon.colcon_core.package_identification:_identify(src/robo_cleaner) by extension 'ignore_ament_install'
[0.269s] Level 1:colcon.colcon_core.package_identification:_identify(src/robo_cleaner) by extensions ['colcon_pkg']
[0.269s] Level 1:colcon.colcon_core.package_identification:_identify(src/robo_cleaner) by extension 'colcon_pkg'
[0.269s] Level 1:colcon.colcon_core.package_identification:_identify(src/robo_cleaner) by extensions ['colcon_meta']
[0.269s] Level 1:colcon.colcon_core.package_identification:_identify(src/robo_cleaner) by extension 'colcon_meta'
[0.269s] Level 1:colcon.colcon_core.package_identification:_identify(src/robo_cleaner) by extensions ['ros']
[0.269s] Level 1:colcon.colcon_core.package_identification:_identify(src/robo_cleaner) by extension 'ros'
[0.269s] Level 1:colcon.colcon_core.package_identification:_identify(src/robo_cleaner) by extensions ['cmake', 'python']
[0.269s] Level 1:colcon.colcon_core.package_identification:_identify(src/robo_cleaner) by extension 'cmake'
[0.269s] Level 1:colcon.colcon_core.package_identification:_identify(src/robo_cleaner) by extension 'python'
[0.269s] Level 1:colcon.colcon_core.package_identification:_identify(src/robo_cleaner) by extensions ['python_setup_py']
[0.269s] Level 1:colcon.colcon_core.package_identification:_identify(src/robo_cleaner) by extension 'python_setup_py'
[0.269s] Level 1:colcon.colcon_core.package_identification:_identify(src/robo_cleaner/robo_cleaner_common) by extensions ['ignore', 'ignore_ament_install']
[0.269s] Level 1:colcon.colcon_core.package_identification:_identify(src/robo_cleaner/robo_cleaner_common) by extension 'ignore'
[0.270s] Level 1:colcon.colcon_core.package_identification:_identify(src/robo_cleaner/robo_cleaner_common) by extension 'ignore_ament_install'
[0.270s] Level 1:colcon.colcon_core.package_identification:_identify(src/robo_cleaner/robo_cleaner_common) by extensions ['colcon_pkg']
[0.270s] Level 1:colcon.colcon_core.package_identification:_identify(src/robo_cleaner/robo_cleaner_common) by extension 'colcon_pkg'
[0.270s] Level 1:colcon.colcon_core.package_identification:_identify(src/robo_cleaner/robo_cleaner_common) by extensions ['colcon_meta']
[0.270s] Level 1:colcon.colcon_core.package_identification:_identify(src/robo_cleaner/robo_cleaner_common) by extension 'colcon_meta'
[0.270s] Level 1:colcon.colcon_core.package_identification:_identify(src/robo_cleaner/robo_cleaner_common) by extensions ['ros']
[0.270s] Level 1:colcon.colcon_core.package_identification:_identify(src/robo_cleaner/robo_cleaner_common) by extension 'ros'
[0.270s] DEBUG:colcon.colcon_core.package_identification:Package 'src/robo_cleaner/robo_cleaner_common' with type 'ros.ament_cmake' and name 'robo_cleaner_common'
[0.270s] Level 1:colcon.colcon_core.package_identification:_identify(src/robo_cleaner/robo_cleaner_gui) by extensions ['ignore', 'ignore_ament_install']
[0.270s] Level 1:colcon.colcon_core.package_identification:_identify(src/robo_cleaner/robo_cleaner_gui) by extension 'ignore'
[0.270s] Level 1:colcon.colcon_core.package_identification:_identify(src/robo_cleaner/robo_cleaner_gui) by extension 'ignore_ament_install'
[0.270s] Level 1:colcon.colcon_core.package_identification:_identify(src/robo_cleaner/robo_cleaner_gui) by extensions ['colcon_pkg']
[0.270s] Level 1:colcon.colcon_core.package_identification:_identify(src/robo_cleaner/robo_cleaner_gui) by extension 'colcon_pkg'
[0.270s] Level 1:colcon.colcon_core.package_identification:_identify(src/robo_cleaner/robo_cleaner_gui) by extensions ['colcon_meta']
[0.270s] Level 1:colcon.colcon_core.package_identification:_identify(src/robo_cleaner/robo_cleaner_gui) by extension 'colcon_meta'
[0.270s] Level 1:colcon.colcon_core.package_identification:_identify(src/robo_cleaner/robo_cleaner_gui) by extensions ['ros']
[0.270s] Level 1:colcon.colcon_core.package_identification:_identify(src/robo_cleaner/robo_cleaner_gui) by extension 'ros'
[0.271s] DEBUG:colcon.colcon_core.package_identification:Package 'src/robo_cleaner/robo_cleaner_gui' with type 'ros.ament_cmake' and name 'robo_cleaner_gui'
[0.271s] Level 1:colcon.colcon_core.package_identification:_identify(src/robo_cleaner/robo_cleaner_interfaces) by extensions ['ignore', 'ignore_ament_install']
[0.271s] Level 1:colcon.colcon_core.package_identification:_identify(src/robo_cleaner/robo_cleaner_interfaces) by extension 'ignore'
[0.271s] Level 1:colcon.colcon_core.package_identification:_identify(src/robo_cleaner/robo_cleaner_interfaces) by extension 'ignore_ament_install'
[0.271s] Level 1:colcon.colcon_core.package_identification:_identify(src/robo_cleaner/robo_cleaner_interfaces) by extensions ['colcon_pkg']
[0.271s] Level 1:colcon.colcon_core.package_identification:_identify(src/robo_cleaner/robo_cleaner_interfaces) by extension 'colcon_pkg'
[0.271s] Level 1:colcon.colcon_core.package_identification:_identify(src/robo_cleaner/robo_cleaner_interfaces) by extensions ['colcon_meta']
[0.271s] Level 1:colcon.colcon_core.package_identification:_identify(src/robo_cleaner/robo_cleaner_interfaces) by extension 'colcon_meta'
[0.271s] Level 1:colcon.colcon_core.package_identification:_identify(src/robo_cleaner/robo_cleaner_interfaces) by extensions ['ros']
[0.271s] Level 1:colcon.colcon_core.package_identification:_identify(src/robo_cleaner/robo_cleaner_interfaces) by extension 'ros'
[0.271s] DEBUG:colcon.colcon_core.package_identification:Package 'src/robo_cleaner/robo_cleaner_interfaces' with type 'ros.ament_cmake' and name 'robo_cleaner_interfaces'
[0.271s] Level 1:colcon.colcon_core.package_identification:_identify(src/robo_collector) by extensions ['ignore', 'ignore_ament_install']
[0.271s] Level 1:colcon.colcon_core.package_identification:_identify(src/robo_collector) by extension 'ignore'
[0.271s] Level 1:colcon.colcon_core.package_identification:_identify(src/robo_collector) by extension 'ignore_ament_install'
[0.271s] Level 1:colcon.colcon_core.package_identification:_identify(src/robo_collector) by extensions ['colcon_pkg']
[0.271s] Level 1:colcon.colcon_core.package_identification:_identify(src/robo_collector) by extension 'colcon_pkg'
[0.271s] Level 1:colcon.colcon_core.package_identification:_identify(src/robo_collector) by extensions ['colcon_meta']
[0.271s] Level 1:colcon.colcon_core.package_identification:_identify(src/robo_collector) by extension 'colcon_meta'
[0.271s] Level 1:colcon.colcon_core.package_identification:_identify(src/robo_collector) by extensions ['ros']
[0.271s] Level 1:colcon.colcon_core.package_identification:_identify(src/robo_collector) by extension 'ros'
[0.271s] Level 1:colcon.colcon_core.package_identification:_identify(src/robo_collector) by extensions ['cmake', 'python']
[0.271s] Level 1:colcon.colcon_core.package_identification:_identify(src/robo_collector) by extension 'cmake'
[0.271s] Level 1:colcon.colcon_core.package_identification:_identify(src/robo_collector) by extension 'python'
[0.271s] Level 1:colcon.colcon_core.package_identification:_identify(src/robo_collector) by extensions ['python_setup_py']
[0.271s] Level 1:colcon.colcon_core.package_identification:_identify(src/robo_collector) by extension 'python_setup_py'
[0.271s] Level 1:colcon.colcon_core.package_identification:_identify(src/robo_collector/robo_collector_common) by extensions ['ignore', 'ignore_ament_install']
[0.271s] Level 1:colcon.colcon_core.package_identification:_identify(src/robo_collector/robo_collector_common) by extension 'ignore'
[0.272s] Level 1:colcon.colcon_core.package_identification:_identify(src/robo_collector/robo_collector_common) by extension 'ignore_ament_install'
[0.272s] Level 1:colcon.colcon_core.package_identification:_identify(src/robo_collector/robo_collector_common) by extensions ['colcon_pkg']
[0.272s] Level 1:colcon.colcon_core.package_identification:_identify(src/robo_collector/robo_collector_common) by extension 'colcon_pkg'
[0.272s] Level 1:colcon.colcon_core.package_identification:_identify(src/robo_collector/robo_collector_common) by extensions ['colcon_meta']
[0.272s] Level 1:colcon.colcon_core.package_identification:_identify(src/robo_collector/robo_collector_common) by extension 'colcon_meta'
[0.272s] Level 1:colcon.colcon_core.package_identification:_identify(src/robo_collector/robo_collector_common) by extensions ['ros']
[0.272s] Level 1:colcon.colcon_core.package_identification:_identify(src/robo_collector/robo_collector_common) by extension 'ros'
[0.272s] DEBUG:colcon.colcon_core.package_identification:Package 'src/robo_collector/robo_collector_common' with type 'ros.ament_cmake' and name 'robo_collector_common'
[0.272s] Level 1:colcon.colcon_core.package_identification:_identify(src/robo_collector/robo_collector_controller) by extensions ['ignore', 'ignore_ament_install']
[0.272s] Level 1:colcon.colcon_core.package_identification:_identify(src/robo_collector/robo_collector_controller) by extension 'ignore'
[0.272s] Level 1:colcon.colcon_core.package_identification:_identify(src/robo_collector/robo_collector_controller) by extension 'ignore_ament_install'
[0.272s] Level 1:colcon.colcon_core.package_identification:_identify(src/robo_collector/robo_collector_controller) by extensions ['colcon_pkg']
[0.272s] Level 1:colcon.colcon_core.package_identification:_identify(src/robo_collector/robo_collector_controller) by extension 'colcon_pkg'
[0.272s] Level 1:colcon.colcon_core.package_identification:_identify(src/robo_collector/robo_collector_controller) by extensions ['colcon_meta']
[0.272s] Level 1:colcon.colcon_core.package_identification:_identify(src/robo_collector/robo_collector_controller) by extension 'colcon_meta'
[0.272s] Level 1:colcon.colcon_core.package_identification:_identify(src/robo_collector/robo_collector_controller) by extensions ['ros']
[0.272s] Level 1:colcon.colcon_core.package_identification:_identify(src/robo_collector/robo_collector_controller) by extension 'ros'
[0.273s] DEBUG:colcon.colcon_core.package_identification:Package 'src/robo_collector/robo_collector_controller' with type 'ros.ament_cmake' and name 'robo_collector_controller'
[0.273s] Level 1:colcon.colcon_core.package_identification:_identify(src/robo_collector/robo_collector_gui) by extensions ['ignore', 'ignore_ament_install']
[0.273s] Level 1:colcon.colcon_core.package_identification:_identify(src/robo_collector/robo_collector_gui) by extension 'ignore'
[0.273s] Level 1:colcon.colcon_core.package_identification:_identify(src/robo_collector/robo_collector_gui) by extension 'ignore_ament_install'
[0.273s] Level 1:colcon.colcon_core.package_identification:_identify(src/robo_collector/robo_collector_gui) by extensions ['colcon_pkg']
[0.273s] Level 1:colcon.colcon_core.package_identification:_identify(src/robo_collector/robo_collector_gui) by extension 'colcon_pkg'
[0.273s] Level 1:colcon.colcon_core.package_identification:_identify(src/robo_collector/robo_collector_gui) by extensions ['colcon_meta']
[0.273s] Level 1:colcon.colcon_core.package_identification:_identify(src/robo_collector/robo_collector_gui) by extension 'colcon_meta'
[0.273s] Level 1:colcon.colcon_core.package_identification:_identify(src/robo_collector/robo_collector_gui) by extensions ['ros']
[0.273s] Level 1:colcon.colcon_core.package_identification:_identify(src/robo_collector/robo_collector_gui) by extension 'ros'
[0.273s] DEBUG:colcon.colcon_core.package_identification:Package 'src/robo_collector/robo_collector_gui' with type 'ros.ament_cmake' and name 'robo_collector_gui'
[0.273s] Level 1:colcon.colcon_core.package_identification:_identify(src/robo_collector/robo_collector_interfaces) by extensions ['ignore', 'ignore_ament_install']
[0.273s] Level 1:colcon.colcon_core.package_identification:_identify(src/robo_collector/robo_collector_interfaces) by extension 'ignore'
[0.273s] Level 1:colcon.colcon_core.package_identification:_identify(src/robo_collector/robo_collector_interfaces) by extension 'ignore_ament_install'
[0.273s] Level 1:colcon.colcon_core.package_identification:_identify(src/robo_collector/robo_collector_interfaces) by extensions ['colcon_pkg']
[0.273s] Level 1:colcon.colcon_core.package_identification:_identify(src/robo_collector/robo_collector_interfaces) by extension 'colcon_pkg'
[0.273s] Level 1:colcon.colcon_core.package_identification:_identify(src/robo_collector/robo_collector_interfaces) by extensions ['colcon_meta']
[0.273s] Level 1:colcon.colcon_core.package_identification:_identify(src/robo_collector/robo_collector_interfaces) by extension 'colcon_meta'
[0.273s] Level 1:colcon.colcon_core.package_identification:_identify(src/robo_collector/robo_collector_interfaces) by extensions ['ros']
[0.273s] Level 1:colcon.colcon_core.package_identification:_identify(src/robo_collector/robo_collector_interfaces) by extension 'ros'
[0.274s] DEBUG:colcon.colcon_core.package_identification:Package 'src/robo_collector/robo_collector_interfaces' with type 'ros.ament_cmake' and name 'robo_collector_interfaces'
[0.274s] Level 1:colcon.colcon_core.package_identification:_identify(src/robo_collector_bringup) by extensions ['ignore', 'ignore_ament_install']
[0.274s] Level 1:colcon.colcon_core.package_identification:_identify(src/robo_collector_bringup) by extension 'ignore'
[0.274s] Level 1:colcon.colcon_core.package_identification:_identify(src/robo_collector_bringup) by extension 'ignore_ament_install'
[0.274s] Level 1:colcon.colcon_core.package_identification:_identify(src/robo_collector_bringup) by extensions ['colcon_pkg']
[0.274s] Level 1:colcon.colcon_core.package_identification:_identify(src/robo_collector_bringup) by extension 'colcon_pkg'
[0.274s] Level 1:colcon.colcon_core.package_identification:_identify(src/robo_collector_bringup) by extensions ['colcon_meta']
[0.274s] Level 1:colcon.colcon_core.package_identification:_identify(src/robo_collector_bringup) by extension 'colcon_meta'
[0.274s] Level 1:colcon.colcon_core.package_identification:_identify(src/robo_collector_bringup) by extensions ['ros']
[0.274s] Level 1:colcon.colcon_core.package_identification:_identify(src/robo_collector_bringup) by extension 'ros'
[0.274s] DEBUG:colcon.colcon_core.package_identification:Package 'src/robo_collector_bringup' with type 'ros.ament_cmake' and name 'robo_collector_bringup'
[0.274s] Level 1:colcon.colcon_core.package_identification:_identify(src/robo_common) by extensions ['ignore', 'ignore_ament_install']
[0.274s] Level 1:colcon.colcon_core.package_identification:_identify(src/robo_common) by extension 'ignore'
[0.274s] Level 1:colcon.colcon_core.package_identification:_identify(src/robo_common) by extension 'ignore_ament_install'
[0.274s] Level 1:colcon.colcon_core.package_identification:_identify(src/robo_common) by extensions ['colcon_pkg']
[0.274s] Level 1:colcon.colcon_core.package_identification:_identify(src/robo_common) by extension 'colcon_pkg'
[0.274s] Level 1:colcon.colcon_core.package_identification:_identify(src/robo_common) by extensions ['colcon_meta']
[0.274s] Level 1:colcon.colcon_core.package_identification:_identify(src/robo_common) by extension 'colcon_meta'
[0.274s] Level 1:colcon.colcon_core.package_identification:_identify(src/robo_common) by extensions ['ros']
[0.274s] Level 1:colcon.colcon_core.package_identification:_identify(src/robo_common) by extension 'ros'
[0.275s] DEBUG:colcon.colcon_core.package_identification:Package 'src/robo_common' with type 'ros.cmake' and name 'robo_common'
[0.275s] Level 1:colcon.colcon_core.package_identification:_identify(src/robo_miner) by extensions ['ignore', 'ignore_ament_install']
[0.275s] Level 1:colcon.colcon_core.package_identification:_identify(src/robo_miner) by extension 'ignore'
[0.275s] Level 1:colcon.colcon_core.package_identification:_identify(src/robo_miner) by extension 'ignore_ament_install'
[0.275s] Level 1:colcon.colcon_core.package_identification:_identify(src/robo_miner) by extensions ['colcon_pkg']
[0.275s] Level 1:colcon.colcon_core.package_identification:_identify(src/robo_miner) by extension 'colcon_pkg'
[0.275s] Level 1:colcon.colcon_core.package_identification:_identify(src/robo_miner) by extensions ['colcon_meta']
[0.275s] Level 1:colcon.colcon_core.package_identification:_identify(src/robo_miner) by extension 'colcon_meta'
[0.275s] Level 1:colcon.colcon_core.package_identification:_identify(src/robo_miner) by extensions ['ros']
[0.275s] Level 1:colcon.colcon_core.package_identification:_identify(src/robo_miner) by extension 'ros'
[0.275s] Level 1:colcon.colcon_core.package_identification:_identify(src/robo_miner) by extensions ['cmake', 'python']
[0.275s] Level 1:colcon.colcon_core.package_identification:_identify(src/robo_miner) by extension 'cmake'
[0.275s] Level 1:colcon.colcon_core.package_identification:_identify(src/robo_miner) by extension 'python'
[0.275s] Level 1:colcon.colcon_core.package_identification:_identify(src/robo_miner) by extensions ['python_setup_py']
[0.275s] Level 1:colcon.colcon_core.package_identification:_identify(src/robo_miner) by extension 'python_setup_py'
[0.275s] Level 1:colcon.colcon_core.package_identification:_identify(src/robo_miner/robo_miner_common) by extensions ['ignore', 'ignore_ament_install']
[0.275s] Level 1:colcon.colcon_core.package_identification:_identify(src/robo_miner/robo_miner_common) by extension 'ignore'
[0.275s] Level 1:colcon.colcon_core.package_identification:_identify(src/robo_miner/robo_miner_common) by extension 'ignore_ament_install'
[0.275s] Level 1:colcon.colcon_core.package_identification:_identify(src/robo_miner/robo_miner_common) by extensions ['colcon_pkg']
[0.275s] Level 1:colcon.colcon_core.package_identification:_identify(src/robo_miner/robo_miner_common) by extension 'colcon_pkg'
[0.275s] Level 1:colcon.colcon_core.package_identification:_identify(src/robo_miner/robo_miner_common) by extensions ['colcon_meta']
[0.275s] Level 1:colcon.colcon_core.package_identification:_identify(src/robo_miner/robo_miner_common) by extension 'colcon_meta'
[0.275s] Level 1:colcon.colcon_core.package_identification:_identify(src/robo_miner/robo_miner_common) by extensions ['ros']
[0.275s] Level 1:colcon.colcon_core.package_identification:_identify(src/robo_miner/robo_miner_common) by extension 'ros'
[0.276s] DEBUG:colcon.colcon_core.package_identification:Package 'src/robo_miner/robo_miner_common' with type 'ros.ament_cmake' and name 'robo_miner_common'
[0.276s] Level 1:colcon.colcon_core.package_identification:_identify(src/robo_miner/robo_miner_gui) by extensions ['ignore', 'ignore_ament_install']
[0.276s] Level 1:colcon.colcon_core.package_identification:_identify(src/robo_miner/robo_miner_gui) by extension 'ignore'
[0.276s] Level 1:colcon.colcon_core.package_identification:_identify(src/robo_miner/robo_miner_gui) by extension 'ignore_ament_install'
[0.276s] Level 1:colcon.colcon_core.package_identification:_identify(src/robo_miner/robo_miner_gui) by extensions ['colcon_pkg']
[0.276s] Level 1:colcon.colcon_core.package_identification:_identify(src/robo_miner/robo_miner_gui) by extension 'colcon_pkg'
[0.276s] Level 1:colcon.colcon_core.package_identification:_identify(src/robo_miner/robo_miner_gui) by extensions ['colcon_meta']
[0.276s] Level 1:colcon.colcon_core.package_identification:_identify(src/robo_miner/robo_miner_gui) by extension 'colcon_meta'
[0.276s] Level 1:colcon.colcon_core.package_identification:_identify(src/robo_miner/robo_miner_gui) by extensions ['ros']
[0.276s] Level 1:colcon.colcon_core.package_identification:_identify(src/robo_miner/robo_miner_gui) by extension 'ros'
[0.276s] DEBUG:colcon.colcon_core.package_identification:Package 'src/robo_miner/robo_miner_gui' with type 'ros.ament_cmake' and name 'robo_miner_gui'
[0.276s] Level 1:colcon.colcon_core.package_identification:_identify(src/robo_miner/robo_miner_interfaces) by extensions ['ignore', 'ignore_ament_install']
[0.276s] Level 1:colcon.colcon_core.package_identification:_identify(src/robo_miner/robo_miner_interfaces) by extension 'ignore'
[0.276s] Level 1:colcon.colcon_core.package_identification:_identify(src/robo_miner/robo_miner_interfaces) by extension 'ignore_ament_install'
[0.276s] Level 1:colcon.colcon_core.package_identification:_identify(src/robo_miner/robo_miner_interfaces) by extensions ['colcon_pkg']
[0.276s] Level 1:colcon.colcon_core.package_identification:_identify(src/robo_miner/robo_miner_interfaces) by extension 'colcon_pkg'
[0.276s] Level 1:colcon.colcon_core.package_identification:_identify(src/robo_miner/robo_miner_interfaces) by extensions ['colcon_meta']
[0.276s] Level 1:colcon.colcon_core.package_identification:_identify(src/robo_miner/robo_miner_interfaces) by extension 'colcon_meta'
[0.276s] Level 1:colcon.colcon_core.package_identification:_identify(src/robo_miner/robo_miner_interfaces) by extensions ['ros']
[0.276s] Level 1:colcon.colcon_core.package_identification:_identify(src/robo_miner/robo_miner_interfaces) by extension 'ros'
[0.277s] DEBUG:colcon.colcon_core.package_identification:Package 'src/robo_miner/robo_miner_interfaces' with type 'ros.ament_cmake' and name 'robo_miner_interfaces'
[0.277s] Level 1:colcon.colcon_core.package_identification:_identify(src/tools) by extensions ['ignore', 'ignore_ament_install']
[0.277s] Level 1:colcon.colcon_core.package_identification:_identify(src/tools) by extension 'ignore'
[0.277s] Level 1:colcon.colcon_core.package_identification:_identify(src/tools) by extension 'ignore_ament_install'
[0.277s] Level 1:colcon.colcon_core.package_identification:_identify(src/tools) by extensions ['colcon_pkg']
[0.277s] Level 1:colcon.colcon_core.package_identification:_identify(src/tools) by extension 'colcon_pkg'
[0.277s] Level 1:colcon.colcon_core.package_identification:_identify(src/tools) by extensions ['colcon_meta']
[0.277s] Level 1:colcon.colcon_core.package_identification:_identify(src/tools) by extension 'colcon_meta'
[0.277s] Level 1:colcon.colcon_core.package_identification:_identify(src/tools) by extensions ['ros']
[0.277s] Level 1:colcon.colcon_core.package_identification:_identify(src/tools) by extension 'ros'
[0.277s] Level 1:colcon.colcon_core.package_identification:_identify(src/tools) by extensions ['cmake', 'python']
[0.277s] Level 1:colcon.colcon_core.package_identification:_identify(src/tools) by extension 'cmake'
[0.277s] Level 1:colcon.colcon_core.package_identification:_identify(src/tools) by extension 'python'
[0.277s] Level 1:colcon.colcon_core.package_identification:_identify(src/tools) by extensions ['python_setup_py']
[0.277s] Level 1:colcon.colcon_core.package_identification:_identify(src/tools) by extension 'python_setup_py'
[0.277s] Level 1:colcon.colcon_core.package_identification:_identify(src/tools/resource_builder) by extensions ['ignore', 'ignore_ament_install']
[0.277s] Level 1:colcon.colcon_core.package_identification:_identify(src/tools/resource_builder) by extension 'ignore'
[0.277s] Level 1:colcon.colcon_core.package_identification:_identify(src/tools/resource_builder) by extension 'ignore_ament_install'
[0.277s] Level 1:colcon.colcon_core.package_identification:_identify(src/tools/resource_builder) by extensions ['colcon_pkg']
[0.277s] Level 1:colcon.colcon_core.package_identification:_identify(src/tools/resource_builder) by extension 'colcon_pkg'
[0.277s] Level 1:colcon.colcon_core.package_identification:_identify(src/tools/resource_builder) by extensions ['colcon_meta']
[0.277s] Level 1:colcon.colcon_core.package_identification:_identify(src/tools/resource_builder) by extension 'colcon_meta'
[0.277s] Level 1:colcon.colcon_core.package_identification:_identify(src/tools/resource_builder) by extensions ['ros']
[0.277s] Level 1:colcon.colcon_core.package_identification:_identify(src/tools/resource_builder) by extension 'ros'
[0.278s] DEBUG:colcon.colcon_core.package_identification:Package 'src/tools/resource_builder' with type 'ros.cmake' and name 'resource_builder'
[0.278s] Level 1:colcon.colcon_core.package_identification:_identify(src/ur_dev) by extensions ['ignore', 'ignore_ament_install']
[0.278s] Level 1:colcon.colcon_core.package_identification:_identify(src/ur_dev) by extension 'ignore'
[0.278s] Level 1:colcon.colcon_core.package_identification:_identify(src/ur_dev) by extension 'ignore_ament_install'
[0.278s] Level 1:colcon.colcon_core.package_identification:_identify(src/ur_dev) by extensions ['colcon_pkg']
[0.278s] Level 1:colcon.colcon_core.package_identification:_identify(src/ur_dev) by extension 'colcon_pkg'
[0.278s] Level 1:colcon.colcon_core.package_identification:_identify(src/ur_dev) by extensions ['colcon_meta']
[0.278s] Level 1:colcon.colcon_core.package_identification:_identify(src/ur_dev) by extension 'colcon_meta'
[0.278s] Level 1:colcon.colcon_core.package_identification:_identify(src/ur_dev) by extensions ['ros']
[0.278s] Level 1:colcon.colcon_core.package_identification:_identify(src/ur_dev) by extension 'ros'
[0.278s] Level 1:colcon.colcon_core.package_identification:_identify(src/ur_dev) by extensions ['cmake', 'python']
[0.278s] Level 1:colcon.colcon_core.package_identification:_identify(src/ur_dev) by extension 'cmake'
[0.278s] Level 1:colcon.colcon_core.package_identification:_identify(src/ur_dev) by extension 'python'
[0.278s] Level 1:colcon.colcon_core.package_identification:_identify(src/ur_dev) by extensions ['python_setup_py']
[0.278s] Level 1:colcon.colcon_core.package_identification:_identify(src/ur_dev) by extension 'python_setup_py'
[0.278s] Level 1:colcon.colcon_core.package_identification:_identify(src/ur_dev/ur_control_gui) by extensions ['ignore', 'ignore_ament_install']
[0.278s] Level 1:colcon.colcon_core.package_identification:_identify(src/ur_dev/ur_control_gui) by extension 'ignore'
[0.278s] Level 1:colcon.colcon_core.package_identification:_identify(src/ur_dev/ur_control_gui) by extension 'ignore_ament_install'
[0.278s] Level 1:colcon.colcon_core.package_identification:_identify(src/ur_dev/ur_control_gui) by extensions ['colcon_pkg']
[0.278s] Level 1:colcon.colcon_core.package_identification:_identify(src/ur_dev/ur_control_gui) by extension 'colcon_pkg'
[0.278s] Level 1:colcon.colcon_core.package_identification:_identify(src/ur_dev/ur_control_gui) by extensions ['colcon_meta']
[0.278s] Level 1:colcon.colcon_core.package_identification:_identify(src/ur_dev/ur_control_gui) by extension 'colcon_meta'
[0.278s] Level 1:colcon.colcon_core.package_identification:_identify(src/ur_dev/ur_control_gui) by extensions ['ros']
[0.278s] Level 1:colcon.colcon_core.package_identification:_identify(src/ur_dev/ur_control_gui) by extension 'ros'
[0.279s] DEBUG:colcon.colcon_core.package_identification:Package 'src/ur_dev/ur_control_gui' with type 'ros.ament_cmake' and name 'ur_control_gui'
[0.279s] Level 1:colcon.colcon_core.package_identification:_identify(src/ur_dev/urscript) by extensions ['ignore', 'ignore_ament_install']
[0.279s] Level 1:colcon.colcon_core.package_identification:_identify(src/ur_dev/urscript) by extension 'ignore'
[0.279s] Level 1:colcon.colcon_core.package_identification:_identify(src/ur_dev/urscript) by extension 'ignore_ament_install'
[0.279s] Level 1:colcon.colcon_core.package_identification:_identify(src/ur_dev/urscript) by extensions ['colcon_pkg']
[0.279s] Level 1:colcon.colcon_core.package_identification:_identify(src/ur_dev/urscript) by extension 'colcon_pkg'
[0.279s] Level 1:colcon.colcon_core.package_identification:_identify(src/ur_dev/urscript) by extensions ['colcon_meta']
[0.279s] Level 1:colcon.colcon_core.package_identification:_identify(src/ur_dev/urscript) by extension 'colcon_meta'
[0.279s] Level 1:colcon.colcon_core.package_identification:_identify(src/ur_dev/urscript) by extensions ['ros']
[0.279s] Level 1:colcon.colcon_core.package_identification:_identify(src/ur_dev/urscript) by extension 'ros'
[0.279s] Level 1:colcon.colcon_core.package_identification:_identify(src/ur_dev/urscript) by extensions ['cmake', 'python']
[0.279s] Level 1:colcon.colcon_core.package_identification:_identify(src/ur_dev/urscript) by extension 'cmake'
[0.279s] Level 1:colcon.colcon_core.package_identification:_identify(src/ur_dev/urscript) by extension 'python'
[0.279s] Level 1:colcon.colcon_core.package_identification:_identify(src/ur_dev/urscript) by extensions ['python_setup_py']
[0.279s] Level 1:colcon.colcon_core.package_identification:_identify(src/ur_dev/urscript) by extension 'python_setup_py'
[0.279s] Level 1:colcon.colcon_core.package_identification:_identify(src/ur_dev/urscript/urscript_bridge) by extensions ['ignore', 'ignore_ament_install']
[0.279s] Level 1:colcon.colcon_core.package_identification:_identify(src/ur_dev/urscript/urscript_bridge) by extension 'ignore'
[0.279s] Level 1:colcon.colcon_core.package_identification:_identify(src/ur_dev/urscript/urscript_bridge) by extension 'ignore_ament_install'
[0.279s] Level 1:colcon.colcon_core.package_identification:_identify(src/ur_dev/urscript/urscript_bridge) by extensions ['colcon_pkg']
[0.279s] Level 1:colcon.colcon_core.package_identification:_identify(src/ur_dev/urscript/urscript_bridge) by extension 'colcon_pkg'
[0.279s] Level 1:colcon.colcon_core.package_identification:_identify(src/ur_dev/urscript/urscript_bridge) by extensions ['colcon_meta']
[0.279s] Level 1:colcon.colcon_core.package_identification:_identify(src/ur_dev/urscript/urscript_bridge) by extension 'colcon_meta'
[0.279s] Level 1:colcon.colcon_core.package_identification:_identify(src/ur_dev/urscript/urscript_bridge) by extensions ['ros']
[0.279s] Level 1:colcon.colcon_core.package_identification:_identify(src/ur_dev/urscript/urscript_bridge) by extension 'ros'
[0.279s] DEBUG:colcon.colcon_core.package_identification:Package 'src/ur_dev/urscript/urscript_bridge' with type 'ros.ament_cmake' and name 'urscript_bridge'
[0.280s] Level 1:colcon.colcon_core.package_identification:_identify(src/ur_dev/urscript/urscript_common) by extensions ['ignore', 'ignore_ament_install']
[0.280s] Level 1:colcon.colcon_core.package_identification:_identify(src/ur_dev/urscript/urscript_common) by extension 'ignore'
[0.280s] Level 1:colcon.colcon_core.package_identification:_identify(src/ur_dev/urscript/urscript_common) by extension 'ignore_ament_install'
[0.280s] Level 1:colcon.colcon_core.package_identification:_identify(src/ur_dev/urscript/urscript_common) by extensions ['colcon_pkg']
[0.280s] Level 1:colcon.colcon_core.package_identification:_identify(src/ur_dev/urscript/urscript_common) by extension 'colcon_pkg'
[0.280s] Level 1:colcon.colcon_core.package_identification:_identify(src/ur_dev/urscript/urscript_common) by extensions ['colcon_meta']
[0.280s] Level 1:colcon.colcon_core.package_identification:_identify(src/ur_dev/urscript/urscript_common) by extension 'colcon_meta'
[0.280s] Level 1:colcon.colcon_core.package_identification:_identify(src/ur_dev/urscript/urscript_common) by extensions ['ros']
[0.280s] Level 1:colcon.colcon_core.package_identification:_identify(src/ur_dev/urscript/urscript_common) by extension 'ros'
[0.280s] DEBUG:colcon.colcon_core.package_identification:Package 'src/ur_dev/urscript/urscript_common' with type 'ros.ament_cmake' and name 'urscript_common'
[0.280s] Level 1:colcon.colcon_core.package_identification:_identify(src/ur_dev/urscript/urscript_interfaces) by extensions ['ignore', 'ignore_ament_install']
[0.280s] Level 1:colcon.colcon_core.package_identification:_identify(src/ur_dev/urscript/urscript_interfaces) by extension 'ignore'
[0.280s] Level 1:colcon.colcon_core.package_identification:_identify(src/ur_dev/urscript/urscript_interfaces) by extension 'ignore_ament_install'
[0.280s] Level 1:colcon.colcon_core.package_identification:_identify(src/ur_dev/urscript/urscript_interfaces) by extensions ['colcon_pkg']
[0.280s] Level 1:colcon.colcon_core.package_identification:_identify(src/ur_dev/urscript/urscript_interfaces) by extension 'colcon_pkg'
[0.280s] Level 1:colcon.colcon_core.package_identification:_identify(src/ur_dev/urscript/urscript_interfaces) by extensions ['colcon_meta']
[0.280s] Level 1:colcon.colcon_core.package_identification:_identify(src/ur_dev/urscript/urscript_interfaces) by extension 'colcon_meta'
[0.280s] Level 1:colcon.colcon_core.package_identification:_identify(src/ur_dev/urscript/urscript_interfaces) by extensions ['ros']
[0.280s] Level 1:colcon.colcon_core.package_identification:_identify(src/ur_dev/urscript/urscript_interfaces) by extension 'ros'
[0.281s] DEBUG:colcon.colcon_core.package_identification:Package 'src/ur_dev/urscript/urscript_interfaces' with type 'ros.ament_cmake' and name 'urscript_interfaces'
[0.281s] Level 1:colcon.colcon_core.package_identification:_identify(src/ur_driver) by extensions ['ignore', 'ignore_ament_install']
[0.281s] Level 1:colcon.colcon_core.package_identification:_identify(src/ur_driver) by extension 'ignore'
[0.281s] Level 1:colcon.colcon_core.package_identification:_identify(src/ur_driver) by extension 'ignore_ament_install'
[0.281s] Level 1:colcon.colcon_core.package_identification:_identify(src/ur_driver) by extensions ['colcon_pkg']
[0.281s] Level 1:colcon.colcon_core.package_identification:_identify(src/ur_driver) by extension 'colcon_pkg'
[0.281s] Level 1:colcon.colcon_core.package_identification:_identify(src/ur_driver) by extensions ['colcon_meta']
[0.281s] Level 1:colcon.colcon_core.package_identification:_identify(src/ur_driver) by extension 'colcon_meta'
[0.281s] Level 1:colcon.colcon_core.package_identification:_identify(src/ur_driver) by extensions ['ros']
[0.281s] Level 1:colcon.colcon_core.package_identification:_identify(src/ur_driver) by extension 'ros'
[0.281s] Level 1:colcon.colcon_core.package_identification:_identify(src/ur_driver) by extensions ['cmake', 'python']
[0.281s] Level 1:colcon.colcon_core.package_identification:_identify(src/ur_driver) by extension 'cmake'
[0.281s] Level 1:colcon.colcon_core.package_identification:_identify(src/ur_driver) by extension 'python'
[0.281s] Level 1:colcon.colcon_core.package_identification:_identify(src/ur_driver) by extensions ['python_setup_py']
[0.281s] Level 1:colcon.colcon_core.package_identification:_identify(src/ur_driver) by extension 'python_setup_py'
[0.281s] Level 1:colcon.colcon_core.package_identification:_identify(src/ur_driver/Universal_Robots_Client_Library) by extensions ['ignore', 'ignore_ament_install']
[0.281s] Level 1:colcon.colcon_core.package_identification:_identify(src/ur_driver/Universal_Robots_Client_Library) by extension 'ignore'
[0.281s] Level 1:colcon.colcon_core.package_identification:_identify(src/ur_driver/Universal_Robots_Client_Library) by extension 'ignore_ament_install'
[0.281s] Level 1:colcon.colcon_core.package_identification:_identify(src/ur_driver/Universal_Robots_Client_Library) by extensions ['colcon_pkg']
[0.281s] Level 1:colcon.colcon_core.package_identification:_identify(src/ur_driver/Universal_Robots_Client_Library) by extension 'colcon_pkg'
[0.281s] Level 1:colcon.colcon_core.package_identification:_identify(src/ur_driver/Universal_Robots_Client_Library) by extensions ['colcon_meta']
[0.281s] Level 1:colcon.colcon_core.package_identification:_identify(src/ur_driver/Universal_Robots_Client_Library) by extension 'colcon_meta'
[0.281s] Level 1:colcon.colcon_core.package_identification:_identify(src/ur_driver/Universal_Robots_Client_Library) by extensions ['ros']
[0.281s] Level 1:colcon.colcon_core.package_identification:_identify(src/ur_driver/Universal_Robots_Client_Library) by extension 'ros'
[0.282s] DEBUG:colcon.colcon_core.package_identification:Package 'src/ur_driver/Universal_Robots_Client_Library' with type 'ros.cmake' and name 'ur_client_library'
[0.282s] Level 1:colcon.colcon_core.package_identification:_identify(src/ur_driver/Universal_Robots_ROS2_Driver) by extensions ['ignore', 'ignore_ament_install']
[0.282s] Level 1:colcon.colcon_core.package_identification:_identify(src/ur_driver/Universal_Robots_ROS2_Driver) by extension 'ignore'
[0.282s] Level 1:colcon.colcon_core.package_identification:_identify(src/ur_driver/Universal_Robots_ROS2_Driver) by extension 'ignore_ament_install'
[0.282s] Level 1:colcon.colcon_core.package_identification:_identify(src/ur_driver/Universal_Robots_ROS2_Driver) by extensions ['colcon_pkg']
[0.282s] Level 1:colcon.colcon_core.package_identification:_identify(src/ur_driver/Universal_Robots_ROS2_Driver) by extension 'colcon_pkg'
[0.282s] Level 1:colcon.colcon_core.package_identification:_identify(src/ur_driver/Universal_Robots_ROS2_Driver) by extensions ['colcon_meta']
[0.282s] Level 1:colcon.colcon_core.package_identification:_identify(src/ur_driver/Universal_Robots_ROS2_Driver) by extension 'colcon_meta'
[0.282s] Level 1:colcon.colcon_core.package_identification:_identify(src/ur_driver/Universal_Robots_ROS2_Driver) by extensions ['ros']
[0.282s] Level 1:colcon.colcon_core.package_identification:_identify(src/ur_driver/Universal_Robots_ROS2_Driver) by extension 'ros'
[0.282s] Level 1:colcon.colcon_core.package_identification:_identify(src/ur_driver/Universal_Robots_ROS2_Driver) by extensions ['cmake', 'python']
[0.282s] Level 1:colcon.colcon_core.package_identification:_identify(src/ur_driver/Universal_Robots_ROS2_Driver) by extension 'cmake'
[0.282s] Level 1:colcon.colcon_core.package_identification:_identify(src/ur_driver/Universal_Robots_ROS2_Driver) by extension 'python'
[0.282s] Level 1:colcon.colcon_core.package_identification:_identify(src/ur_driver/Universal_Robots_ROS2_Driver) by extensions ['python_setup_py']
[0.282s] Level 1:colcon.colcon_core.package_identification:_identify(src/ur_driver/Universal_Robots_ROS2_Driver) by extension 'python_setup_py'
[0.282s] Level 1:colcon.colcon_core.package_identification:_identify(src/ur_driver/Universal_Robots_ROS2_Driver/ur_bringup) by extensions ['ignore', 'ignore_ament_install']
[0.282s] Level 1:colcon.colcon_core.package_identification:_identify(src/ur_driver/Universal_Robots_ROS2_Driver/ur_bringup) by extension 'ignore'
[0.282s] Level 1:colcon.colcon_core.package_identification:_identify(src/ur_driver/Universal_Robots_ROS2_Driver/ur_bringup) by extension 'ignore_ament_install'
[0.282s] Level 1:colcon.colcon_core.package_identification:_identify(src/ur_driver/Universal_Robots_ROS2_Driver/ur_bringup) by extensions ['colcon_pkg']
[0.282s] Level 1:colcon.colcon_core.package_identification:_identify(src/ur_driver/Universal_Robots_ROS2_Driver/ur_bringup) by extension 'colcon_pkg'
[0.282s] Level 1:colcon.colcon_core.package_identification:_identify(src/ur_driver/Universal_Robots_ROS2_Driver/ur_bringup) by extensions ['colcon_meta']
[0.282s] Level 1:colcon.colcon_core.package_identification:_identify(src/ur_driver/Universal_Robots_ROS2_Driver/ur_bringup) by extension 'colcon_meta'
[0.282s] Level 1:colcon.colcon_core.package_identification:_identify(src/ur_driver/Universal_Robots_ROS2_Driver/ur_bringup) by extensions ['ros']
[0.282s] Level 1:colcon.colcon_core.package_identification:_identify(src/ur_driver/Universal_Robots_ROS2_Driver/ur_bringup) by extension 'ros'
[0.283s] DEBUG:colcon.colcon_core.package_identification:Package 'src/ur_driver/Universal_Robots_ROS2_Driver/ur_bringup' with type 'ros.ament_cmake' and name 'ur_bringup'
[0.283s] Level 1:colcon.colcon_core.package_identification:_identify(src/ur_driver/Universal_Robots_ROS2_Driver/ur_controllers) by extensions ['ignore', 'ignore_ament_install']
[0.283s] Level 1:colcon.colcon_core.package_identification:_identify(src/ur_driver/Universal_Robots_ROS2_Driver/ur_controllers) by extension 'ignore'
[0.283s] Level 1:colcon.colcon_core.package_identification:_identify(src/ur_driver/Universal_Robots_ROS2_Driver/ur_controllers) by extension 'ignore_ament_install'
[0.283s] Level 1:colcon.colcon_core.package_identification:_identify(src/ur_driver/Universal_Robots_ROS2_Driver/ur_controllers) by extensions ['colcon_pkg']
[0.283s] Level 1:colcon.colcon_core.package_identification:_identify(src/ur_driver/Universal_Robots_ROS2_Driver/ur_controllers) by extension 'colcon_pkg'
[0.283s] Level 1:colcon.colcon_core.package_identification:_identify(src/ur_driver/Universal_Robots_ROS2_Driver/ur_controllers) by extensions ['colcon_meta']
[0.283s] Level 1:colcon.colcon_core.package_identification:_identify(src/ur_driver/Universal_Robots_ROS2_Driver/ur_controllers) by extension 'colcon_meta'
[0.283s] Level 1:colcon.colcon_core.package_identification:_identify(src/ur_driver/Universal_Robots_ROS2_Driver/ur_controllers) by extensions ['ros']
[0.283s] Level 1:colcon.colcon_core.package_identification:_identify(src/ur_driver/Universal_Robots_ROS2_Driver/ur_controllers) by extension 'ros'
[0.284s] DEBUG:colcon.colcon_core.package_identification:Package 'src/ur_driver/Universal_Robots_ROS2_Driver/ur_controllers' with type 'ros.ament_cmake' and name 'ur_controllers'
[0.284s] Level 1:colcon.colcon_core.package_identification:_identify(src/ur_driver/Universal_Robots_ROS2_Driver/ur_dashboard_msgs) by extensions ['ignore', 'ignore_ament_install']
[0.284s] Level 1:colcon.colcon_core.package_identification:_identify(src/ur_driver/Universal_Robots_ROS2_Driver/ur_dashboard_msgs) by extension 'ignore'
[0.284s] Level 1:colcon.colcon_core.package_identification:_identify(src/ur_driver/Universal_Robots_ROS2_Driver/ur_dashboard_msgs) by extension 'ignore_ament_install'
[0.284s] Level 1:colcon.colcon_core.package_identification:_identify(src/ur_driver/Universal_Robots_ROS2_Driver/ur_dashboard_msgs) by extensions ['colcon_pkg']
[0.284s] Level 1:colcon.colcon_core.package_identification:_identify(src/ur_driver/Universal_Robots_ROS2_Driver/ur_dashboard_msgs) by extension 'colcon_pkg'
[0.284s] Level 1:colcon.colcon_core.package_identification:_identify(src/ur_driver/Universal_Robots_ROS2_Driver/ur_dashboard_msgs) by extensions ['colcon_meta']
[0.284s] Level 1:colcon.colcon_core.package_identification:_identify(src/ur_driver/Universal_Robots_ROS2_Driver/ur_dashboard_msgs) by extension 'colcon_meta'
[0.284s] Level 1:colcon.colcon_core.package_identification:_identify(src/ur_driver/Universal_Robots_ROS2_Driver/ur_dashboard_msgs) by extensions ['ros']
[0.284s] Level 1:colcon.colcon_core.package_identification:_identify(src/ur_driver/Universal_Robots_ROS2_Driver/ur_dashboard_msgs) by extension 'ros'
[0.285s] DEBUG:colcon.colcon_core.package_identification:Package 'src/ur_driver/Universal_Robots_ROS2_Driver/ur_dashboard_msgs' with type 'ros.ament_cmake' and name 'ur_dashboard_msgs'
[0.285s] Level 1:colcon.colcon_core.package_identification:_identify(src/ur_driver/Universal_Robots_ROS2_Driver/ur_description) by extensions ['ignore', 'ignore_ament_install']
[0.285s] Level 1:colcon.colcon_core.package_identification:_identify(src/ur_driver/Universal_Robots_ROS2_Driver/ur_description) by extension 'ignore'
[0.285s] Level 1:colcon.colcon_core.package_identification:_identify(src/ur_driver/Universal_Robots_ROS2_Driver/ur_description) by extension 'ignore_ament_install'
[0.285s] Level 1:colcon.colcon_core.package_identification:_identify(src/ur_driver/Universal_Robots_ROS2_Driver/ur_description) by extensions ['colcon_pkg']
[0.285s] Level 1:colcon.colcon_core.package_identification:_identify(src/ur_driver/Universal_Robots_ROS2_Driver/ur_description) by extension 'colcon_pkg'
[0.285s] Level 1:colcon.colcon_core.package_identification:_identify(src/ur_driver/Universal_Robots_ROS2_Driver/ur_description) by extensions ['colcon_meta']
[0.285s] Level 1:colcon.colcon_core.package_identification:_identify(src/ur_driver/Universal_Robots_ROS2_Driver/ur_description) by extension 'colcon_meta'
[0.285s] Level 1:colcon.colcon_core.package_identification:_identify(src/ur_driver/Universal_Robots_ROS2_Driver/ur_description) by extensions ['ros']
[0.285s] Level 1:colcon.colcon_core.package_identification:_identify(src/ur_driver/Universal_Robots_ROS2_Driver/ur_description) by extension 'ros'
[0.285s] DEBUG:colcon.colcon_core.package_identification:Package 'src/ur_driver/Universal_Robots_ROS2_Driver/ur_description' with type 'ros.ament_cmake' and name 'ur_description'
[0.286s] Level 1:colcon.colcon_core.package_identification:_identify(src/ur_driver/Universal_Robots_ROS2_Driver/ur_moveit_config) by extensions ['ignore', 'ignore_ament_install']
[0.286s] Level 1:colcon.colcon_core.package_identification:_identify(src/ur_driver/Universal_Robots_ROS2_Driver/ur_moveit_config) by extension 'ignore'
[0.286s] Level 1:colcon.colcon_core.package_identification:_identify(src/ur_driver/Universal_Robots_ROS2_Driver/ur_moveit_config) by extension 'ignore_ament_install'
[0.286s] Level 1:colcon.colcon_core.package_identification:_identify(src/ur_driver/Universal_Robots_ROS2_Driver/ur_moveit_config) by extensions ['colcon_pkg']
[0.286s] Level 1:colcon.colcon_core.package_identification:_identify(src/ur_driver/Universal_Robots_ROS2_Driver/ur_moveit_config) by extension 'colcon_pkg'
[0.286s] Level 1:colcon.colcon_core.package_identification:_identify(src/ur_driver/Universal_Robots_ROS2_Driver/ur_moveit_config) by extensions ['colcon_meta']
[0.286s] Level 1:colcon.colcon_core.package_identification:_identify(src/ur_driver/Universal_Robots_ROS2_Driver/ur_moveit_config) by extension 'colcon_meta'
[0.286s] Level 1:colcon.colcon_core.package_identification:_identify(src/ur_driver/Universal_Robots_ROS2_Driver/ur_moveit_config) by extensions ['ros']
[0.286s] Level 1:colcon.colcon_core.package_identification:_identify(src/ur_driver/Universal_Robots_ROS2_Driver/ur_moveit_config) by extension 'ros'
[0.286s] DEBUG:colcon.colcon_core.package_identification:Package 'src/ur_driver/Universal_Robots_ROS2_Driver/ur_moveit_config' with type 'ros.ament_cmake' and name 'ur_moveit_config'
[0.286s] Level 1:colcon.colcon_core.package_identification:_identify(src/ur_driver/Universal_Robots_ROS2_Driver/ur_robot_driver) by extensions ['ignore', 'ignore_ament_install']
[0.286s] Level 1:colcon.colcon_core.package_identification:_identify(src/ur_driver/Universal_Robots_ROS2_Driver/ur_robot_driver) by extension 'ignore'
[0.286s] Level 1:colcon.colcon_core.package_identification:_identify(src/ur_driver/Universal_Robots_ROS2_Driver/ur_robot_driver) by extension 'ignore_ament_install'
[0.286s] Level 1:colcon.colcon_core.package_identification:_identify(src/ur_driver/Universal_Robots_ROS2_Driver/ur_robot_driver) by extensions ['colcon_pkg']
[0.286s] Level 1:colcon.colcon_core.package_identification:_identify(src/ur_driver/Universal_Robots_ROS2_Driver/ur_robot_driver) by extension 'colcon_pkg'
[0.286s] Level 1:colcon.colcon_core.package_identification:_identify(src/ur_driver/Universal_Robots_ROS2_Driver/ur_robot_driver) by extensions ['colcon_meta']
[0.286s] Level 1:colcon.colcon_core.package_identification:_identify(src/ur_driver/Universal_Robots_ROS2_Driver/ur_robot_driver) by extension 'colcon_meta'
[0.286s] Level 1:colcon.colcon_core.package_identification:_identify(src/ur_driver/Universal_Robots_ROS2_Driver/ur_robot_driver) by extensions ['ros']
[0.286s] Level 1:colcon.colcon_core.package_identification:_identify(src/ur_driver/Universal_Robots_ROS2_Driver/ur_robot_driver) by extension 'ros'
[0.287s] DEBUG:colcon.colcon_core.package_identification:Package 'src/ur_driver/Universal_Robots_ROS2_Driver/ur_robot_driver' with type 'ros.ament_cmake' and name 'ur_robot_driver'
[0.287s] Level 1:colcon.colcon_core.package_discovery:discover_packages(recursive) using defaults
[0.287s] Level 1:colcon.colcon_core.package_discovery:discover_packages(ignore) discover
[0.287s] Level 1:colcon.colcon_core.package_discovery:discover_packages(ignore) using defaults
[0.287s] Level 1:colcon.colcon_core.package_discovery:discover_packages(path) discover
[0.287s] Level 1:colcon.colcon_core.package_discovery:discover_packages(path) using defaults
[0.288s] WARNING:colcon.colcon_core.package_selection:ignoring unknown package 'robo_collector_bringup/' in --packages-select
[0.305s] INFO:colcon.colcon_core.package_selection:Skipping not selected package 'cmake_helpers' in 'src/lib/cmake_helpers'
[0.305s] INFO:colcon.colcon_core.package_selection:Skipping not selected package 'robo_cleaner_interfaces' in 'src/robo_cleaner/robo_cleaner_interfaces'
[0.305s] INFO:colcon.colcon_core.package_selection:Skipping not selected package 'robo_collector_bringup' in 'src/robo_collector_bringup'
[0.305s] INFO:colcon.colcon_core.package_selection:Skipping not selected package 'robo_collector_interfaces' in 'src/robo_collector/robo_collector_interfaces'
[0.305s] INFO:colcon.colcon_core.package_selection:Skipping not selected package 'robo_miner_interfaces' in 'src/robo_miner/robo_miner_interfaces'
[0.305s] INFO:colcon.colcon_core.package_selection:Skipping not selected package 'ur_bringup' in 'src/ur_driver/Universal_Robots_ROS2_Driver/ur_bringup'
[0.305s] INFO:colcon.colcon_core.package_selection:Skipping not selected package 'ur_client_library' in 'src/ur_driver/Universal_Robots_Client_Library'
[0.305s] INFO:colcon.colcon_core.package_selection:Skipping not selected package 'ur_dashboard_msgs' in 'src/ur_driver/Universal_Robots_ROS2_Driver/ur_dashboard_msgs'
[0.305s] INFO:colcon.colcon_core.package_selection:Skipping not selected package 'ur_description' in 'src/ur_driver/Universal_Robots_ROS2_Driver/ur_description'
[0.305s] INFO:colcon.colcon_core.package_selection:Skipping not selected package 'ur_moveit_config' in 'src/ur_driver/Universal_Robots_ROS2_Driver/ur_moveit_config'
[0.305s] INFO:colcon.colcon_core.package_selection:Skipping not selected package 'urscript_interfaces' in 'src/ur_dev/urscript/urscript_interfaces'
[0.305s] INFO:colcon.colcon_core.package_selection:Skipping not selected package 'ur_controllers' in 'src/ur_driver/Universal_Robots_ROS2_Driver/ur_controllers'
[0.305s] INFO:colcon.colcon_core.package_selection:Skipping not selected package 'utils' in 'src/lib/utils'
[0.305s] INFO:colcon.colcon_core.package_selection:Skipping not selected package 'resource_utils' in 'src/lib/resource_utils'
[0.305s] INFO:colcon.colcon_core.package_selection:Skipping not selected package 'ur_robot_driver' in 'src/ur_driver/Universal_Robots_ROS2_Driver/ur_robot_driver'
[0.305s] INFO:colcon.colcon_core.package_selection:Skipping not selected package 'urscript_common' in 'src/ur_dev/urscript/urscript_common'
[0.305s] INFO:colcon.colcon_core.package_selection:Skipping not selected package 'resource_builder' in 'src/tools/resource_builder'
[0.305s] INFO:colcon.colcon_core.package_selection:Skipping not selected package 'sdl_utils' in 'src/lib/sdl_utils'
[0.305s] INFO:colcon.colcon_core.package_selection:Skipping not selected package 'manager_utils' in 'src/lib/manager_utils'
[0.305s] INFO:colcon.colcon_core.package_selection:Skipping not selected package 'game_engine' in 'src/lib/game_engine'
[0.305s] INFO:colcon.colcon_core.package_selection:Skipping not selected package 'robo_common' in 'src/robo_common'
[0.305s] INFO:colcon.colcon_core.package_selection:Skipping not selected package 'robo_cleaner_common' in 'src/robo_cleaner/robo_cleaner_common'
[0.305s] INFO:colcon.colcon_core.package_selection:Skipping not selected package 'robo_collector_common' in 'src/robo_collector/robo_collector_common'
[0.305s] INFO:colcon.colcon_core.package_selection:Skipping not selected package 'robo_miner_common' in 'src/robo_miner/robo_miner_common'
[0.305s] INFO:colcon.colcon_core.package_selection:Skipping not selected package 'ros2_game_engine' in 'src/lib/ros2_game_engine'
[0.305s] INFO:colcon.colcon_core.package_selection:Skipping not selected package 'robo_cleaner_gui' in 'src/robo_cleaner/robo_cleaner_gui'
[0.305s] INFO:colcon.colcon_core.package_selection:Skipping not selected package 'robo_collector_controller' in 'src/robo_collector/robo_collector_controller'
[0.305s] INFO:colcon.colcon_core.package_selection:Skipping not selected package 'robo_collector_gui' in 'src/robo_collector/robo_collector_gui'
[0.305s] INFO:colcon.colcon_core.package_selection:Skipping not selected package 'robo_miner_gui' in 'src/robo_miner/robo_miner_gui'
[0.305s] INFO:colcon.colcon_core.package_selection:Skipping not selected package 'ur_control_gui' in 'src/ur_dev/ur_control_gui'
[0.305s] INFO:colcon.colcon_core.package_selection:Skipping not selected package 'urscript_bridge' in 'src/ur_dev/urscript/urscript_bridge'
[0.306s] Level 1:colcon.colcon_core.package_discovery:discover_packages(prefix_path) check parameters
[0.306s] Level 1:colcon.colcon_core.package_discovery:discover_packages(prefix_path) discover
[0.310s] DEBUG:colcon.colcon_installed_package_information.package_discovery:Found 30 installed packages in /home/parallels/CLionProjects/Homeworks/robotics_v1/install
[0.311s] DEBUG:colcon.colcon_installed_package_information.package_discovery:Found 268 installed packages in /opt/ros/foxy
[0.311s] Level 1:colcon.colcon_core.package_discovery:discover_packages(prefix_path) using defaults
[0.350s] INFO:colcon.colcon_core.executor:Executing jobs using 'parallel' executor
[0.352s] DEBUG:colcon.colcon_parallel_executor.executor.parallel:run_until_complete
[0.352s] DEBUG:colcon.colcon_parallel_executor.executor.parallel:closing loop
[0.352s] DEBUG:colcon.colcon_parallel_executor.executor.parallel:loop closed
[0.352s] DEBUG:colcon.colcon_parallel_executor.executor.parallel:run_until_complete finished with '0'
[0.352s] DEBUG:colcon.colcon_core.event_reactor:joining thread
[0.357s] INFO:colcon.colcon_core.plugin_system:Skipping extension 'colcon_notification.desktop_notification.terminal_notifier': Not used on non-Darwin systems
[0.358s] INFO:colcon.colcon_core.plugin_system:Skipping extension 'colcon_notification.desktop_notification.win32': Not used on non-Windows systems
[0.358s] INFO:colcon.colcon_notification.desktop_notification:Sending desktop notification using 'notify2'
[0.378s] DEBUG:colcon.colcon_core.event_reactor:joined thread
[0.382s] INFO:colcon.colcon_core.plugin_system:Skipping extension 'colcon_core.shell.bat': Not used on non-Windows systems
[0.383s] INFO:colcon.colcon_core.shell:Creating prefix script '/home/parallels/CLionProjects/Homeworks/robotics_v1/install/local_setup.ps1'
[0.383s] INFO:colcon.colcon_core.shell:Creating prefix util module '/home/parallels/CLionProjects/Homeworks/robotics_v1/install/_local_setup_util_ps1.py'
[0.384s] INFO:colcon.colcon_core.shell:Creating prefix chain script '/home/parallels/CLionProjects/Homeworks/robotics_v1/install/setup.ps1'
[0.385s] INFO:colcon.colcon_core.shell:Creating prefix script '/home/parallels/CLionProjects/Homeworks/robotics_v1/install/local_setup.sh'
[0.385s] INFO:colcon.colcon_core.shell:Creating prefix util module '/home/parallels/CLionProjects/Homeworks/robotics_v1/install/_local_setup_util_sh.py'
[0.386s] INFO:colcon.colcon_core.shell:Creating prefix chain script '/home/parallels/CLionProjects/Homeworks/robotics_v1/install/setup.sh'
[0.387s] INFO:colcon.colcon_core.shell:Creating prefix script '/home/parallels/CLionProjects/Homeworks/robotics_v1/install/local_setup.bash'
[0.387s] INFO:colcon.colcon_core.shell:Creating prefix chain script '/home/parallels/CLionProjects/Homeworks/robotics_v1/install/setup.bash'
[0.388s] INFO:colcon.colcon_core.shell:Creating prefix script '/home/parallels/CLionProjects/Homeworks/robotics_v1/install/local_setup.zsh'
[0.388s] INFO:colcon.colcon_core.shell:Creating prefix chain script '/home/parallels/CLionProjects/Homeworks/robotics_v1/install/setup.zsh'
