[0.094s] Invoking command in '/home/parallels/CLionProjects/Homeworks/robotics_v1/build/urscript_common': AMENT_PREFIX_PATH=/home/parallels/CLionProjects/Homeworks/robotics_v1/install/urscript_interfaces:${AMENT_PREFIX_PATH} CMAKE_PREFIX_PATH=/home/parallels/CLionProjects/Homeworks/robotics_v1/install/utils:/home/parallels/CLionProjects/Homeworks/robotics_v1/install/urscript_interfaces:/home/parallels/CLionProjects/Homeworks/robotics_v1/install/cmake_helpers:/opt/ros/foxy LD_LIBRARY_PATH=/home/parallels/CLionProjects/Homeworks/robotics_v1/install/urscript_interfaces/lib:${LD_LIBRARY_PATH} PKG_CONFIG_PATH=/home/parallels/CLionProjects/Homeworks/robotics_v1/install/utils/lib/aarch64-linux-gnu/pkgconfig:/home/parallels/CLionProjects/Homeworks/robotics_v1/install/utils/lib/pkgconfig:/home/parallels/CLionProjects/Homeworks/robotics_v1/install/cmake_helpers/lib/aarch64-linux-gnu/pkgconfig:/home/parallels/CLionProjects/Homeworks/robotics_v1/install/cmake_helpers/lib/pkgconfig PYTHONPATH=/home/parallels/CLionProjects/Homeworks/robotics_v1/install/urscript_interfaces/lib/python3.8/site-packages:${PYTHONPATH} /usr/bin/cmake /home/parallels/CLionProjects/Homeworks/robotics_v1/src/ur_dev/urscript/urscript_common -DCMAKE_BUILD_TYPE=Debug -DCMAKE_CXX_COMPILER=/usr/bin/clang++ -DAMENT_CMAKE_SYMLINK_INSTALL=1 -DCMAKE_INSTALL_PREFIX=/home/parallels/CLionProjects/Homeworks/robotics_v1/install/urscript_common
[0.271s] -- The CXX compiler identification is Clang 10.0.0
[0.275s] -- Check for working CXX compiler: /usr/bin/clang++
[0.385s] -- Check for working CXX compiler: /usr/bin/clang++ -- works
[0.386s] -- Detecting CXX compiler ABI info
[0.550s] -- Detecting CXX compiler ABI info - done
[0.556s] -- Detecting CXX compile features
[0.557s] -- Detecting CXX compile features - done
[0.557s] -- Found cmake_helpers: 1.0.0 (/home/parallels/CLionProjects/Homeworks/robotics_v1/install/cmake_helpers/share/cmake_helpers/cmake)
[0.558s] -- Looking for C++ include pthread.h
[0.766s] -- Looking for C++ include pthread.h - found
[0.766s] -- Performing Test CMAKE_HAVE_LIBC_PTHREAD
[0.918s] -- Performing Test CMAKE_HAVE_LIBC_PTHREAD - Failed
[0.918s] -- Looking for pthread_create in pthreads
[0.990s] -- Looking for pthread_create in pthreads - not found
[0.991s] -- Looking for pthread_create in pthread
[1.096s] -- Looking for pthread_create in pthread - found
[1.097s] -- Found Threads: TRUE  
[1.097s] -- Found urscript_interfaces: 1.0.0 (/home/parallels/CLionProjects/Homeworks/robotics_v1/install/urscript_interfaces/share/urscript_interfaces/cmake)
[1.113s] -- Found PythonInterp: /usr/bin/python3 (found suitable version "3.8.10", minimum required is "3") 
[1.113s] -- Using PYTHON_EXECUTABLE: /usr/bin/python3
[1.202s] -- Override CMake install command with custom implementation using symlinks instead of copying resources
[1.260s] -- Using all available rosidl_typesupport_c: rosidl_typesupport_fastrtps_c;rosidl_typesupport_introspection_c
[1.264s] -- Found rosidl_adapter: 1.2.1 (/opt/ros/foxy/share/rosidl_adapter/cmake)
[1.364s] -- Found OpenSSL: /usr/lib/aarch64-linux-gnu/libcrypto.so (found version "1.1.1f")  
[1.388s] -- Found FastRTPS: /opt/ros/foxy/include  
[1.447s] -- Using all available rosidl_typesupport_cpp: rosidl_typesupport_fastrtps_cpp;rosidl_typesupport_introspection_cpp
[1.519s] -- Configuring done
[1.521s] -- Generating done
[1.522s] -- Build files have been written to: /home/parallels/CLionProjects/Homeworks/robotics_v1/build/urscript_common
[1.534s] Invoked command in '/home/parallels/CLionProjects/Homeworks/robotics_v1/build/urscript_common' returned '0': AMENT_PREFIX_PATH=/home/parallels/CLionProjects/Homeworks/robotics_v1/install/urscript_interfaces:${AMENT_PREFIX_PATH} CMAKE_PREFIX_PATH=/home/parallels/CLionProjects/Homeworks/robotics_v1/install/utils:/home/parallels/CLionProjects/Homeworks/robotics_v1/install/urscript_interfaces:/home/parallels/CLionProjects/Homeworks/robotics_v1/install/cmake_helpers:/opt/ros/foxy LD_LIBRARY_PATH=/home/parallels/CLionProjects/Homeworks/robotics_v1/install/urscript_interfaces/lib:${LD_LIBRARY_PATH} PKG_CONFIG_PATH=/home/parallels/CLionProjects/Homeworks/robotics_v1/install/utils/lib/aarch64-linux-gnu/pkgconfig:/home/parallels/CLionProjects/Homeworks/robotics_v1/install/utils/lib/pkgconfig:/home/parallels/CLionProjects/Homeworks/robotics_v1/install/cmake_helpers/lib/aarch64-linux-gnu/pkgconfig:/home/parallels/CLionProjects/Homeworks/robotics_v1/install/cmake_helpers/lib/pkgconfig PYTHONPATH=/home/parallels/CLionProjects/Homeworks/robotics_v1/install/urscript_interfaces/lib/python3.8/site-packages:${PYTHONPATH} /usr/bin/cmake /home/parallels/CLionProjects/Homeworks/robotics_v1/src/ur_dev/urscript/urscript_common -DCMAKE_BUILD_TYPE=Debug -DCMAKE_CXX_COMPILER=/usr/bin/clang++ -DAMENT_CMAKE_SYMLINK_INSTALL=1 -DCMAKE_INSTALL_PREFIX=/home/parallels/CLionProjects/Homeworks/robotics_v1/install/urscript_common
[1.536s] Invoking command in '/home/parallels/CLionProjects/Homeworks/robotics_v1/build/urscript_common': AMENT_PREFIX_PATH=/home/parallels/CLionProjects/Homeworks/robotics_v1/install/urscript_interfaces:${AMENT_PREFIX_PATH} CMAKE_PREFIX_PATH=/home/parallels/CLionProjects/Homeworks/robotics_v1/install/utils:/home/parallels/CLionProjects/Homeworks/robotics_v1/install/urscript_interfaces:/home/parallels/CLionProjects/Homeworks/robotics_v1/install/cmake_helpers:/opt/ros/foxy LD_LIBRARY_PATH=/home/parallels/CLionProjects/Homeworks/robotics_v1/install/urscript_interfaces/lib:${LD_LIBRARY_PATH} PKG_CONFIG_PATH=/home/parallels/CLionProjects/Homeworks/robotics_v1/install/utils/lib/aarch64-linux-gnu/pkgconfig:/home/parallels/CLionProjects/Homeworks/robotics_v1/install/utils/lib/pkgconfig:/home/parallels/CLionProjects/Homeworks/robotics_v1/install/cmake_helpers/lib/aarch64-linux-gnu/pkgconfig:/home/parallels/CLionProjects/Homeworks/robotics_v1/install/cmake_helpers/lib/pkgconfig PYTHONPATH=/home/parallels/CLionProjects/Homeworks/robotics_v1/install/urscript_interfaces/lib/python3.8/site-packages:${PYTHONPATH} /usr/bin/cmake --build /home/parallels/CLionProjects/Homeworks/robotics_v1/build/urscript_common -- -j4 -l4
[1.647s] [35m[1mScanning dependencies of target urscript_common[0m
[1.677s] [ 50%] [32mBuilding CXX object CMakeFiles/urscript_common.dir/src/message_helpers/UrScriptMessageHelpers.cpp.o[0m
[1.961s] [100%] [32m[1mLinking CXX static library liburscript_common.a[0m
[2.004s] [100%] Built target urscript_common
[2.021s] Invoked command in '/home/parallels/CLionProjects/Homeworks/robotics_v1/build/urscript_common' returned '0': AMENT_PREFIX_PATH=/home/parallels/CLionProjects/Homeworks/robotics_v1/install/urscript_interfaces:${AMENT_PREFIX_PATH} CMAKE_PREFIX_PATH=/home/parallels/CLionProjects/Homeworks/robotics_v1/install/utils:/home/parallels/CLionProjects/Homeworks/robotics_v1/install/urscript_interfaces:/home/parallels/CLionProjects/Homeworks/robotics_v1/install/cmake_helpers:/opt/ros/foxy LD_LIBRARY_PATH=/home/parallels/CLionProjects/Homeworks/robotics_v1/install/urscript_interfaces/lib:${LD_LIBRARY_PATH} PKG_CONFIG_PATH=/home/parallels/CLionProjects/Homeworks/robotics_v1/install/utils/lib/aarch64-linux-gnu/pkgconfig:/home/parallels/CLionProjects/Homeworks/robotics_v1/install/utils/lib/pkgconfig:/home/parallels/CLionProjects/Homeworks/robotics_v1/install/cmake_helpers/lib/aarch64-linux-gnu/pkgconfig:/home/parallels/CLionProjects/Homeworks/robotics_v1/install/cmake_helpers/lib/pkgconfig PYTHONPATH=/home/parallels/CLionProjects/Homeworks/robotics_v1/install/urscript_interfaces/lib/python3.8/site-packages:${PYTHONPATH} /usr/bin/cmake --build /home/parallels/CLionProjects/Homeworks/robotics_v1/build/urscript_common -- -j4 -l4
[2.080s] Invoking command in '/home/parallels/CLionProjects/Homeworks/robotics_v1/build/urscript_common': AMENT_PREFIX_PATH=/home/parallels/CLionProjects/Homeworks/robotics_v1/install/urscript_interfaces:${AMENT_PREFIX_PATH} CMAKE_PREFIX_PATH=/home/parallels/CLionProjects/Homeworks/robotics_v1/install/utils:/home/parallels/CLionProjects/Homeworks/robotics_v1/install/urscript_interfaces:/home/parallels/CLionProjects/Homeworks/robotics_v1/install/cmake_helpers:/opt/ros/foxy LD_LIBRARY_PATH=/home/parallels/CLionProjects/Homeworks/robotics_v1/install/urscript_interfaces/lib:${LD_LIBRARY_PATH} PKG_CONFIG_PATH=/home/parallels/CLionProjects/Homeworks/robotics_v1/install/utils/lib/aarch64-linux-gnu/pkgconfig:/home/parallels/CLionProjects/Homeworks/robotics_v1/install/utils/lib/pkgconfig:/home/parallels/CLionProjects/Homeworks/robotics_v1/install/cmake_helpers/lib/aarch64-linux-gnu/pkgconfig:/home/parallels/CLionProjects/Homeworks/robotics_v1/install/cmake_helpers/lib/pkgconfig PYTHONPATH=/home/parallels/CLionProjects/Homeworks/robotics_v1/install/urscript_interfaces/lib/python3.8/site-packages:${PYTHONPATH} /usr/bin/cmake --install /home/parallels/CLionProjects/Homeworks/robotics_v1/build/urscript_common
[2.088s] -- Install configuration: "Debug"
[2.088s] -- Execute custom install script
[2.089s] -- Symlinking: /home/parallels/CLionProjects/Homeworks/robotics_v1/install/urscript_common/share/urscript_common/package.xml
[2.112s] -- Symlinking: /home/parallels/CLionProjects/Homeworks/robotics_v1/install/urscript_common/lib/urscript_common/liburscript_common.a
[2.120s] -- Symlinking: /home/parallels/CLionProjects/Homeworks/robotics_v1/install/urscript_common/share/ament_index/resource_index/packages/urscript_common
[2.134s] -- Symlinking: /home/parallels/CLionProjects/Homeworks/robotics_v1/install/urscript_common/share/urscript_common/hook/ament_prefix_path.dsv
[2.155s] -- Symlinking: /home/parallels/CLionProjects/Homeworks/robotics_v1/install/urscript_common/share/urscript_common/hook/ros_package_path.dsv
[2.178s] -- Symlinking: /home/parallels/CLionProjects/Homeworks/robotics_v1/install/urscript_common/share/ament_index/resource_index/package_run_dependencies/urscript_common
[2.204s] -- Symlinking: /home/parallels/CLionProjects/Homeworks/robotics_v1/install/urscript_common/share/ament_index/resource_index/parent_prefix_path/urscript_common
[2.228s] -- Symlinking: /home/parallels/CLionProjects/Homeworks/robotics_v1/install/urscript_common/share/urscript_common/environment/ament_prefix_path.sh
[2.256s] -- Symlinking: /home/parallels/CLionProjects/Homeworks/robotics_v1/install/urscript_common/share/urscript_common/environment/ament_prefix_path.dsv
[2.279s] -- Symlinking: /home/parallels/CLionProjects/Homeworks/robotics_v1/install/urscript_common/share/urscript_common/environment/path.sh
[2.305s] -- Symlinking: /home/parallels/CLionProjects/Homeworks/robotics_v1/install/urscript_common/share/urscript_common/environment/path.dsv
[2.327s] -- Symlinking: /home/parallels/CLionProjects/Homeworks/robotics_v1/install/urscript_common/share/urscript_common/local_setup.bash
[2.352s] -- Symlinking: /home/parallels/CLionProjects/Homeworks/robotics_v1/install/urscript_common/share/urscript_common/local_setup.sh
[2.376s] -- Symlinking: /home/parallels/CLionProjects/Homeworks/robotics_v1/install/urscript_common/share/urscript_common/local_setup.zsh
[2.400s] -- Symlinking: /home/parallels/CLionProjects/Homeworks/robotics_v1/install/urscript_common/share/urscript_common/local_setup.dsv
[2.420s] -- Symlinking: /home/parallels/CLionProjects/Homeworks/robotics_v1/install/urscript_common/share/urscript_common/package.dsv
[2.433s] -- Symlinking: /home/parallels/CLionProjects/Homeworks/robotics_v1/install/urscript_common/share/ament_index/resource_index/packages/urscript_common
[2.460s] -- Symlinking: /home/parallels/CLionProjects/Homeworks/robotics_v1/install/urscript_common/share/urscript_common/cmake/urscript_commonConfig.cmake
[2.479s] -- Symlinking: /home/parallels/CLionProjects/Homeworks/robotics_v1/install/urscript_common/share/urscript_common/cmake/urscript_commonConfig-version.cmake
[2.504s] -- Up-to-date symlink: /home/parallels/CLionProjects/Homeworks/robotics_v1/install/urscript_common/share/urscript_common/package.xml
[2.505s] -- Symlinking: /home/parallels/CLionProjects/Homeworks/robotics_v1/install/urscript_common/include/urscript_common/defines/UrScriptTopics.h
[2.528s] -- Symlinking: /home/parallels/CLionProjects/Homeworks/robotics_v1/install/urscript_common/include/urscript_common/message_helpers/UrScriptMessageHelpers.h
[2.576s] -- Symlinking: /home/parallels/CLionProjects/Homeworks/robotics_v1/install/urscript_common/lib/cmake/urscript_common/urscript_commonConfig.cmake
[2.605s] -- Installing: /home/parallels/CLionProjects/Homeworks/robotics_v1/install/urscript_common/lib/liburscript_common.a
[2.605s] -- Installing: /home/parallels/CLionProjects/Homeworks/robotics_v1/install/urscript_common/lib/cmake/urscript_common/urscript_commonTargets.cmake
[2.605s] -- Installing: /home/parallels/CLionProjects/Homeworks/robotics_v1/install/urscript_common/lib/cmake/urscript_common/urscript_commonTargets-debug.cmake
[2.608s] Invoked command in '/home/parallels/CLionProjects/Homeworks/robotics_v1/build/urscript_common' returned '0': AMENT_PREFIX_PATH=/home/parallels/CLionProjects/Homeworks/robotics_v1/install/urscript_interfaces:${AMENT_PREFIX_PATH} CMAKE_PREFIX_PATH=/home/parallels/CLionProjects/Homeworks/robotics_v1/install/utils:/home/parallels/CLionProjects/Homeworks/robotics_v1/install/urscript_interfaces:/home/parallels/CLionProjects/Homeworks/robotics_v1/install/cmake_helpers:/opt/ros/foxy LD_LIBRARY_PATH=/home/parallels/CLionProjects/Homeworks/robotics_v1/install/urscript_interfaces/lib:${LD_LIBRARY_PATH} PKG_CONFIG_PATH=/home/parallels/CLionProjects/Homeworks/robotics_v1/install/utils/lib/aarch64-linux-gnu/pkgconfig:/home/parallels/CLionProjects/Homeworks/robotics_v1/install/utils/lib/pkgconfig:/home/parallels/CLionProjects/Homeworks/robotics_v1/install/cmake_helpers/lib/aarch64-linux-gnu/pkgconfig:/home/parallels/CLionProjects/Homeworks/robotics_v1/install/cmake_helpers/lib/pkgconfig PYTHONPATH=/home/parallels/CLionProjects/Homeworks/robotics_v1/install/urscript_interfaces/lib/python3.8/site-packages:${PYTHONPATH} /usr/bin/cmake --install /home/parallels/CLionProjects/Homeworks/robotics_v1/build/urscript_common
