[0.071s] Invoking command in '/home/parallels/CLionProjects/Homeworks/robotics_v1/build/robo_collector_common': AMENT_PREFIX_PATH=/home/parallels/CLionProjects/Homeworks/robotics_v1/install/robo_collector_interfaces:${AMENT_PREFIX_PATH} CMAKE_PREFIX_PATH=/home/parallels/CLionProjects/Homeworks/robotics_v1/install/robo_common:/home/parallels/CLionProjects/Homeworks/robotics_v1/install/manager_utils:/home/parallels/CLionProjects/Homeworks/robotics_v1/install/sdl_utils:/home/parallels/CLionProjects/Homeworks/robotics_v1/install/resource_utils:/home/parallels/CLionProjects/Homeworks/robotics_v1/install/utils:/home/parallels/CLionProjects/Homeworks/robotics_v1/install/robo_collector_interfaces:/home/parallels/CLionProjects/Homeworks/robotics_v1/install/cmake_helpers:/opt/ros/foxy LD_LIBRARY_PATH=/home/parallels/CLionProjects/Homeworks/robotics_v1/install/robo_collector_interfaces/lib:${LD_LIBRARY_PATH} PKG_CONFIG_PATH=/home/parallels/CLionProjects/Homeworks/robotics_v1/install/robo_common/lib/aarch64-linux-gnu/pkgconfig:/home/parallels/CLionProjects/Homeworks/robotics_v1/install/robo_common/lib/pkgconfig:/home/parallels/CLionProjects/Homeworks/robotics_v1/install/manager_utils/lib/aarch64-linux-gnu/pkgconfig:/home/parallels/CLionProjects/Homeworks/robotics_v1/install/manager_utils/lib/pkgconfig:/home/parallels/CLionProjects/Homeworks/robotics_v1/install/sdl_utils/lib/aarch64-linux-gnu/pkgconfig:/home/parallels/CLionProjects/Homeworks/robotics_v1/install/sdl_utils/lib/pkgconfig:/home/parallels/CLionProjects/Homeworks/robotics_v1/install/resource_utils/lib/aarch64-linux-gnu/pkgconfig:/home/parallels/CLionProjects/Homeworks/robotics_v1/install/resource_utils/lib/pkgconfig:/home/parallels/CLionProjects/Homeworks/robotics_v1/install/utils/lib/aarch64-linux-gnu/pkgconfig:/home/parallels/CLionProjects/Homeworks/robotics_v1/install/utils/lib/pkgconfig:/home/parallels/CLionProjects/Homeworks/robotics_v1/install/cmake_helpers/lib/aarch64-linux-gnu/pkgconfig:/home/parallels/CLionProjects/Homeworks/robotics_v1/install/cmake_helpers/lib/pkgconfig PYTHONPATH=/home/parallels/CLionProjects/Homeworks/robotics_v1/install/robo_collector_interfaces/lib/python3.8/site-packages:${PYTHONPATH} /usr/bin/cmake /home/parallels/CLionProjects/Homeworks/robotics_v1/src/robo_collector/robo_collector_common -DCMAKE_BUILD_TYPE=Debug -DCMAKE_CXX_COMPILER=/usr/bin/clang++ -DAMENT_CMAKE_SYMLINK_INSTALL=1 -DCMAKE_INSTALL_PREFIX=/home/parallels/CLionProjects/Homeworks/robotics_v1/install/robo_collector_common
[0.170s] -- The CXX compiler identification is Clang 10.0.0
[0.174s] -- Check for working CXX compiler: /usr/bin/clang++
[0.335s] -- Check for working CXX compiler: /usr/bin/clang++ -- works
[0.336s] -- Detecting CXX compiler ABI info
[0.537s] -- Detecting CXX compiler ABI info - done
[0.544s] -- Detecting CXX compile features
[0.544s] -- Detecting CXX compile features - done
[0.545s] -- Found cmake_helpers: 1.0.0 (/home/parallels/CLionProjects/Homeworks/robotics_v1/install/cmake_helpers/share/cmake_helpers/cmake)
[0.550s] -- Looking for C++ include pthread.h
[0.774s] -- Looking for C++ include pthread.h - found
[0.774s] -- Performing Test CMAKE_HAVE_LIBC_PTHREAD
[0.959s] -- Performing Test CMAKE_HAVE_LIBC_PTHREAD - Failed
[0.959s] -- Looking for pthread_create in pthreads
[1.185s] -- Looking for pthread_create in pthreads - not found
[1.185s] -- Looking for pthread_create in pthread
[1.495s] -- Looking for pthread_create in pthread - found
[1.496s] -- Found Threads: TRUE  
[1.499s] -- Found robo_collector_interfaces: 1.0.0 (/home/parallels/CLionProjects/Homeworks/robotics_v1/install/robo_collector_interfaces/share/robo_collector_interfaces/cmake)
[1.543s] -- Found PythonInterp: /usr/bin/python3 (found suitable version "3.8.10", minimum required is "3") 
[1.543s] -- Using PYTHON_EXECUTABLE: /usr/bin/python3
[1.730s] -- Override CMake install command with custom implementation using symlinks instead of copying resources
[1.793s] -- Using all available rosidl_typesupport_c: rosidl_typesupport_fastrtps_c;rosidl_typesupport_introspection_c
[1.799s] -- Found rosidl_adapter: 1.2.1 (/opt/ros/foxy/share/rosidl_adapter/cmake)
[1.883s] -- Found OpenSSL: /usr/lib/aarch64-linux-gnu/libcrypto.so (found version "1.1.1f")  
[1.904s] -- Found FastRTPS: /opt/ros/foxy/include  
[1.987s] -- Using all available rosidl_typesupport_cpp: rosidl_typesupport_fastrtps_cpp;rosidl_typesupport_introspection_cpp
[2.043s] -- Configuring done
[2.048s] -- Generating done
[2.049s] -- Build files have been written to: /home/parallels/CLionProjects/Homeworks/robotics_v1/build/robo_collector_common
[2.055s] Invoked command in '/home/parallels/CLionProjects/Homeworks/robotics_v1/build/robo_collector_common' returned '0': AMENT_PREFIX_PATH=/home/parallels/CLionProjects/Homeworks/robotics_v1/install/robo_collector_interfaces:${AMENT_PREFIX_PATH} CMAKE_PREFIX_PATH=/home/parallels/CLionProjects/Homeworks/robotics_v1/install/robo_common:/home/parallels/CLionProjects/Homeworks/robotics_v1/install/manager_utils:/home/parallels/CLionProjects/Homeworks/robotics_v1/install/sdl_utils:/home/parallels/CLionProjects/Homeworks/robotics_v1/install/resource_utils:/home/parallels/CLionProjects/Homeworks/robotics_v1/install/utils:/home/parallels/CLionProjects/Homeworks/robotics_v1/install/robo_collector_interfaces:/home/parallels/CLionProjects/Homeworks/robotics_v1/install/cmake_helpers:/opt/ros/foxy LD_LIBRARY_PATH=/home/parallels/CLionProjects/Homeworks/robotics_v1/install/robo_collector_interfaces/lib:${LD_LIBRARY_PATH} PKG_CONFIG_PATH=/home/parallels/CLionProjects/Homeworks/robotics_v1/install/robo_common/lib/aarch64-linux-gnu/pkgconfig:/home/parallels/CLionProjects/Homeworks/robotics_v1/install/robo_common/lib/pkgconfig:/home/parallels/CLionProjects/Homeworks/robotics_v1/install/manager_utils/lib/aarch64-linux-gnu/pkgconfig:/home/parallels/CLionProjects/Homeworks/robotics_v1/install/manager_utils/lib/pkgconfig:/home/parallels/CLionProjects/Homeworks/robotics_v1/install/sdl_utils/lib/aarch64-linux-gnu/pkgconfig:/home/parallels/CLionProjects/Homeworks/robotics_v1/install/sdl_utils/lib/pkgconfig:/home/parallels/CLionProjects/Homeworks/robotics_v1/install/resource_utils/lib/aarch64-linux-gnu/pkgconfig:/home/parallels/CLionProjects/Homeworks/robotics_v1/install/resource_utils/lib/pkgconfig:/home/parallels/CLionProjects/Homeworks/robotics_v1/install/utils/lib/aarch64-linux-gnu/pkgconfig:/home/parallels/CLionProjects/Homeworks/robotics_v1/install/utils/lib/pkgconfig:/home/parallels/CLionProjects/Homeworks/robotics_v1/install/cmake_helpers/lib/aarch64-linux-gnu/pkgconfig:/home/parallels/CLionProjects/Homeworks/robotics_v1/install/cmake_helpers/lib/pkgconfig PYTHONPATH=/home/parallels/CLionProjects/Homeworks/robotics_v1/install/robo_collector_interfaces/lib/python3.8/site-packages:${PYTHONPATH} /usr/bin/cmake /home/parallels/CLionProjects/Homeworks/robotics_v1/src/robo_collector/robo_collector_common -DCMAKE_BUILD_TYPE=Debug -DCMAKE_CXX_COMPILER=/usr/bin/clang++ -DAMENT_CMAKE_SYMLINK_INSTALL=1 -DCMAKE_INSTALL_PREFIX=/home/parallels/CLionProjects/Homeworks/robotics_v1/install/robo_collector_common
[2.055s] Invoking command in '/home/parallels/CLionProjects/Homeworks/robotics_v1/build/robo_collector_common': AMENT_PREFIX_PATH=/home/parallels/CLionProjects/Homeworks/robotics_v1/install/robo_collector_interfaces:${AMENT_PREFIX_PATH} CMAKE_PREFIX_PATH=/home/parallels/CLionProjects/Homeworks/robotics_v1/install/robo_common:/home/parallels/CLionProjects/Homeworks/robotics_v1/install/manager_utils:/home/parallels/CLionProjects/Homeworks/robotics_v1/install/sdl_utils:/home/parallels/CLionProjects/Homeworks/robotics_v1/install/resource_utils:/home/parallels/CLionProjects/Homeworks/robotics_v1/install/utils:/home/parallels/CLionProjects/Homeworks/robotics_v1/install/robo_collector_interfaces:/home/parallels/CLionProjects/Homeworks/robotics_v1/install/cmake_helpers:/opt/ros/foxy LD_LIBRARY_PATH=/home/parallels/CLionProjects/Homeworks/robotics_v1/install/robo_collector_interfaces/lib:${LD_LIBRARY_PATH} PKG_CONFIG_PATH=/home/parallels/CLionProjects/Homeworks/robotics_v1/install/robo_common/lib/aarch64-linux-gnu/pkgconfig:/home/parallels/CLionProjects/Homeworks/robotics_v1/install/robo_common/lib/pkgconfig:/home/parallels/CLionProjects/Homeworks/robotics_v1/install/manager_utils/lib/aarch64-linux-gnu/pkgconfig:/home/parallels/CLionProjects/Homeworks/robotics_v1/install/manager_utils/lib/pkgconfig:/home/parallels/CLionProjects/Homeworks/robotics_v1/install/sdl_utils/lib/aarch64-linux-gnu/pkgconfig:/home/parallels/CLionProjects/Homeworks/robotics_v1/install/sdl_utils/lib/pkgconfig:/home/parallels/CLionProjects/Homeworks/robotics_v1/install/resource_utils/lib/aarch64-linux-gnu/pkgconfig:/home/parallels/CLionProjects/Homeworks/robotics_v1/install/resource_utils/lib/pkgconfig:/home/parallels/CLionProjects/Homeworks/robotics_v1/install/utils/lib/aarch64-linux-gnu/pkgconfig:/home/parallels/CLionProjects/Homeworks/robotics_v1/install/utils/lib/pkgconfig:/home/parallels/CLionProjects/Homeworks/robotics_v1/install/cmake_helpers/lib/aarch64-linux-gnu/pkgconfig:/home/parallels/CLionProjects/Homeworks/robotics_v1/install/cmake_helpers/lib/pkgconfig PYTHONPATH=/home/parallels/CLionProjects/Homeworks/robotics_v1/install/robo_collector_interfaces/lib/python3.8/site-packages:${PYTHONPATH} /usr/bin/cmake --build /home/parallels/CLionProjects/Homeworks/robotics_v1/build/robo_collector_common -- -j4 -l4
[2.096s] [35m[1mScanning dependencies of target robo_collector_common[0m
[2.108s] [ 16%] [32mBuilding CXX object CMakeFiles/robo_collector_common.dir/src/layout/controller/buttons/HelpButton.cpp.o[0m
[2.116s] [ 33%] [32mBuilding CXX object CMakeFiles/robo_collector_common.dir/src/layout/controller/buttons/SettingsButton.cpp.o[0m
[2.122s] [ 50%] [32mBuilding CXX object CMakeFiles/robo_collector_common.dir/src/layout/controller/buttons/MoveButton.cpp.o[0m
[2.361s] [ 66%] [32mBuilding CXX object CMakeFiles/robo_collector_common.dir/src/layout/controller/RoboCollectorUiController.cpp.o[0m
[2.395s] [ 83%] [32mBuilding CXX object CMakeFiles/robo_collector_common.dir/src/message_helpers/RoboCollectorMessageHelpers.cpp.o[0m
[2.808s] [100%] [32m[1mLinking CXX static library librobo_collector_common.a[0m
[2.844s] [100%] Built target robo_collector_common
[2.855s] Invoked command in '/home/parallels/CLionProjects/Homeworks/robotics_v1/build/robo_collector_common' returned '0': AMENT_PREFIX_PATH=/home/parallels/CLionProjects/Homeworks/robotics_v1/install/robo_collector_interfaces:${AMENT_PREFIX_PATH} CMAKE_PREFIX_PATH=/home/parallels/CLionProjects/Homeworks/robotics_v1/install/robo_common:/home/parallels/CLionProjects/Homeworks/robotics_v1/install/manager_utils:/home/parallels/CLionProjects/Homeworks/robotics_v1/install/sdl_utils:/home/parallels/CLionProjects/Homeworks/robotics_v1/install/resource_utils:/home/parallels/CLionProjects/Homeworks/robotics_v1/install/utils:/home/parallels/CLionProjects/Homeworks/robotics_v1/install/robo_collector_interfaces:/home/parallels/CLionProjects/Homeworks/robotics_v1/install/cmake_helpers:/opt/ros/foxy LD_LIBRARY_PATH=/home/parallels/CLionProjects/Homeworks/robotics_v1/install/robo_collector_interfaces/lib:${LD_LIBRARY_PATH} PKG_CONFIG_PATH=/home/parallels/CLionProjects/Homeworks/robotics_v1/install/robo_common/lib/aarch64-linux-gnu/pkgconfig:/home/parallels/CLionProjects/Homeworks/robotics_v1/install/robo_common/lib/pkgconfig:/home/parallels/CLionProjects/Homeworks/robotics_v1/install/manager_utils/lib/aarch64-linux-gnu/pkgconfig:/home/parallels/CLionProjects/Homeworks/robotics_v1/install/manager_utils/lib/pkgconfig:/home/parallels/CLionProjects/Homeworks/robotics_v1/install/sdl_utils/lib/aarch64-linux-gnu/pkgconfig:/home/parallels/CLionProjects/Homeworks/robotics_v1/install/sdl_utils/lib/pkgconfig:/home/parallels/CLionProjects/Homeworks/robotics_v1/install/resource_utils/lib/aarch64-linux-gnu/pkgconfig:/home/parallels/CLionProjects/Homeworks/robotics_v1/install/resource_utils/lib/pkgconfig:/home/parallels/CLionProjects/Homeworks/robotics_v1/install/utils/lib/aarch64-linux-gnu/pkgconfig:/home/parallels/CLionProjects/Homeworks/robotics_v1/install/utils/lib/pkgconfig:/home/parallels/CLionProjects/Homeworks/robotics_v1/install/cmake_helpers/lib/aarch64-linux-gnu/pkgconfig:/home/parallels/CLionProjects/Homeworks/robotics_v1/install/cmake_helpers/lib/pkgconfig PYTHONPATH=/home/parallels/CLionProjects/Homeworks/robotics_v1/install/robo_collector_interfaces/lib/python3.8/site-packages:${PYTHONPATH} /usr/bin/cmake --build /home/parallels/CLionProjects/Homeworks/robotics_v1/build/robo_collector_common -- -j4 -l4
[2.885s] Invoking command in '/home/parallels/CLionProjects/Homeworks/robotics_v1/build/robo_collector_common': AMENT_PREFIX_PATH=/home/parallels/CLionProjects/Homeworks/robotics_v1/install/robo_collector_interfaces:${AMENT_PREFIX_PATH} CMAKE_PREFIX_PATH=/home/parallels/CLionProjects/Homeworks/robotics_v1/install/robo_common:/home/parallels/CLionProjects/Homeworks/robotics_v1/install/manager_utils:/home/parallels/CLionProjects/Homeworks/robotics_v1/install/sdl_utils:/home/parallels/CLionProjects/Homeworks/robotics_v1/install/resource_utils:/home/parallels/CLionProjects/Homeworks/robotics_v1/install/utils:/home/parallels/CLionProjects/Homeworks/robotics_v1/install/robo_collector_interfaces:/home/parallels/CLionProjects/Homeworks/robotics_v1/install/cmake_helpers:/opt/ros/foxy LD_LIBRARY_PATH=/home/parallels/CLionProjects/Homeworks/robotics_v1/install/robo_collector_interfaces/lib:${LD_LIBRARY_PATH} PKG_CONFIG_PATH=/home/parallels/CLionProjects/Homeworks/robotics_v1/install/robo_common/lib/aarch64-linux-gnu/pkgconfig:/home/parallels/CLionProjects/Homeworks/robotics_v1/install/robo_common/lib/pkgconfig:/home/parallels/CLionProjects/Homeworks/robotics_v1/install/manager_utils/lib/aarch64-linux-gnu/pkgconfig:/home/parallels/CLionProjects/Homeworks/robotics_v1/install/manager_utils/lib/pkgconfig:/home/parallels/CLionProjects/Homeworks/robotics_v1/install/sdl_utils/lib/aarch64-linux-gnu/pkgconfig:/home/parallels/CLionProjects/Homeworks/robotics_v1/install/sdl_utils/lib/pkgconfig:/home/parallels/CLionProjects/Homeworks/robotics_v1/install/resource_utils/lib/aarch64-linux-gnu/pkgconfig:/home/parallels/CLionProjects/Homeworks/robotics_v1/install/resource_utils/lib/pkgconfig:/home/parallels/CLionProjects/Homeworks/robotics_v1/install/utils/lib/aarch64-linux-gnu/pkgconfig:/home/parallels/CLionProjects/Homeworks/robotics_v1/install/utils/lib/pkgconfig:/home/parallels/CLionProjects/Homeworks/robotics_v1/install/cmake_helpers/lib/aarch64-linux-gnu/pkgconfig:/home/parallels/CLionProjects/Homeworks/robotics_v1/install/cmake_helpers/lib/pkgconfig PYTHONPATH=/home/parallels/CLionProjects/Homeworks/robotics_v1/install/robo_collector_interfaces/lib/python3.8/site-packages:${PYTHONPATH} /usr/bin/cmake --install /home/parallels/CLionProjects/Homeworks/robotics_v1/build/robo_collector_common
[2.894s] -- Install configuration: "Debug"
[2.894s] -- Execute custom install script
[2.895s] -- Symlinking: /home/parallels/CLionProjects/Homeworks/robotics_v1/install/robo_collector_common/share/robo_collector_common/package.xml
[2.904s] -- Symlinking: /home/parallels/CLionProjects/Homeworks/robotics_v1/install/robo_collector_common/lib/robo_collector_common/librobo_collector_common.a
[2.913s] -- Symlinking: /home/parallels/CLionProjects/Homeworks/robotics_v1/install/robo_collector_common/share/ament_index/resource_index/packages/robo_collector_common
[2.921s] -- Symlinking: /home/parallels/CLionProjects/Homeworks/robotics_v1/install/robo_collector_common/share/robo_collector_common/hook/ament_prefix_path.dsv
[2.928s] -- Symlinking: /home/parallels/CLionProjects/Homeworks/robotics_v1/install/robo_collector_common/share/robo_collector_common/hook/ros_package_path.dsv
[2.935s] -- Symlinking: /home/parallels/CLionProjects/Homeworks/robotics_v1/install/robo_collector_common/share/ament_index/resource_index/package_run_dependencies/robo_collector_common
[2.943s] -- Symlinking: /home/parallels/CLionProjects/Homeworks/robotics_v1/install/robo_collector_common/share/ament_index/resource_index/parent_prefix_path/robo_collector_common
[2.950s] -- Symlinking: /home/parallels/CLionProjects/Homeworks/robotics_v1/install/robo_collector_common/share/robo_collector_common/environment/ament_prefix_path.sh
[2.958s] -- Symlinking: /home/parallels/CLionProjects/Homeworks/robotics_v1/install/robo_collector_common/share/robo_collector_common/environment/ament_prefix_path.dsv
[2.966s] -- Symlinking: /home/parallels/CLionProjects/Homeworks/robotics_v1/install/robo_collector_common/share/robo_collector_common/environment/path.sh
[2.974s] -- Symlinking: /home/parallels/CLionProjects/Homeworks/robotics_v1/install/robo_collector_common/share/robo_collector_common/environment/path.dsv
[2.982s] -- Symlinking: /home/parallels/CLionProjects/Homeworks/robotics_v1/install/robo_collector_common/share/robo_collector_common/local_setup.bash
[2.990s] -- Symlinking: /home/parallels/CLionProjects/Homeworks/robotics_v1/install/robo_collector_common/share/robo_collector_common/local_setup.sh
[2.997s] -- Symlinking: /home/parallels/CLionProjects/Homeworks/robotics_v1/install/robo_collector_common/share/robo_collector_common/local_setup.zsh
[3.005s] -- Symlinking: /home/parallels/CLionProjects/Homeworks/robotics_v1/install/robo_collector_common/share/robo_collector_common/local_setup.dsv
[3.012s] -- Symlinking: /home/parallels/CLionProjects/Homeworks/robotics_v1/install/robo_collector_common/share/robo_collector_common/package.dsv
[3.020s] -- Symlinking: /home/parallels/CLionProjects/Homeworks/robotics_v1/install/robo_collector_common/share/ament_index/resource_index/packages/robo_collector_common
[3.028s] -- Symlinking: /home/parallels/CLionProjects/Homeworks/robotics_v1/install/robo_collector_common/share/robo_collector_common/cmake/robo_collector_commonConfig.cmake
[3.036s] -- Symlinking: /home/parallels/CLionProjects/Homeworks/robotics_v1/install/robo_collector_common/share/robo_collector_common/cmake/robo_collector_commonConfig-version.cmake
[3.045s] -- Up-to-date symlink: /home/parallels/CLionProjects/Homeworks/robotics_v1/install/robo_collector_common/share/robo_collector_common/package.xml
[3.046s] -- Symlinking: /home/parallels/CLionProjects/Homeworks/robotics_v1/install/robo_collector_common/include/robo_collector_common/defines/RoboCollectorFunctionalDefines.h
[3.054s] -- Symlinking: /home/parallels/CLionProjects/Homeworks/robotics_v1/install/robo_collector_common/include/robo_collector_common/defines/RoboCollectorTopics.h
[3.061s] -- Symlinking: /home/parallels/CLionProjects/Homeworks/robotics_v1/install/robo_collector_common/include/robo_collector_common/layout/controller/RoboCollectorUiController.h
[3.070s] -- Symlinking: /home/parallels/CLionProjects/Homeworks/robotics_v1/install/robo_collector_common/include/robo_collector_common/layout/controller/buttons/HelpButton.h
[3.078s] -- Symlinking: /home/parallels/CLionProjects/Homeworks/robotics_v1/install/robo_collector_common/include/robo_collector_common/layout/controller/buttons/MoveButton.h
[3.086s] -- Symlinking: /home/parallels/CLionProjects/Homeworks/robotics_v1/install/robo_collector_common/include/robo_collector_common/layout/controller/buttons/SettingsButton.h
[3.094s] -- Symlinking: /home/parallels/CLionProjects/Homeworks/robotics_v1/install/robo_collector_common/include/robo_collector_common/layout/controller/config/RoboCollectorUiControllerBaseConfig.h
[3.102s] -- Symlinking: /home/parallels/CLionProjects/Homeworks/robotics_v1/install/robo_collector_common/include/robo_collector_common/message_helpers/RoboCollectorMessageHelpers.h
[3.110s] -- Symlinking: /home/parallels/CLionProjects/Homeworks/robotics_v1/install/robo_collector_common/lib/cmake/robo_collector_common/robo_collector_commonConfig.cmake
[3.118s] -- Installing: /home/parallels/CLionProjects/Homeworks/robotics_v1/install/robo_collector_common/lib/librobo_collector_common.a
[3.118s] -- Installing: /home/parallels/CLionProjects/Homeworks/robotics_v1/install/robo_collector_common/lib/cmake/robo_collector_common/robo_collector_commonTargets.cmake
[3.118s] -- Installing: /home/parallels/CLionProjects/Homeworks/robotics_v1/install/robo_collector_common/lib/cmake/robo_collector_common/robo_collector_commonTargets-debug.cmake
[3.126s] Invoked command in '/home/parallels/CLionProjects/Homeworks/robotics_v1/build/robo_collector_common' returned '0': AMENT_PREFIX_PATH=/home/parallels/CLionProjects/Homeworks/robotics_v1/install/robo_collector_interfaces:${AMENT_PREFIX_PATH} CMAKE_PREFIX_PATH=/home/parallels/CLionProjects/Homeworks/robotics_v1/install/robo_common:/home/parallels/CLionProjects/Homeworks/robotics_v1/install/manager_utils:/home/parallels/CLionProjects/Homeworks/robotics_v1/install/sdl_utils:/home/parallels/CLionProjects/Homeworks/robotics_v1/install/resource_utils:/home/parallels/CLionProjects/Homeworks/robotics_v1/install/utils:/home/parallels/CLionProjects/Homeworks/robotics_v1/install/robo_collector_interfaces:/home/parallels/CLionProjects/Homeworks/robotics_v1/install/cmake_helpers:/opt/ros/foxy LD_LIBRARY_PATH=/home/parallels/CLionProjects/Homeworks/robotics_v1/install/robo_collector_interfaces/lib:${LD_LIBRARY_PATH} PKG_CONFIG_PATH=/home/parallels/CLionProjects/Homeworks/robotics_v1/install/robo_common/lib/aarch64-linux-gnu/pkgconfig:/home/parallels/CLionProjects/Homeworks/robotics_v1/install/robo_common/lib/pkgconfig:/home/parallels/CLionProjects/Homeworks/robotics_v1/install/manager_utils/lib/aarch64-linux-gnu/pkgconfig:/home/parallels/CLionProjects/Homeworks/robotics_v1/install/manager_utils/lib/pkgconfig:/home/parallels/CLionProjects/Homeworks/robotics_v1/install/sdl_utils/lib/aarch64-linux-gnu/pkgconfig:/home/parallels/CLionProjects/Homeworks/robotics_v1/install/sdl_utils/lib/pkgconfig:/home/parallels/CLionProjects/Homeworks/robotics_v1/install/resource_utils/lib/aarch64-linux-gnu/pkgconfig:/home/parallels/CLionProjects/Homeworks/robotics_v1/install/resource_utils/lib/pkgconfig:/home/parallels/CLionProjects/Homeworks/robotics_v1/install/utils/lib/aarch64-linux-gnu/pkgconfig:/home/parallels/CLionProjects/Homeworks/robotics_v1/install/utils/lib/pkgconfig:/home/parallels/CLionProjects/Homeworks/robotics_v1/install/cmake_helpers/lib/aarch64-linux-gnu/pkgconfig:/home/parallels/CLionProjects/Homeworks/robotics_v1/install/cmake_helpers/lib/pkgconfig PYTHONPATH=/home/parallels/CLionProjects/Homeworks/robotics_v1/install/robo_collector_interfaces/lib/python3.8/site-packages:${PYTHONPATH} /usr/bin/cmake --install /home/parallels/CLionProjects/Homeworks/robotics_v1/build/robo_collector_common
