-- The C compiler identification is GNU 9.4.0
-- The CXX compiler identification is GNU 9.4.0
-- Check for working C compiler: /usr/bin/cc
-- Check for working C compiler: /usr/bin/cc -- works
-- Detecting C compiler ABI info
-- Detecting C compiler ABI info - done
-- Detecting C compile features
-- Detecting C compile features - done
-- Check for working CXX compiler: /usr/bin/c++
-- Check for working CXX compiler: /usr/bin/c++ -- works
-- Detecting CXX compiler ABI info
-- Detecting CXX compiler ABI info - done
-- Detecting CXX compile features
-- Detecting CXX compile features - done
-- Found ament_cmake: 0.9.9 (/opt/ros/foxy/share/ament_cmake/cmake)
-- Found PythonInterp: /usr/bin/python3 (found suitable version "3.8.10", minimum required is "3") 
-- Using PYTHON_EXECUTABLE: /usr/bin/python3
-- Override CMake install command with custom implementation using symlinks instead of copying resources
-- Configuring done
-- Generating done
-- Build files have been written to: /home/parallels/CLionProjects/Homeworks/robotics_v1/build/robo_collector_bringup
-- Install configuration: ""
-- Execute custom install script
-- Symlinking: /home/parallels/CLionProjects/Homeworks/robotics_v1/install/robo_collector_bringup/share/robo_collector_bringup/launch/robo_collector_app.launch.py
-- Symlinking: /home/parallels/CLionProjects/Homeworks/robotics_v1/install/robo_collector_bringup/share/ament_index/resource_index/package_run_dependencies/robo_collector_bringup
-- Symlinking: /home/parallels/CLionProjects/Homeworks/robotics_v1/install/robo_collector_bringup/share/ament_index/resource_index/parent_prefix_path/robo_collector_bringup
-- Symlinking: /home/parallels/CLionProjects/Homeworks/robotics_v1/install/robo_collector_bringup/share/robo_collector_bringup/environment/ament_prefix_path.sh
-- Symlinking: /home/parallels/CLionProjects/Homeworks/robotics_v1/install/robo_collector_bringup/share/robo_collector_bringup/environment/ament_prefix_path.dsv
-- Symlinking: /home/parallels/CLionProjects/Homeworks/robotics_v1/install/robo_collector_bringup/share/robo_collector_bringup/environment/path.sh
-- Symlinking: /home/parallels/CLionProjects/Homeworks/robotics_v1/install/robo_collector_bringup/share/robo_collector_bringup/environment/path.dsv
-- Symlinking: /home/parallels/CLionProjects/Homeworks/robotics_v1/install/robo_collector_bringup/share/robo_collector_bringup/local_setup.bash
-- Symlinking: /home/parallels/CLionProjects/Homeworks/robotics_v1/install/robo_collector_bringup/share/robo_collector_bringup/local_setup.sh
-- Symlinking: /home/parallels/CLionProjects/Homeworks/robotics_v1/install/robo_collector_bringup/share/robo_collector_bringup/local_setup.zsh
-- Symlinking: /home/parallels/CLionProjects/Homeworks/robotics_v1/install/robo_collector_bringup/share/robo_collector_bringup/local_setup.dsv
-- Symlinking: /home/parallels/CLionProjects/Homeworks/robotics_v1/install/robo_collector_bringup/share/robo_collector_bringup/package.dsv
-- Symlinking: /home/parallels/CLionProjects/Homeworks/robotics_v1/install/robo_collector_bringup/share/ament_index/resource_index/packages/robo_collector_bringup
-- Symlinking: /home/parallels/CLionProjects/Homeworks/robotics_v1/install/robo_collector_bringup/share/robo_collector_bringup/cmake/robo_collector_bringupConfig.cmake
-- Symlinking: /home/parallels/CLionProjects/Homeworks/robotics_v1/install/robo_collector_bringup/share/robo_collector_bringup/cmake/robo_collector_bringupConfig-version.cmake
-- Symlinking: /home/parallels/CLionProjects/Homeworks/robotics_v1/install/robo_collector_bringup/share/robo_collector_bringup/package.xml
