[0.009s] Invoking command in '/home/parallels/CLionProjects/Homeworks/robotics_v1/build/robo_collector_bringup': CMAKE_PREFIX_PATH=${CMAKE_PREFIX_PATH}:/opt/ros/foxy /usr/bin/cmake /home/parallels/CLionProjects/Homeworks/robotics_v1/src/robo_collector_bringup -DAMENT_CMAKE_SYMLINK_INSTALL=1 -DCMAKE_INSTALL_PREFIX=/home/parallels/CLionProjects/Homeworks/robotics_v1/install/robo_collector_bringup
[0.102s] -- The C compiler identification is GNU 9.4.0
[0.153s] -- The CXX compiler identification is GNU 9.4.0
[0.157s] -- Check for working C compiler: /usr/bin/cc
[0.211s] -- Check for working C compiler: /usr/bin/cc -- works
[0.212s] -- Detecting C compiler ABI info
[0.266s] -- Detecting C compiler ABI info - done
[0.273s] -- Detecting C compile features
[0.273s] -- Detecting C compile features - done
[0.275s] -- Check for working CXX compiler: /usr/bin/c++
[0.334s] -- Check for working CXX compiler: /usr/bin/c++ -- works
[0.335s] -- Detecting CXX compiler ABI info
[0.392s] -- Detecting CXX compiler ABI info - done
[0.399s] -- Detecting CXX compile features
[0.399s] -- Detecting CXX compile features - done
[0.404s] -- Found ament_cmake: 0.9.9 (/opt/ros/foxy/share/ament_cmake/cmake)
[0.425s] -- Found PythonInterp: /usr/bin/python3 (found suitable version "3.8.10", minimum required is "3") 
[0.425s] -- Using PYTHON_EXECUTABLE: /usr/bin/python3
[0.526s] -- Override CMake install command with custom implementation using symlinks instead of copying resources
[0.597s] -- Configuring done
[0.598s] -- Generating done
[0.599s] -- Build files have been written to: /home/parallels/CLionProjects/Homeworks/robotics_v1/build/robo_collector_bringup
[0.601s] Invoked command in '/home/parallels/CLionProjects/Homeworks/robotics_v1/build/robo_collector_bringup' returned '0': CMAKE_PREFIX_PATH=${CMAKE_PREFIX_PATH}:/opt/ros/foxy /usr/bin/cmake /home/parallels/CLionProjects/Homeworks/robotics_v1/src/robo_collector_bringup -DAMENT_CMAKE_SYMLINK_INSTALL=1 -DCMAKE_INSTALL_PREFIX=/home/parallels/CLionProjects/Homeworks/robotics_v1/install/robo_collector_bringup
[0.603s] Invoking command in '/home/parallels/CLionProjects/Homeworks/robotics_v1/build/robo_collector_bringup': CMAKE_PREFIX_PATH=${CMAKE_PREFIX_PATH}:/opt/ros/foxy /usr/bin/cmake --build /home/parallels/CLionProjects/Homeworks/robotics_v1/build/robo_collector_bringup -- -j4 -l4
[0.635s] Invoked command in '/home/parallels/CLionProjects/Homeworks/robotics_v1/build/robo_collector_bringup' returned '0': CMAKE_PREFIX_PATH=${CMAKE_PREFIX_PATH}:/opt/ros/foxy /usr/bin/cmake --build /home/parallels/CLionProjects/Homeworks/robotics_v1/build/robo_collector_bringup -- -j4 -l4
[0.662s] Invoking command in '/home/parallels/CLionProjects/Homeworks/robotics_v1/build/robo_collector_bringup': CMAKE_PREFIX_PATH=${CMAKE_PREFIX_PATH}:/opt/ros/foxy /usr/bin/cmake --install /home/parallels/CLionProjects/Homeworks/robotics_v1/build/robo_collector_bringup
[0.668s] -- Install configuration: ""
[0.669s] -- Execute custom install script
[0.669s] -- Symlinking: /home/parallels/CLionProjects/Homeworks/robotics_v1/install/robo_collector_bringup/share/robo_collector_bringup/launch/robo_collector_app.launch.py
[0.676s] -- Symlinking: /home/parallels/CLionProjects/Homeworks/robotics_v1/install/robo_collector_bringup/share/ament_index/resource_index/package_run_dependencies/robo_collector_bringup
[0.683s] -- Symlinking: /home/parallels/CLionProjects/Homeworks/robotics_v1/install/robo_collector_bringup/share/ament_index/resource_index/parent_prefix_path/robo_collector_bringup
[0.690s] -- Symlinking: /home/parallels/CLionProjects/Homeworks/robotics_v1/install/robo_collector_bringup/share/robo_collector_bringup/environment/ament_prefix_path.sh
[0.697s] -- Symlinking: /home/parallels/CLionProjects/Homeworks/robotics_v1/install/robo_collector_bringup/share/robo_collector_bringup/environment/ament_prefix_path.dsv
[0.706s] -- Symlinking: /home/parallels/CLionProjects/Homeworks/robotics_v1/install/robo_collector_bringup/share/robo_collector_bringup/environment/path.sh
[0.714s] -- Symlinking: /home/parallels/CLionProjects/Homeworks/robotics_v1/install/robo_collector_bringup/share/robo_collector_bringup/environment/path.dsv
[0.722s] -- Symlinking: /home/parallels/CLionProjects/Homeworks/robotics_v1/install/robo_collector_bringup/share/robo_collector_bringup/local_setup.bash
[0.729s] -- Symlinking: /home/parallels/CLionProjects/Homeworks/robotics_v1/install/robo_collector_bringup/share/robo_collector_bringup/local_setup.sh
[0.738s] -- Symlinking: /home/parallels/CLionProjects/Homeworks/robotics_v1/install/robo_collector_bringup/share/robo_collector_bringup/local_setup.zsh
[0.746s] -- Symlinking: /home/parallels/CLionProjects/Homeworks/robotics_v1/install/robo_collector_bringup/share/robo_collector_bringup/local_setup.dsv
[0.753s] -- Symlinking: /home/parallels/CLionProjects/Homeworks/robotics_v1/install/robo_collector_bringup/share/robo_collector_bringup/package.dsv
[0.761s] -- Symlinking: /home/parallels/CLionProjects/Homeworks/robotics_v1/install/robo_collector_bringup/share/ament_index/resource_index/packages/robo_collector_bringup
[0.768s] -- Symlinking: /home/parallels/CLionProjects/Homeworks/robotics_v1/install/robo_collector_bringup/share/robo_collector_bringup/cmake/robo_collector_bringupConfig.cmake
[0.775s] -- Symlinking: /home/parallels/CLionProjects/Homeworks/robotics_v1/install/robo_collector_bringup/share/robo_collector_bringup/cmake/robo_collector_bringupConfig-version.cmake
[0.781s] -- Symlinking: /home/parallels/CLionProjects/Homeworks/robotics_v1/install/robo_collector_bringup/share/robo_collector_bringup/package.xml
[0.790s] Invoked command in '/home/parallels/CLionProjects/Homeworks/robotics_v1/build/robo_collector_bringup' returned '0': CMAKE_PREFIX_PATH=${CMAKE_PREFIX_PATH}:/opt/ros/foxy /usr/bin/cmake --install /home/parallels/CLionProjects/Homeworks/robotics_v1/build/robo_collector_bringup
