[0.031s] Invoking command in '/home/parallels/CLionProjects/Homeworks/robotics_v1/build/robo_miner_gui': AMENT_PREFIX_PATH=/home/parallels/CLionProjects/Homeworks/robotics_v1/install/robo_miner_common:/home/parallels/CLionProjects/Homeworks/robotics_v1/install/robo_miner_interfaces:${AMENT_PREFIX_PATH} CMAKE_PREFIX_PATH=/home/parallels/CLionProjects/Homeworks/robotics_v1/install/ros2_game_engine:/home/parallels/CLionProjects/Homeworks/robotics_v1/install/robo_miner_common:/home/parallels/CLionProjects/Homeworks/robotics_v1/install/robo_common:/home/parallels/CLionProjects/Homeworks/robotics_v1/install/game_engine:/home/parallels/CLionProjects/Homeworks/robotics_v1/install/manager_utils:/home/parallels/CLionProjects/Homeworks/robotics_v1/install/sdl_utils:/home/parallels/CLionProjects/Homeworks/robotics_v1/install/resource_utils:/home/parallels/CLionProjects/Homeworks/robotics_v1/install/utils:/home/parallels/CLionProjects/Homeworks/robotics_v1/install/robo_miner_interfaces:/home/parallels/CLionProjects/Homeworks/robotics_v1/install/cmake_helpers:/opt/ros/foxy LD_LIBRARY_PATH=/home/parallels/CLionProjects/Homeworks/robotics_v1/install/robo_miner_interfaces/lib:${LD_LIBRARY_PATH} PKG_CONFIG_PATH=/home/parallels/CLionProjects/Homeworks/robotics_v1/install/ros2_game_engine/lib/aarch64-linux-gnu/pkgconfig:/home/parallels/CLionProjects/Homeworks/robotics_v1/install/ros2_game_engine/lib/pkgconfig:/home/parallels/CLionProjects/Homeworks/robotics_v1/install/robo_common/lib/aarch64-linux-gnu/pkgconfig:/home/parallels/CLionProjects/Homeworks/robotics_v1/install/robo_common/lib/pkgconfig:/home/parallels/CLionProjects/Homeworks/robotics_v1/install/game_engine/lib/aarch64-linux-gnu/pkgconfig:/home/parallels/CLionProjects/Homeworks/robotics_v1/install/game_engine/lib/pkgconfig:/home/parallels/CLionProjects/Homeworks/robotics_v1/install/manager_utils/lib/aarch64-linux-gnu/pkgconfig:/home/parallels/CLionProjects/Homeworks/robotics_v1/install/manager_utils/lib/pkgconfig:/home/parallels/CLionProjects/Homeworks/robotics_v1/install/sdl_utils/lib/aarch64-linux-gnu/pkgconfig:/home/parallels/CLionProjects/Homeworks/robotics_v1/install/sdl_utils/lib/pkgconfig:/home/parallels/CLionProjects/Homeworks/robotics_v1/install/resource_utils/lib/aarch64-linux-gnu/pkgconfig:/home/parallels/CLionProjects/Homeworks/robotics_v1/install/resource_utils/lib/pkgconfig:/home/parallels/CLionProjects/Homeworks/robotics_v1/install/utils/lib/aarch64-linux-gnu/pkgconfig:/home/parallels/CLionProjects/Homeworks/robotics_v1/install/utils/lib/pkgconfig:/home/parallels/CLionProjects/Homeworks/robotics_v1/install/cmake_helpers/lib/aarch64-linux-gnu/pkgconfig:/home/parallels/CLionProjects/Homeworks/robotics_v1/install/cmake_helpers/lib/pkgconfig PYTHONPATH=/home/parallels/CLionProjects/Homeworks/robotics_v1/install/robo_miner_interfaces/lib/python3.8/site-packages:${PYTHONPATH} /usr/bin/cmake /home/parallels/CLionProjects/Homeworks/robotics_v1/src/robo_miner/robo_miner_gui -DCMAKE_BUILD_TYPE=Debug -DCMAKE_CXX_COMPILER=/usr/bin/clang++ -DAMENT_CMAKE_SYMLINK_INSTALL=1 -DCMAKE_INSTALL_PREFIX=/home/parallels/CLionProjects/Homeworks/robotics_v1/install/robo_miner_gui
[0.129s] -- The CXX compiler identification is Clang 10.0.0
[0.134s] -- Check for working CXX compiler: /usr/bin/clang++
[0.243s] -- Check for working CXX compiler: /usr/bin/clang++ -- works
[0.244s] -- Detecting CXX compiler ABI info
[0.336s] -- Detecting CXX compiler ABI info - done
[0.343s] -- Detecting CXX compile features
[0.343s] -- Detecting CXX compile features - done
[0.345s] -- Found cmake_helpers: 1.0.0 (/home/parallels/CLionProjects/Homeworks/robotics_v1/install/cmake_helpers/share/cmake_helpers/cmake)
[0.346s] -- Found ament_cmake: 0.9.9 (/opt/ros/foxy/share/ament_cmake/cmake)
[0.364s] -- Found PythonInterp: /usr/bin/python3 (found suitable version "3.8.10", minimum required is "3") 
[0.364s] -- Using PYTHON_EXECUTABLE: /usr/bin/python3
[0.459s] -- Override CMake install command with custom implementation using symlinks instead of copying resources
[0.477s] -- Found ament_index_cpp: 1.1.0 (/opt/ros/foxy/share/ament_index_cpp/cmake)
[0.480s] -- Found rclcpp: 2.4.1 (/opt/ros/foxy/share/rclcpp/cmake)
[0.515s] -- Using all available rosidl_typesupport_c: rosidl_typesupport_fastrtps_c;rosidl_typesupport_introspection_c
[0.520s] -- Found rosidl_adapter: 1.2.1 (/opt/ros/foxy/share/rosidl_adapter/cmake)
[0.582s] -- Found OpenSSL: /usr/lib/aarch64-linux-gnu/libcrypto.so (found version "1.1.1f")  
[0.605s] -- Found FastRTPS: /opt/ros/foxy/include  
[0.668s] -- Using all available rosidl_typesupport_cpp: rosidl_typesupport_fastrtps_cpp;rosidl_typesupport_introspection_cpp
[0.712s] -- Found rmw_implementation_cmake: 1.0.3 (/opt/ros/foxy/share/rmw_implementation_cmake/cmake)
[0.713s] -- Using RMW implementation 'rmw_fastrtps_cpp' as default
[0.714s] -- Looking for C++ include pthread.h
[0.812s] -- Looking for C++ include pthread.h - found
[0.812s] -- Performing Test CMAKE_HAVE_LIBC_PTHREAD
[0.916s] -- Performing Test CMAKE_HAVE_LIBC_PTHREAD - Failed
[0.917s] -- Looking for pthread_create in pthreads
[0.992s] -- Looking for pthread_create in pthreads - not found
[0.992s] -- Looking for pthread_create in pthread
[1.099s] -- Looking for pthread_create in pthread - found
[1.100s] -- Found Threads: TRUE  
[1.214s] -- Found robo_miner_interfaces: 1.0.0 (/home/parallels/CLionProjects/Homeworks/robotics_v1/install/robo_miner_interfaces/share/robo_miner_interfaces/cmake)
[4.279s] -- Configuring done
[4.292s] -- Generating done
[4.293s] -- Build files have been written to: /home/parallels/CLionProjects/Homeworks/robotics_v1/build/robo_miner_gui
[4.297s] Invoked command in '/home/parallels/CLionProjects/Homeworks/robotics_v1/build/robo_miner_gui' returned '0': AMENT_PREFIX_PATH=/home/parallels/CLionProjects/Homeworks/robotics_v1/install/robo_miner_common:/home/parallels/CLionProjects/Homeworks/robotics_v1/install/robo_miner_interfaces:${AMENT_PREFIX_PATH} CMAKE_PREFIX_PATH=/home/parallels/CLionProjects/Homeworks/robotics_v1/install/ros2_game_engine:/home/parallels/CLionProjects/Homeworks/robotics_v1/install/robo_miner_common:/home/parallels/CLionProjects/Homeworks/robotics_v1/install/robo_common:/home/parallels/CLionProjects/Homeworks/robotics_v1/install/game_engine:/home/parallels/CLionProjects/Homeworks/robotics_v1/install/manager_utils:/home/parallels/CLionProjects/Homeworks/robotics_v1/install/sdl_utils:/home/parallels/CLionProjects/Homeworks/robotics_v1/install/resource_utils:/home/parallels/CLionProjects/Homeworks/robotics_v1/install/utils:/home/parallels/CLionProjects/Homeworks/robotics_v1/install/robo_miner_interfaces:/home/parallels/CLionProjects/Homeworks/robotics_v1/install/cmake_helpers:/opt/ros/foxy LD_LIBRARY_PATH=/home/parallels/CLionProjects/Homeworks/robotics_v1/install/robo_miner_interfaces/lib:${LD_LIBRARY_PATH} PKG_CONFIG_PATH=/home/parallels/CLionProjects/Homeworks/robotics_v1/install/ros2_game_engine/lib/aarch64-linux-gnu/pkgconfig:/home/parallels/CLionProjects/Homeworks/robotics_v1/install/ros2_game_engine/lib/pkgconfig:/home/parallels/CLionProjects/Homeworks/robotics_v1/install/robo_common/lib/aarch64-linux-gnu/pkgconfig:/home/parallels/CLionProjects/Homeworks/robotics_v1/install/robo_common/lib/pkgconfig:/home/parallels/CLionProjects/Homeworks/robotics_v1/install/game_engine/lib/aarch64-linux-gnu/pkgconfig:/home/parallels/CLionProjects/Homeworks/robotics_v1/install/game_engine/lib/pkgconfig:/home/parallels/CLionProjects/Homeworks/robotics_v1/install/manager_utils/lib/aarch64-linux-gnu/pkgconfig:/home/parallels/CLionProjects/Homeworks/robotics_v1/install/manager_utils/lib/pkgconfig:/home/parallels/CLionProjects/Homeworks/robotics_v1/install/sdl_utils/lib/aarch64-linux-gnu/pkgconfig:/home/parallels/CLionProjects/Homeworks/robotics_v1/install/sdl_utils/lib/pkgconfig:/home/parallels/CLionProjects/Homeworks/robotics_v1/install/resource_utils/lib/aarch64-linux-gnu/pkgconfig:/home/parallels/CLionProjects/Homeworks/robotics_v1/install/resource_utils/lib/pkgconfig:/home/parallels/CLionProjects/Homeworks/robotics_v1/install/utils/lib/aarch64-linux-gnu/pkgconfig:/home/parallels/CLionProjects/Homeworks/robotics_v1/install/utils/lib/pkgconfig:/home/parallels/CLionProjects/Homeworks/robotics_v1/install/cmake_helpers/lib/aarch64-linux-gnu/pkgconfig:/home/parallels/CLionProjects/Homeworks/robotics_v1/install/cmake_helpers/lib/pkgconfig PYTHONPATH=/home/parallels/CLionProjects/Homeworks/robotics_v1/install/robo_miner_interfaces/lib/python3.8/site-packages:${PYTHONPATH} /usr/bin/cmake /home/parallels/CLionProjects/Homeworks/robotics_v1/src/robo_miner/robo_miner_gui -DCMAKE_BUILD_TYPE=Debug -DCMAKE_CXX_COMPILER=/usr/bin/clang++ -DAMENT_CMAKE_SYMLINK_INSTALL=1 -DCMAKE_INSTALL_PREFIX=/home/parallels/CLionProjects/Homeworks/robotics_v1/install/robo_miner_gui
[4.299s] Invoking command in '/home/parallels/CLionProjects/Homeworks/robotics_v1/build/robo_miner_gui': AMENT_PREFIX_PATH=/home/parallels/CLionProjects/Homeworks/robotics_v1/install/robo_miner_common:/home/parallels/CLionProjects/Homeworks/robotics_v1/install/robo_miner_interfaces:${AMENT_PREFIX_PATH} CMAKE_PREFIX_PATH=/home/parallels/CLionProjects/Homeworks/robotics_v1/install/ros2_game_engine:/home/parallels/CLionProjects/Homeworks/robotics_v1/install/robo_miner_common:/home/parallels/CLionProjects/Homeworks/robotics_v1/install/robo_common:/home/parallels/CLionProjects/Homeworks/robotics_v1/install/game_engine:/home/parallels/CLionProjects/Homeworks/robotics_v1/install/manager_utils:/home/parallels/CLionProjects/Homeworks/robotics_v1/install/sdl_utils:/home/parallels/CLionProjects/Homeworks/robotics_v1/install/resource_utils:/home/parallels/CLionProjects/Homeworks/robotics_v1/install/utils:/home/parallels/CLionProjects/Homeworks/robotics_v1/install/robo_miner_interfaces:/home/parallels/CLionProjects/Homeworks/robotics_v1/install/cmake_helpers:/opt/ros/foxy LD_LIBRARY_PATH=/home/parallels/CLionProjects/Homeworks/robotics_v1/install/robo_miner_interfaces/lib:${LD_LIBRARY_PATH} PKG_CONFIG_PATH=/home/parallels/CLionProjects/Homeworks/robotics_v1/install/ros2_game_engine/lib/aarch64-linux-gnu/pkgconfig:/home/parallels/CLionProjects/Homeworks/robotics_v1/install/ros2_game_engine/lib/pkgconfig:/home/parallels/CLionProjects/Homeworks/robotics_v1/install/robo_common/lib/aarch64-linux-gnu/pkgconfig:/home/parallels/CLionProjects/Homeworks/robotics_v1/install/robo_common/lib/pkgconfig:/home/parallels/CLionProjects/Homeworks/robotics_v1/install/game_engine/lib/aarch64-linux-gnu/pkgconfig:/home/parallels/CLionProjects/Homeworks/robotics_v1/install/game_engine/lib/pkgconfig:/home/parallels/CLionProjects/Homeworks/robotics_v1/install/manager_utils/lib/aarch64-linux-gnu/pkgconfig:/home/parallels/CLionProjects/Homeworks/robotics_v1/install/manager_utils/lib/pkgconfig:/home/parallels/CLionProjects/Homeworks/robotics_v1/install/sdl_utils/lib/aarch64-linux-gnu/pkgconfig:/home/parallels/CLionProjects/Homeworks/robotics_v1/install/sdl_utils/lib/pkgconfig:/home/parallels/CLionProjects/Homeworks/robotics_v1/install/resource_utils/lib/aarch64-linux-gnu/pkgconfig:/home/parallels/CLionProjects/Homeworks/robotics_v1/install/resource_utils/lib/pkgconfig:/home/parallels/CLionProjects/Homeworks/robotics_v1/install/utils/lib/aarch64-linux-gnu/pkgconfig:/home/parallels/CLionProjects/Homeworks/robotics_v1/install/utils/lib/pkgconfig:/home/parallels/CLionProjects/Homeworks/robotics_v1/install/cmake_helpers/lib/aarch64-linux-gnu/pkgconfig:/home/parallels/CLionProjects/Homeworks/robotics_v1/install/cmake_helpers/lib/pkgconfig PYTHONPATH=/home/parallels/CLionProjects/Homeworks/robotics_v1/install/robo_miner_interfaces/lib/python3.8/site-packages:${PYTHONPATH} /usr/bin/cmake --build /home/parallels/CLionProjects/Homeworks/robotics_v1/build/robo_miner_gui -- -j4 -l4
[4.336s] [35m[1mScanning dependencies of target robo_miner_gui[0m
[4.391s] [  5%] [32mBuilding CXX object CMakeFiles/robo_miner_gui.dir/src/main.cpp.o[0m
[5.275s] [ 11%] [32mBuilding CXX object CMakeFiles/robo_miner_gui.dir/src/defines/RoboMinerGuiDefines.cpp.o[0m
[5.457s] [ 17%] [32mBuilding CXX object CMakeFiles/robo_miner_gui.dir/src/external_api/MinerControllerExternalBridge.cpp.o[0m
[8.584s] [ 23%] [32mBuilding CXX object CMakeFiles/robo_miner_gui.dir/src/external_api/RoboMinerGuiRos2ParamProvider.cpp.o[0m
[9.240s] [ 29%] [32mBuilding CXX object CMakeFiles/robo_miner_gui.dir/src/helpers/RoboMinerBuilder.cpp.o[0m
[10.003s] [ 35%] [32mBuilding CXX object CMakeFiles/robo_miner_gui.dir/src/helpers/RoboMinerGuiInitHelper.cpp.o[0m
[10.889s] [ 41%] [32mBuilding CXX object CMakeFiles/robo_miner_gui.dir/src/helpers/MovementWatcher.cpp.o[0m
[11.119s] [ 47%] [32mBuilding CXX object CMakeFiles/robo_miner_gui.dir/src/helpers/SolutionValidator.cpp.o[0m
[11.437s] [ 52%] [32mBuilding CXX object CMakeFiles/robo_miner_gui.dir/src/helpers/algorithms/FloodFill.cpp.o[0m
[11.625s] [ 58%] [32mBuilding CXX object CMakeFiles/robo_miner_gui.dir/src/layout/RoboMinerLayout.cpp.o[0m
[11.878s] [ 64%] [32mBuilding CXX object CMakeFiles/robo_miner_gui.dir/src/layout/entities/Crystal.cpp.o[0m
[12.069s] [ 70%] [32mBuilding CXX object CMakeFiles/robo_miner_gui.dir/src/layout/entities/CrystalHandler.cpp.o[0m
[12.351s] [ 76%] [32mBuilding CXX object CMakeFiles/robo_miner_gui.dir/src/layout/panels/PanelHandler.cpp.o[0m
[12.559s] [ 82%] [32mBuilding CXX object CMakeFiles/robo_miner_gui.dir/src/layout/helpers/RoboMinerLayoutInitHelper.cpp.o[0m
[12.840s] [ 88%] [32mBuilding CXX object CMakeFiles/robo_miner_gui.dir/src/config/RoboMinerGuiConfigGenerator.cpp.o[0m
[13.614s] [ 94%] [32mBuilding CXX object CMakeFiles/robo_miner_gui.dir/src/RoboMinerGui.cpp.o[0m
[14.437s] [100%] [32m[1mLinking CXX executable robo_miner_gui[0m
[15.241s] [100%] Built target robo_miner_gui
[15.252s] Invoked command in '/home/parallels/CLionProjects/Homeworks/robotics_v1/build/robo_miner_gui' returned '0': AMENT_PREFIX_PATH=/home/parallels/CLionProjects/Homeworks/robotics_v1/install/robo_miner_common:/home/parallels/CLionProjects/Homeworks/robotics_v1/install/robo_miner_interfaces:${AMENT_PREFIX_PATH} CMAKE_PREFIX_PATH=/home/parallels/CLionProjects/Homeworks/robotics_v1/install/ros2_game_engine:/home/parallels/CLionProjects/Homeworks/robotics_v1/install/robo_miner_common:/home/parallels/CLionProjects/Homeworks/robotics_v1/install/robo_common:/home/parallels/CLionProjects/Homeworks/robotics_v1/install/game_engine:/home/parallels/CLionProjects/Homeworks/robotics_v1/install/manager_utils:/home/parallels/CLionProjects/Homeworks/robotics_v1/install/sdl_utils:/home/parallels/CLionProjects/Homeworks/robotics_v1/install/resource_utils:/home/parallels/CLionProjects/Homeworks/robotics_v1/install/utils:/home/parallels/CLionProjects/Homeworks/robotics_v1/install/robo_miner_interfaces:/home/parallels/CLionProjects/Homeworks/robotics_v1/install/cmake_helpers:/opt/ros/foxy LD_LIBRARY_PATH=/home/parallels/CLionProjects/Homeworks/robotics_v1/install/robo_miner_interfaces/lib:${LD_LIBRARY_PATH} PKG_CONFIG_PATH=/home/parallels/CLionProjects/Homeworks/robotics_v1/install/ros2_game_engine/lib/aarch64-linux-gnu/pkgconfig:/home/parallels/CLionProjects/Homeworks/robotics_v1/install/ros2_game_engine/lib/pkgconfig:/home/parallels/CLionProjects/Homeworks/robotics_v1/install/robo_common/lib/aarch64-linux-gnu/pkgconfig:/home/parallels/CLionProjects/Homeworks/robotics_v1/install/robo_common/lib/pkgconfig:/home/parallels/CLionProjects/Homeworks/robotics_v1/install/game_engine/lib/aarch64-linux-gnu/pkgconfig:/home/parallels/CLionProjects/Homeworks/robotics_v1/install/game_engine/lib/pkgconfig:/home/parallels/CLionProjects/Homeworks/robotics_v1/install/manager_utils/lib/aarch64-linux-gnu/pkgconfig:/home/parallels/CLionProjects/Homeworks/robotics_v1/install/manager_utils/lib/pkgconfig:/home/parallels/CLionProjects/Homeworks/robotics_v1/install/sdl_utils/lib/aarch64-linux-gnu/pkgconfig:/home/parallels/CLionProjects/Homeworks/robotics_v1/install/sdl_utils/lib/pkgconfig:/home/parallels/CLionProjects/Homeworks/robotics_v1/install/resource_utils/lib/aarch64-linux-gnu/pkgconfig:/home/parallels/CLionProjects/Homeworks/robotics_v1/install/resource_utils/lib/pkgconfig:/home/parallels/CLionProjects/Homeworks/robotics_v1/install/utils/lib/aarch64-linux-gnu/pkgconfig:/home/parallels/CLionProjects/Homeworks/robotics_v1/install/utils/lib/pkgconfig:/home/parallels/CLionProjects/Homeworks/robotics_v1/install/cmake_helpers/lib/aarch64-linux-gnu/pkgconfig:/home/parallels/CLionProjects/Homeworks/robotics_v1/install/cmake_helpers/lib/pkgconfig PYTHONPATH=/home/parallels/CLionProjects/Homeworks/robotics_v1/install/robo_miner_interfaces/lib/python3.8/site-packages:${PYTHONPATH} /usr/bin/cmake --build /home/parallels/CLionProjects/Homeworks/robotics_v1/build/robo_miner_gui -- -j4 -l4
[15.298s] Invoking command in '/home/parallels/CLionProjects/Homeworks/robotics_v1/build/robo_miner_gui': AMENT_PREFIX_PATH=/home/parallels/CLionProjects/Homeworks/robotics_v1/install/robo_miner_common:/home/parallels/CLionProjects/Homeworks/robotics_v1/install/robo_miner_interfaces:${AMENT_PREFIX_PATH} CMAKE_PREFIX_PATH=/home/parallels/CLionProjects/Homeworks/robotics_v1/install/ros2_game_engine:/home/parallels/CLionProjects/Homeworks/robotics_v1/install/robo_miner_common:/home/parallels/CLionProjects/Homeworks/robotics_v1/install/robo_common:/home/parallels/CLionProjects/Homeworks/robotics_v1/install/game_engine:/home/parallels/CLionProjects/Homeworks/robotics_v1/install/manager_utils:/home/parallels/CLionProjects/Homeworks/robotics_v1/install/sdl_utils:/home/parallels/CLionProjects/Homeworks/robotics_v1/install/resource_utils:/home/parallels/CLionProjects/Homeworks/robotics_v1/install/utils:/home/parallels/CLionProjects/Homeworks/robotics_v1/install/robo_miner_interfaces:/home/parallels/CLionProjects/Homeworks/robotics_v1/install/cmake_helpers:/opt/ros/foxy LD_LIBRARY_PATH=/home/parallels/CLionProjects/Homeworks/robotics_v1/install/robo_miner_interfaces/lib:${LD_LIBRARY_PATH} PKG_CONFIG_PATH=/home/parallels/CLionProjects/Homeworks/robotics_v1/install/ros2_game_engine/lib/aarch64-linux-gnu/pkgconfig:/home/parallels/CLionProjects/Homeworks/robotics_v1/install/ros2_game_engine/lib/pkgconfig:/home/parallels/CLionProjects/Homeworks/robotics_v1/install/robo_common/lib/aarch64-linux-gnu/pkgconfig:/home/parallels/CLionProjects/Homeworks/robotics_v1/install/robo_common/lib/pkgconfig:/home/parallels/CLionProjects/Homeworks/robotics_v1/install/game_engine/lib/aarch64-linux-gnu/pkgconfig:/home/parallels/CLionProjects/Homeworks/robotics_v1/install/game_engine/lib/pkgconfig:/home/parallels/CLionProjects/Homeworks/robotics_v1/install/manager_utils/lib/aarch64-linux-gnu/pkgconfig:/home/parallels/CLionProjects/Homeworks/robotics_v1/install/manager_utils/lib/pkgconfig:/home/parallels/CLionProjects/Homeworks/robotics_v1/install/sdl_utils/lib/aarch64-linux-gnu/pkgconfig:/home/parallels/CLionProjects/Homeworks/robotics_v1/install/sdl_utils/lib/pkgconfig:/home/parallels/CLionProjects/Homeworks/robotics_v1/install/resource_utils/lib/aarch64-linux-gnu/pkgconfig:/home/parallels/CLionProjects/Homeworks/robotics_v1/install/resource_utils/lib/pkgconfig:/home/parallels/CLionProjects/Homeworks/robotics_v1/install/utils/lib/aarch64-linux-gnu/pkgconfig:/home/parallels/CLionProjects/Homeworks/robotics_v1/install/utils/lib/pkgconfig:/home/parallels/CLionProjects/Homeworks/robotics_v1/install/cmake_helpers/lib/aarch64-linux-gnu/pkgconfig:/home/parallels/CLionProjects/Homeworks/robotics_v1/install/cmake_helpers/lib/pkgconfig PYTHONPATH=/home/parallels/CLionProjects/Homeworks/robotics_v1/install/robo_miner_interfaces/lib/python3.8/site-packages:${PYTHONPATH} /usr/bin/cmake --install /home/parallels/CLionProjects/Homeworks/robotics_v1/build/robo_miner_gui
[15.304s] -- Install configuration: "Debug"
[15.304s] -- Execute custom install script
[15.304s] -- Symlinking: /home/parallels/CLionProjects/Homeworks/robotics_v1/install/robo_miner_gui/share/robo_miner_gui/package.xml
[15.312s] -- Symlinking: /home/parallels/CLionProjects/Homeworks/robotics_v1/install/robo_miner_gui/share/robo_miner_gui//launch/launch.py
[15.320s] -- Symlinking: /home/parallels/CLionProjects/Homeworks/robotics_v1/install/robo_miner_gui/share/robo_miner_gui//config/params.yaml
[15.327s] -- Symlinking: /home/parallels/CLionProjects/Homeworks/robotics_v1/install/robo_miner_gui/lib/robo_miner_gui/robo_miner_gui
[15.335s] -- Symlinking: /home/parallels/CLionProjects/Homeworks/robotics_v1/install/robo_miner_gui/share/ament_index/resource_index/packages/robo_miner_gui
[15.342s] -- Symlinking: /home/parallels/CLionProjects/Homeworks/robotics_v1/install/robo_miner_gui/share/robo_miner_gui/hook/ament_prefix_path.dsv
[15.349s] -- Symlinking: /home/parallels/CLionProjects/Homeworks/robotics_v1/install/robo_miner_gui/share/robo_miner_gui/hook/ros_package_path.dsv
[15.356s] -- Symlinking: /home/parallels/CLionProjects/Homeworks/robotics_v1/install/robo_miner_gui/share/ament_index/resource_index/package_run_dependencies/robo_miner_gui
[15.363s] -- Symlinking: /home/parallels/CLionProjects/Homeworks/robotics_v1/install/robo_miner_gui/share/ament_index/resource_index/parent_prefix_path/robo_miner_gui
[15.370s] -- Symlinking: /home/parallels/CLionProjects/Homeworks/robotics_v1/install/robo_miner_gui/share/robo_miner_gui/environment/ament_prefix_path.sh
[15.377s] -- Symlinking: /home/parallels/CLionProjects/Homeworks/robotics_v1/install/robo_miner_gui/share/robo_miner_gui/environment/ament_prefix_path.dsv
[15.384s] -- Symlinking: /home/parallels/CLionProjects/Homeworks/robotics_v1/install/robo_miner_gui/share/robo_miner_gui/environment/path.sh
[15.392s] -- Symlinking: /home/parallels/CLionProjects/Homeworks/robotics_v1/install/robo_miner_gui/share/robo_miner_gui/environment/path.dsv
[15.399s] -- Symlinking: /home/parallels/CLionProjects/Homeworks/robotics_v1/install/robo_miner_gui/share/robo_miner_gui/local_setup.bash
[15.406s] -- Symlinking: /home/parallels/CLionProjects/Homeworks/robotics_v1/install/robo_miner_gui/share/robo_miner_gui/local_setup.sh
[15.412s] -- Symlinking: /home/parallels/CLionProjects/Homeworks/robotics_v1/install/robo_miner_gui/share/robo_miner_gui/local_setup.zsh
[15.420s] -- Symlinking: /home/parallels/CLionProjects/Homeworks/robotics_v1/install/robo_miner_gui/share/robo_miner_gui/local_setup.dsv
[15.427s] -- Symlinking: /home/parallels/CLionProjects/Homeworks/robotics_v1/install/robo_miner_gui/share/robo_miner_gui/package.dsv
[15.434s] -- Symlinking: /home/parallels/CLionProjects/Homeworks/robotics_v1/install/robo_miner_gui/share/ament_index/resource_index/packages/robo_miner_gui
[15.442s] -- Symlinking: /home/parallels/CLionProjects/Homeworks/robotics_v1/install/robo_miner_gui/share/robo_miner_gui/cmake/robo_miner_guiConfig.cmake
[15.449s] -- Symlinking: /home/parallels/CLionProjects/Homeworks/robotics_v1/install/robo_miner_gui/share/robo_miner_gui/cmake/robo_miner_guiConfig-version.cmake
[15.456s] -- Up-to-date symlink: /home/parallels/CLionProjects/Homeworks/robotics_v1/install/robo_miner_gui/share/robo_miner_gui/package.xml
[15.457s] -- Symlinking: /home/parallels/CLionProjects/Homeworks/robotics_v1/install/robo_miner_gui/share/robo_miner_gui/resources//RoboMinerGui.rsrc
[15.464s] -- Symlinking: /home/parallels/CLionProjects/Homeworks/robotics_v1/install/robo_miner_gui/share/robo_miner_gui/resources//f/vinque_rg_20.ttf
[15.472s] -- Symlinking: /home/parallels/CLionProjects/Homeworks/robotics_v1/install/robo_miner_gui/share/robo_miner_gui/resources//f/vinque_rg_30.ttf
[15.478s] -- Symlinking: /home/parallels/CLionProjects/Homeworks/robotics_v1/install/robo_miner_gui/share/robo_miner_gui/resources//f/vinque_rg_75.ttf
[15.486s] -- Symlinking: /home/parallels/CLionProjects/Homeworks/robotics_v1/install/robo_miner_gui/share/robo_miner_gui/resources//generated/RoboMinerGuiResources.h
[15.493s] -- Symlinking: /home/parallels/CLionProjects/Homeworks/robotics_v1/install/robo_miner_gui/share/robo_miner_gui/resources//generated/RoboMinerGuiResourcesDynamic.h
[15.500s] -- Symlinking: /home/parallels/CLionProjects/Homeworks/robotics_v1/install/robo_miner_gui/share/robo_miner_gui/resources//generated/RoboMinerGuiResourcesDynamicValues.h
[15.508s] -- Symlinking: /home/parallels/CLionProjects/Homeworks/robotics_v1/install/robo_miner_gui/share/robo_miner_gui/resources//generated/fonts.bin
[15.514s] -- Symlinking: /home/parallels/CLionProjects/Homeworks/robotics_v1/install/robo_miner_gui/share/robo_miner_gui/resources//generated/resources.bin
[15.522s] -- Symlinking: /home/parallels/CLionProjects/Homeworks/robotics_v1/install/robo_miner_gui/share/robo_miner_gui/resources//generated/sounds.bin
[15.528s] -- Symlinking: /home/parallels/CLionProjects/Homeworks/robotics_v1/install/robo_miner_gui/share/robo_miner_gui/resources//levels/level_1/field_map.txt
[15.536s] -- Symlinking: /home/parallels/CLionProjects/Homeworks/robotics_v1/install/robo_miner_gui/share/robo_miner_gui/resources//levels/level_1/solution.txt
[15.543s] -- Symlinking: /home/parallels/CLionProjects/Homeworks/robotics_v1/install/robo_miner_gui/share/robo_miner_gui/resources//levels/level_2/field_map.txt
[15.550s] -- Symlinking: /home/parallels/CLionProjects/Homeworks/robotics_v1/install/robo_miner_gui/share/robo_miner_gui/resources//levels/level_2/solution.txt
[15.557s] -- Symlinking: /home/parallels/CLionProjects/Homeworks/robotics_v1/install/robo_miner_gui/share/robo_miner_gui/resources//levels/level_3/field_map.txt
[15.564s] -- Symlinking: /home/parallels/CLionProjects/Homeworks/robotics_v1/install/robo_miner_gui/share/robo_miner_gui/resources//levels/level_3/solution.txt
[15.571s] -- Symlinking: /home/parallels/CLionProjects/Homeworks/robotics_v1/install/robo_miner_gui/share/robo_miner_gui/resources//p/background/fogOfWar.png
[15.578s] -- Symlinking: /home/parallels/CLionProjects/Homeworks/robotics_v1/install/robo_miner_gui/share/robo_miner_gui/resources//p/background/map.png
[15.585s] -- Symlinking: /home/parallels/CLionProjects/Homeworks/robotics_v1/install/robo_miner_gui/share/robo_miner_gui/resources//p/background/obstacle.png
[15.592s] -- Symlinking: /home/parallels/CLionProjects/Homeworks/robotics_v1/install/robo_miner_gui/share/robo_miner_gui/resources//p/background/tile.png
[15.599s] -- Symlinking: /home/parallels/CLionProjects/Homeworks/robotics_v1/install/robo_miner_gui/share/robo_miner_gui/resources//p/entities/crystals.png
[15.606s] -- Symlinking: /home/parallels/CLionProjects/Homeworks/robotics_v1/install/robo_miner_gui/share/robo_miner_gui/resources//p/entities/damage_marker.png
[15.613s] -- Symlinking: /home/parallels/CLionProjects/Homeworks/robotics_v1/install/robo_miner_gui/share/robo_miner_gui/resources//p/entities/player_robot.png
[15.620s] -- Symlinking: /home/parallels/CLionProjects/Homeworks/robotics_v1/install/robo_miner_gui/share/robo_miner_gui/resources//p/panels/crystal_panel.png
[15.627s] -- Symlinking: /home/parallels/CLionProjects/Homeworks/robotics_v1/install/robo_miner_gui/share/robo_miner_gui/resources//p/panels/health_indicator.png
[15.635s] -- Symlinking: /home/parallels/CLionProjects/Homeworks/robotics_v1/install/robo_miner_gui/share/robo_miner_gui/resources//p/panels/health_panel.png
[15.642s] -- Symlinking: /home/parallels/CLionProjects/Homeworks/robotics_v1/install/robo_miner_gui/share/robo_miner_gui/resources//p/panels/hor_delimiter.png
[15.649s] -- Symlinking: /home/parallels/CLionProjects/Homeworks/robotics_v1/install/robo_miner_gui/share/robo_miner_gui/resources//p/panels/tile_panel.png
[15.656s] -- Symlinking: /home/parallels/CLionProjects/Homeworks/robotics_v1/install/robo_miner_gui/share/robo_miner_gui/resources//p/panels/vert_delimiter.png
[15.664s] -- Symlinking: /home/parallels/CLionProjects/Homeworks/robotics_v1/install/robo_miner_gui/share/robo_miner_gui/resources//p/stars/star_single.png
[15.670s] -- Symlinking: /home/parallels/CLionProjects/Homeworks/robotics_v1/install/robo_miner_gui/share/robo_miner_gui/resources//p/stars/stars.png
[15.681s] Invoked command in '/home/parallels/CLionProjects/Homeworks/robotics_v1/build/robo_miner_gui' returned '0': AMENT_PREFIX_PATH=/home/parallels/CLionProjects/Homeworks/robotics_v1/install/robo_miner_common:/home/parallels/CLionProjects/Homeworks/robotics_v1/install/robo_miner_interfaces:${AMENT_PREFIX_PATH} CMAKE_PREFIX_PATH=/home/parallels/CLionProjects/Homeworks/robotics_v1/install/ros2_game_engine:/home/parallels/CLionProjects/Homeworks/robotics_v1/install/robo_miner_common:/home/parallels/CLionProjects/Homeworks/robotics_v1/install/robo_common:/home/parallels/CLionProjects/Homeworks/robotics_v1/install/game_engine:/home/parallels/CLionProjects/Homeworks/robotics_v1/install/manager_utils:/home/parallels/CLionProjects/Homeworks/robotics_v1/install/sdl_utils:/home/parallels/CLionProjects/Homeworks/robotics_v1/install/resource_utils:/home/parallels/CLionProjects/Homeworks/robotics_v1/install/utils:/home/parallels/CLionProjects/Homeworks/robotics_v1/install/robo_miner_interfaces:/home/parallels/CLionProjects/Homeworks/robotics_v1/install/cmake_helpers:/opt/ros/foxy LD_LIBRARY_PATH=/home/parallels/CLionProjects/Homeworks/robotics_v1/install/robo_miner_interfaces/lib:${LD_LIBRARY_PATH} PKG_CONFIG_PATH=/home/parallels/CLionProjects/Homeworks/robotics_v1/install/ros2_game_engine/lib/aarch64-linux-gnu/pkgconfig:/home/parallels/CLionProjects/Homeworks/robotics_v1/install/ros2_game_engine/lib/pkgconfig:/home/parallels/CLionProjects/Homeworks/robotics_v1/install/robo_common/lib/aarch64-linux-gnu/pkgconfig:/home/parallels/CLionProjects/Homeworks/robotics_v1/install/robo_common/lib/pkgconfig:/home/parallels/CLionProjects/Homeworks/robotics_v1/install/game_engine/lib/aarch64-linux-gnu/pkgconfig:/home/parallels/CLionProjects/Homeworks/robotics_v1/install/game_engine/lib/pkgconfig:/home/parallels/CLionProjects/Homeworks/robotics_v1/install/manager_utils/lib/aarch64-linux-gnu/pkgconfig:/home/parallels/CLionProjects/Homeworks/robotics_v1/install/manager_utils/lib/pkgconfig:/home/parallels/CLionProjects/Homeworks/robotics_v1/install/sdl_utils/lib/aarch64-linux-gnu/pkgconfig:/home/parallels/CLionProjects/Homeworks/robotics_v1/install/sdl_utils/lib/pkgconfig:/home/parallels/CLionProjects/Homeworks/robotics_v1/install/resource_utils/lib/aarch64-linux-gnu/pkgconfig:/home/parallels/CLionProjects/Homeworks/robotics_v1/install/resource_utils/lib/pkgconfig:/home/parallels/CLionProjects/Homeworks/robotics_v1/install/utils/lib/aarch64-linux-gnu/pkgconfig:/home/parallels/CLionProjects/Homeworks/robotics_v1/install/utils/lib/pkgconfig:/home/parallels/CLionProjects/Homeworks/robotics_v1/install/cmake_helpers/lib/aarch64-linux-gnu/pkgconfig:/home/parallels/CLionProjects/Homeworks/robotics_v1/install/cmake_helpers/lib/pkgconfig PYTHONPATH=/home/parallels/CLionProjects/Homeworks/robotics_v1/install/robo_miner_interfaces/lib/python3.8/site-packages:${PYTHONPATH} /usr/bin/cmake --install /home/parallels/CLionProjects/Homeworks/robotics_v1/build/robo_miner_gui
