[0.010s] Invoking command in '/home/parallels/CLionProjects/Homeworks/robotics_v1/build/resource_builder': CMAKE_PREFIX_PATH=/home/parallels/CLionProjects/Homeworks/robotics_v1/install/resource_utils:/home/parallels/CLionProjects/Homeworks/robotics_v1/install/utils:/home/parallels/CLionProjects/Homeworks/robotics_v1/install/cmake_helpers:/opt/ros/foxy PKG_CONFIG_PATH=/home/parallels/CLionProjects/Homeworks/robotics_v1/install/resource_utils/lib/aarch64-linux-gnu/pkgconfig:/home/parallels/CLionProjects/Homeworks/robotics_v1/install/resource_utils/lib/pkgconfig:/home/parallels/CLionProjects/Homeworks/robotics_v1/install/utils/lib/aarch64-linux-gnu/pkgconfig:/home/parallels/CLionProjects/Homeworks/robotics_v1/install/utils/lib/pkgconfig:/home/parallels/CLionProjects/Homeworks/robotics_v1/install/cmake_helpers/lib/aarch64-linux-gnu/pkgconfig:/home/parallels/CLionProjects/Homeworks/robotics_v1/install/cmake_helpers/lib/pkgconfig /usr/bin/cmake /home/parallels/CLionProjects/Homeworks/robotics_v1/src/tools/resource_builder -DCMAKE_EXPORT_COMPILE_COMMANDS=ON -DCMAKE_INSTALL_PREFIX=/home/parallels/CLionProjects/Homeworks/robotics_v1/install/resource_builder
[0.022s] -- Found cmake_helpers: 1.0.0 (/home/parallels/CLionProjects/Homeworks/robotics_v1/install/cmake_helpers/share/cmake_helpers/cmake)
[0.026s] -- Found ament_cmake: 0.9.9 (/opt/ros/foxy/share/ament_cmake/cmake)
[0.039s] -- Using PYTHON_EXECUTABLE: /usr/bin/python3
[0.173s] -- Configuring done
[0.179s] -- Generating done
[0.180s] -- Build files have been written to: /home/parallels/CLionProjects/Homeworks/robotics_v1/build/resource_builder
[0.184s] Invoked command in '/home/parallels/CLionProjects/Homeworks/robotics_v1/build/resource_builder' returned '0': CMAKE_PREFIX_PATH=/home/parallels/CLionProjects/Homeworks/robotics_v1/install/resource_utils:/home/parallels/CLionProjects/Homeworks/robotics_v1/install/utils:/home/parallels/CLionProjects/Homeworks/robotics_v1/install/cmake_helpers:/opt/ros/foxy PKG_CONFIG_PATH=/home/parallels/CLionProjects/Homeworks/robotics_v1/install/resource_utils/lib/aarch64-linux-gnu/pkgconfig:/home/parallels/CLionProjects/Homeworks/robotics_v1/install/resource_utils/lib/pkgconfig:/home/parallels/CLionProjects/Homeworks/robotics_v1/install/utils/lib/aarch64-linux-gnu/pkgconfig:/home/parallels/CLionProjects/Homeworks/robotics_v1/install/utils/lib/pkgconfig:/home/parallels/CLionProjects/Homeworks/robotics_v1/install/cmake_helpers/lib/aarch64-linux-gnu/pkgconfig:/home/parallels/CLionProjects/Homeworks/robotics_v1/install/cmake_helpers/lib/pkgconfig /usr/bin/cmake /home/parallels/CLionProjects/Homeworks/robotics_v1/src/tools/resource_builder -DCMAKE_EXPORT_COMPILE_COMMANDS=ON -DCMAKE_INSTALL_PREFIX=/home/parallels/CLionProjects/Homeworks/robotics_v1/install/resource_builder
[0.185s] Invoking command in '/home/parallels/CLionProjects/Homeworks/robotics_v1/build/resource_builder': CMAKE_PREFIX_PATH=/home/parallels/CLionProjects/Homeworks/robotics_v1/install/resource_utils:/home/parallels/CLionProjects/Homeworks/robotics_v1/install/utils:/home/parallels/CLionProjects/Homeworks/robotics_v1/install/cmake_helpers:/opt/ros/foxy PKG_CONFIG_PATH=/home/parallels/CLionProjects/Homeworks/robotics_v1/install/resource_utils/lib/aarch64-linux-gnu/pkgconfig:/home/parallels/CLionProjects/Homeworks/robotics_v1/install/resource_utils/lib/pkgconfig:/home/parallels/CLionProjects/Homeworks/robotics_v1/install/utils/lib/aarch64-linux-gnu/pkgconfig:/home/parallels/CLionProjects/Homeworks/robotics_v1/install/utils/lib/pkgconfig:/home/parallels/CLionProjects/Homeworks/robotics_v1/install/cmake_helpers/lib/aarch64-linux-gnu/pkgconfig:/home/parallels/CLionProjects/Homeworks/robotics_v1/install/cmake_helpers/lib/pkgconfig /usr/bin/cmake --build /home/parallels/CLionProjects/Homeworks/robotics_v1/build/resource_builder -- -j4 -l4
[0.245s] [100%] Built target resource_builder
[0.255s] Invoked command in '/home/parallels/CLionProjects/Homeworks/robotics_v1/build/resource_builder' returned '0': CMAKE_PREFIX_PATH=/home/parallels/CLionProjects/Homeworks/robotics_v1/install/resource_utils:/home/parallels/CLionProjects/Homeworks/robotics_v1/install/utils:/home/parallels/CLionProjects/Homeworks/robotics_v1/install/cmake_helpers:/opt/ros/foxy PKG_CONFIG_PATH=/home/parallels/CLionProjects/Homeworks/robotics_v1/install/resource_utils/lib/aarch64-linux-gnu/pkgconfig:/home/parallels/CLionProjects/Homeworks/robotics_v1/install/resource_utils/lib/pkgconfig:/home/parallels/CLionProjects/Homeworks/robotics_v1/install/utils/lib/aarch64-linux-gnu/pkgconfig:/home/parallels/CLionProjects/Homeworks/robotics_v1/install/utils/lib/pkgconfig:/home/parallels/CLionProjects/Homeworks/robotics_v1/install/cmake_helpers/lib/aarch64-linux-gnu/pkgconfig:/home/parallels/CLionProjects/Homeworks/robotics_v1/install/cmake_helpers/lib/pkgconfig /usr/bin/cmake --build /home/parallels/CLionProjects/Homeworks/robotics_v1/build/resource_builder -- -j4 -l4
[0.284s] Invoking command in '/home/parallels/CLionProjects/Homeworks/robotics_v1/build/resource_builder': CMAKE_PREFIX_PATH=/home/parallels/CLionProjects/Homeworks/robotics_v1/install/resource_utils:/home/parallels/CLionProjects/Homeworks/robotics_v1/install/utils:/home/parallels/CLionProjects/Homeworks/robotics_v1/install/cmake_helpers:/opt/ros/foxy PKG_CONFIG_PATH=/home/parallels/CLionProjects/Homeworks/robotics_v1/install/resource_utils/lib/aarch64-linux-gnu/pkgconfig:/home/parallels/CLionProjects/Homeworks/robotics_v1/install/resource_utils/lib/pkgconfig:/home/parallels/CLionProjects/Homeworks/robotics_v1/install/utils/lib/aarch64-linux-gnu/pkgconfig:/home/parallels/CLionProjects/Homeworks/robotics_v1/install/utils/lib/pkgconfig:/home/parallels/CLionProjects/Homeworks/robotics_v1/install/cmake_helpers/lib/aarch64-linux-gnu/pkgconfig:/home/parallels/CLionProjects/Homeworks/robotics_v1/install/cmake_helpers/lib/pkgconfig /usr/bin/cmake --install /home/parallels/CLionProjects/Homeworks/robotics_v1/build/resource_builder
[0.293s] -- Install configuration: "RelWithDebInfo"
[0.293s] -- Up-to-date: /home/parallels/CLionProjects/Homeworks/robotics_v1/install/resource_builder/share/resource_builder/package.xml
[0.294s] -- Up-to-date: /home/parallels/CLionProjects/Homeworks/robotics_v1/install/resource_builder/lib/resource_builder/resource_builder
[0.295s] -- Installing: /home/parallels/CLionProjects/Homeworks/robotics_v1/install/resource_builder/share/ament_index/resource_index/packages/resource_builder
[0.295s] -- Installing: /home/parallels/CLionProjects/Homeworks/robotics_v1/install/resource_builder/share/resource_builder/hook/ament_prefix_path.dsv
[0.295s] -- Installing: /home/parallels/CLionProjects/Homeworks/robotics_v1/install/resource_builder/share/resource_builder/hook/ros_package_path.dsv
[0.295s] -- Up-to-date: /home/parallels/CLionProjects/Homeworks/robotics_v1/install/resource_builder/share/ament_index/resource_index/package_run_dependencies/resource_builder
[0.295s] -- Installing: /home/parallels/CLionProjects/Homeworks/robotics_v1/install/resource_builder/share/ament_index/resource_index/parent_prefix_path/resource_builder
[0.296s] -- Up-to-date: /home/parallels/CLionProjects/Homeworks/robotics_v1/install/resource_builder/share/resource_builder/environment/ament_prefix_path.sh
[0.296s] -- Installing: /home/parallels/CLionProjects/Homeworks/robotics_v1/install/resource_builder/share/resource_builder/environment/ament_prefix_path.dsv
[0.296s] -- Up-to-date: /home/parallels/CLionProjects/Homeworks/robotics_v1/install/resource_builder/share/resource_builder/environment/path.sh
[0.296s] -- Installing: /home/parallels/CLionProjects/Homeworks/robotics_v1/install/resource_builder/share/resource_builder/environment/path.dsv
[0.296s] -- Up-to-date: /home/parallels/CLionProjects/Homeworks/robotics_v1/install/resource_builder/share/resource_builder/local_setup.bash
[0.296s] -- Up-to-date: /home/parallels/CLionProjects/Homeworks/robotics_v1/install/resource_builder/share/resource_builder/local_setup.sh
[0.296s] -- Up-to-date: /home/parallels/CLionProjects/Homeworks/robotics_v1/install/resource_builder/share/resource_builder/local_setup.zsh
[0.296s] -- Installing: /home/parallels/CLionProjects/Homeworks/robotics_v1/install/resource_builder/share/resource_builder/local_setup.dsv
[0.296s] -- Installing: /home/parallels/CLionProjects/Homeworks/robotics_v1/install/resource_builder/share/resource_builder/package.dsv
[0.297s] -- Installing: /home/parallels/CLionProjects/Homeworks/robotics_v1/install/resource_builder/share/ament_index/resource_index/packages/resource_builder
[0.297s] -- Up-to-date: /home/parallels/CLionProjects/Homeworks/robotics_v1/install/resource_builder/share/resource_builder/cmake/resource_builderConfig.cmake
[0.297s] -- Up-to-date: /home/parallels/CLionProjects/Homeworks/robotics_v1/install/resource_builder/share/resource_builder/cmake/resource_builderConfig-version.cmake
[0.297s] -- Up-to-date: /home/parallels/CLionProjects/Homeworks/robotics_v1/install/resource_builder/share/resource_builder/package.xml
[0.297s] -- Up-to-date: /home/parallels/CLionProjects/Homeworks/robotics_v1/install/resource_builder/bin/resource_builder
[0.297s] -- Up-to-date: /home/parallels/CLionProjects/Homeworks/robotics_v1/install/resource_builder/include
[0.297s] -- Up-to-date: /home/parallels/CLionProjects/Homeworks/robotics_v1/install/resource_builder/include/resource_builder
[0.297s] -- Up-to-date: /home/parallels/CLionProjects/Homeworks/robotics_v1/install/resource_builder/include/resource_builder/FileBuilder.h
[0.297s] -- Up-to-date: /home/parallels/CLionProjects/Homeworks/robotics_v1/install/resource_builder/include/resource_builder/FileParser.h
[0.297s] -- Up-to-date: /home/parallels/CLionProjects/Homeworks/robotics_v1/install/resource_builder/include/resource_builder/SyntaxChecker.h
[0.297s] -- Up-to-date: /home/parallels/CLionProjects/Homeworks/robotics_v1/install/resource_builder/include/resource_builder/ResourceParser.h
[0.298s] -- Up-to-date: /home/parallels/CLionProjects/Homeworks/robotics_v1/install/resource_builder/lib/cmake/resource_builder/resource_builderTargets.cmake
[0.298s] -- Installing: /home/parallels/CLionProjects/Homeworks/robotics_v1/install/resource_builder/lib/cmake/resource_builder/resource_builderTargets-relwithdebinfo.cmake
[0.298s] -- Up-to-date: /home/parallels/CLionProjects/Homeworks/robotics_v1/install/resource_builder/lib/cmake/resource_builder/resource_builderConfig.cmake
[0.300s] Invoked command in '/home/parallels/CLionProjects/Homeworks/robotics_v1/build/resource_builder' returned '0': CMAKE_PREFIX_PATH=/home/parallels/CLionProjects/Homeworks/robotics_v1/install/resource_utils:/home/parallels/CLionProjects/Homeworks/robotics_v1/install/utils:/home/parallels/CLionProjects/Homeworks/robotics_v1/install/cmake_helpers:/opt/ros/foxy PKG_CONFIG_PATH=/home/parallels/CLionProjects/Homeworks/robotics_v1/install/resource_utils/lib/aarch64-linux-gnu/pkgconfig:/home/parallels/CLionProjects/Homeworks/robotics_v1/install/resource_utils/lib/pkgconfig:/home/parallels/CLionProjects/Homeworks/robotics_v1/install/utils/lib/aarch64-linux-gnu/pkgconfig:/home/parallels/CLionProjects/Homeworks/robotics_v1/install/utils/lib/pkgconfig:/home/parallels/CLionProjects/Homeworks/robotics_v1/install/cmake_helpers/lib/aarch64-linux-gnu/pkgconfig:/home/parallels/CLionProjects/Homeworks/robotics_v1/install/cmake_helpers/lib/pkgconfig /usr/bin/cmake --install /home/parallels/CLionProjects/Homeworks/robotics_v1/build/resource_builder
