[0.016s] Invoking command in '/home/parallels/CLionProjects/Homeworks/robotics_v1/build/ur_controllers': AMENT_PREFIX_PATH=/home/parallels/CLionProjects/Homeworks/robotics_v1/install/ur_dashboard_msgs:${AMENT_PREFIX_PATH} CMAKE_PREFIX_PATH=/home/parallels/CLionProjects/Homeworks/robotics_v1/install/ur_dashboard_msgs:/home/parallels/CLionProjects/Homeworks/robotics_v1/install/ur_client_library:/opt/ros/foxy LD_LIBRARY_PATH=/home/parallels/CLionProjects/Homeworks/robotics_v1/install/ur_dashboard_msgs/lib:/home/parallels/CLionProjects/Homeworks/robotics_v1/install/ur_client_library/lib:${LD_LIBRARY_PATH} PKG_CONFIG_PATH=/home/parallels/CLionProjects/Homeworks/robotics_v1/install/ur_client_library/lib/aarch64-linux-gnu/pkgconfig:/home/parallels/CLionProjects/Homeworks/robotics_v1/install/ur_client_library/lib/pkgconfig PYTHONPATH=/home/parallels/CLionProjects/Homeworks/robotics_v1/install/ur_dashboard_msgs/lib/python3.8/site-packages:${PYTHONPATH} /usr/bin/cmake /home/parallels/CLionProjects/Homeworks/robotics_v1/src/ur_driver/Universal_Robots_ROS2_Driver/ur_controllers -DCMAKE_EXPORT_COMPILE_COMMANDS=ON -DCMAKE_INSTALL_PREFIX=/home/parallels/CLionProjects/Homeworks/robotics_v1/install/ur_controllers
[0.029s] -- Found ament_cmake: 0.9.9 (/opt/ros/foxy/share/ament_cmake/cmake)
[0.045s] -- Using PYTHON_EXECUTABLE: /usr/bin/python3
[0.137s] -- Override CMake install command with custom implementation using symlinks instead of copying resources
[0.142s] -- Found control_msgs: 2.5.1 (/opt/ros/foxy/share/control_msgs/cmake)
[0.158s] -- Using all available rosidl_typesupport_c: rosidl_typesupport_fastrtps_c;rosidl_typesupport_introspection_c
[0.160s] -- Found rosidl_adapter: 1.2.1 (/opt/ros/foxy/share/rosidl_adapter/cmake)
[0.247s] -- Using all available rosidl_typesupport_cpp: rosidl_typesupport_fastrtps_cpp;rosidl_typesupport_introspection_cpp
[0.601s] -- Found controller_interface: 0.10.1 (/opt/ros/foxy/share/controller_interface/cmake)
[0.693s] -- Found rmw_implementation_cmake: 1.0.3 (/opt/ros/foxy/share/rmw_implementation_cmake/cmake)
[0.693s] -- Using RMW implementation 'rmw_fastrtps_cpp' as default
[0.894s] -- Found joint_trajectory_controller: 0.8.0 (/opt/ros/foxy/share/joint_trajectory_controller/cmake)
[0.988s] -- Found realtime_tools: 2.2.0 (/opt/ros/foxy/share/realtime_tools/cmake)
[1.026s] -- Found std_srvs: 2.0.5 (/opt/ros/foxy/share/std_srvs/cmake)
[1.036s] -- Found ur_dashboard_msgs: 0.0.0 (/home/parallels/CLionProjects/Homeworks/robotics_v1/install/ur_dashboard_msgs/share/ur_dashboard_msgs/cmake)
[1.092s] -- Found ur_msgs: 2.0.0 (/opt/ros/foxy/share/ur_msgs/cmake)
[1.378s] -- Configuring done
[1.420s] -- Generating done
[1.421s] -- Build files have been written to: /home/parallels/CLionProjects/Homeworks/robotics_v1/build/ur_controllers
[1.428s] Invoked command in '/home/parallels/CLionProjects/Homeworks/robotics_v1/build/ur_controllers' returned '0': AMENT_PREFIX_PATH=/home/parallels/CLionProjects/Homeworks/robotics_v1/install/ur_dashboard_msgs:${AMENT_PREFIX_PATH} CMAKE_PREFIX_PATH=/home/parallels/CLionProjects/Homeworks/robotics_v1/install/ur_dashboard_msgs:/home/parallels/CLionProjects/Homeworks/robotics_v1/install/ur_client_library:/opt/ros/foxy LD_LIBRARY_PATH=/home/parallels/CLionProjects/Homeworks/robotics_v1/install/ur_dashboard_msgs/lib:/home/parallels/CLionProjects/Homeworks/robotics_v1/install/ur_client_library/lib:${LD_LIBRARY_PATH} PKG_CONFIG_PATH=/home/parallels/CLionProjects/Homeworks/robotics_v1/install/ur_client_library/lib/aarch64-linux-gnu/pkgconfig:/home/parallels/CLionProjects/Homeworks/robotics_v1/install/ur_client_library/lib/pkgconfig PYTHONPATH=/home/parallels/CLionProjects/Homeworks/robotics_v1/install/ur_dashboard_msgs/lib/python3.8/site-packages:${PYTHONPATH} /usr/bin/cmake /home/parallels/CLionProjects/Homeworks/robotics_v1/src/ur_driver/Universal_Robots_ROS2_Driver/ur_controllers -DCMAKE_EXPORT_COMPILE_COMMANDS=ON -DCMAKE_INSTALL_PREFIX=/home/parallels/CLionProjects/Homeworks/robotics_v1/install/ur_controllers
[1.428s] Invoking command in '/home/parallels/CLionProjects/Homeworks/robotics_v1/build/ur_controllers': AMENT_PREFIX_PATH=/home/parallels/CLionProjects/Homeworks/robotics_v1/install/ur_dashboard_msgs:${AMENT_PREFIX_PATH} CMAKE_PREFIX_PATH=/home/parallels/CLionProjects/Homeworks/robotics_v1/install/ur_dashboard_msgs:/home/parallels/CLionProjects/Homeworks/robotics_v1/install/ur_client_library:/opt/ros/foxy LD_LIBRARY_PATH=/home/parallels/CLionProjects/Homeworks/robotics_v1/install/ur_dashboard_msgs/lib:/home/parallels/CLionProjects/Homeworks/robotics_v1/install/ur_client_library/lib:${LD_LIBRARY_PATH} PKG_CONFIG_PATH=/home/parallels/CLionProjects/Homeworks/robotics_v1/install/ur_client_library/lib/aarch64-linux-gnu/pkgconfig:/home/parallels/CLionProjects/Homeworks/robotics_v1/install/ur_client_library/lib/pkgconfig PYTHONPATH=/home/parallels/CLionProjects/Homeworks/robotics_v1/install/ur_dashboard_msgs/lib/python3.8/site-packages:${PYTHONPATH} /usr/bin/cmake --build /home/parallels/CLionProjects/Homeworks/robotics_v1/build/ur_controllers -- -j4 -l4
[1.497s] [100%] Built target ur_controllers
[1.508s] Invoked command in '/home/parallels/CLionProjects/Homeworks/robotics_v1/build/ur_controllers' returned '0': AMENT_PREFIX_PATH=/home/parallels/CLionProjects/Homeworks/robotics_v1/install/ur_dashboard_msgs:${AMENT_PREFIX_PATH} CMAKE_PREFIX_PATH=/home/parallels/CLionProjects/Homeworks/robotics_v1/install/ur_dashboard_msgs:/home/parallels/CLionProjects/Homeworks/robotics_v1/install/ur_client_library:/opt/ros/foxy LD_LIBRARY_PATH=/home/parallels/CLionProjects/Homeworks/robotics_v1/install/ur_dashboard_msgs/lib:/home/parallels/CLionProjects/Homeworks/robotics_v1/install/ur_client_library/lib:${LD_LIBRARY_PATH} PKG_CONFIG_PATH=/home/parallels/CLionProjects/Homeworks/robotics_v1/install/ur_client_library/lib/aarch64-linux-gnu/pkgconfig:/home/parallels/CLionProjects/Homeworks/robotics_v1/install/ur_client_library/lib/pkgconfig PYTHONPATH=/home/parallels/CLionProjects/Homeworks/robotics_v1/install/ur_dashboard_msgs/lib/python3.8/site-packages:${PYTHONPATH} /usr/bin/cmake --build /home/parallels/CLionProjects/Homeworks/robotics_v1/build/ur_controllers -- -j4 -l4
[1.535s] Invoking command in '/home/parallels/CLionProjects/Homeworks/robotics_v1/build/ur_controllers': AMENT_PREFIX_PATH=/home/parallels/CLionProjects/Homeworks/robotics_v1/install/ur_dashboard_msgs:${AMENT_PREFIX_PATH} CMAKE_PREFIX_PATH=/home/parallels/CLionProjects/Homeworks/robotics_v1/install/ur_dashboard_msgs:/home/parallels/CLionProjects/Homeworks/robotics_v1/install/ur_client_library:/opt/ros/foxy LD_LIBRARY_PATH=/home/parallels/CLionProjects/Homeworks/robotics_v1/install/ur_dashboard_msgs/lib:/home/parallels/CLionProjects/Homeworks/robotics_v1/install/ur_client_library/lib:${LD_LIBRARY_PATH} PKG_CONFIG_PATH=/home/parallels/CLionProjects/Homeworks/robotics_v1/install/ur_client_library/lib/aarch64-linux-gnu/pkgconfig:/home/parallels/CLionProjects/Homeworks/robotics_v1/install/ur_client_library/lib/pkgconfig PYTHONPATH=/home/parallels/CLionProjects/Homeworks/robotics_v1/install/ur_dashboard_msgs/lib/python3.8/site-packages:${PYTHONPATH} /usr/bin/cmake --install /home/parallels/CLionProjects/Homeworks/robotics_v1/build/ur_controllers
[1.543s] -- Install configuration: "RelWithDebInfo"
[1.543s] -- Execute custom install script
[1.543s] -- Up-to-date symlink: /home/parallels/CLionProjects/Homeworks/robotics_v1/install/ur_controllers/share/ur_controllers//controller_plugins.xml
[1.544s] -- Up-to-date symlink: /home/parallels/CLionProjects/Homeworks/robotics_v1/install/ur_controllers/lib/libur_controllers.so
[1.544s] -- Up-to-date symlink: /home/parallels/CLionProjects/Homeworks/robotics_v1/install/ur_controllers/include/ur_controllers/force_torque_sensor_broadcaster.hpp
[1.544s] -- Up-to-date symlink: /home/parallels/CLionProjects/Homeworks/robotics_v1/install/ur_controllers/include/ur_controllers/gpio_controller.hpp
[1.544s] -- Up-to-date symlink: /home/parallels/CLionProjects/Homeworks/robotics_v1/install/ur_controllers/include/ur_controllers/scaled_joint_trajectory_controller.hpp
[1.544s] -- Up-to-date symlink: /home/parallels/CLionProjects/Homeworks/robotics_v1/install/ur_controllers/include/ur_controllers/speed_scaling_state_broadcaster.hpp
[1.544s] -- Up-to-date symlink: /home/parallels/CLionProjects/Homeworks/robotics_v1/install/ur_controllers/share/ur_controllers/controller_plugins.xml
[1.545s] -- Up-to-date symlink: /home/parallels/CLionProjects/Homeworks/robotics_v1/install/ur_controllers/share/ur_controllers/environment/library_path.sh
[1.545s] -- Up-to-date symlink: /home/parallels/CLionProjects/Homeworks/robotics_v1/install/ur_controllers/share/ur_controllers/environment/library_path.dsv
[1.545s] -- Up-to-date symlink: /home/parallels/CLionProjects/Homeworks/robotics_v1/install/ur_controllers/share/ament_index/resource_index/package_run_dependencies/ur_controllers
[1.545s] -- Up-to-date symlink: /home/parallels/CLionProjects/Homeworks/robotics_v1/install/ur_controllers/share/ament_index/resource_index/parent_prefix_path/ur_controllers
[1.545s] -- Up-to-date symlink: /home/parallels/CLionProjects/Homeworks/robotics_v1/install/ur_controllers/share/ur_controllers/environment/ament_prefix_path.sh
[1.545s] -- Up-to-date symlink: /home/parallels/CLionProjects/Homeworks/robotics_v1/install/ur_controllers/share/ur_controllers/environment/ament_prefix_path.dsv
[1.546s] -- Up-to-date symlink: /home/parallels/CLionProjects/Homeworks/robotics_v1/install/ur_controllers/share/ur_controllers/environment/path.sh
[1.546s] -- Up-to-date symlink: /home/parallels/CLionProjects/Homeworks/robotics_v1/install/ur_controllers/share/ur_controllers/environment/path.dsv
[1.546s] -- Up-to-date symlink: /home/parallels/CLionProjects/Homeworks/robotics_v1/install/ur_controllers/share/ur_controllers/local_setup.bash
[1.546s] -- Up-to-date symlink: /home/parallels/CLionProjects/Homeworks/robotics_v1/install/ur_controllers/share/ur_controllers/local_setup.sh
[1.547s] -- Up-to-date symlink: /home/parallels/CLionProjects/Homeworks/robotics_v1/install/ur_controllers/share/ur_controllers/local_setup.zsh
[1.547s] -- Up-to-date symlink: /home/parallels/CLionProjects/Homeworks/robotics_v1/install/ur_controllers/share/ur_controllers/local_setup.dsv
[1.547s] -- Symlinking: /home/parallels/CLionProjects/Homeworks/robotics_v1/install/ur_controllers/share/ur_controllers/package.dsv
[1.554s] -- Up-to-date symlink: /home/parallels/CLionProjects/Homeworks/robotics_v1/install/ur_controllers/share/ament_index/resource_index/packages/ur_controllers
[1.554s] -- Up-to-date symlink: /home/parallels/CLionProjects/Homeworks/robotics_v1/install/ur_controllers/share/ament_index/resource_index/controller_interface__pluginlib__plugin/ur_controllers
[1.555s] -- Up-to-date symlink: /home/parallels/CLionProjects/Homeworks/robotics_v1/install/ur_controllers/share/ur_controllers/cmake/ament_cmake_export_dependencies-extras.cmake
[1.555s] -- Up-to-date symlink: /home/parallels/CLionProjects/Homeworks/robotics_v1/install/ur_controllers/share/ur_controllers/cmake/ament_cmake_export_include_directories-extras.cmake
[1.555s] -- Up-to-date symlink: /home/parallels/CLionProjects/Homeworks/robotics_v1/install/ur_controllers/share/ur_controllers/cmake/ament_cmake_export_libraries-extras.cmake
[1.556s] -- Up-to-date symlink: /home/parallels/CLionProjects/Homeworks/robotics_v1/install/ur_controllers/share/ur_controllers/cmake/ur_controllersConfig.cmake
[1.556s] -- Up-to-date symlink: /home/parallels/CLionProjects/Homeworks/robotics_v1/install/ur_controllers/share/ur_controllers/cmake/ur_controllersConfig-version.cmake
[1.556s] -- Up-to-date symlink: /home/parallels/CLionProjects/Homeworks/robotics_v1/install/ur_controllers/share/ur_controllers/package.xml
[1.564s] Invoked command in '/home/parallels/CLionProjects/Homeworks/robotics_v1/build/ur_controllers' returned '0': AMENT_PREFIX_PATH=/home/parallels/CLionProjects/Homeworks/robotics_v1/install/ur_dashboard_msgs:${AMENT_PREFIX_PATH} CMAKE_PREFIX_PATH=/home/parallels/CLionProjects/Homeworks/robotics_v1/install/ur_dashboard_msgs:/home/parallels/CLionProjects/Homeworks/robotics_v1/install/ur_client_library:/opt/ros/foxy LD_LIBRARY_PATH=/home/parallels/CLionProjects/Homeworks/robotics_v1/install/ur_dashboard_msgs/lib:/home/parallels/CLionProjects/Homeworks/robotics_v1/install/ur_client_library/lib:${LD_LIBRARY_PATH} PKG_CONFIG_PATH=/home/parallels/CLionProjects/Homeworks/robotics_v1/install/ur_client_library/lib/aarch64-linux-gnu/pkgconfig:/home/parallels/CLionProjects/Homeworks/robotics_v1/install/ur_client_library/lib/pkgconfig PYTHONPATH=/home/parallels/CLionProjects/Homeworks/robotics_v1/install/ur_dashboard_msgs/lib/python3.8/site-packages:${PYTHONPATH} /usr/bin/cmake --install /home/parallels/CLionProjects/Homeworks/robotics_v1/build/ur_controllers
