[0.188s] Invoking command in '/home/parallels/CLionProjects/Homeworks/robotics_v1/build/game_engine': CMAKE_PREFIX_PATH=/home/parallels/CLionProjects/Homeworks/robotics_v1/install/manager_utils:/home/parallels/CLionProjects/Homeworks/robotics_v1/install/sdl_utils:/home/parallels/CLionProjects/Homeworks/robotics_v1/install/resource_utils:/home/parallels/CLionProjects/Homeworks/robotics_v1/install/utils:/home/parallels/CLionProjects/Homeworks/robotics_v1/install/cmake_helpers:/opt/ros/foxy PKG_CONFIG_PATH=/home/parallels/CLionProjects/Homeworks/robotics_v1/install/manager_utils/lib/aarch64-linux-gnu/pkgconfig:/home/parallels/CLionProjects/Homeworks/robotics_v1/install/manager_utils/lib/pkgconfig:/home/parallels/CLionProjects/Homeworks/robotics_v1/install/sdl_utils/lib/aarch64-linux-gnu/pkgconfig:/home/parallels/CLionProjects/Homeworks/robotics_v1/install/sdl_utils/lib/pkgconfig:/home/parallels/CLionProjects/Homeworks/robotics_v1/install/resource_utils/lib/aarch64-linux-gnu/pkgconfig:/home/parallels/CLionProjects/Homeworks/robotics_v1/install/resource_utils/lib/pkgconfig:/home/parallels/CLionProjects/Homeworks/robotics_v1/install/utils/lib/aarch64-linux-gnu/pkgconfig:/home/parallels/CLionProjects/Homeworks/robotics_v1/install/utils/lib/pkgconfig:/home/parallels/CLionProjects/Homeworks/robotics_v1/install/cmake_helpers/lib/aarch64-linux-gnu/pkgconfig:/home/parallels/CLionProjects/Homeworks/robotics_v1/install/cmake_helpers/lib/pkgconfig /usr/bin/cmake /home/parallels/CLionProjects/Homeworks/robotics_v1/src/lib/game_engine -DCMAKE_BUILD_TYPE=Debug -DCMAKE_CXX_COMPILER=/usr/bin/clang++ -DCMAKE_INSTALL_PREFIX=/home/parallels/CLionProjects/Homeworks/robotics_v1/install/game_engine
[0.484s] -- The CXX compiler identification is Clang 10.0.0
[0.488s] -- Check for working CXX compiler: /usr/bin/clang++
[0.730s] -- Check for working CXX compiler: /usr/bin/clang++ -- works
[0.731s] -- Detecting CXX compiler ABI info
[1.005s] -- Detecting CXX compiler ABI info - done
[1.011s] -- Detecting CXX compile features
[1.011s] -- Detecting CXX compile features - done
[1.012s] -- Found cmake_helpers: 1.0.0 (/home/parallels/CLionProjects/Homeworks/robotics_v1/install/cmake_helpers/share/cmake_helpers/cmake)
[1.018s] -- Looking for C++ include pthread.h
[1.301s] -- Looking for C++ include pthread.h - found
[1.301s] -- Performing Test CMAKE_HAVE_LIBC_PTHREAD
[1.625s] -- Performing Test CMAKE_HAVE_LIBC_PTHREAD - Failed
[1.625s] -- Looking for pthread_create in pthreads
[1.890s] -- Looking for pthread_create in pthreads - not found
[1.890s] -- Looking for pthread_create in pthread
[2.207s] -- Looking for pthread_create in pthread - found
[2.208s] -- Found Threads: TRUE  
[2.211s] -- Found ament_cmake: 0.9.9 (/opt/ros/foxy/share/ament_cmake/cmake)
[2.253s] -- Found PythonInterp: /usr/bin/python3 (found suitable version "3.8.10", minimum required is "3") 
[2.253s] -- Using PYTHON_EXECUTABLE: /usr/bin/python3
[2.560s] -- Configuring done
[2.564s] -- Generating done
[2.564s] -- Build files have been written to: /home/parallels/CLionProjects/Homeworks/robotics_v1/build/game_engine
[2.568s] Invoked command in '/home/parallels/CLionProjects/Homeworks/robotics_v1/build/game_engine' returned '0': CMAKE_PREFIX_PATH=/home/parallels/CLionProjects/Homeworks/robotics_v1/install/manager_utils:/home/parallels/CLionProjects/Homeworks/robotics_v1/install/sdl_utils:/home/parallels/CLionProjects/Homeworks/robotics_v1/install/resource_utils:/home/parallels/CLionProjects/Homeworks/robotics_v1/install/utils:/home/parallels/CLionProjects/Homeworks/robotics_v1/install/cmake_helpers:/opt/ros/foxy PKG_CONFIG_PATH=/home/parallels/CLionProjects/Homeworks/robotics_v1/install/manager_utils/lib/aarch64-linux-gnu/pkgconfig:/home/parallels/CLionProjects/Homeworks/robotics_v1/install/manager_utils/lib/pkgconfig:/home/parallels/CLionProjects/Homeworks/robotics_v1/install/sdl_utils/lib/aarch64-linux-gnu/pkgconfig:/home/parallels/CLionProjects/Homeworks/robotics_v1/install/sdl_utils/lib/pkgconfig:/home/parallels/CLionProjects/Homeworks/robotics_v1/install/resource_utils/lib/aarch64-linux-gnu/pkgconfig:/home/parallels/CLionProjects/Homeworks/robotics_v1/install/resource_utils/lib/pkgconfig:/home/parallels/CLionProjects/Homeworks/robotics_v1/install/utils/lib/aarch64-linux-gnu/pkgconfig:/home/parallels/CLionProjects/Homeworks/robotics_v1/install/utils/lib/pkgconfig:/home/parallels/CLionProjects/Homeworks/robotics_v1/install/cmake_helpers/lib/aarch64-linux-gnu/pkgconfig:/home/parallels/CLionProjects/Homeworks/robotics_v1/install/cmake_helpers/lib/pkgconfig /usr/bin/cmake /home/parallels/CLionProjects/Homeworks/robotics_v1/src/lib/game_engine -DCMAKE_BUILD_TYPE=Debug -DCMAKE_CXX_COMPILER=/usr/bin/clang++ -DCMAKE_INSTALL_PREFIX=/home/parallels/CLionProjects/Homeworks/robotics_v1/install/game_engine
[2.569s] Invoking command in '/home/parallels/CLionProjects/Homeworks/robotics_v1/build/game_engine': CMAKE_PREFIX_PATH=/home/parallels/CLionProjects/Homeworks/robotics_v1/install/manager_utils:/home/parallels/CLionProjects/Homeworks/robotics_v1/install/sdl_utils:/home/parallels/CLionProjects/Homeworks/robotics_v1/install/resource_utils:/home/parallels/CLionProjects/Homeworks/robotics_v1/install/utils:/home/parallels/CLionProjects/Homeworks/robotics_v1/install/cmake_helpers:/opt/ros/foxy PKG_CONFIG_PATH=/home/parallels/CLionProjects/Homeworks/robotics_v1/install/manager_utils/lib/aarch64-linux-gnu/pkgconfig:/home/parallels/CLionProjects/Homeworks/robotics_v1/install/manager_utils/lib/pkgconfig:/home/parallels/CLionProjects/Homeworks/robotics_v1/install/sdl_utils/lib/aarch64-linux-gnu/pkgconfig:/home/parallels/CLionProjects/Homeworks/robotics_v1/install/sdl_utils/lib/pkgconfig:/home/parallels/CLionProjects/Homeworks/robotics_v1/install/resource_utils/lib/aarch64-linux-gnu/pkgconfig:/home/parallels/CLionProjects/Homeworks/robotics_v1/install/resource_utils/lib/pkgconfig:/home/parallels/CLionProjects/Homeworks/robotics_v1/install/utils/lib/aarch64-linux-gnu/pkgconfig:/home/parallels/CLionProjects/Homeworks/robotics_v1/install/utils/lib/pkgconfig:/home/parallels/CLionProjects/Homeworks/robotics_v1/install/cmake_helpers/lib/aarch64-linux-gnu/pkgconfig:/home/parallels/CLionProjects/Homeworks/robotics_v1/install/cmake_helpers/lib/pkgconfig /usr/bin/cmake --build /home/parallels/CLionProjects/Homeworks/robotics_v1/build/game_engine -- -j4 -l4
[2.703s] [35m[1mScanning dependencies of target game_engine[0m
[2.762s] [ 14%] [32mBuilding CXX object CMakeFiles/game_engine.dir/src/communicator/NullCommunicator.cpp.o[0m
[2.780s] [ 28%] [32mBuilding CXX object CMakeFiles/game_engine.dir/src/event_handler/ActionEventHandler.cpp.o[0m
[2.783s] [ 42%] [32mBuilding CXX object CMakeFiles/game_engine.dir/src/engine/config/EngineConfig.cpp.o[0m
[2.786s] [ 57%] [32mBuilding CXX object CMakeFiles/game_engine.dir/src/engine/Engine.cpp.o[0m
[2.873s] [ 71%] [32mBuilding CXX object CMakeFiles/game_engine.dir/src/utils/DebugConsole.cpp.o[0m
[3.380s] [ 85%] [32mBuilding CXX object CMakeFiles/game_engine.dir/src/Application.cpp.o[0m
[4.441s] [100%] [32m[1mLinking CXX static library libgame_engine.a[0m
[4.529s] [100%] Built target game_engine
[4.557s] Invoked command in '/home/parallels/CLionProjects/Homeworks/robotics_v1/build/game_engine' returned '0': CMAKE_PREFIX_PATH=/home/parallels/CLionProjects/Homeworks/robotics_v1/install/manager_utils:/home/parallels/CLionProjects/Homeworks/robotics_v1/install/sdl_utils:/home/parallels/CLionProjects/Homeworks/robotics_v1/install/resource_utils:/home/parallels/CLionProjects/Homeworks/robotics_v1/install/utils:/home/parallels/CLionProjects/Homeworks/robotics_v1/install/cmake_helpers:/opt/ros/foxy PKG_CONFIG_PATH=/home/parallels/CLionProjects/Homeworks/robotics_v1/install/manager_utils/lib/aarch64-linux-gnu/pkgconfig:/home/parallels/CLionProjects/Homeworks/robotics_v1/install/manager_utils/lib/pkgconfig:/home/parallels/CLionProjects/Homeworks/robotics_v1/install/sdl_utils/lib/aarch64-linux-gnu/pkgconfig:/home/parallels/CLionProjects/Homeworks/robotics_v1/install/sdl_utils/lib/pkgconfig:/home/parallels/CLionProjects/Homeworks/robotics_v1/install/resource_utils/lib/aarch64-linux-gnu/pkgconfig:/home/parallels/CLionProjects/Homeworks/robotics_v1/install/resource_utils/lib/pkgconfig:/home/parallels/CLionProjects/Homeworks/robotics_v1/install/utils/lib/aarch64-linux-gnu/pkgconfig:/home/parallels/CLionProjects/Homeworks/robotics_v1/install/utils/lib/pkgconfig:/home/parallels/CLionProjects/Homeworks/robotics_v1/install/cmake_helpers/lib/aarch64-linux-gnu/pkgconfig:/home/parallels/CLionProjects/Homeworks/robotics_v1/install/cmake_helpers/lib/pkgconfig /usr/bin/cmake --build /home/parallels/CLionProjects/Homeworks/robotics_v1/build/game_engine -- -j4 -l4
[4.872s] Invoking command in '/home/parallels/CLionProjects/Homeworks/robotics_v1/build/game_engine': CMAKE_PREFIX_PATH=/home/parallels/CLionProjects/Homeworks/robotics_v1/install/manager_utils:/home/parallels/CLionProjects/Homeworks/robotics_v1/install/sdl_utils:/home/parallels/CLionProjects/Homeworks/robotics_v1/install/resource_utils:/home/parallels/CLionProjects/Homeworks/robotics_v1/install/utils:/home/parallels/CLionProjects/Homeworks/robotics_v1/install/cmake_helpers:/opt/ros/foxy PKG_CONFIG_PATH=/home/parallels/CLionProjects/Homeworks/robotics_v1/install/manager_utils/lib/aarch64-linux-gnu/pkgconfig:/home/parallels/CLionProjects/Homeworks/robotics_v1/install/manager_utils/lib/pkgconfig:/home/parallels/CLionProjects/Homeworks/robotics_v1/install/sdl_utils/lib/aarch64-linux-gnu/pkgconfig:/home/parallels/CLionProjects/Homeworks/robotics_v1/install/sdl_utils/lib/pkgconfig:/home/parallels/CLionProjects/Homeworks/robotics_v1/install/resource_utils/lib/aarch64-linux-gnu/pkgconfig:/home/parallels/CLionProjects/Homeworks/robotics_v1/install/resource_utils/lib/pkgconfig:/home/parallels/CLionProjects/Homeworks/robotics_v1/install/utils/lib/aarch64-linux-gnu/pkgconfig:/home/parallels/CLionProjects/Homeworks/robotics_v1/install/utils/lib/pkgconfig:/home/parallels/CLionProjects/Homeworks/robotics_v1/install/cmake_helpers/lib/aarch64-linux-gnu/pkgconfig:/home/parallels/CLionProjects/Homeworks/robotics_v1/install/cmake_helpers/lib/pkgconfig /usr/bin/cmake --install /home/parallels/CLionProjects/Homeworks/robotics_v1/build/game_engine
[4.893s] -- Install configuration: "Debug"
[4.893s] -- Installing: /home/parallels/CLionProjects/Homeworks/robotics_v1/install/game_engine/share/game_engine/package.xml
[4.893s] -- Installing: /home/parallels/CLionProjects/Homeworks/robotics_v1/install/game_engine/lib/game_engine/libgame_engine.a
[4.898s] -- Installing: /home/parallels/CLionProjects/Homeworks/robotics_v1/install/game_engine/share/ament_index/resource_index/packages/game_engine
[4.898s] -- Installing: /home/parallels/CLionProjects/Homeworks/robotics_v1/install/game_engine/share/game_engine/hook/ament_prefix_path.dsv
[4.899s] -- Installing: /home/parallels/CLionProjects/Homeworks/robotics_v1/install/game_engine/share/game_engine/hook/ros_package_path.dsv
[4.899s] -- Installing: /home/parallels/CLionProjects/Homeworks/robotics_v1/install/game_engine/share/ament_index/resource_index/package_run_dependencies/game_engine
[4.899s] -- Installing: /home/parallels/CLionProjects/Homeworks/robotics_v1/install/game_engine/share/ament_index/resource_index/parent_prefix_path/game_engine
[4.899s] -- Installing: /home/parallels/CLionProjects/Homeworks/robotics_v1/install/game_engine/share/game_engine/environment/ament_prefix_path.sh
[4.899s] -- Installing: /home/parallels/CLionProjects/Homeworks/robotics_v1/install/game_engine/share/game_engine/environment/ament_prefix_path.dsv
[4.900s] -- Installing: /home/parallels/CLionProjects/Homeworks/robotics_v1/install/game_engine/share/game_engine/environment/path.sh
[4.900s] -- Installing: /home/parallels/CLionProjects/Homeworks/robotics_v1/install/game_engine/share/game_engine/environment/path.dsv
[4.900s] -- Installing: /home/parallels/CLionProjects/Homeworks/robotics_v1/install/game_engine/share/game_engine/local_setup.bash
[4.900s] -- Installing: /home/parallels/CLionProjects/Homeworks/robotics_v1/install/game_engine/share/game_engine/local_setup.sh
[4.900s] -- Installing: /home/parallels/CLionProjects/Homeworks/robotics_v1/install/game_engine/share/game_engine/local_setup.zsh
[4.901s] -- Installing: /home/parallels/CLionProjects/Homeworks/robotics_v1/install/game_engine/share/game_engine/local_setup.dsv
[4.901s] -- Installing: /home/parallels/CLionProjects/Homeworks/robotics_v1/install/game_engine/share/game_engine/package.dsv
[4.901s] -- Up-to-date: /home/parallels/CLionProjects/Homeworks/robotics_v1/install/game_engine/share/ament_index/resource_index/packages/game_engine
[4.901s] -- Installing: /home/parallels/CLionProjects/Homeworks/robotics_v1/install/game_engine/share/game_engine/cmake/game_engineConfig.cmake
[4.901s] -- Installing: /home/parallels/CLionProjects/Homeworks/robotics_v1/install/game_engine/share/game_engine/cmake/game_engineConfig-version.cmake
[4.902s] -- Up-to-date: /home/parallels/CLionProjects/Homeworks/robotics_v1/install/game_engine/share/game_engine/package.xml
[4.902s] -- Installing: /home/parallels/CLionProjects/Homeworks/robotics_v1/install/game_engine/lib/libgame_engine.a
[4.907s] -- Installing: /home/parallels/CLionProjects/Homeworks/robotics_v1/install/game_engine/include
[4.907s] -- Installing: /home/parallels/CLionProjects/Homeworks/robotics_v1/install/game_engine/include/game_engine
[4.907s] -- Installing: /home/parallels/CLionProjects/Homeworks/robotics_v1/install/game_engine/include/game_engine/engine
[4.907s] -- Installing: /home/parallels/CLionProjects/Homeworks/robotics_v1/install/game_engine/include/game_engine/engine/Engine.h
[4.907s] -- Installing: /home/parallels/CLionProjects/Homeworks/robotics_v1/install/game_engine/include/game_engine/engine/config
[4.908s] -- Installing: /home/parallels/CLionProjects/Homeworks/robotics_v1/install/game_engine/include/game_engine/engine/config/EngineConfig.h
[4.908s] -- Installing: /home/parallels/CLionProjects/Homeworks/robotics_v1/install/game_engine/include/game_engine/event_handler
[4.908s] -- Installing: /home/parallels/CLionProjects/Homeworks/robotics_v1/install/game_engine/include/game_engine/event_handler/ActionEventHandler.h
[4.909s] -- Installing: /home/parallels/CLionProjects/Homeworks/robotics_v1/install/game_engine/include/game_engine/Application.h
[4.909s] -- Installing: /home/parallels/CLionProjects/Homeworks/robotics_v1/install/game_engine/include/game_engine/defines
[4.909s] -- Installing: /home/parallels/CLionProjects/Homeworks/robotics_v1/install/game_engine/include/game_engine/defines/ActionEventDefines.h
[4.909s] -- Installing: /home/parallels/CLionProjects/Homeworks/robotics_v1/install/game_engine/include/game_engine/defines/DependencyDefines.h
[4.909s] -- Installing: /home/parallels/CLionProjects/Homeworks/robotics_v1/install/game_engine/include/game_engine/utils
[4.909s] -- Installing: /home/parallels/CLionProjects/Homeworks/robotics_v1/install/game_engine/include/game_engine/utils/DebugConsole.h
[4.909s] -- Installing: /home/parallels/CLionProjects/Homeworks/robotics_v1/install/game_engine/include/game_engine/utils/config
[4.910s] -- Installing: /home/parallels/CLionProjects/Homeworks/robotics_v1/install/game_engine/include/game_engine/utils/config/DebugConsoleConfig.h
[4.910s] -- Installing: /home/parallels/CLionProjects/Homeworks/robotics_v1/install/game_engine/include/game_engine/Game.h
[4.910s] -- Installing: /home/parallels/CLionProjects/Homeworks/robotics_v1/install/game_engine/include/game_engine/config
[4.910s] -- Installing: /home/parallels/CLionProjects/Homeworks/robotics_v1/install/game_engine/include/game_engine/config/ApplicationConfig.h
[4.911s] -- Installing: /home/parallels/CLionProjects/Homeworks/robotics_v1/install/game_engine/include/game_engine/communicator
[4.911s] -- Installing: /home/parallels/CLionProjects/Homeworks/robotics_v1/install/game_engine/include/game_engine/communicator/NullCommunicator.h
[4.911s] -- Installing: /home/parallels/CLionProjects/Homeworks/robotics_v1/install/game_engine/include/game_engine/communicator/Communicator.h
[4.911s] -- Installing: /home/parallels/CLionProjects/Homeworks/robotics_v1/install/game_engine/lib/cmake/game_engine/game_engineTargets.cmake
[4.911s] -- Installing: /home/parallels/CLionProjects/Homeworks/robotics_v1/install/game_engine/lib/cmake/game_engine/game_engineTargets-debug.cmake
[4.911s] -- Installing: /home/parallels/CLionProjects/Homeworks/robotics_v1/install/game_engine/lib/cmake/game_engine/game_engineConfig.cmake
[4.916s] Invoked command in '/home/parallels/CLionProjects/Homeworks/robotics_v1/build/game_engine' returned '0': CMAKE_PREFIX_PATH=/home/parallels/CLionProjects/Homeworks/robotics_v1/install/manager_utils:/home/parallels/CLionProjects/Homeworks/robotics_v1/install/sdl_utils:/home/parallels/CLionProjects/Homeworks/robotics_v1/install/resource_utils:/home/parallels/CLionProjects/Homeworks/robotics_v1/install/utils:/home/parallels/CLionProjects/Homeworks/robotics_v1/install/cmake_helpers:/opt/ros/foxy PKG_CONFIG_PATH=/home/parallels/CLionProjects/Homeworks/robotics_v1/install/manager_utils/lib/aarch64-linux-gnu/pkgconfig:/home/parallels/CLionProjects/Homeworks/robotics_v1/install/manager_utils/lib/pkgconfig:/home/parallels/CLionProjects/Homeworks/robotics_v1/install/sdl_utils/lib/aarch64-linux-gnu/pkgconfig:/home/parallels/CLionProjects/Homeworks/robotics_v1/install/sdl_utils/lib/pkgconfig:/home/parallels/CLionProjects/Homeworks/robotics_v1/install/resource_utils/lib/aarch64-linux-gnu/pkgconfig:/home/parallels/CLionProjects/Homeworks/robotics_v1/install/resource_utils/lib/pkgconfig:/home/parallels/CLionProjects/Homeworks/robotics_v1/install/utils/lib/aarch64-linux-gnu/pkgconfig:/home/parallels/CLionProjects/Homeworks/robotics_v1/install/utils/lib/pkgconfig:/home/parallels/CLionProjects/Homeworks/robotics_v1/install/cmake_helpers/lib/aarch64-linux-gnu/pkgconfig:/home/parallels/CLionProjects/Homeworks/robotics_v1/install/cmake_helpers/lib/pkgconfig /usr/bin/cmake --install /home/parallels/CLionProjects/Homeworks/robotics_v1/build/game_engine
