[0.019s] Invoking command in '/home/parallels/CLionProjects/Homeworks/robotics_v1/build/ur_robot_driver': AMENT_PREFIX_PATH=/home/parallels/CLionProjects/Homeworks/robotics_v1/install/ur_controllers:/home/parallels/CLionProjects/Homeworks/robotics_v1/install/ur_description:/home/parallels/CLionProjects/Homeworks/robotics_v1/install/ur_dashboard_msgs:/home/parallels/CLionProjects/Homeworks/robotics_v1/install/ur_bringup:${AMENT_PREFIX_PATH} CMAKE_PREFIX_PATH=/home/parallels/CLionProjects/Homeworks/robotics_v1/install/ur_controllers:/home/parallels/CLionProjects/Homeworks/robotics_v1/install/ur_description:/home/parallels/CLionProjects/Homeworks/robotics_v1/install/ur_dashboard_msgs:/home/parallels/CLionProjects/Homeworks/robotics_v1/install/ur_client_library:/home/parallels/CLionProjects/Homeworks/robotics_v1/install/ur_bringup:/opt/ros/foxy LD_LIBRARY_PATH=/home/parallels/CLionProjects/Homeworks/robotics_v1/install/ur_controllers/lib:/home/parallels/CLionProjects/Homeworks/robotics_v1/install/ur_dashboard_msgs/lib:/home/parallels/CLionProjects/Homeworks/robotics_v1/install/ur_client_library/lib:${LD_LIBRARY_PATH} PKG_CONFIG_PATH=/home/parallels/CLionProjects/Homeworks/robotics_v1/install/ur_client_library/lib/aarch64-linux-gnu/pkgconfig:/home/parallels/CLionProjects/Homeworks/robotics_v1/install/ur_client_library/lib/pkgconfig PYTHONPATH=/home/parallels/CLionProjects/Homeworks/robotics_v1/install/ur_dashboard_msgs/lib/python3.8/site-packages:${PYTHONPATH} /usr/bin/cmake /home/parallels/CLionProjects/Homeworks/robotics_v1/src/ur_driver/Universal_Robots_ROS2_Driver/ur_robot_driver -DCMAKE_BUILD_TYPE=Debug -DCMAKE_CXX_COMPILER=/usr/bin/clang++ -DAMENT_CMAKE_SYMLINK_INSTALL=1 -DCMAKE_INSTALL_PREFIX=/home/parallels/CLionProjects/Homeworks/robotics_v1/install/ur_robot_driver
[0.070s] -- The C compiler identification is GNU 9.4.0
[0.132s] -- The CXX compiler identification is Clang 10.0.0
[0.135s] -- Check for working C compiler: /usr/bin/cc
[0.187s] -- Check for working C compiler: /usr/bin/cc -- works
[0.188s] -- Detecting C compiler ABI info
[0.247s] -- Detecting C compiler ABI info - done
[0.255s] -- Detecting C compile features
[0.255s] -- Detecting C compile features - done
[0.257s] -- Check for working CXX compiler: /usr/bin/clang++
[0.355s] -- Check for working CXX compiler: /usr/bin/clang++ -- works
[0.356s] -- Detecting CXX compiler ABI info
[0.516s] -- Detecting CXX compiler ABI info - done
[0.522s] -- Detecting CXX compile features
[0.523s] -- Detecting CXX compile features - done
[0.524s] -- Found ament_cmake: 0.9.9 (/opt/ros/foxy/share/ament_cmake/cmake)
[0.547s] -- Found PythonInterp: /usr/bin/python3 (found suitable version "3.8.10", minimum required is "3") 
[0.547s] -- Using PYTHON_EXECUTABLE: /usr/bin/python3
[0.651s] -- Override CMake install command with custom implementation using symlinks instead of copying resources
[0.691s] -- Found hardware_interface: 0.10.1 (/opt/ros/foxy/share/hardware_interface/cmake)
[0.732s] -- Using all available rosidl_typesupport_c: rosidl_typesupport_fastrtps_c;rosidl_typesupport_introspection_c
[0.743s] -- Found rosidl_adapter: 1.2.1 (/opt/ros/foxy/share/rosidl_adapter/cmake)
[1.052s] -- Found OpenSSL: /usr/lib/aarch64-linux-gnu/libcrypto.so (found version "1.1.1f")  
[1.098s] -- Found FastRTPS: /opt/ros/foxy/include  
[1.208s] -- Using all available rosidl_typesupport_cpp: rosidl_typesupport_fastrtps_cpp;rosidl_typesupport_introspection_cpp
[2.132s] -- Found rclcpp: 2.4.1 (/opt/ros/foxy/share/rclcpp/cmake)
[2.227s] -- Found rmw_implementation_cmake: 1.0.3 (/opt/ros/foxy/share/rmw_implementation_cmake/cmake)
[2.228s] -- Using RMW implementation 'rmw_fastrtps_cpp' as default
[2.228s] -- Looking for pthread.h
[2.577s] -- Looking for pthread.h - found
[2.577s] -- Performing Test CMAKE_HAVE_LIBC_PTHREAD
[2.877s] -- Performing Test CMAKE_HAVE_LIBC_PTHREAD - Failed
[2.877s] -- Looking for pthread_create in pthreads
[3.090s] -- Looking for pthread_create in pthreads - not found
[3.090s] -- Looking for pthread_create in pthread
[3.423s] -- Looking for pthread_create in pthread - found
[3.424s] -- Found Threads: TRUE  
[3.780s] -- Found std_srvs: 2.0.5 (/opt/ros/foxy/share/std_srvs/cmake)
[3.807s] -- Found ur_dashboard_msgs: 0.0.0 (/home/parallels/CLionProjects/Homeworks/robotics_v1/install/ur_dashboard_msgs/share/ur_dashboard_msgs/cmake)
[4.195s] -- Found ur_controllers: 0.0.0 (/home/parallels/CLionProjects/Homeworks/robotics_v1/install/ur_controllers/share/ur_controllers/cmake)
[5.845s] -- Found ur_description: 0.0.0 (/home/parallels/CLionProjects/Homeworks/robotics_v1/install/ur_description/share/ur_description/cmake)
[5.846s] -- Found ur_bringup: 0.0.0 (/home/parallels/CLionProjects/Homeworks/robotics_v1/install/ur_bringup/share/ur_bringup/cmake)
[5.861s] -- Found launch_testing_ament_cmake: 0.10.8 (/opt/ros/foxy/share/launch_testing_ament_cmake/cmake)
[5.863s] -- Found python_cmake_module: 0.8.1 (/opt/ros/foxy/share/python_cmake_module/cmake)
[5.891s] -- Found PythonInterp: /usr/bin/python3 (found suitable version "3.8.10", minimum required is "3.5") 
[5.895s] -- Found PythonLibs: /usr/lib/aarch64-linux-gnu/libpython3.8.so (found suitable version "3.8.10", minimum required is "3.5") 
[5.895s] -- Using PYTHON_EXECUTABLE: /usr/bin/python3
[5.895s] -- Using PYTHON_INCLUDE_DIRS: /usr/include/python3.8
[5.895s] -- Using PYTHON_LIBRARIES: /usr/lib/aarch64-linux-gnu/libpython3.8.so
[5.929s] -- Found PythonExtra: .so  
[5.931s] -- Configuring done
[5.983s] -- Generating done
[5.984s] -- Build files have been written to: /home/parallels/CLionProjects/Homeworks/robotics_v1/build/ur_robot_driver
[5.992s] Invoked command in '/home/parallels/CLionProjects/Homeworks/robotics_v1/build/ur_robot_driver' returned '0': AMENT_PREFIX_PATH=/home/parallels/CLionProjects/Homeworks/robotics_v1/install/ur_controllers:/home/parallels/CLionProjects/Homeworks/robotics_v1/install/ur_description:/home/parallels/CLionProjects/Homeworks/robotics_v1/install/ur_dashboard_msgs:/home/parallels/CLionProjects/Homeworks/robotics_v1/install/ur_bringup:${AMENT_PREFIX_PATH} CMAKE_PREFIX_PATH=/home/parallels/CLionProjects/Homeworks/robotics_v1/install/ur_controllers:/home/parallels/CLionProjects/Homeworks/robotics_v1/install/ur_description:/home/parallels/CLionProjects/Homeworks/robotics_v1/install/ur_dashboard_msgs:/home/parallels/CLionProjects/Homeworks/robotics_v1/install/ur_client_library:/home/parallels/CLionProjects/Homeworks/robotics_v1/install/ur_bringup:/opt/ros/foxy LD_LIBRARY_PATH=/home/parallels/CLionProjects/Homeworks/robotics_v1/install/ur_controllers/lib:/home/parallels/CLionProjects/Homeworks/robotics_v1/install/ur_dashboard_msgs/lib:/home/parallels/CLionProjects/Homeworks/robotics_v1/install/ur_client_library/lib:${LD_LIBRARY_PATH} PKG_CONFIG_PATH=/home/parallels/CLionProjects/Homeworks/robotics_v1/install/ur_client_library/lib/aarch64-linux-gnu/pkgconfig:/home/parallels/CLionProjects/Homeworks/robotics_v1/install/ur_client_library/lib/pkgconfig PYTHONPATH=/home/parallels/CLionProjects/Homeworks/robotics_v1/install/ur_dashboard_msgs/lib/python3.8/site-packages:${PYTHONPATH} /usr/bin/cmake /home/parallels/CLionProjects/Homeworks/robotics_v1/src/ur_driver/Universal_Robots_ROS2_Driver/ur_robot_driver -DCMAKE_BUILD_TYPE=Debug -DCMAKE_CXX_COMPILER=/usr/bin/clang++ -DAMENT_CMAKE_SYMLINK_INSTALL=1 -DCMAKE_INSTALL_PREFIX=/home/parallels/CLionProjects/Homeworks/robotics_v1/install/ur_robot_driver
[5.992s] Invoking command in '/home/parallels/CLionProjects/Homeworks/robotics_v1/build/ur_robot_driver': AMENT_PREFIX_PATH=/home/parallels/CLionProjects/Homeworks/robotics_v1/install/ur_controllers:/home/parallels/CLionProjects/Homeworks/robotics_v1/install/ur_description:/home/parallels/CLionProjects/Homeworks/robotics_v1/install/ur_dashboard_msgs:/home/parallels/CLionProjects/Homeworks/robotics_v1/install/ur_bringup:${AMENT_PREFIX_PATH} CMAKE_PREFIX_PATH=/home/parallels/CLionProjects/Homeworks/robotics_v1/install/ur_controllers:/home/parallels/CLionProjects/Homeworks/robotics_v1/install/ur_description:/home/parallels/CLionProjects/Homeworks/robotics_v1/install/ur_dashboard_msgs:/home/parallels/CLionProjects/Homeworks/robotics_v1/install/ur_client_library:/home/parallels/CLionProjects/Homeworks/robotics_v1/install/ur_bringup:/opt/ros/foxy LD_LIBRARY_PATH=/home/parallels/CLionProjects/Homeworks/robotics_v1/install/ur_controllers/lib:/home/parallels/CLionProjects/Homeworks/robotics_v1/install/ur_dashboard_msgs/lib:/home/parallels/CLionProjects/Homeworks/robotics_v1/install/ur_client_library/lib:${LD_LIBRARY_PATH} PKG_CONFIG_PATH=/home/parallels/CLionProjects/Homeworks/robotics_v1/install/ur_client_library/lib/aarch64-linux-gnu/pkgconfig:/home/parallels/CLionProjects/Homeworks/robotics_v1/install/ur_client_library/lib/pkgconfig PYTHONPATH=/home/parallels/CLionProjects/Homeworks/robotics_v1/install/ur_dashboard_msgs/lib/python3.8/site-packages:${PYTHONPATH} /usr/bin/cmake --build /home/parallels/CLionProjects/Homeworks/robotics_v1/build/ur_robot_driver -- -j4 -l4
[6.106s] [35m[1mScanning dependencies of target dashboard_client[0m
[6.199s] [ 12%] [32mBuilding CXX object CMakeFiles/dashboard_client.dir/src/dashboard_client_ros.cpp.o[0m
[8.656s] [ 25%] [32mBuilding CXX object CMakeFiles/dashboard_client.dir/src/urcl_log_handler.cpp.o[0m
[8.952s] [ 37%] [32mBuilding CXX object CMakeFiles/dashboard_client.dir/src/dashboard_client_node.cpp.o[0m
[10.086s] [ 50%] [32m[1mLinking CXX executable dashboard_client[0m
[10.302s] [ 50%] Built target dashboard_client
[10.312s] [35m[1mScanning dependencies of target ur_robot_driver_plugin[0m
[10.352s] [ 62%] [32mBuilding CXX object CMakeFiles/ur_robot_driver_plugin.dir/src/dashboard_client_ros.cpp.o[0m
[12.730s] [ 75%] [32mBuilding CXX object CMakeFiles/ur_robot_driver_plugin.dir/src/urcl_log_handler.cpp.o[0m
[13.014s] [ 87%] [32mBuilding CXX object CMakeFiles/ur_robot_driver_plugin.dir/src/hardware_interface.cpp.o[0m
[14.610s] [100%] [32m[1mLinking CXX shared library libur_robot_driver_plugin.so[0m
[14.839s] [100%] Built target ur_robot_driver_plugin
[14.850s] Invoked command in '/home/parallels/CLionProjects/Homeworks/robotics_v1/build/ur_robot_driver' returned '0': AMENT_PREFIX_PATH=/home/parallels/CLionProjects/Homeworks/robotics_v1/install/ur_controllers:/home/parallels/CLionProjects/Homeworks/robotics_v1/install/ur_description:/home/parallels/CLionProjects/Homeworks/robotics_v1/install/ur_dashboard_msgs:/home/parallels/CLionProjects/Homeworks/robotics_v1/install/ur_bringup:${AMENT_PREFIX_PATH} CMAKE_PREFIX_PATH=/home/parallels/CLionProjects/Homeworks/robotics_v1/install/ur_controllers:/home/parallels/CLionProjects/Homeworks/robotics_v1/install/ur_description:/home/parallels/CLionProjects/Homeworks/robotics_v1/install/ur_dashboard_msgs:/home/parallels/CLionProjects/Homeworks/robotics_v1/install/ur_client_library:/home/parallels/CLionProjects/Homeworks/robotics_v1/install/ur_bringup:/opt/ros/foxy LD_LIBRARY_PATH=/home/parallels/CLionProjects/Homeworks/robotics_v1/install/ur_controllers/lib:/home/parallels/CLionProjects/Homeworks/robotics_v1/install/ur_dashboard_msgs/lib:/home/parallels/CLionProjects/Homeworks/robotics_v1/install/ur_client_library/lib:${LD_LIBRARY_PATH} PKG_CONFIG_PATH=/home/parallels/CLionProjects/Homeworks/robotics_v1/install/ur_client_library/lib/aarch64-linux-gnu/pkgconfig:/home/parallels/CLionProjects/Homeworks/robotics_v1/install/ur_client_library/lib/pkgconfig PYTHONPATH=/home/parallels/CLionProjects/Homeworks/robotics_v1/install/ur_dashboard_msgs/lib/python3.8/site-packages:${PYTHONPATH} /usr/bin/cmake --build /home/parallels/CLionProjects/Homeworks/robotics_v1/build/ur_robot_driver -- -j4 -l4
[14.875s] Invoking command in '/home/parallels/CLionProjects/Homeworks/robotics_v1/build/ur_robot_driver': AMENT_PREFIX_PATH=/home/parallels/CLionProjects/Homeworks/robotics_v1/install/ur_controllers:/home/parallels/CLionProjects/Homeworks/robotics_v1/install/ur_description:/home/parallels/CLionProjects/Homeworks/robotics_v1/install/ur_dashboard_msgs:/home/parallels/CLionProjects/Homeworks/robotics_v1/install/ur_bringup:${AMENT_PREFIX_PATH} CMAKE_PREFIX_PATH=/home/parallels/CLionProjects/Homeworks/robotics_v1/install/ur_controllers:/home/parallels/CLionProjects/Homeworks/robotics_v1/install/ur_description:/home/parallels/CLionProjects/Homeworks/robotics_v1/install/ur_dashboard_msgs:/home/parallels/CLionProjects/Homeworks/robotics_v1/install/ur_client_library:/home/parallels/CLionProjects/Homeworks/robotics_v1/install/ur_bringup:/opt/ros/foxy LD_LIBRARY_PATH=/home/parallels/CLionProjects/Homeworks/robotics_v1/install/ur_controllers/lib:/home/parallels/CLionProjects/Homeworks/robotics_v1/install/ur_dashboard_msgs/lib:/home/parallels/CLionProjects/Homeworks/robotics_v1/install/ur_client_library/lib:${LD_LIBRARY_PATH} PKG_CONFIG_PATH=/home/parallels/CLionProjects/Homeworks/robotics_v1/install/ur_client_library/lib/aarch64-linux-gnu/pkgconfig:/home/parallels/CLionProjects/Homeworks/robotics_v1/install/ur_client_library/lib/pkgconfig PYTHONPATH=/home/parallels/CLionProjects/Homeworks/robotics_v1/install/ur_dashboard_msgs/lib/python3.8/site-packages:${PYTHONPATH} /usr/bin/cmake --install /home/parallels/CLionProjects/Homeworks/robotics_v1/build/ur_robot_driver
[14.884s] -- Install configuration: "Debug"
[14.884s] -- Execute custom install script
[14.884s] -- Symlinking: /home/parallels/CLionProjects/Homeworks/robotics_v1/install/ur_robot_driver/share/ur_robot_driver//hardware_interface_plugin.xml
[14.892s] -- Symlinking: /home/parallels/CLionProjects/Homeworks/robotics_v1/install/ur_robot_driver/lib/ur_robot_driver/dashboard_client
[14.899s] -- Symlinking: /home/parallels/CLionProjects/Homeworks/robotics_v1/install/ur_robot_driver/lib/libur_robot_driver_plugin.so
[14.906s] -- Symlinking: /home/parallels/CLionProjects/Homeworks/robotics_v1/install/ur_robot_driver/include/ur_robot_driver/dashboard_client_ros.hpp
[14.913s] -- Symlinking: /home/parallels/CLionProjects/Homeworks/robotics_v1/install/ur_robot_driver/include/ur_robot_driver/hardware_interface.hpp
[14.919s] -- Symlinking: /home/parallels/CLionProjects/Homeworks/robotics_v1/install/ur_robot_driver/include/ur_robot_driver/urcl_log_handler.hpp
[14.927s] -- Symlinking: /home/parallels/CLionProjects/Homeworks/robotics_v1/install/ur_robot_driver/share/ur_robot_driver/environment/library_path.sh
[14.934s] -- Symlinking: /home/parallels/CLionProjects/Homeworks/robotics_v1/install/ur_robot_driver/share/ur_robot_driver/environment/library_path.dsv
[14.941s] -- Symlinking: /home/parallels/CLionProjects/Homeworks/robotics_v1/install/ur_robot_driver/bin/tool_communication
[14.948s] -- Symlinking: /home/parallels/CLionProjects/Homeworks/robotics_v1/install/ur_robot_driver/share/ur_robot_driver/resources/Dockerfile
[14.955s] -- Symlinking: /home/parallels/CLionProjects/Homeworks/robotics_v1/install/ur_robot_driver/share/ur_robot_driver/resources/externalcontrol-1.0.5.urcap
[14.962s] -- Symlinking: /home/parallels/CLionProjects/Homeworks/robotics_v1/install/ur_robot_driver/share/ur_robot_driver/resources/ros_control.urscript
[14.968s] -- Symlinking: /home/parallels/CLionProjects/Homeworks/robotics_v1/install/ur_robot_driver/share/ur_robot_driver/resources/rs485-1.0.urcap
[14.975s] -- Symlinking: /home/parallels/CLionProjects/Homeworks/robotics_v1/install/ur_robot_driver/share/ur_robot_driver/resources/rtde_input_recipe.txt
[14.982s] -- Symlinking: /home/parallels/CLionProjects/Homeworks/robotics_v1/install/ur_robot_driver/share/ur_robot_driver/resources/rtde_output_recipe.txt
[14.988s] -- Symlinking: /home/parallels/CLionProjects/Homeworks/robotics_v1/install/ur_robot_driver/share/ur_robot_driver/resources/ursim_driver/README.md
[14.995s] -- Symlinking: /home/parallels/CLionProjects/Homeworks/robotics_v1/install/ur_robot_driver/share/ur_robot_driver/resources/ursim_driver/build_and_run_docker_ursim_with_driver.sh
[15.002s] -- Symlinking: /home/parallels/CLionProjects/Homeworks/robotics_v1/install/ur_robot_driver/share/ur_robot_driver/resources/ursim_driver/docker-compose.yml
[15.009s] -- Symlinking: /home/parallels/CLionProjects/Homeworks/robotics_v1/install/ur_robot_driver/share/ur_robot_driver/resources/ursim_driver/driver/Dockerfile
[15.016s] -- Symlinking: /home/parallels/CLionProjects/Homeworks/robotics_v1/install/ur_robot_driver/share/ur_robot_driver/resources/ursim_driver/driver/entrypoint.sh
[15.023s] -- Symlinking: /home/parallels/CLionProjects/Homeworks/robotics_v1/install/ur_robot_driver/share/ur_robot_driver/resources/ursim_driver/driver/wait_dashboard_server.sh
[15.030s] -- Symlinking: /home/parallels/CLionProjects/Homeworks/robotics_v1/install/ur_robot_driver/share/ur_robot_driver/resources/ursim_driver/resources/add_urcap.png
[15.037s] -- Symlinking: /home/parallels/CLionProjects/Homeworks/robotics_v1/install/ur_robot_driver/share/ur_robot_driver/resources/ursim_driver/resources/added_external_ctrl.png
[15.044s] -- Symlinking: /home/parallels/CLionProjects/Homeworks/robotics_v1/install/ur_robot_driver/share/ur_robot_driver/resources/ursim_driver/resources/added_urcap.png
[15.051s] -- Symlinking: /home/parallels/CLionProjects/Homeworks/robotics_v1/install/ur_robot_driver/share/ur_robot_driver/resources/ursim_driver/resources/move_tab.png
[15.058s] -- Symlinking: /home/parallels/CLionProjects/Homeworks/robotics_v1/install/ur_robot_driver/share/ur_robot_driver/resources/ursim_driver/resources/powered_on.png
[15.065s] -- Symlinking: /home/parallels/CLionProjects/Homeworks/robotics_v1/install/ur_robot_driver/share/ur_robot_driver/resources/ursim_driver/resources/poweron_proc.png
[15.072s] -- Symlinking: /home/parallels/CLionProjects/Homeworks/robotics_v1/install/ur_robot_driver/share/ur_robot_driver/resources/ursim_driver/resources/running_external_ctrl.png
[15.079s] -- Symlinking: /home/parallels/CLionProjects/Homeworks/robotics_v1/install/ur_robot_driver/share/ur_robot_driver/resources/ursim_driver/resources/rviz.png
[15.086s] -- Symlinking: /home/parallels/CLionProjects/Homeworks/robotics_v1/install/ur_robot_driver/share/ur_robot_driver/resources/ursim_driver/resources/settings.png
[15.094s] -- Symlinking: /home/parallels/CLionProjects/Homeworks/robotics_v1/install/ur_robot_driver/share/ur_robot_driver/resources/ursim_driver/resources/terminal.png
[15.101s] -- Symlinking: /home/parallels/CLionProjects/Homeworks/robotics_v1/install/ur_robot_driver/share/ur_robot_driver/resources/ursim_driver/resources/urcap_menu.png
[15.109s] -- Symlinking: /home/parallels/CLionProjects/Homeworks/robotics_v1/install/ur_robot_driver/share/ur_robot_driver/resources/ursim_driver/resources/vncviewer_list.png
[15.116s] -- Symlinking: /home/parallels/CLionProjects/Homeworks/robotics_v1/install/ur_robot_driver/share/ur_robot_driver/resources/ursim_driver/ursim/aux/.vol/urcap_ros_control.installation
[15.124s] -- Symlinking: /home/parallels/CLionProjects/Homeworks/robotics_v1/install/ur_robot_driver/share/ur_robot_driver/resources/ursim_driver/ursim/aux/.vol/urcap_ros_control.script
[15.131s] -- Symlinking: /home/parallels/CLionProjects/Homeworks/robotics_v1/install/ur_robot_driver/share/ur_robot_driver/resources/ursim_driver/ursim/aux/.vol/urcap_ros_control.txt
[15.139s] -- Symlinking: /home/parallels/CLionProjects/Homeworks/robotics_v1/install/ur_robot_driver/share/ur_robot_driver/resources/ursim_driver/ursim/aux/.vol/urcap_ros_control.urp
[15.146s] -- Symlinking: /home/parallels/CLionProjects/Homeworks/robotics_v1/install/ur_robot_driver/share/ur_robot_driver/resources/ursim_driver/ursim/aux/.vol/urcap_ros_control.variables
[15.153s] -- Symlinking: /home/parallels/CLionProjects/Homeworks/robotics_v1/install/ur_robot_driver/share/ur_robot_driver/resources/ursim_driver/ursim/aux/externalcontrol-1.0.5.urcap
[15.161s] -- Symlinking: /home/parallels/CLionProjects/Homeworks/robotics_v1/install/ur_robot_driver/share/ur_robot_driver/resources/ursim_driver/ursim/aux/ros_control.urscript
[15.168s] -- Symlinking: /home/parallels/CLionProjects/Homeworks/robotics_v1/install/ur_robot_driver/share/ur_robot_driver/resources/ursim_driver/ursim/aux/rs485-1.0.urcap
[15.175s] -- Symlinking: /home/parallels/CLionProjects/Homeworks/robotics_v1/install/ur_robot_driver/share/ur_robot_driver/resources/ursim_driver/ursim/g3/Dockerfile
[15.181s] -- Symlinking: /home/parallels/CLionProjects/Homeworks/robotics_v1/install/ur_robot_driver/share/ur_robot_driver/resources/ursim_driver/ursim/g3/entrypoint.sh
[15.188s] -- Symlinking: /home/parallels/CLionProjects/Homeworks/robotics_v1/install/ur_robot_driver/share/ur_robot_driver/resources/ursim_driver/ursim/g5/Dockerfile
[15.195s] -- Symlinking: /home/parallels/CLionProjects/Homeworks/robotics_v1/install/ur_robot_driver/share/ur_robot_driver/resources/ursim_driver/ursim/g5/entrypoint.sh
[15.202s] -- Up-to-date symlink: /home/parallels/CLionProjects/Homeworks/robotics_v1/install/ur_robot_driver/include/ur_robot_driver/dashboard_client_ros.hpp
[15.202s] -- Up-to-date symlink: /home/parallels/CLionProjects/Homeworks/robotics_v1/install/ur_robot_driver/include/ur_robot_driver/hardware_interface.hpp
[15.202s] -- Up-to-date symlink: /home/parallels/CLionProjects/Homeworks/robotics_v1/install/ur_robot_driver/include/ur_robot_driver/urcl_log_handler.hpp
[15.202s] -- Symlinking: /home/parallels/CLionProjects/Homeworks/robotics_v1/install/ur_robot_driver/share/ament_index/resource_index/package_run_dependencies/ur_robot_driver
[15.210s] -- Symlinking: /home/parallels/CLionProjects/Homeworks/robotics_v1/install/ur_robot_driver/share/ament_index/resource_index/parent_prefix_path/ur_robot_driver
[15.217s] -- Symlinking: /home/parallels/CLionProjects/Homeworks/robotics_v1/install/ur_robot_driver/share/ur_robot_driver/environment/ament_prefix_path.sh
[15.224s] -- Symlinking: /home/parallels/CLionProjects/Homeworks/robotics_v1/install/ur_robot_driver/share/ur_robot_driver/environment/ament_prefix_path.dsv
[15.231s] -- Symlinking: /home/parallels/CLionProjects/Homeworks/robotics_v1/install/ur_robot_driver/share/ur_robot_driver/environment/path.sh
[15.238s] -- Symlinking: /home/parallels/CLionProjects/Homeworks/robotics_v1/install/ur_robot_driver/share/ur_robot_driver/environment/path.dsv
[15.247s] -- Symlinking: /home/parallels/CLionProjects/Homeworks/robotics_v1/install/ur_robot_driver/share/ur_robot_driver/local_setup.bash
[15.254s] -- Symlinking: /home/parallels/CLionProjects/Homeworks/robotics_v1/install/ur_robot_driver/share/ur_robot_driver/local_setup.sh
[15.261s] -- Symlinking: /home/parallels/CLionProjects/Homeworks/robotics_v1/install/ur_robot_driver/share/ur_robot_driver/local_setup.zsh
[15.268s] -- Symlinking: /home/parallels/CLionProjects/Homeworks/robotics_v1/install/ur_robot_driver/share/ur_robot_driver/local_setup.dsv
[15.276s] -- Symlinking: /home/parallels/CLionProjects/Homeworks/robotics_v1/install/ur_robot_driver/share/ur_robot_driver/package.dsv
[15.284s] -- Symlinking: /home/parallels/CLionProjects/Homeworks/robotics_v1/install/ur_robot_driver/share/ament_index/resource_index/packages/ur_robot_driver
[15.291s] -- Symlinking: /home/parallels/CLionProjects/Homeworks/robotics_v1/install/ur_robot_driver/share/ament_index/resource_index/hardware_interface__pluginlib__plugin/ur_robot_driver
[15.299s] -- Symlinking: /home/parallels/CLionProjects/Homeworks/robotics_v1/install/ur_robot_driver/share/ur_robot_driver/cmake/ament_cmake_export_include_directories-extras.cmake
[15.306s] -- Symlinking: /home/parallels/CLionProjects/Homeworks/robotics_v1/install/ur_robot_driver/share/ur_robot_driver/cmake/ament_cmake_export_libraries-extras.cmake
[15.313s] -- Symlinking: /home/parallels/CLionProjects/Homeworks/robotics_v1/install/ur_robot_driver/share/ur_robot_driver/cmake/ament_cmake_export_dependencies-extras.cmake
[15.320s] -- Symlinking: /home/parallels/CLionProjects/Homeworks/robotics_v1/install/ur_robot_driver/share/ur_robot_driver/cmake/ur_robot_driverConfig.cmake
[15.327s] -- Symlinking: /home/parallels/CLionProjects/Homeworks/robotics_v1/install/ur_robot_driver/share/ur_robot_driver/cmake/ur_robot_driverConfig-version.cmake
[15.334s] -- Symlinking: /home/parallels/CLionProjects/Homeworks/robotics_v1/install/ur_robot_driver/share/ur_robot_driver/package.xml
[15.352s] Invoked command in '/home/parallels/CLionProjects/Homeworks/robotics_v1/build/ur_robot_driver' returned '0': AMENT_PREFIX_PATH=/home/parallels/CLionProjects/Homeworks/robotics_v1/install/ur_controllers:/home/parallels/CLionProjects/Homeworks/robotics_v1/install/ur_description:/home/parallels/CLionProjects/Homeworks/robotics_v1/install/ur_dashboard_msgs:/home/parallels/CLionProjects/Homeworks/robotics_v1/install/ur_bringup:${AMENT_PREFIX_PATH} CMAKE_PREFIX_PATH=/home/parallels/CLionProjects/Homeworks/robotics_v1/install/ur_controllers:/home/parallels/CLionProjects/Homeworks/robotics_v1/install/ur_description:/home/parallels/CLionProjects/Homeworks/robotics_v1/install/ur_dashboard_msgs:/home/parallels/CLionProjects/Homeworks/robotics_v1/install/ur_client_library:/home/parallels/CLionProjects/Homeworks/robotics_v1/install/ur_bringup:/opt/ros/foxy LD_LIBRARY_PATH=/home/parallels/CLionProjects/Homeworks/robotics_v1/install/ur_controllers/lib:/home/parallels/CLionProjects/Homeworks/robotics_v1/install/ur_dashboard_msgs/lib:/home/parallels/CLionProjects/Homeworks/robotics_v1/install/ur_client_library/lib:${LD_LIBRARY_PATH} PKG_CONFIG_PATH=/home/parallels/CLionProjects/Homeworks/robotics_v1/install/ur_client_library/lib/aarch64-linux-gnu/pkgconfig:/home/parallels/CLionProjects/Homeworks/robotics_v1/install/ur_client_library/lib/pkgconfig PYTHONPATH=/home/parallels/CLionProjects/Homeworks/robotics_v1/install/ur_dashboard_msgs/lib/python3.8/site-packages:${PYTHONPATH} /usr/bin/cmake --install /home/parallels/CLionProjects/Homeworks/robotics_v1/build/ur_robot_driver
