[0.020s] Invoking command in '/home/parallels/CLionProjects/Homeworks/robotics_v1/build/utils': CMAKE_PREFIX_PATH=/home/parallels/CLionProjects/Homeworks/robotics_v1/install/cmake_helpers:/opt/ros/foxy PKG_CONFIG_PATH=/home/parallels/CLionProjects/Homeworks/robotics_v1/install/cmake_helpers/lib/aarch64-linux-gnu/pkgconfig:/home/parallels/CLionProjects/Homeworks/robotics_v1/install/cmake_helpers/lib/pkgconfig /usr/bin/cmake /home/parallels/CLionProjects/Homeworks/robotics_v1/src/lib/utils -DCMAKE_EXPORT_COMPILE_COMMANDS=ON -DCMAKE_INSTALL_PREFIX=/home/parallels/CLionProjects/Homeworks/robotics_v1/install/utils
[0.033s] -- Found cmake_helpers: 1.0.0 (/home/parallels/CLionProjects/Homeworks/robotics_v1/install/cmake_helpers/share/cmake_helpers/cmake)
[0.036s] -- Found ament_cmake: 0.9.9 (/opt/ros/foxy/share/ament_cmake/cmake)
[0.055s] -- Using PYTHON_EXECUTABLE: /usr/bin/python3
[0.196s] -- Configuring done
[0.204s] -- Generating done
[0.206s] -- Build files have been written to: /home/parallels/CLionProjects/Homeworks/robotics_v1/build/utils
[0.210s] Invoked command in '/home/parallels/CLionProjects/Homeworks/robotics_v1/build/utils' returned '0': CMAKE_PREFIX_PATH=/home/parallels/CLionProjects/Homeworks/robotics_v1/install/cmake_helpers:/opt/ros/foxy PKG_CONFIG_PATH=/home/parallels/CLionProjects/Homeworks/robotics_v1/install/cmake_helpers/lib/aarch64-linux-gnu/pkgconfig:/home/parallels/CLionProjects/Homeworks/robotics_v1/install/cmake_helpers/lib/pkgconfig /usr/bin/cmake /home/parallels/CLionProjects/Homeworks/robotics_v1/src/lib/utils -DCMAKE_EXPORT_COMPILE_COMMANDS=ON -DCMAKE_INSTALL_PREFIX=/home/parallels/CLionProjects/Homeworks/robotics_v1/install/utils
[0.210s] Invoking command in '/home/parallels/CLionProjects/Homeworks/robotics_v1/build/utils': CMAKE_PREFIX_PATH=/home/parallels/CLionProjects/Homeworks/robotics_v1/install/cmake_helpers:/opt/ros/foxy PKG_CONFIG_PATH=/home/parallels/CLionProjects/Homeworks/robotics_v1/install/cmake_helpers/lib/aarch64-linux-gnu/pkgconfig:/home/parallels/CLionProjects/Homeworks/robotics_v1/install/cmake_helpers/lib/pkgconfig /usr/bin/cmake --build /home/parallels/CLionProjects/Homeworks/robotics_v1/build/utils -- -j4 -l4
[0.260s] [100%] Built target utils
[0.271s] Invoked command in '/home/parallels/CLionProjects/Homeworks/robotics_v1/build/utils' returned '0': CMAKE_PREFIX_PATH=/home/parallels/CLionProjects/Homeworks/robotics_v1/install/cmake_helpers:/opt/ros/foxy PKG_CONFIG_PATH=/home/parallels/CLionProjects/Homeworks/robotics_v1/install/cmake_helpers/lib/aarch64-linux-gnu/pkgconfig:/home/parallels/CLionProjects/Homeworks/robotics_v1/install/cmake_helpers/lib/pkgconfig /usr/bin/cmake --build /home/parallels/CLionProjects/Homeworks/robotics_v1/build/utils -- -j4 -l4
[0.400s] Invoking command in '/home/parallels/CLionProjects/Homeworks/robotics_v1/build/utils': CMAKE_PREFIX_PATH=/home/parallels/CLionProjects/Homeworks/robotics_v1/install/cmake_helpers:/opt/ros/foxy PKG_CONFIG_PATH=/home/parallels/CLionProjects/Homeworks/robotics_v1/install/cmake_helpers/lib/aarch64-linux-gnu/pkgconfig:/home/parallels/CLionProjects/Homeworks/robotics_v1/install/cmake_helpers/lib/pkgconfig /usr/bin/cmake --install /home/parallels/CLionProjects/Homeworks/robotics_v1/build/utils
[0.409s] -- Install configuration: "RelWithDebInfo"
[0.409s] -- Up-to-date: /home/parallels/CLionProjects/Homeworks/robotics_v1/install/utils/share/utils/package.xml
[0.409s] -- Up-to-date: /home/parallels/CLionProjects/Homeworks/robotics_v1/install/utils/lib/utils/libutils.a
[0.409s] -- Installing: /home/parallels/CLionProjects/Homeworks/robotics_v1/install/utils/share/ament_index/resource_index/packages/utils
[0.410s] -- Installing: /home/parallels/CLionProjects/Homeworks/robotics_v1/install/utils/share/utils/hook/ament_prefix_path.dsv
[0.410s] -- Installing: /home/parallels/CLionProjects/Homeworks/robotics_v1/install/utils/share/utils/hook/ros_package_path.dsv
[0.410s] -- Up-to-date: /home/parallels/CLionProjects/Homeworks/robotics_v1/install/utils/share/ament_index/resource_index/package_run_dependencies/utils
[0.410s] -- Installing: /home/parallels/CLionProjects/Homeworks/robotics_v1/install/utils/share/ament_index/resource_index/parent_prefix_path/utils
[0.410s] -- Up-to-date: /home/parallels/CLionProjects/Homeworks/robotics_v1/install/utils/share/utils/environment/ament_prefix_path.sh
[0.410s] -- Installing: /home/parallels/CLionProjects/Homeworks/robotics_v1/install/utils/share/utils/environment/ament_prefix_path.dsv
[0.411s] -- Up-to-date: /home/parallels/CLionProjects/Homeworks/robotics_v1/install/utils/share/utils/environment/path.sh
[0.411s] -- Installing: /home/parallels/CLionProjects/Homeworks/robotics_v1/install/utils/share/utils/environment/path.dsv
[0.411s] -- Up-to-date: /home/parallels/CLionProjects/Homeworks/robotics_v1/install/utils/share/utils/local_setup.bash
[0.411s] -- Up-to-date: /home/parallels/CLionProjects/Homeworks/robotics_v1/install/utils/share/utils/local_setup.sh
[0.411s] -- Up-to-date: /home/parallels/CLionProjects/Homeworks/robotics_v1/install/utils/share/utils/local_setup.zsh
[0.411s] -- Installing: /home/parallels/CLionProjects/Homeworks/robotics_v1/install/utils/share/utils/local_setup.dsv
[0.411s] -- Installing: /home/parallels/CLionProjects/Homeworks/robotics_v1/install/utils/share/utils/package.dsv
[0.411s] -- Installing: /home/parallels/CLionProjects/Homeworks/robotics_v1/install/utils/share/ament_index/resource_index/packages/utils
[0.411s] -- Up-to-date: /home/parallels/CLionProjects/Homeworks/robotics_v1/install/utils/share/utils/cmake/utilsConfig.cmake
[0.412s] -- Up-to-date: /home/parallels/CLionProjects/Homeworks/robotics_v1/install/utils/share/utils/cmake/utilsConfig-version.cmake
[0.412s] -- Up-to-date: /home/parallels/CLionProjects/Homeworks/robotics_v1/install/utils/share/utils/package.xml
[0.412s] -- Up-to-date: /home/parallels/CLionProjects/Homeworks/robotics_v1/install/utils/lib/libutils.a
[0.412s] -- Up-to-date: /home/parallels/CLionProjects/Homeworks/robotics_v1/install/utils/include
[0.412s] -- Up-to-date: /home/parallels/CLionProjects/Homeworks/robotics_v1/install/utils/include/utils
[0.412s] -- Up-to-date: /home/parallels/CLionProjects/Homeworks/robotics_v1/install/utils/include/utils/common
[0.412s] -- Up-to-date: /home/parallels/CLionProjects/Homeworks/robotics_v1/install/utils/include/utils/common/AutoCircularBuffer.h
[0.412s] -- Up-to-date: /home/parallels/CLionProjects/Homeworks/robotics_v1/install/utils/include/utils/common/Crc.h
[0.412s] -- Up-to-date: /home/parallels/CLionProjects/Homeworks/robotics_v1/install/utils/include/utils/common/CircularBuffer.h
[0.412s] -- Up-to-date: /home/parallels/CLionProjects/Homeworks/robotics_v1/install/utils/include/utils/common/defines
[0.412s] -- Up-to-date: /home/parallels/CLionProjects/Homeworks/robotics_v1/install/utils/include/utils/common/defines/SymbolNameDefines.h
[0.412s] -- Up-to-date: /home/parallels/CLionProjects/Homeworks/robotics_v1/install/utils/include/utils/file_system
[0.412s] -- Up-to-date: /home/parallels/CLionProjects/Homeworks/robotics_v1/install/utils/include/utils/file_system/FileSystemUtils.h
[0.412s] -- Up-to-date: /home/parallels/CLionProjects/Homeworks/robotics_v1/install/utils/include/utils/time
[0.412s] -- Up-to-date: /home/parallels/CLionProjects/Homeworks/robotics_v1/install/utils/include/utils/time/Time.h
[0.412s] -- Up-to-date: /home/parallels/CLionProjects/Homeworks/robotics_v1/install/utils/include/utils/debug
[0.412s] -- Up-to-date: /home/parallels/CLionProjects/Homeworks/robotics_v1/install/utils/include/utils/debug/StackTrace.h
[0.412s] -- Up-to-date: /home/parallels/CLionProjects/Homeworks/robotics_v1/install/utils/include/utils/debug/FunctionTracer.h
[0.412s] -- Up-to-date: /home/parallels/CLionProjects/Homeworks/robotics_v1/install/utils/include/utils/debug/SignalHandler.h
[0.413s] -- Up-to-date: /home/parallels/CLionProjects/Homeworks/robotics_v1/install/utils/include/utils/file
[0.413s] -- Up-to-date: /home/parallels/CLionProjects/Homeworks/robotics_v1/install/utils/include/utils/file/IniFileParser.h
[0.413s] -- Up-to-date: /home/parallels/CLionProjects/Homeworks/robotics_v1/install/utils/include/utils/LimitValues.h
[0.413s] -- Up-to-date: /home/parallels/CLionProjects/Homeworks/robotics_v1/install/utils/include/utils/class
[0.413s] -- Up-to-date: /home/parallels/CLionProjects/Homeworks/robotics_v1/install/utils/include/utils/class/NonCopyable.h
[0.413s] -- Up-to-date: /home/parallels/CLionProjects/Homeworks/robotics_v1/install/utils/include/utils/class/NonMoveable.h
[0.413s] -- Up-to-date: /home/parallels/CLionProjects/Homeworks/robotics_v1/install/utils/include/utils/Log.h
[0.413s] -- Up-to-date: /home/parallels/CLionProjects/Homeworks/robotics_v1/install/utils/include/utils/ErrorCode.h
[0.413s] -- Up-to-date: /home/parallels/CLionProjects/Homeworks/robotics_v1/install/utils/include/utils/concurrency
[0.413s] -- Up-to-date: /home/parallels/CLionProjects/Homeworks/robotics_v1/install/utils/include/utils/concurrency/ThreadSafeQueue.h
[0.413s] -- Up-to-date: /home/parallels/CLionProjects/Homeworks/robotics_v1/install/utils/include/utils/drawing
[0.413s] -- Up-to-date: /home/parallels/CLionProjects/Homeworks/robotics_v1/install/utils/include/utils/drawing/Margin.h
[0.413s] -- Up-to-date: /home/parallels/CLionProjects/Homeworks/robotics_v1/install/utils/include/utils/drawing/Point.h
[0.413s] -- Up-to-date: /home/parallels/CLionProjects/Homeworks/robotics_v1/install/utils/include/utils/drawing/Rectangle.h
[0.413s] -- Up-to-date: /home/parallels/CLionProjects/Homeworks/robotics_v1/install/utils/include/utils/drawing/Color.h
[0.413s] -- Up-to-date: /home/parallels/CLionProjects/Homeworks/robotics_v1/install/utils/include/utils/drawing/WidgetAligner.h
[0.413s] -- Up-to-date: /home/parallels/CLionProjects/Homeworks/robotics_v1/install/utils/include/utils/data_type
[0.413s] -- Up-to-date: /home/parallels/CLionProjects/Homeworks/robotics_v1/install/utils/include/utils/data_type/EnumClassUtils.h
[0.413s] -- Up-to-date: /home/parallels/CLionProjects/Homeworks/robotics_v1/install/utils/include/utils/data_type/IntegerUtils.h
[0.413s] -- Up-to-date: /home/parallels/CLionProjects/Homeworks/robotics_v1/install/utils/include/utils/data_type/FloatingPoint.h
[0.413s] -- Up-to-date: /home/parallels/CLionProjects/Homeworks/robotics_v1/install/utils/include/utils/data_type/FloatingPointUtils.h
[0.413s] -- Up-to-date: /home/parallels/CLionProjects/Homeworks/robotics_v1/install/utils/include/utils/data_type/StringUtils.h
[0.413s] -- Up-to-date: /home/parallels/CLionProjects/Homeworks/robotics_v1/install/utils/include/utils/rng
[0.414s] -- Up-to-date: /home/parallels/CLionProjects/Homeworks/robotics_v1/install/utils/include/utils/rng/Rng.h
[0.414s] -- Up-to-date: /home/parallels/CLionProjects/Homeworks/robotics_v1/install/utils/lib/cmake/utils/utilsTargets.cmake
[0.414s] -- Installing: /home/parallels/CLionProjects/Homeworks/robotics_v1/install/utils/lib/cmake/utils/utilsTargets-relwithdebinfo.cmake
[0.414s] -- Up-to-date: /home/parallels/CLionProjects/Homeworks/robotics_v1/install/utils/lib/cmake/utils/utilsConfig.cmake
[0.416s] Invoked command in '/home/parallels/CLionProjects/Homeworks/robotics_v1/build/utils' returned '0': CMAKE_PREFIX_PATH=/home/parallels/CLionProjects/Homeworks/robotics_v1/install/cmake_helpers:/opt/ros/foxy PKG_CONFIG_PATH=/home/parallels/CLionProjects/Homeworks/robotics_v1/install/cmake_helpers/lib/aarch64-linux-gnu/pkgconfig:/home/parallels/CLionProjects/Homeworks/robotics_v1/install/cmake_helpers/lib/pkgconfig /usr/bin/cmake --install /home/parallels/CLionProjects/Homeworks/robotics_v1/build/utils
