[0.014s] Invoking command in '/home/parallels/CLionProjects/Homeworks/robotics_v1/build/ur_bringup': CMAKE_PREFIX_PATH=/opt/ros/foxy /usr/bin/cmake /home/parallels/CLionProjects/Homeworks/robotics_v1/src/ur_driver/Universal_Robots_ROS2_Driver/ur_bringup -DCMAKE_EXPORT_COMPILE_COMMANDS=ON -DCMAKE_INSTALL_PREFIX=/home/parallels/CLionProjects/Homeworks/robotics_v1/install/ur_bringup
[0.033s] -- Found ament_cmake: 0.9.9 (/opt/ros/foxy/share/ament_cmake/cmake)
[0.053s] -- Using PYTHON_EXECUTABLE: /usr/bin/python3
[0.157s] -- Override CMake install command with custom implementation using symlinks instead of copying resources
[0.195s] -- Configuring done
[0.200s] -- Generating done
[0.200s] -- Build files have been written to: /home/parallels/CLionProjects/Homeworks/robotics_v1/build/ur_bringup
[0.202s] Invoked command in '/home/parallels/CLionProjects/Homeworks/robotics_v1/build/ur_bringup' returned '0': CMAKE_PREFIX_PATH=/opt/ros/foxy /usr/bin/cmake /home/parallels/CLionProjects/Homeworks/robotics_v1/src/ur_driver/Universal_Robots_ROS2_Driver/ur_bringup -DCMAKE_EXPORT_COMPILE_COMMANDS=ON -DCMAKE_INSTALL_PREFIX=/home/parallels/CLionProjects/Homeworks/robotics_v1/install/ur_bringup
[0.203s] Invoking command in '/home/parallels/CLionProjects/Homeworks/robotics_v1/build/ur_bringup': CMAKE_PREFIX_PATH=/opt/ros/foxy /usr/bin/cmake --build /home/parallels/CLionProjects/Homeworks/robotics_v1/build/ur_bringup -- -j4 -l4
[0.236s] Invoked command in '/home/parallels/CLionProjects/Homeworks/robotics_v1/build/ur_bringup' returned '0': CMAKE_PREFIX_PATH=/opt/ros/foxy /usr/bin/cmake --build /home/parallels/CLionProjects/Homeworks/robotics_v1/build/ur_bringup -- -j4 -l4
[0.257s] Invoking command in '/home/parallels/CLionProjects/Homeworks/robotics_v1/build/ur_bringup': CMAKE_PREFIX_PATH=/opt/ros/foxy /usr/bin/cmake --install /home/parallels/CLionProjects/Homeworks/robotics_v1/build/ur_bringup
[0.265s] -- Install configuration: "RelWithDebInfo"
[0.266s] -- Execute custom install script
[0.266s] -- Up-to-date symlink: /home/parallels/CLionProjects/Homeworks/robotics_v1/install/ur_bringup/share/ur_bringup/config/test_goal_publishers_config.yaml
[0.266s] -- Up-to-date symlink: /home/parallels/CLionProjects/Homeworks/robotics_v1/install/ur_bringup/share/ur_bringup/config/ur_controllers.yaml
[0.267s] -- Up-to-date symlink: /home/parallels/CLionProjects/Homeworks/robotics_v1/install/ur_bringup/share/ur_bringup/launch/test_joint_trajectory_controller.launch.py
[0.267s] -- Up-to-date symlink: /home/parallels/CLionProjects/Homeworks/robotics_v1/install/ur_bringup/share/ur_bringup/launch/test_scaled_joint_trajectory_controller.launch.py
[0.268s] -- Up-to-date symlink: /home/parallels/CLionProjects/Homeworks/robotics_v1/install/ur_bringup/share/ur_bringup/launch/ur10.launch.py
[0.268s] -- Up-to-date symlink: /home/parallels/CLionProjects/Homeworks/robotics_v1/install/ur_bringup/share/ur_bringup/launch/ur10e.launch.py
[0.268s] -- Up-to-date symlink: /home/parallels/CLionProjects/Homeworks/robotics_v1/install/ur_bringup/share/ur_bringup/launch/ur16e.launch.py
[0.269s] -- Up-to-date symlink: /home/parallels/CLionProjects/Homeworks/robotics_v1/install/ur_bringup/share/ur_bringup/launch/ur3.launch.py
[0.269s] -- Up-to-date symlink: /home/parallels/CLionProjects/Homeworks/robotics_v1/install/ur_bringup/share/ur_bringup/launch/ur3e.launch.py
[0.269s] -- Up-to-date symlink: /home/parallels/CLionProjects/Homeworks/robotics_v1/install/ur_bringup/share/ur_bringup/launch/ur5.launch.py
[0.269s] -- Up-to-date symlink: /home/parallels/CLionProjects/Homeworks/robotics_v1/install/ur_bringup/share/ur_bringup/launch/ur5e.launch.py
[0.270s] -- Up-to-date symlink: /home/parallels/CLionProjects/Homeworks/robotics_v1/install/ur_bringup/share/ur_bringup/launch/ur_control.launch.py
[0.270s] -- Up-to-date symlink: /home/parallels/CLionProjects/Homeworks/robotics_v1/install/ur_bringup/share/ur_bringup/launch/ur_dashboard_client.launch.py
[0.270s] -- Up-to-date symlink: /home/parallels/CLionProjects/Homeworks/robotics_v1/install/ur_bringup/share/ur_bringup/launch/ur_moveit.launch.py
[0.271s] -- Up-to-date symlink: /home/parallels/CLionProjects/Homeworks/robotics_v1/install/ur_bringup/share/ament_index/resource_index/package_run_dependencies/ur_bringup
[0.271s] -- Up-to-date symlink: /home/parallels/CLionProjects/Homeworks/robotics_v1/install/ur_bringup/share/ament_index/resource_index/parent_prefix_path/ur_bringup
[0.271s] -- Up-to-date symlink: /home/parallels/CLionProjects/Homeworks/robotics_v1/install/ur_bringup/share/ur_bringup/environment/ament_prefix_path.sh
[0.272s] -- Up-to-date symlink: /home/parallels/CLionProjects/Homeworks/robotics_v1/install/ur_bringup/share/ur_bringup/environment/ament_prefix_path.dsv
[0.272s] -- Up-to-date symlink: /home/parallels/CLionProjects/Homeworks/robotics_v1/install/ur_bringup/share/ur_bringup/environment/path.sh
[0.272s] -- Up-to-date symlink: /home/parallels/CLionProjects/Homeworks/robotics_v1/install/ur_bringup/share/ur_bringup/environment/path.dsv
[0.273s] -- Up-to-date symlink: /home/parallels/CLionProjects/Homeworks/robotics_v1/install/ur_bringup/share/ur_bringup/local_setup.bash
[0.273s] -- Up-to-date symlink: /home/parallels/CLionProjects/Homeworks/robotics_v1/install/ur_bringup/share/ur_bringup/local_setup.sh
[0.273s] -- Up-to-date symlink: /home/parallels/CLionProjects/Homeworks/robotics_v1/install/ur_bringup/share/ur_bringup/local_setup.zsh
[0.273s] -- Up-to-date symlink: /home/parallels/CLionProjects/Homeworks/robotics_v1/install/ur_bringup/share/ur_bringup/local_setup.dsv
[0.274s] -- Symlinking: /home/parallels/CLionProjects/Homeworks/robotics_v1/install/ur_bringup/share/ur_bringup/package.dsv
[0.287s] -- Up-to-date symlink: /home/parallels/CLionProjects/Homeworks/robotics_v1/install/ur_bringup/share/ament_index/resource_index/packages/ur_bringup
[0.288s] -- Up-to-date symlink: /home/parallels/CLionProjects/Homeworks/robotics_v1/install/ur_bringup/share/ur_bringup/cmake/ur_bringupConfig.cmake
[0.288s] -- Up-to-date symlink: /home/parallels/CLionProjects/Homeworks/robotics_v1/install/ur_bringup/share/ur_bringup/cmake/ur_bringupConfig-version.cmake
[0.288s] -- Up-to-date symlink: /home/parallels/CLionProjects/Homeworks/robotics_v1/install/ur_bringup/share/ur_bringup/package.xml
[0.291s] Invoked command in '/home/parallels/CLionProjects/Homeworks/robotics_v1/build/ur_bringup' returned '0': CMAKE_PREFIX_PATH=/opt/ros/foxy /usr/bin/cmake --install /home/parallels/CLionProjects/Homeworks/robotics_v1/build/ur_bringup
