[0.038s] Invoking command in '/home/parallels/CLionProjects/Homeworks/robotics_v1/build/ur_bringup': CMAKE_PREFIX_PATH=/opt/ros/foxy /usr/bin/cmake /home/parallels/CLionProjects/Homeworks/robotics_v1/src/ur_driver/Universal_Robots_ROS2_Driver/ur_bringup -DCMAKE_BUILD_TYPE=Debug -DCMAKE_CXX_COMPILER=/usr/bin/clang++ -DAMENT_CMAKE_SYMLINK_INSTALL=1 -DCMAKE_INSTALL_PREFIX=/home/parallels/CLionProjects/Homeworks/robotics_v1/install/ur_bringup
[0.131s] -- The C compiler identification is GNU 9.4.0
[0.226s] -- The CXX compiler identification is Clang 10.0.0
[0.230s] -- Check for working C compiler: /usr/bin/cc
[0.391s] -- Check for working C compiler: /usr/bin/cc -- works
[0.391s] -- Detecting C compiler ABI info
[0.587s] -- Detecting C compiler ABI info - done
[0.594s] -- Detecting C compile features
[0.595s] -- Detecting C compile features - done
[0.600s] -- Check for working CXX compiler: /usr/bin/clang++
[0.839s] -- Check for working CXX compiler: /usr/bin/clang++ -- works
[0.839s] -- Detecting CXX compiler ABI info
[1.181s] -- Detecting CXX compiler ABI info - done
[1.188s] -- Detecting CXX compile features
[1.189s] -- Detecting CXX compile features - done
[1.193s] -- Found ament_cmake: 0.9.9 (/opt/ros/foxy/share/ament_cmake/cmake)
[1.241s] -- Found PythonInterp: /usr/bin/python3 (found suitable version "3.8.10", minimum required is "3") 
[1.241s] -- Using PYTHON_EXECUTABLE: /usr/bin/python3
[1.419s] -- Override CMake install command with custom implementation using symlinks instead of copying resources
[1.525s] -- Configuring done
[1.526s] -- Generating done
[1.527s] -- Build files have been written to: /home/parallels/CLionProjects/Homeworks/robotics_v1/build/ur_bringup
[1.529s] Invoked command in '/home/parallels/CLionProjects/Homeworks/robotics_v1/build/ur_bringup' returned '0': CMAKE_PREFIX_PATH=/opt/ros/foxy /usr/bin/cmake /home/parallels/CLionProjects/Homeworks/robotics_v1/src/ur_driver/Universal_Robots_ROS2_Driver/ur_bringup -DCMAKE_BUILD_TYPE=Debug -DCMAKE_CXX_COMPILER=/usr/bin/clang++ -DAMENT_CMAKE_SYMLINK_INSTALL=1 -DCMAKE_INSTALL_PREFIX=/home/parallels/CLionProjects/Homeworks/robotics_v1/install/ur_bringup
[1.531s] Invoking command in '/home/parallels/CLionProjects/Homeworks/robotics_v1/build/ur_bringup': CMAKE_PREFIX_PATH=/opt/ros/foxy /usr/bin/cmake --build /home/parallels/CLionProjects/Homeworks/robotics_v1/build/ur_bringup -- -j4 -l4
[1.650s] Invoked command in '/home/parallels/CLionProjects/Homeworks/robotics_v1/build/ur_bringup' returned '0': CMAKE_PREFIX_PATH=/opt/ros/foxy /usr/bin/cmake --build /home/parallels/CLionProjects/Homeworks/robotics_v1/build/ur_bringup -- -j4 -l4
[1.672s] Invoking command in '/home/parallels/CLionProjects/Homeworks/robotics_v1/build/ur_bringup': CMAKE_PREFIX_PATH=/opt/ros/foxy /usr/bin/cmake --install /home/parallels/CLionProjects/Homeworks/robotics_v1/build/ur_bringup
[1.689s] -- Install configuration: "Debug"
[1.689s] -- Execute custom install script
[1.690s] -- Symlinking: /home/parallels/CLionProjects/Homeworks/robotics_v1/install/ur_bringup/share/ur_bringup/config/test_goal_publishers_config.yaml
[1.702s] -- Symlinking: /home/parallels/CLionProjects/Homeworks/robotics_v1/install/ur_bringup/share/ur_bringup/config/ur_controllers.yaml
[1.710s] -- Symlinking: /home/parallels/CLionProjects/Homeworks/robotics_v1/install/ur_bringup/share/ur_bringup/launch/test_joint_trajectory_controller.launch.py
[1.717s] -- Symlinking: /home/parallels/CLionProjects/Homeworks/robotics_v1/install/ur_bringup/share/ur_bringup/launch/test_scaled_joint_trajectory_controller.launch.py
[1.724s] -- Symlinking: /home/parallels/CLionProjects/Homeworks/robotics_v1/install/ur_bringup/share/ur_bringup/launch/ur10.launch.py
[1.732s] -- Symlinking: /home/parallels/CLionProjects/Homeworks/robotics_v1/install/ur_bringup/share/ur_bringup/launch/ur10e.launch.py
[1.739s] -- Symlinking: /home/parallels/CLionProjects/Homeworks/robotics_v1/install/ur_bringup/share/ur_bringup/launch/ur16e.launch.py
[1.746s] -- Symlinking: /home/parallels/CLionProjects/Homeworks/robotics_v1/install/ur_bringup/share/ur_bringup/launch/ur3.launch.py
[1.754s] -- Symlinking: /home/parallels/CLionProjects/Homeworks/robotics_v1/install/ur_bringup/share/ur_bringup/launch/ur3e.launch.py
[1.762s] -- Symlinking: /home/parallels/CLionProjects/Homeworks/robotics_v1/install/ur_bringup/share/ur_bringup/launch/ur5.launch.py
[1.768s] -- Symlinking: /home/parallels/CLionProjects/Homeworks/robotics_v1/install/ur_bringup/share/ur_bringup/launch/ur5e.launch.py
[1.775s] -- Symlinking: /home/parallels/CLionProjects/Homeworks/robotics_v1/install/ur_bringup/share/ur_bringup/launch/ur_control.launch.py
[1.782s] -- Symlinking: /home/parallels/CLionProjects/Homeworks/robotics_v1/install/ur_bringup/share/ur_bringup/launch/ur_dashboard_client.launch.py
[1.789s] -- Symlinking: /home/parallels/CLionProjects/Homeworks/robotics_v1/install/ur_bringup/share/ur_bringup/launch/ur_moveit.launch.py
[1.804s] -- Symlinking: /home/parallels/CLionProjects/Homeworks/robotics_v1/install/ur_bringup/share/ament_index/resource_index/package_run_dependencies/ur_bringup
[1.812s] -- Symlinking: /home/parallels/CLionProjects/Homeworks/robotics_v1/install/ur_bringup/share/ament_index/resource_index/parent_prefix_path/ur_bringup
[1.821s] -- Symlinking: /home/parallels/CLionProjects/Homeworks/robotics_v1/install/ur_bringup/share/ur_bringup/environment/ament_prefix_path.sh
[1.829s] -- Symlinking: /home/parallels/CLionProjects/Homeworks/robotics_v1/install/ur_bringup/share/ur_bringup/environment/ament_prefix_path.dsv
[1.837s] -- Symlinking: /home/parallels/CLionProjects/Homeworks/robotics_v1/install/ur_bringup/share/ur_bringup/environment/path.sh
[1.850s] -- Symlinking: /home/parallels/CLionProjects/Homeworks/robotics_v1/install/ur_bringup/share/ur_bringup/environment/path.dsv
[1.860s] -- Symlinking: /home/parallels/CLionProjects/Homeworks/robotics_v1/install/ur_bringup/share/ur_bringup/local_setup.bash
[1.868s] -- Symlinking: /home/parallels/CLionProjects/Homeworks/robotics_v1/install/ur_bringup/share/ur_bringup/local_setup.sh
[1.876s] -- Symlinking: /home/parallels/CLionProjects/Homeworks/robotics_v1/install/ur_bringup/share/ur_bringup/local_setup.zsh
[1.899s] -- Symlinking: /home/parallels/CLionProjects/Homeworks/robotics_v1/install/ur_bringup/share/ur_bringup/local_setup.dsv
[1.911s] -- Symlinking: /home/parallels/CLionProjects/Homeworks/robotics_v1/install/ur_bringup/share/ur_bringup/package.dsv
[1.932s] -- Symlinking: /home/parallels/CLionProjects/Homeworks/robotics_v1/install/ur_bringup/share/ament_index/resource_index/packages/ur_bringup
[1.955s] -- Symlinking: /home/parallels/CLionProjects/Homeworks/robotics_v1/install/ur_bringup/share/ur_bringup/cmake/ur_bringupConfig.cmake
[1.977s] -- Symlinking: /home/parallels/CLionProjects/Homeworks/robotics_v1/install/ur_bringup/share/ur_bringup/cmake/ur_bringupConfig-version.cmake
[1.995s] -- Symlinking: /home/parallels/CLionProjects/Homeworks/robotics_v1/install/ur_bringup/share/ur_bringup/package.xml
[2.021s] Invoked command in '/home/parallels/CLionProjects/Homeworks/robotics_v1/build/ur_bringup' returned '0': CMAKE_PREFIX_PATH=/opt/ros/foxy /usr/bin/cmake --install /home/parallels/CLionProjects/Homeworks/robotics_v1/build/ur_bringup
