[0.066s] Invoking command in '/home/parallels/CLionProjects/Homeworks/robotics_v1/build/robo_cleaner_interfaces': CMAKE_PREFIX_PATH=${CMAKE_PREFIX_PATH}:/opt/ros/foxy /usr/bin/cmake /home/parallels/CLionProjects/Homeworks/robotics_v1/src/robo_cleaner/robo_cleaner_interfaces -DCMAKE_BUILD_TYPE=RelWithDebInfo -DAMENT_CMAKE_SYMLINK_INSTALL=1 -DCMAKE_INSTALL_PREFIX=/home/parallels/CLionProjects/Homeworks/robotics_v1/install/robo_cleaner_interfaces
[0.082s] -- Found ament_cmake: 0.9.9 (/opt/ros/foxy/share/ament_cmake/cmake)
[0.102s] -- Found PythonInterp: /usr/bin/python3 (found suitable version "3.8.10", minimum required is "3") 
[0.103s] -- Using PYTHON_EXECUTABLE: /usr/bin/python3
[0.265s] -- Override CMake install command with custom implementation using symlinks instead of copying resources
[0.271s] -- Found rosidl_default_generators: 1.0.1 (/opt/ros/foxy/share/rosidl_default_generators/cmake)
[0.276s] -- Using all available rosidl_typesupport_c: rosidl_typesupport_fastrtps_c;rosidl_typesupport_introspection_c
[0.278s] -- Found rosidl_adapter: 1.2.1 (/opt/ros/foxy/share/rosidl_adapter/cmake)
[0.473s] -- Using all available rosidl_typesupport_cpp: rosidl_typesupport_fastrtps_cpp;rosidl_typesupport_introspection_cpp
[0.509s] -- Found PythonInterp: /usr/bin/python3 (found version "3.8.10") 
[0.695s] -- Found ament_cmake_ros: 0.9.2 (/opt/ros/foxy/share/ament_cmake_ros/cmake)
[0.834s] -- Using all available rosidl_typesupport_c: rosidl_typesupport_fastrtps_c;rosidl_typesupport_introspection_c
[0.864s] -- Using all available rosidl_typesupport_cpp: rosidl_typesupport_fastrtps_cpp;rosidl_typesupport_introspection_cpp
[0.891s] -- Found PythonInterp: /usr/bin/python3 (found suitable version "3.8.10", minimum required is "3.5") 
[0.891s] -- Found python_cmake_module: 0.8.1 (/opt/ros/foxy/share/python_cmake_module/cmake)
[0.910s] -- Using PYTHON_EXECUTABLE: /usr/bin/python3
[0.910s] -- Using PYTHON_INCLUDE_DIRS: /usr/include/python3.8
[0.911s] -- Using PYTHON_LIBRARIES: /usr/lib/aarch64-linux-gnu/libpython3.8.so
[0.957s] -- Configuring done
[1.010s] -- Generating done
[1.013s] -- Build files have been written to: /home/parallels/CLionProjects/Homeworks/robotics_v1/build/robo_cleaner_interfaces
[1.020s] Invoked command in '/home/parallels/CLionProjects/Homeworks/robotics_v1/build/robo_cleaner_interfaces' returned '0': CMAKE_PREFIX_PATH=${CMAKE_PREFIX_PATH}:/opt/ros/foxy /usr/bin/cmake /home/parallels/CLionProjects/Homeworks/robotics_v1/src/robo_cleaner/robo_cleaner_interfaces -DCMAKE_BUILD_TYPE=RelWithDebInfo -DAMENT_CMAKE_SYMLINK_INSTALL=1 -DCMAKE_INSTALL_PREFIX=/home/parallels/CLionProjects/Homeworks/robotics_v1/install/robo_cleaner_interfaces
[1.020s] Invoking command in '/home/parallels/CLionProjects/Homeworks/robotics_v1/build/robo_cleaner_interfaces': CMAKE_PREFIX_PATH=${CMAKE_PREFIX_PATH}:/opt/ros/foxy /usr/bin/cmake --build /home/parallels/CLionProjects/Homeworks/robotics_v1/build/robo_cleaner_interfaces -- -j4 -l4
[1.081s] [  1%] Built target robo_cleaner_interfaces__cpp
[1.090s] [ 12%] Built target robo_cleaner_interfaces__rosidl_generator_c
[1.124s] [ 24%] Built target robo_cleaner_interfaces__rosidl_typesupport_introspection_cpp
[1.125s] [ 35%] Built target robo_cleaner_interfaces__rosidl_typesupport_cpp
[1.140s] [ 47%] Built target robo_cleaner_interfaces__rosidl_typesupport_fastrtps_cpp
[1.147s] [ 58%] Built target robo_cleaner_interfaces__rosidl_typesupport_introspection_c
[1.158s] [ 70%] Built target robo_cleaner_interfaces__rosidl_typesupport_c
[1.170s] [ 81%] Built target robo_cleaner_interfaces__rosidl_typesupport_fastrtps_c
[1.191s] [ 81%] Built target robo_cleaner_interfaces
[1.211s] [ 82%] Built target robo_cleaner_interfaces__py
[1.241s] [ 93%] Built target robo_cleaner_interfaces__python
[1.277s] [ 95%] Built target robo_cleaner_interfaces__rosidl_typesupport_introspection_c__pyext
[1.278s] [ 97%] Built target robo_cleaner_interfaces__rosidl_typesupport_c__pyext
[1.284s] [100%] Built target robo_cleaner_interfaces__rosidl_typesupport_fastrtps_c__pyext
[1.311s] Invoked command in '/home/parallels/CLionProjects/Homeworks/robotics_v1/build/robo_cleaner_interfaces' returned '0': CMAKE_PREFIX_PATH=${CMAKE_PREFIX_PATH}:/opt/ros/foxy /usr/bin/cmake --build /home/parallels/CLionProjects/Homeworks/robotics_v1/build/robo_cleaner_interfaces -- -j4 -l4
[1.550s] Invoking command in '/home/parallels/CLionProjects/Homeworks/robotics_v1/build/robo_cleaner_interfaces': CMAKE_PREFIX_PATH=${CMAKE_PREFIX_PATH}:/opt/ros/foxy /usr/bin/cmake --install /home/parallels/CLionProjects/Homeworks/robotics_v1/build/robo_cleaner_interfaces
[1.564s] -- Install configuration: "RelWithDebInfo"
[1.565s] -- Execute custom install script
[1.565s] -- Up-to-date symlink: /home/parallels/CLionProjects/Homeworks/robotics_v1/install/robo_cleaner_interfaces/share/ament_index/resource_index/rosidl_interfaces/robo_cleaner_interfaces
[1.566s] -- Up-to-date symlink: /home/parallels/CLionProjects/Homeworks/robotics_v1/install/robo_cleaner_interfaces/include/robo_cleaner_interfaces/action/detail/robot_move__functions.h
[1.572s] -- Up-to-date symlink: /home/parallels/CLionProjects/Homeworks/robotics_v1/install/robo_cleaner_interfaces/include/robo_cleaner_interfaces/action/detail/robot_move__struct.h
[1.572s] -- Up-to-date symlink: /home/parallels/CLionProjects/Homeworks/robotics_v1/install/robo_cleaner_interfaces/include/robo_cleaner_interfaces/action/detail/robot_move__type_support.h
[1.572s] -- Up-to-date symlink: /home/parallels/CLionProjects/Homeworks/robotics_v1/install/robo_cleaner_interfaces/include/robo_cleaner_interfaces/action/robot_move.h
[1.572s] -- Up-to-date symlink: /home/parallels/CLionProjects/Homeworks/robotics_v1/install/robo_cleaner_interfaces/include/robo_cleaner_interfaces/msg/battery_status.h
[1.572s] -- Up-to-date symlink: /home/parallels/CLionProjects/Homeworks/robotics_v1/install/robo_cleaner_interfaces/include/robo_cleaner_interfaces/msg/detail/battery_status__functions.h
[1.572s] -- Up-to-date symlink: /home/parallels/CLionProjects/Homeworks/robotics_v1/install/robo_cleaner_interfaces/include/robo_cleaner_interfaces/msg/detail/battery_status__struct.h
[1.572s] -- Up-to-date symlink: /home/parallels/CLionProjects/Homeworks/robotics_v1/install/robo_cleaner_interfaces/include/robo_cleaner_interfaces/msg/detail/battery_status__type_support.h
[1.572s] -- Up-to-date symlink: /home/parallels/CLionProjects/Homeworks/robotics_v1/install/robo_cleaner_interfaces/include/robo_cleaner_interfaces/msg/detail/initial_robot_state__functions.h
[1.572s] -- Up-to-date symlink: /home/parallels/CLionProjects/Homeworks/robotics_v1/install/robo_cleaner_interfaces/include/robo_cleaner_interfaces/msg/detail/initial_robot_state__struct.h
[1.572s] -- Up-to-date symlink: /home/parallels/CLionProjects/Homeworks/robotics_v1/install/robo_cleaner_interfaces/include/robo_cleaner_interfaces/msg/detail/initial_robot_state__type_support.h
[1.572s] -- Up-to-date symlink: /home/parallels/CLionProjects/Homeworks/robotics_v1/install/robo_cleaner_interfaces/include/robo_cleaner_interfaces/msg/detail/robot_move_type__functions.h
[1.572s] -- Up-to-date symlink: /home/parallels/CLionProjects/Homeworks/robotics_v1/install/robo_cleaner_interfaces/include/robo_cleaner_interfaces/msg/detail/robot_move_type__struct.h
[1.572s] -- Up-to-date symlink: /home/parallels/CLionProjects/Homeworks/robotics_v1/install/robo_cleaner_interfaces/include/robo_cleaner_interfaces/msg/detail/robot_move_type__type_support.h
[1.572s] -- Up-to-date symlink: /home/parallels/CLionProjects/Homeworks/robotics_v1/install/robo_cleaner_interfaces/include/robo_cleaner_interfaces/msg/detail/user_authenticate__functions.h
[1.572s] -- Up-to-date symlink: /home/parallels/CLionProjects/Homeworks/robotics_v1/install/robo_cleaner_interfaces/include/robo_cleaner_interfaces/msg/detail/user_authenticate__struct.h
[1.572s] -- Up-to-date symlink: /home/parallels/CLionProjects/Homeworks/robotics_v1/install/robo_cleaner_interfaces/include/robo_cleaner_interfaces/msg/detail/user_authenticate__type_support.h
[1.572s] -- Up-to-date symlink: /home/parallels/CLionProjects/Homeworks/robotics_v1/install/robo_cleaner_interfaces/include/robo_cleaner_interfaces/msg/initial_robot_state.h
[1.573s] -- Up-to-date symlink: /home/parallels/CLionProjects/Homeworks/robotics_v1/install/robo_cleaner_interfaces/include/robo_cleaner_interfaces/msg/robot_move_type.h
[1.573s] -- Up-to-date symlink: /home/parallels/CLionProjects/Homeworks/robotics_v1/install/robo_cleaner_interfaces/include/robo_cleaner_interfaces/msg/rosidl_generator_c__visibility_control.h
[1.573s] -- Up-to-date symlink: /home/parallels/CLionProjects/Homeworks/robotics_v1/install/robo_cleaner_interfaces/include/robo_cleaner_interfaces/msg/user_authenticate.h
[1.573s] -- Up-to-date symlink: /home/parallels/CLionProjects/Homeworks/robotics_v1/install/robo_cleaner_interfaces/include/robo_cleaner_interfaces/srv/charge_battery.h
[1.573s] -- Up-to-date symlink: /home/parallels/CLionProjects/Homeworks/robotics_v1/install/robo_cleaner_interfaces/include/robo_cleaner_interfaces/srv/detail/charge_battery__functions.h
[1.573s] -- Up-to-date symlink: /home/parallels/CLionProjects/Homeworks/robotics_v1/install/robo_cleaner_interfaces/include/robo_cleaner_interfaces/srv/detail/charge_battery__struct.h
[1.573s] -- Up-to-date symlink: /home/parallels/CLionProjects/Homeworks/robotics_v1/install/robo_cleaner_interfaces/include/robo_cleaner_interfaces/srv/detail/charge_battery__type_support.h
[1.573s] -- Up-to-date symlink: /home/parallels/CLionProjects/Homeworks/robotics_v1/install/robo_cleaner_interfaces/include/robo_cleaner_interfaces/srv/detail/query_battery_status__functions.h
[1.573s] -- Up-to-date symlink: /home/parallels/CLionProjects/Homeworks/robotics_v1/install/robo_cleaner_interfaces/include/robo_cleaner_interfaces/srv/detail/query_battery_status__struct.h
[1.573s] -- Up-to-date symlink: /home/parallels/CLionProjects/Homeworks/robotics_v1/install/robo_cleaner_interfaces/include/robo_cleaner_interfaces/srv/detail/query_battery_status__type_support.h
[1.573s] -- Up-to-date symlink: /home/parallels/CLionProjects/Homeworks/robotics_v1/install/robo_cleaner_interfaces/include/robo_cleaner_interfaces/srv/detail/query_initial_robot_state__functions.h
[1.573s] -- Up-to-date symlink: /home/parallels/CLionProjects/Homeworks/robotics_v1/install/robo_cleaner_interfaces/include/robo_cleaner_interfaces/srv/detail/query_initial_robot_state__struct.h
[1.573s] -- Up-to-date symlink: /home/parallels/CLionProjects/Homeworks/robotics_v1/install/robo_cleaner_interfaces/include/robo_cleaner_interfaces/srv/detail/query_initial_robot_state__type_support.h
[1.573s] -- Up-to-date symlink: /home/parallels/CLionProjects/Homeworks/robotics_v1/install/robo_cleaner_interfaces/include/robo_cleaner_interfaces/srv/query_battery_status.h
[1.573s] -- Up-to-date symlink: /home/parallels/CLionProjects/Homeworks/robotics_v1/install/robo_cleaner_interfaces/include/robo_cleaner_interfaces/srv/query_initial_robot_state.h
[1.573s] -- Up-to-date symlink: /home/parallels/CLionProjects/Homeworks/robotics_v1/install/robo_cleaner_interfaces/share/robo_cleaner_interfaces/environment/library_path.sh
[1.573s] -- Up-to-date symlink: /home/parallels/CLionProjects/Homeworks/robotics_v1/install/robo_cleaner_interfaces/share/robo_cleaner_interfaces/environment/library_path.dsv
[1.573s] -- Up-to-date symlink: /home/parallels/CLionProjects/Homeworks/robotics_v1/install/robo_cleaner_interfaces/include/robo_cleaner_interfaces/action/detail/robot_move__rosidl_typesupport_fastrtps_c.h
[1.573s] -- Up-to-date symlink: /home/parallels/CLionProjects/Homeworks/robotics_v1/install/robo_cleaner_interfaces/include/robo_cleaner_interfaces/msg/detail/battery_status__rosidl_typesupport_fastrtps_c.h
[1.573s] -- Up-to-date symlink: /home/parallels/CLionProjects/Homeworks/robotics_v1/install/robo_cleaner_interfaces/include/robo_cleaner_interfaces/msg/detail/initial_robot_state__rosidl_typesupport_fastrtps_c.h
[1.573s] -- Up-to-date symlink: /home/parallels/CLionProjects/Homeworks/robotics_v1/install/robo_cleaner_interfaces/include/robo_cleaner_interfaces/msg/detail/robot_move_type__rosidl_typesupport_fastrtps_c.h
[1.574s] -- Up-to-date symlink: /home/parallels/CLionProjects/Homeworks/robotics_v1/install/robo_cleaner_interfaces/include/robo_cleaner_interfaces/msg/detail/user_authenticate__rosidl_typesupport_fastrtps_c.h
[1.574s] -- Up-to-date symlink: /home/parallels/CLionProjects/Homeworks/robotics_v1/install/robo_cleaner_interfaces/include/robo_cleaner_interfaces/msg/rosidl_typesupport_fastrtps_c__visibility_control.h
[1.574s] -- Up-to-date symlink: /home/parallels/CLionProjects/Homeworks/robotics_v1/install/robo_cleaner_interfaces/include/robo_cleaner_interfaces/srv/detail/charge_battery__rosidl_typesupport_fastrtps_c.h
[1.574s] -- Up-to-date symlink: /home/parallels/CLionProjects/Homeworks/robotics_v1/install/robo_cleaner_interfaces/include/robo_cleaner_interfaces/srv/detail/query_battery_status__rosidl_typesupport_fastrtps_c.h
[1.574s] -- Up-to-date symlink: /home/parallels/CLionProjects/Homeworks/robotics_v1/install/robo_cleaner_interfaces/include/robo_cleaner_interfaces/srv/detail/query_initial_robot_state__rosidl_typesupport_fastrtps_c.h
[1.574s] -- Up-to-date symlink: /home/parallels/CLionProjects/Homeworks/robotics_v1/install/robo_cleaner_interfaces/lib/librobo_cleaner_interfaces__rosidl_typesupport_fastrtps_c.so
[1.574s] -- Up-to-date symlink: /home/parallels/CLionProjects/Homeworks/robotics_v1/install/robo_cleaner_interfaces/include/robo_cleaner_interfaces/action/detail/robot_move__rosidl_typesupport_fastrtps_cpp.hpp
[1.574s] -- Up-to-date symlink: /home/parallels/CLionProjects/Homeworks/robotics_v1/install/robo_cleaner_interfaces/include/robo_cleaner_interfaces/msg/detail/battery_status__rosidl_typesupport_fastrtps_cpp.hpp
[1.574s] -- Up-to-date symlink: /home/parallels/CLionProjects/Homeworks/robotics_v1/install/robo_cleaner_interfaces/include/robo_cleaner_interfaces/msg/detail/initial_robot_state__rosidl_typesupport_fastrtps_cpp.hpp
[1.574s] -- Up-to-date symlink: /home/parallels/CLionProjects/Homeworks/robotics_v1/install/robo_cleaner_interfaces/include/robo_cleaner_interfaces/msg/detail/robot_move_type__rosidl_typesupport_fastrtps_cpp.hpp
[1.574s] -- Up-to-date symlink: /home/parallels/CLionProjects/Homeworks/robotics_v1/install/robo_cleaner_interfaces/include/robo_cleaner_interfaces/msg/detail/user_authenticate__rosidl_typesupport_fastrtps_cpp.hpp
[1.574s] -- Up-to-date symlink: /home/parallels/CLionProjects/Homeworks/robotics_v1/install/robo_cleaner_interfaces/include/robo_cleaner_interfaces/msg/rosidl_typesupport_fastrtps_cpp__visibility_control.h
[1.574s] -- Up-to-date symlink: /home/parallels/CLionProjects/Homeworks/robotics_v1/install/robo_cleaner_interfaces/include/robo_cleaner_interfaces/srv/detail/charge_battery__rosidl_typesupport_fastrtps_cpp.hpp
[1.574s] -- Up-to-date symlink: /home/parallels/CLionProjects/Homeworks/robotics_v1/install/robo_cleaner_interfaces/include/robo_cleaner_interfaces/srv/detail/query_battery_status__rosidl_typesupport_fastrtps_cpp.hpp
[1.574s] -- Up-to-date symlink: /home/parallels/CLionProjects/Homeworks/robotics_v1/install/robo_cleaner_interfaces/include/robo_cleaner_interfaces/srv/detail/query_initial_robot_state__rosidl_typesupport_fastrtps_cpp.hpp
[1.574s] -- Up-to-date symlink: /home/parallels/CLionProjects/Homeworks/robotics_v1/install/robo_cleaner_interfaces/lib/librobo_cleaner_interfaces__rosidl_typesupport_fastrtps_cpp.so
[1.574s] -- Up-to-date symlink: /home/parallels/CLionProjects/Homeworks/robotics_v1/install/robo_cleaner_interfaces/include/robo_cleaner_interfaces/action/detail/robot_move__rosidl_typesupport_introspection_c.h
[1.574s] -- Up-to-date symlink: /home/parallels/CLionProjects/Homeworks/robotics_v1/install/robo_cleaner_interfaces/include/robo_cleaner_interfaces/msg/detail/battery_status__rosidl_typesupport_introspection_c.h
[1.574s] -- Up-to-date symlink: /home/parallels/CLionProjects/Homeworks/robotics_v1/install/robo_cleaner_interfaces/include/robo_cleaner_interfaces/msg/detail/initial_robot_state__rosidl_typesupport_introspection_c.h
[1.574s] -- Up-to-date symlink: /home/parallels/CLionProjects/Homeworks/robotics_v1/install/robo_cleaner_interfaces/include/robo_cleaner_interfaces/msg/detail/robot_move_type__rosidl_typesupport_introspection_c.h
[1.575s] -- Up-to-date symlink: /home/parallels/CLionProjects/Homeworks/robotics_v1/install/robo_cleaner_interfaces/include/robo_cleaner_interfaces/msg/detail/user_authenticate__rosidl_typesupport_introspection_c.h
[1.575s] -- Up-to-date symlink: /home/parallels/CLionProjects/Homeworks/robotics_v1/install/robo_cleaner_interfaces/include/robo_cleaner_interfaces/msg/rosidl_typesupport_introspection_c__visibility_control.h
[1.575s] -- Up-to-date symlink: /home/parallels/CLionProjects/Homeworks/robotics_v1/install/robo_cleaner_interfaces/include/robo_cleaner_interfaces/srv/detail/charge_battery__rosidl_typesupport_introspection_c.h
[1.575s] -- Up-to-date symlink: /home/parallels/CLionProjects/Homeworks/robotics_v1/install/robo_cleaner_interfaces/include/robo_cleaner_interfaces/srv/detail/query_battery_status__rosidl_typesupport_introspection_c.h
[1.575s] -- Up-to-date symlink: /home/parallels/CLionProjects/Homeworks/robotics_v1/install/robo_cleaner_interfaces/include/robo_cleaner_interfaces/srv/detail/query_initial_robot_state__rosidl_typesupport_introspection_c.h
[1.575s] -- Up-to-date symlink: /home/parallels/CLionProjects/Homeworks/robotics_v1/install/robo_cleaner_interfaces/include/robo_cleaner_interfaces/action/detail/robot_move__builder.hpp
[1.575s] -- Up-to-date symlink: /home/parallels/CLionProjects/Homeworks/robotics_v1/install/robo_cleaner_interfaces/include/robo_cleaner_interfaces/action/detail/robot_move__struct.hpp
[1.575s] -- Up-to-date symlink: /home/parallels/CLionProjects/Homeworks/robotics_v1/install/robo_cleaner_interfaces/include/robo_cleaner_interfaces/action/detail/robot_move__traits.hpp
[1.575s] -- Up-to-date symlink: /home/parallels/CLionProjects/Homeworks/robotics_v1/install/robo_cleaner_interfaces/include/robo_cleaner_interfaces/action/robot_move.hpp
[1.575s] -- Up-to-date symlink: /home/parallels/CLionProjects/Homeworks/robotics_v1/install/robo_cleaner_interfaces/include/robo_cleaner_interfaces/msg/battery_status.hpp
[1.575s] -- Up-to-date symlink: /home/parallels/CLionProjects/Homeworks/robotics_v1/install/robo_cleaner_interfaces/include/robo_cleaner_interfaces/msg/detail/battery_status__builder.hpp
[1.576s] -- Up-to-date symlink: /home/parallels/CLionProjects/Homeworks/robotics_v1/install/robo_cleaner_interfaces/include/robo_cleaner_interfaces/msg/detail/battery_status__struct.hpp
[1.576s] -- Up-to-date symlink: /home/parallels/CLionProjects/Homeworks/robotics_v1/install/robo_cleaner_interfaces/include/robo_cleaner_interfaces/msg/detail/battery_status__traits.hpp
[1.576s] -- Up-to-date symlink: /home/parallels/CLionProjects/Homeworks/robotics_v1/install/robo_cleaner_interfaces/include/robo_cleaner_interfaces/msg/detail/initial_robot_state__builder.hpp
[1.576s] -- Up-to-date symlink: /home/parallels/CLionProjects/Homeworks/robotics_v1/install/robo_cleaner_interfaces/include/robo_cleaner_interfaces/msg/detail/initial_robot_state__struct.hpp
[1.576s] -- Up-to-date symlink: /home/parallels/CLionProjects/Homeworks/robotics_v1/install/robo_cleaner_interfaces/include/robo_cleaner_interfaces/msg/detail/initial_robot_state__traits.hpp
[1.576s] -- Up-to-date symlink: /home/parallels/CLionProjects/Homeworks/robotics_v1/install/robo_cleaner_interfaces/include/robo_cleaner_interfaces/msg/detail/robot_move_type__builder.hpp
[1.576s] -- Up-to-date symlink: /home/parallels/CLionProjects/Homeworks/robotics_v1/install/robo_cleaner_interfaces/include/robo_cleaner_interfaces/msg/detail/robot_move_type__struct.hpp
[1.576s] -- Up-to-date symlink: /home/parallels/CLionProjects/Homeworks/robotics_v1/install/robo_cleaner_interfaces/include/robo_cleaner_interfaces/msg/detail/robot_move_type__traits.hpp
[1.576s] -- Up-to-date symlink: /home/parallels/CLionProjects/Homeworks/robotics_v1/install/robo_cleaner_interfaces/include/robo_cleaner_interfaces/msg/detail/user_authenticate__builder.hpp
[1.576s] -- Up-to-date symlink: /home/parallels/CLionProjects/Homeworks/robotics_v1/install/robo_cleaner_interfaces/include/robo_cleaner_interfaces/msg/detail/user_authenticate__struct.hpp
[1.577s] -- Up-to-date symlink: /home/parallels/CLionProjects/Homeworks/robotics_v1/install/robo_cleaner_interfaces/include/robo_cleaner_interfaces/msg/detail/user_authenticate__traits.hpp
[1.577s] -- Up-to-date symlink: /home/parallels/CLionProjects/Homeworks/robotics_v1/install/robo_cleaner_interfaces/include/robo_cleaner_interfaces/msg/initial_robot_state.hpp
[1.577s] -- Up-to-date symlink: /home/parallels/CLionProjects/Homeworks/robotics_v1/install/robo_cleaner_interfaces/include/robo_cleaner_interfaces/msg/robot_move_type.hpp
[1.577s] -- Up-to-date symlink: /home/parallels/CLionProjects/Homeworks/robotics_v1/install/robo_cleaner_interfaces/include/robo_cleaner_interfaces/msg/user_authenticate.hpp
[1.577s] -- Up-to-date symlink: /home/parallels/CLionProjects/Homeworks/robotics_v1/install/robo_cleaner_interfaces/include/robo_cleaner_interfaces/srv/charge_battery.hpp
[1.577s] -- Up-to-date symlink: /home/parallels/CLionProjects/Homeworks/robotics_v1/install/robo_cleaner_interfaces/include/robo_cleaner_interfaces/srv/detail/charge_battery__builder.hpp
[1.577s] -- Up-to-date symlink: /home/parallels/CLionProjects/Homeworks/robotics_v1/install/robo_cleaner_interfaces/include/robo_cleaner_interfaces/srv/detail/charge_battery__struct.hpp
[1.577s] -- Up-to-date symlink: /home/parallels/CLionProjects/Homeworks/robotics_v1/install/robo_cleaner_interfaces/include/robo_cleaner_interfaces/srv/detail/charge_battery__traits.hpp
[1.577s] -- Up-to-date symlink: /home/parallels/CLionProjects/Homeworks/robotics_v1/install/robo_cleaner_interfaces/include/robo_cleaner_interfaces/srv/detail/query_battery_status__builder.hpp
[1.578s] -- Up-to-date symlink: /home/parallels/CLionProjects/Homeworks/robotics_v1/install/robo_cleaner_interfaces/include/robo_cleaner_interfaces/srv/detail/query_battery_status__struct.hpp
[1.578s] -- Up-to-date symlink: /home/parallels/CLionProjects/Homeworks/robotics_v1/install/robo_cleaner_interfaces/include/robo_cleaner_interfaces/srv/detail/query_battery_status__traits.hpp
[1.578s] -- Up-to-date symlink: /home/parallels/CLionProjects/Homeworks/robotics_v1/install/robo_cleaner_interfaces/include/robo_cleaner_interfaces/srv/detail/query_initial_robot_state__builder.hpp
[1.578s] -- Up-to-date symlink: /home/parallels/CLionProjects/Homeworks/robotics_v1/install/robo_cleaner_interfaces/include/robo_cleaner_interfaces/srv/detail/query_initial_robot_state__struct.hpp
[1.578s] -- Up-to-date symlink: /home/parallels/CLionProjects/Homeworks/robotics_v1/install/robo_cleaner_interfaces/include/robo_cleaner_interfaces/srv/detail/query_initial_robot_state__traits.hpp
[1.578s] -- Up-to-date symlink: /home/parallels/CLionProjects/Homeworks/robotics_v1/install/robo_cleaner_interfaces/include/robo_cleaner_interfaces/srv/query_battery_status.hpp
[1.578s] -- Up-to-date symlink: /home/parallels/CLionProjects/Homeworks/robotics_v1/install/robo_cleaner_interfaces/include/robo_cleaner_interfaces/srv/query_initial_robot_state.hpp
[1.578s] -- Up-to-date symlink: /home/parallels/CLionProjects/Homeworks/robotics_v1/install/robo_cleaner_interfaces/include/robo_cleaner_interfaces/action/detail/robot_move__rosidl_typesupport_introspection_cpp.hpp
[1.579s] -- Up-to-date symlink: /home/parallels/CLionProjects/Homeworks/robotics_v1/install/robo_cleaner_interfaces/include/robo_cleaner_interfaces/msg/detail/battery_status__rosidl_typesupport_introspection_cpp.hpp
[1.579s] -- Up-to-date symlink: /home/parallels/CLionProjects/Homeworks/robotics_v1/install/robo_cleaner_interfaces/include/robo_cleaner_interfaces/msg/detail/initial_robot_state__rosidl_typesupport_introspection_cpp.hpp
[1.579s] -- Up-to-date symlink: /home/parallels/CLionProjects/Homeworks/robotics_v1/install/robo_cleaner_interfaces/include/robo_cleaner_interfaces/msg/detail/robot_move_type__rosidl_typesupport_introspection_cpp.hpp
[1.579s] -- Up-to-date symlink: /home/parallels/CLionProjects/Homeworks/robotics_v1/install/robo_cleaner_interfaces/include/robo_cleaner_interfaces/msg/detail/user_authenticate__rosidl_typesupport_introspection_cpp.hpp
[1.579s] -- Up-to-date symlink: /home/parallels/CLionProjects/Homeworks/robotics_v1/install/robo_cleaner_interfaces/include/robo_cleaner_interfaces/srv/detail/charge_battery__rosidl_typesupport_introspection_cpp.hpp
[1.579s] -- Up-to-date symlink: /home/parallels/CLionProjects/Homeworks/robotics_v1/install/robo_cleaner_interfaces/include/robo_cleaner_interfaces/srv/detail/query_battery_status__rosidl_typesupport_introspection_cpp.hpp
[1.579s] -- Up-to-date symlink: /home/parallels/CLionProjects/Homeworks/robotics_v1/install/robo_cleaner_interfaces/include/robo_cleaner_interfaces/srv/detail/query_initial_robot_state__rosidl_typesupport_introspection_cpp.hpp
[1.580s] -- Up-to-date symlink: /home/parallels/CLionProjects/Homeworks/robotics_v1/install/robo_cleaner_interfaces/share/robo_cleaner_interfaces/environment/pythonpath.sh
[1.580s] -- Up-to-date symlink: /home/parallels/CLionProjects/Homeworks/robotics_v1/install/robo_cleaner_interfaces/share/robo_cleaner_interfaces/environment/pythonpath.dsv
[1.582s] -- Up-to-date symlink: /home/parallels/CLionProjects/Homeworks/robotics_v1/install/robo_cleaner_interfaces/lib/python3.8/site-packages/robo_cleaner_interfaces/__init__.py
[1.583s] -- Up-to-date symlink: /home/parallels/CLionProjects/Homeworks/robotics_v1/install/robo_cleaner_interfaces/lib/python3.8/site-packages/robo_cleaner_interfaces/msg/__init__.py
[1.583s] -- Up-to-date symlink: /home/parallels/CLionProjects/Homeworks/robotics_v1/install/robo_cleaner_interfaces/lib/python3.8/site-packages/robo_cleaner_interfaces/msg/_battery_status.py
[1.583s] -- Up-to-date symlink: /home/parallels/CLionProjects/Homeworks/robotics_v1/install/robo_cleaner_interfaces/lib/python3.8/site-packages/robo_cleaner_interfaces/msg/_initial_robot_state.py
[1.583s] -- Up-to-date symlink: /home/parallels/CLionProjects/Homeworks/robotics_v1/install/robo_cleaner_interfaces/lib/python3.8/site-packages/robo_cleaner_interfaces/msg/_robot_move_type.py
[1.583s] -- Up-to-date symlink: /home/parallels/CLionProjects/Homeworks/robotics_v1/install/robo_cleaner_interfaces/lib/python3.8/site-packages/robo_cleaner_interfaces/msg/_user_authenticate.py
[1.583s] -- Up-to-date symlink: /home/parallels/CLionProjects/Homeworks/robotics_v1/install/robo_cleaner_interfaces/lib/python3.8/site-packages/robo_cleaner_interfaces/srv/__init__.py
[1.583s] -- Up-to-date symlink: /home/parallels/CLionProjects/Homeworks/robotics_v1/install/robo_cleaner_interfaces/lib/python3.8/site-packages/robo_cleaner_interfaces/srv/_charge_battery.py
[1.583s] -- Up-to-date symlink: /home/parallels/CLionProjects/Homeworks/robotics_v1/install/robo_cleaner_interfaces/lib/python3.8/site-packages/robo_cleaner_interfaces/srv/_query_battery_status.py
[1.583s] -- Up-to-date symlink: /home/parallels/CLionProjects/Homeworks/robotics_v1/install/robo_cleaner_interfaces/lib/python3.8/site-packages/robo_cleaner_interfaces/srv/_query_initial_robot_state.py
[1.583s] -- Up-to-date symlink: /home/parallels/CLionProjects/Homeworks/robotics_v1/install/robo_cleaner_interfaces/lib/python3.8/site-packages/robo_cleaner_interfaces/action/__init__.py
[1.584s] -- Up-to-date symlink: /home/parallels/CLionProjects/Homeworks/robotics_v1/install/robo_cleaner_interfaces/lib/python3.8/site-packages/robo_cleaner_interfaces/action/_robot_move.py
[1.584s] -- Up-to-date symlink: /home/parallels/CLionProjects/Homeworks/robotics_v1/install/robo_cleaner_interfaces/lib/python3.8/site-packages/robo_cleaner_interfaces/robo_cleaner_interfaces_s__rosidl_typesupport_fastrtps_c.cpython-38-aarch64-linux-gnu.so
[1.584s] -- Up-to-date symlink: /home/parallels/CLionProjects/Homeworks/robotics_v1/install/robo_cleaner_interfaces/lib/python3.8/site-packages/robo_cleaner_interfaces/robo_cleaner_interfaces_s__rosidl_typesupport_introspection_c.cpython-38-aarch64-linux-gnu.so
[1.584s] -- Up-to-date symlink: /home/parallels/CLionProjects/Homeworks/robotics_v1/install/robo_cleaner_interfaces/lib/python3.8/site-packages/robo_cleaner_interfaces/robo_cleaner_interfaces_s__rosidl_typesupport_c.cpython-38-aarch64-linux-gnu.so
[1.584s] -- Up-to-date symlink: /home/parallels/CLionProjects/Homeworks/robotics_v1/install/robo_cleaner_interfaces/lib/librobo_cleaner_interfaces__python.so
[1.584s] -- Up-to-date symlink: /home/parallels/CLionProjects/Homeworks/robotics_v1/install/robo_cleaner_interfaces/share/robo_cleaner_interfaces/msg/BatteryStatus.idl
[1.584s] -- Up-to-date symlink: /home/parallels/CLionProjects/Homeworks/robotics_v1/install/robo_cleaner_interfaces/share/robo_cleaner_interfaces/msg/InitialRobotState.idl
[1.584s] -- Up-to-date symlink: /home/parallels/CLionProjects/Homeworks/robotics_v1/install/robo_cleaner_interfaces/share/robo_cleaner_interfaces/msg/RobotMoveType.idl
[1.584s] -- Up-to-date symlink: /home/parallels/CLionProjects/Homeworks/robotics_v1/install/robo_cleaner_interfaces/share/robo_cleaner_interfaces/msg/UserAuthenticate.idl
[1.585s] -- Up-to-date symlink: /home/parallels/CLionProjects/Homeworks/robotics_v1/install/robo_cleaner_interfaces/share/robo_cleaner_interfaces/srv/ChargeBattery.idl
[1.585s] -- Up-to-date symlink: /home/parallels/CLionProjects/Homeworks/robotics_v1/install/robo_cleaner_interfaces/share/robo_cleaner_interfaces/srv/QueryBatteryStatus.idl
[1.585s] -- Up-to-date symlink: /home/parallels/CLionProjects/Homeworks/robotics_v1/install/robo_cleaner_interfaces/share/robo_cleaner_interfaces/srv/QueryInitialRobotState.idl
[1.585s] -- Up-to-date symlink: /home/parallels/CLionProjects/Homeworks/robotics_v1/install/robo_cleaner_interfaces/share/robo_cleaner_interfaces/action/RobotMove.idl
[1.585s] -- Up-to-date symlink: /home/parallels/CLionProjects/Homeworks/robotics_v1/install/robo_cleaner_interfaces/share/robo_cleaner_interfaces/msg/BatteryStatus.msg
[1.586s] -- Up-to-date symlink: /home/parallels/CLionProjects/Homeworks/robotics_v1/install/robo_cleaner_interfaces/share/robo_cleaner_interfaces/msg/InitialRobotState.msg
[1.586s] -- Up-to-date symlink: /home/parallels/CLionProjects/Homeworks/robotics_v1/install/robo_cleaner_interfaces/share/robo_cleaner_interfaces/msg/RobotMoveType.msg
[1.586s] -- Up-to-date symlink: /home/parallels/CLionProjects/Homeworks/robotics_v1/install/robo_cleaner_interfaces/share/robo_cleaner_interfaces/msg/UserAuthenticate.msg
[1.586s] -- Up-to-date symlink: /home/parallels/CLionProjects/Homeworks/robotics_v1/install/robo_cleaner_interfaces/share/robo_cleaner_interfaces/srv/ChargeBattery.srv
[1.586s] -- Up-to-date symlink: /home/parallels/CLionProjects/Homeworks/robotics_v1/install/robo_cleaner_interfaces/share/robo_cleaner_interfaces/srv/ChargeBattery_Request.msg
[1.586s] -- Up-to-date symlink: /home/parallels/CLionProjects/Homeworks/robotics_v1/install/robo_cleaner_interfaces/share/robo_cleaner_interfaces/srv/ChargeBattery_Response.msg
[1.587s] -- Up-to-date symlink: /home/parallels/CLionProjects/Homeworks/robotics_v1/install/robo_cleaner_interfaces/share/robo_cleaner_interfaces/srv/QueryBatteryStatus.srv
[1.587s] -- Up-to-date symlink: /home/parallels/CLionProjects/Homeworks/robotics_v1/install/robo_cleaner_interfaces/share/robo_cleaner_interfaces/srv/QueryBatteryStatus_Request.msg
[1.587s] -- Up-to-date symlink: /home/parallels/CLionProjects/Homeworks/robotics_v1/install/robo_cleaner_interfaces/share/robo_cleaner_interfaces/srv/QueryBatteryStatus_Response.msg
[1.587s] -- Up-to-date symlink: /home/parallels/CLionProjects/Homeworks/robotics_v1/install/robo_cleaner_interfaces/share/robo_cleaner_interfaces/srv/QueryInitialRobotState.srv
[1.588s] -- Up-to-date symlink: /home/parallels/CLionProjects/Homeworks/robotics_v1/install/robo_cleaner_interfaces/share/robo_cleaner_interfaces/srv/QueryInitialRobotState_Request.msg
[1.588s] -- Up-to-date symlink: /home/parallels/CLionProjects/Homeworks/robotics_v1/install/robo_cleaner_interfaces/share/robo_cleaner_interfaces/srv/QueryInitialRobotState_Response.msg
[1.588s] -- Up-to-date symlink: /home/parallels/CLionProjects/Homeworks/robotics_v1/install/robo_cleaner_interfaces/share/robo_cleaner_interfaces/action/RobotMove.action
[1.588s] -- Up-to-date symlink: /home/parallels/CLionProjects/Homeworks/robotics_v1/install/robo_cleaner_interfaces/share/ament_index/resource_index/package_run_dependencies/robo_cleaner_interfaces
[1.588s] -- Up-to-date symlink: /home/parallels/CLionProjects/Homeworks/robotics_v1/install/robo_cleaner_interfaces/share/ament_index/resource_index/parent_prefix_path/robo_cleaner_interfaces
[1.588s] -- Up-to-date symlink: /home/parallels/CLionProjects/Homeworks/robotics_v1/install/robo_cleaner_interfaces/share/robo_cleaner_interfaces/environment/ament_prefix_path.sh
[1.589s] -- Up-to-date symlink: /home/parallels/CLionProjects/Homeworks/robotics_v1/install/robo_cleaner_interfaces/share/robo_cleaner_interfaces/environment/ament_prefix_path.dsv
[1.589s] -- Up-to-date symlink: /home/parallels/CLionProjects/Homeworks/robotics_v1/install/robo_cleaner_interfaces/share/robo_cleaner_interfaces/environment/path.sh
[1.589s] -- Up-to-date symlink: /home/parallels/CLionProjects/Homeworks/robotics_v1/install/robo_cleaner_interfaces/share/robo_cleaner_interfaces/environment/path.dsv
[1.589s] -- Up-to-date symlink: /home/parallels/CLionProjects/Homeworks/robotics_v1/install/robo_cleaner_interfaces/share/robo_cleaner_interfaces/local_setup.bash
[1.589s] -- Up-to-date symlink: /home/parallels/CLionProjects/Homeworks/robotics_v1/install/robo_cleaner_interfaces/share/robo_cleaner_interfaces/local_setup.sh
[1.589s] -- Up-to-date symlink: /home/parallels/CLionProjects/Homeworks/robotics_v1/install/robo_cleaner_interfaces/share/robo_cleaner_interfaces/local_setup.zsh
[1.590s] -- Up-to-date symlink: /home/parallels/CLionProjects/Homeworks/robotics_v1/install/robo_cleaner_interfaces/share/robo_cleaner_interfaces/local_setup.dsv
[1.590s] -- Symlinking: /home/parallels/CLionProjects/Homeworks/robotics_v1/install/robo_cleaner_interfaces/share/robo_cleaner_interfaces/package.dsv
[1.603s] -- Up-to-date symlink: /home/parallels/CLionProjects/Homeworks/robotics_v1/install/robo_cleaner_interfaces/share/ament_index/resource_index/packages/robo_cleaner_interfaces
[1.603s] -- Up-to-date symlink: /home/parallels/CLionProjects/Homeworks/robotics_v1/install/robo_cleaner_interfaces/share/robo_cleaner_interfaces/cmake/rosidl_cmake-extras.cmake
[1.603s] -- Up-to-date symlink: /home/parallels/CLionProjects/Homeworks/robotics_v1/install/robo_cleaner_interfaces/share/robo_cleaner_interfaces/cmake/ament_cmake_export_dependencies-extras.cmake
[1.603s] -- Up-to-date symlink: /home/parallels/CLionProjects/Homeworks/robotics_v1/install/robo_cleaner_interfaces/share/robo_cleaner_interfaces/cmake/ament_cmake_export_libraries-extras.cmake
[1.603s] -- Up-to-date symlink: /home/parallels/CLionProjects/Homeworks/robotics_v1/install/robo_cleaner_interfaces/share/robo_cleaner_interfaces/cmake/ament_cmake_export_targets-extras.cmake
[1.603s] -- Up-to-date symlink: /home/parallels/CLionProjects/Homeworks/robotics_v1/install/robo_cleaner_interfaces/share/robo_cleaner_interfaces/cmake/ament_cmake_export_include_directories-extras.cmake
[1.603s] -- Up-to-date symlink: /home/parallels/CLionProjects/Homeworks/robotics_v1/install/robo_cleaner_interfaces/share/robo_cleaner_interfaces/cmake/rosidl_cmake_export_typesupport_libraries-extras.cmake
[1.603s] -- Up-to-date symlink: /home/parallels/CLionProjects/Homeworks/robotics_v1/install/robo_cleaner_interfaces/share/robo_cleaner_interfaces/cmake/rosidl_cmake_export_typesupport_targets-extras.cmake
[1.603s] -- Up-to-date symlink: /home/parallels/CLionProjects/Homeworks/robotics_v1/install/robo_cleaner_interfaces/share/robo_cleaner_interfaces/cmake/robo_cleaner_interfacesConfig.cmake
[1.603s] -- Up-to-date symlink: /home/parallels/CLionProjects/Homeworks/robotics_v1/install/robo_cleaner_interfaces/share/robo_cleaner_interfaces/cmake/robo_cleaner_interfacesConfig-version.cmake
[1.603s] -- Up-to-date symlink: /home/parallels/CLionProjects/Homeworks/robotics_v1/install/robo_cleaner_interfaces/share/robo_cleaner_interfaces/package.xml
[1.603s] -- Up-to-date: /home/parallels/CLionProjects/Homeworks/robotics_v1/install/robo_cleaner_interfaces/lib/librobo_cleaner_interfaces__rosidl_generator_c.so
[1.603s] -- Up-to-date: /home/parallels/CLionProjects/Homeworks/robotics_v1/install/robo_cleaner_interfaces/lib/librobo_cleaner_interfaces__rosidl_typesupport_introspection_c.so
[1.603s] -- Up-to-date: /home/parallels/CLionProjects/Homeworks/robotics_v1/install/robo_cleaner_interfaces/lib/librobo_cleaner_interfaces__rosidl_typesupport_c.so
[1.604s] -- Up-to-date: /home/parallels/CLionProjects/Homeworks/robotics_v1/install/robo_cleaner_interfaces/lib/librobo_cleaner_interfaces__rosidl_typesupport_introspection_cpp.so
[1.604s] -- Up-to-date: /home/parallels/CLionProjects/Homeworks/robotics_v1/install/robo_cleaner_interfaces/lib/librobo_cleaner_interfaces__rosidl_typesupport_cpp.so
[1.625s] Compiling '/home/parallels/CLionProjects/Homeworks/robotics_v1/install/robo_cleaner_interfaces/lib/python3.8/site-packages/robo_cleaner_interfaces/__init__.py'...
[1.628s] -- Up-to-date: /home/parallels/CLionProjects/Homeworks/robotics_v1/install/robo_cleaner_interfaces/share/robo_cleaner_interfaces/cmake/robo_cleaner_interfaces__rosidl_generator_cExport.cmake
[1.628s] -- Installing: /home/parallels/CLionProjects/Homeworks/robotics_v1/install/robo_cleaner_interfaces/share/robo_cleaner_interfaces/cmake/robo_cleaner_interfaces__rosidl_generator_cExport-relwithdebinfo.cmake
[1.628s] -- Up-to-date: /home/parallels/CLionProjects/Homeworks/robotics_v1/install/robo_cleaner_interfaces/share/robo_cleaner_interfaces/cmake/robo_cleaner_interfaces__rosidl_typesupport_introspection_cExport.cmake
[1.628s] -- Installing: /home/parallels/CLionProjects/Homeworks/robotics_v1/install/robo_cleaner_interfaces/share/robo_cleaner_interfaces/cmake/robo_cleaner_interfaces__rosidl_typesupport_introspection_cExport-relwithdebinfo.cmake
[1.628s] -- Up-to-date: /home/parallels/CLionProjects/Homeworks/robotics_v1/install/robo_cleaner_interfaces/share/robo_cleaner_interfaces/cmake/robo_cleaner_interfaces__rosidl_typesupport_cExport.cmake
[1.628s] -- Installing: /home/parallels/CLionProjects/Homeworks/robotics_v1/install/robo_cleaner_interfaces/share/robo_cleaner_interfaces/cmake/robo_cleaner_interfaces__rosidl_typesupport_cExport-relwithdebinfo.cmake
[1.628s] -- Up-to-date: /home/parallels/CLionProjects/Homeworks/robotics_v1/install/robo_cleaner_interfaces/share/robo_cleaner_interfaces/cmake/robo_cleaner_interfaces__rosidl_generator_cppExport.cmake
[1.629s] -- Up-to-date: /home/parallels/CLionProjects/Homeworks/robotics_v1/install/robo_cleaner_interfaces/share/robo_cleaner_interfaces/cmake/robo_cleaner_interfaces__rosidl_typesupport_introspection_cppExport.cmake
[1.629s] -- Installing: /home/parallels/CLionProjects/Homeworks/robotics_v1/install/robo_cleaner_interfaces/share/robo_cleaner_interfaces/cmake/robo_cleaner_interfaces__rosidl_typesupport_introspection_cppExport-relwithdebinfo.cmake
[1.629s] -- Up-to-date: /home/parallels/CLionProjects/Homeworks/robotics_v1/install/robo_cleaner_interfaces/share/robo_cleaner_interfaces/cmake/robo_cleaner_interfaces__rosidl_typesupport_cppExport.cmake
[1.629s] -- Installing: /home/parallels/CLionProjects/Homeworks/robotics_v1/install/robo_cleaner_interfaces/share/robo_cleaner_interfaces/cmake/robo_cleaner_interfaces__rosidl_typesupport_cppExport-relwithdebinfo.cmake
[1.634s] Invoked command in '/home/parallels/CLionProjects/Homeworks/robotics_v1/build/robo_cleaner_interfaces' returned '0': CMAKE_PREFIX_PATH=${CMAKE_PREFIX_PATH}:/opt/ros/foxy /usr/bin/cmake --install /home/parallels/CLionProjects/Homeworks/robotics_v1/build/robo_cleaner_interfaces
