[0.043s] Invoking command in '/home/parallels/CLionProjects/Homeworks/robotics_v1/build/robo_miner_interfaces': CMAKE_PREFIX_PATH=/opt/ros/foxy /usr/bin/cmake /home/parallels/CLionProjects/Homeworks/robotics_v1/src/robo_miner/robo_miner_interfaces -DCMAKE_BUILD_TYPE=Debug -DCMAKE_CXX_COMPILER=/usr/bin/clang++ -DAMENT_CMAKE_SYMLINK_INSTALL=1 -DCMAKE_INSTALL_PREFIX=/home/parallels/CLionProjects/Homeworks/robotics_v1/install/robo_miner_interfaces
[0.250s] -- The C compiler identification is GNU 9.4.0
[0.404s] -- The CXX compiler identification is Clang 10.0.0
[0.407s] -- Check for working C compiler: /usr/bin/cc
[0.628s] -- Check for working C compiler: /usr/bin/cc -- works
[0.629s] -- Detecting C compiler ABI info
[0.822s] -- Detecting C compiler ABI info - done
[0.829s] -- Detecting C compile features
[0.829s] -- Detecting C compile features - done
[0.834s] -- Check for working CXX compiler: /usr/bin/clang++
[1.171s] -- Check for working CXX compiler: /usr/bin/clang++ -- works
[1.171s] -- Detecting CXX compiler ABI info
[1.474s] -- Detecting CXX compiler ABI info - done
[1.485s] -- Detecting CXX compile features
[1.491s] -- Detecting CXX compile features - done
[1.502s] -- Found ament_cmake: 0.9.9 (/opt/ros/foxy/share/ament_cmake/cmake)
[1.538s] -- Found PythonInterp: /usr/bin/python3 (found suitable version "3.8.10", minimum required is "3") 
[1.538s] -- Using PYTHON_EXECUTABLE: /usr/bin/python3
[1.688s] -- Override CMake install command with custom implementation using symlinks instead of copying resources
[1.714s] -- Found rosidl_default_generators: 1.0.1 (/opt/ros/foxy/share/rosidl_default_generators/cmake)
[1.721s] -- Using all available rosidl_typesupport_c: rosidl_typesupport_fastrtps_c;rosidl_typesupport_introspection_c
[1.734s] -- Found rosidl_adapter: 1.2.1 (/opt/ros/foxy/share/rosidl_adapter/cmake)
[2.099s] -- Found OpenSSL: /usr/lib/aarch64-linux-gnu/libcrypto.so (found version "1.1.1f")  
[2.148s] -- Found FastRTPS: /opt/ros/foxy/include  
[2.317s] -- Using all available rosidl_typesupport_cpp: rosidl_typesupport_fastrtps_cpp;rosidl_typesupport_introspection_cpp
[2.378s] -- Found PythonInterp: /usr/bin/python3 (found version "3.8.10") 
[2.589s] -- Found ament_cmake_ros: 0.9.2 (/opt/ros/foxy/share/ament_cmake_ros/cmake)
[2.713s] -- Using all available rosidl_typesupport_c: rosidl_typesupport_fastrtps_c;rosidl_typesupport_introspection_c
[2.721s] -- Using all available rosidl_typesupport_cpp: rosidl_typesupport_fastrtps_cpp;rosidl_typesupport_introspection_cpp
[2.739s] -- Found PythonInterp: /usr/bin/python3 (found suitable version "3.8.10", minimum required is "3.5") 
[2.740s] -- Found python_cmake_module: 0.8.1 (/opt/ros/foxy/share/python_cmake_module/cmake)
[2.772s] -- Found PythonLibs: /usr/lib/aarch64-linux-gnu/libpython3.8.so (found suitable version "3.8.10", minimum required is "3.5") 
[2.772s] -- Using PYTHON_EXECUTABLE: /usr/bin/python3
[2.772s] -- Using PYTHON_INCLUDE_DIRS: /usr/include/python3.8
[2.772s] -- Using PYTHON_LIBRARIES: /usr/lib/aarch64-linux-gnu/libpython3.8.so
[2.808s] -- Found PythonExtra: .so  
[2.861s] -- Configuring done
[2.904s] -- Generating done
[2.906s] -- Build files have been written to: /home/parallels/CLionProjects/Homeworks/robotics_v1/build/robo_miner_interfaces
[2.918s] Invoked command in '/home/parallels/CLionProjects/Homeworks/robotics_v1/build/robo_miner_interfaces' returned '0': CMAKE_PREFIX_PATH=/opt/ros/foxy /usr/bin/cmake /home/parallels/CLionProjects/Homeworks/robotics_v1/src/robo_miner/robo_miner_interfaces -DCMAKE_BUILD_TYPE=Debug -DCMAKE_CXX_COMPILER=/usr/bin/clang++ -DAMENT_CMAKE_SYMLINK_INSTALL=1 -DCMAKE_INSTALL_PREFIX=/home/parallels/CLionProjects/Homeworks/robotics_v1/install/robo_miner_interfaces
[2.918s] Invoking command in '/home/parallels/CLionProjects/Homeworks/robotics_v1/build/robo_miner_interfaces': CMAKE_PREFIX_PATH=/opt/ros/foxy /usr/bin/cmake --build /home/parallels/CLionProjects/Homeworks/robotics_v1/build/robo_miner_interfaces -- -j4 -l4
[2.993s] [35m[1mScanning dependencies of target robo_miner_interfaces__cpp[0m
[2.999s] [  1%] [34m[1mGenerating C code for ROS interfaces[0m
[3.020s] [  1%] [34m[1mGenerating C++ code for ROS interfaces[0m
[4.491s] [  1%] Built target robo_miner_interfaces__cpp
[4.541s] [  2%] [34m[1mGenerating C++ type support dispatch for ROS interfaces[0m
[4.574s] [  3%] [34m[1mGenerating C++ type support for eProsima Fast-RTPS[0m
[4.641s] [  4%] [34m[1mGenerating C++ introspection for ROS interfaces[0m
[4.661s] [35m[1mScanning dependencies of target robo_miner_interfaces__rosidl_generator_c[0m
[4.726s] [  5%] [32mBuilding C object CMakeFiles/robo_miner_interfaces__rosidl_generator_c.dir/rosidl_generator_c/robo_miner_interfaces/msg/detail/field_point__functions.c.o[0m
[4.877s] [  6%] [32mBuilding C object CMakeFiles/robo_miner_interfaces__rosidl_generator_c.dir/rosidl_generator_c/robo_miner_interfaces/msg/detail/robot_position_response__functions.c.o[0m
[5.026s] [  7%] [32mBuilding C object CMakeFiles/robo_miner_interfaces__rosidl_generator_c.dir/rosidl_generator_c/robo_miner_interfaces/msg/detail/u_int8_multi_array__functions.c.o[0m
[5.161s] [  8%] [32mBuilding C object CMakeFiles/robo_miner_interfaces__rosidl_generator_c.dir/rosidl_generator_c/robo_miner_interfaces/msg/detail/robot_move_type__functions.c.o[0m
[5.262s] [  9%] [32mBuilding C object CMakeFiles/robo_miner_interfaces__rosidl_generator_c.dir/rosidl_generator_c/robo_miner_interfaces/msg/detail/user_authenticate__functions.c.o[0m
[5.337s] [35m[1mScanning dependencies of target robo_miner_interfaces__rosidl_typesupport_cpp[0m
[5.344s] [ 10%] [32mBuilding C object CMakeFiles/robo_miner_interfaces__rosidl_generator_c.dir/rosidl_generator_c/robo_miner_interfaces/srv/detail/activate_mining_validate__functions.c.o[0m
[5.402s] [ 11%] [32mBuilding CXX object CMakeFiles/robo_miner_interfaces__rosidl_typesupport_cpp.dir/rosidl_typesupport_cpp/robo_miner_interfaces/msg/field_point__type_support.cpp.o[0m
[5.464s] [ 12%] [32mBuilding C object CMakeFiles/robo_miner_interfaces__rosidl_generator_c.dir/rosidl_generator_c/robo_miner_interfaces/srv/detail/robot_move__functions.c.o[0m
[5.561s] [ 13%] [32mBuilding C object CMakeFiles/robo_miner_interfaces__rosidl_generator_c.dir/rosidl_generator_c/robo_miner_interfaces/srv/detail/longest_sequence_validate__functions.c.o[0m
[5.644s] [ 14%] [32mBuilding C object CMakeFiles/robo_miner_interfaces__rosidl_generator_c.dir/rosidl_generator_c/robo_miner_interfaces/srv/detail/field_map_validate__functions.c.o[0m
[5.724s] [ 15%] [32mBuilding CXX object CMakeFiles/robo_miner_interfaces__rosidl_typesupport_cpp.dir/rosidl_typesupport_cpp/robo_miner_interfaces/msg/robot_position_response__type_support.cpp.o[0m
[5.739s] [ 16%] [32mBuilding C object CMakeFiles/robo_miner_interfaces__rosidl_generator_c.dir/rosidl_generator_c/robo_miner_interfaces/srv/detail/query_initial_robot_position__functions.c.o[0m
[5.858s] [35m[1mScanning dependencies of target robo_miner_interfaces__rosidl_typesupport_introspection_cpp[0m
[5.861s] [ 17%] [32m[1mLinking C shared library librobo_miner_interfaces__rosidl_generator_c.so[0m
[5.890s] [35m[1mScanning dependencies of target robo_miner_interfaces__rosidl_typesupport_fastrtps_cpp[0m
[5.908s] [ 18%] [32mBuilding CXX object CMakeFiles/robo_miner_interfaces__rosidl_typesupport_introspection_cpp.dir/rosidl_typesupport_introspection_cpp/robo_miner_interfaces/msg/detail/field_point__type_support.cpp.o[0m
[5.966s] [ 18%] Built target robo_miner_interfaces__rosidl_generator_c
[5.972s] [ 19%] [32mBuilding CXX object CMakeFiles/robo_miner_interfaces__rosidl_typesupport_fastrtps_cpp.dir/rosidl_typesupport_fastrtps_cpp/robo_miner_interfaces/msg/detail/dds_fastrtps/field_point__type_support.cpp.o[0m
[6.008s] [ 20%] [32mBuilding CXX object CMakeFiles/robo_miner_interfaces__rosidl_typesupport_cpp.dir/rosidl_typesupport_cpp/robo_miner_interfaces/msg/u_int8_multi_array__type_support.cpp.o[0m
[6.020s] [ 21%] [32mBuilding CXX object CMakeFiles/robo_miner_interfaces__rosidl_typesupport_introspection_cpp.dir/rosidl_typesupport_introspection_cpp/robo_miner_interfaces/msg/detail/robot_position_response__type_support.cpp.o[0m
[6.147s] [ 22%] [32mBuilding CXX object CMakeFiles/robo_miner_interfaces__rosidl_typesupport_introspection_cpp.dir/rosidl_typesupport_introspection_cpp/robo_miner_interfaces/msg/detail/u_int8_multi_array__type_support.cpp.o[0m
[6.380s] [ 23%] [32mBuilding CXX object CMakeFiles/robo_miner_interfaces__rosidl_typesupport_cpp.dir/rosidl_typesupport_cpp/robo_miner_interfaces/msg/robot_move_type__type_support.cpp.o[0m
[6.393s] [ 24%] [32mBuilding CXX object CMakeFiles/robo_miner_interfaces__rosidl_typesupport_introspection_cpp.dir/rosidl_typesupport_introspection_cpp/robo_miner_interfaces/msg/detail/robot_move_type__type_support.cpp.o[0m
[6.430s] [ 25%] [32mBuilding CXX object CMakeFiles/robo_miner_interfaces__rosidl_typesupport_introspection_cpp.dir/rosidl_typesupport_introspection_cpp/robo_miner_interfaces/msg/detail/user_authenticate__type_support.cpp.o[0m
[6.537s] [ 26%] [32mBuilding CXX object CMakeFiles/robo_miner_interfaces__rosidl_typesupport_fastrtps_cpp.dir/rosidl_typesupport_fastrtps_cpp/robo_miner_interfaces/msg/detail/dds_fastrtps/robot_position_response__type_support.cpp.o[0m
[6.709s] [ 27%] [32mBuilding CXX object CMakeFiles/robo_miner_interfaces__rosidl_typesupport_cpp.dir/rosidl_typesupport_cpp/robo_miner_interfaces/msg/user_authenticate__type_support.cpp.o[0m
[6.732s] [ 28%] [32mBuilding CXX object CMakeFiles/robo_miner_interfaces__rosidl_typesupport_introspection_cpp.dir/rosidl_typesupport_introspection_cpp/robo_miner_interfaces/srv/detail/activate_mining_validate__type_support.cpp.o[0m
[6.774s] [ 29%] [32mBuilding CXX object CMakeFiles/robo_miner_interfaces__rosidl_typesupport_introspection_cpp.dir/rosidl_typesupport_introspection_cpp/robo_miner_interfaces/srv/detail/robot_move__type_support.cpp.o[0m
[7.036s] [ 30%] [32mBuilding CXX object CMakeFiles/robo_miner_interfaces__rosidl_typesupport_introspection_cpp.dir/rosidl_typesupport_introspection_cpp/robo_miner_interfaces/srv/detail/longest_sequence_validate__type_support.cpp.o[0m
[7.048s] [ 31%] [32mBuilding CXX object CMakeFiles/robo_miner_interfaces__rosidl_typesupport_cpp.dir/rosidl_typesupport_cpp/robo_miner_interfaces/srv/activate_mining_validate__type_support.cpp.o[0m
[7.072s] [ 31%] [32mBuilding CXX object CMakeFiles/robo_miner_interfaces__rosidl_typesupport_fastrtps_cpp.dir/rosidl_typesupport_fastrtps_cpp/robo_miner_interfaces/msg/detail/dds_fastrtps/u_int8_multi_array__type_support.cpp.o[0m
[7.108s] [ 32%] [32mBuilding CXX object CMakeFiles/robo_miner_interfaces__rosidl_typesupport_introspection_cpp.dir/rosidl_typesupport_introspection_cpp/robo_miner_interfaces/srv/detail/field_map_validate__type_support.cpp.o[0m
[7.369s] [ 33%] [32mBuilding CXX object CMakeFiles/robo_miner_interfaces__rosidl_typesupport_introspection_cpp.dir/rosidl_typesupport_introspection_cpp/robo_miner_interfaces/srv/detail/query_initial_robot_position__type_support.cpp.o[0m
[7.476s] [ 34%] [32mBuilding CXX object CMakeFiles/robo_miner_interfaces__rosidl_typesupport_cpp.dir/rosidl_typesupport_cpp/robo_miner_interfaces/srv/robot_move__type_support.cpp.o[0m
[7.536s] [ 35%] [32mBuilding CXX object CMakeFiles/robo_miner_interfaces__rosidl_typesupport_fastrtps_cpp.dir/rosidl_typesupport_fastrtps_cpp/robo_miner_interfaces/msg/detail/dds_fastrtps/robot_move_type__type_support.cpp.o[0m
[7.555s] [ 36%] [32mBuilding CXX object CMakeFiles/robo_miner_interfaces__rosidl_typesupport_fastrtps_cpp.dir/rosidl_typesupport_fastrtps_cpp/robo_miner_interfaces/msg/detail/dds_fastrtps/user_authenticate__type_support.cpp.o[0m
[7.750s] [ 37%] [32m[1mLinking CXX shared library librobo_miner_interfaces__rosidl_typesupport_introspection_cpp.so[0m
[7.869s] [ 38%] [32mBuilding CXX object CMakeFiles/robo_miner_interfaces__rosidl_typesupport_cpp.dir/rosidl_typesupport_cpp/robo_miner_interfaces/srv/longest_sequence_validate__type_support.cpp.o[0m
[7.976s] [ 38%] Built target robo_miner_interfaces__rosidl_typesupport_introspection_cpp
[8.030s] [ 39%] [34m[1mGenerating C introspection for ROS interfaces[0m
[8.156s] [ 40%] [32mBuilding CXX object CMakeFiles/robo_miner_interfaces__rosidl_typesupport_fastrtps_cpp.dir/rosidl_typesupport_fastrtps_cpp/robo_miner_interfaces/srv/detail/dds_fastrtps/activate_mining_validate__type_support.cpp.o[0m
[8.220s] [ 41%] [32mBuilding CXX object CMakeFiles/robo_miner_interfaces__rosidl_typesupport_fastrtps_cpp.dir/rosidl_typesupport_fastrtps_cpp/robo_miner_interfaces/srv/detail/dds_fastrtps/robot_move__type_support.cpp.o[0m
[8.332s] [ 42%] [32mBuilding CXX object CMakeFiles/robo_miner_interfaces__rosidl_typesupport_cpp.dir/rosidl_typesupport_cpp/robo_miner_interfaces/srv/field_map_validate__type_support.cpp.o[0m
[8.780s] [ 43%] [32mBuilding CXX object CMakeFiles/robo_miner_interfaces__rosidl_typesupport_cpp.dir/rosidl_typesupport_cpp/robo_miner_interfaces/srv/query_initial_robot_position__type_support.cpp.o[0m
[8.840s] [ 44%] [32mBuilding CXX object CMakeFiles/robo_miner_interfaces__rosidl_typesupport_fastrtps_cpp.dir/rosidl_typesupport_fastrtps_cpp/robo_miner_interfaces/srv/detail/dds_fastrtps/longest_sequence_validate__type_support.cpp.o[0m
[8.912s] [ 45%] [32mBuilding CXX object CMakeFiles/robo_miner_interfaces__rosidl_typesupport_fastrtps_cpp.dir/rosidl_typesupport_fastrtps_cpp/robo_miner_interfaces/srv/detail/dds_fastrtps/field_map_validate__type_support.cpp.o[0m
[9.238s] [ 46%] [32m[1mLinking CXX shared library librobo_miner_interfaces__rosidl_typesupport_cpp.so[0m
[9.310s] [ 46%] Built target robo_miner_interfaces__rosidl_typesupport_cpp
[9.330s] [ 47%] [32mBuilding CXX object CMakeFiles/robo_miner_interfaces__rosidl_typesupport_fastrtps_cpp.dir/rosidl_typesupport_fastrtps_cpp/robo_miner_interfaces/srv/detail/dds_fastrtps/query_initial_robot_position__type_support.cpp.o[0m
[9.336s] [ 48%] [34m[1mGenerating C type support dispatch for ROS interfaces[0m
[9.481s] [35m[1mScanning dependencies of target robo_miner_interfaces__rosidl_typesupport_introspection_c[0m
[9.512s] [ 49%] [32mBuilding C object CMakeFiles/robo_miner_interfaces__rosidl_typesupport_introspection_c.dir/rosidl_typesupport_introspection_c/robo_miner_interfaces/msg/detail/robot_position_response__type_support.c.o[0m
[9.524s] [ 50%] [32mBuilding C object CMakeFiles/robo_miner_interfaces__rosidl_typesupport_introspection_c.dir/rosidl_typesupport_introspection_c/robo_miner_interfaces/msg/detail/field_point__type_support.c.o[0m
[9.568s] [ 51%] [32mBuilding C object CMakeFiles/robo_miner_interfaces__rosidl_typesupport_introspection_c.dir/rosidl_typesupport_introspection_c/robo_miner_interfaces/msg/detail/u_int8_multi_array__type_support.c.o[0m
[9.577s] [ 52%] [32m[1mLinking CXX shared library librobo_miner_interfaces__rosidl_typesupport_fastrtps_cpp.so[0m
[9.591s] [ 53%] [32mBuilding C object CMakeFiles/robo_miner_interfaces__rosidl_typesupport_introspection_c.dir/rosidl_typesupport_introspection_c/robo_miner_interfaces/msg/detail/robot_move_type__type_support.c.o[0m
[9.650s] [ 54%] [32mBuilding C object CMakeFiles/robo_miner_interfaces__rosidl_typesupport_introspection_c.dir/rosidl_typesupport_introspection_c/robo_miner_interfaces/msg/detail/user_authenticate__type_support.c.o[0m
[9.659s] [ 55%] [32mBuilding C object CMakeFiles/robo_miner_interfaces__rosidl_typesupport_introspection_c.dir/rosidl_typesupport_introspection_c/robo_miner_interfaces/srv/detail/activate_mining_validate__type_support.c.o[0m
[9.698s] [ 56%] [32mBuilding C object CMakeFiles/robo_miner_interfaces__rosidl_typesupport_introspection_c.dir/rosidl_typesupport_introspection_c/robo_miner_interfaces/srv/detail/robot_move__type_support.c.o[0m
[9.736s] [ 57%] [32mBuilding C object CMakeFiles/robo_miner_interfaces__rosidl_typesupport_introspection_c.dir/rosidl_typesupport_introspection_c/robo_miner_interfaces/srv/detail/longest_sequence_validate__type_support.c.o[0m
[9.742s] [ 57%] Built target robo_miner_interfaces__rosidl_typesupport_fastrtps_cpp
[9.759s] [35m[1mScanning dependencies of target robo_miner_interfaces__rosidl_typesupport_c[0m
[9.771s] [ 58%] [32mBuilding CXX object CMakeFiles/robo_miner_interfaces__rosidl_typesupport_c.dir/rosidl_typesupport_c/robo_miner_interfaces/msg/field_point__type_support.cpp.o[0m
[9.780s] [ 59%] [32mBuilding C object CMakeFiles/robo_miner_interfaces__rosidl_typesupport_introspection_c.dir/rosidl_typesupport_introspection_c/robo_miner_interfaces/srv/detail/field_map_validate__type_support.c.o[0m
[9.784s] [ 60%] [34m[1mGenerating C type support for eProsima Fast-RTPS[0m
[9.806s] [ 61%] [32mBuilding C object CMakeFiles/robo_miner_interfaces__rosidl_typesupport_introspection_c.dir/rosidl_typesupport_introspection_c/robo_miner_interfaces/srv/detail/query_initial_robot_position__type_support.c.o[0m
[9.824s] [ 62%] [32mBuilding CXX object CMakeFiles/robo_miner_interfaces__rosidl_typesupport_c.dir/rosidl_typesupport_c/robo_miner_interfaces/msg/robot_position_response__type_support.cpp.o[0m
[9.852s] [ 63%] [32mBuilding CXX object CMakeFiles/robo_miner_interfaces__rosidl_typesupport_c.dir/rosidl_typesupport_c/robo_miner_interfaces/msg/u_int8_multi_array__type_support.cpp.o[0m
[9.873s] [ 64%] [32mBuilding CXX object CMakeFiles/robo_miner_interfaces__rosidl_typesupport_c.dir/rosidl_typesupport_c/robo_miner_interfaces/msg/robot_move_type__type_support.cpp.o[0m
[9.884s] [ 65%] [32m[1mLinking C shared library librobo_miner_interfaces__rosidl_typesupport_introspection_c.so[0m
[9.937s] [ 66%] [32mBuilding CXX object CMakeFiles/robo_miner_interfaces__rosidl_typesupport_c.dir/rosidl_typesupport_c/robo_miner_interfaces/srv/activate_mining_validate__type_support.cpp.o[0m
[9.943s] [ 67%] [32mBuilding CXX object CMakeFiles/robo_miner_interfaces__rosidl_typesupport_c.dir/rosidl_typesupport_c/robo_miner_interfaces/msg/user_authenticate__type_support.cpp.o[0m
[9.973s] [ 67%] Built target robo_miner_interfaces__rosidl_typesupport_introspection_c
[9.984s] [ 68%] [32mBuilding CXX object CMakeFiles/robo_miner_interfaces__rosidl_typesupport_c.dir/rosidl_typesupport_c/robo_miner_interfaces/srv/robot_move__type_support.cpp.o[0m
[10.008s] [ 69%] [32mBuilding CXX object CMakeFiles/robo_miner_interfaces__rosidl_typesupport_c.dir/rosidl_typesupport_c/robo_miner_interfaces/srv/longest_sequence_validate__type_support.cpp.o[0m
[10.031s] [ 69%] [32mBuilding CXX object CMakeFiles/robo_miner_interfaces__rosidl_typesupport_c.dir/rosidl_typesupport_c/robo_miner_interfaces/srv/field_map_validate__type_support.cpp.o[0m
[10.045s] [ 70%] [32mBuilding CXX object CMakeFiles/robo_miner_interfaces__rosidl_typesupport_c.dir/rosidl_typesupport_c/robo_miner_interfaces/srv/query_initial_robot_position__type_support.cpp.o[0m
[10.116s] [ 71%] [32m[1mLinking CXX shared library librobo_miner_interfaces__rosidl_typesupport_c.so[0m
[10.238s] [ 71%] Built target robo_miner_interfaces__rosidl_typesupport_c
[10.547s] [35m[1mScanning dependencies of target robo_miner_interfaces__rosidl_typesupport_fastrtps_c[0m
[10.567s] [ 72%] [32mBuilding CXX object CMakeFiles/robo_miner_interfaces__rosidl_typesupport_fastrtps_c.dir/rosidl_typesupport_fastrtps_c/robo_miner_interfaces/msg/detail/field_point__type_support_c.cpp.o[0m
[10.572s] [ 73%] [32mBuilding CXX object CMakeFiles/robo_miner_interfaces__rosidl_typesupport_fastrtps_c.dir/rosidl_typesupport_fastrtps_c/robo_miner_interfaces/msg/detail/robot_position_response__type_support_c.cpp.o[0m
[10.573s] [ 74%] [32mBuilding CXX object CMakeFiles/robo_miner_interfaces__rosidl_typesupport_fastrtps_c.dir/rosidl_typesupport_fastrtps_c/robo_miner_interfaces/msg/detail/u_int8_multi_array__type_support_c.cpp.o[0m
[10.581s] [ 75%] [32mBuilding CXX object CMakeFiles/robo_miner_interfaces__rosidl_typesupport_fastrtps_c.dir/rosidl_typesupport_fastrtps_c/robo_miner_interfaces/msg/detail/robot_move_type__type_support_c.cpp.o[0m
[10.954s] [ 76%] [32mBuilding CXX object CMakeFiles/robo_miner_interfaces__rosidl_typesupport_fastrtps_c.dir/rosidl_typesupport_fastrtps_c/robo_miner_interfaces/srv/detail/activate_mining_validate__type_support_c.cpp.o[0m
[10.962s] [ 77%] [32mBuilding CXX object CMakeFiles/robo_miner_interfaces__rosidl_typesupport_fastrtps_c.dir/rosidl_typesupport_fastrtps_c/robo_miner_interfaces/msg/detail/user_authenticate__type_support_c.cpp.o[0m
[10.988s] [ 78%] [32mBuilding CXX object CMakeFiles/robo_miner_interfaces__rosidl_typesupport_fastrtps_c.dir/rosidl_typesupport_fastrtps_c/robo_miner_interfaces/srv/detail/robot_move__type_support_c.cpp.o[0m
[11.008s] [ 79%] [32mBuilding CXX object CMakeFiles/robo_miner_interfaces__rosidl_typesupport_fastrtps_c.dir/rosidl_typesupport_fastrtps_c/robo_miner_interfaces/srv/detail/longest_sequence_validate__type_support_c.cpp.o[0m
[11.338s] [ 80%] [32mBuilding CXX object CMakeFiles/robo_miner_interfaces__rosidl_typesupport_fastrtps_c.dir/rosidl_typesupport_fastrtps_c/robo_miner_interfaces/srv/detail/field_map_validate__type_support_c.cpp.o[0m
[11.340s] [ 81%] [32mBuilding CXX object CMakeFiles/robo_miner_interfaces__rosidl_typesupport_fastrtps_c.dir/rosidl_typesupport_fastrtps_c/robo_miner_interfaces/srv/detail/query_initial_robot_position__type_support_c.cpp.o[0m
[11.582s] [ 82%] [32m[1mLinking CXX shared library librobo_miner_interfaces__rosidl_typesupport_fastrtps_c.so[0m
[11.689s] [ 82%] Built target robo_miner_interfaces__rosidl_typesupport_fastrtps_c
[11.699s] [35m[1mScanning dependencies of target robo_miner_interfaces[0m
[11.724s] [ 82%] Built target robo_miner_interfaces
[11.763s] [35m[1mScanning dependencies of target robo_miner_interfaces__py[0m
[11.812s] [ 83%] [34m[1mGenerating Python code for ROS interfaces[0m
[13.541s] [ 83%] Built target robo_miner_interfaces__py
[13.557s] [35m[1mScanning dependencies of target robo_miner_interfaces__python[0m
[13.612s] [ 84%] [32mBuilding C object CMakeFiles/robo_miner_interfaces__python.dir/rosidl_generator_py/robo_miner_interfaces/msg/_field_point_s.c.o[0m
[13.612s] [ 85%] [32mBuilding C object CMakeFiles/robo_miner_interfaces__python.dir/rosidl_generator_py/robo_miner_interfaces/msg/_robot_position_response_s.c.o[0m
[13.628s] [ 86%] [32mBuilding C object CMakeFiles/robo_miner_interfaces__python.dir/rosidl_generator_py/robo_miner_interfaces/msg/_u_int8_multi_array_s.c.o[0m
[13.748s] [ 87%] [32mBuilding C object CMakeFiles/robo_miner_interfaces__python.dir/rosidl_generator_py/robo_miner_interfaces/msg/_robot_move_type_s.c.o[0m
[13.756s] [ 88%] [32mBuilding C object CMakeFiles/robo_miner_interfaces__python.dir/rosidl_generator_py/robo_miner_interfaces/msg/_user_authenticate_s.c.o[0m
[13.814s] [ 89%] [32mBuilding C object CMakeFiles/robo_miner_interfaces__python.dir/rosidl_generator_py/robo_miner_interfaces/srv/_activate_mining_validate_s.c.o[0m
[13.847s] [ 90%] [32mBuilding C object CMakeFiles/robo_miner_interfaces__python.dir/rosidl_generator_py/robo_miner_interfaces/srv/_robot_move_s.c.o[0m
[13.880s] [ 91%] [32mBuilding C object CMakeFiles/robo_miner_interfaces__python.dir/rosidl_generator_py/robo_miner_interfaces/srv/_longest_sequence_validate_s.c.o[0m
[13.903s] [ 92%] [32mBuilding C object CMakeFiles/robo_miner_interfaces__python.dir/rosidl_generator_py/robo_miner_interfaces/srv/_field_map_validate_s.c.o[0m
[13.968s] [ 93%] [32mBuilding C object CMakeFiles/robo_miner_interfaces__python.dir/rosidl_generator_py/robo_miner_interfaces/srv/_query_initial_robot_position_s.c.o[0m
[14.058s] [ 94%] [32m[1mLinking C shared library rosidl_generator_py/robo_miner_interfaces/librobo_miner_interfaces__python.so[0m
[14.093s] [ 94%] Built target robo_miner_interfaces__python
[14.104s] [35m[1mScanning dependencies of target robo_miner_interfaces__rosidl_typesupport_c__pyext[0m
[14.115s] [35m[1mScanning dependencies of target robo_miner_interfaces__rosidl_typesupport_fastrtps_c__pyext[0m
[14.118s] [35m[1mScanning dependencies of target robo_miner_interfaces__rosidl_typesupport_introspection_c__pyext[0m
[14.125s] [ 95%] [32mBuilding C object CMakeFiles/robo_miner_interfaces__rosidl_typesupport_c__pyext.dir/rosidl_generator_py/robo_miner_interfaces/_robo_miner_interfaces_s.ep.rosidl_typesupport_c.c.o[0m
[14.135s] [ 96%] [32mBuilding C object CMakeFiles/robo_miner_interfaces__rosidl_typesupport_fastrtps_c__pyext.dir/rosidl_generator_py/robo_miner_interfaces/_robo_miner_interfaces_s.ep.rosidl_typesupport_fastrtps_c.c.o[0m
[14.153s] [ 97%] [32mBuilding C object CMakeFiles/robo_miner_interfaces__rosidl_typesupport_introspection_c__pyext.dir/rosidl_generator_py/robo_miner_interfaces/_robo_miner_interfaces_s.ep.rosidl_typesupport_introspection_c.c.o[0m
[14.230s] [ 98%] [32m[1mLinking C shared library rosidl_generator_py/robo_miner_interfaces/robo_miner_interfaces_s__rosidl_typesupport_c.cpython-38-aarch64-linux-gnu.so[0m
[14.242s] [ 99%] [32m[1mLinking CXX shared library rosidl_generator_py/robo_miner_interfaces/robo_miner_interfaces_s__rosidl_typesupport_fastrtps_c.cpython-38-aarch64-linux-gnu.so[0m
[14.269s] [100%] [32m[1mLinking C shared library rosidl_generator_py/robo_miner_interfaces/robo_miner_interfaces_s__rosidl_typesupport_introspection_c.cpython-38-aarch64-linux-gnu.so[0m
[14.284s] [100%] Built target robo_miner_interfaces__rosidl_typesupport_c__pyext
[14.303s] [100%] Built target robo_miner_interfaces__rosidl_typesupport_introspection_c__pyext
[14.341s] [100%] Built target robo_miner_interfaces__rosidl_typesupport_fastrtps_c__pyext
[14.356s] Invoked command in '/home/parallels/CLionProjects/Homeworks/robotics_v1/build/robo_miner_interfaces' returned '0': CMAKE_PREFIX_PATH=/opt/ros/foxy /usr/bin/cmake --build /home/parallels/CLionProjects/Homeworks/robotics_v1/build/robo_miner_interfaces -- -j4 -l4
[14.532s] Invoking command in '/home/parallels/CLionProjects/Homeworks/robotics_v1/build/robo_miner_interfaces': CMAKE_PREFIX_PATH=/opt/ros/foxy /usr/bin/cmake --install /home/parallels/CLionProjects/Homeworks/robotics_v1/build/robo_miner_interfaces
[14.541s] -- Install configuration: "Debug"
[14.542s] -- Execute custom install script
[14.543s] -- Symlinking: /home/parallels/CLionProjects/Homeworks/robotics_v1/install/robo_miner_interfaces/share/ament_index/resource_index/rosidl_interfaces/robo_miner_interfaces
[14.550s] -- Symlinking: /home/parallels/CLionProjects/Homeworks/robotics_v1/install/robo_miner_interfaces/include/robo_miner_interfaces/msg/detail/field_point__functions.h
[14.557s] -- Symlinking: /home/parallels/CLionProjects/Homeworks/robotics_v1/install/robo_miner_interfaces/include/robo_miner_interfaces/msg/detail/field_point__struct.h
[14.565s] -- Symlinking: /home/parallels/CLionProjects/Homeworks/robotics_v1/install/robo_miner_interfaces/include/robo_miner_interfaces/msg/detail/field_point__type_support.h
[14.573s] -- Symlinking: /home/parallels/CLionProjects/Homeworks/robotics_v1/install/robo_miner_interfaces/include/robo_miner_interfaces/msg/detail/robot_move_type__functions.h
[14.581s] -- Symlinking: /home/parallels/CLionProjects/Homeworks/robotics_v1/install/robo_miner_interfaces/include/robo_miner_interfaces/msg/detail/robot_move_type__struct.h
[14.588s] -- Symlinking: /home/parallels/CLionProjects/Homeworks/robotics_v1/install/robo_miner_interfaces/include/robo_miner_interfaces/msg/detail/robot_move_type__type_support.h
[14.595s] -- Symlinking: /home/parallels/CLionProjects/Homeworks/robotics_v1/install/robo_miner_interfaces/include/robo_miner_interfaces/msg/detail/robot_position_response__functions.h
[14.602s] -- Symlinking: /home/parallels/CLionProjects/Homeworks/robotics_v1/install/robo_miner_interfaces/include/robo_miner_interfaces/msg/detail/robot_position_response__struct.h
[14.609s] -- Symlinking: /home/parallels/CLionProjects/Homeworks/robotics_v1/install/robo_miner_interfaces/include/robo_miner_interfaces/msg/detail/robot_position_response__type_support.h
[14.616s] -- Symlinking: /home/parallels/CLionProjects/Homeworks/robotics_v1/install/robo_miner_interfaces/include/robo_miner_interfaces/msg/detail/u_int8_multi_array__functions.h
[14.623s] -- Symlinking: /home/parallels/CLionProjects/Homeworks/robotics_v1/install/robo_miner_interfaces/include/robo_miner_interfaces/msg/detail/u_int8_multi_array__struct.h
[14.630s] -- Symlinking: /home/parallels/CLionProjects/Homeworks/robotics_v1/install/robo_miner_interfaces/include/robo_miner_interfaces/msg/detail/u_int8_multi_array__type_support.h
[14.637s] -- Symlinking: /home/parallels/CLionProjects/Homeworks/robotics_v1/install/robo_miner_interfaces/include/robo_miner_interfaces/msg/detail/user_authenticate__functions.h
[14.644s] -- Symlinking: /home/parallels/CLionProjects/Homeworks/robotics_v1/install/robo_miner_interfaces/include/robo_miner_interfaces/msg/detail/user_authenticate__struct.h
[14.651s] -- Symlinking: /home/parallels/CLionProjects/Homeworks/robotics_v1/install/robo_miner_interfaces/include/robo_miner_interfaces/msg/detail/user_authenticate__type_support.h
[14.658s] -- Symlinking: /home/parallels/CLionProjects/Homeworks/robotics_v1/install/robo_miner_interfaces/include/robo_miner_interfaces/msg/field_point.h
[14.665s] -- Symlinking: /home/parallels/CLionProjects/Homeworks/robotics_v1/install/robo_miner_interfaces/include/robo_miner_interfaces/msg/robot_move_type.h
[14.673s] -- Symlinking: /home/parallels/CLionProjects/Homeworks/robotics_v1/install/robo_miner_interfaces/include/robo_miner_interfaces/msg/robot_position_response.h
[14.680s] -- Symlinking: /home/parallels/CLionProjects/Homeworks/robotics_v1/install/robo_miner_interfaces/include/robo_miner_interfaces/msg/rosidl_generator_c__visibility_control.h
[14.688s] -- Symlinking: /home/parallels/CLionProjects/Homeworks/robotics_v1/install/robo_miner_interfaces/include/robo_miner_interfaces/msg/u_int8_multi_array.h
[14.696s] -- Symlinking: /home/parallels/CLionProjects/Homeworks/robotics_v1/install/robo_miner_interfaces/include/robo_miner_interfaces/msg/user_authenticate.h
[14.703s] -- Symlinking: /home/parallels/CLionProjects/Homeworks/robotics_v1/install/robo_miner_interfaces/include/robo_miner_interfaces/srv/activate_mining_validate.h
[14.711s] -- Symlinking: /home/parallels/CLionProjects/Homeworks/robotics_v1/install/robo_miner_interfaces/include/robo_miner_interfaces/srv/detail/activate_mining_validate__functions.h
[14.719s] -- Symlinking: /home/parallels/CLionProjects/Homeworks/robotics_v1/install/robo_miner_interfaces/include/robo_miner_interfaces/srv/detail/activate_mining_validate__struct.h
[14.726s] -- Symlinking: /home/parallels/CLionProjects/Homeworks/robotics_v1/install/robo_miner_interfaces/include/robo_miner_interfaces/srv/detail/activate_mining_validate__type_support.h
[14.733s] -- Symlinking: /home/parallels/CLionProjects/Homeworks/robotics_v1/install/robo_miner_interfaces/include/robo_miner_interfaces/srv/detail/field_map_validate__functions.h
[14.741s] -- Symlinking: /home/parallels/CLionProjects/Homeworks/robotics_v1/install/robo_miner_interfaces/include/robo_miner_interfaces/srv/detail/field_map_validate__struct.h
[14.748s] -- Symlinking: /home/parallels/CLionProjects/Homeworks/robotics_v1/install/robo_miner_interfaces/include/robo_miner_interfaces/srv/detail/field_map_validate__type_support.h
[14.756s] -- Symlinking: /home/parallels/CLionProjects/Homeworks/robotics_v1/install/robo_miner_interfaces/include/robo_miner_interfaces/srv/detail/longest_sequence_validate__functions.h
[14.764s] -- Symlinking: /home/parallels/CLionProjects/Homeworks/robotics_v1/install/robo_miner_interfaces/include/robo_miner_interfaces/srv/detail/longest_sequence_validate__struct.h
[14.772s] -- Symlinking: /home/parallels/CLionProjects/Homeworks/robotics_v1/install/robo_miner_interfaces/include/robo_miner_interfaces/srv/detail/longest_sequence_validate__type_support.h
[14.780s] -- Symlinking: /home/parallels/CLionProjects/Homeworks/robotics_v1/install/robo_miner_interfaces/include/robo_miner_interfaces/srv/detail/query_initial_robot_position__functions.h
[14.788s] -- Symlinking: /home/parallels/CLionProjects/Homeworks/robotics_v1/install/robo_miner_interfaces/include/robo_miner_interfaces/srv/detail/query_initial_robot_position__struct.h
[14.795s] -- Symlinking: /home/parallels/CLionProjects/Homeworks/robotics_v1/install/robo_miner_interfaces/include/robo_miner_interfaces/srv/detail/query_initial_robot_position__type_support.h
[14.802s] -- Symlinking: /home/parallels/CLionProjects/Homeworks/robotics_v1/install/robo_miner_interfaces/include/robo_miner_interfaces/srv/detail/robot_move__functions.h
[14.811s] -- Symlinking: /home/parallels/CLionProjects/Homeworks/robotics_v1/install/robo_miner_interfaces/include/robo_miner_interfaces/srv/detail/robot_move__struct.h
[14.818s] -- Symlinking: /home/parallels/CLionProjects/Homeworks/robotics_v1/install/robo_miner_interfaces/include/robo_miner_interfaces/srv/detail/robot_move__type_support.h
[14.825s] -- Symlinking: /home/parallels/CLionProjects/Homeworks/robotics_v1/install/robo_miner_interfaces/include/robo_miner_interfaces/srv/field_map_validate.h
[14.831s] -- Symlinking: /home/parallels/CLionProjects/Homeworks/robotics_v1/install/robo_miner_interfaces/include/robo_miner_interfaces/srv/longest_sequence_validate.h
[14.839s] -- Symlinking: /home/parallels/CLionProjects/Homeworks/robotics_v1/install/robo_miner_interfaces/include/robo_miner_interfaces/srv/query_initial_robot_position.h
[14.848s] -- Symlinking: /home/parallels/CLionProjects/Homeworks/robotics_v1/install/robo_miner_interfaces/include/robo_miner_interfaces/srv/robot_move.h
[14.856s] -- Symlinking: /home/parallels/CLionProjects/Homeworks/robotics_v1/install/robo_miner_interfaces/share/robo_miner_interfaces/environment/library_path.sh
[14.863s] -- Symlinking: /home/parallels/CLionProjects/Homeworks/robotics_v1/install/robo_miner_interfaces/share/robo_miner_interfaces/environment/library_path.dsv
[14.872s] -- Symlinking: /home/parallels/CLionProjects/Homeworks/robotics_v1/install/robo_miner_interfaces/include/robo_miner_interfaces/msg/detail/field_point__rosidl_typesupport_fastrtps_c.h
[14.880s] -- Symlinking: /home/parallels/CLionProjects/Homeworks/robotics_v1/install/robo_miner_interfaces/include/robo_miner_interfaces/msg/detail/robot_move_type__rosidl_typesupport_fastrtps_c.h
[14.887s] -- Symlinking: /home/parallels/CLionProjects/Homeworks/robotics_v1/install/robo_miner_interfaces/include/robo_miner_interfaces/msg/detail/robot_position_response__rosidl_typesupport_fastrtps_c.h
[14.893s] -- Symlinking: /home/parallels/CLionProjects/Homeworks/robotics_v1/install/robo_miner_interfaces/include/robo_miner_interfaces/msg/detail/u_int8_multi_array__rosidl_typesupport_fastrtps_c.h
[14.901s] -- Symlinking: /home/parallels/CLionProjects/Homeworks/robotics_v1/install/robo_miner_interfaces/include/robo_miner_interfaces/msg/detail/user_authenticate__rosidl_typesupport_fastrtps_c.h
[14.908s] -- Symlinking: /home/parallels/CLionProjects/Homeworks/robotics_v1/install/robo_miner_interfaces/include/robo_miner_interfaces/msg/rosidl_typesupport_fastrtps_c__visibility_control.h
[14.916s] -- Symlinking: /home/parallels/CLionProjects/Homeworks/robotics_v1/install/robo_miner_interfaces/include/robo_miner_interfaces/srv/detail/activate_mining_validate__rosidl_typesupport_fastrtps_c.h
[14.923s] -- Symlinking: /home/parallels/CLionProjects/Homeworks/robotics_v1/install/robo_miner_interfaces/include/robo_miner_interfaces/srv/detail/field_map_validate__rosidl_typesupport_fastrtps_c.h
[14.931s] -- Symlinking: /home/parallels/CLionProjects/Homeworks/robotics_v1/install/robo_miner_interfaces/include/robo_miner_interfaces/srv/detail/longest_sequence_validate__rosidl_typesupport_fastrtps_c.h
[14.938s] -- Symlinking: /home/parallels/CLionProjects/Homeworks/robotics_v1/install/robo_miner_interfaces/include/robo_miner_interfaces/srv/detail/query_initial_robot_position__rosidl_typesupport_fastrtps_c.h
[14.946s] -- Symlinking: /home/parallels/CLionProjects/Homeworks/robotics_v1/install/robo_miner_interfaces/include/robo_miner_interfaces/srv/detail/robot_move__rosidl_typesupport_fastrtps_c.h
[14.953s] -- Symlinking: /home/parallels/CLionProjects/Homeworks/robotics_v1/install/robo_miner_interfaces/lib/librobo_miner_interfaces__rosidl_typesupport_fastrtps_c.so
[14.962s] -- Symlinking: /home/parallels/CLionProjects/Homeworks/robotics_v1/install/robo_miner_interfaces/include/robo_miner_interfaces/msg/detail/field_point__rosidl_typesupport_fastrtps_cpp.hpp
[14.969s] -- Symlinking: /home/parallels/CLionProjects/Homeworks/robotics_v1/install/robo_miner_interfaces/include/robo_miner_interfaces/msg/detail/robot_move_type__rosidl_typesupport_fastrtps_cpp.hpp
[14.976s] -- Symlinking: /home/parallels/CLionProjects/Homeworks/robotics_v1/install/robo_miner_interfaces/include/robo_miner_interfaces/msg/detail/robot_position_response__rosidl_typesupport_fastrtps_cpp.hpp
[14.984s] -- Symlinking: /home/parallels/CLionProjects/Homeworks/robotics_v1/install/robo_miner_interfaces/include/robo_miner_interfaces/msg/detail/u_int8_multi_array__rosidl_typesupport_fastrtps_cpp.hpp
[14.992s] -- Symlinking: /home/parallels/CLionProjects/Homeworks/robotics_v1/install/robo_miner_interfaces/include/robo_miner_interfaces/msg/detail/user_authenticate__rosidl_typesupport_fastrtps_cpp.hpp
[14.999s] -- Symlinking: /home/parallels/CLionProjects/Homeworks/robotics_v1/install/robo_miner_interfaces/include/robo_miner_interfaces/msg/rosidl_typesupport_fastrtps_cpp__visibility_control.h
[15.006s] -- Symlinking: /home/parallels/CLionProjects/Homeworks/robotics_v1/install/robo_miner_interfaces/include/robo_miner_interfaces/srv/detail/activate_mining_validate__rosidl_typesupport_fastrtps_cpp.hpp
[15.013s] -- Symlinking: /home/parallels/CLionProjects/Homeworks/robotics_v1/install/robo_miner_interfaces/include/robo_miner_interfaces/srv/detail/field_map_validate__rosidl_typesupport_fastrtps_cpp.hpp
[15.021s] -- Symlinking: /home/parallels/CLionProjects/Homeworks/robotics_v1/install/robo_miner_interfaces/include/robo_miner_interfaces/srv/detail/longest_sequence_validate__rosidl_typesupport_fastrtps_cpp.hpp
[15.028s] -- Symlinking: /home/parallels/CLionProjects/Homeworks/robotics_v1/install/robo_miner_interfaces/include/robo_miner_interfaces/srv/detail/query_initial_robot_position__rosidl_typesupport_fastrtps_cpp.hpp
[15.036s] -- Symlinking: /home/parallels/CLionProjects/Homeworks/robotics_v1/install/robo_miner_interfaces/include/robo_miner_interfaces/srv/detail/robot_move__rosidl_typesupport_fastrtps_cpp.hpp
[15.046s] -- Symlinking: /home/parallels/CLionProjects/Homeworks/robotics_v1/install/robo_miner_interfaces/lib/librobo_miner_interfaces__rosidl_typesupport_fastrtps_cpp.so
[15.052s] -- Symlinking: /home/parallels/CLionProjects/Homeworks/robotics_v1/install/robo_miner_interfaces/include/robo_miner_interfaces/msg/detail/field_point__rosidl_typesupport_introspection_c.h
[15.059s] -- Symlinking: /home/parallels/CLionProjects/Homeworks/robotics_v1/install/robo_miner_interfaces/include/robo_miner_interfaces/msg/detail/robot_move_type__rosidl_typesupport_introspection_c.h
[15.074s] -- Symlinking: /home/parallels/CLionProjects/Homeworks/robotics_v1/install/robo_miner_interfaces/include/robo_miner_interfaces/msg/detail/robot_position_response__rosidl_typesupport_introspection_c.h
[15.082s] -- Symlinking: /home/parallels/CLionProjects/Homeworks/robotics_v1/install/robo_miner_interfaces/include/robo_miner_interfaces/msg/detail/u_int8_multi_array__rosidl_typesupport_introspection_c.h
[15.088s] -- Symlinking: /home/parallels/CLionProjects/Homeworks/robotics_v1/install/robo_miner_interfaces/include/robo_miner_interfaces/msg/detail/user_authenticate__rosidl_typesupport_introspection_c.h
[15.097s] -- Symlinking: /home/parallels/CLionProjects/Homeworks/robotics_v1/install/robo_miner_interfaces/include/robo_miner_interfaces/msg/rosidl_typesupport_introspection_c__visibility_control.h
[15.106s] -- Symlinking: /home/parallels/CLionProjects/Homeworks/robotics_v1/install/robo_miner_interfaces/include/robo_miner_interfaces/srv/detail/activate_mining_validate__rosidl_typesupport_introspection_c.h
[15.113s] -- Symlinking: /home/parallels/CLionProjects/Homeworks/robotics_v1/install/robo_miner_interfaces/include/robo_miner_interfaces/srv/detail/field_map_validate__rosidl_typesupport_introspection_c.h
[15.121s] -- Symlinking: /home/parallels/CLionProjects/Homeworks/robotics_v1/install/robo_miner_interfaces/include/robo_miner_interfaces/srv/detail/longest_sequence_validate__rosidl_typesupport_introspection_c.h
[15.127s] -- Symlinking: /home/parallels/CLionProjects/Homeworks/robotics_v1/install/robo_miner_interfaces/include/robo_miner_interfaces/srv/detail/query_initial_robot_position__rosidl_typesupport_introspection_c.h
[15.135s] -- Symlinking: /home/parallels/CLionProjects/Homeworks/robotics_v1/install/robo_miner_interfaces/include/robo_miner_interfaces/srv/detail/robot_move__rosidl_typesupport_introspection_c.h
[15.143s] -- Symlinking: /home/parallels/CLionProjects/Homeworks/robotics_v1/install/robo_miner_interfaces/include/robo_miner_interfaces/msg/detail/field_point__builder.hpp
[15.158s] -- Symlinking: /home/parallels/CLionProjects/Homeworks/robotics_v1/install/robo_miner_interfaces/include/robo_miner_interfaces/msg/detail/field_point__struct.hpp
[15.167s] -- Symlinking: /home/parallels/CLionProjects/Homeworks/robotics_v1/install/robo_miner_interfaces/include/robo_miner_interfaces/msg/detail/field_point__traits.hpp
[15.175s] -- Symlinking: /home/parallels/CLionProjects/Homeworks/robotics_v1/install/robo_miner_interfaces/include/robo_miner_interfaces/msg/detail/robot_move_type__builder.hpp
[15.183s] -- Symlinking: /home/parallels/CLionProjects/Homeworks/robotics_v1/install/robo_miner_interfaces/include/robo_miner_interfaces/msg/detail/robot_move_type__struct.hpp
[15.191s] -- Symlinking: /home/parallels/CLionProjects/Homeworks/robotics_v1/install/robo_miner_interfaces/include/robo_miner_interfaces/msg/detail/robot_move_type__traits.hpp
[15.198s] -- Symlinking: /home/parallels/CLionProjects/Homeworks/robotics_v1/install/robo_miner_interfaces/include/robo_miner_interfaces/msg/detail/robot_position_response__builder.hpp
[15.206s] -- Symlinking: /home/parallels/CLionProjects/Homeworks/robotics_v1/install/robo_miner_interfaces/include/robo_miner_interfaces/msg/detail/robot_position_response__struct.hpp
[15.214s] -- Symlinking: /home/parallels/CLionProjects/Homeworks/robotics_v1/install/robo_miner_interfaces/include/robo_miner_interfaces/msg/detail/robot_position_response__traits.hpp
[15.224s] -- Symlinking: /home/parallels/CLionProjects/Homeworks/robotics_v1/install/robo_miner_interfaces/include/robo_miner_interfaces/msg/detail/u_int8_multi_array__builder.hpp
[15.228s] -- Symlinking: /home/parallels/CLionProjects/Homeworks/robotics_v1/install/robo_miner_interfaces/include/robo_miner_interfaces/msg/detail/u_int8_multi_array__struct.hpp
[15.235s] -- Symlinking: /home/parallels/CLionProjects/Homeworks/robotics_v1/install/robo_miner_interfaces/include/robo_miner_interfaces/msg/detail/u_int8_multi_array__traits.hpp
[15.242s] -- Symlinking: /home/parallels/CLionProjects/Homeworks/robotics_v1/install/robo_miner_interfaces/include/robo_miner_interfaces/msg/detail/user_authenticate__builder.hpp
[15.251s] -- Symlinking: /home/parallels/CLionProjects/Homeworks/robotics_v1/install/robo_miner_interfaces/include/robo_miner_interfaces/msg/detail/user_authenticate__struct.hpp
[15.257s] -- Symlinking: /home/parallels/CLionProjects/Homeworks/robotics_v1/install/robo_miner_interfaces/include/robo_miner_interfaces/msg/detail/user_authenticate__traits.hpp
[15.264s] -- Symlinking: /home/parallels/CLionProjects/Homeworks/robotics_v1/install/robo_miner_interfaces/include/robo_miner_interfaces/msg/field_point.hpp
[15.271s] -- Symlinking: /home/parallels/CLionProjects/Homeworks/robotics_v1/install/robo_miner_interfaces/include/robo_miner_interfaces/msg/robot_move_type.hpp
[15.280s] -- Symlinking: /home/parallels/CLionProjects/Homeworks/robotics_v1/install/robo_miner_interfaces/include/robo_miner_interfaces/msg/robot_position_response.hpp
[15.287s] -- Symlinking: /home/parallels/CLionProjects/Homeworks/robotics_v1/install/robo_miner_interfaces/include/robo_miner_interfaces/msg/u_int8_multi_array.hpp
[15.294s] -- Symlinking: /home/parallels/CLionProjects/Homeworks/robotics_v1/install/robo_miner_interfaces/include/robo_miner_interfaces/msg/user_authenticate.hpp
[15.301s] -- Symlinking: /home/parallels/CLionProjects/Homeworks/robotics_v1/install/robo_miner_interfaces/include/robo_miner_interfaces/srv/activate_mining_validate.hpp
[15.310s] -- Symlinking: /home/parallels/CLionProjects/Homeworks/robotics_v1/install/robo_miner_interfaces/include/robo_miner_interfaces/srv/detail/activate_mining_validate__builder.hpp
[15.318s] -- Symlinking: /home/parallels/CLionProjects/Homeworks/robotics_v1/install/robo_miner_interfaces/include/robo_miner_interfaces/srv/detail/activate_mining_validate__struct.hpp
[15.325s] -- Symlinking: /home/parallels/CLionProjects/Homeworks/robotics_v1/install/robo_miner_interfaces/include/robo_miner_interfaces/srv/detail/activate_mining_validate__traits.hpp
[15.332s] -- Symlinking: /home/parallels/CLionProjects/Homeworks/robotics_v1/install/robo_miner_interfaces/include/robo_miner_interfaces/srv/detail/field_map_validate__builder.hpp
[15.339s] -- Symlinking: /home/parallels/CLionProjects/Homeworks/robotics_v1/install/robo_miner_interfaces/include/robo_miner_interfaces/srv/detail/field_map_validate__struct.hpp
[15.350s] -- Symlinking: /home/parallels/CLionProjects/Homeworks/robotics_v1/install/robo_miner_interfaces/include/robo_miner_interfaces/srv/detail/field_map_validate__traits.hpp
[15.355s] -- Symlinking: /home/parallels/CLionProjects/Homeworks/robotics_v1/install/robo_miner_interfaces/include/robo_miner_interfaces/srv/detail/longest_sequence_validate__builder.hpp
[15.362s] -- Symlinking: /home/parallels/CLionProjects/Homeworks/robotics_v1/install/robo_miner_interfaces/include/robo_miner_interfaces/srv/detail/longest_sequence_validate__struct.hpp
[15.369s] -- Symlinking: /home/parallels/CLionProjects/Homeworks/robotics_v1/install/robo_miner_interfaces/include/robo_miner_interfaces/srv/detail/longest_sequence_validate__traits.hpp
[15.376s] -- Symlinking: /home/parallels/CLionProjects/Homeworks/robotics_v1/install/robo_miner_interfaces/include/robo_miner_interfaces/srv/detail/query_initial_robot_position__builder.hpp
[15.385s] -- Symlinking: /home/parallels/CLionProjects/Homeworks/robotics_v1/install/robo_miner_interfaces/include/robo_miner_interfaces/srv/detail/query_initial_robot_position__struct.hpp
[15.392s] -- Symlinking: /home/parallels/CLionProjects/Homeworks/robotics_v1/install/robo_miner_interfaces/include/robo_miner_interfaces/srv/detail/query_initial_robot_position__traits.hpp
[15.399s] -- Symlinking: /home/parallels/CLionProjects/Homeworks/robotics_v1/install/robo_miner_interfaces/include/robo_miner_interfaces/srv/detail/robot_move__builder.hpp
[15.407s] -- Symlinking: /home/parallels/CLionProjects/Homeworks/robotics_v1/install/robo_miner_interfaces/include/robo_miner_interfaces/srv/detail/robot_move__struct.hpp
[15.414s] -- Symlinking: /home/parallels/CLionProjects/Homeworks/robotics_v1/install/robo_miner_interfaces/include/robo_miner_interfaces/srv/detail/robot_move__traits.hpp
[15.428s] -- Symlinking: /home/parallels/CLionProjects/Homeworks/robotics_v1/install/robo_miner_interfaces/include/robo_miner_interfaces/srv/field_map_validate.hpp
[15.436s] -- Symlinking: /home/parallels/CLionProjects/Homeworks/robotics_v1/install/robo_miner_interfaces/include/robo_miner_interfaces/srv/longest_sequence_validate.hpp
[15.446s] -- Symlinking: /home/parallels/CLionProjects/Homeworks/robotics_v1/install/robo_miner_interfaces/include/robo_miner_interfaces/srv/query_initial_robot_position.hpp
[15.453s] -- Symlinking: /home/parallels/CLionProjects/Homeworks/robotics_v1/install/robo_miner_interfaces/include/robo_miner_interfaces/srv/robot_move.hpp
[15.462s] -- Symlinking: /home/parallels/CLionProjects/Homeworks/robotics_v1/install/robo_miner_interfaces/include/robo_miner_interfaces/msg/detail/field_point__rosidl_typesupport_introspection_cpp.hpp
[15.470s] -- Symlinking: /home/parallels/CLionProjects/Homeworks/robotics_v1/install/robo_miner_interfaces/include/robo_miner_interfaces/msg/detail/robot_move_type__rosidl_typesupport_introspection_cpp.hpp
[15.476s] -- Symlinking: /home/parallels/CLionProjects/Homeworks/robotics_v1/install/robo_miner_interfaces/include/robo_miner_interfaces/msg/detail/robot_position_response__rosidl_typesupport_introspection_cpp.hpp
[15.484s] -- Symlinking: /home/parallels/CLionProjects/Homeworks/robotics_v1/install/robo_miner_interfaces/include/robo_miner_interfaces/msg/detail/u_int8_multi_array__rosidl_typesupport_introspection_cpp.hpp
[15.492s] -- Symlinking: /home/parallels/CLionProjects/Homeworks/robotics_v1/install/robo_miner_interfaces/include/robo_miner_interfaces/msg/detail/user_authenticate__rosidl_typesupport_introspection_cpp.hpp
[15.500s] -- Symlinking: /home/parallels/CLionProjects/Homeworks/robotics_v1/install/robo_miner_interfaces/include/robo_miner_interfaces/srv/detail/activate_mining_validate__rosidl_typesupport_introspection_cpp.hpp
[15.507s] -- Symlinking: /home/parallels/CLionProjects/Homeworks/robotics_v1/install/robo_miner_interfaces/include/robo_miner_interfaces/srv/detail/field_map_validate__rosidl_typesupport_introspection_cpp.hpp
[15.514s] -- Symlinking: /home/parallels/CLionProjects/Homeworks/robotics_v1/install/robo_miner_interfaces/include/robo_miner_interfaces/srv/detail/longest_sequence_validate__rosidl_typesupport_introspection_cpp.hpp
[15.521s] -- Symlinking: /home/parallels/CLionProjects/Homeworks/robotics_v1/install/robo_miner_interfaces/include/robo_miner_interfaces/srv/detail/query_initial_robot_position__rosidl_typesupport_introspection_cpp.hpp
[15.529s] -- Symlinking: /home/parallels/CLionProjects/Homeworks/robotics_v1/install/robo_miner_interfaces/include/robo_miner_interfaces/srv/detail/robot_move__rosidl_typesupport_introspection_cpp.hpp
[15.536s] -- Symlinking: /home/parallels/CLionProjects/Homeworks/robotics_v1/install/robo_miner_interfaces/share/robo_miner_interfaces/environment/pythonpath.sh
[15.543s] -- Symlinking: /home/parallels/CLionProjects/Homeworks/robotics_v1/install/robo_miner_interfaces/share/robo_miner_interfaces/environment/pythonpath.dsv
[15.551s] -- Symlinking: /home/parallels/CLionProjects/Homeworks/robotics_v1/install/robo_miner_interfaces/lib/python3.8/site-packages/robo_miner_interfaces/__init__.py
[15.559s] -- Symlinking: /home/parallels/CLionProjects/Homeworks/robotics_v1/install/robo_miner_interfaces/lib/python3.8/site-packages/robo_miner_interfaces/msg/__init__.py
[15.575s] -- Symlinking: /home/parallels/CLionProjects/Homeworks/robotics_v1/install/robo_miner_interfaces/lib/python3.8/site-packages/robo_miner_interfaces/msg/_field_point.py
[15.589s] -- Symlinking: /home/parallels/CLionProjects/Homeworks/robotics_v1/install/robo_miner_interfaces/lib/python3.8/site-packages/robo_miner_interfaces/msg/_robot_move_type.py
[15.605s] -- Symlinking: /home/parallels/CLionProjects/Homeworks/robotics_v1/install/robo_miner_interfaces/lib/python3.8/site-packages/robo_miner_interfaces/msg/_robot_position_response.py
[15.613s] -- Symlinking: /home/parallels/CLionProjects/Homeworks/robotics_v1/install/robo_miner_interfaces/lib/python3.8/site-packages/robo_miner_interfaces/msg/_u_int8_multi_array.py
[15.620s] -- Symlinking: /home/parallels/CLionProjects/Homeworks/robotics_v1/install/robo_miner_interfaces/lib/python3.8/site-packages/robo_miner_interfaces/msg/_user_authenticate.py
[15.633s] -- Symlinking: /home/parallels/CLionProjects/Homeworks/robotics_v1/install/robo_miner_interfaces/lib/python3.8/site-packages/robo_miner_interfaces/srv/__init__.py
[15.640s] -- Symlinking: /home/parallels/CLionProjects/Homeworks/robotics_v1/install/robo_miner_interfaces/lib/python3.8/site-packages/robo_miner_interfaces/srv/_activate_mining_validate.py
[15.648s] -- Symlinking: /home/parallels/CLionProjects/Homeworks/robotics_v1/install/robo_miner_interfaces/lib/python3.8/site-packages/robo_miner_interfaces/srv/_field_map_validate.py
[15.655s] -- Symlinking: /home/parallels/CLionProjects/Homeworks/robotics_v1/install/robo_miner_interfaces/lib/python3.8/site-packages/robo_miner_interfaces/srv/_longest_sequence_validate.py
[15.662s] -- Symlinking: /home/parallels/CLionProjects/Homeworks/robotics_v1/install/robo_miner_interfaces/lib/python3.8/site-packages/robo_miner_interfaces/srv/_query_initial_robot_position.py
[15.670s] -- Symlinking: /home/parallels/CLionProjects/Homeworks/robotics_v1/install/robo_miner_interfaces/lib/python3.8/site-packages/robo_miner_interfaces/srv/_robot_move.py
[15.679s] -- Symlinking: /home/parallels/CLionProjects/Homeworks/robotics_v1/install/robo_miner_interfaces/lib/python3.8/site-packages/robo_miner_interfaces/robo_miner_interfaces_s__rosidl_typesupport_fastrtps_c.cpython-38-aarch64-linux-gnu.so
[15.687s] -- Symlinking: /home/parallels/CLionProjects/Homeworks/robotics_v1/install/robo_miner_interfaces/lib/python3.8/site-packages/robo_miner_interfaces/robo_miner_interfaces_s__rosidl_typesupport_introspection_c.cpython-38-aarch64-linux-gnu.so
[15.694s] -- Symlinking: /home/parallels/CLionProjects/Homeworks/robotics_v1/install/robo_miner_interfaces/lib/python3.8/site-packages/robo_miner_interfaces/robo_miner_interfaces_s__rosidl_typesupport_c.cpython-38-aarch64-linux-gnu.so
[15.701s] -- Symlinking: /home/parallels/CLionProjects/Homeworks/robotics_v1/install/robo_miner_interfaces/lib/librobo_miner_interfaces__python.so
[15.708s] -- Symlinking: /home/parallels/CLionProjects/Homeworks/robotics_v1/install/robo_miner_interfaces/share/robo_miner_interfaces/msg/FieldPoint.idl
[15.715s] -- Symlinking: /home/parallels/CLionProjects/Homeworks/robotics_v1/install/robo_miner_interfaces/share/robo_miner_interfaces/msg/RobotPositionResponse.idl
[15.723s] -- Symlinking: /home/parallels/CLionProjects/Homeworks/robotics_v1/install/robo_miner_interfaces/share/robo_miner_interfaces/msg/UInt8MultiArray.idl
[15.730s] -- Symlinking: /home/parallels/CLionProjects/Homeworks/robotics_v1/install/robo_miner_interfaces/share/robo_miner_interfaces/msg/RobotMoveType.idl
[15.738s] -- Symlinking: /home/parallels/CLionProjects/Homeworks/robotics_v1/install/robo_miner_interfaces/share/robo_miner_interfaces/msg/UserAuthenticate.idl
[15.747s] -- Symlinking: /home/parallels/CLionProjects/Homeworks/robotics_v1/install/robo_miner_interfaces/share/robo_miner_interfaces/srv/ActivateMiningValidate.idl
[15.755s] -- Symlinking: /home/parallels/CLionProjects/Homeworks/robotics_v1/install/robo_miner_interfaces/share/robo_miner_interfaces/srv/RobotMove.idl
[15.763s] -- Symlinking: /home/parallels/CLionProjects/Homeworks/robotics_v1/install/robo_miner_interfaces/share/robo_miner_interfaces/srv/LongestSequenceValidate.idl
[15.770s] -- Symlinking: /home/parallels/CLionProjects/Homeworks/robotics_v1/install/robo_miner_interfaces/share/robo_miner_interfaces/srv/FieldMapValidate.idl
[15.780s] -- Symlinking: /home/parallels/CLionProjects/Homeworks/robotics_v1/install/robo_miner_interfaces/share/robo_miner_interfaces/srv/QueryInitialRobotPosition.idl
[15.789s] -- Symlinking: /home/parallels/CLionProjects/Homeworks/robotics_v1/install/robo_miner_interfaces/share/robo_miner_interfaces/msg/FieldPoint.msg
[15.796s] -- Symlinking: /home/parallels/CLionProjects/Homeworks/robotics_v1/install/robo_miner_interfaces/share/robo_miner_interfaces/msg/RobotPositionResponse.msg
[15.803s] -- Symlinking: /home/parallels/CLionProjects/Homeworks/robotics_v1/install/robo_miner_interfaces/share/robo_miner_interfaces/msg/UInt8MultiArray.msg
[15.821s] -- Symlinking: /home/parallels/CLionProjects/Homeworks/robotics_v1/install/robo_miner_interfaces/share/robo_miner_interfaces/msg/RobotMoveType.msg
[15.841s] -- Symlinking: /home/parallels/CLionProjects/Homeworks/robotics_v1/install/robo_miner_interfaces/share/robo_miner_interfaces/msg/UserAuthenticate.msg
[15.848s] -- Symlinking: /home/parallels/CLionProjects/Homeworks/robotics_v1/install/robo_miner_interfaces/share/robo_miner_interfaces/srv/ActivateMiningValidate.srv
[15.868s] -- Symlinking: /home/parallels/CLionProjects/Homeworks/robotics_v1/install/robo_miner_interfaces/share/robo_miner_interfaces/srv/ActivateMiningValidate_Request.msg
[15.903s] -- Symlinking: /home/parallels/CLionProjects/Homeworks/robotics_v1/install/robo_miner_interfaces/share/robo_miner_interfaces/srv/ActivateMiningValidate_Response.msg
[15.923s] -- Symlinking: /home/parallels/CLionProjects/Homeworks/robotics_v1/install/robo_miner_interfaces/share/robo_miner_interfaces/srv/RobotMove.srv
[15.951s] -- Symlinking: /home/parallels/CLionProjects/Homeworks/robotics_v1/install/robo_miner_interfaces/share/robo_miner_interfaces/srv/RobotMove_Request.msg
[15.971s] -- Symlinking: /home/parallels/CLionProjects/Homeworks/robotics_v1/install/robo_miner_interfaces/share/robo_miner_interfaces/srv/RobotMove_Response.msg
[15.987s] -- Symlinking: /home/parallels/CLionProjects/Homeworks/robotics_v1/install/robo_miner_interfaces/share/robo_miner_interfaces/srv/LongestSequenceValidate.srv
[15.998s] -- Symlinking: /home/parallels/CLionProjects/Homeworks/robotics_v1/install/robo_miner_interfaces/share/robo_miner_interfaces/srv/LongestSequenceValidate_Request.msg
[16.019s] -- Symlinking: /home/parallels/CLionProjects/Homeworks/robotics_v1/install/robo_miner_interfaces/share/robo_miner_interfaces/srv/LongestSequenceValidate_Response.msg
[16.026s] -- Symlinking: /home/parallels/CLionProjects/Homeworks/robotics_v1/install/robo_miner_interfaces/share/robo_miner_interfaces/srv/FieldMapValidate.srv
[16.051s] -- Symlinking: /home/parallels/CLionProjects/Homeworks/robotics_v1/install/robo_miner_interfaces/share/robo_miner_interfaces/srv/FieldMapValidate_Request.msg
[16.079s] -- Symlinking: /home/parallels/CLionProjects/Homeworks/robotics_v1/install/robo_miner_interfaces/share/robo_miner_interfaces/srv/FieldMapValidate_Response.msg
[16.101s] -- Symlinking: /home/parallels/CLionProjects/Homeworks/robotics_v1/install/robo_miner_interfaces/share/robo_miner_interfaces/srv/QueryInitialRobotPosition.srv
[16.129s] -- Symlinking: /home/parallels/CLionProjects/Homeworks/robotics_v1/install/robo_miner_interfaces/share/robo_miner_interfaces/srv/QueryInitialRobotPosition_Request.msg
[16.153s] -- Symlinking: /home/parallels/CLionProjects/Homeworks/robotics_v1/install/robo_miner_interfaces/share/robo_miner_interfaces/srv/QueryInitialRobotPosition_Response.msg
[16.175s] -- Symlinking: /home/parallels/CLionProjects/Homeworks/robotics_v1/install/robo_miner_interfaces/share/ament_index/resource_index/package_run_dependencies/robo_miner_interfaces
[16.185s] -- Symlinking: /home/parallels/CLionProjects/Homeworks/robotics_v1/install/robo_miner_interfaces/share/ament_index/resource_index/parent_prefix_path/robo_miner_interfaces
[16.198s] -- Symlinking: /home/parallels/CLionProjects/Homeworks/robotics_v1/install/robo_miner_interfaces/share/robo_miner_interfaces/environment/ament_prefix_path.sh
[16.219s] -- Symlinking: /home/parallels/CLionProjects/Homeworks/robotics_v1/install/robo_miner_interfaces/share/robo_miner_interfaces/environment/ament_prefix_path.dsv
[16.247s] -- Symlinking: /home/parallels/CLionProjects/Homeworks/robotics_v1/install/robo_miner_interfaces/share/robo_miner_interfaces/environment/path.sh
[16.267s] -- Symlinking: /home/parallels/CLionProjects/Homeworks/robotics_v1/install/robo_miner_interfaces/share/robo_miner_interfaces/environment/path.dsv
[16.299s] -- Symlinking: /home/parallels/CLionProjects/Homeworks/robotics_v1/install/robo_miner_interfaces/share/robo_miner_interfaces/local_setup.bash
[16.306s] -- Symlinking: /home/parallels/CLionProjects/Homeworks/robotics_v1/install/robo_miner_interfaces/share/robo_miner_interfaces/local_setup.sh
[16.318s] -- Symlinking: /home/parallels/CLionProjects/Homeworks/robotics_v1/install/robo_miner_interfaces/share/robo_miner_interfaces/local_setup.zsh
[16.326s] -- Symlinking: /home/parallels/CLionProjects/Homeworks/robotics_v1/install/robo_miner_interfaces/share/robo_miner_interfaces/local_setup.dsv
[16.342s] -- Symlinking: /home/parallels/CLionProjects/Homeworks/robotics_v1/install/robo_miner_interfaces/share/robo_miner_interfaces/package.dsv
[16.360s] -- Symlinking: /home/parallels/CLionProjects/Homeworks/robotics_v1/install/robo_miner_interfaces/share/ament_index/resource_index/packages/robo_miner_interfaces
[16.385s] -- Symlinking: /home/parallels/CLionProjects/Homeworks/robotics_v1/install/robo_miner_interfaces/share/robo_miner_interfaces/cmake/rosidl_cmake-extras.cmake
[16.415s] -- Symlinking: /home/parallels/CLionProjects/Homeworks/robotics_v1/install/robo_miner_interfaces/share/robo_miner_interfaces/cmake/ament_cmake_export_dependencies-extras.cmake
[16.448s] -- Symlinking: /home/parallels/CLionProjects/Homeworks/robotics_v1/install/robo_miner_interfaces/share/robo_miner_interfaces/cmake/ament_cmake_export_libraries-extras.cmake
[16.479s] -- Symlinking: /home/parallels/CLionProjects/Homeworks/robotics_v1/install/robo_miner_interfaces/share/robo_miner_interfaces/cmake/ament_cmake_export_targets-extras.cmake
[16.501s] -- Symlinking: /home/parallels/CLionProjects/Homeworks/robotics_v1/install/robo_miner_interfaces/share/robo_miner_interfaces/cmake/ament_cmake_export_include_directories-extras.cmake
[16.522s] -- Symlinking: /home/parallels/CLionProjects/Homeworks/robotics_v1/install/robo_miner_interfaces/share/robo_miner_interfaces/cmake/rosidl_cmake_export_typesupport_libraries-extras.cmake
[16.543s] -- Symlinking: /home/parallels/CLionProjects/Homeworks/robotics_v1/install/robo_miner_interfaces/share/robo_miner_interfaces/cmake/rosidl_cmake_export_typesupport_targets-extras.cmake
[16.550s] -- Symlinking: /home/parallels/CLionProjects/Homeworks/robotics_v1/install/robo_miner_interfaces/share/robo_miner_interfaces/cmake/robo_miner_interfacesConfig.cmake
[16.557s] -- Symlinking: /home/parallels/CLionProjects/Homeworks/robotics_v1/install/robo_miner_interfaces/share/robo_miner_interfaces/cmake/robo_miner_interfacesConfig-version.cmake
[16.565s] -- Symlinking: /home/parallels/CLionProjects/Homeworks/robotics_v1/install/robo_miner_interfaces/share/robo_miner_interfaces/package.xml
[16.573s] -- Installing: /home/parallels/CLionProjects/Homeworks/robotics_v1/install/robo_miner_interfaces/lib/librobo_miner_interfaces__rosidl_generator_c.so
[16.573s] -- Set runtime path of "/home/parallels/CLionProjects/Homeworks/robotics_v1/install/robo_miner_interfaces/lib/librobo_miner_interfaces__rosidl_generator_c.so" to ""
[16.573s] -- Installing: /home/parallels/CLionProjects/Homeworks/robotics_v1/install/robo_miner_interfaces/lib/librobo_miner_interfaces__rosidl_typesupport_introspection_c.so
[16.573s] -- Set runtime path of "/home/parallels/CLionProjects/Homeworks/robotics_v1/install/robo_miner_interfaces/lib/librobo_miner_interfaces__rosidl_typesupport_introspection_c.so" to ""
[16.573s] -- Installing: /home/parallels/CLionProjects/Homeworks/robotics_v1/install/robo_miner_interfaces/lib/librobo_miner_interfaces__rosidl_typesupport_c.so
[16.573s] -- Set runtime path of "/home/parallels/CLionProjects/Homeworks/robotics_v1/install/robo_miner_interfaces/lib/librobo_miner_interfaces__rosidl_typesupport_c.so" to ""
[16.573s] -- Installing: /home/parallels/CLionProjects/Homeworks/robotics_v1/install/robo_miner_interfaces/lib/librobo_miner_interfaces__rosidl_typesupport_introspection_cpp.so
[16.573s] -- Set runtime path of "/home/parallels/CLionProjects/Homeworks/robotics_v1/install/robo_miner_interfaces/lib/librobo_miner_interfaces__rosidl_typesupport_introspection_cpp.so" to ""
[16.573s] -- Installing: /home/parallels/CLionProjects/Homeworks/robotics_v1/install/robo_miner_interfaces/lib/librobo_miner_interfaces__rosidl_typesupport_cpp.so
[16.573s] -- Set runtime path of "/home/parallels/CLionProjects/Homeworks/robotics_v1/install/robo_miner_interfaces/lib/librobo_miner_interfaces__rosidl_typesupport_cpp.so" to ""
[16.590s] Compiling '/home/parallels/CLionProjects/Homeworks/robotics_v1/install/robo_miner_interfaces/lib/python3.8/site-packages/robo_miner_interfaces/__init__.py'...
[16.596s] -- Installing: /home/parallels/CLionProjects/Homeworks/robotics_v1/install/robo_miner_interfaces/share/robo_miner_interfaces/cmake/robo_miner_interfaces__rosidl_generator_cExport.cmake
[16.596s] -- Installing: /home/parallels/CLionProjects/Homeworks/robotics_v1/install/robo_miner_interfaces/share/robo_miner_interfaces/cmake/robo_miner_interfaces__rosidl_generator_cExport-debug.cmake
[16.596s] -- Installing: /home/parallels/CLionProjects/Homeworks/robotics_v1/install/robo_miner_interfaces/share/robo_miner_interfaces/cmake/robo_miner_interfaces__rosidl_typesupport_introspection_cExport.cmake
[16.596s] -- Installing: /home/parallels/CLionProjects/Homeworks/robotics_v1/install/robo_miner_interfaces/share/robo_miner_interfaces/cmake/robo_miner_interfaces__rosidl_typesupport_introspection_cExport-debug.cmake
[16.596s] -- Installing: /home/parallels/CLionProjects/Homeworks/robotics_v1/install/robo_miner_interfaces/share/robo_miner_interfaces/cmake/robo_miner_interfaces__rosidl_typesupport_cExport.cmake
[16.596s] -- Installing: /home/parallels/CLionProjects/Homeworks/robotics_v1/install/robo_miner_interfaces/share/robo_miner_interfaces/cmake/robo_miner_interfaces__rosidl_typesupport_cExport-debug.cmake
[16.596s] -- Installing: /home/parallels/CLionProjects/Homeworks/robotics_v1/install/robo_miner_interfaces/share/robo_miner_interfaces/cmake/robo_miner_interfaces__rosidl_generator_cppExport.cmake
[16.596s] -- Installing: /home/parallels/CLionProjects/Homeworks/robotics_v1/install/robo_miner_interfaces/share/robo_miner_interfaces/cmake/robo_miner_interfaces__rosidl_typesupport_introspection_cppExport.cmake
[16.596s] -- Installing: /home/parallels/CLionProjects/Homeworks/robotics_v1/install/robo_miner_interfaces/share/robo_miner_interfaces/cmake/robo_miner_interfaces__rosidl_typesupport_introspection_cppExport-debug.cmake
[16.596s] -- Installing: /home/parallels/CLionProjects/Homeworks/robotics_v1/install/robo_miner_interfaces/share/robo_miner_interfaces/cmake/robo_miner_interfaces__rosidl_typesupport_cppExport.cmake
[16.596s] -- Installing: /home/parallels/CLionProjects/Homeworks/robotics_v1/install/robo_miner_interfaces/share/robo_miner_interfaces/cmake/robo_miner_interfaces__rosidl_typesupport_cppExport-debug.cmake
[16.606s] Invoked command in '/home/parallels/CLionProjects/Homeworks/robotics_v1/build/robo_miner_interfaces' returned '0': CMAKE_PREFIX_PATH=/opt/ros/foxy /usr/bin/cmake --install /home/parallels/CLionProjects/Homeworks/robotics_v1/build/robo_miner_interfaces
