[0.011s] Invoking command in '/home/parallels/CLionProjects/Homeworks/robotics_v1/build/ur_controllers': AMENT_PREFIX_PATH=/home/parallels/CLionProjects/Homeworks/robotics_v1/install/ur_dashboard_msgs:${AMENT_PREFIX_PATH} CMAKE_PREFIX_PATH=/home/parallels/CLionProjects/Homeworks/robotics_v1/install/ur_dashboard_msgs:/home/parallels/CLionProjects/Homeworks/robotics_v1/install/ur_client_library:/opt/ros/foxy LD_LIBRARY_PATH=/home/parallels/CLionProjects/Homeworks/robotics_v1/install/ur_dashboard_msgs/lib:/home/parallels/CLionProjects/Homeworks/robotics_v1/install/ur_client_library/lib:${LD_LIBRARY_PATH} PKG_CONFIG_PATH=/home/parallels/CLionProjects/Homeworks/robotics_v1/install/ur_client_library/lib/aarch64-linux-gnu/pkgconfig:/home/parallels/CLionProjects/Homeworks/robotics_v1/install/ur_client_library/lib/pkgconfig PYTHONPATH=/home/parallels/CLionProjects/Homeworks/robotics_v1/install/ur_dashboard_msgs/lib/python3.8/site-packages:${PYTHONPATH} /usr/bin/cmake /home/parallels/CLionProjects/Homeworks/robotics_v1/src/ur_driver/Universal_Robots_ROS2_Driver/ur_controllers -DCMAKE_BUILD_TYPE=Debug -DCMAKE_CXX_COMPILER=/usr/bin/clang++ -DAMENT_CMAKE_SYMLINK_INSTALL=1 -DCMAKE_INSTALL_PREFIX=/home/parallels/CLionProjects/Homeworks/robotics_v1/install/ur_controllers
[0.061s] -- The C compiler identification is GNU 9.4.0
[0.135s] -- The CXX compiler identification is Clang 10.0.0
[0.138s] -- Check for working C compiler: /usr/bin/cc
[0.194s] -- Check for working C compiler: /usr/bin/cc -- works
[0.196s] -- Detecting C compiler ABI info
[0.266s] -- Detecting C compiler ABI info - done
[0.268s] -- Detecting C compile features
[0.268s] -- Detecting C compile features - done
[0.270s] -- Check for working CXX compiler: /usr/bin/clang++
[0.359s] -- Check for working CXX compiler: /usr/bin/clang++ -- works
[0.360s] -- Detecting CXX compiler ABI info
[0.457s] -- Detecting CXX compiler ABI info - done
[0.457s] -- Detecting CXX compile features
[0.457s] -- Detecting CXX compile features - done
[0.459s] -- Found ament_cmake: 0.9.9 (/opt/ros/foxy/share/ament_cmake/cmake)
[0.477s] -- Found PythonInterp: /usr/bin/python3 (found suitable version "3.8.10", minimum required is "3") 
[0.477s] -- Using PYTHON_EXECUTABLE: /usr/bin/python3
[0.560s] -- Override CMake install command with custom implementation using symlinks instead of copying resources
[0.578s] -- Found control_msgs: 2.5.1 (/opt/ros/foxy/share/control_msgs/cmake)
[0.605s] -- Using all available rosidl_typesupport_c: rosidl_typesupport_fastrtps_c;rosidl_typesupport_introspection_c
[0.608s] -- Found rosidl_adapter: 1.2.1 (/opt/ros/foxy/share/rosidl_adapter/cmake)
[0.697s] -- Found OpenSSL: /usr/lib/aarch64-linux-gnu/libcrypto.so (found version "1.1.1f")  
[0.720s] -- Found FastRTPS: /opt/ros/foxy/include  
[0.773s] -- Using all available rosidl_typesupport_cpp: rosidl_typesupport_fastrtps_cpp;rosidl_typesupport_introspection_cpp
[1.107s] -- Found controller_interface: 0.10.1 (/opt/ros/foxy/share/controller_interface/cmake)
[1.205s] -- Found rmw_implementation_cmake: 1.0.3 (/opt/ros/foxy/share/rmw_implementation_cmake/cmake)
[1.206s] -- Using RMW implementation 'rmw_fastrtps_cpp' as default
[1.207s] -- Looking for pthread.h
[1.278s] -- Looking for pthread.h - found
[1.278s] -- Performing Test CMAKE_HAVE_LIBC_PTHREAD
[1.351s] -- Performing Test CMAKE_HAVE_LIBC_PTHREAD - Failed
[1.351s] -- Looking for pthread_create in pthreads
[1.406s] -- Looking for pthread_create in pthreads - not found
[1.406s] -- Looking for pthread_create in pthread
[1.472s] -- Looking for pthread_create in pthread - found
[1.473s] -- Found Threads: TRUE  
[1.682s] -- Found joint_trajectory_controller: 0.8.0 (/opt/ros/foxy/share/joint_trajectory_controller/cmake)
[1.775s] -- Found realtime_tools: 2.2.0 (/opt/ros/foxy/share/realtime_tools/cmake)
[1.812s] -- Found std_srvs: 2.0.5 (/opt/ros/foxy/share/std_srvs/cmake)
[1.822s] -- Found ur_dashboard_msgs: 0.0.0 (/home/parallels/CLionProjects/Homeworks/robotics_v1/install/ur_dashboard_msgs/share/ur_dashboard_msgs/cmake)
[1.874s] -- Found ur_msgs: 2.0.0 (/opt/ros/foxy/share/ur_msgs/cmake)
[2.164s] -- Configuring done
[2.209s] -- Generating done
[2.211s] -- Build files have been written to: /home/parallels/CLionProjects/Homeworks/robotics_v1/build/ur_controllers
[2.218s] Invoked command in '/home/parallels/CLionProjects/Homeworks/robotics_v1/build/ur_controllers' returned '0': AMENT_PREFIX_PATH=/home/parallels/CLionProjects/Homeworks/robotics_v1/install/ur_dashboard_msgs:${AMENT_PREFIX_PATH} CMAKE_PREFIX_PATH=/home/parallels/CLionProjects/Homeworks/robotics_v1/install/ur_dashboard_msgs:/home/parallels/CLionProjects/Homeworks/robotics_v1/install/ur_client_library:/opt/ros/foxy LD_LIBRARY_PATH=/home/parallels/CLionProjects/Homeworks/robotics_v1/install/ur_dashboard_msgs/lib:/home/parallels/CLionProjects/Homeworks/robotics_v1/install/ur_client_library/lib:${LD_LIBRARY_PATH} PKG_CONFIG_PATH=/home/parallels/CLionProjects/Homeworks/robotics_v1/install/ur_client_library/lib/aarch64-linux-gnu/pkgconfig:/home/parallels/CLionProjects/Homeworks/robotics_v1/install/ur_client_library/lib/pkgconfig PYTHONPATH=/home/parallels/CLionProjects/Homeworks/robotics_v1/install/ur_dashboard_msgs/lib/python3.8/site-packages:${PYTHONPATH} /usr/bin/cmake /home/parallels/CLionProjects/Homeworks/robotics_v1/src/ur_driver/Universal_Robots_ROS2_Driver/ur_controllers -DCMAKE_BUILD_TYPE=Debug -DCMAKE_CXX_COMPILER=/usr/bin/clang++ -DAMENT_CMAKE_SYMLINK_INSTALL=1 -DCMAKE_INSTALL_PREFIX=/home/parallels/CLionProjects/Homeworks/robotics_v1/install/ur_controllers
[2.219s] Invoking command in '/home/parallels/CLionProjects/Homeworks/robotics_v1/build/ur_controllers': AMENT_PREFIX_PATH=/home/parallels/CLionProjects/Homeworks/robotics_v1/install/ur_dashboard_msgs:${AMENT_PREFIX_PATH} CMAKE_PREFIX_PATH=/home/parallels/CLionProjects/Homeworks/robotics_v1/install/ur_dashboard_msgs:/home/parallels/CLionProjects/Homeworks/robotics_v1/install/ur_client_library:/opt/ros/foxy LD_LIBRARY_PATH=/home/parallels/CLionProjects/Homeworks/robotics_v1/install/ur_dashboard_msgs/lib:/home/parallels/CLionProjects/Homeworks/robotics_v1/install/ur_client_library/lib:${LD_LIBRARY_PATH} PKG_CONFIG_PATH=/home/parallels/CLionProjects/Homeworks/robotics_v1/install/ur_client_library/lib/aarch64-linux-gnu/pkgconfig:/home/parallels/CLionProjects/Homeworks/robotics_v1/install/ur_client_library/lib/pkgconfig PYTHONPATH=/home/parallels/CLionProjects/Homeworks/robotics_v1/install/ur_dashboard_msgs/lib/python3.8/site-packages:${PYTHONPATH} /usr/bin/cmake --build /home/parallels/CLionProjects/Homeworks/robotics_v1/build/ur_controllers -- -j4 -l4
[2.255s] [35m[1mScanning dependencies of target ur_controllers[0m
[2.344s] [ 20%] [32mBuilding CXX object CMakeFiles/ur_controllers.dir/src/scaled_joint_trajectory_controller.cpp.o[0m
[2.346s] [ 40%] [32mBuilding CXX object CMakeFiles/ur_controllers.dir/src/speed_scaling_state_broadcaster.cpp.o[0m
[2.358s] [ 60%] [32mBuilding CXX object CMakeFiles/ur_controllers.dir/src/force_torque_sensor_broadcaster.cpp.o[0m
[3.836s] [ 80%] [32mBuilding CXX object CMakeFiles/ur_controllers.dir/src/gpio_controller.cpp.o[0m
[5.543s] [100%] [32m[1mLinking CXX shared library libur_controllers.so[0m
[5.792s] [100%] Built target ur_controllers
[5.802s] Invoked command in '/home/parallels/CLionProjects/Homeworks/robotics_v1/build/ur_controllers' returned '0': AMENT_PREFIX_PATH=/home/parallels/CLionProjects/Homeworks/robotics_v1/install/ur_dashboard_msgs:${AMENT_PREFIX_PATH} CMAKE_PREFIX_PATH=/home/parallels/CLionProjects/Homeworks/robotics_v1/install/ur_dashboard_msgs:/home/parallels/CLionProjects/Homeworks/robotics_v1/install/ur_client_library:/opt/ros/foxy LD_LIBRARY_PATH=/home/parallels/CLionProjects/Homeworks/robotics_v1/install/ur_dashboard_msgs/lib:/home/parallels/CLionProjects/Homeworks/robotics_v1/install/ur_client_library/lib:${LD_LIBRARY_PATH} PKG_CONFIG_PATH=/home/parallels/CLionProjects/Homeworks/robotics_v1/install/ur_client_library/lib/aarch64-linux-gnu/pkgconfig:/home/parallels/CLionProjects/Homeworks/robotics_v1/install/ur_client_library/lib/pkgconfig PYTHONPATH=/home/parallels/CLionProjects/Homeworks/robotics_v1/install/ur_dashboard_msgs/lib/python3.8/site-packages:${PYTHONPATH} /usr/bin/cmake --build /home/parallels/CLionProjects/Homeworks/robotics_v1/build/ur_controllers -- -j4 -l4
[5.833s] Invoking command in '/home/parallels/CLionProjects/Homeworks/robotics_v1/build/ur_controllers': AMENT_PREFIX_PATH=/home/parallels/CLionProjects/Homeworks/robotics_v1/install/ur_dashboard_msgs:${AMENT_PREFIX_PATH} CMAKE_PREFIX_PATH=/home/parallels/CLionProjects/Homeworks/robotics_v1/install/ur_dashboard_msgs:/home/parallels/CLionProjects/Homeworks/robotics_v1/install/ur_client_library:/opt/ros/foxy LD_LIBRARY_PATH=/home/parallels/CLionProjects/Homeworks/robotics_v1/install/ur_dashboard_msgs/lib:/home/parallels/CLionProjects/Homeworks/robotics_v1/install/ur_client_library/lib:${LD_LIBRARY_PATH} PKG_CONFIG_PATH=/home/parallels/CLionProjects/Homeworks/robotics_v1/install/ur_client_library/lib/aarch64-linux-gnu/pkgconfig:/home/parallels/CLionProjects/Homeworks/robotics_v1/install/ur_client_library/lib/pkgconfig PYTHONPATH=/home/parallels/CLionProjects/Homeworks/robotics_v1/install/ur_dashboard_msgs/lib/python3.8/site-packages:${PYTHONPATH} /usr/bin/cmake --install /home/parallels/CLionProjects/Homeworks/robotics_v1/build/ur_controllers
[5.842s] -- Install configuration: "Debug"
[5.842s] -- Execute custom install script
[5.842s] -- Symlinking: /home/parallels/CLionProjects/Homeworks/robotics_v1/install/ur_controllers/share/ur_controllers//controller_plugins.xml
[5.849s] -- Symlinking: /home/parallels/CLionProjects/Homeworks/robotics_v1/install/ur_controllers/lib/libur_controllers.so
[5.859s] -- Symlinking: /home/parallels/CLionProjects/Homeworks/robotics_v1/install/ur_controllers/include/ur_controllers/force_torque_sensor_broadcaster.hpp
[5.866s] -- Symlinking: /home/parallels/CLionProjects/Homeworks/robotics_v1/install/ur_controllers/include/ur_controllers/gpio_controller.hpp
[5.873s] -- Symlinking: /home/parallels/CLionProjects/Homeworks/robotics_v1/install/ur_controllers/include/ur_controllers/scaled_joint_trajectory_controller.hpp
[5.880s] -- Symlinking: /home/parallels/CLionProjects/Homeworks/robotics_v1/install/ur_controllers/include/ur_controllers/speed_scaling_state_broadcaster.hpp
[5.887s] -- Up-to-date symlink: /home/parallels/CLionProjects/Homeworks/robotics_v1/install/ur_controllers/share/ur_controllers/controller_plugins.xml
[5.887s] -- Symlinking: /home/parallels/CLionProjects/Homeworks/robotics_v1/install/ur_controllers/share/ur_controllers/environment/library_path.sh
[5.894s] -- Symlinking: /home/parallels/CLionProjects/Homeworks/robotics_v1/install/ur_controllers/share/ur_controllers/environment/library_path.dsv
[5.901s] -- Symlinking: /home/parallels/CLionProjects/Homeworks/robotics_v1/install/ur_controllers/share/ament_index/resource_index/package_run_dependencies/ur_controllers
[5.908s] -- Symlinking: /home/parallels/CLionProjects/Homeworks/robotics_v1/install/ur_controllers/share/ament_index/resource_index/parent_prefix_path/ur_controllers
[5.915s] -- Symlinking: /home/parallels/CLionProjects/Homeworks/robotics_v1/install/ur_controllers/share/ur_controllers/environment/ament_prefix_path.sh
[5.923s] -- Symlinking: /home/parallels/CLionProjects/Homeworks/robotics_v1/install/ur_controllers/share/ur_controllers/environment/ament_prefix_path.dsv
[5.931s] -- Symlinking: /home/parallels/CLionProjects/Homeworks/robotics_v1/install/ur_controllers/share/ur_controllers/environment/path.sh
[5.938s] -- Symlinking: /home/parallels/CLionProjects/Homeworks/robotics_v1/install/ur_controllers/share/ur_controllers/environment/path.dsv
[5.945s] -- Symlinking: /home/parallels/CLionProjects/Homeworks/robotics_v1/install/ur_controllers/share/ur_controllers/local_setup.bash
[5.952s] -- Symlinking: /home/parallels/CLionProjects/Homeworks/robotics_v1/install/ur_controllers/share/ur_controllers/local_setup.sh
[5.959s] -- Symlinking: /home/parallels/CLionProjects/Homeworks/robotics_v1/install/ur_controllers/share/ur_controllers/local_setup.zsh
[5.966s] -- Symlinking: /home/parallels/CLionProjects/Homeworks/robotics_v1/install/ur_controllers/share/ur_controllers/local_setup.dsv
[5.972s] -- Symlinking: /home/parallels/CLionProjects/Homeworks/robotics_v1/install/ur_controllers/share/ur_controllers/package.dsv
[5.979s] -- Symlinking: /home/parallels/CLionProjects/Homeworks/robotics_v1/install/ur_controllers/share/ament_index/resource_index/packages/ur_controllers
[5.985s] -- Symlinking: /home/parallels/CLionProjects/Homeworks/robotics_v1/install/ur_controllers/share/ament_index/resource_index/controller_interface__pluginlib__plugin/ur_controllers
[5.991s] -- Symlinking: /home/parallels/CLionProjects/Homeworks/robotics_v1/install/ur_controllers/share/ur_controllers/cmake/ament_cmake_export_dependencies-extras.cmake
[5.998s] -- Symlinking: /home/parallels/CLionProjects/Homeworks/robotics_v1/install/ur_controllers/share/ur_controllers/cmake/ament_cmake_export_include_directories-extras.cmake
[6.005s] -- Symlinking: /home/parallels/CLionProjects/Homeworks/robotics_v1/install/ur_controllers/share/ur_controllers/cmake/ament_cmake_export_libraries-extras.cmake
[6.012s] -- Symlinking: /home/parallels/CLionProjects/Homeworks/robotics_v1/install/ur_controllers/share/ur_controllers/cmake/ur_controllersConfig.cmake
[6.019s] -- Symlinking: /home/parallels/CLionProjects/Homeworks/robotics_v1/install/ur_controllers/share/ur_controllers/cmake/ur_controllersConfig-version.cmake
[6.027s] -- Symlinking: /home/parallels/CLionProjects/Homeworks/robotics_v1/install/ur_controllers/share/ur_controllers/package.xml
[6.035s] Invoked command in '/home/parallels/CLionProjects/Homeworks/robotics_v1/build/ur_controllers' returned '0': AMENT_PREFIX_PATH=/home/parallels/CLionProjects/Homeworks/robotics_v1/install/ur_dashboard_msgs:${AMENT_PREFIX_PATH} CMAKE_PREFIX_PATH=/home/parallels/CLionProjects/Homeworks/robotics_v1/install/ur_dashboard_msgs:/home/parallels/CLionProjects/Homeworks/robotics_v1/install/ur_client_library:/opt/ros/foxy LD_LIBRARY_PATH=/home/parallels/CLionProjects/Homeworks/robotics_v1/install/ur_dashboard_msgs/lib:/home/parallels/CLionProjects/Homeworks/robotics_v1/install/ur_client_library/lib:${LD_LIBRARY_PATH} PKG_CONFIG_PATH=/home/parallels/CLionProjects/Homeworks/robotics_v1/install/ur_client_library/lib/aarch64-linux-gnu/pkgconfig:/home/parallels/CLionProjects/Homeworks/robotics_v1/install/ur_client_library/lib/pkgconfig PYTHONPATH=/home/parallels/CLionProjects/Homeworks/robotics_v1/install/ur_dashboard_msgs/lib/python3.8/site-packages:${PYTHONPATH} /usr/bin/cmake --install /home/parallels/CLionProjects/Homeworks/robotics_v1/build/ur_controllers
