[0.009s] Invoking command in '/home/parallels/CLionProjects/Homeworks/robotics_v1/build/sdl_utils': CMAKE_PREFIX_PATH=/home/parallels/CLionProjects/Homeworks/robotics_v1/install/resource_utils:/home/parallels/CLionProjects/Homeworks/robotics_v1/install/utils:/home/parallels/CLionProjects/Homeworks/robotics_v1/install/cmake_helpers:/opt/ros/foxy PKG_CONFIG_PATH=/home/parallels/CLionProjects/Homeworks/robotics_v1/install/resource_utils/lib/aarch64-linux-gnu/pkgconfig:/home/parallels/CLionProjects/Homeworks/robotics_v1/install/resource_utils/lib/pkgconfig:/home/parallels/CLionProjects/Homeworks/robotics_v1/install/utils/lib/aarch64-linux-gnu/pkgconfig:/home/parallels/CLionProjects/Homeworks/robotics_v1/install/utils/lib/pkgconfig:/home/parallels/CLionProjects/Homeworks/robotics_v1/install/cmake_helpers/lib/aarch64-linux-gnu/pkgconfig:/home/parallels/CLionProjects/Homeworks/robotics_v1/install/cmake_helpers/lib/pkgconfig /usr/bin/cmake /home/parallels/CLionProjects/Homeworks/robotics_v1/src/lib/sdl_utils -DCMAKE_BUILD_TYPE=Debug -DCMAKE_CXX_COMPILER=/usr/bin/clang++ -DCMAKE_INSTALL_PREFIX=/home/parallels/CLionProjects/Homeworks/robotics_v1/install/sdl_utils
[0.093s] -- The CXX compiler identification is Clang 10.0.0
[0.100s] -- Check for working CXX compiler: /usr/bin/clang++
[0.198s] -- Check for working CXX compiler: /usr/bin/clang++ -- works
[0.198s] -- Detecting CXX compiler ABI info
[0.291s] -- Detecting CXX compiler ABI info - done
[0.298s] -- Detecting CXX compile features
[0.299s] -- Detecting CXX compile features - done
[0.299s] -- Found cmake_helpers: 1.0.0 (/home/parallels/CLionProjects/Homeworks/robotics_v1/install/cmake_helpers/share/cmake_helpers/cmake)
[0.301s] -- Looking for C++ include pthread.h
[0.389s] -- Looking for C++ include pthread.h - found
[0.389s] -- Performing Test CMAKE_HAVE_LIBC_PTHREAD
[0.480s] -- Performing Test CMAKE_HAVE_LIBC_PTHREAD - Failed
[0.481s] -- Looking for pthread_create in pthreads
[0.553s] -- Looking for pthread_create in pthreads - not found
[0.553s] -- Looking for pthread_create in pthread
[0.646s] -- Looking for pthread_create in pthread - found
[0.646s] -- Found Threads: TRUE  
[0.657s] -- Found SDL2: /usr/lib/aarch64-linux-gnu/libSDL2main.a;/usr/lib/aarch64-linux-gnu/libSDL2.so;-lpthread  
[0.660s] -- Found SDL2_IMAGE: /usr/lib/aarch64-linux-gnu/libSDL2_image.so  
[0.661s] -- Found SDL2_TTF: /usr/lib/aarch64-linux-gnu/libSDL2_ttf.so  
[0.663s] -- Found SDL2_MIXER: /usr/lib/aarch64-linux-gnu/libSDL2_mixer.so  
[0.664s] -- Found ament_cmake: 0.9.9 (/opt/ros/foxy/share/ament_cmake/cmake)
[0.686s] -- Found PythonInterp: /usr/bin/python3 (found suitable version "3.8.10", minimum required is "3") 
[0.687s] -- Using PYTHON_EXECUTABLE: /usr/bin/python3
[0.867s] -- Configuring done
[0.875s] -- Generating done
[0.876s] -- Build files have been written to: /home/parallels/CLionProjects/Homeworks/robotics_v1/build/sdl_utils
[0.880s] Invoked command in '/home/parallels/CLionProjects/Homeworks/robotics_v1/build/sdl_utils' returned '0': CMAKE_PREFIX_PATH=/home/parallels/CLionProjects/Homeworks/robotics_v1/install/resource_utils:/home/parallels/CLionProjects/Homeworks/robotics_v1/install/utils:/home/parallels/CLionProjects/Homeworks/robotics_v1/install/cmake_helpers:/opt/ros/foxy PKG_CONFIG_PATH=/home/parallels/CLionProjects/Homeworks/robotics_v1/install/resource_utils/lib/aarch64-linux-gnu/pkgconfig:/home/parallels/CLionProjects/Homeworks/robotics_v1/install/resource_utils/lib/pkgconfig:/home/parallels/CLionProjects/Homeworks/robotics_v1/install/utils/lib/aarch64-linux-gnu/pkgconfig:/home/parallels/CLionProjects/Homeworks/robotics_v1/install/utils/lib/pkgconfig:/home/parallels/CLionProjects/Homeworks/robotics_v1/install/cmake_helpers/lib/aarch64-linux-gnu/pkgconfig:/home/parallels/CLionProjects/Homeworks/robotics_v1/install/cmake_helpers/lib/pkgconfig /usr/bin/cmake /home/parallels/CLionProjects/Homeworks/robotics_v1/src/lib/sdl_utils -DCMAKE_BUILD_TYPE=Debug -DCMAKE_CXX_COMPILER=/usr/bin/clang++ -DCMAKE_INSTALL_PREFIX=/home/parallels/CLionProjects/Homeworks/robotics_v1/install/sdl_utils
[0.881s] Invoking command in '/home/parallels/CLionProjects/Homeworks/robotics_v1/build/sdl_utils': CMAKE_PREFIX_PATH=/home/parallels/CLionProjects/Homeworks/robotics_v1/install/resource_utils:/home/parallels/CLionProjects/Homeworks/robotics_v1/install/utils:/home/parallels/CLionProjects/Homeworks/robotics_v1/install/cmake_helpers:/opt/ros/foxy PKG_CONFIG_PATH=/home/parallels/CLionProjects/Homeworks/robotics_v1/install/resource_utils/lib/aarch64-linux-gnu/pkgconfig:/home/parallels/CLionProjects/Homeworks/robotics_v1/install/resource_utils/lib/pkgconfig:/home/parallels/CLionProjects/Homeworks/robotics_v1/install/utils/lib/aarch64-linux-gnu/pkgconfig:/home/parallels/CLionProjects/Homeworks/robotics_v1/install/utils/lib/pkgconfig:/home/parallels/CLionProjects/Homeworks/robotics_v1/install/cmake_helpers/lib/aarch64-linux-gnu/pkgconfig:/home/parallels/CLionProjects/Homeworks/robotics_v1/install/cmake_helpers/lib/pkgconfig /usr/bin/cmake --build /home/parallels/CLionProjects/Homeworks/robotics_v1/build/sdl_utils -- -j4 -l4
[0.995s] [35m[1mScanning dependencies of target sdl_utils[0m
[1.066s] [  5%] [32mBuilding CXX object CMakeFiles/sdl_utils.dir/src/containers/ResourceContainer.cpp.o[0m
[1.081s] [ 10%] [32mBuilding CXX object CMakeFiles/sdl_utils.dir/src/containers/FontContainer.cpp.o[0m
[1.094s] [ 15%] [32mBuilding CXX object CMakeFiles/sdl_utils.dir/src/containers/SDLContainers.cpp.o[0m
[1.102s] [ 20%] [32mBuilding CXX object CMakeFiles/sdl_utils.dir/src/containers/SoundContainer.cpp.o[0m
[2.074s] [ 25%] [32mBuilding CXX object CMakeFiles/sdl_utils.dir/src/containers/FboContainer.cpp.o[0m
[2.458s] [ 30%] [32mBuilding CXX object CMakeFiles/sdl_utils.dir/src/containers/TextContainer.cpp.o[0m
[2.612s] [ 35%] [32mBuilding CXX object CMakeFiles/sdl_utils.dir/src/drawing/defines/MonitorDefines.cpp.o[0m
[2.738s] [ 40%] [32mBuilding CXX object CMakeFiles/sdl_utils.dir/src/drawing/DrawParams.cpp.o[0m
[2.754s] [ 45%] [32mBuilding CXX object CMakeFiles/sdl_utils.dir/src/drawing/GeometryUtils.cpp.o[0m
[2.837s] [ 50%] [32mBuilding CXX object CMakeFiles/sdl_utils.dir/src/drawing/LoadingScreen.cpp.o[0m
[2.862s] [ 55%] [32mBuilding CXX object CMakeFiles/sdl_utils.dir/src/drawing/MonitorWindow.cpp.o[0m
[3.028s] [ 60%] [32mBuilding CXX object CMakeFiles/sdl_utils.dir/src/drawing/Renderer.cpp.o[0m
[3.077s] [ 65%] [32mBuilding CXX object CMakeFiles/sdl_utils.dir/src/drawing/RendererState.cpp.o[0m
[3.254s] [ 70%] [32mBuilding CXX object CMakeFiles/sdl_utils.dir/src/drawing/Texture.cpp.o[0m
[3.329s] [ 75%] [32mBuilding CXX object CMakeFiles/sdl_utils.dir/src/input/InputEvent.cpp.o[0m
[3.362s] [ 80%] [32mBuilding CXX object CMakeFiles/sdl_utils.dir/src/input/InputEventGenerator.cpp.o[0m
[3.422s] [ 85%] [32mBuilding CXX object CMakeFiles/sdl_utils.dir/src/input/MouseUtils.cpp.o[0m
[3.565s] [ 90%] [32mBuilding CXX object CMakeFiles/sdl_utils.dir/src/sound/SoundMixer.cpp.o[0m
[3.718s] [ 95%] [32mBuilding CXX object CMakeFiles/sdl_utils.dir/src/SDLLoader.cpp.o[0m
[4.018s] [100%] [32m[1mLinking CXX static library libsdl_utils.a[0m
[4.144s] [100%] Built target sdl_utils
[4.163s] Invoked command in '/home/parallels/CLionProjects/Homeworks/robotics_v1/build/sdl_utils' returned '0': CMAKE_PREFIX_PATH=/home/parallels/CLionProjects/Homeworks/robotics_v1/install/resource_utils:/home/parallels/CLionProjects/Homeworks/robotics_v1/install/utils:/home/parallels/CLionProjects/Homeworks/robotics_v1/install/cmake_helpers:/opt/ros/foxy PKG_CONFIG_PATH=/home/parallels/CLionProjects/Homeworks/robotics_v1/install/resource_utils/lib/aarch64-linux-gnu/pkgconfig:/home/parallels/CLionProjects/Homeworks/robotics_v1/install/resource_utils/lib/pkgconfig:/home/parallels/CLionProjects/Homeworks/robotics_v1/install/utils/lib/aarch64-linux-gnu/pkgconfig:/home/parallels/CLionProjects/Homeworks/robotics_v1/install/utils/lib/pkgconfig:/home/parallels/CLionProjects/Homeworks/robotics_v1/install/cmake_helpers/lib/aarch64-linux-gnu/pkgconfig:/home/parallels/CLionProjects/Homeworks/robotics_v1/install/cmake_helpers/lib/pkgconfig /usr/bin/cmake --build /home/parallels/CLionProjects/Homeworks/robotics_v1/build/sdl_utils -- -j4 -l4
[4.633s] Invoking command in '/home/parallels/CLionProjects/Homeworks/robotics_v1/build/sdl_utils': CMAKE_PREFIX_PATH=/home/parallels/CLionProjects/Homeworks/robotics_v1/install/resource_utils:/home/parallels/CLionProjects/Homeworks/robotics_v1/install/utils:/home/parallels/CLionProjects/Homeworks/robotics_v1/install/cmake_helpers:/opt/ros/foxy PKG_CONFIG_PATH=/home/parallels/CLionProjects/Homeworks/robotics_v1/install/resource_utils/lib/aarch64-linux-gnu/pkgconfig:/home/parallels/CLionProjects/Homeworks/robotics_v1/install/resource_utils/lib/pkgconfig:/home/parallels/CLionProjects/Homeworks/robotics_v1/install/utils/lib/aarch64-linux-gnu/pkgconfig:/home/parallels/CLionProjects/Homeworks/robotics_v1/install/utils/lib/pkgconfig:/home/parallels/CLionProjects/Homeworks/robotics_v1/install/cmake_helpers/lib/aarch64-linux-gnu/pkgconfig:/home/parallels/CLionProjects/Homeworks/robotics_v1/install/cmake_helpers/lib/pkgconfig /usr/bin/cmake --install /home/parallels/CLionProjects/Homeworks/robotics_v1/build/sdl_utils
[4.655s] -- Install configuration: "Debug"
[4.655s] -- Installing: /home/parallels/CLionProjects/Homeworks/robotics_v1/install/sdl_utils/share/sdl_utils/package.xml
[4.656s] -- Installing: /home/parallels/CLionProjects/Homeworks/robotics_v1/install/sdl_utils/lib/sdl_utils/libsdl_utils.a
[4.662s] -- Installing: /home/parallels/CLionProjects/Homeworks/robotics_v1/install/sdl_utils/share/ament_index/resource_index/packages/sdl_utils
[4.662s] -- Installing: /home/parallels/CLionProjects/Homeworks/robotics_v1/install/sdl_utils/share/sdl_utils/hook/ament_prefix_path.dsv
[4.663s] -- Installing: /home/parallels/CLionProjects/Homeworks/robotics_v1/install/sdl_utils/share/sdl_utils/hook/ros_package_path.dsv
[4.663s] -- Installing: /home/parallels/CLionProjects/Homeworks/robotics_v1/install/sdl_utils/share/ament_index/resource_index/package_run_dependencies/sdl_utils
[4.663s] -- Installing: /home/parallels/CLionProjects/Homeworks/robotics_v1/install/sdl_utils/share/ament_index/resource_index/parent_prefix_path/sdl_utils
[4.663s] -- Installing: /home/parallels/CLionProjects/Homeworks/robotics_v1/install/sdl_utils/share/sdl_utils/environment/ament_prefix_path.sh
[4.663s] -- Installing: /home/parallels/CLionProjects/Homeworks/robotics_v1/install/sdl_utils/share/sdl_utils/environment/ament_prefix_path.dsv
[4.663s] -- Installing: /home/parallels/CLionProjects/Homeworks/robotics_v1/install/sdl_utils/share/sdl_utils/environment/path.sh
[4.663s] -- Installing: /home/parallels/CLionProjects/Homeworks/robotics_v1/install/sdl_utils/share/sdl_utils/environment/path.dsv
[4.663s] -- Installing: /home/parallels/CLionProjects/Homeworks/robotics_v1/install/sdl_utils/share/sdl_utils/local_setup.bash
[4.663s] -- Installing: /home/parallels/CLionProjects/Homeworks/robotics_v1/install/sdl_utils/share/sdl_utils/local_setup.sh
[4.663s] -- Installing: /home/parallels/CLionProjects/Homeworks/robotics_v1/install/sdl_utils/share/sdl_utils/local_setup.zsh
[4.663s] -- Installing: /home/parallels/CLionProjects/Homeworks/robotics_v1/install/sdl_utils/share/sdl_utils/local_setup.dsv
[4.663s] -- Installing: /home/parallels/CLionProjects/Homeworks/robotics_v1/install/sdl_utils/share/sdl_utils/package.dsv
[4.663s] -- Up-to-date: /home/parallels/CLionProjects/Homeworks/robotics_v1/install/sdl_utils/share/ament_index/resource_index/packages/sdl_utils
[4.664s] -- Installing: /home/parallels/CLionProjects/Homeworks/robotics_v1/install/sdl_utils/share/sdl_utils/cmake/sdl_utilsConfig.cmake
[4.664s] -- Installing: /home/parallels/CLionProjects/Homeworks/robotics_v1/install/sdl_utils/share/sdl_utils/cmake/sdl_utilsConfig-version.cmake
[4.664s] -- Up-to-date: /home/parallels/CLionProjects/Homeworks/robotics_v1/install/sdl_utils/share/sdl_utils/package.xml
[4.664s] -- Installing: /home/parallels/CLionProjects/Homeworks/robotics_v1/install/sdl_utils/lib/libsdl_utils.a
[4.674s] -- Installing: /home/parallels/CLionProjects/Homeworks/robotics_v1/install/sdl_utils/include
[4.674s] -- Installing: /home/parallels/CLionProjects/Homeworks/robotics_v1/install/sdl_utils/include/sdl_utils
[4.674s] -- Installing: /home/parallels/CLionProjects/Homeworks/robotics_v1/install/sdl_utils/include/sdl_utils/SDLLoader.h
[4.674s] -- Installing: /home/parallels/CLionProjects/Homeworks/robotics_v1/install/sdl_utils/include/sdl_utils/containers
[4.674s] -- Installing: /home/parallels/CLionProjects/Homeworks/robotics_v1/install/sdl_utils/include/sdl_utils/containers/FontContainer.h
[4.674s] -- Installing: /home/parallels/CLionProjects/Homeworks/robotics_v1/install/sdl_utils/include/sdl_utils/containers/SDLContainers.h
[4.674s] -- Installing: /home/parallels/CLionProjects/Homeworks/robotics_v1/install/sdl_utils/include/sdl_utils/containers/ResourceContainer.h
[4.674s] -- Installing: /home/parallels/CLionProjects/Homeworks/robotics_v1/install/sdl_utils/include/sdl_utils/containers/FboContainer.h
[4.674s] -- Installing: /home/parallels/CLionProjects/Homeworks/robotics_v1/install/sdl_utils/include/sdl_utils/containers/SoundContainer.h
[4.674s] -- Installing: /home/parallels/CLionProjects/Homeworks/robotics_v1/install/sdl_utils/include/sdl_utils/containers/TextContainer.h
[4.674s] -- Installing: /home/parallels/CLionProjects/Homeworks/robotics_v1/install/sdl_utils/include/sdl_utils/containers/config
[4.674s] -- Installing: /home/parallels/CLionProjects/Homeworks/robotics_v1/install/sdl_utils/include/sdl_utils/containers/config/SDLContainersConfig.h
[4.674s] -- Installing: /home/parallels/CLionProjects/Homeworks/robotics_v1/install/sdl_utils/include/sdl_utils/drawing
[4.674s] -- Installing: /home/parallels/CLionProjects/Homeworks/robotics_v1/install/sdl_utils/include/sdl_utils/drawing/DrawParams.h
[4.674s] -- Installing: /home/parallels/CLionProjects/Homeworks/robotics_v1/install/sdl_utils/include/sdl_utils/drawing/Renderer.h
[4.674s] -- Installing: /home/parallels/CLionProjects/Homeworks/robotics_v1/install/sdl_utils/include/sdl_utils/drawing/RendererState.h
[4.674s] -- Installing: /home/parallels/CLionProjects/Homeworks/robotics_v1/install/sdl_utils/include/sdl_utils/drawing/Texture.h
[4.675s] -- Installing: /home/parallels/CLionProjects/Homeworks/robotics_v1/install/sdl_utils/include/sdl_utils/drawing/defines
[4.675s] -- Installing: /home/parallels/CLionProjects/Homeworks/robotics_v1/install/sdl_utils/include/sdl_utils/drawing/defines/DrawUtilityDefines.h
[4.675s] -- Installing: /home/parallels/CLionProjects/Homeworks/robotics_v1/install/sdl_utils/include/sdl_utils/drawing/defines/DrawConstants.h
[4.675s] -- Installing: /home/parallels/CLionProjects/Homeworks/robotics_v1/install/sdl_utils/include/sdl_utils/drawing/defines/RendererDefines.h
[4.675s] -- Installing: /home/parallels/CLionProjects/Homeworks/robotics_v1/install/sdl_utils/include/sdl_utils/drawing/defines/MonitorDefines.h
[4.675s] -- Installing: /home/parallels/CLionProjects/Homeworks/robotics_v1/install/sdl_utils/include/sdl_utils/drawing/LoadingScreen.h
[4.675s] -- Installing: /home/parallels/CLionProjects/Homeworks/robotics_v1/install/sdl_utils/include/sdl_utils/drawing/GeometryUtils.h
[4.675s] -- Installing: /home/parallels/CLionProjects/Homeworks/robotics_v1/install/sdl_utils/include/sdl_utils/drawing/MonitorWindow.h
[4.675s] -- Installing: /home/parallels/CLionProjects/Homeworks/robotics_v1/install/sdl_utils/include/sdl_utils/drawing/config
[4.675s] -- Installing: /home/parallels/CLionProjects/Homeworks/robotics_v1/install/sdl_utils/include/sdl_utils/drawing/config/RendererConfig.h
[4.675s] -- Installing: /home/parallels/CLionProjects/Homeworks/robotics_v1/install/sdl_utils/include/sdl_utils/drawing/config/LoadingScreenConfig.h
[4.675s] -- Installing: /home/parallels/CLionProjects/Homeworks/robotics_v1/install/sdl_utils/include/sdl_utils/drawing/config/MonitorWindowConfig.h
[4.675s] -- Installing: /home/parallels/CLionProjects/Homeworks/robotics_v1/install/sdl_utils/include/sdl_utils/sound
[4.675s] -- Installing: /home/parallels/CLionProjects/Homeworks/robotics_v1/install/sdl_utils/include/sdl_utils/sound/SoundMixer.h
[4.675s] -- Installing: /home/parallels/CLionProjects/Homeworks/robotics_v1/install/sdl_utils/include/sdl_utils/sound/defines
[4.675s] -- Installing: /home/parallels/CLionProjects/Homeworks/robotics_v1/install/sdl_utils/include/sdl_utils/sound/defines/SoundMixerDefines.h
[4.675s] -- Installing: /home/parallels/CLionProjects/Homeworks/robotics_v1/install/sdl_utils/include/sdl_utils/input
[4.675s] -- Installing: /home/parallels/CLionProjects/Homeworks/robotics_v1/install/sdl_utils/include/sdl_utils/input/TouchEntity.h
[4.675s] -- Installing: /home/parallels/CLionProjects/Homeworks/robotics_v1/install/sdl_utils/include/sdl_utils/input/TouchEntityInterface.h
[4.675s] -- Installing: /home/parallels/CLionProjects/Homeworks/robotics_v1/install/sdl_utils/include/sdl_utils/input/InputEventGenerator.h
[4.675s] -- Installing: /home/parallels/CLionProjects/Homeworks/robotics_v1/install/sdl_utils/include/sdl_utils/input/defines
[4.675s] -- Installing: /home/parallels/CLionProjects/Homeworks/robotics_v1/install/sdl_utils/include/sdl_utils/input/defines/EventDefines.h
[4.676s] -- Installing: /home/parallels/CLionProjects/Homeworks/robotics_v1/install/sdl_utils/include/sdl_utils/input/InputEvent.h
[4.676s] -- Installing: /home/parallels/CLionProjects/Homeworks/robotics_v1/install/sdl_utils/include/sdl_utils/input/MouseUtils.h
[4.676s] -- Installing: /home/parallels/CLionProjects/Homeworks/robotics_v1/install/sdl_utils/lib/cmake/sdl_utils/sdl_utilsTargets.cmake
[4.676s] -- Installing: /home/parallels/CLionProjects/Homeworks/robotics_v1/install/sdl_utils/lib/cmake/sdl_utils/sdl_utilsTargets-debug.cmake
[4.676s] -- Installing: /home/parallels/CLionProjects/Homeworks/robotics_v1/install/sdl_utils/lib/cmake/sdl_utils/sdl_utilsConfig.cmake
[4.679s] Invoked command in '/home/parallels/CLionProjects/Homeworks/robotics_v1/build/sdl_utils' returned '0': CMAKE_PREFIX_PATH=/home/parallels/CLionProjects/Homeworks/robotics_v1/install/resource_utils:/home/parallels/CLionProjects/Homeworks/robotics_v1/install/utils:/home/parallels/CLionProjects/Homeworks/robotics_v1/install/cmake_helpers:/opt/ros/foxy PKG_CONFIG_PATH=/home/parallels/CLionProjects/Homeworks/robotics_v1/install/resource_utils/lib/aarch64-linux-gnu/pkgconfig:/home/parallels/CLionProjects/Homeworks/robotics_v1/install/resource_utils/lib/pkgconfig:/home/parallels/CLionProjects/Homeworks/robotics_v1/install/utils/lib/aarch64-linux-gnu/pkgconfig:/home/parallels/CLionProjects/Homeworks/robotics_v1/install/utils/lib/pkgconfig:/home/parallels/CLionProjects/Homeworks/robotics_v1/install/cmake_helpers/lib/aarch64-linux-gnu/pkgconfig:/home/parallels/CLionProjects/Homeworks/robotics_v1/install/cmake_helpers/lib/pkgconfig /usr/bin/cmake --install /home/parallels/CLionProjects/Homeworks/robotics_v1/build/sdl_utils
