[100%] Built target robo_miner_common
-- Install configuration: "RelWithDebInfo"
-- Execute custom install script
-- Up-to-date symlink: /home/parallels/CLionProjects/Homeworks/robotics_v1/install/robo_miner_common/share/robo_miner_common/package.xml
-- Up-to-date symlink: /home/parallels/CLionProjects/Homeworks/robotics_v1/install/robo_miner_common/lib/robo_miner_common/librobo_miner_common.a
-- Symlinking: /home/parallels/CLionProjects/Homeworks/robotics_v1/install/robo_miner_common/share/ament_index/resource_index/packages/robo_miner_common
-- Up-to-date symlink: /home/parallels/CLionProjects/Homeworks/robotics_v1/install/robo_miner_common/share/robo_miner_common/hook/ament_prefix_path.dsv
-- Up-to-date symlink: /home/parallels/CLionProjects/Homeworks/robotics_v1/install/robo_miner_common/share/robo_miner_common/hook/ros_package_path.dsv
-- Up-to-date symlink: /home/parallels/CLionProjects/Homeworks/robotics_v1/install/robo_miner_common/share/ament_index/resource_index/package_run_dependencies/robo_miner_common
-- Up-to-date symlink: /home/parallels/CLionProjects/Homeworks/robotics_v1/install/robo_miner_common/share/ament_index/resource_index/parent_prefix_path/robo_miner_common
-- Up-to-date symlink: /home/parallels/CLionProjects/Homeworks/robotics_v1/install/robo_miner_common/share/robo_miner_common/environment/ament_prefix_path.sh
-- Up-to-date symlink: /home/parallels/CLionProjects/Homeworks/robotics_v1/install/robo_miner_common/share/robo_miner_common/environment/ament_prefix_path.dsv
-- Up-to-date symlink: /home/parallels/CLionProjects/Homeworks/robotics_v1/install/robo_miner_common/share/robo_miner_common/environment/path.sh
-- Up-to-date symlink: /home/parallels/CLionProjects/Homeworks/robotics_v1/install/robo_miner_common/share/robo_miner_common/environment/path.dsv
-- Up-to-date symlink: /home/parallels/CLionProjects/Homeworks/robotics_v1/install/robo_miner_common/share/robo_miner_common/local_setup.bash
-- Up-to-date symlink: /home/parallels/CLionProjects/Homeworks/robotics_v1/install/robo_miner_common/share/robo_miner_common/local_setup.sh
-- Up-to-date symlink: /home/parallels/CLionProjects/Homeworks/robotics_v1/install/robo_miner_common/share/robo_miner_common/local_setup.zsh
-- Up-to-date symlink: /home/parallels/CLionProjects/Homeworks/robotics_v1/install/robo_miner_common/share/robo_miner_common/local_setup.dsv
-- Symlinking: /home/parallels/CLionProjects/Homeworks/robotics_v1/install/robo_miner_common/share/robo_miner_common/package.dsv
-- Symlinking: /home/parallels/CLionProjects/Homeworks/robotics_v1/install/robo_miner_common/share/ament_index/resource_index/packages/robo_miner_common
-- Up-to-date symlink: /home/parallels/CLionProjects/Homeworks/robotics_v1/install/robo_miner_common/share/robo_miner_common/cmake/robo_miner_commonConfig.cmake
-- Up-to-date symlink: /home/parallels/CLionProjects/Homeworks/robotics_v1/install/robo_miner_common/share/robo_miner_common/cmake/robo_miner_commonConfig-version.cmake
-- Up-to-date symlink: /home/parallels/CLionProjects/Homeworks/robotics_v1/install/robo_miner_common/share/robo_miner_common/package.xml
-- Up-to-date symlink: /home/parallels/CLionProjects/Homeworks/robotics_v1/install/robo_miner_common/include/robo_miner_common/defines/RoboMinerTopics.h
-- Up-to-date symlink: /home/parallels/CLionProjects/Homeworks/robotics_v1/install/robo_miner_common/include/robo_miner_common/message_helpers/RoboMinerMessageHelpers.h
-- Up-to-date symlink: /home/parallels/CLionProjects/Homeworks/robotics_v1/install/robo_miner_common/lib/cmake/robo_miner_common/robo_miner_commonConfig.cmake
-- Up-to-date: /home/parallels/CLionProjects/Homeworks/robotics_v1/install/robo_miner_common/lib/librobo_miner_common.a
-- Up-to-date: /home/parallels/CLionProjects/Homeworks/robotics_v1/install/robo_miner_common/lib/cmake/robo_miner_common/robo_miner_commonTargets.cmake
-- Up-to-date: /home/parallels/CLionProjects/Homeworks/robotics_v1/install/robo_miner_common/lib/cmake/robo_miner_common/robo_miner_commonTargets-relwithdebinfo.cmake
