[0.026s] Invoking command in '/home/parallels/CLionProjects/Homeworks/robotics_v1/build/ur_client_library': CMAKE_PREFIX_PATH=/opt/ros/foxy /usr/bin/cmake /home/parallels/CLionProjects/Homeworks/robotics_v1/src/ur_driver/Universal_Robots_Client_Library -DCMAKE_BUILD_TYPE=Debug -DCMAKE_CXX_COMPILER=/usr/bin/clang++ -DCMAKE_INSTALL_PREFIX=/home/parallels/CLionProjects/Homeworks/robotics_v1/install/ur_client_library
[0.081s] -- The C compiler identification is GNU 9.4.0
[0.157s] -- The CXX compiler identification is Clang 10.0.0
[0.162s] -- Check for working C compiler: /usr/bin/cc
[0.220s] -- Check for working C compiler: /usr/bin/cc -- works
[0.221s] -- Detecting C compiler ABI info
[0.283s] -- Detecting C compiler ABI info - done
[0.292s] -- Detecting C compile features
[0.292s] -- Detecting C compile features - done
[0.295s] -- Check for working CXX compiler: /usr/bin/clang++
[0.385s] -- Check for working CXX compiler: /usr/bin/clang++ -- works
[0.385s] -- Detecting CXX compiler ABI info
[0.479s] -- Detecting CXX compiler ABI info - done
[0.487s] -- Detecting CXX compile features
[0.488s] -- Detecting CXX compile features - done
[0.490s] -- Performing C++17 Test
[0.493s] -- Performing Test COMPILER_SUPPORTS_CXX17
[0.590s] -- Performing Test COMPILER_SUPPORTS_CXX17 - Success
[0.592s] -- Looking for pthread.h
[0.665s] -- Looking for pthread.h - found
[0.665s] -- Performing Test CMAKE_HAVE_LIBC_PTHREAD
[0.732s] -- Performing Test CMAKE_HAVE_LIBC_PTHREAD - Failed
[0.732s] -- Looking for pthread_create in pthreads
[0.781s] -- Looking for pthread_create in pthreads - not found
[0.781s] -- Looking for pthread_create in pthread
[0.834s] -- Looking for pthread_create in pthread - found
[0.835s] -- Found Threads: TRUE  
[0.835s] -- Building tests disabled.
[0.839s] -- Configuring done
[0.845s] -- Generating done
[0.846s] -- Build files have been written to: /home/parallels/CLionProjects/Homeworks/robotics_v1/build/ur_client_library
[0.850s] Invoked command in '/home/parallels/CLionProjects/Homeworks/robotics_v1/build/ur_client_library' returned '0': CMAKE_PREFIX_PATH=/opt/ros/foxy /usr/bin/cmake /home/parallels/CLionProjects/Homeworks/robotics_v1/src/ur_driver/Universal_Robots_Client_Library -DCMAKE_BUILD_TYPE=Debug -DCMAKE_CXX_COMPILER=/usr/bin/clang++ -DCMAKE_INSTALL_PREFIX=/home/parallels/CLionProjects/Homeworks/robotics_v1/install/ur_client_library
[0.850s] Invoking command in '/home/parallels/CLionProjects/Homeworks/robotics_v1/build/ur_client_library': CMAKE_PREFIX_PATH=/opt/ros/foxy /usr/bin/cmake --build /home/parallels/CLionProjects/Homeworks/robotics_v1/build/ur_client_library -- -j4 -l4
[0.889s] [35m[1mScanning dependencies of target urcl[0m
[0.910s] [  2%] [32mBuilding CXX object CMakeFiles/urcl.dir/src/comm/tcp_socket.cpp.o[0m
[0.911s] [  5%] [32mBuilding CXX object CMakeFiles/urcl.dir/src/comm/tcp_server.cpp.o[0m
[0.918s] [  8%] [32mBuilding CXX object CMakeFiles/urcl.dir/src/control/reverse_interface.cpp.o[0m
[1.233s] [ 11%] [32mBuilding CXX object CMakeFiles/urcl.dir/src/control/script_sender.cpp.o[0m
[1.351s] [ 14%] [32mBuilding CXX object CMakeFiles/urcl.dir/src/control/trajectory_point_interface.cpp.o[0m
[1.377s] [ 17%] [32mBuilding CXX object CMakeFiles/urcl.dir/src/primary/primary_package.cpp.o[0m
[1.556s] [ 20%] [32mBuilding CXX object CMakeFiles/urcl.dir/src/primary/robot_message.cpp.o[0m
[1.711s] [ 23%] [32mBuilding CXX object CMakeFiles/urcl.dir/src/primary/robot_state.cpp.o[0m
[1.771s] [ 26%] [32mBuilding CXX object CMakeFiles/urcl.dir/src/primary/robot_message/version_message.cpp.o[0m
[1.831s] [ 29%] [32mBuilding CXX object CMakeFiles/urcl.dir/src/primary/robot_state/kinematics_info.cpp.o[0m
[1.988s] [ 32%] [32mBuilding CXX object CMakeFiles/urcl.dir/src/rtde/control_package_pause.cpp.o[0m
[2.036s] [ 35%] [32mBuilding CXX object CMakeFiles/urcl.dir/src/rtde/control_package_setup_inputs.cpp.o[0m
[2.103s] [ 38%] [32mBuilding CXX object CMakeFiles/urcl.dir/src/rtde/control_package_setup_outputs.cpp.o[0m
[2.221s] [ 41%] [32mBuilding CXX object CMakeFiles/urcl.dir/src/rtde/control_package_start.cpp.o[0m
[2.275s] [ 44%] [32mBuilding CXX object CMakeFiles/urcl.dir/src/rtde/data_package.cpp.o[0m
[2.322s] [ 47%] [32mBuilding CXX object CMakeFiles/urcl.dir/src/rtde/get_urcontrol_version.cpp.o[0m
[2.469s] [ 50%] [32mBuilding CXX object CMakeFiles/urcl.dir/src/rtde/request_protocol_version.cpp.o[0m
[2.573s] [ 52%] [32mBuilding CXX object CMakeFiles/urcl.dir/src/rtde/rtde_package.cpp.o[0m
[2.701s] [ 55%] [32mBuilding CXX object CMakeFiles/urcl.dir/src/rtde/text_message.cpp.o[0m
[2.826s] [ 58%] [32mBuilding CXX object CMakeFiles/urcl.dir/src/rtde/rtde_client.cpp.o[0m
[2.930s] [ 61%] [32mBuilding CXX object CMakeFiles/urcl.dir/src/ur/ur_driver.cpp.o[0m
[2.936s] [ 64%] [32mBuilding CXX object CMakeFiles/urcl.dir/src/ur/calibration_checker.cpp.o[0m
[3.342s] [ 67%] [32mBuilding CXX object CMakeFiles/urcl.dir/src/ur/dashboard_client.cpp.o[0m
[3.634s] [ 70%] [32mBuilding CXX object CMakeFiles/urcl.dir/src/rtde/rtde_writer.cpp.o[0m
[3.635s] [ 73%] [32mBuilding CXX object CMakeFiles/urcl.dir/src/ur/tool_communication.cpp.o[0m
[3.759s] [ 76%] [32mBuilding CXX object CMakeFiles/urcl.dir/src/default_log_handler.cpp.o[0m
[3.944s] [ 79%] [32mBuilding CXX object CMakeFiles/urcl.dir/src/log.cpp.o[0m
[4.211s] [ 82%] [32m[1mLinking CXX shared library liburcl.so[0m
[4.400s] [ 82%] Built target urcl
[4.428s] [35m[1mScanning dependencies of target rtde_client_example[0m
[4.440s] [ 85%] [32mBuilding CXX object examples/CMakeFiles/rtde_client_example.dir/rtde_client.cpp.o[0m
[4.440s] [35m[1mScanning dependencies of target driver_example[0m
[4.443s] [35m[1mScanning dependencies of target primary_pipeline_example[0m
[4.487s] [ 88%] [32mBuilding CXX object examples/CMakeFiles/driver_example.dir/full_driver.cpp.o[0m
[4.496s] [ 91%] [32mBuilding CXX object examples/CMakeFiles/primary_pipeline_example.dir/primary_pipeline.cpp.o[0m
[4.855s] In file included from /home/parallels/CLionProjects/Homeworks/robotics_v1/src/ur_driver/Universal_Robots_Client_Library/examples/primary_pipeline.cpp:28:
[4.855s] In file included from /home/parallels/CLionProjects/Homeworks/robotics_v1/src/ur_driver/Universal_Robots_Client_Library/include/ur_client_library/comm/pipeline.h:23:
[4.855s] In file included from /home/parallels/CLionProjects/Homeworks/robotics_v1/src/ur_driver/Universal_Robots_Client_Library/include/ur_client_library/comm/package.h:31:
[4.855s] In file included from /home/parallels/CLionProjects/Homeworks/robotics_v1/src/ur_driver/Universal_Robots_Client_Library/include/ur_client_library/comm/bin_parser.h:31:
[4.855s] In file included from /usr/bin/../lib/gcc/aarch64-linux-gnu/9/../../../../include/c++/9/memory:80:
[4.855s] [1m/usr/bin/../lib/gcc/aarch64-linux-gnu/9/../../../../include/c++/9/bits/unique_ptr.h:81:2: [0m[0;1;35mwarning: [0m[1mdelete called on 'urcl::comm::IConsumer<urcl::primary_interface::PrimaryPackage>' that is abstract but has non-virtual destructor [-Wdelete-abstract-non-virtual-dtor][0m
[4.855s]         delete __ptr;
[4.855s] [0;1;32m        ^
[4.855s] [0m[1m/usr/bin/../lib/gcc/aarch64-linux-gnu/9/../../../../include/c++/9/bits/unique_ptr.h:292:4: [0m[0;1;30mnote: [0min instantiation of member function 'std::default_delete<urcl::comm::IConsumer<urcl::primary_interface::PrimaryPackage> >::operator()' requested here[0m
[4.856s]           get_deleter()(std::move(__ptr));
[4.856s] [0;1;32m          ^
[4.856s] [0m[1m/home/parallels/CLionProjects/Homeworks/robotics_v1/src/ur_driver/Universal_Robots_Client_Library/examples/primary_pipeline.cpp:52:71: [0m[0;1;30mnote: [0min instantiation of member function 'std::unique_ptr<urcl::comm::IConsumer<urcl::primary_interface::PrimaryPackage>, std::default_delete<urcl::comm::IConsumer<urcl::primary_interface::PrimaryPackage> > >::~unique_ptr' requested here[0m
[4.856s]   std::unique_ptr<comm::IConsumer<primary_interface::PrimaryPackage>> consumer;
[4.856s] [0;1;32m                                                                      ^
[4.967s] [0m1 warning generated.
[4.976s] [ 94%] [32m[1mLinking CXX executable rtde_client_example[0m
[4.977s] [ 97%] [32m[1mLinking CXX executable primary_pipeline_example[0m
[5.051s] [ 97%] Built target rtde_client_example
[5.077s] [ 97%] Built target primary_pipeline_example
[5.158s] [100%] [32m[1mLinking CXX executable driver_example[0m
[5.228s] [100%] Built target driver_example
[5.239s] Invoked command in '/home/parallels/CLionProjects/Homeworks/robotics_v1/build/ur_client_library' returned '0': CMAKE_PREFIX_PATH=/opt/ros/foxy /usr/bin/cmake --build /home/parallels/CLionProjects/Homeworks/robotics_v1/build/ur_client_library -- -j4 -l4
[5.304s] Invoking command in '/home/parallels/CLionProjects/Homeworks/robotics_v1/build/ur_client_library': CMAKE_PREFIX_PATH=/opt/ros/foxy /usr/bin/cmake --install /home/parallels/CLionProjects/Homeworks/robotics_v1/build/ur_client_library
[5.312s] -- Install configuration: "Debug"
[5.312s] -- Installing: /home/parallels/CLionProjects/Homeworks/robotics_v1/install/ur_client_library/lib/liburcl.so
[5.316s] -- Installing: /home/parallels/CLionProjects/Homeworks/robotics_v1/install/ur_client_library/include
[5.316s] -- Installing: /home/parallels/CLionProjects/Homeworks/robotics_v1/install/ur_client_library/include/ur_client_library
[5.316s] -- Installing: /home/parallels/CLionProjects/Homeworks/robotics_v1/install/ur_client_library/include/ur_client_library/queue
[5.316s] -- Installing: /home/parallels/CLionProjects/Homeworks/robotics_v1/install/ur_client_library/include/ur_client_library/queue/readerwriterqueue.h
[5.316s] -- Installing: /home/parallels/CLionProjects/Homeworks/robotics_v1/install/ur_client_library/include/ur_client_library/queue/atomicops.h
[5.316s] -- Installing: /home/parallels/CLionProjects/Homeworks/robotics_v1/install/ur_client_library/include/ur_client_library/queue/LICENSE.md
[5.316s] -- Installing: /home/parallels/CLionProjects/Homeworks/robotics_v1/install/ur_client_library/include/ur_client_library/exceptions.h
[5.316s] -- Installing: /home/parallels/CLionProjects/Homeworks/robotics_v1/install/ur_client_library/include/ur_client_library/rtde
[5.316s] -- Installing: /home/parallels/CLionProjects/Homeworks/robotics_v1/install/ur_client_library/include/ur_client_library/rtde/control_package_start.h
[5.316s] -- Installing: /home/parallels/CLionProjects/Homeworks/robotics_v1/install/ur_client_library/include/ur_client_library/rtde/rtde_writer.h
[5.316s] -- Installing: /home/parallels/CLionProjects/Homeworks/robotics_v1/install/ur_client_library/include/ur_client_library/rtde/rtde_client.h
[5.316s] -- Installing: /home/parallels/CLionProjects/Homeworks/robotics_v1/install/ur_client_library/include/ur_client_library/rtde/get_urcontrol_version.h
[5.316s] -- Installing: /home/parallels/CLionProjects/Homeworks/robotics_v1/install/ur_client_library/include/ur_client_library/rtde/package_header.h
[5.316s] -- Installing: /home/parallels/CLionProjects/Homeworks/robotics_v1/install/ur_client_library/include/ur_client_library/rtde/request_protocol_version.h
[5.316s] -- Installing: /home/parallels/CLionProjects/Homeworks/robotics_v1/install/ur_client_library/include/ur_client_library/rtde/text_message.h
[5.316s] -- Installing: /home/parallels/CLionProjects/Homeworks/robotics_v1/install/ur_client_library/include/ur_client_library/rtde/control_package_setup_outputs.h
[5.316s] -- Installing: /home/parallels/CLionProjects/Homeworks/robotics_v1/install/ur_client_library/include/ur_client_library/rtde/control_package_setup_inputs.h
[5.317s] -- Installing: /home/parallels/CLionProjects/Homeworks/robotics_v1/install/ur_client_library/include/ur_client_library/rtde/control_package_pause.h
[5.317s] -- Installing: /home/parallels/CLionProjects/Homeworks/robotics_v1/install/ur_client_library/include/ur_client_library/rtde/rtde_parser.h
[5.317s] -- Installing: /home/parallels/CLionProjects/Homeworks/robotics_v1/install/ur_client_library/include/ur_client_library/rtde/rtde_package.h
[5.317s] -- Installing: /home/parallels/CLionProjects/Homeworks/robotics_v1/install/ur_client_library/include/ur_client_library/rtde/data_package.h
[5.317s] -- Installing: /home/parallels/CLionProjects/Homeworks/robotics_v1/install/ur_client_library/include/ur_client_library/ur
[5.317s] -- Installing: /home/parallels/CLionProjects/Homeworks/robotics_v1/install/ur_client_library/include/ur_client_library/ur/calibration_checker.h
[5.317s] -- Installing: /home/parallels/CLionProjects/Homeworks/robotics_v1/install/ur_client_library/include/ur_client_library/ur/dashboard_client.h
[5.317s] -- Installing: /home/parallels/CLionProjects/Homeworks/robotics_v1/install/ur_client_library/include/ur_client_library/ur/ur_driver.h
[5.317s] -- Installing: /home/parallels/CLionProjects/Homeworks/robotics_v1/install/ur_client_library/include/ur_client_library/ur/version_information.h
[5.317s] -- Installing: /home/parallels/CLionProjects/Homeworks/robotics_v1/install/ur_client_library/include/ur_client_library/ur/datatypes.h
[5.317s] -- Installing: /home/parallels/CLionProjects/Homeworks/robotics_v1/install/ur_client_library/include/ur_client_library/ur/tool_communication.h
[5.317s] -- Installing: /home/parallels/CLionProjects/Homeworks/robotics_v1/install/ur_client_library/include/ur_client_library/log.h
[5.317s] -- Installing: /home/parallels/CLionProjects/Homeworks/robotics_v1/install/ur_client_library/include/ur_client_library/control
[5.317s] -- Installing: /home/parallels/CLionProjects/Homeworks/robotics_v1/install/ur_client_library/include/ur_client_library/control/reverse_interface.h
[5.317s] -- Installing: /home/parallels/CLionProjects/Homeworks/robotics_v1/install/ur_client_library/include/ur_client_library/control/trajectory_point_interface.h
[5.317s] -- Installing: /home/parallels/CLionProjects/Homeworks/robotics_v1/install/ur_client_library/include/ur_client_library/control/script_sender.h
[5.317s] -- Installing: /home/parallels/CLionProjects/Homeworks/robotics_v1/install/ur_client_library/include/ur_client_library/primary
[5.317s] -- Installing: /home/parallels/CLionProjects/Homeworks/robotics_v1/install/ur_client_library/include/ur_client_library/primary/robot_state
[5.317s] -- Installing: /home/parallels/CLionProjects/Homeworks/robotics_v1/install/ur_client_library/include/ur_client_library/primary/robot_state/kinematics_info.h
[5.317s] -- Installing: /home/parallels/CLionProjects/Homeworks/robotics_v1/install/ur_client_library/include/ur_client_library/primary/robot_message.h
[5.317s] -- Installing: /home/parallels/CLionProjects/Homeworks/robotics_v1/install/ur_client_library/include/ur_client_library/primary/primary_parser.h
[5.317s] -- Installing: /home/parallels/CLionProjects/Homeworks/robotics_v1/install/ur_client_library/include/ur_client_library/primary/package_header.h
[5.317s] -- Installing: /home/parallels/CLionProjects/Homeworks/robotics_v1/install/ur_client_library/include/ur_client_library/primary/robot_message
[5.317s] -- Installing: /home/parallels/CLionProjects/Homeworks/robotics_v1/install/ur_client_library/include/ur_client_library/primary/robot_message/version_message.h
[5.317s] -- Installing: /home/parallels/CLionProjects/Homeworks/robotics_v1/install/ur_client_library/include/ur_client_library/primary/abstract_primary_consumer.h
[5.317s] -- Installing: /home/parallels/CLionProjects/Homeworks/robotics_v1/install/ur_client_library/include/ur_client_library/primary/primary_package.h
[5.318s] -- Installing: /home/parallels/CLionProjects/Homeworks/robotics_v1/install/ur_client_library/include/ur_client_library/primary/robot_state.h
[5.318s] -- Installing: /home/parallels/CLionProjects/Homeworks/robotics_v1/install/ur_client_library/include/ur_client_library/comm
[5.318s] -- Installing: /home/parallels/CLionProjects/Homeworks/robotics_v1/install/ur_client_library/include/ur_client_library/comm/tcp_server.h
[5.318s] -- Installing: /home/parallels/CLionProjects/Homeworks/robotics_v1/install/ur_client_library/include/ur_client_library/comm/producer.h
[5.318s] -- Installing: /home/parallels/CLionProjects/Homeworks/robotics_v1/install/ur_client_library/include/ur_client_library/comm/pipeline.h
[5.318s] -- Installing: /home/parallels/CLionProjects/Homeworks/robotics_v1/install/ur_client_library/include/ur_client_library/comm/bin_parser.h
[5.318s] -- Installing: /home/parallels/CLionProjects/Homeworks/robotics_v1/install/ur_client_library/include/ur_client_library/comm/parser.h
[5.320s] -- Installing: /home/parallels/CLionProjects/Homeworks/robotics_v1/install/ur_client_library/include/ur_client_library/comm/shell_consumer.h
[5.320s] -- Installing: /home/parallels/CLionProjects/Homeworks/robotics_v1/install/ur_client_library/include/ur_client_library/comm/package_serializer.h
[5.320s] -- Installing: /home/parallels/CLionProjects/Homeworks/robotics_v1/install/ur_client_library/include/ur_client_library/comm/control_mode.h
[5.320s] -- Installing: /home/parallels/CLionProjects/Homeworks/robotics_v1/install/ur_client_library/include/ur_client_library/comm/tcp_socket.h
[5.320s] -- Installing: /home/parallels/CLionProjects/Homeworks/robotics_v1/install/ur_client_library/include/ur_client_library/comm/package.h
[5.320s] -- Installing: /home/parallels/CLionProjects/Homeworks/robotics_v1/install/ur_client_library/include/ur_client_library/comm/stream.h
[5.321s] -- Installing: /home/parallels/CLionProjects/Homeworks/robotics_v1/install/ur_client_library/include/ur_client_library/default_log_handler.h
[5.321s] -- Installing: /home/parallels/CLionProjects/Homeworks/robotics_v1/install/ur_client_library/include/ur_client_library/types.h
[5.321s] -- Installing: /home/parallels/CLionProjects/Homeworks/robotics_v1/install/ur_client_library/lib/cmake/ur_client_library/urclTargets.cmake
[5.321s] -- Installing: /home/parallels/CLionProjects/Homeworks/robotics_v1/install/ur_client_library/lib/cmake/ur_client_library/urclTargets-debug.cmake
[5.321s] -- Installing: /home/parallels/CLionProjects/Homeworks/robotics_v1/install/ur_client_library/lib/cmake/ur_client_library/ur_client_libraryConfig.cmake
[5.321s] -- Installing: /home/parallels/CLionProjects/Homeworks/robotics_v1/install/ur_client_library/share/ur_client_library/package.xml
[5.321s] -- Installing: /home/parallels/CLionProjects/Homeworks/robotics_v1/install/ur_client_library/share/ament_index/resource_index/packages/ur_client_library
[5.321s] -- Installing: /home/parallels/CLionProjects/Homeworks/robotics_v1/install/ur_client_library/share/ur_client_library/hook/ament_prefix_path.dsv
[5.321s] -- Installing: /home/parallels/CLionProjects/Homeworks/robotics_v1/install/ur_client_library/share/ur_client_library/hook/ros_package_path.dsv
[5.321s] -- Installing: /home/parallels/CLionProjects/Homeworks/robotics_v1/install/ur_client_library/share/ur_client_library/resources
[5.321s] -- Installing: /home/parallels/CLionProjects/Homeworks/robotics_v1/install/ur_client_library/share/ur_client_library/resources/external_control.urscript
[5.327s] Invoked command in '/home/parallels/CLionProjects/Homeworks/robotics_v1/build/ur_client_library' returned '0': CMAKE_PREFIX_PATH=/opt/ros/foxy /usr/bin/cmake --install /home/parallels/CLionProjects/Homeworks/robotics_v1/build/ur_client_library
