[100%] Built target robo_collector_common
-- Install configuration: "RelWithDebInfo"
-- Execute custom install script
-- Up-to-date symlink: /home/parallels/CLionProjects/Homeworks/robotics_v1/install/robo_collector_common/share/robo_collector_common/package.xml
-- Up-to-date symlink: /home/parallels/CLionProjects/Homeworks/robotics_v1/install/robo_collector_common/lib/robo_collector_common/librobo_collector_common.a
-- Symlinking: /home/parallels/CLionProjects/Homeworks/robotics_v1/install/robo_collector_common/share/ament_index/resource_index/packages/robo_collector_common
-- Up-to-date symlink: /home/parallels/CLionProjects/Homeworks/robotics_v1/install/robo_collector_common/share/robo_collector_common/hook/ament_prefix_path.dsv
-- Up-to-date symlink: /home/parallels/CLionProjects/Homeworks/robotics_v1/install/robo_collector_common/share/robo_collector_common/hook/ros_package_path.dsv
-- Up-to-date symlink: /home/parallels/CLionProjects/Homeworks/robotics_v1/install/robo_collector_common/share/ament_index/resource_index/package_run_dependencies/robo_collector_common
-- Up-to-date symlink: /home/parallels/CLionProjects/Homeworks/robotics_v1/install/robo_collector_common/share/ament_index/resource_index/parent_prefix_path/robo_collector_common
-- Up-to-date symlink: /home/parallels/CLionProjects/Homeworks/robotics_v1/install/robo_collector_common/share/robo_collector_common/environment/ament_prefix_path.sh
-- Up-to-date symlink: /home/parallels/CLionProjects/Homeworks/robotics_v1/install/robo_collector_common/share/robo_collector_common/environment/ament_prefix_path.dsv
-- Up-to-date symlink: /home/parallels/CLionProjects/Homeworks/robotics_v1/install/robo_collector_common/share/robo_collector_common/environment/path.sh
-- Up-to-date symlink: /home/parallels/CLionProjects/Homeworks/robotics_v1/install/robo_collector_common/share/robo_collector_common/environment/path.dsv
-- Up-to-date symlink: /home/parallels/CLionProjects/Homeworks/robotics_v1/install/robo_collector_common/share/robo_collector_common/local_setup.bash
-- Up-to-date symlink: /home/parallels/CLionProjects/Homeworks/robotics_v1/install/robo_collector_common/share/robo_collector_common/local_setup.sh
-- Up-to-date symlink: /home/parallels/CLionProjects/Homeworks/robotics_v1/install/robo_collector_common/share/robo_collector_common/local_setup.zsh
-- Up-to-date symlink: /home/parallels/CLionProjects/Homeworks/robotics_v1/install/robo_collector_common/share/robo_collector_common/local_setup.dsv
-- Symlinking: /home/parallels/CLionProjects/Homeworks/robotics_v1/install/robo_collector_common/share/robo_collector_common/package.dsv
-- Symlinking: /home/parallels/CLionProjects/Homeworks/robotics_v1/install/robo_collector_common/share/ament_index/resource_index/packages/robo_collector_common
-- Up-to-date symlink: /home/parallels/CLionProjects/Homeworks/robotics_v1/install/robo_collector_common/share/robo_collector_common/cmake/robo_collector_commonConfig.cmake
-- Up-to-date symlink: /home/parallels/CLionProjects/Homeworks/robotics_v1/install/robo_collector_common/share/robo_collector_common/cmake/robo_collector_commonConfig-version.cmake
-- Up-to-date symlink: /home/parallels/CLionProjects/Homeworks/robotics_v1/install/robo_collector_common/share/robo_collector_common/package.xml
-- Up-to-date symlink: /home/parallels/CLionProjects/Homeworks/robotics_v1/install/robo_collector_common/include/robo_collector_common/defines/RoboCollectorFunctionalDefines.h
-- Up-to-date symlink: /home/parallels/CLionProjects/Homeworks/robotics_v1/install/robo_collector_common/include/robo_collector_common/defines/RoboCollectorTopics.h
-- Up-to-date symlink: /home/parallels/CLionProjects/Homeworks/robotics_v1/install/robo_collector_common/include/robo_collector_common/layout/controller/RoboCollectorUiController.h
-- Up-to-date symlink: /home/parallels/CLionProjects/Homeworks/robotics_v1/install/robo_collector_common/include/robo_collector_common/layout/controller/buttons/HelpButton.h
-- Up-to-date symlink: /home/parallels/CLionProjects/Homeworks/robotics_v1/install/robo_collector_common/include/robo_collector_common/layout/controller/buttons/MoveButton.h
-- Up-to-date symlink: /home/parallels/CLionProjects/Homeworks/robotics_v1/install/robo_collector_common/include/robo_collector_common/layout/controller/buttons/SettingsButton.h
-- Up-to-date symlink: /home/parallels/CLionProjects/Homeworks/robotics_v1/install/robo_collector_common/include/robo_collector_common/layout/controller/config/RoboCollectorUiControllerBaseConfig.h
-- Up-to-date symlink: /home/parallels/CLionProjects/Homeworks/robotics_v1/install/robo_collector_common/include/robo_collector_common/message_helpers/RoboCollectorMessageHelpers.h
-- Up-to-date symlink: /home/parallels/CLionProjects/Homeworks/robotics_v1/install/robo_collector_common/lib/cmake/robo_collector_common/robo_collector_commonConfig.cmake
-- Up-to-date: /home/parallels/CLionProjects/Homeworks/robotics_v1/install/robo_collector_common/lib/librobo_collector_common.a
-- Up-to-date: /home/parallels/CLionProjects/Homeworks/robotics_v1/install/robo_collector_common/lib/cmake/robo_collector_common/robo_collector_commonTargets.cmake
-- Up-to-date: /home/parallels/CLionProjects/Homeworks/robotics_v1/install/robo_collector_common/lib/cmake/robo_collector_common/robo_collector_commonTargets-relwithdebinfo.cmake
