Performing C++ SOURCE FILE Test CMAKE_HAVE_LIBC_PTHREAD failed with the following output:
Change Dir: /home/parallels/CLionProjects/Homeworks/robotics_v1/build/robo_collector_gui/CMakeFiles/CMakeTmp

Run Build Command(s):/usr/bin/make cmTC_076da/fast && /usr/bin/make -f CMakeFiles/cmTC_076da.dir/build.make CMakeFiles/cmTC_076da.dir/build
make[1]: Entering directory '/home/parallels/CLionProjects/Homeworks/robotics_v1/build/robo_collector_gui/CMakeFiles/CMakeTmp'
Building CXX object CMakeFiles/cmTC_076da.dir/src.cxx.o
/usr/bin/clang++    -DCMAKE_HAVE_LIBC_PTHREAD   -o CMakeFiles/cmTC_076da.dir/src.cxx.o -c /home/parallels/CLionProjects/Homeworks/robotics_v1/build/robo_collector_gui/CMakeFiles/CMakeTmp/src.cxx
Linking CXX executable cmTC_076da
/usr/bin/cmake -E cmake_link_script CMakeFiles/cmTC_076da.dir/link.txt --verbose=1
/usr/bin/clang++   -DCMAKE_HAVE_LIBC_PTHREAD    CMakeFiles/cmTC_076da.dir/src.cxx.o  -o cmTC_076da 
/usr/bin/ld: CMakeFiles/cmTC_076da.dir/src.cxx.o: in function `main':
src.cxx:(.text+0x64): undefined reference to `pthread_create'
/usr/bin/ld: src.cxx:(.text+0x70): undefined reference to `pthread_detach'
/usr/bin/ld: src.cxx:(.text+0x80): undefined reference to `pthread_join'
clang: error: linker command failed with exit code 1 (use -v to see invocation)
make[1]: *** [CMakeFiles/cmTC_076da.dir/build.make:87: cmTC_076da] Error 1
make[1]: Leaving directory '/home/parallels/CLionProjects/Homeworks/robotics_v1/build/robo_collector_gui/CMakeFiles/CMakeTmp'
make: *** [Makefile:121: cmTC_076da/fast] Error 2


Source file was:
#include <pthread.h>

void* test_func(void* data)
{
  return data;
}

int main(void)
{
  pthread_t thread;
  pthread_create(&thread, NULL, test_func, NULL);
  pthread_detach(thread);
  pthread_join(thread, NULL);
  pthread_atfork(NULL, NULL, NULL);
  pthread_exit(NULL);

  return 0;
}

Determining if the function pthread_create exists in the pthreads failed with the following output:
Change Dir: /home/parallels/CLionProjects/Homeworks/robotics_v1/build/robo_collector_gui/CMakeFiles/CMakeTmp

Run Build Command(s):/usr/bin/make cmTC_1f867/fast && /usr/bin/make -f CMakeFiles/cmTC_1f867.dir/build.make CMakeFiles/cmTC_1f867.dir/build
make[1]: Entering directory '/home/parallels/CLionProjects/Homeworks/robotics_v1/build/robo_collector_gui/CMakeFiles/CMakeTmp'
Building CXX object CMakeFiles/cmTC_1f867.dir/CheckFunctionExists.cxx.o
/usr/bin/clang++    -DCHECK_FUNCTION_EXISTS=pthread_create   -o CMakeFiles/cmTC_1f867.dir/CheckFunctionExists.cxx.o -c /home/parallels/CLionProjects/Homeworks/robotics_v1/build/robo_collector_gui/CMakeFiles/CheckLibraryExists/CheckFunctionExists.cxx
Linking CXX executable cmTC_1f867
/usr/bin/cmake -E cmake_link_script CMakeFiles/cmTC_1f867.dir/link.txt --verbose=1
/usr/bin/clang++   -DCHECK_FUNCTION_EXISTS=pthread_create    CMakeFiles/cmTC_1f867.dir/CheckFunctionExists.cxx.o  -o cmTC_1f867  -lpthreads 
/usr/bin/ld: cannot find -lpthreads
clang: error: linker command failed with exit code 1 (use -v to see invocation)
make[1]: *** [CMakeFiles/cmTC_1f867.dir/build.make:87: cmTC_1f867] Error 1
make[1]: Leaving directory '/home/parallels/CLionProjects/Homeworks/robotics_v1/build/robo_collector_gui/CMakeFiles/CMakeTmp'
make: *** [Makefile:121: cmTC_1f867/fast] Error 2



