[0.034s] Invoking command in '/home/parallels/CLionProjects/Homeworks/robotics_v1/build/ur_bringup': CMAKE_PREFIX_PATH=${CMAKE_PREFIX_PATH}:/opt/ros/foxy /usr/bin/cmake /home/parallels/CLionProjects/Homeworks/robotics_v1/src/ur_driver/Universal_Robots_ROS2_Driver/ur_bringup -DCMAKE_BUILD_TYPE=RelWithDebInfo -DAMENT_CMAKE_SYMLINK_INSTALL=1 -DCMAKE_INSTALL_PREFIX=/home/parallels/CLionProjects/Homeworks/robotics_v1/install/ur_bringup
[0.086s] -- Found ament_cmake: 0.9.9 (/opt/ros/foxy/share/ament_cmake/cmake)
[0.128s] -- Using PYTHON_EXECUTABLE: /usr/bin/python3
[0.341s] -- Override CMake install command with custom implementation using symlinks instead of copying resources
[0.447s] -- Configuring done
[0.449s] -- Generating done
[0.450s] -- Build files have been written to: /home/parallels/CLionProjects/Homeworks/robotics_v1/build/ur_bringup
[0.454s] Invoked command in '/home/parallels/CLionProjects/Homeworks/robotics_v1/build/ur_bringup' returned '0': CMAKE_PREFIX_PATH=${CMAKE_PREFIX_PATH}:/opt/ros/foxy /usr/bin/cmake /home/parallels/CLionProjects/Homeworks/robotics_v1/src/ur_driver/Universal_Robots_ROS2_Driver/ur_bringup -DCMAKE_BUILD_TYPE=RelWithDebInfo -DAMENT_CMAKE_SYMLINK_INSTALL=1 -DCMAKE_INSTALL_PREFIX=/home/parallels/CLionProjects/Homeworks/robotics_v1/install/ur_bringup
[0.455s] Invoking command in '/home/parallels/CLionProjects/Homeworks/robotics_v1/build/ur_bringup': CMAKE_PREFIX_PATH=${CMAKE_PREFIX_PATH}:/opt/ros/foxy /usr/bin/cmake --build /home/parallels/CLionProjects/Homeworks/robotics_v1/build/ur_bringup -- -j4 -l4
[0.622s] Invoked command in '/home/parallels/CLionProjects/Homeworks/robotics_v1/build/ur_bringup' returned '0': CMAKE_PREFIX_PATH=${CMAKE_PREFIX_PATH}:/opt/ros/foxy /usr/bin/cmake --build /home/parallels/CLionProjects/Homeworks/robotics_v1/build/ur_bringup -- -j4 -l4
[0.866s] Invoking command in '/home/parallels/CLionProjects/Homeworks/robotics_v1/build/ur_bringup': CMAKE_PREFIX_PATH=${CMAKE_PREFIX_PATH}:/opt/ros/foxy /usr/bin/cmake --install /home/parallels/CLionProjects/Homeworks/robotics_v1/build/ur_bringup
[0.891s] -- Install configuration: "RelWithDebInfo"
[0.910s] -- Execute custom install script
[0.911s] -- Up-to-date symlink: /home/parallels/CLionProjects/Homeworks/robotics_v1/install/ur_bringup/share/ur_bringup/config/test_goal_publishers_config.yaml
[0.911s] -- Up-to-date symlink: /home/parallels/CLionProjects/Homeworks/robotics_v1/install/ur_bringup/share/ur_bringup/config/ur_controllers.yaml
[0.911s] -- Up-to-date symlink: /home/parallels/CLionProjects/Homeworks/robotics_v1/install/ur_bringup/share/ur_bringup/launch/test_joint_trajectory_controller.launch.py
[0.911s] -- Up-to-date symlink: /home/parallels/CLionProjects/Homeworks/robotics_v1/install/ur_bringup/share/ur_bringup/launch/test_scaled_joint_trajectory_controller.launch.py
[0.911s] -- Up-to-date symlink: /home/parallels/CLionProjects/Homeworks/robotics_v1/install/ur_bringup/share/ur_bringup/launch/ur10.launch.py
[0.911s] -- Up-to-date symlink: /home/parallels/CLionProjects/Homeworks/robotics_v1/install/ur_bringup/share/ur_bringup/launch/ur10e.launch.py
[0.911s] -- Up-to-date symlink: /home/parallels/CLionProjects/Homeworks/robotics_v1/install/ur_bringup/share/ur_bringup/launch/ur16e.launch.py
[0.912s] -- Up-to-date symlink: /home/parallels/CLionProjects/Homeworks/robotics_v1/install/ur_bringup/share/ur_bringup/launch/ur3.launch.py
[0.912s] -- Up-to-date symlink: /home/parallels/CLionProjects/Homeworks/robotics_v1/install/ur_bringup/share/ur_bringup/launch/ur3e.launch.py
[0.912s] -- Up-to-date symlink: /home/parallels/CLionProjects/Homeworks/robotics_v1/install/ur_bringup/share/ur_bringup/launch/ur5.launch.py
[0.912s] -- Up-to-date symlink: /home/parallels/CLionProjects/Homeworks/robotics_v1/install/ur_bringup/share/ur_bringup/launch/ur5e.launch.py
[0.912s] -- Up-to-date symlink: /home/parallels/CLionProjects/Homeworks/robotics_v1/install/ur_bringup/share/ur_bringup/launch/ur_control.launch.py
[0.913s] -- Up-to-date symlink: /home/parallels/CLionProjects/Homeworks/robotics_v1/install/ur_bringup/share/ur_bringup/launch/ur_dashboard_client.launch.py
[0.913s] -- Up-to-date symlink: /home/parallels/CLionProjects/Homeworks/robotics_v1/install/ur_bringup/share/ur_bringup/launch/ur_moveit.launch.py
[0.913s] -- Up-to-date symlink: /home/parallels/CLionProjects/Homeworks/robotics_v1/install/ur_bringup/share/ament_index/resource_index/package_run_dependencies/ur_bringup
[0.913s] -- Up-to-date symlink: /home/parallels/CLionProjects/Homeworks/robotics_v1/install/ur_bringup/share/ament_index/resource_index/parent_prefix_path/ur_bringup
[0.914s] -- Up-to-date symlink: /home/parallels/CLionProjects/Homeworks/robotics_v1/install/ur_bringup/share/ur_bringup/environment/ament_prefix_path.sh
[0.914s] -- Up-to-date symlink: /home/parallels/CLionProjects/Homeworks/robotics_v1/install/ur_bringup/share/ur_bringup/environment/ament_prefix_path.dsv
[0.914s] -- Up-to-date symlink: /home/parallels/CLionProjects/Homeworks/robotics_v1/install/ur_bringup/share/ur_bringup/environment/path.sh
[0.914s] -- Up-to-date symlink: /home/parallels/CLionProjects/Homeworks/robotics_v1/install/ur_bringup/share/ur_bringup/environment/path.dsv
[0.915s] -- Up-to-date symlink: /home/parallels/CLionProjects/Homeworks/robotics_v1/install/ur_bringup/share/ur_bringup/local_setup.bash
[0.915s] -- Up-to-date symlink: /home/parallels/CLionProjects/Homeworks/robotics_v1/install/ur_bringup/share/ur_bringup/local_setup.sh
[0.915s] -- Up-to-date symlink: /home/parallels/CLionProjects/Homeworks/robotics_v1/install/ur_bringup/share/ur_bringup/local_setup.zsh
[0.915s] -- Up-to-date symlink: /home/parallels/CLionProjects/Homeworks/robotics_v1/install/ur_bringup/share/ur_bringup/local_setup.dsv
[0.915s] -- Symlinking: /home/parallels/CLionProjects/Homeworks/robotics_v1/install/ur_bringup/share/ur_bringup/package.dsv
[0.956s] -- Up-to-date symlink: /home/parallels/CLionProjects/Homeworks/robotics_v1/install/ur_bringup/share/ament_index/resource_index/packages/ur_bringup
[0.956s] -- Up-to-date symlink: /home/parallels/CLionProjects/Homeworks/robotics_v1/install/ur_bringup/share/ur_bringup/cmake/ur_bringupConfig.cmake
[0.956s] -- Up-to-date symlink: /home/parallels/CLionProjects/Homeworks/robotics_v1/install/ur_bringup/share/ur_bringup/cmake/ur_bringupConfig-version.cmake
[0.957s] -- Up-to-date symlink: /home/parallels/CLionProjects/Homeworks/robotics_v1/install/ur_bringup/share/ur_bringup/package.xml
[0.959s] Invoked command in '/home/parallels/CLionProjects/Homeworks/robotics_v1/build/ur_bringup' returned '0': CMAKE_PREFIX_PATH=${CMAKE_PREFIX_PATH}:/opt/ros/foxy /usr/bin/cmake --install /home/parallels/CLionProjects/Homeworks/robotics_v1/build/ur_bringup
