[0.008s] Invoking command in '/home/parallels/CLionProjects/Homeworks/robotics_v1/build/cmake_helpers': CMAKE_PREFIX_PATH=/opt/ros/foxy /usr/bin/cmake /home/parallels/CLionProjects/Homeworks/robotics_v1/src/lib/cmake_helpers -DCMAKE_BUILD_TYPE=Debug -DCMAKE_CXX_COMPILER=/usr/bin/clang++ -DCMAKE_INSTALL_PREFIX=/home/parallels/CLionProjects/Homeworks/robotics_v1/install/cmake_helpers
[0.095s] -- The C compiler identification is GNU 9.4.0
[0.184s] -- The CXX compiler identification is Clang 10.0.0
[0.188s] -- Check for working C compiler: /usr/bin/cc
[0.239s] -- Check for working C compiler: /usr/bin/cc -- works
[0.240s] -- Detecting C compiler ABI info
[0.290s] -- Detecting C compiler ABI info - done
[0.297s] -- Detecting C compile features
[0.297s] -- Detecting C compile features - done
[0.299s] -- Check for working CXX compiler: /usr/bin/clang++
[0.383s] -- Check for working CXX compiler: /usr/bin/clang++ -- works
[0.384s] -- Detecting CXX compiler ABI info
[0.466s] -- Detecting CXX compiler ABI info - done
[0.472s] -- Detecting CXX compile features
[0.472s] -- Detecting CXX compile features - done
[0.483s] -- Found ament_cmake: 0.9.9 (/opt/ros/foxy/share/ament_cmake/cmake)
[0.499s] -- Found PythonInterp: /usr/bin/python3 (found suitable version "3.8.10", minimum required is "3") 
[0.499s] -- Using PYTHON_EXECUTABLE: /usr/bin/python3
[0.634s] -- Configuring done
[0.635s] -- Generating done
[0.635s] -- Build files have been written to: /home/parallels/CLionProjects/Homeworks/robotics_v1/build/cmake_helpers
[0.638s] Invoked command in '/home/parallels/CLionProjects/Homeworks/robotics_v1/build/cmake_helpers' returned '0': CMAKE_PREFIX_PATH=/opt/ros/foxy /usr/bin/cmake /home/parallels/CLionProjects/Homeworks/robotics_v1/src/lib/cmake_helpers -DCMAKE_BUILD_TYPE=Debug -DCMAKE_CXX_COMPILER=/usr/bin/clang++ -DCMAKE_INSTALL_PREFIX=/home/parallels/CLionProjects/Homeworks/robotics_v1/install/cmake_helpers
[0.640s] Invoking command in '/home/parallels/CLionProjects/Homeworks/robotics_v1/build/cmake_helpers': CMAKE_PREFIX_PATH=/opt/ros/foxy /usr/bin/cmake --build /home/parallels/CLionProjects/Homeworks/robotics_v1/build/cmake_helpers -- -j4 -l4
[0.668s] Invoked command in '/home/parallels/CLionProjects/Homeworks/robotics_v1/build/cmake_helpers' returned '0': CMAKE_PREFIX_PATH=/opt/ros/foxy /usr/bin/cmake --build /home/parallels/CLionProjects/Homeworks/robotics_v1/build/cmake_helpers -- -j4 -l4
[0.692s] Invoking command in '/home/parallels/CLionProjects/Homeworks/robotics_v1/build/cmake_helpers': CMAKE_PREFIX_PATH=/opt/ros/foxy /usr/bin/cmake --install /home/parallels/CLionProjects/Homeworks/robotics_v1/build/cmake_helpers
[0.698s] -- Install configuration: "Debug"
[0.698s] -- Installing: /home/parallels/CLionProjects/Homeworks/robotics_v1/install/cmake_helpers/share/cmake_helpers/package.xml
[0.698s] -- Installing: /home/parallels/CLionProjects/Homeworks/robotics_v1/install/cmake_helpers/share/cmake_helpers/cmake/helpers.cmake
[0.699s] -- Installing: /home/parallels/CLionProjects/Homeworks/robotics_v1/install/cmake_helpers/share/cmake_helpers/cmake/find_modules
[0.699s] -- Installing: /home/parallels/CLionProjects/Homeworks/robotics_v1/install/cmake_helpers/share/cmake_helpers/cmake/find_modules/FindSDL2_ttf.cmake
[0.699s] -- Installing: /home/parallels/CLionProjects/Homeworks/robotics_v1/install/cmake_helpers/share/cmake_helpers/cmake/find_modules/FindSDL2_image.cmake
[0.699s] -- Installing: /home/parallels/CLionProjects/Homeworks/robotics_v1/install/cmake_helpers/share/cmake_helpers/cmake/find_modules/FindSDL2.cmake
[0.699s] -- Installing: /home/parallels/CLionProjects/Homeworks/robotics_v1/install/cmake_helpers/share/cmake_helpers/cmake/find_modules/FindSDL2_mixer.cmake
[0.699s] -- Installing: /home/parallels/CLionProjects/Homeworks/robotics_v1/install/cmake_helpers/share/cmake_helpers/cmake/find_modules/FindIWYU.cmake
[0.699s] -- Installing: /home/parallels/CLionProjects/Homeworks/robotics_v1/install/cmake_helpers/share/ament_index/resource_index/package_run_dependencies/cmake_helpers
[0.699s] -- Installing: /home/parallels/CLionProjects/Homeworks/robotics_v1/install/cmake_helpers/share/ament_index/resource_index/parent_prefix_path/cmake_helpers
[0.699s] -- Installing: /home/parallels/CLionProjects/Homeworks/robotics_v1/install/cmake_helpers/share/cmake_helpers/environment/ament_prefix_path.sh
[0.699s] -- Installing: /home/parallels/CLionProjects/Homeworks/robotics_v1/install/cmake_helpers/share/cmake_helpers/environment/ament_prefix_path.dsv
[0.699s] -- Installing: /home/parallels/CLionProjects/Homeworks/robotics_v1/install/cmake_helpers/share/cmake_helpers/environment/path.sh
[0.699s] -- Installing: /home/parallels/CLionProjects/Homeworks/robotics_v1/install/cmake_helpers/share/cmake_helpers/environment/path.dsv
[0.699s] -- Installing: /home/parallels/CLionProjects/Homeworks/robotics_v1/install/cmake_helpers/share/cmake_helpers/local_setup.bash
[0.699s] -- Installing: /home/parallels/CLionProjects/Homeworks/robotics_v1/install/cmake_helpers/share/cmake_helpers/local_setup.sh
[0.699s] -- Installing: /home/parallels/CLionProjects/Homeworks/robotics_v1/install/cmake_helpers/share/cmake_helpers/local_setup.zsh
[0.700s] -- Installing: /home/parallels/CLionProjects/Homeworks/robotics_v1/install/cmake_helpers/share/cmake_helpers/local_setup.dsv
[0.700s] -- Installing: /home/parallels/CLionProjects/Homeworks/robotics_v1/install/cmake_helpers/share/cmake_helpers/package.dsv
[0.700s] -- Installing: /home/parallels/CLionProjects/Homeworks/robotics_v1/install/cmake_helpers/share/ament_index/resource_index/packages/cmake_helpers
[0.700s] -- Installing: /home/parallels/CLionProjects/Homeworks/robotics_v1/install/cmake_helpers/share/cmake_helpers/cmake/cmake_helpersConfig.cmake
[0.700s] -- Installing: /home/parallels/CLionProjects/Homeworks/robotics_v1/install/cmake_helpers/share/cmake_helpers/cmake/cmake_helpersConfig-version.cmake
[0.700s] -- Up-to-date: /home/parallels/CLionProjects/Homeworks/robotics_v1/install/cmake_helpers/share/cmake_helpers/package.xml
[0.701s] Invoked command in '/home/parallels/CLionProjects/Homeworks/robotics_v1/build/cmake_helpers' returned '0': CMAKE_PREFIX_PATH=/opt/ros/foxy /usr/bin/cmake --install /home/parallels/CLionProjects/Homeworks/robotics_v1/build/cmake_helpers
