[0.033s] Invoking command in '/home/parallels/CLionProjects/Homeworks/robotics_v1/build/sdl_utils': CMAKE_PREFIX_PATH=/home/parallels/CLionProjects/Homeworks/robotics_v1/install/resource_utils:/home/parallels/CLionProjects/Homeworks/robotics_v1/install/utils:/home/parallels/CLionProjects/Homeworks/robotics_v1/install/cmake_helpers:/opt/ros/foxy PKG_CONFIG_PATH=/home/parallels/CLionProjects/Homeworks/robotics_v1/install/resource_utils/lib/aarch64-linux-gnu/pkgconfig:/home/parallels/CLionProjects/Homeworks/robotics_v1/install/resource_utils/lib/pkgconfig:/home/parallels/CLionProjects/Homeworks/robotics_v1/install/utils/lib/aarch64-linux-gnu/pkgconfig:/home/parallels/CLionProjects/Homeworks/robotics_v1/install/utils/lib/pkgconfig:/home/parallels/CLionProjects/Homeworks/robotics_v1/install/cmake_helpers/lib/aarch64-linux-gnu/pkgconfig:/home/parallels/CLionProjects/Homeworks/robotics_v1/install/cmake_helpers/lib/pkgconfig /usr/bin/cmake --build /home/parallels/CLionProjects/Homeworks/robotics_v1/build/sdl_utils -- -j4 -l4
[0.130s] [100%] Built target sdl_utils
[0.143s] Invoked command in '/home/parallels/CLionProjects/Homeworks/robotics_v1/build/sdl_utils' returned '0': CMAKE_PREFIX_PATH=/home/parallels/CLionProjects/Homeworks/robotics_v1/install/resource_utils:/home/parallels/CLionProjects/Homeworks/robotics_v1/install/utils:/home/parallels/CLionProjects/Homeworks/robotics_v1/install/cmake_helpers:/opt/ros/foxy PKG_CONFIG_PATH=/home/parallels/CLionProjects/Homeworks/robotics_v1/install/resource_utils/lib/aarch64-linux-gnu/pkgconfig:/home/parallels/CLionProjects/Homeworks/robotics_v1/install/resource_utils/lib/pkgconfig:/home/parallels/CLionProjects/Homeworks/robotics_v1/install/utils/lib/aarch64-linux-gnu/pkgconfig:/home/parallels/CLionProjects/Homeworks/robotics_v1/install/utils/lib/pkgconfig:/home/parallels/CLionProjects/Homeworks/robotics_v1/install/cmake_helpers/lib/aarch64-linux-gnu/pkgconfig:/home/parallels/CLionProjects/Homeworks/robotics_v1/install/cmake_helpers/lib/pkgconfig /usr/bin/cmake --build /home/parallels/CLionProjects/Homeworks/robotics_v1/build/sdl_utils -- -j4 -l4
[0.225s] Invoking command in '/home/parallels/CLionProjects/Homeworks/robotics_v1/build/sdl_utils': CMAKE_PREFIX_PATH=/home/parallels/CLionProjects/Homeworks/robotics_v1/install/resource_utils:/home/parallels/CLionProjects/Homeworks/robotics_v1/install/utils:/home/parallels/CLionProjects/Homeworks/robotics_v1/install/cmake_helpers:/opt/ros/foxy PKG_CONFIG_PATH=/home/parallels/CLionProjects/Homeworks/robotics_v1/install/resource_utils/lib/aarch64-linux-gnu/pkgconfig:/home/parallels/CLionProjects/Homeworks/robotics_v1/install/resource_utils/lib/pkgconfig:/home/parallels/CLionProjects/Homeworks/robotics_v1/install/utils/lib/aarch64-linux-gnu/pkgconfig:/home/parallels/CLionProjects/Homeworks/robotics_v1/install/utils/lib/pkgconfig:/home/parallels/CLionProjects/Homeworks/robotics_v1/install/cmake_helpers/lib/aarch64-linux-gnu/pkgconfig:/home/parallels/CLionProjects/Homeworks/robotics_v1/install/cmake_helpers/lib/pkgconfig /usr/bin/cmake --install /home/parallels/CLionProjects/Homeworks/robotics_v1/build/sdl_utils
[0.235s] -- Install configuration: "RelWithDebInfo"
[0.235s] -- Up-to-date: /home/parallels/CLionProjects/Homeworks/robotics_v1/install/sdl_utils/share/sdl_utils/package.xml
[0.235s] -- Up-to-date: /home/parallels/CLionProjects/Homeworks/robotics_v1/install/sdl_utils/lib/sdl_utils/libsdl_utils.a
[0.235s] -- Installing: /home/parallels/CLionProjects/Homeworks/robotics_v1/install/sdl_utils/share/ament_index/resource_index/packages/sdl_utils
[0.235s] -- Up-to-date: /home/parallels/CLionProjects/Homeworks/robotics_v1/install/sdl_utils/share/sdl_utils/hook/ament_prefix_path.dsv
[0.236s] -- Up-to-date: /home/parallels/CLionProjects/Homeworks/robotics_v1/install/sdl_utils/share/sdl_utils/hook/ros_package_path.dsv
[0.236s] -- Up-to-date: /home/parallels/CLionProjects/Homeworks/robotics_v1/install/sdl_utils/share/ament_index/resource_index/package_run_dependencies/sdl_utils
[0.236s] -- Up-to-date: /home/parallels/CLionProjects/Homeworks/robotics_v1/install/sdl_utils/share/ament_index/resource_index/parent_prefix_path/sdl_utils
[0.236s] -- Up-to-date: /home/parallels/CLionProjects/Homeworks/robotics_v1/install/sdl_utils/share/sdl_utils/environment/ament_prefix_path.sh
[0.236s] -- Up-to-date: /home/parallels/CLionProjects/Homeworks/robotics_v1/install/sdl_utils/share/sdl_utils/environment/ament_prefix_path.dsv
[0.236s] -- Up-to-date: /home/parallels/CLionProjects/Homeworks/robotics_v1/install/sdl_utils/share/sdl_utils/environment/path.sh
[0.236s] -- Up-to-date: /home/parallels/CLionProjects/Homeworks/robotics_v1/install/sdl_utils/share/sdl_utils/environment/path.dsv
[0.236s] -- Up-to-date: /home/parallels/CLionProjects/Homeworks/robotics_v1/install/sdl_utils/share/sdl_utils/local_setup.bash
[0.236s] -- Up-to-date: /home/parallels/CLionProjects/Homeworks/robotics_v1/install/sdl_utils/share/sdl_utils/local_setup.sh
[0.236s] -- Up-to-date: /home/parallels/CLionProjects/Homeworks/robotics_v1/install/sdl_utils/share/sdl_utils/local_setup.zsh
[0.236s] -- Up-to-date: /home/parallels/CLionProjects/Homeworks/robotics_v1/install/sdl_utils/share/sdl_utils/local_setup.dsv
[0.236s] -- Up-to-date: /home/parallels/CLionProjects/Homeworks/robotics_v1/install/sdl_utils/share/sdl_utils/package.dsv
[0.236s] -- Installing: /home/parallels/CLionProjects/Homeworks/robotics_v1/install/sdl_utils/share/ament_index/resource_index/packages/sdl_utils
[0.236s] -- Up-to-date: /home/parallels/CLionProjects/Homeworks/robotics_v1/install/sdl_utils/share/sdl_utils/cmake/sdl_utilsConfig.cmake
[0.236s] -- Up-to-date: /home/parallels/CLionProjects/Homeworks/robotics_v1/install/sdl_utils/share/sdl_utils/cmake/sdl_utilsConfig-version.cmake
[0.236s] -- Up-to-date: /home/parallels/CLionProjects/Homeworks/robotics_v1/install/sdl_utils/share/sdl_utils/package.xml
[0.236s] -- Up-to-date: /home/parallels/CLionProjects/Homeworks/robotics_v1/install/sdl_utils/lib/libsdl_utils.a
[0.236s] -- Up-to-date: /home/parallels/CLionProjects/Homeworks/robotics_v1/install/sdl_utils/include
[0.236s] -- Up-to-date: /home/parallels/CLionProjects/Homeworks/robotics_v1/install/sdl_utils/include/sdl_utils
[0.237s] -- Up-to-date: /home/parallels/CLionProjects/Homeworks/robotics_v1/install/sdl_utils/include/sdl_utils/SDLLoader.h
[0.237s] -- Up-to-date: /home/parallels/CLionProjects/Homeworks/robotics_v1/install/sdl_utils/include/sdl_utils/containers
[0.237s] -- Up-to-date: /home/parallels/CLionProjects/Homeworks/robotics_v1/install/sdl_utils/include/sdl_utils/containers/FontContainer.h
[0.237s] -- Up-to-date: /home/parallels/CLionProjects/Homeworks/robotics_v1/install/sdl_utils/include/sdl_utils/containers/SDLContainers.h
[0.237s] -- Up-to-date: /home/parallels/CLionProjects/Homeworks/robotics_v1/install/sdl_utils/include/sdl_utils/containers/ResourceContainer.h
[0.237s] -- Up-to-date: /home/parallels/CLionProjects/Homeworks/robotics_v1/install/sdl_utils/include/sdl_utils/containers/FboContainer.h
[0.237s] -- Up-to-date: /home/parallels/CLionProjects/Homeworks/robotics_v1/install/sdl_utils/include/sdl_utils/containers/SoundContainer.h
[0.237s] -- Up-to-date: /home/parallels/CLionProjects/Homeworks/robotics_v1/install/sdl_utils/include/sdl_utils/containers/TextContainer.h
[0.237s] -- Up-to-date: /home/parallels/CLionProjects/Homeworks/robotics_v1/install/sdl_utils/include/sdl_utils/containers/config
[0.237s] -- Up-to-date: /home/parallels/CLionProjects/Homeworks/robotics_v1/install/sdl_utils/include/sdl_utils/containers/config/SDLContainersConfig.h
[0.237s] -- Up-to-date: /home/parallels/CLionProjects/Homeworks/robotics_v1/install/sdl_utils/include/sdl_utils/drawing
[0.237s] -- Up-to-date: /home/parallels/CLionProjects/Homeworks/robotics_v1/install/sdl_utils/include/sdl_utils/drawing/DrawParams.h
[0.237s] -- Up-to-date: /home/parallels/CLionProjects/Homeworks/robotics_v1/install/sdl_utils/include/sdl_utils/drawing/Renderer.h
[0.237s] -- Up-to-date: /home/parallels/CLionProjects/Homeworks/robotics_v1/install/sdl_utils/include/sdl_utils/drawing/RendererState.h
[0.237s] -- Up-to-date: /home/parallels/CLionProjects/Homeworks/robotics_v1/install/sdl_utils/include/sdl_utils/drawing/Texture.h
[0.237s] -- Up-to-date: /home/parallels/CLionProjects/Homeworks/robotics_v1/install/sdl_utils/include/sdl_utils/drawing/defines
[0.237s] -- Up-to-date: /home/parallels/CLionProjects/Homeworks/robotics_v1/install/sdl_utils/include/sdl_utils/drawing/defines/DrawUtilityDefines.h
[0.237s] -- Up-to-date: /home/parallels/CLionProjects/Homeworks/robotics_v1/install/sdl_utils/include/sdl_utils/drawing/defines/DrawConstants.h
[0.237s] -- Up-to-date: /home/parallels/CLionProjects/Homeworks/robotics_v1/install/sdl_utils/include/sdl_utils/drawing/defines/RendererDefines.h
[0.237s] -- Up-to-date: /home/parallels/CLionProjects/Homeworks/robotics_v1/install/sdl_utils/include/sdl_utils/drawing/defines/MonitorDefines.h
[0.237s] -- Up-to-date: /home/parallels/CLionProjects/Homeworks/robotics_v1/install/sdl_utils/include/sdl_utils/drawing/LoadingScreen.h
[0.237s] -- Up-to-date: /home/parallels/CLionProjects/Homeworks/robotics_v1/install/sdl_utils/include/sdl_utils/drawing/GeometryUtils.h
[0.238s] -- Up-to-date: /home/parallels/CLionProjects/Homeworks/robotics_v1/install/sdl_utils/include/sdl_utils/drawing/MonitorWindow.h
[0.238s] -- Up-to-date: /home/parallels/CLionProjects/Homeworks/robotics_v1/install/sdl_utils/include/sdl_utils/drawing/config
[0.238s] -- Up-to-date: /home/parallels/CLionProjects/Homeworks/robotics_v1/install/sdl_utils/include/sdl_utils/drawing/config/RendererConfig.h
[0.238s] -- Up-to-date: /home/parallels/CLionProjects/Homeworks/robotics_v1/install/sdl_utils/include/sdl_utils/drawing/config/LoadingScreenConfig.h
[0.238s] -- Up-to-date: /home/parallels/CLionProjects/Homeworks/robotics_v1/install/sdl_utils/include/sdl_utils/drawing/config/MonitorWindowConfig.h
[0.238s] -- Up-to-date: /home/parallels/CLionProjects/Homeworks/robotics_v1/install/sdl_utils/include/sdl_utils/sound
[0.238s] -- Up-to-date: /home/parallels/CLionProjects/Homeworks/robotics_v1/install/sdl_utils/include/sdl_utils/sound/SoundMixer.h
[0.238s] -- Up-to-date: /home/parallels/CLionProjects/Homeworks/robotics_v1/install/sdl_utils/include/sdl_utils/sound/defines
[0.238s] -- Up-to-date: /home/parallels/CLionProjects/Homeworks/robotics_v1/install/sdl_utils/include/sdl_utils/sound/defines/SoundMixerDefines.h
[0.238s] -- Up-to-date: /home/parallels/CLionProjects/Homeworks/robotics_v1/install/sdl_utils/include/sdl_utils/input
[0.238s] -- Up-to-date: /home/parallels/CLionProjects/Homeworks/robotics_v1/install/sdl_utils/include/sdl_utils/input/TouchEntity.h
[0.238s] -- Up-to-date: /home/parallels/CLionProjects/Homeworks/robotics_v1/install/sdl_utils/include/sdl_utils/input/TouchEntityInterface.h
[0.238s] -- Up-to-date: /home/parallels/CLionProjects/Homeworks/robotics_v1/install/sdl_utils/include/sdl_utils/input/InputEventGenerator.h
[0.238s] -- Up-to-date: /home/parallels/CLionProjects/Homeworks/robotics_v1/install/sdl_utils/include/sdl_utils/input/defines
[0.238s] -- Up-to-date: /home/parallels/CLionProjects/Homeworks/robotics_v1/install/sdl_utils/include/sdl_utils/input/defines/EventDefines.h
[0.238s] -- Up-to-date: /home/parallels/CLionProjects/Homeworks/robotics_v1/install/sdl_utils/include/sdl_utils/input/InputEvent.h
[0.238s] -- Up-to-date: /home/parallels/CLionProjects/Homeworks/robotics_v1/install/sdl_utils/include/sdl_utils/input/MouseUtils.h
[0.238s] -- Up-to-date: /home/parallels/CLionProjects/Homeworks/robotics_v1/install/sdl_utils/lib/cmake/sdl_utils/sdl_utilsTargets.cmake
[0.238s] -- Up-to-date: /home/parallels/CLionProjects/Homeworks/robotics_v1/install/sdl_utils/lib/cmake/sdl_utils/sdl_utilsTargets-relwithdebinfo.cmake
[0.238s] -- Up-to-date: /home/parallels/CLionProjects/Homeworks/robotics_v1/install/sdl_utils/lib/cmake/sdl_utils/sdl_utilsConfig.cmake
[0.241s] Invoked command in '/home/parallels/CLionProjects/Homeworks/robotics_v1/build/sdl_utils' returned '0': CMAKE_PREFIX_PATH=/home/parallels/CLionProjects/Homeworks/robotics_v1/install/resource_utils:/home/parallels/CLionProjects/Homeworks/robotics_v1/install/utils:/home/parallels/CLionProjects/Homeworks/robotics_v1/install/cmake_helpers:/opt/ros/foxy PKG_CONFIG_PATH=/home/parallels/CLionProjects/Homeworks/robotics_v1/install/resource_utils/lib/aarch64-linux-gnu/pkgconfig:/home/parallels/CLionProjects/Homeworks/robotics_v1/install/resource_utils/lib/pkgconfig:/home/parallels/CLionProjects/Homeworks/robotics_v1/install/utils/lib/aarch64-linux-gnu/pkgconfig:/home/parallels/CLionProjects/Homeworks/robotics_v1/install/utils/lib/pkgconfig:/home/parallels/CLionProjects/Homeworks/robotics_v1/install/cmake_helpers/lib/aarch64-linux-gnu/pkgconfig:/home/parallels/CLionProjects/Homeworks/robotics_v1/install/cmake_helpers/lib/pkgconfig /usr/bin/cmake --install /home/parallels/CLionProjects/Homeworks/robotics_v1/build/sdl_utils
