[0.044s] Invoking command in '/home/parallels/CLionProjects/Homeworks/robotics_v1/build/ur_control_gui': AMENT_PREFIX_PATH=/home/parallels/CLionProjects/Homeworks/robotics_v1/install/urscript_common:/home/parallels/CLionProjects/Homeworks/robotics_v1/install/urscript_interfaces:/home/parallels/CLionProjects/Homeworks/robotics_v1/install/ur_dashboard_msgs:${AMENT_PREFIX_PATH} CMAKE_PREFIX_PATH=/home/parallels/CLionProjects/Homeworks/robotics_v1/install/ros2_game_engine:/home/parallels/CLionProjects/Homeworks/robotics_v1/install/game_engine:/home/parallels/CLionProjects/Homeworks/robotics_v1/install/manager_utils:/home/parallels/CLionProjects/Homeworks/robotics_v1/install/sdl_utils:/home/parallels/CLionProjects/Homeworks/robotics_v1/install/urscript_common:/home/parallels/CLionProjects/Homeworks/robotics_v1/install/resource_utils:/home/parallels/CLionProjects/Homeworks/robotics_v1/install/utils:/home/parallels/CLionProjects/Homeworks/robotics_v1/install/urscript_interfaces:/home/parallels/CLionProjects/Homeworks/robotics_v1/install/ur_dashboard_msgs:/home/parallels/CLionProjects/Homeworks/robotics_v1/install/cmake_helpers:/opt/ros/foxy LD_LIBRARY_PATH=/home/parallels/CLionProjects/Homeworks/robotics_v1/install/urscript_interfaces/lib:/home/parallels/CLionProjects/Homeworks/robotics_v1/install/ur_dashboard_msgs/lib:${LD_LIBRARY_PATH} PKG_CONFIG_PATH=/home/parallels/CLionProjects/Homeworks/robotics_v1/install/ros2_game_engine/lib/aarch64-linux-gnu/pkgconfig:/home/parallels/CLionProjects/Homeworks/robotics_v1/install/ros2_game_engine/lib/pkgconfig:/home/parallels/CLionProjects/Homeworks/robotics_v1/install/game_engine/lib/aarch64-linux-gnu/pkgconfig:/home/parallels/CLionProjects/Homeworks/robotics_v1/install/game_engine/lib/pkgconfig:/home/parallels/CLionProjects/Homeworks/robotics_v1/install/manager_utils/lib/aarch64-linux-gnu/pkgconfig:/home/parallels/CLionProjects/Homeworks/robotics_v1/install/manager_utils/lib/pkgconfig:/home/parallels/CLionProjects/Homeworks/robotics_v1/install/sdl_utils/lib/aarch64-linux-gnu/pkgconfig:/home/parallels/CLionProjects/Homeworks/robotics_v1/install/sdl_utils/lib/pkgconfig:/home/parallels/CLionProjects/Homeworks/robotics_v1/install/resource_utils/lib/aarch64-linux-gnu/pkgconfig:/home/parallels/CLionProjects/Homeworks/robotics_v1/install/resource_utils/lib/pkgconfig:/home/parallels/CLionProjects/Homeworks/robotics_v1/install/utils/lib/aarch64-linux-gnu/pkgconfig:/home/parallels/CLionProjects/Homeworks/robotics_v1/install/utils/lib/pkgconfig:/home/parallels/CLionProjects/Homeworks/robotics_v1/install/cmake_helpers/lib/aarch64-linux-gnu/pkgconfig:/home/parallels/CLionProjects/Homeworks/robotics_v1/install/cmake_helpers/lib/pkgconfig PYTHONPATH=/home/parallels/CLionProjects/Homeworks/robotics_v1/install/urscript_interfaces/lib/python3.8/site-packages:/home/parallels/CLionProjects/Homeworks/robotics_v1/install/ur_dashboard_msgs/lib/python3.8/site-packages:${PYTHONPATH} /usr/bin/cmake /home/parallels/CLionProjects/Homeworks/robotics_v1/src/ur_dev/ur_control_gui -DCMAKE_BUILD_TYPE=Debug -DCMAKE_CXX_COMPILER=/usr/bin/clang++ -DAMENT_CMAKE_SYMLINK_INSTALL=1 -DCMAKE_INSTALL_PREFIX=/home/parallels/CLionProjects/Homeworks/robotics_v1/install/ur_control_gui
[0.131s] -- The CXX compiler identification is Clang 10.0.0
[0.135s] -- Check for working CXX compiler: /usr/bin/clang++
[0.235s] -- Check for working CXX compiler: /usr/bin/clang++ -- works
[0.236s] -- Detecting CXX compiler ABI info
[0.331s] -- Detecting CXX compiler ABI info - done
[0.338s] -- Detecting CXX compile features
[0.338s] -- Detecting CXX compile features - done
[0.339s] -- Found cmake_helpers: 1.0.0 (/home/parallels/CLionProjects/Homeworks/robotics_v1/install/cmake_helpers/share/cmake_helpers/cmake)
[0.341s] -- Found ament_cmake: 0.9.9 (/opt/ros/foxy/share/ament_cmake/cmake)
[0.357s] -- Found PythonInterp: /usr/bin/python3 (found suitable version "3.8.10", minimum required is "3") 
[0.357s] -- Using PYTHON_EXECUTABLE: /usr/bin/python3
[0.445s] -- Override CMake install command with custom implementation using symlinks instead of copying resources
[0.465s] -- Found ament_index_cpp: 1.1.0 (/opt/ros/foxy/share/ament_index_cpp/cmake)
[0.468s] -- Found rclcpp: 2.4.1 (/opt/ros/foxy/share/rclcpp/cmake)
[0.503s] -- Using all available rosidl_typesupport_c: rosidl_typesupport_fastrtps_c;rosidl_typesupport_introspection_c
[0.508s] -- Found rosidl_adapter: 1.2.1 (/opt/ros/foxy/share/rosidl_adapter/cmake)
[0.567s] -- Found OpenSSL: /usr/lib/aarch64-linux-gnu/libcrypto.so (found version "1.1.1f")  
[0.590s] -- Found FastRTPS: /opt/ros/foxy/include  
[0.652s] -- Using all available rosidl_typesupport_cpp: rosidl_typesupport_fastrtps_cpp;rosidl_typesupport_introspection_cpp
[0.693s] -- Found rmw_implementation_cmake: 1.0.3 (/opt/ros/foxy/share/rmw_implementation_cmake/cmake)
[0.694s] -- Using RMW implementation 'rmw_fastrtps_cpp' as default
[0.695s] -- Looking for C++ include pthread.h
[0.785s] -- Looking for C++ include pthread.h - found
[0.786s] -- Performing Test CMAKE_HAVE_LIBC_PTHREAD
[0.881s] -- Performing Test CMAKE_HAVE_LIBC_PTHREAD - Failed
[0.882s] -- Looking for pthread_create in pthreads
[0.954s] -- Looking for pthread_create in pthreads - not found
[0.954s] -- Looking for pthread_create in pthread
[1.044s] -- Looking for pthread_create in pthread - found
[1.045s] -- Found Threads: TRUE  
[1.155s] -- Found std_srvs: 2.0.5 (/opt/ros/foxy/share/std_srvs/cmake)
[1.163s] -- Found ur_dashboard_msgs: 0.0.0 (/home/parallels/CLionProjects/Homeworks/robotics_v1/install/ur_dashboard_msgs/share/ur_dashboard_msgs/cmake)
[1.253s] -- Found urscript_interfaces: 1.0.0 (/home/parallels/CLionProjects/Homeworks/robotics_v1/install/urscript_interfaces/share/urscript_interfaces/cmake)
[4.236s] -- Configuring done
[4.253s] -- Generating done
[4.254s] -- Build files have been written to: /home/parallels/CLionProjects/Homeworks/robotics_v1/build/ur_control_gui
[4.259s] Invoked command in '/home/parallels/CLionProjects/Homeworks/robotics_v1/build/ur_control_gui' returned '0': AMENT_PREFIX_PATH=/home/parallels/CLionProjects/Homeworks/robotics_v1/install/urscript_common:/home/parallels/CLionProjects/Homeworks/robotics_v1/install/urscript_interfaces:/home/parallels/CLionProjects/Homeworks/robotics_v1/install/ur_dashboard_msgs:${AMENT_PREFIX_PATH} CMAKE_PREFIX_PATH=/home/parallels/CLionProjects/Homeworks/robotics_v1/install/ros2_game_engine:/home/parallels/CLionProjects/Homeworks/robotics_v1/install/game_engine:/home/parallels/CLionProjects/Homeworks/robotics_v1/install/manager_utils:/home/parallels/CLionProjects/Homeworks/robotics_v1/install/sdl_utils:/home/parallels/CLionProjects/Homeworks/robotics_v1/install/urscript_common:/home/parallels/CLionProjects/Homeworks/robotics_v1/install/resource_utils:/home/parallels/CLionProjects/Homeworks/robotics_v1/install/utils:/home/parallels/CLionProjects/Homeworks/robotics_v1/install/urscript_interfaces:/home/parallels/CLionProjects/Homeworks/robotics_v1/install/ur_dashboard_msgs:/home/parallels/CLionProjects/Homeworks/robotics_v1/install/cmake_helpers:/opt/ros/foxy LD_LIBRARY_PATH=/home/parallels/CLionProjects/Homeworks/robotics_v1/install/urscript_interfaces/lib:/home/parallels/CLionProjects/Homeworks/robotics_v1/install/ur_dashboard_msgs/lib:${LD_LIBRARY_PATH} PKG_CONFIG_PATH=/home/parallels/CLionProjects/Homeworks/robotics_v1/install/ros2_game_engine/lib/aarch64-linux-gnu/pkgconfig:/home/parallels/CLionProjects/Homeworks/robotics_v1/install/ros2_game_engine/lib/pkgconfig:/home/parallels/CLionProjects/Homeworks/robotics_v1/install/game_engine/lib/aarch64-linux-gnu/pkgconfig:/home/parallels/CLionProjects/Homeworks/robotics_v1/install/game_engine/lib/pkgconfig:/home/parallels/CLionProjects/Homeworks/robotics_v1/install/manager_utils/lib/aarch64-linux-gnu/pkgconfig:/home/parallels/CLionProjects/Homeworks/robotics_v1/install/manager_utils/lib/pkgconfig:/home/parallels/CLionProjects/Homeworks/robotics_v1/install/sdl_utils/lib/aarch64-linux-gnu/pkgconfig:/home/parallels/CLionProjects/Homeworks/robotics_v1/install/sdl_utils/lib/pkgconfig:/home/parallels/CLionProjects/Homeworks/robotics_v1/install/resource_utils/lib/aarch64-linux-gnu/pkgconfig:/home/parallels/CLionProjects/Homeworks/robotics_v1/install/resource_utils/lib/pkgconfig:/home/parallels/CLionProjects/Homeworks/robotics_v1/install/utils/lib/aarch64-linux-gnu/pkgconfig:/home/parallels/CLionProjects/Homeworks/robotics_v1/install/utils/lib/pkgconfig:/home/parallels/CLionProjects/Homeworks/robotics_v1/install/cmake_helpers/lib/aarch64-linux-gnu/pkgconfig:/home/parallels/CLionProjects/Homeworks/robotics_v1/install/cmake_helpers/lib/pkgconfig PYTHONPATH=/home/parallels/CLionProjects/Homeworks/robotics_v1/install/urscript_interfaces/lib/python3.8/site-packages:/home/parallels/CLionProjects/Homeworks/robotics_v1/install/ur_dashboard_msgs/lib/python3.8/site-packages:${PYTHONPATH} /usr/bin/cmake /home/parallels/CLionProjects/Homeworks/robotics_v1/src/ur_dev/ur_control_gui -DCMAKE_BUILD_TYPE=Debug -DCMAKE_CXX_COMPILER=/usr/bin/clang++ -DAMENT_CMAKE_SYMLINK_INSTALL=1 -DCMAKE_INSTALL_PREFIX=/home/parallels/CLionProjects/Homeworks/robotics_v1/install/ur_control_gui
[4.261s] Invoking command in '/home/parallels/CLionProjects/Homeworks/robotics_v1/build/ur_control_gui': AMENT_PREFIX_PATH=/home/parallels/CLionProjects/Homeworks/robotics_v1/install/urscript_common:/home/parallels/CLionProjects/Homeworks/robotics_v1/install/urscript_interfaces:/home/parallels/CLionProjects/Homeworks/robotics_v1/install/ur_dashboard_msgs:${AMENT_PREFIX_PATH} CMAKE_PREFIX_PATH=/home/parallels/CLionProjects/Homeworks/robotics_v1/install/ros2_game_engine:/home/parallels/CLionProjects/Homeworks/robotics_v1/install/game_engine:/home/parallels/CLionProjects/Homeworks/robotics_v1/install/manager_utils:/home/parallels/CLionProjects/Homeworks/robotics_v1/install/sdl_utils:/home/parallels/CLionProjects/Homeworks/robotics_v1/install/urscript_common:/home/parallels/CLionProjects/Homeworks/robotics_v1/install/resource_utils:/home/parallels/CLionProjects/Homeworks/robotics_v1/install/utils:/home/parallels/CLionProjects/Homeworks/robotics_v1/install/urscript_interfaces:/home/parallels/CLionProjects/Homeworks/robotics_v1/install/ur_dashboard_msgs:/home/parallels/CLionProjects/Homeworks/robotics_v1/install/cmake_helpers:/opt/ros/foxy LD_LIBRARY_PATH=/home/parallels/CLionProjects/Homeworks/robotics_v1/install/urscript_interfaces/lib:/home/parallels/CLionProjects/Homeworks/robotics_v1/install/ur_dashboard_msgs/lib:${LD_LIBRARY_PATH} PKG_CONFIG_PATH=/home/parallels/CLionProjects/Homeworks/robotics_v1/install/ros2_game_engine/lib/aarch64-linux-gnu/pkgconfig:/home/parallels/CLionProjects/Homeworks/robotics_v1/install/ros2_game_engine/lib/pkgconfig:/home/parallels/CLionProjects/Homeworks/robotics_v1/install/game_engine/lib/aarch64-linux-gnu/pkgconfig:/home/parallels/CLionProjects/Homeworks/robotics_v1/install/game_engine/lib/pkgconfig:/home/parallels/CLionProjects/Homeworks/robotics_v1/install/manager_utils/lib/aarch64-linux-gnu/pkgconfig:/home/parallels/CLionProjects/Homeworks/robotics_v1/install/manager_utils/lib/pkgconfig:/home/parallels/CLionProjects/Homeworks/robotics_v1/install/sdl_utils/lib/aarch64-linux-gnu/pkgconfig:/home/parallels/CLionProjects/Homeworks/robotics_v1/install/sdl_utils/lib/pkgconfig:/home/parallels/CLionProjects/Homeworks/robotics_v1/install/resource_utils/lib/aarch64-linux-gnu/pkgconfig:/home/parallels/CLionProjects/Homeworks/robotics_v1/install/resource_utils/lib/pkgconfig:/home/parallels/CLionProjects/Homeworks/robotics_v1/install/utils/lib/aarch64-linux-gnu/pkgconfig:/home/parallels/CLionProjects/Homeworks/robotics_v1/install/utils/lib/pkgconfig:/home/parallels/CLionProjects/Homeworks/robotics_v1/install/cmake_helpers/lib/aarch64-linux-gnu/pkgconfig:/home/parallels/CLionProjects/Homeworks/robotics_v1/install/cmake_helpers/lib/pkgconfig PYTHONPATH=/home/parallels/CLionProjects/Homeworks/robotics_v1/install/urscript_interfaces/lib/python3.8/site-packages:/home/parallels/CLionProjects/Homeworks/robotics_v1/install/ur_dashboard_msgs/lib/python3.8/site-packages:${PYTHONPATH} /usr/bin/cmake --build /home/parallels/CLionProjects/Homeworks/robotics_v1/build/ur_control_gui -- -j4 -l4
[4.295s] [35m[1mScanning dependencies of target ur_control_gui[0m
[4.344s] [  5%] [32mBuilding CXX object CMakeFiles/ur_control_gui.dir/src/main.cpp.o[0m
[5.108s] [ 11%] [32mBuilding CXX object CMakeFiles/ur_control_gui.dir/src/external_api/UrControlGuiExternalBridge.cpp.o[0m
[7.423s] [ 17%] [32mBuilding CXX object CMakeFiles/ur_control_gui.dir/src/external_api/UrControlGuiRos2ParamProvider.cpp.o[0m
[8.098s] [ 23%] [32mBuilding CXX object CMakeFiles/ur_control_gui.dir/src/external_api/DashboardProvider.cpp.o[0m
[9.251s] [ 29%] [32mBuilding CXX object CMakeFiles/ur_control_gui.dir/src/helpers/UrControlGuiBuilder.cpp.o[0m
[9.973s] [ 35%] [32mBuilding CXX object CMakeFiles/ur_control_gui.dir/src/helpers/UrControlGuiInitHelper.cpp.o[0m
[10.737s] [ 41%] [32mBuilding CXX object CMakeFiles/ur_control_gui.dir/src/helpers/ScriptParser.cpp.o[0m
[11.009s] [ 47%] [32mBuilding CXX object CMakeFiles/ur_control_gui.dir/src/layout/UrControlGuiLayout.cpp.o[0m
[11.234s] [ 52%] [32mBuilding CXX object CMakeFiles/ur_control_gui.dir/src/layout/helpers/UrControlGuiLayoutInitHelper.cpp.o[0m
[11.428s] [ 58%] [32mBuilding CXX object CMakeFiles/ur_control_gui.dir/src/layout/entities/robot/SafetyModeVisuals.cpp.o[0m
[11.566s] [ 64%] [32mBuilding CXX object CMakeFiles/ur_control_gui.dir/src/layout/entities/buttons/ButtonHandler.cpp.o[0m
[11.775s] [ 70%] [32mBuilding CXX object CMakeFiles/ur_control_gui.dir/src/layout/entities/buttons/CommandButton.cpp.o[0m
[11.903s] [ 76%] [32mBuilding CXX object CMakeFiles/ur_control_gui.dir/src/layout/entities/buttons/UrScriptButton.cpp.o[0m
[12.094s] [ 82%] [32mBuilding CXX object CMakeFiles/ur_control_gui.dir/src/layout/entities/buttons/DashboardButton.cpp.o[0m
[12.281s] [ 88%] [32mBuilding CXX object CMakeFiles/ur_control_gui.dir/src/config/UrControlGuiConfigGenerator.cpp.o[0m
[12.938s] [ 94%] [32mBuilding CXX object CMakeFiles/ur_control_gui.dir/src/UrControlGui.cpp.o[0m
[13.613s] [100%] [32m[1mLinking CXX executable ur_control_gui[0m
[14.193s] [100%] Built target ur_control_gui
[14.202s] Invoked command in '/home/parallels/CLionProjects/Homeworks/robotics_v1/build/ur_control_gui' returned '0': AMENT_PREFIX_PATH=/home/parallels/CLionProjects/Homeworks/robotics_v1/install/urscript_common:/home/parallels/CLionProjects/Homeworks/robotics_v1/install/urscript_interfaces:/home/parallels/CLionProjects/Homeworks/robotics_v1/install/ur_dashboard_msgs:${AMENT_PREFIX_PATH} CMAKE_PREFIX_PATH=/home/parallels/CLionProjects/Homeworks/robotics_v1/install/ros2_game_engine:/home/parallels/CLionProjects/Homeworks/robotics_v1/install/game_engine:/home/parallels/CLionProjects/Homeworks/robotics_v1/install/manager_utils:/home/parallels/CLionProjects/Homeworks/robotics_v1/install/sdl_utils:/home/parallels/CLionProjects/Homeworks/robotics_v1/install/urscript_common:/home/parallels/CLionProjects/Homeworks/robotics_v1/install/resource_utils:/home/parallels/CLionProjects/Homeworks/robotics_v1/install/utils:/home/parallels/CLionProjects/Homeworks/robotics_v1/install/urscript_interfaces:/home/parallels/CLionProjects/Homeworks/robotics_v1/install/ur_dashboard_msgs:/home/parallels/CLionProjects/Homeworks/robotics_v1/install/cmake_helpers:/opt/ros/foxy LD_LIBRARY_PATH=/home/parallels/CLionProjects/Homeworks/robotics_v1/install/urscript_interfaces/lib:/home/parallels/CLionProjects/Homeworks/robotics_v1/install/ur_dashboard_msgs/lib:${LD_LIBRARY_PATH} PKG_CONFIG_PATH=/home/parallels/CLionProjects/Homeworks/robotics_v1/install/ros2_game_engine/lib/aarch64-linux-gnu/pkgconfig:/home/parallels/CLionProjects/Homeworks/robotics_v1/install/ros2_game_engine/lib/pkgconfig:/home/parallels/CLionProjects/Homeworks/robotics_v1/install/game_engine/lib/aarch64-linux-gnu/pkgconfig:/home/parallels/CLionProjects/Homeworks/robotics_v1/install/game_engine/lib/pkgconfig:/home/parallels/CLionProjects/Homeworks/robotics_v1/install/manager_utils/lib/aarch64-linux-gnu/pkgconfig:/home/parallels/CLionProjects/Homeworks/robotics_v1/install/manager_utils/lib/pkgconfig:/home/parallels/CLionProjects/Homeworks/robotics_v1/install/sdl_utils/lib/aarch64-linux-gnu/pkgconfig:/home/parallels/CLionProjects/Homeworks/robotics_v1/install/sdl_utils/lib/pkgconfig:/home/parallels/CLionProjects/Homeworks/robotics_v1/install/resource_utils/lib/aarch64-linux-gnu/pkgconfig:/home/parallels/CLionProjects/Homeworks/robotics_v1/install/resource_utils/lib/pkgconfig:/home/parallels/CLionProjects/Homeworks/robotics_v1/install/utils/lib/aarch64-linux-gnu/pkgconfig:/home/parallels/CLionProjects/Homeworks/robotics_v1/install/utils/lib/pkgconfig:/home/parallels/CLionProjects/Homeworks/robotics_v1/install/cmake_helpers/lib/aarch64-linux-gnu/pkgconfig:/home/parallels/CLionProjects/Homeworks/robotics_v1/install/cmake_helpers/lib/pkgconfig PYTHONPATH=/home/parallels/CLionProjects/Homeworks/robotics_v1/install/urscript_interfaces/lib/python3.8/site-packages:/home/parallels/CLionProjects/Homeworks/robotics_v1/install/ur_dashboard_msgs/lib/python3.8/site-packages:${PYTHONPATH} /usr/bin/cmake --build /home/parallels/CLionProjects/Homeworks/robotics_v1/build/ur_control_gui -- -j4 -l4
[14.247s] Invoking command in '/home/parallels/CLionProjects/Homeworks/robotics_v1/build/ur_control_gui': AMENT_PREFIX_PATH=/home/parallels/CLionProjects/Homeworks/robotics_v1/install/urscript_common:/home/parallels/CLionProjects/Homeworks/robotics_v1/install/urscript_interfaces:/home/parallels/CLionProjects/Homeworks/robotics_v1/install/ur_dashboard_msgs:${AMENT_PREFIX_PATH} CMAKE_PREFIX_PATH=/home/parallels/CLionProjects/Homeworks/robotics_v1/install/ros2_game_engine:/home/parallels/CLionProjects/Homeworks/robotics_v1/install/game_engine:/home/parallels/CLionProjects/Homeworks/robotics_v1/install/manager_utils:/home/parallels/CLionProjects/Homeworks/robotics_v1/install/sdl_utils:/home/parallels/CLionProjects/Homeworks/robotics_v1/install/urscript_common:/home/parallels/CLionProjects/Homeworks/robotics_v1/install/resource_utils:/home/parallels/CLionProjects/Homeworks/robotics_v1/install/utils:/home/parallels/CLionProjects/Homeworks/robotics_v1/install/urscript_interfaces:/home/parallels/CLionProjects/Homeworks/robotics_v1/install/ur_dashboard_msgs:/home/parallels/CLionProjects/Homeworks/robotics_v1/install/cmake_helpers:/opt/ros/foxy LD_LIBRARY_PATH=/home/parallels/CLionProjects/Homeworks/robotics_v1/install/urscript_interfaces/lib:/home/parallels/CLionProjects/Homeworks/robotics_v1/install/ur_dashboard_msgs/lib:${LD_LIBRARY_PATH} PKG_CONFIG_PATH=/home/parallels/CLionProjects/Homeworks/robotics_v1/install/ros2_game_engine/lib/aarch64-linux-gnu/pkgconfig:/home/parallels/CLionProjects/Homeworks/robotics_v1/install/ros2_game_engine/lib/pkgconfig:/home/parallels/CLionProjects/Homeworks/robotics_v1/install/game_engine/lib/aarch64-linux-gnu/pkgconfig:/home/parallels/CLionProjects/Homeworks/robotics_v1/install/game_engine/lib/pkgconfig:/home/parallels/CLionProjects/Homeworks/robotics_v1/install/manager_utils/lib/aarch64-linux-gnu/pkgconfig:/home/parallels/CLionProjects/Homeworks/robotics_v1/install/manager_utils/lib/pkgconfig:/home/parallels/CLionProjects/Homeworks/robotics_v1/install/sdl_utils/lib/aarch64-linux-gnu/pkgconfig:/home/parallels/CLionProjects/Homeworks/robotics_v1/install/sdl_utils/lib/pkgconfig:/home/parallels/CLionProjects/Homeworks/robotics_v1/install/resource_utils/lib/aarch64-linux-gnu/pkgconfig:/home/parallels/CLionProjects/Homeworks/robotics_v1/install/resource_utils/lib/pkgconfig:/home/parallels/CLionProjects/Homeworks/robotics_v1/install/utils/lib/aarch64-linux-gnu/pkgconfig:/home/parallels/CLionProjects/Homeworks/robotics_v1/install/utils/lib/pkgconfig:/home/parallels/CLionProjects/Homeworks/robotics_v1/install/cmake_helpers/lib/aarch64-linux-gnu/pkgconfig:/home/parallels/CLionProjects/Homeworks/robotics_v1/install/cmake_helpers/lib/pkgconfig PYTHONPATH=/home/parallels/CLionProjects/Homeworks/robotics_v1/install/urscript_interfaces/lib/python3.8/site-packages:/home/parallels/CLionProjects/Homeworks/robotics_v1/install/ur_dashboard_msgs/lib/python3.8/site-packages:${PYTHONPATH} /usr/bin/cmake --install /home/parallels/CLionProjects/Homeworks/robotics_v1/build/ur_control_gui
[14.254s] -- Install configuration: "Debug"
[14.254s] -- Execute custom install script
[14.254s] -- Symlinking: /home/parallels/CLionProjects/Homeworks/robotics_v1/install/ur_control_gui/share/ur_control_gui/package.xml
[14.261s] -- Symlinking: /home/parallels/CLionProjects/Homeworks/robotics_v1/install/ur_control_gui/share/ur_control_gui//launch/launch.py
[14.268s] -- Symlinking: /home/parallels/CLionProjects/Homeworks/robotics_v1/install/ur_control_gui/share/ur_control_gui//config/params.yaml
[14.275s] -- Symlinking: /home/parallels/CLionProjects/Homeworks/robotics_v1/install/ur_control_gui/lib/ur_control_gui/ur_control_gui
[14.282s] -- Symlinking: /home/parallels/CLionProjects/Homeworks/robotics_v1/install/ur_control_gui/share/ament_index/resource_index/packages/ur_control_gui
[14.290s] -- Symlinking: /home/parallels/CLionProjects/Homeworks/robotics_v1/install/ur_control_gui/share/ur_control_gui/hook/ament_prefix_path.dsv
[14.297s] -- Symlinking: /home/parallels/CLionProjects/Homeworks/robotics_v1/install/ur_control_gui/share/ur_control_gui/hook/ros_package_path.dsv
[14.304s] -- Symlinking: /home/parallels/CLionProjects/Homeworks/robotics_v1/install/ur_control_gui/share/ament_index/resource_index/package_run_dependencies/ur_control_gui
[14.311s] -- Symlinking: /home/parallels/CLionProjects/Homeworks/robotics_v1/install/ur_control_gui/share/ament_index/resource_index/parent_prefix_path/ur_control_gui
[14.318s] -- Symlinking: /home/parallels/CLionProjects/Homeworks/robotics_v1/install/ur_control_gui/share/ur_control_gui/environment/ament_prefix_path.sh
[14.325s] -- Symlinking: /home/parallels/CLionProjects/Homeworks/robotics_v1/install/ur_control_gui/share/ur_control_gui/environment/ament_prefix_path.dsv
[14.333s] -- Symlinking: /home/parallels/CLionProjects/Homeworks/robotics_v1/install/ur_control_gui/share/ur_control_gui/environment/path.sh
[14.341s] -- Symlinking: /home/parallels/CLionProjects/Homeworks/robotics_v1/install/ur_control_gui/share/ur_control_gui/environment/path.dsv
[14.347s] -- Symlinking: /home/parallels/CLionProjects/Homeworks/robotics_v1/install/ur_control_gui/share/ur_control_gui/local_setup.bash
[14.355s] -- Symlinking: /home/parallels/CLionProjects/Homeworks/robotics_v1/install/ur_control_gui/share/ur_control_gui/local_setup.sh
[14.362s] -- Symlinking: /home/parallels/CLionProjects/Homeworks/robotics_v1/install/ur_control_gui/share/ur_control_gui/local_setup.zsh
[14.369s] -- Symlinking: /home/parallels/CLionProjects/Homeworks/robotics_v1/install/ur_control_gui/share/ur_control_gui/local_setup.dsv
[14.376s] -- Symlinking: /home/parallels/CLionProjects/Homeworks/robotics_v1/install/ur_control_gui/share/ur_control_gui/package.dsv
[14.383s] -- Symlinking: /home/parallels/CLionProjects/Homeworks/robotics_v1/install/ur_control_gui/share/ament_index/resource_index/packages/ur_control_gui
[14.390s] -- Symlinking: /home/parallels/CLionProjects/Homeworks/robotics_v1/install/ur_control_gui/share/ur_control_gui/cmake/ur_control_guiConfig.cmake
[14.398s] -- Symlinking: /home/parallels/CLionProjects/Homeworks/robotics_v1/install/ur_control_gui/share/ur_control_gui/cmake/ur_control_guiConfig-version.cmake
[14.405s] -- Up-to-date symlink: /home/parallels/CLionProjects/Homeworks/robotics_v1/install/ur_control_gui/share/ur_control_gui/package.xml
[14.406s] -- Symlinking: /home/parallels/CLionProjects/Homeworks/robotics_v1/install/ur_control_gui/share/ur_control_gui/resources//UrControlGui.rsrc
[14.414s] -- Symlinking: /home/parallels/CLionProjects/Homeworks/robotics_v1/install/ur_control_gui/share/ur_control_gui/resources//f/vinque_rg_30.ttf
[14.421s] -- Symlinking: /home/parallels/CLionProjects/Homeworks/robotics_v1/install/ur_control_gui/share/ur_control_gui/resources//f/vinque_rg_45.ttf
[14.428s] -- Symlinking: /home/parallels/CLionProjects/Homeworks/robotics_v1/install/ur_control_gui/share/ur_control_gui/resources//generated/UrControlGuiResources.h
[14.435s] -- Symlinking: /home/parallels/CLionProjects/Homeworks/robotics_v1/install/ur_control_gui/share/ur_control_gui/resources//generated/UrControlGuiResourcesDynamic.h
[14.443s] -- Symlinking: /home/parallels/CLionProjects/Homeworks/robotics_v1/install/ur_control_gui/share/ur_control_gui/resources//generated/UrControlGuiResourcesDynamicValues.h
[14.450s] -- Symlinking: /home/parallels/CLionProjects/Homeworks/robotics_v1/install/ur_control_gui/share/ur_control_gui/resources//generated/fonts.bin
[14.457s] -- Symlinking: /home/parallels/CLionProjects/Homeworks/robotics_v1/install/ur_control_gui/share/ur_control_gui/resources//generated/resources.bin
[14.463s] -- Symlinking: /home/parallels/CLionProjects/Homeworks/robotics_v1/install/ur_control_gui/share/ur_control_gui/resources//generated/sounds.bin
[14.471s] -- Symlinking: /home/parallels/CLionProjects/Homeworks/robotics_v1/install/ur_control_gui/share/ur_control_gui/resources//p/background/background.png
[14.478s] -- Symlinking: /home/parallels/CLionProjects/Homeworks/robotics_v1/install/ur_control_gui/share/ur_control_gui/resources//p/background/ur.jpg
[14.486s] -- Symlinking: /home/parallels/CLionProjects/Homeworks/robotics_v1/install/ur_control_gui/share/ur_control_gui/resources//p/buttons/help_button.png
[14.493s] -- Symlinking: /home/parallels/CLionProjects/Homeworks/robotics_v1/install/ur_control_gui/share/ur_control_gui/resources//p/buttons/left_button.png
[14.500s] -- Symlinking: /home/parallels/CLionProjects/Homeworks/robotics_v1/install/ur_control_gui/share/ur_control_gui/resources//p/buttons/right_button.png
[14.506s] -- Symlinking: /home/parallels/CLionProjects/Homeworks/robotics_v1/install/ur_control_gui/share/ur_control_gui/resources//p/buttons/settings_button.png
[14.513s] -- Symlinking: /home/parallels/CLionProjects/Homeworks/robotics_v1/install/ur_control_gui/share/ur_control_gui/resources//p/buttons/up_button.png
[14.520s] -- Symlinking: /home/parallels/CLionProjects/Homeworks/robotics_v1/install/ur_control_gui/share/ur_control_gui/resources//p/icons/UR_logo.png
[14.528s] -- Symlinking: /home/parallels/CLionProjects/Homeworks/robotics_v1/install/ur_control_gui/share/ur_control_gui/resources//scripts/command00.script
[14.534s] -- Symlinking: /home/parallels/CLionProjects/Homeworks/robotics_v1/install/ur_control_gui/share/ur_control_gui/resources//scripts/command01.script
[14.542s] -- Symlinking: /home/parallels/CLionProjects/Homeworks/robotics_v1/install/ur_control_gui/share/ur_control_gui/resources//scripts/command02.script
[14.549s] -- Symlinking: /home/parallels/CLionProjects/Homeworks/robotics_v1/install/ur_control_gui/share/ur_control_gui/resources//scripts/command03.script
[14.555s] -- Symlinking: /home/parallels/CLionProjects/Homeworks/robotics_v1/install/ur_control_gui/share/ur_control_gui/resources//scripts/command04.script
[14.562s] -- Symlinking: /home/parallels/CLionProjects/Homeworks/robotics_v1/install/ur_control_gui/share/ur_control_gui/resources//scripts/command05.script
[14.570s] -- Symlinking: /home/parallels/CLionProjects/Homeworks/robotics_v1/install/ur_control_gui/share/ur_control_gui/resources//scripts/command06.script
[14.577s] -- Symlinking: /home/parallels/CLionProjects/Homeworks/robotics_v1/install/ur_control_gui/share/ur_control_gui/resources//scripts/command07.script
[14.584s] -- Symlinking: /home/parallels/CLionProjects/Homeworks/robotics_v1/install/ur_control_gui/share/ur_control_gui/resources//scripts/command08.script
[14.591s] -- Symlinking: /home/parallels/CLionProjects/Homeworks/robotics_v1/install/ur_control_gui/share/ur_control_gui/resources//scripts/command09.script
[14.597s] -- Symlinking: /home/parallels/CLionProjects/Homeworks/robotics_v1/install/ur_control_gui/share/ur_control_gui/resources//scripts/command10.script
[14.607s] Invoked command in '/home/parallels/CLionProjects/Homeworks/robotics_v1/build/ur_control_gui' returned '0': AMENT_PREFIX_PATH=/home/parallels/CLionProjects/Homeworks/robotics_v1/install/urscript_common:/home/parallels/CLionProjects/Homeworks/robotics_v1/install/urscript_interfaces:/home/parallels/CLionProjects/Homeworks/robotics_v1/install/ur_dashboard_msgs:${AMENT_PREFIX_PATH} CMAKE_PREFIX_PATH=/home/parallels/CLionProjects/Homeworks/robotics_v1/install/ros2_game_engine:/home/parallels/CLionProjects/Homeworks/robotics_v1/install/game_engine:/home/parallels/CLionProjects/Homeworks/robotics_v1/install/manager_utils:/home/parallels/CLionProjects/Homeworks/robotics_v1/install/sdl_utils:/home/parallels/CLionProjects/Homeworks/robotics_v1/install/urscript_common:/home/parallels/CLionProjects/Homeworks/robotics_v1/install/resource_utils:/home/parallels/CLionProjects/Homeworks/robotics_v1/install/utils:/home/parallels/CLionProjects/Homeworks/robotics_v1/install/urscript_interfaces:/home/parallels/CLionProjects/Homeworks/robotics_v1/install/ur_dashboard_msgs:/home/parallels/CLionProjects/Homeworks/robotics_v1/install/cmake_helpers:/opt/ros/foxy LD_LIBRARY_PATH=/home/parallels/CLionProjects/Homeworks/robotics_v1/install/urscript_interfaces/lib:/home/parallels/CLionProjects/Homeworks/robotics_v1/install/ur_dashboard_msgs/lib:${LD_LIBRARY_PATH} PKG_CONFIG_PATH=/home/parallels/CLionProjects/Homeworks/robotics_v1/install/ros2_game_engine/lib/aarch64-linux-gnu/pkgconfig:/home/parallels/CLionProjects/Homeworks/robotics_v1/install/ros2_game_engine/lib/pkgconfig:/home/parallels/CLionProjects/Homeworks/robotics_v1/install/game_engine/lib/aarch64-linux-gnu/pkgconfig:/home/parallels/CLionProjects/Homeworks/robotics_v1/install/game_engine/lib/pkgconfig:/home/parallels/CLionProjects/Homeworks/robotics_v1/install/manager_utils/lib/aarch64-linux-gnu/pkgconfig:/home/parallels/CLionProjects/Homeworks/robotics_v1/install/manager_utils/lib/pkgconfig:/home/parallels/CLionProjects/Homeworks/robotics_v1/install/sdl_utils/lib/aarch64-linux-gnu/pkgconfig:/home/parallels/CLionProjects/Homeworks/robotics_v1/install/sdl_utils/lib/pkgconfig:/home/parallels/CLionProjects/Homeworks/robotics_v1/install/resource_utils/lib/aarch64-linux-gnu/pkgconfig:/home/parallels/CLionProjects/Homeworks/robotics_v1/install/resource_utils/lib/pkgconfig:/home/parallels/CLionProjects/Homeworks/robotics_v1/install/utils/lib/aarch64-linux-gnu/pkgconfig:/home/parallels/CLionProjects/Homeworks/robotics_v1/install/utils/lib/pkgconfig:/home/parallels/CLionProjects/Homeworks/robotics_v1/install/cmake_helpers/lib/aarch64-linux-gnu/pkgconfig:/home/parallels/CLionProjects/Homeworks/robotics_v1/install/cmake_helpers/lib/pkgconfig PYTHONPATH=/home/parallels/CLionProjects/Homeworks/robotics_v1/install/urscript_interfaces/lib/python3.8/site-packages:/home/parallels/CLionProjects/Homeworks/robotics_v1/install/ur_dashboard_msgs/lib/python3.8/site-packages:${PYTHONPATH} /usr/bin/cmake --install /home/parallels/CLionProjects/Homeworks/robotics_v1/build/ur_control_gui
