[0.095s] Invoking command in '/home/parallels/CLionProjects/Homeworks/robotics_v1/build/urscript_interfaces': CMAKE_PREFIX_PATH=${CMAKE_PREFIX_PATH}:/opt/ros/foxy /usr/bin/cmake /home/parallels/CLionProjects/Homeworks/robotics_v1/src/ur_dev/urscript/urscript_interfaces -DCMAKE_BUILD_TYPE=RelWithDebInfo -DAMENT_CMAKE_SYMLINK_INSTALL=1 -DCMAKE_INSTALL_PREFIX=/home/parallels/CLionProjects/Homeworks/robotics_v1/install/urscript_interfaces
[0.126s] -- Found ament_cmake: 0.9.9 (/opt/ros/foxy/share/ament_cmake/cmake)
[0.165s] -- Found PythonInterp: /usr/bin/python3 (found suitable version "3.8.10", minimum required is "3") 
[0.165s] -- Using PYTHON_EXECUTABLE: /usr/bin/python3
[0.293s] -- Override CMake install command with custom implementation using symlinks instead of copying resources
[0.299s] -- Found rosidl_default_generators: 1.0.1 (/opt/ros/foxy/share/rosidl_default_generators/cmake)
[0.310s] -- Using all available rosidl_typesupport_c: rosidl_typesupport_fastrtps_c;rosidl_typesupport_introspection_c
[0.314s] -- Found rosidl_adapter: 1.2.1 (/opt/ros/foxy/share/rosidl_adapter/cmake)
[0.432s] -- Using all available rosidl_typesupport_cpp: rosidl_typesupport_fastrtps_cpp;rosidl_typesupport_introspection_cpp
[0.471s] -- Found PythonInterp: /usr/bin/python3 (found version "3.8.10") 
[0.560s] -- Found ament_cmake_ros: 0.9.2 (/opt/ros/foxy/share/ament_cmake_ros/cmake)
[0.656s] -- Using all available rosidl_typesupport_c: rosidl_typesupport_fastrtps_c;rosidl_typesupport_introspection_c
[0.664s] -- Using all available rosidl_typesupport_cpp: rosidl_typesupport_fastrtps_cpp;rosidl_typesupport_introspection_cpp
[0.713s] -- Found PythonInterp: /usr/bin/python3 (found suitable version "3.8.10", minimum required is "3.5") 
[0.714s] -- Found python_cmake_module: 0.8.1 (/opt/ros/foxy/share/python_cmake_module/cmake)
[0.732s] -- Using PYTHON_EXECUTABLE: /usr/bin/python3
[0.732s] -- Using PYTHON_INCLUDE_DIRS: /usr/include/python3.8
[0.761s] -- Using PYTHON_LIBRARIES: /usr/lib/aarch64-linux-gnu/libpython3.8.so
[0.761s] -- Configuring done
[0.790s] -- Generating done
[0.797s] -- Build files have been written to: /home/parallels/CLionProjects/Homeworks/robotics_v1/build/urscript_interfaces
[0.803s] Invoked command in '/home/parallels/CLionProjects/Homeworks/robotics_v1/build/urscript_interfaces' returned '0': CMAKE_PREFIX_PATH=${CMAKE_PREFIX_PATH}:/opt/ros/foxy /usr/bin/cmake /home/parallels/CLionProjects/Homeworks/robotics_v1/src/ur_dev/urscript/urscript_interfaces -DCMAKE_BUILD_TYPE=RelWithDebInfo -DAMENT_CMAKE_SYMLINK_INSTALL=1 -DCMAKE_INSTALL_PREFIX=/home/parallels/CLionProjects/Homeworks/robotics_v1/install/urscript_interfaces
[0.803s] Invoking command in '/home/parallels/CLionProjects/Homeworks/robotics_v1/build/urscript_interfaces': CMAKE_PREFIX_PATH=${CMAKE_PREFIX_PATH}:/opt/ros/foxy /usr/bin/cmake --build /home/parallels/CLionProjects/Homeworks/robotics_v1/build/urscript_interfaces -- -j4 -l4
[0.915s] [  3%] Built target urscript_interfaces__cpp
[1.035s] [  6%] [32mBuilding C object CMakeFiles/urscript_interfaces__rosidl_generator_c.dir/rosidl_generator_c/urscript_interfaces/srv/detail/ur_script__functions.c.o[0m
[1.059s] [  9%] [32mBuilding CXX object CMakeFiles/urscript_interfaces__rosidl_typesupport_introspection_cpp.dir/rosidl_typesupport_introspection_cpp/urscript_interfaces/srv/detail/ur_script__type_support.cpp.o[0m
[1.070s] [ 12%] [32mBuilding CXX object CMakeFiles/urscript_interfaces__rosidl_typesupport_cpp.dir/rosidl_typesupport_cpp/urscript_interfaces/srv/ur_script__type_support.cpp.o[0m
[1.115s] [ 16%] [32mBuilding CXX object CMakeFiles/urscript_interfaces__rosidl_typesupport_fastrtps_cpp.dir/rosidl_typesupport_fastrtps_cpp/urscript_interfaces/srv/detail/dds_fastrtps/ur_script__type_support.cpp.o[0m
[1.438s] [ 19%] [32m[1mLinking C shared library liburscript_interfaces__rosidl_generator_c.so[0m
[1.644s] [ 22%] Built target urscript_interfaces__rosidl_generator_c
[1.737s] [ 25%] [32m[1mLinking CXX shared library liburscript_interfaces__rosidl_typesupport_cpp.so[0m
[1.761s] [ 29%] [32mBuilding CXX object CMakeFiles/urscript_interfaces__rosidl_typesupport_c.dir/rosidl_typesupport_c/urscript_interfaces/srv/ur_script__type_support.cpp.o[0m
[1.859s] [ 32%] [32m[1mLinking CXX shared library liburscript_interfaces__rosidl_typesupport_introspection_cpp.so[0m
[1.958s] [ 35%] [32m[1mLinking CXX shared library liburscript_interfaces__rosidl_typesupport_c.so[0m
[1.997s] [ 38%] Built target urscript_interfaces__rosidl_typesupport_cpp
[2.135s] [ 41%] Built target urscript_interfaces__rosidl_typesupport_introspection_cpp
[2.141s] [ 45%] [32mBuilding C object CMakeFiles/urscript_interfaces__rosidl_typesupport_introspection_c.dir/rosidl_typesupport_introspection_c/urscript_interfaces/srv/detail/ur_script__type_support.c.o[0m
[2.250s] [ 48%] Built target urscript_interfaces__rosidl_typesupport_c
[2.349s] [ 51%] [32m[1mLinking CXX shared library liburscript_interfaces__rosidl_typesupport_fastrtps_cpp.so[0m
[2.367s] [ 54%] [32m[1mLinking C shared library liburscript_interfaces__rosidl_typesupport_introspection_c.so[0m
[2.497s] [ 58%] Built target urscript_interfaces__rosidl_typesupport_introspection_c
[2.575s] [ 61%] Built target urscript_interfaces__rosidl_typesupport_fastrtps_cpp
[2.742s] [ 64%] [32mBuilding CXX object CMakeFiles/urscript_interfaces__rosidl_typesupport_fastrtps_c.dir/rosidl_typesupport_fastrtps_c/urscript_interfaces/srv/detail/ur_script__type_support_c.cpp.o[0m
[3.542s] [ 67%] [32m[1mLinking CXX shared library liburscript_interfaces__rosidl_typesupport_fastrtps_c.so[0m
[3.754s] [ 70%] Built target urscript_interfaces__rosidl_typesupport_fastrtps_c
[3.818s] [ 70%] Built target urscript_interfaces
[3.887s] [ 74%] Built target urscript_interfaces__py
[3.969s] [ 77%] [32mBuilding C object CMakeFiles/urscript_interfaces__python.dir/rosidl_generator_py/urscript_interfaces/srv/_ur_script_s.c.o[0m
[4.210s] [ 80%] [32m[1mLinking C shared library rosidl_generator_py/urscript_interfaces/liburscript_interfaces__python.so[0m
[4.324s] [ 80%] Built target urscript_interfaces__python
[4.412s] [ 83%] [32mBuilding C object CMakeFiles/urscript_interfaces__rosidl_typesupport_introspection_c__pyext.dir/rosidl_generator_py/urscript_interfaces/_urscript_interfaces_s.ep.rosidl_typesupport_introspection_c.c.o[0m
[4.423s] [ 87%] [32mBuilding C object CMakeFiles/urscript_interfaces__rosidl_typesupport_fastrtps_c__pyext.dir/rosidl_generator_py/urscript_interfaces/_urscript_interfaces_s.ep.rosidl_typesupport_fastrtps_c.c.o[0m
[4.455s] [ 90%] [32mBuilding C object CMakeFiles/urscript_interfaces__rosidl_typesupport_c__pyext.dir/rosidl_generator_py/urscript_interfaces/_urscript_interfaces_s.ep.rosidl_typesupport_c.c.o[0m
[4.606s] [ 93%] [32m[1mLinking C shared library rosidl_generator_py/urscript_interfaces/urscript_interfaces_s__rosidl_typesupport_introspection_c.cpython-38-aarch64-linux-gnu.so[0m
[4.623s] [ 96%] [32m[1mLinking C shared library rosidl_generator_py/urscript_interfaces/urscript_interfaces_s__rosidl_typesupport_c.cpython-38-aarch64-linux-gnu.so[0m
[4.656s] [ 96%] Built target urscript_interfaces__rosidl_typesupport_introspection_c__pyext
[4.678s] [ 96%] Built target urscript_interfaces__rosidl_typesupport_c__pyext
[4.687s] [100%] [32m[1mLinking CXX shared library rosidl_generator_py/urscript_interfaces/urscript_interfaces_s__rosidl_typesupport_fastrtps_c.cpython-38-aarch64-linux-gnu.so[0m
[4.946s] [100%] Built target urscript_interfaces__rosidl_typesupport_fastrtps_c__pyext
[4.967s] Invoked command in '/home/parallels/CLionProjects/Homeworks/robotics_v1/build/urscript_interfaces' returned '0': CMAKE_PREFIX_PATH=${CMAKE_PREFIX_PATH}:/opt/ros/foxy /usr/bin/cmake --build /home/parallels/CLionProjects/Homeworks/robotics_v1/build/urscript_interfaces -- -j4 -l4
[5.418s] Invoking command in '/home/parallels/CLionProjects/Homeworks/robotics_v1/build/urscript_interfaces': CMAKE_PREFIX_PATH=${CMAKE_PREFIX_PATH}:/opt/ros/foxy /usr/bin/cmake --install /home/parallels/CLionProjects/Homeworks/robotics_v1/build/urscript_interfaces
[5.457s] -- Install configuration: "RelWithDebInfo"
[5.457s] -- Execute custom install script
[5.459s] -- Up-to-date symlink: /home/parallels/CLionProjects/Homeworks/robotics_v1/install/urscript_interfaces/share/ament_index/resource_index/rosidl_interfaces/urscript_interfaces
[5.466s] -- Up-to-date symlink: /home/parallels/CLionProjects/Homeworks/robotics_v1/install/urscript_interfaces/include/urscript_interfaces/msg/rosidl_generator_c__visibility_control.h
[5.466s] -- Up-to-date symlink: /home/parallels/CLionProjects/Homeworks/robotics_v1/install/urscript_interfaces/include/urscript_interfaces/srv/detail/ur_script__functions.h
[5.466s] -- Up-to-date symlink: /home/parallels/CLionProjects/Homeworks/robotics_v1/install/urscript_interfaces/include/urscript_interfaces/srv/detail/ur_script__struct.h
[5.466s] -- Up-to-date symlink: /home/parallels/CLionProjects/Homeworks/robotics_v1/install/urscript_interfaces/include/urscript_interfaces/srv/detail/ur_script__type_support.h
[5.466s] -- Up-to-date symlink: /home/parallels/CLionProjects/Homeworks/robotics_v1/install/urscript_interfaces/include/urscript_interfaces/srv/ur_script.h
[5.466s] -- Up-to-date symlink: /home/parallels/CLionProjects/Homeworks/robotics_v1/install/urscript_interfaces/share/urscript_interfaces/environment/library_path.sh
[5.467s] -- Up-to-date symlink: /home/parallels/CLionProjects/Homeworks/robotics_v1/install/urscript_interfaces/share/urscript_interfaces/environment/library_path.dsv
[5.467s] -- Up-to-date symlink: /home/parallels/CLionProjects/Homeworks/robotics_v1/install/urscript_interfaces/include/urscript_interfaces/msg/rosidl_typesupport_fastrtps_c__visibility_control.h
[5.467s] -- Up-to-date symlink: /home/parallels/CLionProjects/Homeworks/robotics_v1/install/urscript_interfaces/include/urscript_interfaces/srv/detail/ur_script__rosidl_typesupport_fastrtps_c.h
[5.468s] -- Up-to-date symlink: /home/parallels/CLionProjects/Homeworks/robotics_v1/install/urscript_interfaces/lib/liburscript_interfaces__rosidl_typesupport_fastrtps_c.so
[5.468s] -- Up-to-date symlink: /home/parallels/CLionProjects/Homeworks/robotics_v1/install/urscript_interfaces/include/urscript_interfaces/msg/rosidl_typesupport_fastrtps_cpp__visibility_control.h
[5.468s] -- Up-to-date symlink: /home/parallels/CLionProjects/Homeworks/robotics_v1/install/urscript_interfaces/include/urscript_interfaces/srv/detail/ur_script__rosidl_typesupport_fastrtps_cpp.hpp
[5.469s] -- Up-to-date symlink: /home/parallels/CLionProjects/Homeworks/robotics_v1/install/urscript_interfaces/lib/liburscript_interfaces__rosidl_typesupport_fastrtps_cpp.so
[5.469s] -- Up-to-date symlink: /home/parallels/CLionProjects/Homeworks/robotics_v1/install/urscript_interfaces/include/urscript_interfaces/msg/rosidl_typesupport_introspection_c__visibility_control.h
[5.469s] -- Up-to-date symlink: /home/parallels/CLionProjects/Homeworks/robotics_v1/install/urscript_interfaces/include/urscript_interfaces/srv/detail/ur_script__rosidl_typesupport_introspection_c.h
[5.474s] -- Up-to-date symlink: /home/parallels/CLionProjects/Homeworks/robotics_v1/install/urscript_interfaces/include/urscript_interfaces/srv/detail/ur_script__builder.hpp
[5.474s] -- Up-to-date symlink: /home/parallels/CLionProjects/Homeworks/robotics_v1/install/urscript_interfaces/include/urscript_interfaces/srv/detail/ur_script__struct.hpp
[5.474s] -- Up-to-date symlink: /home/parallels/CLionProjects/Homeworks/robotics_v1/install/urscript_interfaces/include/urscript_interfaces/srv/detail/ur_script__traits.hpp
[5.474s] -- Up-to-date symlink: /home/parallels/CLionProjects/Homeworks/robotics_v1/install/urscript_interfaces/include/urscript_interfaces/srv/ur_script.hpp
[5.476s] -- Up-to-date symlink: /home/parallels/CLionProjects/Homeworks/robotics_v1/install/urscript_interfaces/include/urscript_interfaces/srv/detail/ur_script__rosidl_typesupport_introspection_cpp.hpp
[5.476s] -- Up-to-date symlink: /home/parallels/CLionProjects/Homeworks/robotics_v1/install/urscript_interfaces/share/urscript_interfaces/environment/pythonpath.sh
[5.476s] -- Up-to-date symlink: /home/parallels/CLionProjects/Homeworks/robotics_v1/install/urscript_interfaces/share/urscript_interfaces/environment/pythonpath.dsv
[5.477s] -- Up-to-date symlink: /home/parallels/CLionProjects/Homeworks/robotics_v1/install/urscript_interfaces/lib/python3.8/site-packages/urscript_interfaces/__init__.py
[5.477s] -- Up-to-date symlink: /home/parallels/CLionProjects/Homeworks/robotics_v1/install/urscript_interfaces/lib/python3.8/site-packages/urscript_interfaces/srv/__init__.py
[5.478s] -- Up-to-date symlink: /home/parallels/CLionProjects/Homeworks/robotics_v1/install/urscript_interfaces/lib/python3.8/site-packages/urscript_interfaces/srv/_ur_script.py
[5.478s] -- Up-to-date symlink: /home/parallels/CLionProjects/Homeworks/robotics_v1/install/urscript_interfaces/lib/python3.8/site-packages/urscript_interfaces/urscript_interfaces_s__rosidl_typesupport_fastrtps_c.cpython-38-aarch64-linux-gnu.so
[5.478s] -- Up-to-date symlink: /home/parallels/CLionProjects/Homeworks/robotics_v1/install/urscript_interfaces/lib/python3.8/site-packages/urscript_interfaces/urscript_interfaces_s__rosidl_typesupport_introspection_c.cpython-38-aarch64-linux-gnu.so
[5.482s] -- Up-to-date symlink: /home/parallels/CLionProjects/Homeworks/robotics_v1/install/urscript_interfaces/lib/python3.8/site-packages/urscript_interfaces/urscript_interfaces_s__rosidl_typesupport_c.cpython-38-aarch64-linux-gnu.so
[5.482s] -- Up-to-date symlink: /home/parallels/CLionProjects/Homeworks/robotics_v1/install/urscript_interfaces/lib/liburscript_interfaces__python.so
[5.482s] -- Up-to-date symlink: /home/parallels/CLionProjects/Homeworks/robotics_v1/install/urscript_interfaces/share/urscript_interfaces/srv/UrScript.idl
[5.483s] -- Up-to-date symlink: /home/parallels/CLionProjects/Homeworks/robotics_v1/install/urscript_interfaces/share/urscript_interfaces/srv/UrScript.srv
[5.484s] -- Up-to-date symlink: /home/parallels/CLionProjects/Homeworks/robotics_v1/install/urscript_interfaces/share/urscript_interfaces/srv/UrScript_Request.msg
[5.484s] -- Up-to-date symlink: /home/parallels/CLionProjects/Homeworks/robotics_v1/install/urscript_interfaces/share/urscript_interfaces/srv/UrScript_Response.msg
[5.484s] -- Up-to-date symlink: /home/parallels/CLionProjects/Homeworks/robotics_v1/install/urscript_interfaces/share/ament_index/resource_index/package_run_dependencies/urscript_interfaces
[5.486s] -- Up-to-date symlink: /home/parallels/CLionProjects/Homeworks/robotics_v1/install/urscript_interfaces/share/ament_index/resource_index/parent_prefix_path/urscript_interfaces
[5.486s] -- Up-to-date symlink: /home/parallels/CLionProjects/Homeworks/robotics_v1/install/urscript_interfaces/share/urscript_interfaces/environment/ament_prefix_path.sh
[5.487s] -- Up-to-date symlink: /home/parallels/CLionProjects/Homeworks/robotics_v1/install/urscript_interfaces/share/urscript_interfaces/environment/ament_prefix_path.dsv
[5.487s] -- Up-to-date symlink: /home/parallels/CLionProjects/Homeworks/robotics_v1/install/urscript_interfaces/share/urscript_interfaces/environment/path.sh
[5.487s] -- Up-to-date symlink: /home/parallels/CLionProjects/Homeworks/robotics_v1/install/urscript_interfaces/share/urscript_interfaces/environment/path.dsv
[5.488s] -- Up-to-date symlink: /home/parallels/CLionProjects/Homeworks/robotics_v1/install/urscript_interfaces/share/urscript_interfaces/local_setup.bash
[5.489s] -- Up-to-date symlink: /home/parallels/CLionProjects/Homeworks/robotics_v1/install/urscript_interfaces/share/urscript_interfaces/local_setup.sh
[5.490s] -- Up-to-date symlink: /home/parallels/CLionProjects/Homeworks/robotics_v1/install/urscript_interfaces/share/urscript_interfaces/local_setup.zsh
[5.490s] -- Up-to-date symlink: /home/parallels/CLionProjects/Homeworks/robotics_v1/install/urscript_interfaces/share/urscript_interfaces/local_setup.dsv
[5.492s] -- Symlinking: /home/parallels/CLionProjects/Homeworks/robotics_v1/install/urscript_interfaces/share/urscript_interfaces/package.dsv
[5.501s] -- Up-to-date symlink: /home/parallels/CLionProjects/Homeworks/robotics_v1/install/urscript_interfaces/share/ament_index/resource_index/packages/urscript_interfaces
[5.502s] -- Up-to-date symlink: /home/parallels/CLionProjects/Homeworks/robotics_v1/install/urscript_interfaces/share/urscript_interfaces/cmake/rosidl_cmake-extras.cmake
[5.502s] -- Up-to-date symlink: /home/parallels/CLionProjects/Homeworks/robotics_v1/install/urscript_interfaces/share/urscript_interfaces/cmake/ament_cmake_export_dependencies-extras.cmake
[5.502s] -- Up-to-date symlink: /home/parallels/CLionProjects/Homeworks/robotics_v1/install/urscript_interfaces/share/urscript_interfaces/cmake/ament_cmake_export_libraries-extras.cmake
[5.503s] -- Up-to-date symlink: /home/parallels/CLionProjects/Homeworks/robotics_v1/install/urscript_interfaces/share/urscript_interfaces/cmake/ament_cmake_export_targets-extras.cmake
[5.503s] -- Up-to-date symlink: /home/parallels/CLionProjects/Homeworks/robotics_v1/install/urscript_interfaces/share/urscript_interfaces/cmake/ament_cmake_export_include_directories-extras.cmake
[5.503s] -- Up-to-date symlink: /home/parallels/CLionProjects/Homeworks/robotics_v1/install/urscript_interfaces/share/urscript_interfaces/cmake/rosidl_cmake_export_typesupport_libraries-extras.cmake
[5.503s] -- Up-to-date symlink: /home/parallels/CLionProjects/Homeworks/robotics_v1/install/urscript_interfaces/share/urscript_interfaces/cmake/rosidl_cmake_export_typesupport_targets-extras.cmake
[5.504s] -- Up-to-date symlink: /home/parallels/CLionProjects/Homeworks/robotics_v1/install/urscript_interfaces/share/urscript_interfaces/cmake/urscript_interfacesConfig.cmake
[5.504s] -- Up-to-date symlink: /home/parallels/CLionProjects/Homeworks/robotics_v1/install/urscript_interfaces/share/urscript_interfaces/cmake/urscript_interfacesConfig-version.cmake
[5.504s] -- Up-to-date symlink: /home/parallels/CLionProjects/Homeworks/robotics_v1/install/urscript_interfaces/share/urscript_interfaces/package.xml
[5.504s] -- Installing: /home/parallels/CLionProjects/Homeworks/robotics_v1/install/urscript_interfaces/lib/liburscript_interfaces__rosidl_generator_c.so
[5.505s] -- Set runtime path of "/home/parallels/CLionProjects/Homeworks/robotics_v1/install/urscript_interfaces/lib/liburscript_interfaces__rosidl_generator_c.so" to ""
[5.505s] -- Installing: /home/parallels/CLionProjects/Homeworks/robotics_v1/install/urscript_interfaces/lib/liburscript_interfaces__rosidl_typesupport_introspection_c.so
[5.505s] -- Set runtime path of "/home/parallels/CLionProjects/Homeworks/robotics_v1/install/urscript_interfaces/lib/liburscript_interfaces__rosidl_typesupport_introspection_c.so" to ""
[5.506s] -- Installing: /home/parallels/CLionProjects/Homeworks/robotics_v1/install/urscript_interfaces/lib/liburscript_interfaces__rosidl_typesupport_c.so
[5.506s] -- Set runtime path of "/home/parallels/CLionProjects/Homeworks/robotics_v1/install/urscript_interfaces/lib/liburscript_interfaces__rosidl_typesupport_c.so" to ""
[5.507s] -- Installing: /home/parallels/CLionProjects/Homeworks/robotics_v1/install/urscript_interfaces/lib/liburscript_interfaces__rosidl_typesupport_introspection_cpp.so
[5.507s] -- Set runtime path of "/home/parallels/CLionProjects/Homeworks/robotics_v1/install/urscript_interfaces/lib/liburscript_interfaces__rosidl_typesupport_introspection_cpp.so" to ""
[5.507s] -- Installing: /home/parallels/CLionProjects/Homeworks/robotics_v1/install/urscript_interfaces/lib/liburscript_interfaces__rosidl_typesupport_cpp.so
[5.508s] -- Set runtime path of "/home/parallels/CLionProjects/Homeworks/robotics_v1/install/urscript_interfaces/lib/liburscript_interfaces__rosidl_typesupport_cpp.so" to ""
[5.560s] Compiling '/home/parallels/CLionProjects/Homeworks/robotics_v1/install/urscript_interfaces/lib/python3.8/site-packages/urscript_interfaces/__init__.py'...
[5.573s] -- Up-to-date: /home/parallels/CLionProjects/Homeworks/robotics_v1/install/urscript_interfaces/share/urscript_interfaces/cmake/urscript_interfaces__rosidl_generator_cExport.cmake
[5.573s] -- Installing: /home/parallels/CLionProjects/Homeworks/robotics_v1/install/urscript_interfaces/share/urscript_interfaces/cmake/urscript_interfaces__rosidl_generator_cExport-relwithdebinfo.cmake
[5.573s] -- Up-to-date: /home/parallels/CLionProjects/Homeworks/robotics_v1/install/urscript_interfaces/share/urscript_interfaces/cmake/urscript_interfaces__rosidl_typesupport_introspection_cExport.cmake
[5.573s] -- Installing: /home/parallels/CLionProjects/Homeworks/robotics_v1/install/urscript_interfaces/share/urscript_interfaces/cmake/urscript_interfaces__rosidl_typesupport_introspection_cExport-relwithdebinfo.cmake
[5.573s] -- Up-to-date: /home/parallels/CLionProjects/Homeworks/robotics_v1/install/urscript_interfaces/share/urscript_interfaces/cmake/urscript_interfaces__rosidl_typesupport_cExport.cmake
[5.573s] -- Installing: /home/parallels/CLionProjects/Homeworks/robotics_v1/install/urscript_interfaces/share/urscript_interfaces/cmake/urscript_interfaces__rosidl_typesupport_cExport-relwithdebinfo.cmake
[5.573s] -- Up-to-date: /home/parallels/CLionProjects/Homeworks/robotics_v1/install/urscript_interfaces/share/urscript_interfaces/cmake/urscript_interfaces__rosidl_generator_cppExport.cmake
[5.573s] -- Up-to-date: /home/parallels/CLionProjects/Homeworks/robotics_v1/install/urscript_interfaces/share/urscript_interfaces/cmake/urscript_interfaces__rosidl_typesupport_introspection_cppExport.cmake
[5.573s] -- Installing: /home/parallels/CLionProjects/Homeworks/robotics_v1/install/urscript_interfaces/share/urscript_interfaces/cmake/urscript_interfaces__rosidl_typesupport_introspection_cppExport-relwithdebinfo.cmake
[5.573s] -- Up-to-date: /home/parallels/CLionProjects/Homeworks/robotics_v1/install/urscript_interfaces/share/urscript_interfaces/cmake/urscript_interfaces__rosidl_typesupport_cppExport.cmake
[5.573s] -- Installing: /home/parallels/CLionProjects/Homeworks/robotics_v1/install/urscript_interfaces/share/urscript_interfaces/cmake/urscript_interfaces__rosidl_typesupport_cppExport-relwithdebinfo.cmake
[5.579s] Invoked command in '/home/parallels/CLionProjects/Homeworks/robotics_v1/build/urscript_interfaces' returned '0': CMAKE_PREFIX_PATH=${CMAKE_PREFIX_PATH}:/opt/ros/foxy /usr/bin/cmake --install /home/parallels/CLionProjects/Homeworks/robotics_v1/build/urscript_interfaces
