[0.000000] (-) TimerEvent: {}
[0.000166] (-) JobUnselected: {'identifier': 'cmake_helpers'}
[0.000352] (-) JobUnselected: {'identifier': 'game_engine'}
[0.000380] (-) JobUnselected: {'identifier': 'manager_utils'}
[0.000406] (-) JobUnselected: {'identifier': 'resource_builder'}
[0.000421] (-) JobUnselected: {'identifier': 'resource_utils'}
[0.000438] (-) JobUnselected: {'identifier': 'robo_cleaner_common'}
[0.000452] (-) JobUnselected: {'identifier': 'robo_cleaner_gui'}
[0.000464] (-) JobUnselected: {'identifier': 'robo_cleaner_interfaces'}
[0.000472] (-) JobUnselected: {'identifier': 'robo_collector_bringup'}
[0.000485] (-) JobUnselected: {'identifier': 'robo_collector_common'}
[0.000494] (-) JobUnselected: {'identifier': 'robo_collector_gui'}
[0.000515] (-) JobUnselected: {'identifier': 'robo_collector_interfaces'}
[0.000524] (-) JobUnselected: {'identifier': 'robo_common'}
[0.000536] (-) JobUnselected: {'identifier': 'robo_miner_common'}
[0.000553] (-) JobUnselected: {'identifier': 'robo_miner_gui'}
[0.000562] (-) JobUnselected: {'identifier': 'robo_miner_interfaces'}
[0.000571] (-) JobUnselected: {'identifier': 'ros2_game_engine'}
[0.000589] (-) JobUnselected: {'identifier': 'sdl_utils'}
[0.000602] (-) JobUnselected: {'identifier': 'ur_bringup'}
[0.000618] (-) JobUnselected: {'identifier': 'ur_client_library'}
[0.000634] (-) JobUnselected: {'identifier': 'ur_control_gui'}
[0.000643] (-) JobUnselected: {'identifier': 'ur_controllers'}
[0.000687] (-) JobUnselected: {'identifier': 'ur_dashboard_msgs'}
[0.000714] (-) JobUnselected: {'identifier': 'ur_description'}
[0.000727] (-) JobUnselected: {'identifier': 'ur_moveit_config'}
[0.000774] (-) JobUnselected: {'identifier': 'ur_robot_driver'}
[0.000797] (-) JobUnselected: {'identifier': 'urscript_bridge'}
[0.000810] (-) JobUnselected: {'identifier': 'urscript_common'}
[0.000829] (-) JobUnselected: {'identifier': 'urscript_interfaces'}
[0.000946] (-) JobUnselected: {'identifier': 'utils'}
[0.000970] (robo_collector_controller) JobQueued: {'identifier': 'robo_collector_controller', 'dependencies': OrderedDict([('cmake_helpers', '/home/parallels/CLionProjects/Homeworks/robotics_v1/install/cmake_helpers'), ('robo_collector_interfaces', '/home/parallels/CLionProjects/Homeworks/robotics_v1/install/robo_collector_interfaces'), ('utils', '/home/parallels/CLionProjects/Homeworks/robotics_v1/install/utils'), ('resource_utils', '/home/parallels/CLionProjects/Homeworks/robotics_v1/install/resource_utils'), ('sdl_utils', '/home/parallels/CLionProjects/Homeworks/robotics_v1/install/sdl_utils'), ('manager_utils', '/home/parallels/CLionProjects/Homeworks/robotics_v1/install/manager_utils'), ('game_engine', '/home/parallels/CLionProjects/Homeworks/robotics_v1/install/game_engine'), ('robo_common', '/home/parallels/CLionProjects/Homeworks/robotics_v1/install/robo_common'), ('robo_collector_common', '/home/parallels/CLionProjects/Homeworks/robotics_v1/install/robo_collector_common'), ('ros2_game_engine', '/home/parallels/CLionProjects/Homeworks/robotics_v1/install/ros2_game_engine')])}
[0.001000] (robo_collector_controller) JobStarted: {'identifier': 'robo_collector_controller'}
[0.027384] (robo_collector_controller) JobProgress: {'identifier': 'robo_collector_controller', 'progress': 'cmake'}
[0.028180] (robo_collector_controller) Command: {'cmd': ['/usr/bin/cmake', '/home/parallels/CLionProjects/Homeworks/robotics_v1/src/robo_collector/robo_collector_controller', '-DCMAKE_INSTALL_PREFIX=/home/parallels/CLionProjects/Homeworks/robotics_v1/install/robo_collector_controller'], 'cwd': '/home/parallels/CLionProjects/Homeworks/robotics_v1/build/robo_collector_controller', 'env': OrderedDict([('GJS_DEBUG_TOPICS', 'JS ERROR;JS LOG'), ('USER', 'parallels'), ('SSH_AGENT_PID', '1749'), ('XDG_SESSION_TYPE', 'x11'), ('SHLVL', '1'), ('LD_LIBRARY_PATH', '/home/parallels/CLionProjects/Homeworks/robotics_v1/install/robo_collector_interfaces/lib:/home/parallels/CLionProjects/Homeworks/robotics_v1/install/urscript_interfaces/lib:/home/parallels/CLionProjects/Homeworks/robotics_v1/install/ur_robot_driver/lib:/home/parallels/CLionProjects/Homeworks/robotics_v1/install/ur_controllers/lib:/home/parallels/CLionProjects/Homeworks/robotics_v1/install/ur_dashboard_msgs/lib:/home/parallels/CLionProjects/Homeworks/robotics_v1/install/ur_client_library/lib:/home/parallels/CLionProjects/Homeworks/robotics_v1/install/robo_miner_interfaces/lib:/home/parallels/CLionProjects/Homeworks/robotics_v1/install/robo_cleaner_interfaces/lib:/opt/ros/foxy/opt/yaml_cpp_vendor/lib:/opt/ros/foxy/opt/rviz_ogre_vendor/lib:/opt/ros/foxy/lib/aarch64-linux-gnu:/opt/ros/foxy/lib'), ('HOME', '/home/parallels'), ('OLDPWD', '/home/parallels/CLionProjects/Homeworks/robotics_v1'), ('DESKTOP_SESSION', 'ubuntu'), ('LSCOLORS', 'BhBadxdxCxegedabagacad'), ('GTK_MODULES', 'gail:atk-bridge'), ('GNOME_SHELL_SESSION_MODE', 'ubuntu'), ('ROS_PYTHON_VERSION', '3'), ('MANAGERPID', '1043'), ('LC_CTYPE', 'C.UTF-8'), ('DBUS_SESSION_BUS_ADDRESS', 'unix:path=/run/user/1000/bus'), ('COLORTERM', 'truecolor'), ('IM_CONFIG_PHASE', '1'), ('ROS_DISTRO', 'foxy'), ('COLCON_PREFIX_PATH', '/home/parallels/CLionProjects/Homeworks/robotics_v1/install'), ('LOGNAME', 'parallels'), ('_', '/usr/bin/colcon'), ('JOURNAL_STREAM', '8:30598'), ('XDG_SESSION_CLASS', 'user'), ('ROS_VERSION', '2'), ('PKG_CONFIG_PATH', '/home/parallels/CLionProjects/Homeworks/robotics_v1/install/ros2_game_engine/lib/aarch64-linux-gnu/pkgconfig:/home/parallels/CLionProjects/Homeworks/robotics_v1/install/ros2_game_engine/lib/pkgconfig:/home/parallels/CLionProjects/Homeworks/robotics_v1/install/robo_common/lib/aarch64-linux-gnu/pkgconfig:/home/parallels/CLionProjects/Homeworks/robotics_v1/install/robo_common/lib/pkgconfig:/home/parallels/CLionProjects/Homeworks/robotics_v1/install/game_engine/lib/aarch64-linux-gnu/pkgconfig:/home/parallels/CLionProjects/Homeworks/robotics_v1/install/game_engine/lib/pkgconfig:/home/parallels/CLionProjects/Homeworks/robotics_v1/install/manager_utils/lib/aarch64-linux-gnu/pkgconfig:/home/parallels/CLionProjects/Homeworks/robotics_v1/install/manager_utils/lib/pkgconfig:/home/parallels/CLionProjects/Homeworks/robotics_v1/install/sdl_utils/lib/aarch64-linux-gnu/pkgconfig:/home/parallels/CLionProjects/Homeworks/robotics_v1/install/sdl_utils/lib/pkgconfig:/home/parallels/CLionProjects/Homeworks/robotics_v1/install/resource_utils/lib/aarch64-linux-gnu/pkgconfig:/home/parallels/CLionProjects/Homeworks/robotics_v1/install/resource_utils/lib/pkgconfig:/home/parallels/CLionProjects/Homeworks/robotics_v1/install/utils/lib/aarch64-linux-gnu/pkgconfig:/home/parallels/CLionProjects/Homeworks/robotics_v1/install/utils/lib/pkgconfig:/home/parallels/CLionProjects/Homeworks/robotics_v1/install/cmake_helpers/lib/aarch64-linux-gnu/pkgconfig:/home/parallels/CLionProjects/Homeworks/robotics_v1/install/cmake_helpers/lib/pkgconfig:/home/parallels/CLionProjects/Homeworks/robotics_v1/install/resource_builder/lib/aarch64-linux-gnu/pkgconfig:/home/parallels/CLionProjects/Homeworks/robotics_v1/install/resource_builder/lib/pkgconfig:/home/parallels/CLionProjects/Homeworks/robotics_v1/install/ur_client_library/lib/aarch64-linux-gnu/pkgconfig:/home/parallels/CLionProjects/Homeworks/robotics_v1/install/ur_client_library/lib/pkgconfig'), ('USERNAME', 'parallels'), ('TERM', 'xterm-256color'), ('GNOME_DESKTOP_SESSION_ID', 'this-is-deprecated'), ('ROS_LOCALHOST_ONLY', '0'), ('WINDOWPATH', '2'), ('PATH', '/home/parallels/CLionProjects/Homeworks/robotics_v1/install/resource_builder/bin:/home/parallels/CLionProjects/Homeworks/robotics_v1/install/ur_robot_driver/bin:/opt/ros/foxy/bin:/opt/homebrew/opt/llvm/bin:/usr/local/sbin:/usr/local/bin:/usr/sbin:/usr/bin:/sbin:/bin:/usr/games:/usr/local/games:/snap/bin'), ('SESSION_MANAGER', 'local/ubuntu-linux-20-04-desktop:@/tmp/.ICE-unix/1813,unix/ubuntu-linux-20-04-desktop:/tmp/.ICE-unix/1813'), ('INVOCATION_ID', '90582388c2e34a5d829a910f192736d3'), ('GNOME_TERMINAL_SCREEN', '/org/gnome/Terminal/screen/1ad1254e_a461_4972_a843_d1232bd33f75'), ('XDG_MENU_PREFIX', 'gnome-'), ('XDG_RUNTIME_DIR', '/run/user/1000'), ('DISPLAY', ':0'), ('XDG_CURRENT_DESKTOP', 'ubuntu:GNOME'), ('LANG', 'en__US.UTF-8'), ('XDG_SESSION_DESKTOP', 'ubuntu'), ('GNOME_TERMINAL_SERVICE', ':1.79'), ('XMODIFIERS', '@im=ibus'), ('XAUTHORITY', '/run/user/1000/gdm/Xauthority'), ('SSH_AUTH_SOCK', '/run/user/1000/keyring/ssh'), ('AMENT_PREFIX_PATH', '/home/parallels/CLionProjects/Homeworks/robotics_v1/install/urscript_bridge:/home/parallels/CLionProjects/Homeworks/robotics_v1/install/ur_control_gui:/home/parallels/CLionProjects/Homeworks/robotics_v1/install/urscript_common:/home/parallels/CLionProjects/Homeworks/robotics_v1/install/robo_miner_gui:/home/parallels/CLionProjects/Homeworks/robotics_v1/install/robo_collector_gui:/home/parallels/CLionProjects/Homeworks/robotics_v1/install/robo_collector_controller:/home/parallels/CLionProjects/Homeworks/robotics_v1/install/robo_cleaner_gui:/home/parallels/CLionProjects/Homeworks/robotics_v1/install/robo_miner_common:/home/parallels/CLionProjects/Homeworks/robotics_v1/install/robo_collector_common:/home/parallels/CLionProjects/Homeworks/robotics_v1/install/robo_cleaner_common:/home/parallels/CLionProjects/Homeworks/robotics_v1/install/urscript_interfaces:/home/parallels/CLionProjects/Homeworks/robotics_v1/install/ur_robot_driver:/home/parallels/CLionProjects/Homeworks/robotics_v1/install/ur_moveit_config:/home/parallels/CLionProjects/Homeworks/robotics_v1/install/ur_description:/home/parallels/CLionProjects/Homeworks/robotics_v1/install/ur_controllers:/home/parallels/CLionProjects/Homeworks/robotics_v1/install/ur_dashboard_msgs:/home/parallels/CLionProjects/Homeworks/robotics_v1/install/ur_bringup:/home/parallels/CLionProjects/Homeworks/robotics_v1/install/robo_miner_interfaces:/home/parallels/CLionProjects/Homeworks/robotics_v1/install/robo_collector_interfaces:/home/parallels/CLionProjects/Homeworks/robotics_v1/install/robo_collector_bringup:/home/parallels/CLionProjects/Homeworks/robotics_v1/install/robo_cleaner_interfaces:/opt/ros/foxy'), ('SHELL', '/usr/bin/zsh'), ('QT_ACCESSIBILITY', '1'), ('GDMSESSION', 'ubuntu'), ('GPG_AGENT_INFO', '/run/user/1000/gnupg/S.gpg-agent:0:1'), ('GJS_DEBUG_OUTPUT', 'stderr'), ('QT_IM_MODULE', 'ibus'), ('PWD', '/home/parallels/CLionProjects/Homeworks/robotics_v1/build/robo_collector_controller'), ('CLICOLOR', '1'), ('XDG_CONFIG_DIRS', '/etc/xdg/xdg-ubuntu:/etc/xdg'), ('XDG_DATA_DIRS', '/usr/share/ubuntu:/usr/local/share/:/usr/share/:/var/lib/snapd/desktop'), ('PYTHONPATH', '/home/parallels/CLionProjects/Homeworks/robotics_v1/install/robo_collector_interfaces/lib/python3.8/site-packages:/home/parallels/CLionProjects/Homeworks/robotics_v1/install/urscript_interfaces/lib/python3.8/site-packages:/home/parallels/CLionProjects/Homeworks/robotics_v1/install/ur_dashboard_msgs/lib/python3.8/site-packages:/home/parallels/CLionProjects/Homeworks/robotics_v1/install/robo_miner_interfaces/lib/python3.8/site-packages:/home/parallels/CLionProjects/Homeworks/robotics_v1/install/robo_cleaner_interfaces/lib/python3.8/site-packages:/opt/ros/foxy/lib/python3.8/site-packages'), ('COLCON', '1'), ('VTE_VERSION', '6003'), ('CMAKE_PREFIX_PATH', '/home/parallels/CLionProjects/Homeworks/robotics_v1/install/ros2_game_engine:/home/parallels/CLionProjects/Homeworks/robotics_v1/install/robo_collector_common:/home/parallels/CLionProjects/Homeworks/robotics_v1/install/robo_common:/home/parallels/CLionProjects/Homeworks/robotics_v1/install/game_engine:/home/parallels/CLionProjects/Homeworks/robotics_v1/install/manager_utils:/home/parallels/CLionProjects/Homeworks/robotics_v1/install/sdl_utils:/home/parallels/CLionProjects/Homeworks/robotics_v1/install/resource_utils:/home/parallels/CLionProjects/Homeworks/robotics_v1/install/utils:/home/parallels/CLionProjects/Homeworks/robotics_v1/install/robo_collector_interfaces:/home/parallels/CLionProjects/Homeworks/robotics_v1/install/cmake_helpers:/home/parallels/CLionProjects/Homeworks/robotics_v1/install/urscript_bridge:/home/parallels/CLionProjects/Homeworks/robotics_v1/install/ur_control_gui:/home/parallels/CLionProjects/Homeworks/robotics_v1/install/urscript_common:/home/parallels/CLionProjects/Homeworks/robotics_v1/install/robo_miner_gui:/home/parallels/CLionProjects/Homeworks/robotics_v1/install/robo_collector_gui:/home/parallels/CLionProjects/Homeworks/robotics_v1/install/robo_collector_controller:/home/parallels/CLionProjects/Homeworks/robotics_v1/install/robo_cleaner_gui:/home/parallels/CLionProjects/Homeworks/robotics_v1/install/robo_miner_common:/home/parallels/CLionProjects/Homeworks/robotics_v1/install/robo_cleaner_common:/home/parallels/CLionProjects/Homeworks/robotics_v1/install/resource_builder:/home/parallels/CLionProjects/Homeworks/robotics_v1/install/urscript_interfaces:/home/parallels/CLionProjects/Homeworks/robotics_v1/install/ur_robot_driver:/home/parallels/CLionProjects/Homeworks/robotics_v1/install/ur_moveit_config:/home/parallels/CLionProjects/Homeworks/robotics_v1/install/ur_description:/home/parallels/CLionProjects/Homeworks/robotics_v1/install/ur_controllers:/home/parallels/CLionProjects/Homeworks/robotics_v1/install/ur_dashboard_msgs:/home/parallels/CLionProjects/Homeworks/robotics_v1/install/ur_client_library:/home/parallels/CLionProjects/Homeworks/robotics_v1/install/ur_bringup:/home/parallels/CLionProjects/Homeworks/robotics_v1/install/robo_miner_interfaces:/home/parallels/CLionProjects/Homeworks/robotics_v1/install/robo_collector_bringup:/home/parallels/CLionProjects/Homeworks/robotics_v1/install/robo_cleaner_interfaces:/opt/ros/foxy')]), 'shell': False}
[0.058445] (robo_collector_controller) StdoutLine: {'line': b'-- Found cmake_helpers: 1.0.0 (/home/parallels/CLionProjects/Homeworks/robotics_v1/install/cmake_helpers/share/cmake_helpers/cmake)\n'}
[0.058939] (robo_collector_controller) StdoutLine: {'line': b'-- Found ament_cmake: 0.9.9 (/opt/ros/foxy/share/ament_cmake/cmake)\n'}
[0.076191] (robo_collector_controller) StdoutLine: {'line': b'-- Using PYTHON_EXECUTABLE: /usr/bin/python3\n'}
[0.100024] (-) TimerEvent: {}
[0.198393] (robo_collector_controller) StdoutLine: {'line': b'-- Override CMake install command with custom implementation using symlinks instead of copying resources\n'}
[0.200121] (-) TimerEvent: {}
[0.216286] (robo_collector_controller) StdoutLine: {'line': b'-- Found ament_index_cpp: 1.1.0 (/opt/ros/foxy/share/ament_index_cpp/cmake)\n'}
[0.219568] (robo_collector_controller) StdoutLine: {'line': b'-- Found rclcpp: 2.4.1 (/opt/ros/foxy/share/rclcpp/cmake)\n'}
[0.260938] (robo_collector_controller) StdoutLine: {'line': b'-- Using all available rosidl_typesupport_c: rosidl_typesupport_fastrtps_c;rosidl_typesupport_introspection_c\n'}
[0.265137] (robo_collector_controller) StdoutLine: {'line': b'-- Found rosidl_adapter: 1.2.1 (/opt/ros/foxy/share/rosidl_adapter/cmake)\n'}
[0.300362] (-) TimerEvent: {}
[0.378880] (robo_collector_controller) StdoutLine: {'line': b'-- Using all available rosidl_typesupport_cpp: rosidl_typesupport_fastrtps_cpp;rosidl_typesupport_introspection_cpp\n'}
[0.400499] (-) TimerEvent: {}
[0.432098] (robo_collector_controller) StdoutLine: {'line': b'-- Found rmw_implementation_cmake: 1.0.3 (/opt/ros/foxy/share/rmw_implementation_cmake/cmake)\n'}
[0.434879] (robo_collector_controller) StdoutLine: {'line': b"-- Using RMW implementation 'rmw_fastrtps_cpp' as default\n"}
[0.500632] (-) TimerEvent: {}
[0.554187] (robo_collector_controller) StdoutLine: {'line': b'-- Found robo_collector_interfaces: 1.0.0 (/home/parallels/CLionProjects/Homeworks/robotics_v1/install/robo_collector_interfaces/share/robo_collector_interfaces/cmake)\n'}
[0.601688] (-) TimerEvent: {}
[0.701930] (-) TimerEvent: {}
[0.802525] (-) TimerEvent: {}
[0.902993] (-) TimerEvent: {}
[1.004481] (-) TimerEvent: {}
[1.105474] (-) TimerEvent: {}
[1.208430] (-) TimerEvent: {}
[1.309208] (-) TimerEvent: {}
[1.409573] (-) TimerEvent: {}
[1.510763] (-) TimerEvent: {}
[1.611155] (-) TimerEvent: {}
[1.713088] (-) TimerEvent: {}
[1.814431] (-) TimerEvent: {}
[1.915372] (-) TimerEvent: {}
[2.016683] (-) TimerEvent: {}
[2.118383] (-) TimerEvent: {}
[2.219397] (-) TimerEvent: {}
[2.320707] (-) TimerEvent: {}
[2.420964] (-) TimerEvent: {}
[2.522002] (-) TimerEvent: {}
[2.622620] (-) TimerEvent: {}
[2.723353] (-) TimerEvent: {}
[2.824705] (-) TimerEvent: {}
[2.925766] (-) TimerEvent: {}
[3.031137] (-) TimerEvent: {}
[3.132737] (-) TimerEvent: {}
[3.232995] (-) TimerEvent: {}
[3.333721] (-) TimerEvent: {}
[3.435340] (-) TimerEvent: {}
[3.482166] (robo_collector_controller) StdoutLine: {'line': b'-- Configuring done\n'}
[3.498428] (robo_collector_controller) StdoutLine: {'line': b'-- Generating done\n'}
[3.500276] (robo_collector_controller) StdoutLine: {'line': b'-- Build files have been written to: /home/parallels/CLionProjects/Homeworks/robotics_v1/build/robo_collector_controller\n'}
[3.503960] (robo_collector_controller) CommandEnded: {'returncode': 0}
[3.506268] (robo_collector_controller) JobProgress: {'identifier': 'robo_collector_controller', 'progress': 'build'}
[3.506310] (robo_collector_controller) Command: {'cmd': ['/usr/bin/cmake', '--build', '/home/parallels/CLionProjects/Homeworks/robotics_v1/build/robo_collector_controller', '--', '-j4', '-l4'], 'cwd': '/home/parallels/CLionProjects/Homeworks/robotics_v1/build/robo_collector_controller', 'env': OrderedDict([('GJS_DEBUG_TOPICS', 'JS ERROR;JS LOG'), ('USER', 'parallels'), ('SSH_AGENT_PID', '1749'), ('XDG_SESSION_TYPE', 'x11'), ('SHLVL', '1'), ('LD_LIBRARY_PATH', '/home/parallels/CLionProjects/Homeworks/robotics_v1/install/robo_collector_interfaces/lib:/home/parallels/CLionProjects/Homeworks/robotics_v1/install/urscript_interfaces/lib:/home/parallels/CLionProjects/Homeworks/robotics_v1/install/ur_robot_driver/lib:/home/parallels/CLionProjects/Homeworks/robotics_v1/install/ur_controllers/lib:/home/parallels/CLionProjects/Homeworks/robotics_v1/install/ur_dashboard_msgs/lib:/home/parallels/CLionProjects/Homeworks/robotics_v1/install/ur_client_library/lib:/home/parallels/CLionProjects/Homeworks/robotics_v1/install/robo_miner_interfaces/lib:/home/parallels/CLionProjects/Homeworks/robotics_v1/install/robo_cleaner_interfaces/lib:/opt/ros/foxy/opt/yaml_cpp_vendor/lib:/opt/ros/foxy/opt/rviz_ogre_vendor/lib:/opt/ros/foxy/lib/aarch64-linux-gnu:/opt/ros/foxy/lib'), ('HOME', '/home/parallels'), ('OLDPWD', '/home/parallels/CLionProjects/Homeworks/robotics_v1'), ('DESKTOP_SESSION', 'ubuntu'), ('LSCOLORS', 'BhBadxdxCxegedabagacad'), ('GTK_MODULES', 'gail:atk-bridge'), ('GNOME_SHELL_SESSION_MODE', 'ubuntu'), ('ROS_PYTHON_VERSION', '3'), ('MANAGERPID', '1043'), ('LC_CTYPE', 'C.UTF-8'), ('DBUS_SESSION_BUS_ADDRESS', 'unix:path=/run/user/1000/bus'), ('COLORTERM', 'truecolor'), ('IM_CONFIG_PHASE', '1'), ('ROS_DISTRO', 'foxy'), ('COLCON_PREFIX_PATH', '/home/parallels/CLionProjects/Homeworks/robotics_v1/install'), ('LOGNAME', 'parallels'), ('_', '/usr/bin/colcon'), ('JOURNAL_STREAM', '8:30598'), ('XDG_SESSION_CLASS', 'user'), ('ROS_VERSION', '2'), ('PKG_CONFIG_PATH', '/home/parallels/CLionProjects/Homeworks/robotics_v1/install/ros2_game_engine/lib/aarch64-linux-gnu/pkgconfig:/home/parallels/CLionProjects/Homeworks/robotics_v1/install/ros2_game_engine/lib/pkgconfig:/home/parallels/CLionProjects/Homeworks/robotics_v1/install/robo_common/lib/aarch64-linux-gnu/pkgconfig:/home/parallels/CLionProjects/Homeworks/robotics_v1/install/robo_common/lib/pkgconfig:/home/parallels/CLionProjects/Homeworks/robotics_v1/install/game_engine/lib/aarch64-linux-gnu/pkgconfig:/home/parallels/CLionProjects/Homeworks/robotics_v1/install/game_engine/lib/pkgconfig:/home/parallels/CLionProjects/Homeworks/robotics_v1/install/manager_utils/lib/aarch64-linux-gnu/pkgconfig:/home/parallels/CLionProjects/Homeworks/robotics_v1/install/manager_utils/lib/pkgconfig:/home/parallels/CLionProjects/Homeworks/robotics_v1/install/sdl_utils/lib/aarch64-linux-gnu/pkgconfig:/home/parallels/CLionProjects/Homeworks/robotics_v1/install/sdl_utils/lib/pkgconfig:/home/parallels/CLionProjects/Homeworks/robotics_v1/install/resource_utils/lib/aarch64-linux-gnu/pkgconfig:/home/parallels/CLionProjects/Homeworks/robotics_v1/install/resource_utils/lib/pkgconfig:/home/parallels/CLionProjects/Homeworks/robotics_v1/install/utils/lib/aarch64-linux-gnu/pkgconfig:/home/parallels/CLionProjects/Homeworks/robotics_v1/install/utils/lib/pkgconfig:/home/parallels/CLionProjects/Homeworks/robotics_v1/install/cmake_helpers/lib/aarch64-linux-gnu/pkgconfig:/home/parallels/CLionProjects/Homeworks/robotics_v1/install/cmake_helpers/lib/pkgconfig:/home/parallels/CLionProjects/Homeworks/robotics_v1/install/resource_builder/lib/aarch64-linux-gnu/pkgconfig:/home/parallels/CLionProjects/Homeworks/robotics_v1/install/resource_builder/lib/pkgconfig:/home/parallels/CLionProjects/Homeworks/robotics_v1/install/ur_client_library/lib/aarch64-linux-gnu/pkgconfig:/home/parallels/CLionProjects/Homeworks/robotics_v1/install/ur_client_library/lib/pkgconfig'), ('USERNAME', 'parallels'), ('TERM', 'xterm-256color'), ('GNOME_DESKTOP_SESSION_ID', 'this-is-deprecated'), ('ROS_LOCALHOST_ONLY', '0'), ('WINDOWPATH', '2'), ('PATH', '/home/parallels/CLionProjects/Homeworks/robotics_v1/install/resource_builder/bin:/home/parallels/CLionProjects/Homeworks/robotics_v1/install/ur_robot_driver/bin:/opt/ros/foxy/bin:/opt/homebrew/opt/llvm/bin:/usr/local/sbin:/usr/local/bin:/usr/sbin:/usr/bin:/sbin:/bin:/usr/games:/usr/local/games:/snap/bin'), ('SESSION_MANAGER', 'local/ubuntu-linux-20-04-desktop:@/tmp/.ICE-unix/1813,unix/ubuntu-linux-20-04-desktop:/tmp/.ICE-unix/1813'), ('INVOCATION_ID', '90582388c2e34a5d829a910f192736d3'), ('GNOME_TERMINAL_SCREEN', '/org/gnome/Terminal/screen/1ad1254e_a461_4972_a843_d1232bd33f75'), ('XDG_MENU_PREFIX', 'gnome-'), ('XDG_RUNTIME_DIR', '/run/user/1000'), ('DISPLAY', ':0'), ('XDG_CURRENT_DESKTOP', 'ubuntu:GNOME'), ('LANG', 'en__US.UTF-8'), ('XDG_SESSION_DESKTOP', 'ubuntu'), ('GNOME_TERMINAL_SERVICE', ':1.79'), ('XMODIFIERS', '@im=ibus'), ('XAUTHORITY', '/run/user/1000/gdm/Xauthority'), ('SSH_AUTH_SOCK', '/run/user/1000/keyring/ssh'), ('AMENT_PREFIX_PATH', '/home/parallels/CLionProjects/Homeworks/robotics_v1/install/urscript_bridge:/home/parallels/CLionProjects/Homeworks/robotics_v1/install/ur_control_gui:/home/parallels/CLionProjects/Homeworks/robotics_v1/install/urscript_common:/home/parallels/CLionProjects/Homeworks/robotics_v1/install/robo_miner_gui:/home/parallels/CLionProjects/Homeworks/robotics_v1/install/robo_collector_gui:/home/parallels/CLionProjects/Homeworks/robotics_v1/install/robo_collector_controller:/home/parallels/CLionProjects/Homeworks/robotics_v1/install/robo_cleaner_gui:/home/parallels/CLionProjects/Homeworks/robotics_v1/install/robo_miner_common:/home/parallels/CLionProjects/Homeworks/robotics_v1/install/robo_collector_common:/home/parallels/CLionProjects/Homeworks/robotics_v1/install/robo_cleaner_common:/home/parallels/CLionProjects/Homeworks/robotics_v1/install/urscript_interfaces:/home/parallels/CLionProjects/Homeworks/robotics_v1/install/ur_robot_driver:/home/parallels/CLionProjects/Homeworks/robotics_v1/install/ur_moveit_config:/home/parallels/CLionProjects/Homeworks/robotics_v1/install/ur_description:/home/parallels/CLionProjects/Homeworks/robotics_v1/install/ur_controllers:/home/parallels/CLionProjects/Homeworks/robotics_v1/install/ur_dashboard_msgs:/home/parallels/CLionProjects/Homeworks/robotics_v1/install/ur_bringup:/home/parallels/CLionProjects/Homeworks/robotics_v1/install/robo_miner_interfaces:/home/parallels/CLionProjects/Homeworks/robotics_v1/install/robo_collector_interfaces:/home/parallels/CLionProjects/Homeworks/robotics_v1/install/robo_collector_bringup:/home/parallels/CLionProjects/Homeworks/robotics_v1/install/robo_cleaner_interfaces:/opt/ros/foxy'), ('SHELL', '/usr/bin/zsh'), ('QT_ACCESSIBILITY', '1'), ('GDMSESSION', 'ubuntu'), ('GPG_AGENT_INFO', '/run/user/1000/gnupg/S.gpg-agent:0:1'), ('GJS_DEBUG_OUTPUT', 'stderr'), ('QT_IM_MODULE', 'ibus'), ('PWD', '/home/parallels/CLionProjects/Homeworks/robotics_v1/build/robo_collector_controller'), ('CLICOLOR', '1'), ('XDG_CONFIG_DIRS', '/etc/xdg/xdg-ubuntu:/etc/xdg'), ('XDG_DATA_DIRS', '/usr/share/ubuntu:/usr/local/share/:/usr/share/:/var/lib/snapd/desktop'), ('PYTHONPATH', '/home/parallels/CLionProjects/Homeworks/robotics_v1/install/robo_collector_interfaces/lib/python3.8/site-packages:/home/parallels/CLionProjects/Homeworks/robotics_v1/install/urscript_interfaces/lib/python3.8/site-packages:/home/parallels/CLionProjects/Homeworks/robotics_v1/install/ur_dashboard_msgs/lib/python3.8/site-packages:/home/parallels/CLionProjects/Homeworks/robotics_v1/install/robo_miner_interfaces/lib/python3.8/site-packages:/home/parallels/CLionProjects/Homeworks/robotics_v1/install/robo_cleaner_interfaces/lib/python3.8/site-packages:/opt/ros/foxy/lib/python3.8/site-packages'), ('COLCON', '1'), ('VTE_VERSION', '6003'), ('CMAKE_PREFIX_PATH', '/home/parallels/CLionProjects/Homeworks/robotics_v1/install/ros2_game_engine:/home/parallels/CLionProjects/Homeworks/robotics_v1/install/robo_collector_common:/home/parallels/CLionProjects/Homeworks/robotics_v1/install/robo_common:/home/parallels/CLionProjects/Homeworks/robotics_v1/install/game_engine:/home/parallels/CLionProjects/Homeworks/robotics_v1/install/manager_utils:/home/parallels/CLionProjects/Homeworks/robotics_v1/install/sdl_utils:/home/parallels/CLionProjects/Homeworks/robotics_v1/install/resource_utils:/home/parallels/CLionProjects/Homeworks/robotics_v1/install/utils:/home/parallels/CLionProjects/Homeworks/robotics_v1/install/robo_collector_interfaces:/home/parallels/CLionProjects/Homeworks/robotics_v1/install/cmake_helpers:/home/parallels/CLionProjects/Homeworks/robotics_v1/install/urscript_bridge:/home/parallels/CLionProjects/Homeworks/robotics_v1/install/ur_control_gui:/home/parallels/CLionProjects/Homeworks/robotics_v1/install/urscript_common:/home/parallels/CLionProjects/Homeworks/robotics_v1/install/robo_miner_gui:/home/parallels/CLionProjects/Homeworks/robotics_v1/install/robo_collector_gui:/home/parallels/CLionProjects/Homeworks/robotics_v1/install/robo_collector_controller:/home/parallels/CLionProjects/Homeworks/robotics_v1/install/robo_cleaner_gui:/home/parallels/CLionProjects/Homeworks/robotics_v1/install/robo_miner_common:/home/parallels/CLionProjects/Homeworks/robotics_v1/install/robo_cleaner_common:/home/parallels/CLionProjects/Homeworks/robotics_v1/install/resource_builder:/home/parallels/CLionProjects/Homeworks/robotics_v1/install/urscript_interfaces:/home/parallels/CLionProjects/Homeworks/robotics_v1/install/ur_robot_driver:/home/parallels/CLionProjects/Homeworks/robotics_v1/install/ur_moveit_config:/home/parallels/CLionProjects/Homeworks/robotics_v1/install/ur_description:/home/parallels/CLionProjects/Homeworks/robotics_v1/install/ur_controllers:/home/parallels/CLionProjects/Homeworks/robotics_v1/install/ur_dashboard_msgs:/home/parallels/CLionProjects/Homeworks/robotics_v1/install/ur_client_library:/home/parallels/CLionProjects/Homeworks/robotics_v1/install/ur_bringup:/home/parallels/CLionProjects/Homeworks/robotics_v1/install/robo_miner_interfaces:/home/parallels/CLionProjects/Homeworks/robotics_v1/install/robo_collector_bringup:/home/parallels/CLionProjects/Homeworks/robotics_v1/install/robo_cleaner_interfaces:/opt/ros/foxy')]), 'shell': False}
[3.535706] (-) TimerEvent: {}
[3.551314] (robo_collector_controller) StdoutLine: {'line': b'\x1b[35m\x1b[1mScanning dependencies of target robo_collector_controller\x1b[0m\n'}
[3.592501] (robo_collector_controller) StdoutLine: {'line': b'[ 18%] \x1b[32mBuilding CXX object CMakeFiles/robo_collector_controller.dir/src/RoboCollectorController.cpp.o\x1b[0m\n'}
[3.592793] (robo_collector_controller) StdoutLine: {'line': b'[ 36%] \x1b[32mBuilding CXX object CMakeFiles/robo_collector_controller.dir/src/helpers/RoboCollectorControllerBuilder.cpp.o\x1b[0m\n'}
[3.592879] (robo_collector_controller) StdoutLine: {'line': b'[ 36%] \x1b[32mBuilding CXX object CMakeFiles/robo_collector_controller.dir/src/external_api/CollectorGuiExternalBridge.cpp.o\x1b[0m\n'}
[3.592955] (robo_collector_controller) StdoutLine: {'line': b'[ 18%] \x1b[32mBuilding CXX object CMakeFiles/robo_collector_controller.dir/src/main.cpp.o\x1b[0m\n'}
[3.635814] (-) TimerEvent: {}
[3.736085] (-) TimerEvent: {}
[3.836392] (-) TimerEvent: {}
[3.936679] (-) TimerEvent: {}
[4.037026] (-) TimerEvent: {}
[4.139052] (-) TimerEvent: {}
[4.239402] (-) TimerEvent: {}
[4.339702] (-) TimerEvent: {}
[4.440088] (-) TimerEvent: {}
[4.540508] (-) TimerEvent: {}
[4.574870] (robo_collector_controller) StdoutLine: {'line': b'[ 45%] \x1b[32mBuilding CXX object CMakeFiles/robo_collector_controller.dir/src/helpers/RoboCollectorControllerInitHelper.cpp.o\x1b[0m\n'}
[4.640654] (-) TimerEvent: {}
[4.741719] (-) TimerEvent: {}
[4.842501] (-) TimerEvent: {}
[4.943051] (-) TimerEvent: {}
[5.043766] (-) TimerEvent: {}
[5.144349] (-) TimerEvent: {}
[5.245368] (-) TimerEvent: {}
[5.345763] (-) TimerEvent: {}
[5.446703] (-) TimerEvent: {}
[5.547018] (-) TimerEvent: {}
[5.647628] (-) TimerEvent: {}
[5.748453] (-) TimerEvent: {}
[5.849264] (-) TimerEvent: {}
[5.950042] (-) TimerEvent: {}
[6.050490] (-) TimerEvent: {}
[6.150995] (-) TimerEvent: {}
[6.251654] (-) TimerEvent: {}
[6.352683] (-) TimerEvent: {}
[6.453006] (-) TimerEvent: {}
[6.554709] (-) TimerEvent: {}
[6.655224] (-) TimerEvent: {}
[6.755942] (-) TimerEvent: {}
[6.856295] (-) TimerEvent: {}
[6.959145] (-) TimerEvent: {}
[7.060422] (-) TimerEvent: {}
[7.165771] (-) TimerEvent: {}
[7.266089] (-) TimerEvent: {}
[7.366591] (-) TimerEvent: {}
[7.467369] (-) TimerEvent: {}
[7.568677] (-) TimerEvent: {}
[7.668985] (-) TimerEvent: {}
[7.769764] (-) TimerEvent: {}
[7.850172] (robo_collector_controller) StdoutLine: {'line': b'[ 54%] \x1b[32m\x1b[1mLinking CXX executable robo_collector_controller\x1b[0m\n'}
[7.869905] (-) TimerEvent: {}
[7.970341] (-) TimerEvent: {}
[8.070790] (-) TimerEvent: {}
[8.150793] (robo_collector_controller) StdoutLine: {'line': b'[100%] Built target robo_collector_controller\n'}
[8.160567] (robo_collector_controller) CommandEnded: {'returncode': 0}
[8.170942] (-) TimerEvent: {}
[8.205534] (robo_collector_controller) JobProgress: {'identifier': 'robo_collector_controller', 'progress': 'install'}
[8.216430] (robo_collector_controller) Command: {'cmd': ['/usr/bin/cmake', '--install', '/home/parallels/CLionProjects/Homeworks/robotics_v1/build/robo_collector_controller'], 'cwd': '/home/parallels/CLionProjects/Homeworks/robotics_v1/build/robo_collector_controller', 'env': OrderedDict([('GJS_DEBUG_TOPICS', 'JS ERROR;JS LOG'), ('USER', 'parallels'), ('SSH_AGENT_PID', '1749'), ('XDG_SESSION_TYPE', 'x11'), ('SHLVL', '1'), ('LD_LIBRARY_PATH', '/home/parallels/CLionProjects/Homeworks/robotics_v1/install/robo_collector_interfaces/lib:/home/parallels/CLionProjects/Homeworks/robotics_v1/install/urscript_interfaces/lib:/home/parallels/CLionProjects/Homeworks/robotics_v1/install/ur_robot_driver/lib:/home/parallels/CLionProjects/Homeworks/robotics_v1/install/ur_controllers/lib:/home/parallels/CLionProjects/Homeworks/robotics_v1/install/ur_dashboard_msgs/lib:/home/parallels/CLionProjects/Homeworks/robotics_v1/install/ur_client_library/lib:/home/parallels/CLionProjects/Homeworks/robotics_v1/install/robo_miner_interfaces/lib:/home/parallels/CLionProjects/Homeworks/robotics_v1/install/robo_cleaner_interfaces/lib:/opt/ros/foxy/opt/yaml_cpp_vendor/lib:/opt/ros/foxy/opt/rviz_ogre_vendor/lib:/opt/ros/foxy/lib/aarch64-linux-gnu:/opt/ros/foxy/lib'), ('HOME', '/home/parallels'), ('OLDPWD', '/home/parallels/CLionProjects/Homeworks/robotics_v1'), ('DESKTOP_SESSION', 'ubuntu'), ('LSCOLORS', 'BhBadxdxCxegedabagacad'), ('GTK_MODULES', 'gail:atk-bridge'), ('GNOME_SHELL_SESSION_MODE', 'ubuntu'), ('ROS_PYTHON_VERSION', '3'), ('MANAGERPID', '1043'), ('LC_CTYPE', 'C.UTF-8'), ('DBUS_SESSION_BUS_ADDRESS', 'unix:path=/run/user/1000/bus'), ('COLORTERM', 'truecolor'), ('IM_CONFIG_PHASE', '1'), ('ROS_DISTRO', 'foxy'), ('COLCON_PREFIX_PATH', '/home/parallels/CLionProjects/Homeworks/robotics_v1/install'), ('LOGNAME', 'parallels'), ('_', '/usr/bin/colcon'), ('JOURNAL_STREAM', '8:30598'), ('XDG_SESSION_CLASS', 'user'), ('ROS_VERSION', '2'), ('PKG_CONFIG_PATH', '/home/parallels/CLionProjects/Homeworks/robotics_v1/install/ros2_game_engine/lib/aarch64-linux-gnu/pkgconfig:/home/parallels/CLionProjects/Homeworks/robotics_v1/install/ros2_game_engine/lib/pkgconfig:/home/parallels/CLionProjects/Homeworks/robotics_v1/install/robo_common/lib/aarch64-linux-gnu/pkgconfig:/home/parallels/CLionProjects/Homeworks/robotics_v1/install/robo_common/lib/pkgconfig:/home/parallels/CLionProjects/Homeworks/robotics_v1/install/game_engine/lib/aarch64-linux-gnu/pkgconfig:/home/parallels/CLionProjects/Homeworks/robotics_v1/install/game_engine/lib/pkgconfig:/home/parallels/CLionProjects/Homeworks/robotics_v1/install/manager_utils/lib/aarch64-linux-gnu/pkgconfig:/home/parallels/CLionProjects/Homeworks/robotics_v1/install/manager_utils/lib/pkgconfig:/home/parallels/CLionProjects/Homeworks/robotics_v1/install/sdl_utils/lib/aarch64-linux-gnu/pkgconfig:/home/parallels/CLionProjects/Homeworks/robotics_v1/install/sdl_utils/lib/pkgconfig:/home/parallels/CLionProjects/Homeworks/robotics_v1/install/resource_utils/lib/aarch64-linux-gnu/pkgconfig:/home/parallels/CLionProjects/Homeworks/robotics_v1/install/resource_utils/lib/pkgconfig:/home/parallels/CLionProjects/Homeworks/robotics_v1/install/utils/lib/aarch64-linux-gnu/pkgconfig:/home/parallels/CLionProjects/Homeworks/robotics_v1/install/utils/lib/pkgconfig:/home/parallels/CLionProjects/Homeworks/robotics_v1/install/cmake_helpers/lib/aarch64-linux-gnu/pkgconfig:/home/parallels/CLionProjects/Homeworks/robotics_v1/install/cmake_helpers/lib/pkgconfig:/home/parallels/CLionProjects/Homeworks/robotics_v1/install/resource_builder/lib/aarch64-linux-gnu/pkgconfig:/home/parallels/CLionProjects/Homeworks/robotics_v1/install/resource_builder/lib/pkgconfig:/home/parallels/CLionProjects/Homeworks/robotics_v1/install/ur_client_library/lib/aarch64-linux-gnu/pkgconfig:/home/parallels/CLionProjects/Homeworks/robotics_v1/install/ur_client_library/lib/pkgconfig'), ('USERNAME', 'parallels'), ('TERM', 'xterm-256color'), ('GNOME_DESKTOP_SESSION_ID', 'this-is-deprecated'), ('ROS_LOCALHOST_ONLY', '0'), ('WINDOWPATH', '2'), ('PATH', '/home/parallels/CLionProjects/Homeworks/robotics_v1/install/resource_builder/bin:/home/parallels/CLionProjects/Homeworks/robotics_v1/install/ur_robot_driver/bin:/opt/ros/foxy/bin:/opt/homebrew/opt/llvm/bin:/usr/local/sbin:/usr/local/bin:/usr/sbin:/usr/bin:/sbin:/bin:/usr/games:/usr/local/games:/snap/bin'), ('SESSION_MANAGER', 'local/ubuntu-linux-20-04-desktop:@/tmp/.ICE-unix/1813,unix/ubuntu-linux-20-04-desktop:/tmp/.ICE-unix/1813'), ('INVOCATION_ID', '90582388c2e34a5d829a910f192736d3'), ('GNOME_TERMINAL_SCREEN', '/org/gnome/Terminal/screen/1ad1254e_a461_4972_a843_d1232bd33f75'), ('XDG_MENU_PREFIX', 'gnome-'), ('XDG_RUNTIME_DIR', '/run/user/1000'), ('DISPLAY', ':0'), ('XDG_CURRENT_DESKTOP', 'ubuntu:GNOME'), ('LANG', 'en__US.UTF-8'), ('XDG_SESSION_DESKTOP', 'ubuntu'), ('GNOME_TERMINAL_SERVICE', ':1.79'), ('XMODIFIERS', '@im=ibus'), ('XAUTHORITY', '/run/user/1000/gdm/Xauthority'), ('SSH_AUTH_SOCK', '/run/user/1000/keyring/ssh'), ('AMENT_PREFIX_PATH', '/home/parallels/CLionProjects/Homeworks/robotics_v1/install/urscript_bridge:/home/parallels/CLionProjects/Homeworks/robotics_v1/install/ur_control_gui:/home/parallels/CLionProjects/Homeworks/robotics_v1/install/urscript_common:/home/parallels/CLionProjects/Homeworks/robotics_v1/install/robo_miner_gui:/home/parallels/CLionProjects/Homeworks/robotics_v1/install/robo_collector_gui:/home/parallels/CLionProjects/Homeworks/robotics_v1/install/robo_collector_controller:/home/parallels/CLionProjects/Homeworks/robotics_v1/install/robo_cleaner_gui:/home/parallels/CLionProjects/Homeworks/robotics_v1/install/robo_miner_common:/home/parallels/CLionProjects/Homeworks/robotics_v1/install/robo_collector_common:/home/parallels/CLionProjects/Homeworks/robotics_v1/install/robo_cleaner_common:/home/parallels/CLionProjects/Homeworks/robotics_v1/install/urscript_interfaces:/home/parallels/CLionProjects/Homeworks/robotics_v1/install/ur_robot_driver:/home/parallels/CLionProjects/Homeworks/robotics_v1/install/ur_moveit_config:/home/parallels/CLionProjects/Homeworks/robotics_v1/install/ur_description:/home/parallels/CLionProjects/Homeworks/robotics_v1/install/ur_controllers:/home/parallels/CLionProjects/Homeworks/robotics_v1/install/ur_dashboard_msgs:/home/parallels/CLionProjects/Homeworks/robotics_v1/install/ur_bringup:/home/parallels/CLionProjects/Homeworks/robotics_v1/install/robo_miner_interfaces:/home/parallels/CLionProjects/Homeworks/robotics_v1/install/robo_collector_interfaces:/home/parallels/CLionProjects/Homeworks/robotics_v1/install/robo_collector_bringup:/home/parallels/CLionProjects/Homeworks/robotics_v1/install/robo_cleaner_interfaces:/opt/ros/foxy'), ('SHELL', '/usr/bin/zsh'), ('QT_ACCESSIBILITY', '1'), ('GDMSESSION', 'ubuntu'), ('GPG_AGENT_INFO', '/run/user/1000/gnupg/S.gpg-agent:0:1'), ('GJS_DEBUG_OUTPUT', 'stderr'), ('QT_IM_MODULE', 'ibus'), ('PWD', '/home/parallels/CLionProjects/Homeworks/robotics_v1/build/robo_collector_controller'), ('CLICOLOR', '1'), ('XDG_CONFIG_DIRS', '/etc/xdg/xdg-ubuntu:/etc/xdg'), ('XDG_DATA_DIRS', '/usr/share/ubuntu:/usr/local/share/:/usr/share/:/var/lib/snapd/desktop'), ('PYTHONPATH', '/home/parallels/CLionProjects/Homeworks/robotics_v1/install/robo_collector_interfaces/lib/python3.8/site-packages:/home/parallels/CLionProjects/Homeworks/robotics_v1/install/urscript_interfaces/lib/python3.8/site-packages:/home/parallels/CLionProjects/Homeworks/robotics_v1/install/ur_dashboard_msgs/lib/python3.8/site-packages:/home/parallels/CLionProjects/Homeworks/robotics_v1/install/robo_miner_interfaces/lib/python3.8/site-packages:/home/parallels/CLionProjects/Homeworks/robotics_v1/install/robo_cleaner_interfaces/lib/python3.8/site-packages:/opt/ros/foxy/lib/python3.8/site-packages'), ('COLCON', '1'), ('VTE_VERSION', '6003'), ('CMAKE_PREFIX_PATH', '/home/parallels/CLionProjects/Homeworks/robotics_v1/install/ros2_game_engine:/home/parallels/CLionProjects/Homeworks/robotics_v1/install/robo_collector_common:/home/parallels/CLionProjects/Homeworks/robotics_v1/install/robo_common:/home/parallels/CLionProjects/Homeworks/robotics_v1/install/game_engine:/home/parallels/CLionProjects/Homeworks/robotics_v1/install/manager_utils:/home/parallels/CLionProjects/Homeworks/robotics_v1/install/sdl_utils:/home/parallels/CLionProjects/Homeworks/robotics_v1/install/resource_utils:/home/parallels/CLionProjects/Homeworks/robotics_v1/install/utils:/home/parallels/CLionProjects/Homeworks/robotics_v1/install/robo_collector_interfaces:/home/parallels/CLionProjects/Homeworks/robotics_v1/install/cmake_helpers:/home/parallels/CLionProjects/Homeworks/robotics_v1/install/urscript_bridge:/home/parallels/CLionProjects/Homeworks/robotics_v1/install/ur_control_gui:/home/parallels/CLionProjects/Homeworks/robotics_v1/install/urscript_common:/home/parallels/CLionProjects/Homeworks/robotics_v1/install/robo_miner_gui:/home/parallels/CLionProjects/Homeworks/robotics_v1/install/robo_collector_gui:/home/parallels/CLionProjects/Homeworks/robotics_v1/install/robo_collector_controller:/home/parallels/CLionProjects/Homeworks/robotics_v1/install/robo_cleaner_gui:/home/parallels/CLionProjects/Homeworks/robotics_v1/install/robo_miner_common:/home/parallels/CLionProjects/Homeworks/robotics_v1/install/robo_cleaner_common:/home/parallels/CLionProjects/Homeworks/robotics_v1/install/resource_builder:/home/parallels/CLionProjects/Homeworks/robotics_v1/install/urscript_interfaces:/home/parallels/CLionProjects/Homeworks/robotics_v1/install/ur_robot_driver:/home/parallels/CLionProjects/Homeworks/robotics_v1/install/ur_moveit_config:/home/parallels/CLionProjects/Homeworks/robotics_v1/install/ur_description:/home/parallels/CLionProjects/Homeworks/robotics_v1/install/ur_controllers:/home/parallels/CLionProjects/Homeworks/robotics_v1/install/ur_dashboard_msgs:/home/parallels/CLionProjects/Homeworks/robotics_v1/install/ur_client_library:/home/parallels/CLionProjects/Homeworks/robotics_v1/install/ur_bringup:/home/parallels/CLionProjects/Homeworks/robotics_v1/install/robo_miner_interfaces:/home/parallels/CLionProjects/Homeworks/robotics_v1/install/robo_collector_bringup:/home/parallels/CLionProjects/Homeworks/robotics_v1/install/robo_cleaner_interfaces:/opt/ros/foxy')]), 'shell': False}
[8.224592] (robo_collector_controller) StdoutLine: {'line': b'-- Install configuration: "RelWithDebInfo"\n'}
[8.225088] (robo_collector_controller) StdoutLine: {'line': b'-- Execute custom install script\n'}
[8.225317] (robo_collector_controller) StdoutLine: {'line': b'-- Up-to-date symlink: /home/parallels/CLionProjects/Homeworks/robotics_v1/install/robo_collector_controller/share/robo_collector_controller/package.xml\n'}
[8.225695] (robo_collector_controller) StdoutLine: {'line': b'-- Up-to-date symlink: /home/parallels/CLionProjects/Homeworks/robotics_v1/install/robo_collector_controller/share/robo_collector_controller//launch/launch.py\n'}
[8.225977] (robo_collector_controller) StdoutLine: {'line': b'-- Up-to-date symlink: /home/parallels/CLionProjects/Homeworks/robotics_v1/install/robo_collector_controller/share/robo_collector_controller//config/params.yaml\n'}
[8.226274] (robo_collector_controller) StdoutLine: {'line': b'-- Up-to-date symlink: /home/parallels/CLionProjects/Homeworks/robotics_v1/install/robo_collector_controller/lib/robo_collector_controller/robo_collector_controller\n'}
[8.226445] (robo_collector_controller) StdoutLine: {'line': b'-- Symlinking: /home/parallels/CLionProjects/Homeworks/robotics_v1/install/robo_collector_controller/share/ament_index/resource_index/packages/robo_collector_controller\n'}
[8.237025] (robo_collector_controller) StdoutLine: {'line': b'-- Up-to-date symlink: /home/parallels/CLionProjects/Homeworks/robotics_v1/install/robo_collector_controller/share/robo_collector_controller/hook/ament_prefix_path.dsv\n'}
[8.237214] (robo_collector_controller) StdoutLine: {'line': b'-- Up-to-date symlink: /home/parallels/CLionProjects/Homeworks/robotics_v1/install/robo_collector_controller/share/robo_collector_controller/hook/ros_package_path.dsv\n'}
[8.237378] (robo_collector_controller) StdoutLine: {'line': b'-- Up-to-date symlink: /home/parallels/CLionProjects/Homeworks/robotics_v1/install/robo_collector_controller/share/ament_index/resource_index/package_run_dependencies/robo_collector_controller\n'}
[8.237547] (robo_collector_controller) StdoutLine: {'line': b'-- Up-to-date symlink: /home/parallels/CLionProjects/Homeworks/robotics_v1/install/robo_collector_controller/share/ament_index/resource_index/parent_prefix_path/robo_collector_controller\n'}
[8.237724] (robo_collector_controller) StdoutLine: {'line': b'-- Up-to-date symlink: /home/parallels/CLionProjects/Homeworks/robotics_v1/install/robo_collector_controller/share/robo_collector_controller/environment/ament_prefix_path.sh\n'}
[8.237918] (robo_collector_controller) StdoutLine: {'line': b'-- Up-to-date symlink: /home/parallels/CLionProjects/Homeworks/robotics_v1/install/robo_collector_controller/share/robo_collector_controller/environment/ament_prefix_path.dsv\n'}
[8.238164] (robo_collector_controller) StdoutLine: {'line': b'-- Up-to-date symlink: /home/parallels/CLionProjects/Homeworks/robotics_v1/install/robo_collector_controller/share/robo_collector_controller/environment/path.sh\n'}
[8.238313] (robo_collector_controller) StdoutLine: {'line': b'-- Up-to-date symlink: /home/parallels/CLionProjects/Homeworks/robotics_v1/install/robo_collector_controller/share/robo_collector_controller/environment/path.dsv\n'}
[8.238499] (robo_collector_controller) StdoutLine: {'line': b'-- Up-to-date symlink: /home/parallels/CLionProjects/Homeworks/robotics_v1/install/robo_collector_controller/share/robo_collector_controller/local_setup.bash\n'}
[8.238646] (robo_collector_controller) StdoutLine: {'line': b'-- Up-to-date symlink: /home/parallels/CLionProjects/Homeworks/robotics_v1/install/robo_collector_controller/share/robo_collector_controller/local_setup.sh\n'}
[8.238808] (robo_collector_controller) StdoutLine: {'line': b'-- Up-to-date symlink: /home/parallels/CLionProjects/Homeworks/robotics_v1/install/robo_collector_controller/share/robo_collector_controller/local_setup.zsh\n'}
[8.238958] (robo_collector_controller) StdoutLine: {'line': b'-- Up-to-date symlink: /home/parallels/CLionProjects/Homeworks/robotics_v1/install/robo_collector_controller/share/robo_collector_controller/local_setup.dsv\n'}
[8.239101] (robo_collector_controller) StdoutLine: {'line': b'-- Symlinking: /home/parallels/CLionProjects/Homeworks/robotics_v1/install/robo_collector_controller/share/robo_collector_controller/package.dsv\n'}
[8.247233] (robo_collector_controller) StdoutLine: {'line': b'-- Symlinking: /home/parallels/CLionProjects/Homeworks/robotics_v1/install/robo_collector_controller/share/ament_index/resource_index/packages/robo_collector_controller\n'}
[8.254919] (robo_collector_controller) StdoutLine: {'line': b'-- Up-to-date symlink: /home/parallels/CLionProjects/Homeworks/robotics_v1/install/robo_collector_controller/share/robo_collector_controller/cmake/robo_collector_controllerConfig.cmake\n'}
[8.255060] (robo_collector_controller) StdoutLine: {'line': b'-- Up-to-date symlink: /home/parallels/CLionProjects/Homeworks/robotics_v1/install/robo_collector_controller/share/robo_collector_controller/cmake/robo_collector_controllerConfig-version.cmake\n'}
[8.255180] (robo_collector_controller) StdoutLine: {'line': b'-- Up-to-date symlink: /home/parallels/CLionProjects/Homeworks/robotics_v1/install/robo_collector_controller/share/robo_collector_controller/package.xml\n'}
[8.255650] (robo_collector_controller) StdoutLine: {'line': b'-- Up-to-date symlink: /home/parallels/CLionProjects/Homeworks/robotics_v1/install/robo_collector_controller/share/robo_collector_controller/resources//RoboCollectorController.rsrc\n'}
[8.255766] (robo_collector_controller) StdoutLine: {'line': b'-- Up-to-date symlink: /home/parallels/CLionProjects/Homeworks/robotics_v1/install/robo_collector_controller/share/robo_collector_controller/resources//f/vinque_rg_30.ttf\n'}
[8.255858] (robo_collector_controller) StdoutLine: {'line': b'-- Up-to-date symlink: /home/parallels/CLionProjects/Homeworks/robotics_v1/install/robo_collector_controller/share/robo_collector_controller/resources//generated/RoboCollectorControllerResources.h\n'}
[8.255988] (robo_collector_controller) StdoutLine: {'line': b'-- Up-to-date symlink: /home/parallels/CLionProjects/Homeworks/robotics_v1/install/robo_collector_controller/share/robo_collector_controller/resources//generated/RoboCollectorControllerResourcesDynamic.h\n'}
[8.256075] (robo_collector_controller) StdoutLine: {'line': b'-- Up-to-date symlink: /home/parallels/CLionProjects/Homeworks/robotics_v1/install/robo_collector_controller/share/robo_collector_controller/resources//generated/RoboCollectorControllerResourcesDynamicValues.h\n'}
[8.256179] (robo_collector_controller) StdoutLine: {'line': b'-- Up-to-date symlink: /home/parallels/CLionProjects/Homeworks/robotics_v1/install/robo_collector_controller/share/robo_collector_controller/resources//generated/fonts.bin\n'}
[8.256302] (robo_collector_controller) StdoutLine: {'line': b'-- Up-to-date symlink: /home/parallels/CLionProjects/Homeworks/robotics_v1/install/robo_collector_controller/share/robo_collector_controller/resources//generated/resources.bin\n'}
[8.256423] (robo_collector_controller) StdoutLine: {'line': b'-- Up-to-date symlink: /home/parallels/CLionProjects/Homeworks/robotics_v1/install/robo_collector_controller/share/robo_collector_controller/resources//generated/sounds.bin\n'}
[8.256536] (robo_collector_controller) StdoutLine: {'line': b'-- Up-to-date symlink: /home/parallels/CLionProjects/Homeworks/robotics_v1/install/robo_collector_controller/share/robo_collector_controller/resources//p/background/map.png\n'}
[8.256633] (robo_collector_controller) StdoutLine: {'line': b'-- Up-to-date symlink: /home/parallels/CLionProjects/Homeworks/robotics_v1/install/robo_collector_controller/share/robo_collector_controller/resources//p/buttons/help_button.png\n'}
[8.256747] (robo_collector_controller) StdoutLine: {'line': b'-- Up-to-date symlink: /home/parallels/CLionProjects/Homeworks/robotics_v1/install/robo_collector_controller/share/robo_collector_controller/resources//p/buttons/left_button.png\n'}
[8.256877] (robo_collector_controller) StdoutLine: {'line': b'-- Up-to-date symlink: /home/parallels/CLionProjects/Homeworks/robotics_v1/install/robo_collector_controller/share/robo_collector_controller/resources//p/buttons/right_button.png\n'}
[8.257002] (robo_collector_controller) StdoutLine: {'line': b'-- Up-to-date symlink: /home/parallels/CLionProjects/Homeworks/robotics_v1/install/robo_collector_controller/share/robo_collector_controller/resources//p/buttons/settings_button.png\n'}
[8.257168] (robo_collector_controller) StdoutLine: {'line': b'-- Up-to-date symlink: /home/parallels/CLionProjects/Homeworks/robotics_v1/install/robo_collector_controller/share/robo_collector_controller/resources//p/buttons/up_button.png\n'}
[8.257299] (robo_collector_controller) StdoutLine: {'line': b'-- Up-to-date symlink: /home/parallels/CLionProjects/Homeworks/robotics_v1/install/robo_collector_controller/share/robo_collector_controller/resources//p/icons/joystick.png\n'}
[8.257446] (robo_collector_controller) StdoutLine: {'line': b'-- Up-to-date symlink: /home/parallels/CLionProjects/Homeworks/robotics_v1/install/robo_collector_controller/share/robo_collector_controller/resources//p/panels/hor_delimiter.png\n'}
[8.257517] (robo_collector_controller) StdoutLine: {'line': b'-- Up-to-date symlink: /home/parallels/CLionProjects/Homeworks/robotics_v1/install/robo_collector_controller/share/robo_collector_controller/resources//p/panels/vert_delimiter.png\n'}
[8.259860] (robo_collector_controller) CommandEnded: {'returncode': 0}
[8.271061] (-) TimerEvent: {}
[8.322650] (robo_collector_controller) JobEnded: {'identifier': 'robo_collector_controller', 'rc': 0}
[8.323395] (-) EventReactorShutdown: {}
